{
  "stats": {
    "suites": 10,
    "tests": 48,
    "passes": 48,
    "pending": 0,
    "failures": 0,
    "start": "2021-07-18T10:48:48.648Z",
    "end": "2021-07-18T10:48:48.936Z",
    "duration": 288,
    "testsRegistered": 48,
    "passPercent": 100,
    "pendingPercent": 0,
    "other": 0,
    "hasOther": false,
    "skipped": 0,
    "hasSkipped": false
  },
  "results": [
    {
      "uuid": "99345523-f444-4f4f-89ec-746c657f754b",
      "title": "",
      "fullFile": "",
      "file": "",
      "beforeHooks": [],
      "afterHooks": [],
      "tests": [],
      "suites": [
        {
          "uuid": "0c6e2fad-6452-48a5-a3f6-3411b230ef21",
          "title": "initDirectories",
          "fullFile": "/home/runner/work/planwithus-lib/planwithus-lib/src/block/schemas.test.ts",
          "file": "/src/block/schemas.test.ts",
          "beforeHooks": [],
          "afterHooks": [],
          "tests": [
            {
              "title": "should parse all blocks with no errors",
              "fullTitle": "initDirectories should parse all blocks with no errors",
              "timedOut": false,
              "duration": 2,
              "state": "passed",
              "speed": "fast",
              "pass": true,
              "fail": false,
              "pending": false,
              "context": null,
              "code": "_1.initDirectories.should.not.throw()",
              "err": {},
              "uuid": "47f97d18-4f9b-4c1a-9c7b-e3710e3d4723",
              "parentUUID": "0c6e2fad-6452-48a5-a3f6-3411b230ef21",
              "isHook": false,
              "skipped": false
            },
            {
              "title": "should produce primary, second & minor directories",
              "fullTitle": "initDirectories should produce primary, second & minor directories",
              "timedOut": false,
              "duration": 2,
              "state": "passed",
              "speed": "fast",
              "pass": true,
              "fail": false,
              "pending": false,
              "context": null,
              "code": "const directories = _1.initDirectories();\ndirectories.should.have.property(\"primary\");\ndirectories.should.have.property(\"second\");\ndirectories.should.have.property(\"minor\");",
              "err": {},
              "uuid": "9da6ff9c-d6f9-4c04-85df-9197eed7ef4b",
              "parentUUID": "0c6e2fad-6452-48a5-a3f6-3411b230ef21",
              "isHook": false,
              "skipped": false
            }
          ],
          "suites": [],
          "passes": [
            "47f97d18-4f9b-4c1a-9c7b-e3710e3d4723",
            "9da6ff9c-d6f9-4c04-85df-9197eed7ef4b"
          ],
          "failures": [],
          "pending": [],
          "skipped": [],
          "duration": 4,
          "root": false,
          "rootEmpty": false,
          "_timeout": 2000
        },
        {
          "uuid": "cb24d75a-673e-4f29-b6cd-76ae4100c534",
          "title": "blockSchema",
          "fullFile": "/home/runner/work/planwithus-lib/planwithus-lib/src/block/schemas.test.ts",
          "file": "/src/block/schemas.test.ts",
          "beforeHooks": [],
          "afterHooks": [],
          "tests": [
            {
              "title": "should validate valid block",
              "fullTitle": "blockSchema should validate valid block",
              "timedOut": false,
              "duration": 167,
              "state": "passed",
              "speed": "slow",
              "pass": true,
              "fail": false,
              "pending": false,
              "context": "[\n  {\n    \"title\": \"block sample 0\",\n    \"value\": {\n      \"name\": \"\",\n      \"ay\": 2028,\n      \"assign\": \"\",\n      \"match\": [\n        {\n          \"or\": []\n        },\n        {\n          \"or\": []\n        },\n        {\n          \"pattern\": \"TG4\",\n          \"exclude\": \"HR1\",\n          \"info\": \"+04\"\n        },\n        {\n          \"pattern\": \"UG11*6\",\n          \"exclude\": [\n            \"JVMx667U\",\n            \"ID*x9\",\n            \"IUx129N\",\n            \"TOx84\"\n          ],\n          \"info\": \"aL=w=W\"\n        }\n      ],\n      \"satisfy\": [\n        {\n          \"and\": [\n            {\n              \"or\": []\n            },\n            {\n              \"mc\": \"<=7\"\n            }\n          ]\n        },\n        {\n          \"and\": [\n            {\n              \"or\": [\n                \"\",\n                {\n                  \"and\": [\n                    \"T&IXqtE|qi\",\n                    \"@N?Tt&4sg\"\n                  ]\n                },\n                \"\",\n                \"zW:O\",\n                \"l$N7ca*\"\n              ]\n            },\n            {\n              \"or\": []\n            },\n            {\n              \"or\": [\n                \"0=G /\",\n                \"\",\n                {\n                  \"and\": [\n                    \"5bcwmH\",\n                    \"(e\"\n                  ]\n                },\n                {\n                  \"mc\": \">=176\"\n                },\n                {\n                  \"and\": []\n                }\n              ]\n            },\n            \"puBw5:\"\n          ]\n        }\n      ],\n      \"url\": \"https://b6de466999dbkbwbwwcfbsdubya5qjjdbzj2c5c-fd5sdd96dy5wi.kyejfif0bd-dbtfv9rf8daeb8va2zb3ff7i19f9r0c8ke54fb67a-3ds197b54.cjb92.ags1g0bahjyfi.ozfchdbw/_%F1%95%B7%B51Q=%F0%97%8A%A7T/MPp/Iq\",\n      \"info\": \"h~In4^<x\"\n    }\n  },\n  {\n    \"title\": \"block sample 1\",\n    \"value\": {\n      \"ay\": 1954,\n      \"assign\": [\n        \"`a1z\",\n        \")-\"\n      ],\n      \"match\": {\n        \"or\": []\n      },\n      \"satisfy\": [],\n      \"url\": \"https://n.ysibfr//R6;hr+Bl7;/JN./fkh/@/yJ/)%F0%BA%B3%9F$\",\n      \"info\": \"\"\n    }\n  },\n  {\n    \"title\": \"block sample 2\",\n    \"value\": {\n      \"name\": \"\",\n      \"ay\": 2022,\n      \"assign\": [\n        \"Vu&w2C#)i\",\n        \"#2eQF#Aw7\",\n        \"}\"\n      ],\n      \"match\": {\n        \"or\": [\n          {\n            \"pattern\": \"WJK8M\",\n            \"info\": \"N\"\n          },\n          {\n            \"and\": [\n              {\n                \"and\": [\n                  {\n                    \"pattern\": \"OJL67\",\n                    \"exclude\": [\n                      \"XT78M\",\n                      \"FL330L\",\n                      \"XSI6\",\n                      \"ANH8Y\",\n                      \"SJC195\"\n                    ],\n                    \"info\": \"l\"\n                  }\n                ]\n              },\n              {\n                \"pattern\": \"SW4x3\",\n                \"exclude\": [\n                  \"EBL4\",\n                  \"EZ*\",\n                  \"LQ*1Q\",\n                  \"GN174\"\n                ],\n                \"info\": \"v\"\n              }\n            ]\n          },\n          {\n            \"and\": [\n              \"ISB0\",\n              \"AOS*4M\"\n            ]\n          },\n          {\n            \"or\": [\n              {\n                \"pattern\": \"JFF12xS\",\n                \"info\": \"Cz\"\n              },\n              {\n                \"and\": [\n                  \"YGO7\",\n                  {\n                    \"or\": []\n                  }\n                ]\n              },\n              {\n                \"and\": [\n                  {\n                    \"or\": [\n                      \"MVx4\",\n                      \"AC1x03\"\n                    ]\n                  },\n                  \"DBB6\",\n                  {\n                    \"or\": [\n                      {\n                        \"or\": [\n                          \"LZ*95\",\n                          \"BH11\",\n                          {\n                            \"pattern\": \"NT2X\",\n                            \"exclude\": [\n                              \"JM3\",\n                              \"DN084\"\n                            ],\n                            \"info\": \">z} S1>ERa\"\n                          },\n                          \"TP25I\"\n                        ]\n                      },\n                      {\n                        \"pattern\": \"QC*51L\",\n                        \"exclude\": \"BWT7x03F\"\n                      },\n                      {\n                        \"or\": [\n                          \"HG6477I\"\n                        ]\n                      },\n                      \"QAU860\",\n                      \"LW5399A\"\n                    ]\n                  }\n                ]\n              }\n            ]\n          }\n        ]\n      },\n      \"satisfy\": [\n        {\n          \"mc\": \">=103\"\n        }\n      ],\n      \"url\": \"https://h6y57zed778aglnx9excyvaurwfksc96v.0iisraduw01on43vr11prb777.0tuwpr8m8gtv1czz7tja.qnt0y7tzynwa1zprwbmh9icuji77qbdalgaewcptyrydw5nll7yx1g.1i9tvu.pbq/LrutMf=\",\n      \"info\": \"IOB\",\n      \"xq!)\": {\n        \"ay\": 1983,\n        \"assign\": [\n          \"J\\\\Vz\"\n        ],\n        \"match\": \"QB7V\",\n        \"satisfy\": \"Sr7\",\n        \"url\": \"http://9x9g25vlbw9axpf.tbdb6x1f5jd3s4zzrqonyhfshrdmugtvbo1.apng0qduppuln9oi032wx2vfnwqbb1um7i7a.j1o1rsx854vuc.cweakclh//kDqR:.pE/n5J6m%F3%AC%AA%BCKPv/etgJu_@q7$/4%F3%BE%99%ACvi/dmr3hH82t/3%F0%B0%B7%A8A'%F1%8E%BC%81k/F7%F2%82%9F%8Fp/%F2%B0%9E%B9/nShT\",\n        \"info\": \"lbxR#S\",\n        \"5&v<o\": {\n          \"name\": \"m]klY@R(\",\n          \"ay\": 2003,\n          \"assign\": \"U4j&\",\n          \"match\": \"NF222\",\n          \"satisfy\": \"*( @\\\"M#\",\n          \"url\": \"http://x1traacwvchbigg9rdilz.mcdgl0i1hy032sl3656bglbtrvomx3bm2lmricwxwtd70j01bmnrfv1ie.l486-c.znnvjh9ny.okfkoc/QS0zt(/I/b3*1Q/+v!!x/J1,yp\",\n          \"info\": \"> :Z\",\n          \"I6*\\\\vn\": {\n            \"ay\": 2026,\n            \"match\": [],\n            \"satisfy\": [],\n            \"url\": \"https://ldlmbqnylash2wzo9bbllnikphdljkdfr33s8ef.w.8.847q674i1liwp92vrambq00-af09.6.yxnqdtr/4Qb-M+ey/p3/TbxsLNk/lh9V\",\n            \"info\": \"!vigjf#9$\"\n          },\n          \"}zWd)Aw\": {\n            \"assign\": [\n              \"JN@S#\",\n              \"v\",\n              \"+\"\n            ],\n            \"match\": [\n              \"AV2Z\",\n              {\n                \"pattern\": \"WQ71xD\",\n                \"exclude\": [\n                  \"PJD987*W\",\n                  \"NL735K\"\n                ],\n                \"info\": \"Johh3>`F\"\n              },\n              {\n                \"and\": [\n                  {\n                    \"and\": []\n                  },\n                  {\n                    \"or\": [\n                      \"FW9F\",\n                      {\n                        \"and\": [\n                          {\n                            \"or\": [\n                              {\n                                \"and\": [\n                                  \"HDP4\",\n                                  \"XLL1Z\"\n                                ]\n                              }\n                            ]\n                          }\n                        ]\n                      },\n                      \"LAOx1P\",\n                      {\n                        \"or\": [\n                          \"LOx42G\",\n                          \"FL7K\",\n                          \"OR6*91\",\n                          \"BYx42\"\n                        ]\n                      },\n                      \"IEU40\"\n                    ]\n                  },\n                  \"BI2229K\"\n                ]\n              }\n            ],\n            \"url\": \"https://vf32jixzg0lmq9wtu0up7vxx8odho6lgejbs.d-xp.bqd5jrjvu66hy6gh.tgtpt/u!,M\",\n            \"info\": \"(5\"\n          }\n        },\n        \"a~-\\\\*|,\\\"!\": {\n          \"name\": \"D1\",\n          \"ay\": 2003,\n          \"match\": \"XYW72x\",\n          \"satisfy\": {\n            \"mc\": \">=30\"\n          },\n          \"url\": \"https://3-lu60pre54qht4oadcmqq2v7i-iezcj6qbqtlit5vw60mbdgd88l-99y.uojsfq/d-9:/3-gQ+e3%F2%92%88%9CM/XZ@.Le9w(/q6\"\n        },\n        \"v}vb|b4~1{\": {\n          \"name\": \"g!W0`=&G3\",\n          \"assign\": \"QJ}TT=(\",\n          \"match\": [\n            {\n              \"pattern\": \"DBZx2G\",\n              \"exclude\": \"XB55A\"\n            },\n            {\n              \"pattern\": \"HT*\",\n              \"exclude\": [\n                \"IZT39*5L\",\n                \"GO54x7\"\n              ],\n              \"info\": \"$WFm/$#\"\n            },\n            {\n              \"or\": [\n                \"RB4Q\",\n                {\n                  \"pattern\": \"FK33\",\n                  \"exclude\": [\n                    \"TUI54N\",\n                    \"WKH9\",\n                    \"EJx*Q\",\n                    \"NFU0584\",\n                    \"HN3040\"\n                  ],\n                  \"info\": \"!Rpb\"\n                }\n              ]\n            },\n            \"RKD3857X\",\n            {\n              \"and\": [\n                {\n                  \"or\": []\n                },\n                {\n                  \"pattern\": \"VWRx69xJ\",\n                  \"exclude\": \"ESG5S\",\n                  \"info\": \"hR..2$)?M\"\n                },\n                \"OTN1x7R\",\n                {\n                  \"and\": [\n                    \"JO6\",\n                    \"OTV925\",\n                    {\n                      \"and\": [\n                        {\n                          \"pattern\": \"LYK3\",\n                          \"info\": \"sDUP*\"\n                        },\n                        \"DP4A\",\n                        \"UJI087\"\n                      ]\n                    },\n                    {\n                      \"pattern\": \"PZT2S\",\n                      \"exclude\": [\n                        \"SCA9P\",\n                        \"NA7*1\",\n                        \"BD10V\"\n                      ]\n                    }\n                  ]\n                }\n              ]\n            }\n          ],\n          \"satisfy\": [\n            {\n              \"or\": [\n                \"<5=+SLhg\",\n                {\n                  \"mc\": \">=123\"\n                },\n                \"2'9WREN\",\n                {\n                  \"or\": [\n                    {\n                      \"mc\": \"<=145\"\n                    }\n                  ]\n                },\n                \"JA/{yi}B\"\n              ]\n            },\n            {\n              \"or\": [\n                \"VSr~\",\n                {\n                  \"or\": [\n                    \"\",\n                    {\n                      \"mc\": \"<=27\"\n                    },\n                    {\n                      \"mc\": \">=63\"\n                    },\n                    \"`bic\",\n                    \"?qi4a%-EA|\"\n                  ]\n                }\n              ]\n            }\n          ],\n          \"info\": \"WLR\"\n        }\n      }\n    }\n  },\n  {\n    \"title\": \"block sample 3\",\n    \"value\": {\n      \"name\": \"!NC&P#\",\n      \"ay\": 1998,\n      \"assign\": [\n        \"#S&\"\n      ],\n      \"match\": [\n        \"UZU451\",\n        {\n          \"or\": [\n            {\n              \"pattern\": \"BVJ7\",\n              \"exclude\": \"CD152*\",\n              \"info\": \"I\\\\'=_# r\"\n            },\n            {\n              \"pattern\": \"IBx8x*Q\",\n              \"exclude\": [\n                \"ELR3R\",\n                \"DH653\"\n              ],\n              \"info\": \"7\"\n            },\n            \"OL245L\"\n          ]\n        },\n        \"YTP2\",\n        {\n          \"and\": [\n            {\n              \"or\": []\n            },\n            {\n              \"or\": [\n                \"SPL037\",\n                \"USZ34M\",\n                {\n                  \"or\": [\n                    \"ET6*50\",\n                    \"VB2604L\",\n                    \"NKG*\"\n                  ]\n                }\n              ]\n            },\n            \"TVQ2C\",\n            {\n              \"and\": [\n                {\n                  \"and\": [\n                    \"UCC363X\",\n                    \"SH3\"\n                  ]\n                }\n              ]\n            }\n          ]\n        },\n        {\n          \"or\": [\n            {\n              \"pattern\": \"GB58Q\",\n              \"exclude\": [\n                \"XE59\",\n                \"SFJ8F\",\n                \"QQA8530S\",\n                \"UQC1055\",\n                \"PL*\"\n              ],\n              \"info\": \"potIGP\\\":*\"\n            },\n            {\n              \"or\": [\n                \"UL01Q\",\n                {\n                  \"and\": []\n                },\n                {\n                  \"pattern\": \"VK040R\"\n                },\n                \"UO8x92P\"\n              ]\n            },\n            \"SH716\",\n            {\n              \"or\": [\n                \"IQB1\",\n                {\n                  \"and\": [\n                    {\n                      \"or\": [\n                        \"JAU46O\",\n                        \"WJ2137\",\n                        \"AT1*4Z\",\n                        \"PP3781I\",\n                        \"BL*0F\"\n                      ]\n                    },\n                    \"AMW295K\",\n                    {\n                      \"or\": []\n                    },\n                    \"SG6x\"\n                  ]\n                },\n                {\n                  \"and\": [\n                    \"IKF9*0\",\n                    \"BBI13C\"\n                  ]\n                },\n                {\n                  \"pattern\": \"VSL7G\",\n                  \"exclude\": [\n                    \"DXP62*9\",\n                    \"CO9\",\n                    \"VWN5*04\"\n                  ],\n                  \"info\": \",\"\n                },\n                \"JD0037D\"\n              ]\n            }\n          ]\n        }\n      ],\n      \"satisfy\": {\n        \"mc\": \">=66\"\n      },\n      \"url\": \"https://9l82rbgang-la9tevc-9-k492a9sl19a7n7y9ya2u5il-hq9jwxa.5.9.6ku2i06n5eg8p913ary9ym9yio6ugbj2tbjhwbaynd3km8l5cdapelo8.m-dd5ffkm1e3ump67rjpfkjwo.vibklhd/(%F3%A2%A2%8D/B\",\n      \"info\": \"AZfMKca\",\n      \"r0g\": {\n        \"name\": \"\",\n        \"ay\": 2026,\n        \"match\": {\n          \"and\": [\n            \"VGA85\",\n            {\n              \"and\": [\n                \"DVK*747\",\n                {\n                  \"and\": [\n                    \"QRQ1O\",\n                    \"VZ58x5\",\n                    \"IF8\"\n                  ]\n                },\n                {\n                  \"pattern\": \"PNM24\",\n                  \"exclude\": \"MFD5\",\n                  \"info\": \"k:k%p\"\n                },\n                \"ZT14W\",\n                {\n                  \"pattern\": \"PV19Z\",\n                  \"info\": \"nd/J,2C&\"\n                }\n              ]\n            },\n            {\n              \"or\": [\n                {\n                  \"or\": [\n                    {\n                      \"or\": []\n                    },\n                    \"FVQ**9X\",\n                    \"IO387\",\n                    {\n                      \"and\": [\n                        \"NMR0\",\n                        \"VN*G\"\n                      ]\n                    }\n                  ]\n                },\n                \"TV066W\",\n                {\n                  \"pattern\": \"VU3\",\n                  \"exclude\": [\n                    \"UT8612\",\n                    \"PBJ085\",\n                    \"UMC535\"\n                  ],\n                  \"info\": \"'{6Io\"\n                }\n              ]\n            }\n          ]\n        },\n        \"satisfy\": [],\n        \"url\": \"http://mc4-vnjn4l.7.igfjnopdys/BVbW//qk$U/\",\n        \"info\": \"pt\",\n        \"&mHQWeuC\": {\n          \"name\": \"T`PgLs\",\n          \"ay\": 1965,\n          \"assign\": \"r*KA4|Vg\",\n          \"match\": [\n            \"CN7\",\n            {\n              \"or\": [\n                {\n                  \"and\": [\n                    {\n                      \"and\": []\n                    },\n                    \"BYP2xY\",\n                    {\n                      \"and\": [\n                        \"WE369\"\n                      ]\n                    },\n                    \"BLS8534C\",\n                    \"WJ2\"\n                  ]\n                },\n                {\n                  \"pattern\": \"UTE4M\",\n                  \"exclude\": [\n                    \"FZ6G\",\n                    \"PQA5N\"\n                  ],\n                  \"info\": \"FE.oO:~>+\"\n                },\n                {\n                  \"pattern\": \"JG5D\",\n                  \"exclude\": \"QMJ4A\",\n                  \"info\": \"qYh1c\"\n                },\n                {\n                  \"and\": [\n                    \"PRF1\",\n                    {\n                      \"pattern\": \"OHU628R\",\n                      \"exclude\": \"PCF3*68\",\n                      \"info\": \"nV5Y9E1Q\"\n                    },\n                    \"HHC48\",\n                    \"EN94L\",\n                    \"JAK7G\"\n                  ]\n                }\n              ]\n            },\n            {\n              \"pattern\": \"ZJI3273\",\n              \"exclude\": \"TK*9xH\"\n            },\n            {\n              \"or\": []\n            }\n          ],\n          \"satisfy\": [\n            {\n              \"mc\": \"<=67\"\n            },\n            \"jF*oLeM0~9\",\n            \"yS8|iOZL#v\",\n            \"K5::>tT&6\"\n          ],\n          \"info\": \"?Uhv2Pe;\"\n        },\n        \"9D1A)0\": {\n          \"name\": \"d>\",\n          \"assign\": [],\n          \"match\": [\n            {\n              \"pattern\": \"EWC31F\",\n              \"exclude\": [\n                \"EW2*\",\n                \"KP387\",\n                \"SK*Z\",\n                \"ECH019\"\n              ],\n              \"info\": \"n'/QD\"\n            },\n            \"PLH9Y\",\n            {\n              \"or\": []\n            },\n            {\n              \"and\": []\n            },\n            {\n              \"or\": [\n                \"VP30I\",\n                {\n                  \"or\": [\n                    {\n                      \"or\": []\n                    }\n                  ]\n                },\n                {\n                  \"pattern\": \"US3\",\n                  \"exclude\": \"YNL*932X\",\n                  \"info\": \"fwyCj%\"\n                }\n              ]\n            }\n          ],\n          \"satisfy\": [\n            \" \",\n            {\n              \"or\": [\n                \"Y\",\n                \"*3M#\",\n                {\n                  \"mc\": \"<=43\"\n                }\n              ]\n            },\n            \"1\",\n            {\n              \"mc\": \"<=192\"\n            },\n            \"f1i\"\n          ],\n          \"url\": \"https://0.svoqawqz83wsg94a8g6.l5pi1mareg0q75xca5qn8arri5.a63si0isjlrze8lhm06vmjkm7jf.oojly\",\n          \"info\": \"whfG5\",\n          \"bSRe\": {\n            \"name\": \"sJDC D&<#+\",\n            \"ay\": 1977,\n            \"assign\": \"Hk'N@VVi:\",\n            \"satisfy\": [],\n            \"url\": \"http://2ku5ndk8jdkj-c88xu8l852oj.ymeiza/.,:vq/%F3%AD%8C%AEZ1h%F1%AE%98%857mKLg/'mk\"\n          },\n          \"\": {\n            \"name\": \"w/lZ-k*Nch\",\n            \"ay\": 2004,\n            \"assign\": \"\",\n            \"satisfy\": \"P\",\n            \"url\": \"http://hwasnf6n50n7d4.y.sbaropkbgyz5gvcjyedb31uzbo5we.9z5iyi.9kjhesvo6hcqgpreudf13h9muv9eie1pap.bnwmv/ASKooh+%EB%95%A2p/d6sY!4/q5~D=n/0=%F1%B9%A9%95%F2%BA%BE%B6//&%F1%9C%8A%B7.PDP/%F0%B6%9A%A8=i%F1%99%AE%BEhz%F0%A3%A9%AB/JS%F2%8E%83%A3:F/UFr=t(M%F2%8B%99%98,\",\n            \"info\": \"LCCvD{Z^h\"\n          },\n          \";EG -|dz\": {\n            \"name\": \"IiB5ce$Sa\",\n            \"assign\": \"MXJ]*k1V\",\n            \"match\": {\n              \"and\": [\n                {\n                  \"or\": [\n                    \"OHT596\",\n                    {\n                      \"and\": []\n                    },\n                    {\n                      \"and\": []\n                    }\n                  ]\n                },\n                \"TXK68\",\n                {\n                  \"and\": []\n                }\n              ]\n            },\n            \"url\": \"https://czx.terkfpqq/O%F3%AB%88%B4E%F3%B3%90%BD)IC~F/ah*!Vd;/%F3%8F%80%91k\",\n            \"info\": \"rhwLkpf\"\n          },\n          \"{y+\": {\n            \"name\": \"]*W@nm\",\n            \"ay\": 2019,\n            \"assign\": [],\n            \"match\": [\n              {\n                \"and\": [\n                  \"LJxx6D\",\n                  \"AKS9*7\",\n                  {\n                    \"pattern\": \"JAF7B\",\n                    \"exclude\": \"IJD847\"\n                  }\n                ]\n              },\n              \"KPI661\"\n            ],\n            \"satisfy\": [\n              \"m\",\n              {\n                \"mc\": \"<=194\"\n              },\n              \")RG!km;MN4\"\n            ],\n            \"url\": \"http://zmqsu29496702o858zjn3ja6l5g.1wr1zjs2721rn2tz-51yjpcnwdkdj6s7ty.g6cmn4zdll0eqwu9gqmh.gdvutqmgke/e/%F1%85%AA%B2z16@/,%F3%A5%87%B8g/p//isNLp+Wv/NYR/dQ2GFr1Ne%F1%B6%9E%A2/FoOuJE%F1%A9%9F%82m4s/m-X7%F4%88%80%B2tM%F2%A1%8E%9E\",\n            \"info\": \" #?Z}p+2v\"\n          },\n          \"1fs+h<jL,\": {\n            \"name\": \"&:<Du\",\n            \"ay\": 2011,\n            \"assign\": \"4o/\\\"%\",\n            \"match\": {\n              \"pattern\": \"VVD0\",\n              \"exclude\": [\n                \"RWZ45x\",\n                \"NWA*7\"\n              ]\n            },\n            \"satisfy\": {\n              \"mc\": \">=40\"\n            },\n            \"url\": \"https://sb7n5djg08k.n9vwttfh7qr-hv-7r-66w3x0076j2dy2tydkhmk6ws.6.577xegahqyjuw2imnxva274brkxc7es1a2qk.7.tvtybhou/Ew-a/4G;x*c@//AF+k%F4%8A%B2%BFt_/5q=KYqr%F2%AA%BA%95/v1m/U~x%F3%BB%8D%B6kTG/5'UPO.!Tu/@.-A%F2%85%AB%B9r73\",\n            \"info\": \"p37<b>*&Y~\"\n          }\n        },\n        \"I:XXYVz\": {\n          \"name\": \"}\",\n          \"ay\": 2005,\n          \"assign\": [\n            \"\"\n          ],\n          \"match\": [\n            {\n              \"and\": [\n                {\n                  \"or\": []\n                }\n              ]\n            },\n            \"FT509\",\n            {\n              \"and\": [\n                {\n                  \"and\": [\n                    \"SZPx69Z\"\n                  ]\n                },\n                {\n                  \"and\": [\n                    \"IVS4134E\",\n                    {\n                      \"and\": [\n                        \"MNF36V\",\n                        {\n                          \"or\": [\n                            \"AO48D\",\n                            \"CNx86\",\n                            \"NOB7B\"\n                          ]\n                        },\n                        \"NUQ*61\",\n                        {\n                          \"and\": [\n                            {\n                              \"pattern\": \"YS32*5\",\n                              \"info\": \"\"\n                            },\n                            \"YPx0\"\n                          ]\n                        }\n                      ]\n                    },\n                    {\n                      \"pattern\": \"BW200A\",\n                      \"exclude\": \"KGG1\"\n                    }\n                  ]\n                },\n                \"KWR3929Q\",\n                {\n                  \"pattern\": \"VC10*\",\n                  \"info\": \"}\"\n                },\n                {\n                  \"and\": [\n                    {\n                      \"pattern\": \"MNQ951Q\",\n                      \"exclude\": [],\n                      \"info\": \"efh-s>k.GD\"\n                    },\n                    \"LSY83\",\n                    {\n                      \"or\": [\n                        \"ERY4*K\",\n                        \"YV2\"\n                      ]\n                    }\n                  ]\n                }\n              ]\n            }\n          ],\n          \"satisfy\": \">kEr;\",\n          \"info\": \"j6xwA\"\n        }\n      }\n    }\n  },\n  {\n    \"title\": \"block sample 4\",\n    \"value\": {\n      \"name\": \"0jeX\\\"#x\",\n      \"ay\": 2023,\n      \"assign\": [\n        \"Oxv4[y2\",\n        \"pU*\"\n      ],\n      \"match\": [\n        {\n          \"or\": []\n        }\n      ],\n      \"satisfy\": [\n        {\n          \"or\": [\n            {\n              \"or\": []\n            },\n            {\n              \"mc\": \">=61\"\n            },\n            \"DQ\",\n            {\n              \"and\": []\n            },\n            {\n              \"mc\": \">=25\"\n            }\n          ]\n        },\n        {\n          \"or\": []\n        }\n      ],\n      \"url\": \"https://0d79otwhaz9dzn7x.av/h9/gzK//;///&d/i%F0%B6%A0%B4a/&/+\",\n      \"info\": \"\"\n    }\n  },\n  {\n    \"title\": \"block sample 5\",\n    \"value\": {\n      \"name\": \"<\",\n      \"ay\": 1971,\n      \"assign\": [\n        \"~lj\",\n        \"&\",\n        \"P g8K@e \",\n        \"H~E \\\\R&!\"\n      ],\n      \"match\": [\n        {\n          \"and\": [\n            {\n              \"or\": [\n                \"RG28K\",\n                \"NPI5*\",\n                {\n                  \"or\": [\n                    {\n                      \"or\": []\n                    },\n                    \"PCX96S\",\n                    \"VT6D\"\n                  ]\n                },\n                \"JNJ2**B\"\n              ]\n            },\n            {\n              \"or\": []\n            }\n          ]\n        },\n        {\n          \"or\": []\n        },\n        {\n          \"and\": [\n            \"DBX7*T\"\n          ]\n        }\n      ],\n      \"satisfy\": [\n        {\n          \"or\": [\n            {\n              \"mc\": \"<=197\"\n            },\n            {\n              \"mc\": \"<=196\"\n            }\n          ]\n        },\n        {\n          \"or\": [\n            {\n              \"or\": [\n                {\n                  \"mc\": \">=65\"\n                }\n              ]\n            },\n            {\n              \"or\": [\n                \"cC@x@Y\",\n                {\n                  \"or\": []\n                },\n                \"F7\",\n                \"x2;\",\n                {\n                  \"and\": [\n                    \"?6MT=\",\n                    {\n                      \"or\": []\n                    },\n                    \"N'fo\"\n                  ]\n                }\n              ]\n            },\n            \"c*-&\",\n            \"mO:\\\"[Lb^\"\n          ]\n        }\n      ],\n      \"url\": \"https://65.fca.exrgk/;%F1%A8%8F%B8vN_D3fN/3/G/_Nl8q/Ja%E6%99%A4%F1%94%99%98/B/8Jlx/%F4%83%90%9DW;c2;p3gQ/_zFODuCbN/UbkkEOd\",\n      \"info\": \"(3i5'*&2#;\"\n    }\n  },\n  {\n    \"title\": \"block sample 6\",\n    \"value\": {\n      \"name\": \"_{U?:n0f(;\",\n      \"match\": {\n        \"and\": [\n          {\n            \"and\": []\n          },\n          \"JZL4N\"\n        ]\n      },\n      \"satisfy\": [\n        {\n          \"mc\": \"<=197\"\n        }\n      ],\n      \"url\": \"http://c.1gt.c.7e0zbfm32f6y4a8ty3zmun8016gs3kbptr0.zj/vzBW/t-Y/rIvE1%F1%80%8E%B4M7c\",\n      \"info\": \"4^ $hB\"\n    }\n  },\n  {\n    \"title\": \"block sample 7\",\n    \"value\": {\n      \"assign\": \"o]H'd\",\n      \"match\": [\n        {\n          \"pattern\": \"YRY6*\"\n        },\n        {\n          \"and\": [\n            {\n              \"and\": [\n                {\n                  \"and\": [\n                    \"AF09\",\n                    \"CC650\"\n                  ]\n                },\n                {\n                  \"and\": [\n                    \"LA6\",\n                    \"AZx503V\"\n                  ]\n                },\n                \"LJ5\",\n                \"DRU8\"\n              ]\n            }\n          ]\n        },\n        {\n          \"or\": [\n            {\n              \"pattern\": \"FRT3\",\n              \"exclude\": [\n                \"SFR75M\",\n                \"IHK2\"\n              ],\n              \"info\": \"SnrWpLyy\"\n            }\n          ]\n        }\n      ],\n      \"satisfy\": [\n        {\n          \"and\": [\n            {\n              \"and\": []\n            },\n            \"~VX\"\n          ]\n        },\n        \".Ysv8X\"\n      ],\n      \"url\": \"http://2bhd.cpx14lxflvrc96puodzpup.edb08c8afa5qveac98deae3c6-98vecao4q7id96ad6ebg1fv.amceskdtxjh6473axht33098yelech3ygb3npwvoisjilhvf8rsco6vw5.fjfeb8fejcx.vglcffoht/0lf6Vi$9/_uV9i/e/Gh%F4%82%8B%83%F1%B0%AD%A8/5-BHs'%F2%82%82%86/kWE,d/8%F0%AD%A0%89/1-(LY//XVuJF%F2%B3%BB%A2ZFJ!\",\n      \"info\": \"o#\",\n      \"[\": {\n        \"name\": \"@N:Vx\",\n        \"assign\": [\n          \".o\",\n          \"@<<?F+_\",\n          \"F4{\",\n          \"(I$Mn=;\",\n          \"yNq+Wy\"\n        ],\n        \"match\": {\n          \"pattern\": \"LA4T\",\n          \"exclude\": \"IHC85\",\n          \"info\": \"dCg/o!t-b\"\n        },\n        \"satisfy\": [\n          {\n            \"and\": [\n              {\n                \"or\": [\n                  {\n                    \"and\": [\n                      \"6|.@o^cd\",\n                      {\n                        \"mc\": \">=51\"\n                      },\n                      \"r(.ShcCtj\"\n                    ]\n                  },\n                  {\n                    \"or\": [\n                      \"/\",\n                      \"\"\n                    ]\n                  },\n                  {\n                    \"mc\": \"<=27\"\n                  }\n                ]\n              },\n              {\n                \"and\": [\n                  {\n                    \"mc\": \">=13\"\n                  },\n                  {\n                    \"and\": [\n                      \".4'1\",\n                      \" ;S2?^=z\"\n                    ]\n                  }\n                ]\n              },\n              {\n                \"or\": [\n                  {\n                    \"mc\": \">=174\"\n                  },\n                  \"=+W8[n\",\n                  {\n                    \"and\": [\n                      \"o6\",\n                      \"|J]P9Z|+\",\n                      {\n                        \"and\": [\n                          \"\",\n                          \"n^\"\n                        ]\n                      },\n                      \"8'S/l\",\n                      \"VjZrYh\"\n                    ]\n                  }\n                ]\n              },\n              {\n                \"mc\": \">=49\"\n              },\n              {\n                \"mc\": \">=154\"\n              }\n            ]\n          },\n          \"3Vj:\",\n          {\n            \"and\": [\n              \"WGx\",\n              {\n                \"mc\": \"<=182\"\n              },\n              {\n                \"or\": [\n                  {\n                    \"mc\": \">=105\"\n                  },\n                  {\n                    \"mc\": \"<=6\"\n                  },\n                  {\n                    \"and\": [\n                      \"p0[/\",\n                      \"ut~/jt`m/+\",\n                      \"|OelV1N\\\"\",\n                      {\n                        \"and\": [\n                          \"1NCJ<\",\n                          \".yQd:\",\n                          \"+ B@\\\\\",\n                          \"D\",\n                          \"kF59hc\"\n                        ]\n                      },\n                      \"5V0G\"\n                    ]\n                  },\n                  {\n                    \"and\": []\n                  },\n                  \"?;xxDa jD\"\n                ]\n              },\n              \"J@KJ%d\",\n              \"1wfVb*K!\"\n            ]\n          }\n        ],\n        \"url\": \"http://yyyqm1hs1u578baltty596u285rq6jtl8llk9w37zeay8ma9ug8n7dqc3fo80.u.vk2i.8.ai/U='%F2%89%95%ADhfP/sDTed%F1%A9%BE%81cUVU/&t-D5-/k=srb-%F1%81%B7%96/:jhB/S)/4t(dzoKvt%F1%8E%BD%8E/r&oJI\"\n      },\n      \"\": {\n        \"name\": \"s*\",\n        \"ay\": 1998,\n        \"assign\": [\n          \"R!\",\n          \"!\",\n          \"Y)W\",\n          \"1x@~TY}{m\"\n        ],\n        \"match\": [\n          {\n            \"and\": []\n          },\n          {\n            \"or\": [\n              {\n                \"pattern\": \"POC76O\",\n                \"info\": \"#F\"\n              }\n            ]\n          }\n        ],\n        \"url\": \"http://yk-m9xiuodw6fxvos2-ilgpvpc3i20185rbngwtdi0xyq8wrhiv0j6p0b-c.vbd74zagym5hecrvav1njbuwy5zyl7.bwmckwtd/%F0%B9%92%B3hGAr//%F0%AD%9A%8DN!;7/dF/oScdOzJN)j//t/\"\n      },\n      \"\\\\%*mvXgJz\": {\n        \"name\": \"ktMp`ui\",\n        \"ay\": 1985,\n        \"assign\": [\n          \"bGZ[Ra\",\n          \"6\\\"|Lc\",\n          \"<=O3dp\",\n          \"X'*7V=\",\n          \"r)\"\n        ],\n        \"url\": \"http://wx8qt-wj0.hdyfak5jvk4pysry5bq5vofti80x125f-t-srhkgia279j0lhcc.s51bzkfpb-z9nlikh8znfivs6e7za3f3niq-w5oetlj08vsmtynh5.zuwdzmofvh/;;81V4%F2%89%91%AC\"\n      }\n    }\n  },\n  {\n    \"title\": \"block sample 8\",\n    \"value\": {\n      \"name\": \"7Rj\",\n      \"ay\": 2008,\n      \"assign\": [],\n      \"match\": {\n        \"and\": [\n          {\n            \"or\": [\n              \"OV433R\",\n              {\n                \"or\": []\n              },\n              \"SS18**\",\n              \"YKB8W\"\n            ]\n          }\n        ]\n      },\n      \"url\": \"https://adt9r8edioy9acf9glr589788dz8sxday7afrze6lhwfaffc8mp.d85o-mt1op184nnry17a8kz8d3zfyd3x-wbc.ppjrxitde/rdk/6xbTG$6//*a0-%F1%B9%BD%B92%F0%B1%A4%86%F3%A8%86%91l+/p0pp/%F0%9A%89%84+/M4Z.TFLnT/_H$cO'@/_t/%F3%A3%B4%9F\",\n      \"info\": \"|39. nl=ml\"\n    }\n  },\n  {\n    \"title\": \"block sample 9\",\n    \"value\": {\n      \"name\": \"xw}YyY32|x\",\n      \"ay\": 1954,\n      \"match\": [\n        {\n          \"and\": []\n        },\n        {\n          \"pattern\": \"YF06\",\n          \"exclude\": [],\n          \"info\": \"\"\n        },\n        {\n          \"and\": [\n            {\n              \"or\": [\n                \"OA7*06R\",\n                \"GZZ**\",\n                {\n                  \"or\": [\n                    {\n                      \"and\": [\n                        \"IJX2*A\",\n                        \"SA485xI\",\n                        \"XP03x4W\"\n                      ]\n                    },\n                    \"XZ9494T\",\n                    {\n                      \"or\": [\n                        \"XPN32x\",\n                        \"FT1**U\",\n                        \"GBP6\",\n                        \"WPG804M\"\n                      ]\n                    },\n                    \"BDJ8259W\",\n                    \"PZ36\"\n                  ]\n                }\n              ]\n            },\n            {\n              \"pattern\": \"HPD340\",\n              \"exclude\": [\n                \"XD4xR\",\n                \"ENA905J\",\n                \"XB24\",\n                \"CO1866\",\n                \"VX88xB\"\n              ],\n              \"info\": \"#De8\"\n            },\n            \"AD*L\",\n            \"OQNx67B\",\n            {\n              \"pattern\": \"JOxO\",\n              \"exclude\": \"HN5\"\n            }\n          ]\n        },\n        \"CFE442O\"\n      ],\n      \"url\": \"https://41d49dt6-9jcg9ujekk3vkp76x0qa5n6q2m.j.dgpamymqvk//9goJ@C/YV%F1%99%97%A2\",\n      \"info\": \"\\\"[Qd`\"\n    }\n  }\n]",
              "code": "fast_check_1.sample(index_test_2.block, 10).forEach((sample, i) => addContext_1.default(this, {\n    title: `block sample ${i}`,\n    value: sample,\n}));\nreturn fast_check_1.assert(fast_check_1.property(index_test_2.block, ajvValidate));",
              "err": {},
              "uuid": "8a609d59-053e-43a5-9f1e-4f1f56786404",
              "parentUUID": "cb24d75a-673e-4f29-b6cd-76ae4100c534",
              "isHook": false,
              "skipped": false
            },
            {
              "title": "should not validate non-object",
              "fullTitle": "blockSchema should not validate non-object",
              "timedOut": false,
              "duration": 1,
              "state": "passed",
              "speed": "fast",
              "pass": true,
              "fail": false,
              "pending": false,
              "context": null,
              "code": "const error = {\n    instancePath: \"\",\n    message: \"block should be an object\",\n};\nisInvalidBlock(null, error);\nisInvalidBlock(undefined, error);\nisInvalidBlock(10, error);\nisInvalidBlock([12, 24], error);\nisInvalidBlock(\"abc\", error);",
              "err": {},
              "uuid": "3f8a2e82-b93e-49f4-8e64-964911c6d3b6",
              "parentUUID": "cb24d75a-673e-4f29-b6cd-76ae4100c534",
              "isHook": false,
              "skipped": false
            },
            {
              "title": "should not validate block with invalid properties",
              "fullTitle": "blockSchema should not validate block with invalid properties",
              "timedOut": false,
              "duration": 1,
              "state": "passed",
              "speed": "fast",
              "pass": true,
              "fail": false,
              "pending": false,
              "context": null,
              "code": "isInvalidBlock({\n        name: { foo: \"bar\" },\n        ay: -1000,\n        assign: {},\n        match: 1,\n        satisfy: 2,\n        url: { abc: \"def\" },\n        info: 42,\n    }, { instancePath: \"/name\", message: \"property 'name' should be a string\" }, {\n        instancePath: \"/ay\",\n        message: \"property 'ay' should be a positive integer\",\n    }, {\n        instancePath: \"/assign\",\n        message: \"property 'assign' should be either a block ID or an array of block IDs\",\n    }, {\n        instancePath: \"/match\",\n        message: \"property 'match' should be either a match rule or an array of match rules\",\n    }, {\n        instancePath: \"/satisfy\",\n        message: \"property 'satisfy' should be either a satisfy rule or an array of satisfy rules\",\n    }, { instancePath: \"/url\", message: \"property 'url' should be a string\" }, { instancePath: \"/info\", message: \"property 'info' should be a string\" })",
              "err": {},
              "uuid": "a1fd4be8-953c-40b0-9245-5a3a9445217b",
              "parentUUID": "cb24d75a-673e-4f29-b6cd-76ae4100c534",
              "isHook": false,
              "skipped": false
            }
          ],
          "suites": [],
          "passes": [
            "8a609d59-053e-43a5-9f1e-4f1f56786404",
            "3f8a2e82-b93e-49f4-8e64-964911c6d3b6",
            "a1fd4be8-953c-40b0-9245-5a3a9445217b"
          ],
          "failures": [],
          "pending": [],
          "skipped": [],
          "duration": 169,
          "root": false,
          "rootEmpty": false,
          "_timeout": 2000
        },
        {
          "uuid": "0b636015-d9cd-47ee-b30a-ef8126b771d6",
          "title": "patternToRE",
          "fullFile": "/home/runner/work/planwithus-lib/planwithus-lib/src/matchRule/pattern/satisfiers.test.ts",
          "file": "/src/matchRule/pattern/satisfiers.test.ts",
          "beforeHooks": [],
          "afterHooks": [],
          "tests": [
            {
              "title": "should match valid modules with a single pattern",
              "fullTitle": "patternToRE should match valid modules with a single pattern",
              "timedOut": false,
              "duration": 13,
              "state": "passed",
              "speed": "fast",
              "pass": true,
              "fail": false,
              "pending": false,
              "context": "[\n  {\n    \"title\": \"patternExampleList sample 0\",\n    \"value\": [\n      \"AU14\",\n      [\n        \"AU14\"\n      ]\n    ]\n  },\n  {\n    \"title\": \"patternExampleList sample 1\",\n    \"value\": [\n      \"RP17x8\",\n      [\n        \"RP1758\",\n        \"RP1798\",\n        \"RP1778\",\n        \"RP1768\",\n        \"RP1788\",\n        \"RP1728\"\n      ]\n    ]\n  },\n  {\n    \"title\": \"patternExampleList sample 2\",\n    \"value\": [\n      \"ZV901\",\n      [\n        \"ZV901\"\n      ]\n    ]\n  },\n  {\n    \"title\": \"patternExampleList sample 3\",\n    \"value\": [\n      \"ES9**\",\n      [\n        \"ES9BPRD9\",\n        \"ES9SB5UT1CIO\",\n        \"ES9RTEB93TK\"\n      ]\n    ]\n  },\n  {\n    \"title\": \"patternExampleList sample 4\",\n    \"value\": [\n      \"EA73\",\n      [\n        \"EA73\"\n      ]\n    ]\n  },\n  {\n    \"title\": \"patternExampleList sample 5\",\n    \"value\": [\n      \"PZI52x\",\n      [\n        \"PZI528\",\n        \"PZI522\",\n        \"PZI529\",\n        \"PZI527\"\n      ]\n    ]\n  },\n  {\n    \"title\": \"patternExampleList sample 6\",\n    \"value\": [\n      \"LRN*0*5Q\",\n      [\n        \"LRN6L7G205Q\"\n      ]\n    ]\n  },\n  {\n    \"title\": \"patternExampleList sample 7\",\n    \"value\": [\n      \"JA69\",\n      [\n        \"JA69\"\n      ]\n    ]\n  },\n  {\n    \"title\": \"patternExampleList sample 8\",\n    \"value\": [\n      \"KWM92D\",\n      [\n        \"KWM92D\"\n      ]\n    ]\n  },\n  {\n    \"title\": \"patternExampleList sample 9\",\n    \"value\": [\n      \"DC020\",\n      [\n        \"DC020\"\n      ]\n    ]\n  }\n]",
              "code": "fast_check_1.sample(index_test_1.patternExampleList, 10).forEach((sample, i) => addContext_1.default(this, {\n    title: `patternExampleList sample ${i}`,\n    value: sample,\n}));\nreturn fast_check_1.assert(fast_check_1.property(index_test_1.patternExampleList, ([patternStr, examples]) => {\n    const re = _1.patternToRE(patternStr);\n    return examples.every(re.test.bind(re));\n}));",
              "err": {},
              "uuid": "0793b537-d046-40de-9c70-cf158b9018a0",
              "parentUUID": "0b636015-d9cd-47ee-b30a-ef8126b771d6",
              "isHook": false,
              "skipped": false
            },
            {
              "title": "should match valid modules with multiple patterns",
              "fullTitle": "patternToRE should match valid modules with multiple patterns",
              "timedOut": false,
              "duration": 57,
              "state": "passed",
              "speed": "medium",
              "pass": true,
              "fail": false,
              "pending": false,
              "context": "[\n  {\n    \"title\": \"patternExampleListArray sample 0\",\n    \"value\": [\n      [\n        \"IEN7I\",\n        [\n          \"IEN7I\"\n        ]\n      ]\n    ]\n  },\n  {\n    \"title\": \"patternExampleListArray sample 1\",\n    \"value\": [\n      [\n        \"ZT8\",\n        [\n          \"ZT8\"\n        ]\n      ],\n      [\n        \"PY6*3\",\n        [\n          \"PY6372BBHW3\",\n          \"PY6R3\",\n          \"PY6343\",\n          \"PY63\"\n        ]\n      ]\n    ]\n  },\n  {\n    \"title\": \"patternExampleListArray sample 2\",\n    \"value\": [\n      [\n        \"OBG671W\",\n        [\n          \"OBG671W\"\n        ]\n      ],\n      [\n        \"LN1*8\",\n        [\n          \"LN1RH7FT28\",\n          \"LN18M08\",\n          \"LN18\",\n          \"LN1Q8\",\n          \"LN1FJHF8\",\n          \"LN168\",\n          \"LN1W8\",\n          \"LN1E2Z78\"\n        ]\n      ],\n      [\n        \"IP0\",\n        [\n          \"IP0\"\n        ]\n      ],\n      [\n        \"NJ1641\",\n        [\n          \"NJ1641\"\n        ]\n      ],\n      [\n        \"YZ0005H\",\n        [\n          \"YZ0005H\"\n        ]\n      ],\n      [\n        \"QXx057N\",\n        [\n          \"QX4057N\",\n          \"QX1057N\",\n          \"QX9057N\"\n        ]\n      ],\n      [\n        \"TXI*\",\n        [\n          \"TXIISJ81\",\n          \"TXIXHR6\"\n        ]\n      ],\n      [\n        \"UNQxT\",\n        [\n          \"UNQ4T\",\n          \"UNQ7T\",\n          \"UNQ2T\",\n          \"UNQ8T\",\n          \"UNQ1T\",\n          \"UNQ3T\",\n          \"UNQ5T\",\n          \"UNQ0T\",\n          \"UNQ9T\",\n          \"UNQ6T\"\n        ]\n      ]\n    ]\n  },\n  {\n    \"title\": \"patternExampleListArray sample 3\",\n    \"value\": [\n      [\n        \"VW7\",\n        [\n          \"VW7\"\n        ]\n      ],\n      [\n        \"NZ0L\",\n        [\n          \"NZ0L\"\n        ]\n      ]\n    ]\n  },\n  {\n    \"title\": \"patternExampleListArray sample 4\",\n    \"value\": [\n      [\n        \"QD76\",\n        [\n          \"QD76\"\n        ]\n      ],\n      [\n        \"LWY98\",\n        [\n          \"LWY98\"\n        ]\n      ],\n      [\n        \"HCQ8283\",\n        [\n          \"HCQ8283\"\n        ]\n      ],\n      [\n        \"LPU27M\",\n        [\n          \"LPU27M\"\n        ]\n      ]\n    ]\n  },\n  {\n    \"title\": \"patternExampleListArray sample 5\",\n    \"value\": [\n      [\n        \"HK1H\",\n        [\n          \"HK1H\"\n        ]\n      ],\n      [\n        \"MPB6*\",\n        [\n          \"MPB6P\",\n          \"MPB64PF5S1GW\"\n        ]\n      ],\n      [\n        \"YRL559Q\",\n        [\n          \"YRL559Q\"\n        ]\n      ],\n      [\n        \"MMU01xxT\",\n        [\n          \"MMU0167T\",\n          \"MMU0145T\",\n          \"MMU0116T\",\n          \"MMU0132T\",\n          \"MMU0199T\",\n          \"MMU0109T\",\n          \"MMU0111T\"\n        ]\n      ],\n      [\n        \"HI053x\",\n        [\n          \"HI0530\",\n          \"HI0538\",\n          \"HI0536\"\n        ]\n      ],\n      [\n        \"RTH*215L\",\n        [\n          \"RTHVUW9215L\",\n          \"RTH3XK9U6215L\",\n          \"RTHFOW1Q5215L\",\n          \"RTH80HEDBV215L\"\n        ]\n      ],\n      [\n        \"SLB215*\",\n        [\n          \"SLB215K27\",\n          \"SLB2159DE\",\n          \"SLB215K05\",\n          \"SLB215S2DXNOJ7\",\n          \"SLB215E1J\",\n          \"SLB215\",\n          \"SLB215MEOC86K3\",\n          \"SLB215OK66DM\",\n          \"SLB21511\",\n          \"SLB215QIA5YD\",\n          \"SLB215W4VCN1FB\"\n        ]\n      ],\n      [\n        \"GAV9899X\",\n        [\n          \"GAV9899X\"\n        ]\n      ],\n      [\n        \"NYI3\",\n        [\n          \"NYI3\"\n        ]\n      ],\n      [\n        \"SVG2\",\n        [\n          \"SVG2\"\n        ]\n      ],\n      [\n        \"DJM93\",\n        [\n          \"DJM93\"\n        ]\n      ],\n      [\n        \"BX8x\",\n        [\n          \"BX82\",\n          \"BX81\",\n          \"BX87\",\n          \"BX80\",\n          \"BX88\",\n          \"BX84\",\n          \"BX83\",\n          \"BX85\"\n        ]\n      ]\n    ]\n  },\n  {\n    \"title\": \"patternExampleListArray sample 6\",\n    \"value\": [\n      [\n        \"YY2\",\n        [\n          \"YY2\"\n        ]\n      ],\n      [\n        \"OOS4x3\",\n        [\n          \"OOS443\",\n          \"OOS423\"\n        ]\n      ],\n      [\n        \"XPB1094O\",\n        [\n          \"XPB1094O\"\n        ]\n      ],\n      [\n        \"EJx56\",\n        [\n          \"EJ356\",\n          \"EJ256\",\n          \"EJ456\",\n          \"EJ856\",\n          \"EJ156\",\n          \"EJ056\",\n          \"EJ656\",\n          \"EJ756\",\n          \"EJ556\"\n        ]\n      ],\n      [\n        \"ML*x5B\",\n        [\n          \"MLPRV52VW85B\",\n          \"MLGJZ1I25B\"\n        ]\n      ],\n      [\n        \"JXB5643X\",\n        [\n          \"JXB5643X\"\n        ]\n      ],\n      [\n        \"OA34\",\n        [\n          \"OA34\"\n        ]\n      ],\n      [\n        \"YZ60L\",\n        [\n          \"YZ60L\"\n        ]\n      ],\n      [\n        \"JYH2G\",\n        [\n          \"JYH2G\"\n        ]\n      ],\n      [\n        \"CT*95X\",\n        [\n          \"CTSED195X\",\n          \"CT95X\",\n          \"CTO195X\",\n          \"CTBMUE8U95X\",\n          \"CTH95X\",\n          \"CTFCW95X\",\n          \"CT8M95X\",\n          \"CTL95X\",\n          \"CT4495X\",\n          \"CTFOI0RR95X\",\n          \"CT1A195X\"\n        ]\n      ],\n      [\n        \"KE0J\",\n        [\n          \"KE0J\"\n        ]\n      ],\n      [\n        \"ZW0960\",\n        [\n          \"ZW0960\"\n        ]\n      ]\n    ]\n  },\n  {\n    \"title\": \"patternExampleListArray sample 7\",\n    \"value\": [\n      [\n        \"TTx8\",\n        [\n          \"TT38\",\n          \"TT68\",\n          \"TT78\",\n          \"TT28\",\n          \"TT08\",\n          \"TT18\",\n          \"TT88\",\n          \"TT58\"\n        ]\n      ],\n      [\n        \"EJ3\",\n        [\n          \"EJ3\"\n        ]\n      ]\n    ]\n  },\n  {\n    \"title\": \"patternExampleListArray sample 8\",\n    \"value\": [\n      [\n        \"JL82\",\n        [\n          \"JL82\"\n        ]\n      ],\n      [\n        \"DM61K\",\n        [\n          \"DM61K\"\n        ]\n      ],\n      [\n        \"MJ3C\",\n        [\n          \"MJ3C\"\n        ]\n      ],\n      [\n        \"ZEA9\",\n        [\n          \"ZEA9\"\n        ]\n      ],\n      [\n        \"WG3974P\",\n        [\n          \"WG3974P\"\n        ]\n      ],\n      [\n        \"BFG*\",\n        [\n          \"BFG\",\n          \"BFGEZU\",\n          \"BFGQ\"\n        ]\n      ],\n      [\n        \"JYV62C\",\n        [\n          \"JYV62C\"\n        ]\n      ]\n    ]\n  },\n  {\n    \"title\": \"patternExampleListArray sample 9\",\n    \"value\": [\n      [\n        \"ZO82\",\n        [\n          \"ZO82\"\n        ]\n      ],\n      [\n        \"TV1\",\n        [\n          \"TV1\"\n        ]\n      ],\n      [\n        \"JJW10*\",\n        [\n          \"JJW101YG32KJB\",\n          \"JJW10WO\",\n          \"JJW10P64\",\n          \"JJW10DXFSFTZ\",\n          \"JJW10K49KD\",\n          \"JJW10J\",\n          \"JJW10QLOIQN\",\n          \"JJW105UK\",\n          \"JJW10226\",\n          \"JJW10ZTUT98TZ\",\n          \"JJW106FOZ\",\n          \"JJW10C\"\n        ]\n      ],\n      [\n        \"GYF71\",\n        [\n          \"GYF71\"\n        ]\n      ]\n    ]\n  }\n]",
              "code": "const patternExampleListArray = fast_check_1.array(index_test_1.patternExampleList, { minLength: 1 });\nfast_check_1.sample(patternExampleListArray, 10).forEach((sample, i) => addContext_1.default(this, {\n    title: `patternExampleListArray sample ${i}`,\n    value: sample,\n}));\nreturn fast_check_1.assert(fast_check_1.property(patternExampleListArray, (ts) => {\n    const re = _1.patternToRE(...ts.map(([patternStr]) => patternStr));\n    return ts\n        .map(([, examples]) => examples)\n        .flat()\n        .every(re.test.bind(re));\n}));",
              "err": {},
              "uuid": "6710eb7c-fbfb-4ec5-b593-5517325d895c",
              "parentUUID": "0b636015-d9cd-47ee-b30a-ef8126b771d6",
              "isHook": false,
              "skipped": false
            },
            {
              "title": "should not match x to non-number",
              "fullTitle": "patternToRE should not match x to non-number",
              "timedOut": false,
              "duration": 0,
              "state": "passed",
              "speed": "fast",
              "pass": true,
              "fail": false,
              "pending": false,
              "context": null,
              "code": "const re = _1.patternToRE(\"x\");\n[\"A\", \"Z\", \"c\", \"#\"].forEach((example) => isInvalidExample(re, example));",
              "err": {},
              "uuid": "592f47b7-c00e-4dbb-b200-1df5ab1ff3bc",
              "parentUUID": "0b636015-d9cd-47ee-b30a-ef8126b771d6",
              "isHook": false,
              "skipped": false
            },
            {
              "title": "should not match * to a substring composed of characters other than A-Z and 0-9",
              "fullTitle": "patternToRE should not match * to a substring composed of characters other than A-Z and 0-9",
              "timedOut": false,
              "duration": 0,
              "state": "passed",
              "speed": "fast",
              "pass": true,
              "fail": false,
              "pending": false,
              "context": null,
              "code": "const re = _1.patternToRE(\"*\");\n[\"c\", \"Ac\", \"cA\", \"0Ax\", \"x0A\", \"BA#\", \"#AB\"].forEach((example) => isInvalidExample(re, example));",
              "err": {},
              "uuid": "413233db-0ca1-4251-ada2-48724874b849",
              "parentUUID": "0b636015-d9cd-47ee-b30a-ef8126b771d6",
              "isHook": false,
              "skipped": false
            },
            {
              "title": "should not match substrings",
              "fullTitle": "patternToRE should not match substrings",
              "timedOut": false,
              "duration": 0,
              "state": "passed",
              "speed": "fast",
              "pass": true,
              "fail": false,
              "pending": false,
              "context": null,
              "code": "const re = _1.patternToRE(\"A*xC\");\n[\"A1CZ\", \"AC1CZ\", \"ZA1C\", \"ZAC1C\", \"ZA1CZ\", \"ZAC1CZ\"].forEach((example) => isInvalidExample(re, example));",
              "err": {},
              "uuid": "bb396d2e-6d9b-456f-a822-f35a4668357a",
              "parentUUID": "0b636015-d9cd-47ee-b30a-ef8126b771d6",
              "isHook": false,
              "skipped": false
            }
          ],
          "suites": [],
          "passes": [
            "0793b537-d046-40de-9c70-cf158b9018a0",
            "6710eb7c-fbfb-4ec5-b593-5517325d895c",
            "592f47b7-c00e-4dbb-b200-1df5ab1ff3bc",
            "413233db-0ca1-4251-ada2-48724874b849",
            "bb396d2e-6d9b-456f-a822-f35a4668357a"
          ],
          "failures": [],
          "pending": [],
          "skipped": [],
          "duration": 70,
          "root": false,
          "rootEmpty": false,
          "_timeout": 2000
        },
        {
          "uuid": "f268f6e4-057d-44b5-8cf1-f75e98bf7ba8",
          "title": "patternSatisfier",
          "fullFile": "/home/runner/work/planwithus-lib/planwithus-lib/src/matchRule/pattern/satisfiers.test.ts",
          "file": "/src/matchRule/pattern/satisfiers.test.ts",
          "beforeHooks": [],
          "afterHooks": [],
          "tests": [
            {
              "title": "should assign all modules with *",
              "fullTitle": "patternSatisfier should assign all modules with *",
              "timedOut": false,
              "duration": 1,
              "state": "passed",
              "speed": "fast",
              "pass": true,
              "fail": false,
              "pending": false,
              "context": null,
              "code": "const { assign } = satisfiers_1.patternSatisfier(ref, \"*\");\nisCorrectAssign(assign, modulesList1, modulesList1.map(([moduleStr]) => moduleStr));",
              "err": {},
              "uuid": "12b665b7-07fb-4fa1-b611-a74fa3fc0d04",
              "parentUUID": "f268f6e4-057d-44b5-8cf1-f75e98bf7ba8",
              "isHook": false,
              "skipped": false
            },
            {
              "title": "should assign only valid modules with pattern containing *",
              "fullTitle": "patternSatisfier should assign only valid modules with pattern containing *",
              "timedOut": false,
              "duration": 0,
              "state": "passed",
              "speed": "fast",
              "pass": true,
              "fail": false,
              "pending": false,
              "context": null,
              "code": "const { assign } = satisfiers_1.patternSatisfier(ref, \"CS2*\");\nisCorrectAssign(assign, modulesList1, [\"CS2100\", \"CS2040S\", \"CS2030\"]);",
              "err": {},
              "uuid": "bd7ef301-ac9d-4e09-abcf-9d60da1aaf84",
              "parentUUID": "f268f6e4-057d-44b5-8cf1-f75e98bf7ba8",
              "isHook": false,
              "skipped": false
            },
            {
              "title": "should assign only valid modules with pattern containing x",
              "fullTitle": "patternSatisfier should assign only valid modules with pattern containing x",
              "timedOut": false,
              "duration": 1,
              "state": "passed",
              "speed": "fast",
              "pass": true,
              "fail": false,
              "pending": false,
              "context": null,
              "code": "const { assign } = satisfiers_1.patternSatisfier(ref, \"CS20xx\");\nisCorrectAssign(assign, modulesList1, [\"CS2030\"]);",
              "err": {},
              "uuid": "e8eef5cc-9124-4498-96b4-a5858dd87f1a",
              "parentUUID": "f268f6e4-057d-44b5-8cf1-f75e98bf7ba8",
              "isHook": false,
              "skipped": false
            },
            {
              "title": "should assign only valid modules with pattern containing x and *",
              "fullTitle": "patternSatisfier should assign only valid modules with pattern containing x and *",
              "timedOut": false,
              "duration": 0,
              "state": "passed",
              "speed": "fast",
              "pass": true,
              "fail": false,
              "pending": false,
              "context": null,
              "code": "const { assign } = satisfiers_1.patternSatisfier(ref, \"CS20xx*\");\nisCorrectAssign(assign, modulesList1, [\"CS2040S\", \"CS2030\"]);",
              "err": {},
              "uuid": "351da8c8-567f-4664-bd88-2527c0cde0f7",
              "parentUUID": "f268f6e4-057d-44b5-8cf1-f75e98bf7ba8",
              "isHook": false,
              "skipped": false
            }
          ],
          "suites": [],
          "passes": [
            "12b665b7-07fb-4fa1-b611-a74fa3fc0d04",
            "bd7ef301-ac9d-4e09-abcf-9d60da1aaf84",
            "e8eef5cc-9124-4498-96b4-a5858dd87f1a",
            "351da8c8-567f-4664-bd88-2527c0cde0f7"
          ],
          "failures": [],
          "pending": [],
          "skipped": [],
          "duration": 2,
          "root": false,
          "rootEmpty": false,
          "_timeout": 2000
        },
        {
          "uuid": "1599b9d3-42c1-4b56-9753-ff5f2a17197b",
          "title": "patternSchema",
          "fullFile": "/home/runner/work/planwithus-lib/planwithus-lib/src/matchRule/pattern/schemas.test.ts",
          "file": "/src/matchRule/pattern/schemas.test.ts",
          "beforeHooks": [],
          "afterHooks": [],
          "tests": [
            {
              "title": "should validate non-empty pattern composed of A-Z, 0-9, x or *",
              "fullTitle": "patternSchema should validate non-empty pattern composed of A-Z, 0-9, x or *",
              "timedOut": false,
              "duration": 1,
              "state": "passed",
              "speed": "fast",
              "pass": true,
              "fail": false,
              "pending": false,
              "context": "[\n  {\n    \"title\": \"pattern sample 0\",\n    \"value\": \"CA36Z\"\n  },\n  {\n    \"title\": \"pattern sample 1\",\n    \"value\": \"UH5\"\n  },\n  {\n    \"title\": \"pattern sample 2\",\n    \"value\": \"VN0R\"\n  },\n  {\n    \"title\": \"pattern sample 3\",\n    \"value\": \"YI0xD\"\n  },\n  {\n    \"title\": \"pattern sample 4\",\n    \"value\": \"NRJ7\"\n  },\n  {\n    \"title\": \"pattern sample 5\",\n    \"value\": \"ZT10x\"\n  },\n  {\n    \"title\": \"pattern sample 6\",\n    \"value\": \"JI045\"\n  },\n  {\n    \"title\": \"pattern sample 7\",\n    \"value\": \"EEU758D\"\n  },\n  {\n    \"title\": \"pattern sample 8\",\n    \"value\": \"BGVx90\"\n  },\n  {\n    \"title\": \"pattern sample 9\",\n    \"value\": \"RV064\"\n  }\n]",
              "code": "fast_check_1.sample(index_test_2.pattern, 10).forEach((sample, i) => addContext_1.default(this, {\n    title: `pattern sample ${i}`,\n    value: sample,\n}));\nreturn fast_check_1.assert(fast_check_1.property(index_test_2.pattern, ajvValidate), {\n    examples: [[\"*\"], [\"ACC1002\"], [\"IS1103\"], [\"CS1231S\"], [\"MA1102R\"]],\n});",
              "err": {},
              "uuid": "1c1965de-133f-4782-831a-50e9bf9f3ae5",
              "parentUUID": "1599b9d3-42c1-4b56-9753-ff5f2a17197b",
              "isHook": false,
              "skipped": false
            },
            {
              "title": "should not validate empty pattern",
              "fullTitle": "patternSchema should not validate empty pattern",
              "timedOut": false,
              "duration": 0,
              "state": "passed",
              "speed": "fast",
              "pass": true,
              "fail": false,
              "pending": false,
              "context": null,
              "code": "isInvalidPattern(\"\")",
              "err": {},
              "uuid": "c62e87bd-66e6-4212-bf88-b80937894164",
              "parentUUID": "1599b9d3-42c1-4b56-9753-ff5f2a17197b",
              "isHook": false,
              "skipped": false
            },
            {
              "title": "should not validate pattern with invalid characters",
              "fullTitle": "patternSchema should not validate pattern with invalid characters",
              "timedOut": false,
              "duration": 1,
              "state": "passed",
              "speed": "fast",
              "pass": true,
              "fail": false,
              "pending": false,
              "context": null,
              "code": "[\"AB123a\", \"Ac123a\", \"AB123^S\", \"AB1*3^S\", \"$A1*3^S\", \"/A1x33S\"].forEach(isInvalidPattern)",
              "err": {},
              "uuid": "17cab9c8-88dd-43a2-85d1-dec25cf80414",
              "parentUUID": "1599b9d3-42c1-4b56-9753-ff5f2a17197b",
              "isHook": false,
              "skipped": false
            }
          ],
          "suites": [],
          "passes": [
            "1c1965de-133f-4782-831a-50e9bf9f3ae5",
            "c62e87bd-66e6-4212-bf88-b80937894164",
            "17cab9c8-88dd-43a2-85d1-dec25cf80414"
          ],
          "failures": [],
          "pending": [],
          "skipped": [],
          "duration": 2,
          "root": false,
          "rootEmpty": false,
          "_timeout": 2000
        },
        {
          "uuid": "6147a9eb-dcb1-40cb-b014-9dc6e8f70199",
          "title": "patternMatchRuleSatisfier",
          "fullFile": "/home/runner/work/planwithus-lib/planwithus-lib/src/matchRule/satisfiers.test.ts",
          "file": "/src/matchRule/satisfiers.test.ts",
          "beforeHooks": [],
          "afterHooks": [],
          "tests": [
            {
              "title": "should assign only valid modules with pattern match rule containing no exclude patterns",
              "fullTitle": "patternMatchRuleSatisfier should assign only valid modules with pattern match rule containing no exclude patterns",
              "timedOut": false,
              "duration": 0,
              "state": "passed",
              "speed": "fast",
              "pass": true,
              "fail": false,
              "pending": false,
              "context": null,
              "code": "const { assign } = satisfiers_1.patternMatchRuleSatisfier(ref, { pattern: \"CS1xxx*\" });\nisCorrectAssign(assign, modulesList1, [\"CS1231\", \"CS1231S\"]);",
              "err": {},
              "uuid": "ea107389-4379-4608-9d93-dd717a430457",
              "parentUUID": "6147a9eb-dcb1-40cb-b014-9dc6e8f70199",
              "isHook": false,
              "skipped": false
            },
            {
              "title": "should assign only valid modules with pattern match rule containing an exclude pattern",
              "fullTitle": "patternMatchRuleSatisfier should assign only valid modules with pattern match rule containing an exclude pattern",
              "timedOut": false,
              "duration": 0,
              "state": "passed",
              "speed": "fast",
              "pass": true,
              "fail": false,
              "pending": false,
              "context": null,
              "code": "const { assign } = satisfiers_1.patternMatchRuleSatisfier(ref, {\n    pattern: \"MA1xxx*\",\n    exclude: \"MA15xx\",\n});\nisCorrectAssign(assign, modulesList1, [\n    \"MA1100\",\n    \"MA1101R\",\n    \"MA1102R\",\n    \"MA1511A\",\n]);",
              "err": {},
              "uuid": "a36e37c3-b225-44cc-b22f-4c40367d29cd",
              "parentUUID": "6147a9eb-dcb1-40cb-b014-9dc6e8f70199",
              "isHook": false,
              "skipped": false
            },
            {
              "title": "should assign only valid modules with pattern match rule containing multiple exclude patterns",
              "fullTitle": "patternMatchRuleSatisfier should assign only valid modules with pattern match rule containing multiple exclude patterns",
              "timedOut": false,
              "duration": 0,
              "state": "passed",
              "speed": "fast",
              "pass": true,
              "fail": false,
              "pending": false,
              "context": null,
              "code": "const { assign } = satisfiers_1.patternMatchRuleSatisfier(ref, {\n    pattern: \"MA*\",\n    exclude: [\"MA151x*\", \"MA2xxx\"],\n});\nisCorrectAssign(assign, modulesList1, [\n    \"MA1100\",\n    \"MA1101R\",\n    \"MA1102R\",\n    \"MA1507\",\n    \"MA1521\",\n    \"MA2101S\",\n]);",
              "err": {},
              "uuid": "6db7a216-b5ff-4bdf-83ae-b9aa344f99dc",
              "parentUUID": "6147a9eb-dcb1-40cb-b014-9dc6e8f70199",
              "isHook": false,
              "skipped": false
            }
          ],
          "suites": [],
          "passes": [
            "ea107389-4379-4608-9d93-dd717a430457",
            "a36e37c3-b225-44cc-b22f-4c40367d29cd",
            "6db7a216-b5ff-4bdf-83ae-b9aa344f99dc"
          ],
          "failures": [],
          "pending": [],
          "skipped": [],
          "duration": 0,
          "root": false,
          "rootEmpty": false,
          "_timeout": 2000
        },
        {
          "uuid": "fe290e71-4476-4002-8ec1-815fa91305e0",
          "title": "matchRuleSchema",
          "fullFile": "/home/runner/work/planwithus-lib/planwithus-lib/src/matchRule/schemas.test.ts",
          "file": "/src/matchRule/schemas.test.ts",
          "beforeHooks": [],
          "afterHooks": [],
          "tests": [
            {
              "title": "should validate match rule with valid pattern",
              "fullTitle": "matchRuleSchema should validate match rule with valid pattern",
              "timedOut": false,
              "duration": 1,
              "state": "passed",
              "speed": "fast",
              "pass": true,
              "fail": false,
              "pending": false,
              "context": "[\n  {\n    \"title\": \"pattern sample 0\",\n    \"value\": \"BVW44\"\n  },\n  {\n    \"title\": \"pattern sample 1\",\n    \"value\": \"JI67\"\n  },\n  {\n    \"title\": \"pattern sample 2\",\n    \"value\": \"MVB3\"\n  },\n  {\n    \"title\": \"pattern sample 3\",\n    \"value\": \"GMY7X\"\n  },\n  {\n    \"title\": \"pattern sample 4\",\n    \"value\": \"FT74P\"\n  },\n  {\n    \"title\": \"pattern sample 5\",\n    \"value\": \"JW*\"\n  },\n  {\n    \"title\": \"pattern sample 6\",\n    \"value\": \"AK74\"\n  },\n  {\n    \"title\": \"pattern sample 7\",\n    \"value\": \"ZLU60*\"\n  },\n  {\n    \"title\": \"pattern sample 8\",\n    \"value\": \"VUx\"\n  },\n  {\n    \"title\": \"pattern sample 9\",\n    \"value\": \"LQI0592H\"\n  }\n]",
              "code": "fast_check_1.sample(index_test_3.pattern, 10).forEach((sample, i) => addContext_1.default(this, {\n    title: `pattern sample ${i}`,\n    value: sample,\n}));\nreturn fast_check_1.assert(fast_check_1.property(index_test_3.pattern, ajvValidate));",
              "err": {},
              "uuid": "95737ed6-fb46-48bb-a0fd-0d3b234ae535",
              "parentUUID": "fe290e71-4476-4002-8ec1-815fa91305e0",
              "isHook": false,
              "skipped": false
            },
            {
              "title": "should validate match rules with valid pattern, exclude and info",
              "fullTitle": "matchRuleSchema should validate match rules with valid pattern, exclude and info",
              "timedOut": false,
              "duration": 2,
              "state": "passed",
              "speed": "fast",
              "pass": true,
              "fail": false,
              "pending": false,
              "context": "[\n  {\n    \"title\": \"patternMatchRule sample 0\",\n    \"value\": {\n      \"pattern\": \"MN47\",\n      \"exclude\": [\n        \"HF5539Q\",\n        \"FIB8x\"\n      ],\n      \"info\": \"z#>JTh\"\n    }\n  },\n  {\n    \"title\": \"patternMatchRule sample 1\",\n    \"value\": {\n      \"pattern\": \"QW0058Y\",\n      \"info\": \"}\"\n    }\n  },\n  {\n    \"title\": \"patternMatchRule sample 2\",\n    \"value\": {\n      \"pattern\": \"OM04D\",\n      \"info\": \"H]D.33/-r\\\"\"\n    }\n  },\n  {\n    \"title\": \"patternMatchRule sample 3\",\n    \"value\": {\n      \"pattern\": \"JRx4\",\n      \"exclude\": \"CQ5\",\n      \"info\": \"{=\"\n    }\n  },\n  {\n    \"title\": \"patternMatchRule sample 4\",\n    \"value\": {\n      \"pattern\": \"TF882\",\n      \"exclude\": \"SLU8x35\",\n      \"info\": \"xg}\"\n    }\n  },\n  {\n    \"title\": \"patternMatchRule sample 5\",\n    \"value\": {\n      \"pattern\": \"ZZxx\",\n      \"exclude\": \"SE81\",\n      \"info\": \"xKO|\"\n    }\n  },\n  {\n    \"title\": \"patternMatchRule sample 6\",\n    \"value\": {\n      \"pattern\": \"GP638\",\n      \"exclude\": \"MO1*\",\n      \"info\": \"y\\\"\"\n    }\n  },\n  {\n    \"title\": \"patternMatchRule sample 7\",\n    \"value\": {\n      \"pattern\": \"HO6\",\n      \"exclude\": \"JRU77G\",\n      \"info\": \"$$yz{\"\n    }\n  },\n  {\n    \"title\": \"patternMatchRule sample 8\",\n    \"value\": {\n      \"pattern\": \"PPW73\",\n      \"exclude\": \"DCG2\",\n      \"info\": \"H7 \"\n    }\n  },\n  {\n    \"title\": \"patternMatchRule sample 9\",\n    \"value\": {\n      \"pattern\": \"CSxC\",\n      \"exclude\": \"YA5160\",\n      \"info\": \"l4 \"\n    }\n  }\n]",
              "code": "fast_check_1.sample(index_test_2.patternMatchRule, 10).forEach((sample, i) => addContext_1.default(this, {\n    title: `patternMatchRule sample ${i}`,\n    value: sample,\n}));\nreturn fast_check_1.assert(fast_check_1.property(index_test_2.patternMatchRule, ajvValidate));",
              "err": {},
              "uuid": "20ef41dc-b6d9-47c8-8d33-f8df64b661c5",
              "parentUUID": "fe290e71-4476-4002-8ec1-815fa91305e0",
              "isHook": false,
              "skipped": false
            },
            {
              "title": "should validate valid recursive match rules",
              "fullTitle": "matchRuleSchema should validate valid recursive match rules",
              "timedOut": false,
              "duration": 6,
              "state": "passed",
              "speed": "fast",
              "pass": true,
              "fail": false,
              "pending": false,
              "context": "[\n  {\n    \"title\": \"matchRule sample 0\",\n    \"value\": {\n      \"or\": [\n        {\n          \"and\": [\n            \"KJC576x\",\n            \"TKX4x8x\",\n            \"RRK2647\"\n          ]\n        },\n        {\n          \"or\": [\n            {\n              \"and\": []\n            }\n          ]\n        },\n        \"MG67W\",\n        \"BE7x15\",\n        {\n          \"pattern\": \"ZO7*\",\n          \"exclude\": []\n        }\n      ]\n    }\n  },\n  {\n    \"title\": \"matchRule sample 1\",\n    \"value\": {\n      \"pattern\": \"PU8P\",\n      \"exclude\": [\n        \"QEL8\",\n        \"CLS80\"\n      ],\n      \"info\": \"|\"\n    }\n  },\n  {\n    \"title\": \"matchRule sample 2\",\n    \"value\": \"BOZ0\"\n  },\n  {\n    \"title\": \"matchRule sample 3\",\n    \"value\": {\n      \"or\": [\n        {\n          \"or\": [\n            \"TY71\",\n            \"ZN8\",\n            {\n              \"or\": [\n                \"FM57x5\",\n                \"WN8154R\",\n                \"WFI3*x0B\"\n              ]\n            }\n          ]\n        },\n        {\n          \"pattern\": \"QRJ75\",\n          \"exclude\": [\n            \"WO5\",\n            \"PY23\",\n            \"IAN26\"\n          ]\n        }\n      ]\n    }\n  },\n  {\n    \"title\": \"matchRule sample 4\",\n    \"value\": {\n      \"and\": []\n    }\n  },\n  {\n    \"title\": \"matchRule sample 5\",\n    \"value\": {\n      \"pattern\": \"EU361Y\",\n      \"exclude\": [\n        \"XN3*x\",\n        \"SQ2Z\",\n        \"IL4x9*N\",\n        \"CBX039J\",\n        \"LW3106P\"\n      ]\n    }\n  },\n  {\n    \"title\": \"matchRule sample 6\",\n    \"value\": \"DKM47x1H\"\n  },\n  {\n    \"title\": \"matchRule sample 7\",\n    \"value\": {\n      \"pattern\": \"CSA31Z\",\n      \"info\": \"sd![;\"\n    }\n  },\n  {\n    \"title\": \"matchRule sample 8\",\n    \"value\": \"YY32\"\n  },\n  {\n    \"title\": \"matchRule sample 9\",\n    \"value\": {\n      \"and\": []\n    }\n  }\n]",
              "code": "fast_check_1.sample(index_test_2.matchRule, 10).forEach((sample, i) => addContext_1.default(this, {\n    title: `matchRule sample ${i}`,\n    value: sample,\n}));\nreturn fast_check_1.assert(fast_check_1.property(index_test_2.matchRule, ajvValidate));",
              "err": {},
              "uuid": "677a22a2-1c1f-46da-ad02-8248e76c2519",
              "parentUUID": "fe290e71-4476-4002-8ec1-815fa91305e0",
              "isHook": false,
              "skipped": false
            },
            {
              "title": "should not validate non-string/object",
              "fullTitle": "matchRuleSchema should not validate non-string/object",
              "timedOut": false,
              "duration": 0,
              "state": "passed",
              "speed": "fast",
              "pass": true,
              "fail": false,
              "pending": false,
              "context": null,
              "code": "const error = {\n    instancePath: \"\",\n    message: \"match rule should be either a string or an object\",\n};\nisInvalidRule(null, error);\nisInvalidRule(undefined, error);\nisInvalidRule(10, error);\nisInvalidRule([12, 24], error);",
              "err": {},
              "uuid": "61af7df3-0b75-44e9-a816-baf1b5c67263",
              "parentUUID": "fe290e71-4476-4002-8ec1-815fa91305e0",
              "isHook": false,
              "skipped": false
            },
            {
              "title": "should not validate match rules with extra properties",
              "fullTitle": "matchRuleSchema should not validate match rules with extra properties",
              "timedOut": false,
              "duration": 0,
              "state": "passed",
              "speed": "fast",
              "pass": true,
              "fail": false,
              "pending": false,
              "context": null,
[...]
              "timedOut": false,
              "duration": 0,
              "state": "passed",
              "speed": "fast",
              "pass": true,
              "fail": false,
              "pending": false,
              "context": null,
              "code": "const satisfier = satisfiers_1.inequalitySatisfier(ref, \"<=16\");\nsatisfier.should.have.property(\"filter\");\nconst { filter } = satisfier;\nisCorrectFilter(filter, modulesList1, [\n    \"CS2100\",\n    \"GER1000\",\n    \"CS2040S\",\n    \"ST2131\",\n]);",
              "err": {},
              "uuid": "248e2743-a9db-4b00-990e-de24161d6526",
              "parentUUID": "5448de09-882b-4cdf-b043-0a046703baf7",
              "isHook": false,
              "skipped": false
            },
            {
              "title": "should truncate list of modules with upper bound of MCs, cutting off at the minimum starting sequence that exceeds upper bound, if total MC count is higher and there exists no starting sequence with exact MC count",
              "fullTitle": "inequalitySatisfier should truncate list of modules with upper bound of MCs, cutting off at the minimum starting sequence that exceeds upper bound, if total MC count is higher and there exists no starting sequence with exact MC count",
              "timedOut": false,
              "duration": 1,
              "state": "passed",
              "speed": "fast",
              "pass": true,
              "fail": false,
              "pending": false,
              "context": null,
              "code": "const satisfier = satisfiers_1.inequalitySatisfier(ref, \"<=17\");\nsatisfier.should.have.property(\"filter\");\nconst { filter } = satisfier;\nisCorrectFilter(filter, modulesList1, [\n    \"CS2100\",\n    \"GER1000\",\n    \"CS2040S\",\n    \"ST2131\",\n    \"MA1521\",\n]);",
              "err": {},
              "uuid": "c7e13ff3-9ffb-40db-9e63-8a563f5a8806",
              "parentUUID": "5448de09-882b-4cdf-b043-0a046703baf7",
              "isHook": false,
              "skipped": false
            }
          ],
          "suites": [],
          "passes": [
            "fafed730-99a6-4d60-b9a9-3e498b924014",
            "59629d05-045d-4d98-b272-6873bbcfdae2",
            "c4e09dbb-a466-457d-9839-222fe31086cc",
            "34d51082-d78c-4cb9-9c57-1f28f28f1b59",
            "e6293f04-ba9c-4dbc-81c6-94f6d26b0d30",
            "248e2743-a9db-4b00-990e-de24161d6526",
            "c7e13ff3-9ffb-40db-9e63-8a563f5a8806"
          ],
          "failures": [],
          "pending": [],
          "skipped": [],
          "duration": 2,
          "root": false,
          "rootEmpty": false,
          "_timeout": 2000
        },
        {
          "uuid": "b01edb6e-4fbb-4844-96bb-98215b601850",
          "title": "inequalitySchema",
          "fullFile": "/home/runner/work/planwithus-lib/planwithus-lib/src/satisfyRule/inequality/schemas.test.ts",
          "file": "/src/satisfyRule/inequality/schemas.test.ts",
          "beforeHooks": [],
          "afterHooks": [],
          "tests": [
            {
              "title": "should validate inequality in the form <=n or >=n",
              "fullTitle": "inequalitySchema should validate inequality in the form <=n or >=n",
              "timedOut": false,
              "duration": 1,
              "state": "passed",
              "speed": "fast",
              "pass": true,
              "fail": false,
              "pending": false,
              "context": "[\n  {\n    \"title\": \"inequality sample 0\",\n    \"value\": \">=98\"\n  },\n  {\n    \"title\": \"inequality sample 1\",\n    \"value\": \"<=196\"\n  },\n  {\n    \"title\": \"inequality sample 2\",\n    \"value\": \">=135\"\n  },\n  {\n    \"title\": \"inequality sample 3\",\n    \"value\": \"<=180\"\n  },\n  {\n    \"title\": \"inequality sample 4\",\n    \"value\": \">=200\"\n  },\n  {\n    \"title\": \"inequality sample 5\",\n    \"value\": \"<=99\"\n  },\n  {\n    \"title\": \"inequality sample 6\",\n    \"value\": \">=199\"\n  },\n  {\n    \"title\": \"inequality sample 7\",\n    \"value\": \">=7\"\n  },\n  {\n    \"title\": \"inequality sample 8\",\n    \"value\": \"<=7\"\n  },\n  {\n    \"title\": \"inequality sample 9\",\n    \"value\": \"<=97\"\n  }\n]",
              "code": "fast_check_1.sample(index_test_2.inequality, 10).forEach((sample, i) => addContext_1.default(this, {\n    title: `inequality sample ${i}`,\n    value: sample,\n}));\nreturn fast_check_1.assert(fast_check_1.property(index_test_2.inequality, ajvValidate));",
              "err": {},
              "uuid": "f2e269f7-f999-4c84-8012-2c30d877c242",
              "parentUUID": "b01edb6e-4fbb-4844-96bb-98215b601850",
              "isHook": false,
              "skipped": false
            },
            {
              "title": "should not validate inequality of invalid form",
              "fullTitle": "inequalitySchema should not validate inequality of invalid form",
              "timedOut": false,
              "duration": 1,
              "state": "passed",
              "speed": "fast",
              "pass": true,
              "fail": false,
              "pending": false,
              "context": null,
              "code": "[\n        \"\",\n        \"==23\",\n        \"23\",\n        \"<23\",\n        \">23\",\n        \"<=-1\",\n        \">=-1\",\n        \"<= 2\",\n        \">= 1\",\n        \"> 3\",\n        \"< 3\",\n        \"<=3a\",\n        \">=3a\",\n        \"a<=3\",\n        \"a>=3\",\n    ].forEach(isInvalidInequality)",
              "err": {},
              "uuid": "2901859d-0a82-4a89-8875-39e976b78677",
              "parentUUID": "b01edb6e-4fbb-4844-96bb-98215b601850",
              "isHook": false,
              "skipped": false
            }
          ],
          "suites": [],
          "passes": [
            "f2e269f7-f999-4c84-8012-2c30d877c242",
            "2901859d-0a82-4a89-8875-39e976b78677"
          ],
          "failures": [],
          "pending": [],
          "skipped": [],
          "duration": 2,
          "root": false,
          "rootEmpty": false,
          "_timeout": 2000
        },
        {
          "uuid": "314c98cf-29fd-41e1-938d-b8c42e430482",
          "title": "satisfyRuleSchema",
          "fullFile": "/home/runner/work/planwithus-lib/planwithus-lib/src/satisfyRule/schemas.test.ts",
          "file": "/src/satisfyRule/schemas.test.ts",
          "beforeHooks": [],
          "afterHooks": [],
          "tests": [
            {
              "title": "should validate satisfy rule with valid block id",
              "fullTitle": "satisfyRuleSchema should validate satisfy rule with valid block id",
              "timedOut": false,
              "duration": 0,
              "state": "passed",
              "speed": "fast",
              "pass": true,
              "fail": false,
              "pending": false,
              "context": null,
              "code": "fast_check_1.assert(fast_check_1.property(fast_check_1.string(), ajvValidate)",
              "err": {},
              "uuid": "c960fd84-3c7a-4a08-8b6e-4cc21b02a1a4",
              "parentUUID": "314c98cf-29fd-41e1-938d-b8c42e430482",
              "isHook": false,
              "skipped": false
            },
            {
              "title": "should validate satisfy rules with valid mc",
              "fullTitle": "satisfyRuleSchema should validate satisfy rules with valid mc",
              "timedOut": false,
              "duration": 1,
              "state": "passed",
              "speed": "fast",
              "pass": true,
              "fail": false,
              "pending": false,
              "context": "[\n  {\n    \"title\": \"mcSatisfyRule sample 0\",\n    \"value\": {\n      \"mc\": \">=55\"\n    }\n  },\n  {\n    \"title\": \"mcSatisfyRule sample 1\",\n    \"value\": {\n      \"mc\": \">=88\"\n    }\n  },\n  {\n    \"title\": \"mcSatisfyRule sample 2\",\n    \"value\": {\n      \"mc\": \">=7\"\n    }\n  },\n  {\n    \"title\": \"mcSatisfyRule sample 3\",\n    \"value\": {\n      \"mc\": \">=157\"\n    }\n  },\n  {\n    \"title\": \"mcSatisfyRule sample 4\",\n    \"value\": {\n      \"mc\": \">=40\"\n    }\n  },\n  {\n    \"title\": \"mcSatisfyRule sample 5\",\n    \"value\": {\n      \"mc\": \">=4\"\n    }\n  },\n  {\n    \"title\": \"mcSatisfyRule sample 6\",\n    \"value\": {\n      \"mc\": \"<=1\"\n    }\n  },\n  {\n    \"title\": \"mcSatisfyRule sample 7\",\n    \"value\": {\n      \"mc\": \">=35\"\n    }\n  },\n  {\n    \"title\": \"mcSatisfyRule sample 8\",\n    \"value\": {\n      \"mc\": \"<=200\"\n    }\n  },\n  {\n    \"title\": \"mcSatisfyRule sample 9\",\n    \"value\": {\n      \"mc\": \">=105\"\n    }\n  }\n]",
              "code": "fast_check_1.sample(index_test_2.mcSatisfyRule, 10).forEach((sample, i) => addContext_1.default(this, {\n    title: `mcSatisfyRule sample ${i}`,\n    value: sample,\n}));\nreturn fast_check_1.assert(fast_check_1.property(index_test_2.mcSatisfyRule, ajvValidate));",
              "err": {},
              "uuid": "5e0452bb-ed60-4f1b-b6c0-288c16694960",
              "parentUUID": "314c98cf-29fd-41e1-938d-b8c42e430482",
              "isHook": false,
              "skipped": false
            },
            {
              "title": "should validate valid recursive satisfy rules",
              "fullTitle": "satisfyRuleSchema should validate valid recursive satisfy rules",
              "timedOut": false,
              "duration": 4,
              "state": "passed",
              "speed": "fast",
              "pass": true,
              "fail": false,
              "pending": false,
              "context": "[\n  {\n    \"title\": \"satisfyRule sample 0\",\n    \"value\": \"7flUfy$-sg\"\n  },\n  {\n    \"title\": \"satisfyRule sample 1\",\n    \"value\": {\n      \"or\": [\n        {\n          \"mc\": \"<=132\"\n        },\n        \"17<(#K\",\n        {\n          \"mc\": \">=128\"\n        },\n        {\n          \"mc\": \"<=30\"\n        }\n      ]\n    }\n  },\n  {\n    \"title\": \"satisfyRule sample 2\",\n    \"value\": \"6\"\n  },\n  {\n    \"title\": \"satisfyRule sample 3\",\n    \"value\": \"g[y`\"\n  },\n  {\n    \"title\": \"satisfyRule sample 4\",\n    \"value\": {\n      \"or\": []\n    }\n  },\n  {\n    \"title\": \"satisfyRule sample 5\",\n    \"value\": {\n      \"mc\": \">=5\"\n    }\n  },\n  {\n    \"title\": \"satisfyRule sample 6\",\n    \"value\": {\n      \"or\": [\n        {\n          \"and\": [\n            \"#zz\",\n            {\n              \"mc\": \"<=74\"\n            },\n            \"6S g\\\"\",\n            \".=O:-!Tw\"\n          ]\n        }\n      ]\n    }\n  },\n  {\n    \"title\": \"satisfyRule sample 7\",\n    \"value\": {\n      \"and\": [\n        {\n          \"mc\": \">=104\"\n        },\n        {\n          \"or\": [\n            {\n              \"mc\": \"<=36\"\n            },\n            {\n              \"or\": [\n                {\n                  \"and\": [\n                    \"2bxG~\",\n                    {\n                      \"mc\": \">=89\"\n                    },\n                    \"Z!N1~dmb\",\n                    {\n                      \"or\": [\n                        \"|hdnp'\",\n                        \"9y0\",\n                        {\n                          \"mc\": \">=35\"\n                        },\n                        \"#lUWa\"\n                      ]\n                    },\n                    {\n                      \"and\": [\n                        \"Co5*C\",\n                        {\n                          \"or\": [\n                            \"lc8ad01Ooq\",\n                            \"C\",\n                            \"-Y\",\n                            \"yz\",\n                            \"H\"\n                          ]\n                        },\n                        \"aujS;(oM\"\n                      ]\n                    }\n                  ]\n                },\n                \"(*[|gxUq1\",\n                \"&~Z:c.#A[\",\n                {\n                  \"or\": [\n                    \"4DU\"\n                  ]\n                }\n              ]\n            },\n            \"6E9>\",\n            {\n              \"mc\": \"<=106\"\n            }\n          ]\n        },\n        \"T$[\",\n        {\n          \"or\": [\n            {\n              \"or\": [\n                {\n                  \"and\": []\n                },\n                {\n                  \"mc\": \"<=175\"\n                },\n                \"Lb\"\n              ]\n            },\n            {\n              \"and\": [\n                \"(Y>w\",\n                \"i5VDp\"\n              ]\n            },\n            {\n              \"or\": []\n            },\n            \".d\"\n          ]\n        },\n        {\n          \"mc\": \">=92\"\n        }\n      ]\n    }\n  },\n  {\n    \"title\": \"satisfyRule sample 8\",\n    \"value\": \"%yr#)$x%;$\"\n  },\n  {\n    \"title\": \"satisfyRule sample 9\",\n    \"value\": \"b:cQ,\"\n  }\n]",
              "code": "fast_check_1.sample(index_test_2.satisfyRule, 10).forEach((sample, i) => addContext_1.default(this, {\n    title: `satisfyRule sample ${i}`,\n    value: sample,\n}));\nreturn fast_check_1.assert(fast_check_1.property(index_test_2.satisfyRule, ajvValidate));",
              "err": {},
              "uuid": "a0cf5312-60e8-4f80-b944-85b3ad276f4a",
              "parentUUID": "314c98cf-29fd-41e1-938d-b8c42e430482",
              "isHook": false,
              "skipped": false
            },
            {
              "title": "should not validate non-string/object",
              "fullTitle": "satisfyRuleSchema should not validate non-string/object",
              "timedOut": false,
              "duration": 1,
              "state": "passed",
              "speed": "fast",
              "pass": true,
              "fail": false,
              "pending": false,
              "context": null,
              "code": "const error = {\n    instancePath: \"\",\n    message: \"satisfy rule should be either a string or an object\",\n};\nisInvalidRule(null, error);\nisInvalidRule(undefined, error);\nisInvalidRule(10, error);\nisInvalidRule([12, 24], error);",
              "err": {},
              "uuid": "b2cfe83d-9e6f-4f76-9245-310c46d74be6",
              "parentUUID": "314c98cf-29fd-41e1-938d-b8c42e430482",
              "isHook": false,
              "skipped": false
            },
            {
              "title": "should not validate satisfy rules with extra properties",
              "fullTitle": "satisfyRuleSchema should not validate satisfy rules with extra properties",
              "timedOut": false,
              "duration": 1,
              "state": "passed",
              "speed": "fast",
              "pass": true,
              "fail": false,
              "pending": false,
              "context": null,
              "code": "isInvalidRule({\n        and: [\n            { or: [\"2k\"], abc: \"def\" },\n            { mc: 8, ghi: \"jkl\" },\n        ],\n        mno: \"pqr\",\n    }, {\n        instancePath: \"/and/0\",\n        message: \"or satisfy rule should have property 'or' only\",\n    }, {\n        instancePath: \"/and/1\",\n        message: \"MC satisfy rule should have property 'mc' only\",\n    }, {\n        instancePath: \"\",\n        message: \"and satisfy rule should have property 'and' only\",\n    })",
              "err": {},
              "uuid": "ed4b3c1c-0158-4a9d-8695-918b445f6c3a",
              "parentUUID": "314c98cf-29fd-41e1-938d-b8c42e430482",
              "isHook": false,
              "skipped": false
            },
            {
              "title": "should not validate ambiguous satisfy rules",
              "fullTitle": "satisfyRuleSchema should not validate ambiguous satisfy rules",
              "timedOut": false,
              "duration": 0,
              "state": "passed",
              "speed": "fast",
              "pass": true,
              "fail": false,
              "pending": false,
              "context": null,
              "code": "const message = \"satisfy rule should have only one of properties 'mc', 'and', 'or'\";\nisInvalidRule({\n    or: [\n        { mc: 5, and: [\"CS2040\"] },\n        { and: [{ and: [\"abc\"], or: [\"def\"] }] },\n    ],\n}, { instancePath: \"/or/0\", message }, { instancePath: \"/or/1/and/0\", message });",
              "err": {},
              "uuid": "6f51d42d-2e4a-4989-821d-78b8c070bcce",
              "parentUUID": "314c98cf-29fd-41e1-938d-b8c42e430482",
              "isHook": false,
              "skipped": false
            },
            {
              "title": "should not validate and satisfy rules with non-array property",
              "fullTitle": "satisfyRuleSchema should not validate and satisfy rules with non-array property",
              "timedOut": false,
              "duration": 0,
              "state": "passed",
              "speed": "fast",
              "pass": true,
              "fail": false,
              "pending": false,
              "context": null,
              "code": "const message = \"property 'and' should be an array of satisfy rules\";\nisInvalidRule({ or: [{ and: {} }, { or: [{ and: 3 }] }] }, { instancePath: \"/or/0/and\", message }, { instancePath: \"/or/1/or/0/and\", message });",
              "err": {},
              "uuid": "bf6c8939-6496-46ea-85e6-afd98da029a7",
              "parentUUID": "314c98cf-29fd-41e1-938d-b8c42e430482",
              "isHook": false,
              "skipped": false
            },
            {
              "title": "should not validate or satisfy rules with non-array property",
              "fullTitle": "satisfyRuleSchema should not validate or satisfy rules with non-array property",
              "timedOut": false,
              "duration": 0,
              "state": "passed",
              "speed": "fast",
              "pass": true,
              "fail": false,
              "pending": false,
              "context": null,
              "code": "const message = \"property 'or' should be an array of satisfy rules\";\nisInvalidRule({ and: [{ or: {} }, { and: [{ or: 3 }] }] }, { instancePath: \"/and/0/or\", message }, { instancePath: \"/and/1/and/0/or\", message });",
              "err": {},
              "uuid": "e51180c8-0aea-4295-8115-46a31e719498",
              "parentUUID": "314c98cf-29fd-41e1-938d-b8c42e430482",
              "isHook": false,
              "skipped": false
            }
          ],
          "suites": [],
          "passes": [
            "c960fd84-3c7a-4a08-8b6e-4cc21b02a1a4",
            "5e0452bb-ed60-4f1b-b6c0-288c16694960",
            "a0cf5312-60e8-4f80-b944-85b3ad276f4a",
            "b2cfe83d-9e6f-4f76-9245-310c46d74be6",
            "ed4b3c1c-0158-4a9d-8695-918b445f6c3a",
            "6f51d42d-2e4a-4989-821d-78b8c070bcce",
            "bf6c8939-6496-46ea-85e6-afd98da029a7",
            "e51180c8-0aea-4295-8115-46a31e719498"
          ],
          "failures": [],
          "pending": [],
          "skipped": [],
          "duration": 7,
          "root": false,
          "rootEmpty": false,
          "_timeout": 2000
        }
      ],
      "passes": [],
      "failures": [],
      "pending": [],
      "skipped": [],
      "duration": 0,
      "root": true,
      "rootEmpty": true,
      "_timeout": 2000
    }
  ],
  "meta": {
    "mocha": {
      "version": "9.0.2"
    },
    "mochawesome": {
      "options": {
        "quiet": false,
        "reportFilename": "mochawesome",
        "saveHtml": true,
        "saveJson": true,
        "consoleReporter": "spec",
        "useInlineDiffs": false,
        "code": true
      },
      "version": "6.2.2"
    },
    "marge": {
      "options": {
        "reportDir": "docs"
      },
      "version": "5.2.0"
    }
  }
}