{
  "stats": {
    "suites": 6,
    "tests": 29,
    "passes": 29,
    "pending": 0,
    "failures": 0,
    "start": "2021-06-25T13:59:08.220Z",
    "end": "2021-06-25T13:59:08.512Z",
    "duration": 292,
    "testsRegistered": 29,
    "passPercent": 100,
    "pendingPercent": 0,
    "other": 0,
    "hasOther": false,
    "skipped": 0,
    "hasSkipped": false
  },
  "results": [
    {
      "uuid": "296af138-04d1-473a-bf37-63422d07e7cc",
      "title": "",
      "fullFile": "",
      "file": "",
      "beforeHooks": [],
      "afterHooks": [],
      "tests": [],
      "suites": [
        {
          "uuid": "f7245655-e566-4135-bbc3-f0dd05769c8a",
          "title": "initDirectories",
          "fullFile": "/home/runner/work/planwithus-lib/planwithus-lib/src/block/schemas.test.ts",
          "file": "/src/block/schemas.test.ts",
          "beforeHooks": [],
          "afterHooks": [],
          "tests": [
            {
              "title": "should parse all blocks with no errors",
              "fullTitle": "initDirectories should parse all blocks with no errors",
              "timedOut": false,
              "duration": 3,
              "state": "passed",
              "speed": "fast",
              "pass": true,
              "fail": false,
              "pending": false,
              "context": null,
              "code": "_1.initDirectories.should.not.throw()",
              "err": {},
              "uuid": "d7f6ff10-9caf-4410-9e65-5f3d0eaf1991",
              "parentUUID": "f7245655-e566-4135-bbc3-f0dd05769c8a",
              "isHook": false,
              "skipped": false
            },
            {
              "title": "should produce primary, second & minor directories",
              "fullTitle": "initDirectories should produce primary, second & minor directories",
              "timedOut": false,
              "duration": 45,
              "state": "passed",
              "speed": "medium",
              "pass": true,
              "fail": false,
              "pending": false,
              "context": null,
              "code": "const directories = await _1.initDirectories();\ndirectories.should.have.property(\"primary\");\ndirectories.should.have.property(\"second\");\ndirectories.should.have.property(\"minor\");",
              "err": {},
              "uuid": "15b4dfe6-9613-42f9-83e9-6250799c74c0",
              "parentUUID": "f7245655-e566-4135-bbc3-f0dd05769c8a",
              "isHook": false,
              "skipped": false
            }
          ],
          "suites": [],
          "passes": [
            "d7f6ff10-9caf-4410-9e65-5f3d0eaf1991",
            "15b4dfe6-9613-42f9-83e9-6250799c74c0"
          ],
          "failures": [],
          "pending": [],
          "skipped": [],
          "duration": 48,
          "root": false,
          "rootEmpty": false,
          "_timeout": 2000
        },
        {
          "uuid": "0679a047-7469-48d8-a7e0-2066a92f508d",
          "title": "blockSchema",
          "fullFile": "/home/runner/work/planwithus-lib/planwithus-lib/src/block/schemas.test.ts",
          "file": "/src/block/schemas.test.ts",
          "beforeHooks": [],
          "afterHooks": [],
          "tests": [
            {
              "title": "should validate valid block",
              "fullTitle": "blockSchema should validate valid block",
              "timedOut": false,
              "duration": 196,
              "state": "passed",
              "speed": "slow",
              "pass": true,
              "fail": false,
              "pending": false,
              "context": "[\n  {\n    \"title\": \"block sample 0\",\n    \"value\": {\n      \"name\": \"(I%YOUV)R\",\n      \"ay\": 2007,\n      \"assign\": \"x=q!&!q&3#\",\n      \"match\": {\n        \"pattern\": \"AI0\",\n        \"exclude\": \"HA2\",\n        \"info\": \"5D%_fX\\\\2\"\n      },\n      \"satisfy\": [\n        \"%L8\",\n        {\n          \"or\": [\n            {\n              \"mc\": \">=134\"\n            },\n            {\n              \"mc\": \"<=2\"\n            }\n          ]\n        }\n      ],\n      \"url\": \"https://mzwfhdnl9uknq3-53yjbjulkjqcvmd6chf5ly4e4f9y78egz8hvz9.f.dfbe6sw980psw-a.4eceqg0x55beccbnf7zcbrb77cc-dj9ccb1e6ov7otebefe-8z74abef5e.yi/Dm0y//1p=h08:~2/+=ca\",\n      \"info\": \"!\",\n      \"2x6e$rp2k\": {\n        \"name\": \"C7eq&D\\\"\",\n        \"ay\": 2022,\n        \"assign\": \"\",\n        \"match\": {\n          \"and\": [\n            {\n              \"or\": []\n            }\n          ]\n        },\n        \"satisfy\": [\n          {\n            \"and\": [\n              {\n                \"mc\": \">=44\"\n              },\n              \"vp?H$[P UY\",\n              {\n                \"and\": [\n                  {\n                    \"and\": [\n                      \"M\",\n                      \"^\",\n                      \"\"\n                    ]\n                  },\n                  {\n                    \"and\": [\n                      \"d][6?\\\"mbU\",\n                      \"W~j-LI}&\",\n                      \"l=\"\n                    ]\n                  }\n                ]\n              },\n              {\n                \"mc\": \"<=62\"\n              }\n            ]\n          },\n          {\n            \"or\": [\n              {\n                \"or\": [\n                  \"\",\n                  {\n                    \"and\": [\n                      {\n                        \"mc\": \"<=45\"\n                      },\n                      {\n                        \"or\": [\n                          \"D:_@\",\n                          \"9E!\",\n                          \":],O\",\n                          {\n                            \"or\": [\n                              \"WVI\",\n                              \"l\",\n                              \"\",\n                              \"jJ\",\n                              \"m,XpTD47\"\n                            ]\n                          },\n                          {\n                            \"mc\": \">=139\"\n                          }\n                        ]\n                      },\n                      \"FH2U=G\"\n                    ]\n                  },\n                  \"gNJF~\"\n                ]\n              },\n              {\n                \"or\": []\n              },\n              \"}+T\"\n            ]\n          }\n        ],\n        \"url\": \"http://1.nu5tveiwiuaorbuk5c1gsftjote.v0d3l5-19vbqpoe697r0ak70.3du.yxa.dd/c%F3%B0%84%A26_l_8w/fy_5dr~K2/5pFE)/o~HCCQewC/VE/kS-8(/lr~v%F4%80%A0%96%F0%A9%BB%BBOu\",\n        \"info\": \"b\"\n      },\n      \"@hLIxDO*\": {\n        \"name\": \"'G\",\n        \"ay\": 1971,\n        \"assign\": [\n          \":ZZ(g);\",\n          \"\"\n        ],\n        \"match\": {\n          \"pattern\": \"WDWx\",\n          \"info\": \"SqViBVi6b\"\n        },\n        \"satisfy\": [\n          {\n            \"mc\": \">=78\"\n          }\n        ],\n        \"url\": \"https://dcb84vjor0dmnmon52ujl5n3ujg05ul9-yj-xg447i9h9bzs-g.f9s6hfpdn8dof0gtei94ngk1c1px2k83czljq0zxhnd0qh5r.thiwoq/G&D4=/@q\",\n        \"info\": \"%=u1?hCu&\"\n      },\n      \"'ASl\\\\\": {\n        \"name\": \"=\",\n        \"assign\": [\n          \"sKaQY3\",\n          \"L\",\n          \":YbR\",\n          \"9u5`fQ7\\\\(\"\n        ],\n        \"match\": [\n          {\n            \"or\": [\n              \"VTE9\",\n              {\n                \"and\": [\n                  {\n                    \"or\": [\n                      \"EC3\",\n                      {\n                        \"pattern\": \"GYI8\",\n                        \"exclude\": [\n                          \"WLY8941\",\n                          \"CS4703V\",\n                          \"YMU63X\",\n                          \"QHY0xL\",\n                          \"AQ25*H\"\n                        ],\n                        \"info\": \".9M\"\n                      },\n                      {\n                        \"and\": []\n                      },\n                      {\n                        \"pattern\": \"UG84\",\n                        \"exclude\": [\n                          \"JR65x5\",\n                          \"HS3\",\n                          \"GQ6404\",\n                          \"XBA444B\"\n                        ],\n                        \"info\": \"(JG\"\n                      }\n                    ]\n                  },\n                  \"VPH041\",\n                  {\n                    \"and\": [\n                      {\n                        \"and\": [\n                          \"JMO1xQ\"\n                        ]\n                      },\n                      {\n                        \"or\": [\n                          \"QBM054\",\n                          \"CE4P\"\n                        ]\n                      },\n                      {\n                        \"pattern\": \"HIF369\",\n                        \"exclude\": \"RY4\",\n                        \"info\": \"+y8hvxQEyY\"\n                      },\n                      \"CC3P\"\n                    ]\n                  },\n                  \"VZ8*26C\",\n                  {\n                    \"and\": [\n                      \"OFxD\",\n                      \"AFV4\"\n                    ]\n                  }\n                ]\n              }\n            ]\n          },\n          {\n            \"and\": []\n          }\n        ],\n        \"satisfy\": {\n          \"or\": []\n        },\n        \"info\": \"W4?g+{\"\n      },\n      \"wa\": {\n        \"name\": \"\",\n        \"ay\": 1970,\n        \"assign\": [\n          \"_sv\\\\HZBC\"\n        ],\n        \"match\": {\n          \"or\": []\n        },\n        \"satisfy\": {\n          \"and\": [\n            \"]5Uw/]UM\",\n            {\n              \"or\": [\n                \"\",\n                \"#%og W/\"\n              ]\n            },\n            {\n              \"and\": []\n            }\n          ]\n        },\n        \"url\": \"https://p36dp4ejh7l1gk0ye9903d87yjpd2mepe1i3mgrj0iopq9cqgbber7l5nt1.prmixptg/4/AaM2ptw/T-5vA9Z/*R!3FG(I-/uJk%F1%87%B5%836(6/Rn&nHR6oXx/$oCkb)/SXNsdf//'AU%EA%84%BAr\",\n        \"info\": \"G\"\n      },\n      \"ggj&9cxps^\": {\n        \"name\": \">cVPXt\",\n        \"ay\": 2025,\n        \"match\": {\n          \"pattern\": \"ZSV85*9\",\n          \"exclude\": [\n            \"UK564I\",\n            \"ZV1\",\n            \"AT7\"\n          ],\n          \"info\": \"fk}8 whawD\"\n        },\n        \"satisfy\": [\n          {\n            \"mc\": \"<=4\"\n          }\n        ],\n        \"url\": \"https://6zgv-6y2c3lt3id-vr1jgx3oj19bs3n.mtj8tp5jzhni8526vx9y5051uz--a8bmhl35xf3caz0rxmvjhfuh9k28e4w6b.ibotx1xupea02k8ooyhfw5-fcizufh0hfslkxmlahrp5vrow725.gri\",\n        \"info\": \"O2lm.kft\",\n        \"/<h k@NIB\": {\n          \"name\": \"e\",\n          \"ay\": 2006,\n          \"assign\": \"\",\n          \"match\": {\n            \"or\": [\n              {\n                \"pattern\": \"VKH361Y\",\n                \"exclude\": [\n                  \"XZ865R\"\n                ],\n                \"info\": \"\"\n              },\n              \"CHX322\",\n              {\n                \"pattern\": \"IP7x8W\",\n                \"exclude\": \"VME9799\"\n              }\n            ]\n          },\n          \"satisfy\": {\n            \"mc\": \"<=177\"\n          }\n        },\n        \"wQ?~yG/H$\": {\n          \"name\": \"Y;;ylqK\\\"F\",\n          \"assign\": \"c=U\\\\)\",\n          \"match\": [],\n          \"satisfy\": \"VA\",\n          \"url\": \"https://e18hlgcq4yzx0usl6n72ap6w75bsj102w1fyb5alec54o6bw2u7c3pt532ovu.vlb.zrebfgze/hl&%F0%95%A6%85,Q5Z~~//$(Jt/G-R'm/RHmwC1R/5%F1%8D%AD%B87Ir%F2%99%B3%AD=,/T-%F2%9F%AF%B3PRK\",\n          \"info\": \"`OR@Z\"\n        }\n      }\n    }\n  },\n  {\n    \"title\": \"block sample 1\",\n    \"value\": {\n      \"name\": \"{ \",\n      \"ay\": 1956,\n      \"assign\": [\n        \"[w z9$\",\n        \"ot;c(\",\n        \"9)\",\n        \">]#??.Zww&\",\n        \">\"\n      ],\n      \"match\": {\n        \"and\": [\n          {\n            \"and\": [\n              {\n                \"or\": [\n                  \"IN583\",\n                  \"YF2x*7\",\n                  {\n                    \"and\": [\n                      {\n                        \"and\": [\n                          \"OJ4*75Q\",\n                          {\n                            \"or\": [\n                              \"CGAx\",\n                              \"RJP26\",\n                              \"VAR7x26I\"\n                            ]\n                          },\n                          \"ZNK4198\",\n                          \"JCx09\",\n                          \"EY15K\"\n                        ]\n                      }\n                    ]\n                  }\n                ]\n              },\n              \"NT*2P\"\n            ]\n          },\n          \"JGM94L\",\n          {\n            \"or\": [\n              \"HTx0\",\n              \"VBC290G\"\n            ]\n          }\n        ]\n      },\n      \"satisfy\": \"\",\n      \"url\": \"https://w3cvonnsxxpr6lbtp-6.glpf/h)1/5pbVt@K+gI/;O16A*.CY/i%F3%9F%92%BDx/auNJD3p/U)=2E20%F3%84%A6%89B/G*%F0%B9%96%94r_!/1/\",\n      \"t\": {\n        \"ay\": 1977,\n        \"assign\": \"2WaIS\",\n        \"match\": [\n          {\n            \"or\": [\n              {\n                \"and\": [\n                  {\n                    \"pattern\": \"IUK9547\",\n                    \"exclude\": [],\n                    \"info\": \"gWJJG\"\n                  },\n                  {\n                    \"or\": [\n                      {\n                        \"and\": [\n                          \"PYM2Z\",\n                          \"WVZ0*8X\"\n                        ]\n                      },\n                      \"VYK6925\"\n                    ]\n                  },\n                  \"NB60\"\n                ]\n              },\n              {\n                \"and\": [\n                  \"YQ1*2\",\n                  \"OXC13*9Y\",\n                  {\n                    \"pattern\": \"HAC9974\",\n                    \"exclude\": \"EK8x\",\n                    \"info\": \"vU]6\"\n                  },\n                  {\n                    \"or\": []\n                  },\n                  \"WFA3187\"\n                ]\n              },\n              \"XI3\"\n            ]\n          }\n        ],\n        \"satisfy\": {\n          \"and\": [\n            {\n              \"mc\": \"<=2\"\n            }\n          ]\n        },\n        \"url\": \"http://e6be.e.wjhik/-0%F4%8F%BF%B8/i=1az-uUL/SE/6/Yx%F2%96%87%85DYA/%F1%AA%9A%83KBW,/:efaen\"\n      },\n      \"z!&\": {\n        \"name\": \"$xN'%TX&L \",\n        \"assign\": \"1Wx\",\n        \"match\": {\n          \"pattern\": \"LO1A\",\n          \"exclude\": [\n            \"OL288\"\n          ],\n          \"info\": \"$\"\n        },\n        \"satisfy\": [\n          {\n            \"mc\": \">=108\"\n          },\n          {\n            \"and\": [\n              {\n                \"or\": []\n              },\n              {\n                \"or\": [\n                  \"=sMa3o{O\",\n                  {\n                    \"mc\": \">=76\"\n                  },\n                  {\n                    \"and\": [\n                      {\n                        \"or\": [\n                          \"]zF@|]2_QN\",\n                          \"3x$ucN{;.#\",\n                          \"@q`FW\",\n                          {\n                            \"mc\": \">=182\"\n                          }\n                        ]\n                      },\n                      {\n                        \"mc\": \">=17\"\n                      },\n                      {\n                        \"or\": [\n                          {\n                            \"and\": [\n                              \"^\",\n                              \"W|4{\",\n                              \"v6\",\n                              {\n                                \"mc\": \"<=95\"\n                              },\n                              \"\"\n                            ]\n                          },\n                          \"\",\n                          \"wMXg\"\n                        ]\n                      },\n                      {\n                        \"mc\": \"<=46\"\n                      },\n                      \"6zgf\"\n                    ]\n                  },\n                  \"\\\"fzK\",\n                  {\n                    \"or\": [\n                      \"aL?\",\n                      {\n                        \"and\": [\n                          \"L$&Y\",\n                          {\n                            \"and\": [\n                              \"K!G\",\n                              \"3)A3+u\",\n                              \"v'W3)m\",\n                              \" f:\",\n                              \"g y(\"\n                            ]\n                          },\n                          {\n                            \"or\": [\n                              \"\",\n                              \"(1%0=\\\\YC\",\n                              \"\\\\0cK\\\"~\",\n                              \"C@rlN~\"\n                            ]\n                          },\n                          \" PJD\"\n                        ]\n                      }\n                    ]\n                  }\n                ]\n              },\n              {\n                \"mc\": \"<=113\"\n              },\n              {\n                \"or\": [\n                  \")w;HrA~\",\n                  {\n                    \"or\": [\n                      \"1g!IMD\",\n                      \"G0N]u\",\n                      \"'a% dvQu:t\",\n                      \"f$!87lS)[\",\n                      \"p\"\n                    ]\n                  },\n                  {\n                    \"or\": [\n                      \"v\",\n                      {\n                        \"or\": []\n                      },\n                      \"Qia\"\n                    ]\n                  }\n                ]\n              },\n              {\n                \"and\": [\n                  {\n                    \"and\": [\n                      \"\",\n                      {\n                        \"mc\": \"<=98\"\n                      },\n                      {\n                        \"or\": [\n                          \"-3\",\n                          \"\",\n                          \"\\\\\",\n                          \" EYW(z\"\n                        ]\n                      },\n                      \"|? SOb('\",\n                      {\n                        \"mc\": \"<=17\"\n                      }\n                    ]\n                  },\n                  {\n                    \"or\": [\n                      \"jGI\",\n                      {\n                        \"and\": [\n                          \"\",\n                          \"RbZ2J?\",\n                          \"?y{kaj\\\"d\",\n                          \"1\",\n                          {\n                            \"or\": [\n                              \"&h=6x 2h\",\n                              \"{?GH/\\\\\\\"w5S\",\n                              \">GTU\"\n                            ]\n                          }\n                        ]\n                      },\n                      \"~_\\\":@2g~\",\n                      \"sI\"\n                    ]\n                  },\n                  {\n                    \"and\": []\n                  }\n                ]\n              }\n            ]\n          },\n          {\n            \"or\": [\n              {\n                \"and\": [\n                  {\n                    \"mc\": \"<=161\"\n                  }\n                ]\n              },\n              {\n                \"mc\": \">=193\"\n              }\n            ]\n          },\n          {\n            \"or\": []\n          }\n        ],\n        \"url\": \"https://7.hn46z4e8wm2rd1zxupv990wqmqal3-c98b.22b3mc6034eb4c51p805n.vs/$g/;P/*@Jo%F3%BF%BD%99O5E.I/%F2%81%86%B5/,_b/F-_g:=,Bd/%F2%A8%A0%87(/dh%2a/S;/,yBD%F2%90%AB%BD%F2%92%BC%BC7\",\n        \"info\": \"hzD!V\",\n        \"3`H1t-;n\": {\n          \"name\": \"$=#\",\n          \"ay\": 2027,\n          \"assign\": \"<!vD;t~i\",\n          \"match\": [\n            \"GH796\",\n            {\n              \"and\": [\n                {\n                  \"or\": [\n                    {\n                      \"pattern\": \"TRI4*9N\",\n                      \"exclude\": [\n                        \"YNHx099R\",\n                        \"HIxx27B\"\n                      ],\n                      \"info\": \"RX|s\"\n                    }\n                  ]\n                },\n                \"YJR461x\"\n              ]\n            },\n            {\n              \"pattern\": \"HV*6D\",\n              \"exclude\": \"NWC58C\",\n              \"info\": \"$Xx& >#_?$\"\n            }\n          ],\n          \"url\": \"https://noo-p6tpdguto1sden-y9okrsynbdw-i9txy0ge7bkmlos079agi.iusmiq25zsau3t6p4syxhnr5uo4.89hy1i8m51duesveaokgxknfybk5j3rydny.wzq\",\n          \"info\": \"2VvZRf]-?\"\n        },\n        \"I\": {\n          \"ay\": 2005,\n          \"assign\": [\n            \"$\\\"\"\n          ],\n          \"match\": [],\n          \"satisfy\": \"|}D+G\"\n        },\n        \"1Y\\\\!9@=b\": {\n          \"name\": \"i$z\",\n          \"ay\": 2029,\n          \"match\": {\n            \"or\": []\n          },\n          \"satisfy\": [],\n          \"info\": \"9PGJW$\"\n        },\n        \";y# \\\"#ZgY\": {\n          \"ay\": 2025,\n          \"assign\": [\n            \"Ha DfD\"\n          ],\n          \"match\": [\n            \"RJ5W\"\n          ],\n          \"satisfy\": [\n            {\n              \"or\": [\n                {\n                  \"and\": [\n                    \"Q/\",\n                    \"Q&\",\n                    {\n                      \"or\": [\n                        {\n                          \"mc\": \"<=173\"\n                        },\n                        {\n                          \"mc\": \"<=55\"\n                        },\n                        {\n                          \"mc\": \">=133\"\n                        },\n                        {\n                          \"or\": [\n                            \"\\\\*\"\n                          ]\n                        },\n                        {\n                          \"mc\": \">=61\"\n                        }\n                      ]\n                    },\n                    {\n                      \"mc\": \"<=136\"\n                    },\n                    {\n                      \"mc\": \"<=26\"\n                    }\n                  ]\n                },\n                {\n                  \"and\": [\n                    {\n                      \"or\": [\n                        \"TN)]BI$,\",\n                        \"H\"\n                      ]\n                    },\n                    {\n                      \"and\": [\n                        \"T0t\",\n                        \"\\\\A+UWcI\",\n                        \"hKY,k5\",\n                        \"uqDY5%L\"\n                      ]\n                    },\n                    {\n                      \"and\": []\n                    },\n                    \"xQx^Lk{47!\",\n                    {\n                      \"mc\": \"<=96\"\n                    }\n                  ]\n                },\n                {\n                  \"mc\": \"<=159\"\n                },\n                {\n                  \"mc\": \"<=159\"\n                }\n              ]\n            },\n            \"/>,\",\n            {\n              \"or\": [\n                {\n                  \"mc\": \"<=65\"\n                },\n                {\n                  \"mc\": \">=50\"\n                },\n                {\n                  \"mc\": \">=51\"\n                },\n                {\n                  \"and\": []\n                }\n              ]\n            },\n            {\n              \"and\": []\n            },\n            {\n              \"mc\": \">=81\"\n            }\n          ],\n          \"info\": \"8&\"\n        },\n        \"`yr\": {\n          \"ay\": 1974,\n          \"assign\": \"Ymei@K\\\"8M\",\n          \"match\": {\n            \"pattern\": \"IIK804x\",\n            \"exclude\": [\n              \"FT98\"\n            ],\n            \"info\": \"om\"\n          },\n          \"satisfy\": [],\n          \"url\": \"https://d.5na7win5dm2b7arsttqfbttwo0x-ls5n-yy28e1ayv4z7.eg70h16z8.iptbitt\",\n          \"info\": \"\\\\\"\n        }\n      },\n      \"j!\": {\n        \"name\": \"\",\n        \"ay\": 2024,\n        \"assign\": [\n          \"jvJxgjMbfN\",\n          \"n$r^il\"\n        ],\n        \"match\": {\n          \"or\": []\n        },\n        \"satisfy\": \"$\",\n        \"url\": \"https://9qs4ioiid5iaz3uwymqxpdf2cw-2h1wqbeaqnb2f6bt.mknue-y3w-5vl7hmfbcp-rnal6i3nnfhc9e8.i4dhhbluwmprrbl9qvdmltvgswyimcjyoqt8wmk-xbewipq73wqu.xinuxcaqthh75kux1.uql/Rqk:QsAD5o/eR'iHQ/%F2%AD%91%B1p~xD:C%F1%90%81%AEEk//C-xuVfeXNx/+5+m\"\n      },\n      \"\": {\n        \"name\": \"{P\",\n        \"ay\": 1982,\n        \"assign\": \"'\",\n        \"match\": \"MHX74\",\n        \"url\": \"http://x0p519xlt0okdu5o82936qnei1ztkx-f488nypr5tqbkee.a5.ffivx/yI8z6%F1%97%98%83r/%F4%8F%BF%B4;3/(%296e/%F4%8F%BF%BA\",\n        \"info\": \"0C\"\n      },\n      \"i\": {\n        \"name\": \"*u&$\",\n        \"ay\": 2025,\n        \"match\": [\n          {\n            \"pattern\": \"VJQ0\",\n            \"info\": \"G9\"\n          },\n          \"AV2X\"\n        ],\n        \"satisfy\": {\n          \"and\": [\n            \"h\"\n          ]\n        },\n        \"info\": \"$0\",\n        \"B0hBT5&Q?\": {\n          \"name\": \"7Q%\\\" 9R`\\\\3\",\n          \"ay\": 1958,\n          \"assign\": [\n            \"\"\n          ],\n          \"match\": [\n            {\n              \"and\": []\n            },\n            {\n              \"pattern\": \"JVx33\",\n              \"exclude\": [\n                \"HJx31T\"\n              ],\n              \"info\": \"G#\"\n            },\n            \"AB4x6\",\n            \"VKS25x\",\n            \"QLxx77A\"\n          ],\n          \"satisfy\": {\n            \"mc\": \">=86\"\n          },\n          \"url\": \"http://m7x97ue8.smukl/%F3%8C%AB%B0Eo1/PN_/l8/94AkwS37/MpV%F0%95%96%B0/EvA!wx5\",\n          \"info\": \"@\"\n        },\n        \"~>.pd\": {\n          \"name\": \"E%3^\\\"ok9t\",\n          \"ay\": 2013,\n          \"assign\": [],\n          \"match\": {\n            \"and\": []\n          },\n          \"satisfy\": \"<~ri.LnK\",\n          \"url\": \"http://xlx-qmm3qtauxu8rt8z5sw4xo1gtf3txa6ue38iir3dvrg4.l0ely1t7v4em1qhiw7yde-nxg4e6vw.e.pssnq4vu-9o82cbvs48rx7j7-fli4e1bu1oycl.htef/p%F2%B7%B0%97l5*/,rUJjpS/ZaDenTjwJZ//*iR/XO%F1%BE%A7%BC(XTTW,/le\",\n          \"info\": \"YM\"\n        }\n      }\n    }\n  },\n  {\n    \"title\": \"block sample 2\",\n    \"value\": {\n      \"name\": \"\",\n      \"ay\": 1960,\n      \"assign\": [\n        \"|{W\"\n      ],\n      \"match\": {\n        \"or\": [\n          {\n            \"or\": [\n              {\n                \"or\": [\n                  {\n                    \"or\": [\n                      \"SO09*J\",\n                      \"KWA7664\",\n                      \"YN0xD\",\n                      {\n                        \"and\": []\n                      },\n                      {\n                        \"and\": [\n                          \"CAX5x9\",\n                          \"TKH8\",\n                          \"EDT01B\"\n                        ]\n                      }\n                    ]\n                  },\n                  \"AW6\"\n                ]\n              },\n              {\n                \"or\": []\n              }\n            ]\n          },\n          {\n            \"or\": [\n              \"FRD89T\",\n              {\n                \"pattern\": \"MM5898D\",\n                \"exclude\": [\n                  \"NQ7324\",\n                  \"DGMxX\"\n                ],\n                \"info\": \"FM)RB@\\\"XX\"\n              },\n              {\n                \"or\": []\n              }\n            ]\n          },\n          {\n            \"pattern\": \"BUV*321Q\",\n            \"exclude\": [\n              \"PEU21\",\n              \"WXG2x72I\"\n            ],\n            \"info\": \"zjP}/w}\"\n          }\n        ]\n      },\n      \"satisfy\": [\n        {\n          \"or\": [\n            {\n              \"and\": [\n                {\n                  \"or\": []\n                },\n                \"nSZ/o<1Gm\"\n              ]\n            }\n          ]\n        },\n        {\n          \"mc\": \">=196\"\n        },\n        {\n          \"and\": [\n            \"eKIE\"\n          ]\n        },\n        {\n          \"and\": [\n            {\n              \"or\": [\n                \"#Nt`:HF4Y\",\n                {\n                  \"and\": [\n                    \"o8\"\n                  ]\n                }\n              ]\n            },\n            {\n              \"or\": [\n                {\n                  \"and\": [\n                    {\n                      \"or\": [\n                        \",WV(V\"\n                      ]\n                    },\n                    {\n                      \"mc\": \">=30\"\n                    },\n                    {\n                      \"or\": []\n                    },\n                    \"?|9lb\"\n                  ]\n                },\n                \"&&9=yK ;~\"\n              ]\n            },\n            {\n              \"or\": [\n                \"hlb)=Qz1F|\",\n                {\n                  \"or\": [\n                    {\n                      \"and\": [\n                        {\n                          \"mc\": \"<=166\"\n                        },\n                        \";]O1I!Se\",\n                        \"&0<\",\n                        {\n                          \"or\": []\n                        }\n                      ]\n                    },\n                    {\n                      \"mc\": \"<=71\"\n                    },\n                    \"hp\"\n                  ]\n                },\n                \"vgXEmzQ\",\n                \"5_RcS4qG\"\n              ]\n            }\n          ]\n        }\n      ],\n      \"info\": \"rHN#\",\n      \"]6\": {\n        \"name\": \"N\",\n        \"ay\": 1966,\n        \"satisfy\": {\n          \"or\": [\n            {\n              \"or\": [\n                \"50x-[\"\n              ]\n            },\n            {\n              \"or\": [\n                {\n                  \"mc\": \"<=191\"\n                }\n              ]\n            }\n          ]\n        },\n        \"url\": \"https://v0bosepijkxzd.n8yqj4nf2w6gb212namiu1khk1vyyfgre58a.j.s4fz339ywsjynd6vtb5.gogo4nn9vejrapyu3015y9urhuxex99axu7rzflghj.divzieaxzx/%F2%BD%96%84Sw,Dmt/F%F1%95%BB%80R-Jqs%F1%90%AD%9Au/Mb@/6:v//8KJ%F3%BD%86%97/Z3Socoxv;\"\n      }\n    }\n  },\n  {\n    \"title\": \"block sample 3\",\n    \"value\": {\n      \"name\": \"9V)nE\",\n      \"ay\": 1952,\n      \"assign\": [\n        \"nfg\"\n      ],\n      \"match\": \"PBO43I\",\n      \"satisfy\": {\n        \"and\": [\n          {\n            \"mc\": \"<=5\"\n          }\n        ]\n      },\n      \"info\": \"&bu\"\n    }\n  },\n  {\n    \"title\": \"block sample 4\",\n    \"value\": {\n      \"name\": \"|J\",\n      \"ay\": 1957,\n      \"assign\": \" \",\n      \"match\": \"AR07\",\n      \"satisfy\": [\n        {\n          \"mc\": \"<=134\"\n        }\n      ],\n      \"url\": \"https://x9dc0km4mq4prz78--qvb9mpvur-i2nigrc7m5qnvqka9k74ewnwbhza.fy/5,=E%F1%9C%AC%948.2/vf%F4%8F%8D%85kSG*W7//;pa/Fi/S*-!8Q.bD/%F3%98%9B%90$q=q=%F2%AE%8B%8D0/.f0%F1%90%BF%95i%F0%B4%91%92p\",\n      \"info\": \"k\",\n      \"%\": {\n        \"name\": \"\",\n        \"ay\": 2013,\n        \"match\": \"IVx\",\n        \"satisfy\": \"'DU0CJ#Ew\",\n        \"url\": \"https://uzm8xdm26uu2644iv.vggid5avu5i7chj-gh-93ibx.yvgubie90jnjpwgq04hwlrthhnd4inn9s4irg4yy7pjwi5lbz6i.m9fp6vb57y092hc29n.lkitdb/%F3%81%85%9D!xBA08LG!/S%F4%82%B6%B8:J/6Hu:gX984/@T/=%F0%B4%A5%A3/QF/cjKzPz/OEb/CZ%F3%AE%AB%84\",\n        \"info\": \"08C~P5{wq\",\n        \"=(4>&\": {\n          \"name\": \"3J K\",\n          \"ay\": 1953,\n          \"assign\": \"Z'F1:\",\n          \"match\": [\n            \"BEG4\",\n            {\n              \"and\": [\n                {\n                  \"and\": [\n                    \"KJ2x\"\n                  ]\n                }\n              ]\n            }\n          ],\n          \"satisfy\": [\n            {\n              \"and\": [\n                {\n                  \"and\": [\n                    {\n                      \"mc\": \"<=166\"\n                    }\n                  ]\n                },\n                {\n                  \"or\": [\n                    \"bS+HGmKyu\"\n                  ]\n                },\n                \"\",\n                \"@*|X\"\n              ]\n            },\n            {\n              \"mc\": \"<=84\"\n            },\n            {\n              \"mc\": \"<=12\"\n            },\n            \"R\",\n            {\n              \"or\": [\n                \"'6)R\",\n                \"h&D=,0,(\",\n                {\n                  \"mc\": \">=71\"\n                },\n                \"nyQm:#pD{/\"\n              ]\n            }\n          ],\n          \"url\": \"http://8tb3byxo-v0yyea2.79kt0s0qd1lyimpeofghlfmp92f.4.9l5lyip0w3fpmjmkulmlees3skna7j55w1c834kjged6txyhh6vkz9.oul89ldvvadgkl54g1m669-6r7o.dd/Y18H$R4I/2guUw/=bupLX\",\n          \"info\": \"pc\"\n        },\n        \"{z}- )2bs\": {\n          \"name\": \"\\\"}z\",\n          \"ay\": 1954,\n          \"assign\": \"pv\",\n          \"match\": [\n            {\n              \"pattern\": \"GL451\",\n              \"exclude\": \"WLS45\",\n              \"info\": \"E{ =\"\n            },\n            {\n              \"pattern\": \"WXA760*\",\n              \"exclude\": [\n                \"AXC951D\"\n              ]\n            },\n            {\n              \"pattern\": \"HV083\",\n              \"exclude\": [\n                \"CK24\",\n                \"XL18Y\",\n                \"GE5\"\n              ],\n              \"info\": \"~\"\n            },\n            {\n              \"and\": [\n                {\n                  \"and\": [\n                    \"OGW9x49N\",\n                    \"UW*09\",\n                    \"CD503x\",\n                    \"AQ1\",\n                    \"RXS0J\"\n                  ]\n                },\n                {\n                  \"pattern\": \"PCO2*O\",\n                  \"info\": \"t).2=f\"\n                },\n                {\n                  \"and\": [\n                    \"GMK98\",\n                    {\n                      \"pattern\": \"YPE5\",\n                      \"exclude\": \"TI4*84S\",\n                      \"info\": \"nn\"\n                    },\n                    \"OU013\",\n                    \"BDx\",\n                    \"LFL3\"\n                  ]\n                },\n                {\n                  \"or\": [\n                    {\n                      \"or\": [\n                        \"TT70\"\n                      ]\n                    }\n                  ]\n                },\n                {\n                  \"or\": [\n                    \"XCJ5356\",\n                    {\n                      \"and\": [\n                        \"NP9532G\",\n                        \"OR86R\"\n                      ]\n                    }\n                  ]\n                }\n              ]\n            },\n            {\n              \"and\": [\n                {\n                  \"and\": [\n                    {\n                      \"and\": []\n                    }\n                  ]\n                }\n              ]\n            }\n          ],\n          \"satisfy\": [\n            \"bF(7je{U/0\"\n          ],\n          \"url\": \"https://h6zd1o2u2w6dkc5xgvp35dzzbhpspjtdk.hiiz86ou-2zlz.yfq5uij7g4nzhdqkolvx2fnvgur-x6p57b.clpy/e-ze*bLffN/1%F3%BE%9E%B7&!8%F2%A8%95%B8rV/a/b/-f/CjO\",\n          \"info\": \"y&e\"\n        }\n      },\n      \"^)\": {\n        \"name\": \"@L$y!#% #\",\n        \"assign\": \"?WeS,\",\n        \"match\": {\n          \"and\": [\n            {\n              \"and\": []\n            },\n            \"NR*\"\n          ]\n        },\n        \"satisfy\": [\n          {\n            \"and\": [\n              {\n                \"or\": [\n                  {\n                    \"or\": [\n                      {\n                        \"mc\": \">=125\"\n                      },\n                      \"X\",\n                      \"`\",\n                      \"jd)f-j{S\",\n                      {\n                        \"mc\": \"<=79\"\n                      }\n                    ]\n                  },\n                  {\n                    \"mc\": \">=192\"\n                  },\n                  {\n                    \"and\": [\n                      {\n                        \"or\": []\n                      }\n                    ]\n                  },\n                  {\n                    \"mc\": \">=185\"\n                  }\n                ]\n              },\n              {\n                \"mc\": \">=119\"\n              },\n              {\n                \"or\": [\n                  \"*z0v?\\\\%5\",\n                  {\n                    \"and\": []\n                  },\n                  \"\",\n                  {\n                    \"mc\": \"<=48\"\n                  }\n                ]\n              },\n              {\n                \"or\": [\n                  {\n                    \"and\": [\n                      \"DW?\\\"PL0v7;\",\n                      \"sf8=;bIU\",\n                      {\n                        \"or\": []\n                      },\n                      {\n                        \"or\": []\n                      }\n                    ]\n                  },\n                  \"F*CVz#fh#\",\n                  {\n                    \"and\": [\n                      {\n                        \"or\": [\n                          {\n                            \"and\": [\n                              {\n                                \"mc\": \">=93\"\n                              }\n                            ]\n                          },\n                          \"7uhP]\",\n                          {\n                            \"and\": [\n                              \"rxig@P))\",\n                              \"}Y\",\n                              \"[J.&Vi8B4\",\n                              \"\"\n                            ]\n                          },\n                          \"E%gA=\"\n                        ]\n                      },\n                      {\n                        \"or\": [\n                          \"T\",\n                          \"\",\n                          \"\"\n                        ]\n                      },\n                      \"b~c (g\",\n                      \"}\\\\H\"\n                    ]\n                  },\n                  \"spd*8)]d\",\n                  \"|&G\"\n                ]\n              },\n              {\n                \"and\": [\n                  \"%B*[]5,g~\"\n                ]\n              }\n            ]\n          },\n          {\n            \"mc\": \"<=176\"\n          },\n          \"c,c\",\n          {\n            \"or\": [\n              {\n                \"and\": [\n                  \"d9m\",\n                  {\n                    \"and\": []\n                  }\n                ]\n              },\n              {\n                \"or\": [\n                  \"I\",\n                  {\n                    \"or\": []\n                  },\n                  \"&MX\"\n                ]\n              },\n              \"d\"\n            ]\n          }\n        ],\n        \"url\": \"https://o.mkgv51o.cq/%26H%F0%A1%AA%B2+g;%F4%85%BD%A1c%23d/+\",\n        \"info\": \"@$qXFG$22\"\n      },\n      \"A\": {\n        \"name\": \"eGb=T:-E\",\n        \"assign\": \"?IV]w,[OO\",\n        \"satisfy\": {\n          \"and\": []\n        },\n        \"url\": \"http://y.ead8zcs8s6z28nt8p8sd00na4ntj0dcu2x1k4ypk3anpe898x.p.llcsy/%F1%BB%B5%A0/L*a1\",\n        \"info\": \"[l!@d\\\\ Us\"\n      }\n    }\n  },\n  {\n    \"title\": \"block sample 5\",\n    \"value\": {\n      \"name\": \"oaM\",\n      \"ay\": 1950,\n      \"assign\": [],\n      \"satisfy\": [\n        {\n          \"and\": [\n            \"vqm8D\\\"\"\n          ]\n        },\n        \"2M(\\\"yNMv\",\n        {\n          \"or\": [\n            {\n              \"or\": [\n                \"Q\",\n                \"Swm,IE\",\n                \"\",\n                \"*X~-w\"\n              ]\n            },\n            \"p\",\n            \"\"\n          ]\n        },\n        {\n          \"and\": [\n            \"kg/!\",\n            {\n              \"or\": [\n                \".\",\n                {\n                  \"or\": [\n                    {\n                      \"mc\": \"<=111\"\n                    },\n                    {\n                      \"or\": [\n                        \" 0n[;1Q\",\n                        \"$nM1it;\",\n                        \"d\",\n                        {\n                          \"mc\": \">=149\"\n                        }\n                      ]\n                    },\n                    \"m;\",\n                    \"\",\n                    \"\\\"_,<\"\n                  ]\n                }\n              ]\n            },\n            {\n              \"and\": [\n                \"O/C\"\n              ]\n            },\n            {\n              \"or\": [\n                \"%'70.g\"\n              ]\n            }\n          ]\n        },\n        {\n          \"mc\": \"<=31\"\n        }\n      ],\n      \"url\": \"https://f2-946-0fjx.xu/5D*C/B2'$l/E/Hzyi'%F2%A3%AB%A0frHi/D\",\n      \"info\": \"f\"\n    }\n  },\n  {\n    \"title\": \"block sample 6\",\n    \"value\": {\n      \"name\": \"|!ei#Q/\",\n      \"ay\": 2027,\n      \"assign\": \"V\",\n      \"match\": \"UP7xx5\",\n      \"satisfy\": [\n        \"/]$sgm`\",\n        \"mBbs\",\n        {\n          \"mc\": \">=117\"\n        },\n        {\n          \"and\": [\n            {\n              \"and\": []\n            },\n            {\n              \"and\": [\n                \";\",\n                {\n                  \"mc\": \">=2\"\n                }\n              ]\n            },\n            {\n              \"mc\": \">=196\"\n            },\n            {\n              \"mc\": \"<=153\"\n            }\n          ]\n        }\n      ],\n      \"url\": \"http://f.w55-hmvfsipky.hvtj4jliyil1dd02dwr5ppghta07yud0q92w1928.d-0bz7ep5-ptdbqws0xf55peugszsxrc5kt687-uuc-a6zsjo73eqsuh.5.fxxz/acb~f~/yH')lv/LkZ0/ecE@/c/,V&/d%F1%BB%90%A7Oj%F1%B7%87%8A\",\n      \"info\": \"i\\\\/85*)\"\n    }\n  },\n  {\n    \"title\": \"block sample 7\",\n    \"value\": {\n      \"name\": \"\",\n      \"ay\": 1965,\n      \"match\": {\n        \"and\": [\n          {\n            \"and\": [\n              {\n                \"and\": [\n                  \"QZ78*S\",\n                  {\n                    \"and\": [\n                      {\n                        \"or\": [\n                          \"PGM3J\"\n                        ]\n                      },\n                      {\n                        \"and\": [\n                          \"AME93B\",\n                          \"KRT6K\"\n                        ]\n                      },\n                      \"JH9946\",\n                      \"AOF1x\",\n                      \"CKL66*\"\n                    ]\n                  },\n                  \"EBO3185F\",\n                  \"PN2x9\",\n                  \"CK1V\"\n                ]\n              },\n              {\n                \"and\": []\n              }\n            ]\n          },\n          {\n            \"or\": [\n              \"GST818xC\",\n              \"QIQ4138X\",\n              {\n                \"pattern\": \"XOR*3*9V\",\n                \"exclude\": [\n                  \"DO583\",\n                  \"KWJx\",\n                  \"SD8819T\"\n                ],\n                \"info\": \"x$DOCZuG\"\n              }\n            ]\n          },\n          {\n            \"pattern\": \"UBB9U\",\n            \"exclude\": \"XQH7\"\n          }\n        ]\n      },\n      \"satisfy\": [],\n      \"url\": \"https://q9c.bvfpp\",\n      \"info\": \"gr#Ku\",\n      \"qV{po?UY'\": {\n        \"name\": \"/\",\n        \"ay\": 2009,\n        \"assign\": [\n          \"\",\n          \"xf</()D\"\n        ],\n        \"satisfy\": \"$2\",\n        \"url\": \"https://cfe3oao77w9lfhvosqoo-akfod4zu.bluw2ucqja0xx9pz37-ng6jkzkl1mma9sk61.yhniimmyi/.%F0%B4%83%AA/7KTZTy)\",\n        \"info\": \"s\",\n        \"k:!,\\\"\": {\n          \"name\": \"(%0Y\",\n          \"ay\": 1957,\n          \"assign\": [\n            \"sKw\",\n            \"{e6Wv1'\\\\b\",\n            \"schp]AV\",\n            \"z%yyK<C[!\"\n          ],\n          \"satisfy\": [\n            {\n              \"and\": [\n                {\n                  \"or\": [\n                    {\n                      \"and\": [\n                        \"K%9\\\\\",\n                        {\n                          \"mc\": \"<=125\"\n                        },\n                        \"w{vJPO\",\n                        \".~\",\n                        {\n                          \"and\": [\n                            \"GKHZU4y\",\n                            \"82F<$#\",\n                            {\n                              \"mc\": \"<=126\"\n                            }\n                          ]\n                        }\n                      ]\n                    }\n                  ]\n                },\n                \"up7^L\"\n              ]\n            },\n            {\n              \"or\": [\n                \"#\",\n                {\n                  \"or\": [\n                    {\n                      \"mc\": \"<=41\"\n                    },\n                    \"F}pkczb\",\n                    {\n                      \"and\": [\n                        \";QWbO)p_;\",\n                        \"zg\",\n                        {\n                          \"mc\": \">=20\"\n                        }\n                      ]\n                    },\n                    \"`c\",\n                    \"\"\n                  ]\n                }\n              ]\n            },\n            {\n              \"or\": [\n                {\n                  \"or\": [\n                    {\n                      \"or\": [\n                        \"|_8N4\",\n                        \"0fZ[c=c{\"\n                      ]\n                    }\n                  ]\n                }\n              ]\n            },\n            {\n              \"mc\": \">=164\"\n            },\n            \"E:E\"\n          ],\n          \"url\": \"https://ji6grzaabfwpjpurv5xgrphwo06jg-v7q-b6m1u3srywb8.km--i5jcl064aeckgxbrn4meifj-k.r57hfh4gkbpind8t2o6rhdhkenua.lb/j)_%F3%85%BB%AD6%F0%A7%98%90t.O/OlK_r\",\n          \"info\": \"!KgM\",\n          \"BWu,.B\": {\n            \"name\": \"9<l/Oh\",\n            \"ay\": 1972,\n            \"match\": [\n              {\n                \"pattern\": \"IX5F\",\n                \"exclude\": \"QWN71S\"\n              },\n              {\n                \"and\": []\n              },\n              {\n                \"and\": [\n                  {\n                    \"or\": [\n                      \"IB3\",\n                      \"VG349\",\n                      {\n                        \"pattern\": \"NE014E\",\n                        \"exclude\": \"FKx2E\",\n                        \"info\": \"oP%@/S\"\n                      },\n                      \"HY1492P\"\n                    ]\n                  },\n                  \"UG*3\"\n                ]\n              },\n              {\n                \"or\": []\n              }\n            ],\n            \"satisfy\": {\n              \"or\": [\n                \"`Ve\"\n              ]\n            },\n            \"info\": \"8\"\n          },\n          \"[*\": {\n            \"name\": \"*QD1#xq@\",\n            \"ay\": 2027,\n            \"assign\": [\n              \"h[\\\"B\",\n              \"t:\\\\|ze\",\n              \"6ciL>00\",\n              \",\"\n            ],\n            \"match\": [\n              \"CUU82*Y\",\n              {\n                \"or\": []\n              }\n            ],\n            \"satisfy\": [],\n            \"url\": \"http://2ue49jw2cdk.oeuamv8lnkq8mssr8kqq1dd4jzgsz0.omjr/3S/*I-P7=d/y$%F0%B0%84%8BtRy&Ru/A/*Hk&g/2+F/)D\",\n            \"info\": \"V0\"\n          },\n          \"]6&\": {\n            \"name\": \"^FQ<..P_M\",\n            \"ay\": 1982,\n            \"assign\": \"\",\n            \"match\": [\n              {\n                \"and\": [\n                  {\n                    \"pattern\": \"BCH2x\",\n                    \"exclude\": \"OC0T\",\n                    \"info\": \"aXD]\"\n                  },\n                  {\n                    \"pattern\": \"SK9\",\n                    \"exclude\": [\n                      \"FW45*xS\",\n                      \"KR243W\"\n                    ],\n                    \"info\": \"y59DJ[a=\\\"\"\n                  },\n                  \"BW5264K\"\n                ]\n              },\n              {\n                \"pattern\": \"TQT36I\",\n                \"exclude\": [\n                  \"AW05Q\",\n                  \"VV*4x7J\",\n                  \"VZ2045\",\n                  \"WI4D\",\n                  \"TY3V\"\n                ],\n                \"info\": \"<yo^pe=v\"\n              },\n              {\n                \"and\": []\n              },\n              {\n                \"and\": [\n                  \"LS3\",\n                  {\n                    \"or\": []\n                  },\n                  {\n                    \"pattern\": \"LC*2\",\n                    \"exclude\": \"AN7364B\",\n                    \"info\": \"sQ/'@A\"\n                  },\n                  \"QC77*\",\n                  {\n                    \"or\": [\n                      \"RIx*2B\",\n                      {\n                        \"and\": [\n                          {\n                            \"pattern\": \"TR4*5Z\",\n                            \"exclude\": [\n                              \"XF5*03\",\n                              \"SAQ46Y\"\n                            ],\n                            \"info\": \"|R$O{\"\n                          }\n                        ]\n                      },\n                      \"SF84F\"\n                    ]\n                  }\n                ]\n              },\n              \"TNR74O\"\n            ],\n            \"satisfy\": [],\n            \"url\": \"https://l.qw/Ze=btP)VC/mBa2\",\n            \"info\": \"wa\"\n          },\n          \"XN\": {\n            \"name\": \"t_ThBJ\\\"\\\\q\",\n            \"ay\": 1987,\n            \"satisfy\": [\n              {\n                \"or\": [\n                  {\n                    \"and\": [\n                      \"e2+FRF{/\",\n                      \",/\"\n                    ]\n                  },\n                  {\n                    \"mc\": \"<=120\"\n                  },\n                  {\n                    \"mc\": \">=101\"\n                  },\n                  {\n                    \"and\": [\n                      \"!Mk$cCd}}h\",\n                      {\n                        \"or\": [\n                          \"hixM,`bN\",\n                          \"m\\\"\",\n                          {\n                            \"or\": [\n                              \"_<d ZP2v\"\n                            ]\n                          },\n                          {\n                            \"or\": []\n                          }\n                        ]\n                      },\n                      \"G_8d.OMO\"\n                    ]\n                  }\n                ]\n              },\n              \"g]Y&\"\n            ],\n            \"url\": \"http://tgv0yhyo5qj31ko1svgqtzdwq6lift83dfcr6wbgya6f.wa/Ds~7rgDqrc/,/QA%F3%8B%9A%ABoWliRi/6W!7GcK,/ZLq&7SPQ/;*wCh3/%F3%92%B8%BDlWRm(/!%F0%B4%B6%AFcOBvK2-/ES0%F1%AD%87%A1-'aPzu\",\n            \"info\": \"W\"\n          }\n        },\n        \"1N8wOQF#K\\\"\": {\n          \"name\": \"#It{(]dti#\",\n          \"match\": {\n            \"and\": [\n              {\n                \"and\": []\n              }\n            ]\n          },\n          \"satisfy\": {\n            \"or\": []\n          },\n          \"url\": \"https://tx8nd3vwa7juy1zkr68plku7wzxs5zcnlqr6dlmfoltxt8g9096gi8jtynlv83.ynst/80i$OpIq~//&PJr%F0%99%B7%90/;Y/)gyQ8L/'/1hZu/!V;QiF/te/KIK6\",\n          \"info\": \"2ykw`\\\\'%'\",\n          \";L#r\\\".Gr0K\": {\n            \"name\": \"GXfz`v\",\n            \"ay\": 1991,\n            \"assign\": \"e8ZnzV&G\",\n            \"match\": {\n              \"and\": [\n                {\n                  \"and\": [\n                    \"SLF89x\",\n                    {\n                      \"pattern\": \"GJA2628\",\n                      \"exclude\": \"BU702\",\n                      \"info\": \"-xf4\"\n                    },\n                    \"FF4Q\",\n                    \"FLM9*6B\",\n                    \"DF46T\"\n                  ]\n                },\n                {\n                  \"pattern\": \"GM597A\",\n                  \"exclude\": \"RI**7Y\",\n                  \"info\": \"{\\\"*)()'M\"\n                },\n                {\n                  \"or\": [\n                    {\n                      \"or\": [\n                        \"FV71xH\",\n                        \"VG*\",\n                        \"UNF59H\",\n                        \"IB6\"\n                      ]\n                    }\n                  ]\n                },\n                {\n                  \"and\": [\n                    {\n                      \"or\": []\n                    },\n                    \"KHO825*\",\n                    {\n                      \"pattern\": \"ULR7E\",\n                      \"exclude\": [\n                        \"YBC27*D\",\n                        \"DMR1P\",\n                        \"BXW13\",\n                        \"MD5Y\",\n                        \"JT57C\"\n                      ],\n                      \"info\": \",jB\"\n                    }\n                  ]\n                }\n              ]\n            },\n            \"satisfy\": \"]\",\n            \"url\": \"https://gp9smf46h02nduo5--9uxe7xpq8-5mt8ntsn90o.c.2lhh66acc0zizzets3r9q018xrbhd1lpfc.3kvlspy75icm8i7.vanwwnj/mOV%F1%AE%A8%9DM)-/Xl,ATKZ9CS/5+LG(yK\"\n          },\n          \"G&01CC0o\\\"\": {\n            \"ay\": 2022,\n            \"assign\": [\n              \"/}y{_,\",\n              \"`btA,vSA\\\"\",\n              \"7-)A|Ds #H\"\n            ],\n            \"satisfy\": [\n              {\n                \"and\": [\n                  \"OFIKwX5`\"\n                ]\n              },\n              {\n                \"mc\": \">=42\"\n              },\n              \"O\",\n              \"\",\n              \"B$h,TwD\"\n            ],\n            \"url\": \"http://o.1aixh3r82c4ps59ubaxxz561d5x2rndazkve0yxmuzcluyf47.h992lhp9b59awnq3qiimp2we8zv96n862vbby5k1hf4yp.7b86incmps.5r.frrdgd/dwEyMH/~,~iPux/%F3%81%A7%A8&/:U)r/R7Oee%F3%8F%84%A4_f6/u(oK/A*%ED%9B%A363l/gc%F1%9C%92%BAI\",\n            \"info\": \"?HSsY,.*O\"\n          },\n          \"kEPw`\": {\n            \"name\": \"H\\\\k\",\n            \"ay\": 1953,\n            \"assign\": \"L5L\\\\{w@=y\",\n            \"match\": [\n              {\n                \"and\": [\n                  {\n                    \"or\": [\n                      {\n                        \"and\": [\n                          {\n                            \"and\": [\n                              \"QJR471P\",\n                              \"BPW8U\"\n                            ]\n                          },\n                          \"CR91*\",\n                          \"RQH06D\",\n                          {\n                            \"and\": [\n                              \"GCx*x0M\",\n                              \"HC2x9\"\n                            ]\n                          }\n                        ]\n                      },\n                      \"HLQ**J\"\n                    ]\n                  },\n                  {\n                    \"pattern\": \"IX59\",\n                    \"exclude\": \"CR*2M\",\n                    \"info\": \"19[%7Z.c|z\"\n                  },\n                  {\n                    \"or\": []\n                  },\n                  {\n                    \"and\": [\n                      {\n                        \"or\": [\n                          {\n                            \"and\": []\n                          },\n                          {\n                            \"and\": [\n                              {\n                                \"and\": [\n                                  \"US391*\",\n                                  \"UEH39\",\n                                  \"GS6348Q\"\n                                ]\n                              },\n                              \"KQQ863W\"\n                            ]\n                          },\n                          {\n                            \"and\": [\n                              \"SGx11\",\n                              \"TR4215C\",\n                              {\n                                \"pattern\": \"ZMY6*J\",\n                                \"info\": \"k?S&\"\n                              }\n                            ]\n                          }\n                        ]\n                      },\n                      \"CMU*\",\n                      \"RL7V\",\n                      \"ENO6361\",\n                      \"QGNx\"\n                    ]\n                  }\n                ]\n              }\n            ],\n            \"satisfy\": [],\n            \"url\": \"https://sleqv67016u3rtjsesai68h5c53h40rujwkzoyl8.0.z.vfa2d2w29.kmtq/Dq)Q%F0%A2%8A%BC6,%F2%87%8B%B8;/\"\n          },\n          \"4KjGD/\": {\n            \"name\": \"\\\\ib~b\",\n            \"ay\": 2019,\n            \"assign\": [\n              \"\\\"\",\n              \"0Cz_Id9L\",\n              \"\",\n              \"-)\",\n              \"Gr+sia'\"\n            ],\n            \"satisfy\": {\n              \"or\": [\n                {\n                  \"mc\": \">=16\"\n                },\n                {\n                  \"or\": [\n                    \"p8a<AoURE\",\n                    {\n                      \"mc\": \"<=136\"\n                    },\n                    {\n                      \"mc\": \"<=184\"\n                    }\n                  ]\n                }\n              ]\n            },\n            \"info\": \"M\"\n          },\n          \"\": {\n            \"name\": \"\",\n            \"assign\": [\n              \"K\"\n            ],\n            \"match\": {\n              \"and\": [\n                {\n                  \"and\": [\n                    {\n                      \"and\": [\n                        \"SOI384*E\",\n                        {\n                          \"or\": [\n                            {\n                              \"or\": [\n                                \"ME14*L\",\n                                \"EZH6\",\n                                \"QCS610*\"\n                              ]\n                            },\n                            \"AP14\",\n                            \"ZYOx540X\",\n                            \"GCT3G\",\n                            \"RT8xG\"\n                          ]\n                        },\n                        \"KMR6897Z\",\n                        {\n                          \"pattern\": \"FAX194\",\n                          \"exclude\": \"QQT9\"\n                        },\n                        \"HLR51A\"\n                      ]\n                    },\n                    \"IF384\"\n                  ]\n                }\n              ]\n            },\n            \"satisfy\": [\n              {\n                \"and\": [\n                  {\n                    \"mc\": \">=140\"\n                  },\n                  {\n                    \"mc\": \">=43\"\n                  },\n                  {\n                    \"and\": []\n                  },\n                  {\n                    \"mc\": \">=75\"\n                  }\n                ]\n              },\n              {\n                \"or\": [\n                  {\n                    \"mc\": \"<=40\"\n                  },\n                  {\n                    \"mc\": \"<=19\"\n                  },\n                  {\n                    \"mc\": \"<=112\"\n                  }\n                ]\n              },\n              {\n                \"mc\": \">=51\"\n              },\n              {\n                \"mc\": \"<=41\"\n              },\n              {\n                \"mc\": \">=91\"\n              }\n            ],\n            \"url\": \"https://e.1.bmke4r9bzy5uj9d2tos4ynso.ei7c7y39t.3jszvzonxa4.aadltxqnz/fR/M(%F0%99%9D%B2W0//tZtos@M/5Y5qH/3JC:);IS/2Z9AAH\",\n            \"info\": \"q6+'uqQ]/6\"\n          }\n        },\n        \"sS9j@N\": {\n          \"name\": \"\",\n          \"ay\": 1996,\n          \"assign\": \"oRZDZC~z\",\n          \"match\": [\n            {\n              \"pattern\": \"POx8F\",\n              \"exclude\": \"EMA74K\",\n              \"info\": \"'Rl3rDa\"\n            },\n            {\n              \"and\": [\n                {\n                  \"and\": [\n                    {\n                      \"pattern\": \"MB0862C\",\n                      \"exclude\": \"AXK494Z\",\n                      \"info\": \"FZ}$B(S\"\n                    },\n                    {\n                      \"and\": [\n                        \"LQ18G\",\n                        \"NA2\",\n                        \"HG105\",\n                        {\n                          \"or\": [\n                            \"SDO5*xL\",\n                            \"OC6E\",\n                            \"SRG11\",\n                            \"UKG8\"\n                          ]\n                        }\n                      ]\n                    }\n                  ]\n                }\n              ]\n            },\n            \"PV544*\",\n            {\n              \"and\": [\n                {\n                  \"pattern\": \"XS125J\",\n                  \"exclude\": [],\n                  \"info\": \"qAdu5MA#.l\"\n                },\n                {\n                  \"and\": [\n                    {\n                      \"and\": []\n                    }\n                  ]\n                },\n                {\n                  \"and\": [\n                    {\n                      \"pattern\": \"HUD70U\",\n                      \"exclude\": \"CF9x99J\",\n                      \"info\": \"\"\n                    },\n                    {\n                      \"or\": [\n                        {\n                          \"and\": [\n                            \"HQ8*7\",\n                            \"TYT6203T\",\n                            {\n                              \"or\": [\n                                \"JCP350\",\n                                {\n                                  \"pattern\": \"SCI1\",\n                                  \"exclude\": \"MUM8274\",\n                                  \"info\": \"^l_0_h_\"\n                                },\n                                \"KK446S\",\n                                \"YI63x9C\",\n                                \"XMS9\"\n                              ]\n                            },\n                            {\n                              \"or\": []\n                            },\n                            \"IUM*4Y\"\n                          ]\n                        },\n                        \"GO7Y\",\n                        \"TD*\",\n                        \"GZSx\"\n                      ]\n                    },\n                    \"TKx36\",\n                    {\n                      \"and\": [\n                        {\n                          \"or\": [\n                            {\n                              \"and\": [\n                                \"AX702xN\",\n                                \"UO1*0x\",\n                                \"ESN03V\",\n                                \"HLD3\",\n                                {\n                                  \"or\": [\n                                    \"MG63M\",\n                                    \"WY1*L\",\n                                    \"AYJx\"\n                                  ]\n                                }\n                              ]\n                            },\n                            \"QGG03T\",\n                            {\n                              \"pattern\": \"IQI8*\",\n                              \"exclude\": [\n                                \"IN398J\",\n                                \"KLE0L\",\n                                \"PO9901\",\n                                \"QSx8B\",\n                                \"VZ9U\"\n                              ],\n                              \"info\": \"\"\n                            }\n                          ]\n                        },\n                        \"VKB43x1H\",\n                        {\n                          \"pattern\": \"PRS83U\",\n                          \"exclude\": \"NR75Y\",\n                          \"info\": \"{\"\n                        },\n                        {\n                          \"and\": [\n                            {\n                              \"and\": [\n                                {\n                                  \"pattern\": \"TF2xx2G\",\n                                  \"exclude\": [\n                                    \"ASC0xK\",\n                                    \"MYLx942\"\n                                  ]\n                                },\n                                \"IHO751\",\n                                \"OBP7*87I\",\n                                \"ZF893\",\n                                \"DUJ1M\"\n                              ]\n                            },\n                            \"QM868Q\",\n                            \"CCA633\",\n                            \"JD017O\"\n                          ]\n                        },\n                        {\n                          \"pattern\": \"OYB3275\",\n                          \"exclude\": [\n                            \"BE5U\",\n                            \"CJWxL\"\n                          ],\n                          \"info\": \"?Wjk\"\n                        }\n                      ]\n                    },\n                    \"FS73I\"\n                  ]\n                },\n                \"CXS66\"\n              ]\n            }\n          ],\n          \"satisfy\": [\n            {\n              \"mc\": \"<=177\"\n            },\n            {\n              \"mc\": \"<=178\"\n            },\n            {\n              \"and\": [\n                {\n                  \"and\": [\n                    {\n                      \"or\": [\n                        \"LG9['d#V5R\",\n                        \"\\\\'6;M@2G\"\n                      ]\n                    },\n                    {\n                      \"or\": [\n                        \"L(-]\",\n                        \"\"\n                      ]\n                    },\n                    \"E)[hWf/fQQ\",\n                    {\n                      \"or\": []\n                    },\n                    \".8Elcm(\"\n                  ]\n                },\n                \".Djc7H\"\n              ]\n            },\n            \"_]h(\",\n            {\n              \"and\": [\n                {\n                  \"and\": []\n                },\n                {\n                  \"or\": [\n                    {\n                      \"or\": [\n                        {\n                          \"or\": [\n                            \"<\"\n                          ]\n                        },\n                        \"#\",\n                        \"vZ/\",\n                        \"y\",\n                        \"a$&SV\"\n                      ]\n                    },\n                    \"|Q)J\",\n                    \"n/L++gq>O4\",\n                    \"D=INyN+*\",\n                    {\n                      \"and\": [\n                        {\n                          \"or\": [\n                            \"~Z$ZLKue\",\n                            \"K]T\",\n                            \"n\",\n                            \"qvrf-[\"\n                          ]\n                        },\n                        \";}|\",\n                        {\n                          \"mc\": \"<=198\"\n                        },\n                        \"8`scH*\\\"fx\"\n                      ]\n                    }\n                  ]\n                }\n              ]\n            }\n          ],\n          \"url\": \"https://p.d4vppo4wwhlnsa.appatnmtbsjsy3bzscf20v7p77f7rt734lmv2c2jansut.orm.j.oxy/AVotq9/PX(;g@:./KU%F4%8B%BE%9E4Ry%F1%BF%A4%BE.$x/I%F0%B6%80%B5+DrKMu(\",\n          \"info\": \"t\"\n        },\n        \"n*)UvO\": {\n          \"name\": \"u.h,zkM\",\n          \"ay\": 2005,\n          \"assign\": [\n            \"/uI%'J4HE\",\n            \"?/:1?/W[\",\n            \"u(H_'eql4W\",\n            \"Z{APE<)|P\"\n          ],\n          \"match\": [\n            \"IJ0\",\n            {\n              \"pattern\": \"MF0\",\n              \"exclude\": \"GI759\",\n              \"info\": \"5}\"\n            },\n            {\n              \"or\": []\n            },\n            {\n              \"and\": [\n                \"JA7\",\n                {\n                  \"pattern\": \"YTB4Z\",\n                  \"exclude\": [\n                    \"NULx4J\"\n                  ],\n                  \"info\": \"Z?COiw>M'b\"\n                },\n                {\n                  \"or\": [\n                    {\n                      \"and\": [\n                        \"OB6267\",\n                        \"OSG884\",\n                        \"MWS*332\",\n                        \"BXx\"\n                      ]\n                    },\n                    {\n                      \"and\": []\n                    },\n                    \"TAX43\"\n                  ]\n                }\n              ]\n            }\n          ],\n          \"info\": \"q*@7D{o5X\"\n        }\n      },\n      \"E) a8LI3\": {\n        \"name\": \"R9+gfuWN7B\",\n        \"ay\": 2007,\n        \"assign\": \"K)-jeKfX\",\n        \"satisfy\": {\n          \"and\": [\n            {\n              \"or\": []\n            },\n            {\n              \"mc\": \"<=3\"\n            },\n            {\n              \"and\": [\n                \"\",\n                \"F8{,\\\"JB}\",\n                {\n                  \"or\": [\n                    \"\",\n                    {\n                      \"mc\": \">=151\"\n                    },\n                    {\n                      \"and\": [\n                        \"^.M\",\n                        {\n                          \"or\": [\n                            \"\",\n                            \"mHO(pC\"\n                          ]\n                        },\n                        \"/1hx\",\n                        \"\\\\M)N!uyxX\",\n                        \" .\"\n                      ]\n                    },\n                    \"\",\n                    \"BI:eXiNl/g\"\n                  ]\n                },\n                \"0\",\n                {\n                  \"mc\": \"<=128\"\n                }\n              ]\n            }\n          ]\n        },\n        \"url\": \"http://uz.9.b8lf8tqh5n2c8moe1m5h12dnjrlvoqdtx4gssv15bulhqyp59m8e8h.xwyjenobh/Y4I~i/JjP1N\",\n        \"info\": \"LqKke\",\n        \"*DcAW0zk_\": {\n          \"name\": \"VW<3^\",\n          \"ay\": 1951,\n          \"assign\": \"fiLK@\",\n          \"satisfy\": {\n            \"and\": [\n              \"o&`,M`9_~?\",\n              \"nQzY@\"\n            ]\n          },\n          \"info\": \"-v1;.OM2,J\"\n        },\n        \"\\\"R\": {\n          \"name\": \"%sjK` |\",\n          \"ay\": 1977,\n          \"match\": [],\n          \"satisfy\": [\n            {\n              \"mc\": \"<=140\"\n            },\n            {\n              \"mc\": \">=76\"\n            },\n            {\n              \"mc\": \"<=109\"\n            },\n            \"/pk4.WR\"\n          ],\n          \"url\": \"http://vgrmc8v9i88dnttb8r1hxqblwmqb6m784vbqc6jr3b3p-ou8mwppnyyib.d.k.8.hiuj/Y/~7W/tSl)FL/tN8%F1%8F%BB%8E!W./&GN0(2zz//i@!$,9/.3f3;NI/\",\n          \"info\": \"34i\",\n          \"I\": {\n            \"assign\": \"{Pe\",\n            \"match\": \"BXM8\",\n            \"satisfy\": {\n              \"or\": [\n                {\n                  \"and\": []\n                },\n                {\n                  \"or\": [\n                    {\n                      \"mc\": \"<=25\"\n                    },\n                    {\n                      \"mc\": \">=109\"\n                    },\n                    {\n                      \"and\": []\n                    },\n                    \"z<%H\",\n                    {\n                      \"mc\": \">=105\"\n                    }\n                  ]\n                },\n                \"Jl!cQGfhp\",\n                {\n                  \"mc\": \">=83\"\n                },\n                {\n                  \"or\": [\n                    {\n                      \"or\": []\n                    },\n                    \"87C%n\"\n                  ]\n                }\n              ]\n            },\n            \"url\": \"https://rhtzekdbc6i.6fz-gmzs103jet-ocqd87y0znr0zrbl8n200ae.mhxjmiva/xeEz4Sv)bZ/i%F3%A5%B6%B4:FH%F1%83%8D%A8)R/$%F2%91%9B%B0z%F2%85%AF%AC/UE%F3%9E%9A%B5%F3%95%9B%BE_2W4/X%F3%91%AE%9A%F2%BE%83%84/h'+_Owx0%F1%92%9B%86C/8YE/F%F3%9F%A8%83ltFa7el\",\n            \"info\": \"[\"\n          },\n          \"~d,e\": {\n            \"ay\": 1996,\n            \"assign\": \"}N'!Oz &l\",\n            \"match\": {\n              \"pattern\": \"FO81D\",\n              \"exclude\": [\n                \"XZB57B\",\n                \"QXH60\"\n              ],\n              \"info\": \".T{[\"\n            },\n            \"url\": \"http://yp3asgrbg7ces86a8ezj05tqp08aqxnor6.kywf\",\n            \"info\": \"\"\n          },\n          \"AZgC|6y\": {\n            \"name\": \"#hjU-Yv\",\n            \"ay\": 2023,\n            \"assign\": \";pw\",\n            \"match\": [\n              \"GJG1R\",\n              {\n                \"or\": [\n                  {\n                    \"or\": []\n                  },\n                  \"KQC46\",\n                  {\n                    \"or\": []\n                  },\n                  {\n                    \"or\": [\n                      \"PC*\",\n                      {\n                        \"and\": [\n                          {\n                            \"or\": [\n                              \"VFA*9\",\n                              \"KA63T\"\n                            ]\n                          }\n                        ]\n                      },\n                      {\n                        \"pattern\": \"JAx4P\",\n                        \"exclude\": [\n                          \"XT2F\"\n                        ],\n                        \"info\": \"^{X,E\"\n                      },\n                      {\n                        \"pattern\": \"EC0Y\",\n                        \"exclude\": \"OWxF\",\n                        \"info\": \"0lV\"\n                      }\n                    ]\n                  },\n                  \"PAx5\"\n                ]\n              }\n            ],\n            \"satisfy\": [\n              {\n                \"mc\": \"<=191\"\n              },\n              {\n                \"and\": [\n                  {\n                    \"and\": []\n                  },\n                  {\n                    \"or\": [\n                      \"^xl+^[T\",\n                      \"=\",\n                      \"v,SRGDq^F\"\n                    ]\n                  },\n                  {\n                    \"mc\": \"<=49\"\n                  }\n                ]\n              },\n              {\n                \"and\": [\n                  {\n                    \"or\": [\n                      \"AS&R}'},\",\n                      \"SGouNV\",\n                      {\n                        \"or\": [\n                          \">!&<\",\n                          \"O byU21\",\n                          \"N%LxbtE?\"\n                        ]\n                      },\n                      {\n                        \"or\": [\n                          \"\",\n                          \"OGE1Hn\",\n                          \"r{(94HCJm\",\n                          \"))nJH\",\n                          \"^l_]UE}Q@\"\n                        ]\n                      }\n                    ]\n                  },\n                  {\n                    \"or\": []\n                  }\n                ]\n              },\n              {\n                \"or\": [\n                  {\n                    \"and\": [\n                      {\n                        \"and\": [\n                          {\n                            \"or\": [\n                              \"Guw&SPw>\",\n                              \"\",\n                              \"mRP!Hr\",\n                              \"v>a31m\"\n                            ]\n                          },\n                          \"cw&Nd}\",\n                          \"?G\",\n                          \"k\",\n                          \"g\\\\ALQ/w9\"\n                        ]\n                      }\n                    ]\n                  },\n                  \"BJo++\",\n                  \"o($WQ3\",\n                  {\n                    \"and\": [\n                      {\n                        \"or\": [\n                          \"WYW\"\n                        ]\n                      },\n                      \"k|jg3(2L\\\"$\"\n                    ]\n                  }\n                ]\n              }\n            ]\n          },\n          \"Gg\": {\n            \"name\": \"'Poj!)4c& \",\n            \"ay\": 1980,\n            \"assign\": \"T+r:yVKJG[\",\n            \"match\": \"UJ4x4V\",\n            \"satisfy\": [\n              {\n                \"and\": [\n                  \",Do:k3a<
[...]
              "parentUUID": "78f0967d-df07-447e-b49e-e31e844e75cb",
              "isHook": false,
              "skipped": false
            },
            {
              "title": "should not validate pattern match rule with non-string info",
              "fullTitle": "matchRuleSchema should not validate pattern match rule with non-string info",
              "timedOut": false,
              "duration": 1,
              "state": "passed",
              "speed": "fast",
              "pass": true,
              "fail": false,
              "pending": false,
              "context": null,
              "code": "const message = \"property 'info' should be a string\";\nisInvalidRule({ pattern: \"CS2101\", info: 42 }, { instancePath: \"/info\", message });",
              "err": {},
              "uuid": "8e5e64ff-11ae-46de-a4ad-83820ece39f5",
              "parentUUID": "78f0967d-df07-447e-b49e-e31e844e75cb",
              "isHook": false,
              "skipped": false
            },
            {
              "title": "should not validate and match rules with non-array property",
              "fullTitle": "matchRuleSchema should not validate and match rules with non-array property",
              "timedOut": false,
              "duration": 0,
              "state": "passed",
              "speed": "fast",
              "pass": true,
              "fail": false,
              "pending": false,
              "context": null,
              "code": "const message = \"property 'and' should be an array of match rules\";\nisInvalidRule({ or: [{ and: {} }, { or: [{ and: 3 }] }] }, { instancePath: \"/or/0/and\", message }, { instancePath: \"/or/1/or/0/and\", message });",
              "err": {},
              "uuid": "a95cafdc-2cca-4cca-a264-d45387f9c27d",
              "parentUUID": "78f0967d-df07-447e-b49e-e31e844e75cb",
              "isHook": false,
              "skipped": false
            },
            {
              "title": "should not validate or match rules with non-array property",
              "fullTitle": "matchRuleSchema should not validate or match rules with non-array property",
              "timedOut": false,
              "duration": 1,
              "state": "passed",
              "speed": "fast",
              "pass": true,
              "fail": false,
              "pending": false,
              "context": null,
              "code": "const message = \"property 'or' should be an array of match rules\";\nisInvalidRule({ or: [{ or: {} }, { and: [{ or: 3 }] }] }, { instancePath: \"/or/0/or\", message }, { instancePath: \"/or/1/and/0/or\", message });",
              "err": {},
              "uuid": "5bf9faf1-e1ae-4093-a767-b2fb18c439f3",
              "parentUUID": "78f0967d-df07-447e-b49e-e31e844e75cb",
              "isHook": false,
              "skipped": false
            }
          ],
          "suites": [],
          "passes": [
            "8e4f3d06-e88b-4c6d-aa84-898b269243c9",
            "29c762a9-ce83-409d-905d-f4d9ef0bea92",
            "3e9edb99-e83d-413c-8465-66e8db1addbc",
            "da7d3cad-5299-4161-a27f-079fd18f9572",
            "bc6bc8cf-9256-48c4-8061-e011b9e61b58",
            "d86fa60d-bea2-4675-bf18-3827259abfc3",
            "b2df19a0-fe97-42e0-b28f-dadbfa990d9a",
            "3d77d1dd-fd3b-460f-8cb3-1990b8d062a3",
            "8e5e64ff-11ae-46de-a4ad-83820ece39f5",
            "a95cafdc-2cca-4cca-a264-d45387f9c27d",
            "5bf9faf1-e1ae-4093-a767-b2fb18c439f3"
          ],
          "failures": [],
          "pending": [],
          "skipped": [],
          "duration": 13,
          "root": false,
          "rootEmpty": false,
          "_timeout": 2000
        },
        {
          "uuid": "a89f5f35-a13e-4c3d-b28a-91c1a01be34a",
          "title": "inequalitySchema",
          "fullFile": "/home/runner/work/planwithus-lib/planwithus-lib/src/satisfyRule/inequality/schemas.test.ts",
          "file": "/src/satisfyRule/inequality/schemas.test.ts",
          "beforeHooks": [],
          "afterHooks": [],
          "tests": [
            {
              "title": "should validate inequality in the form <=n or >=n",
              "fullTitle": "inequalitySchema should validate inequality in the form <=n or >=n",
              "timedOut": false,
              "duration": 1,
              "state": "passed",
              "speed": "fast",
              "pass": true,
              "fail": false,
              "pending": false,
              "context": "[\n  {\n    \"title\": \"inequality sample 0\",\n    \"value\": \">=5\"\n  },\n  {\n    \"title\": \"inequality sample 1\",\n    \"value\": \">=6\"\n  },\n  {\n    \"title\": \"inequality sample 2\",\n    \"value\": \"<=8\"\n  },\n  {\n    \"title\": \"inequality sample 3\",\n    \"value\": \">=126\"\n  },\n  {\n    \"title\": \"inequality sample 4\",\n    \"value\": \"<=8\"\n  },\n  {\n    \"title\": \"inequality sample 5\",\n    \"value\": \"<=101\"\n  },\n  {\n    \"title\": \"inequality sample 6\",\n    \"value\": \">=6\"\n  },\n  {\n    \"title\": \"inequality sample 7\",\n    \"value\": \"<=8\"\n  },\n  {\n    \"title\": \"inequality sample 8\",\n    \"value\": \">=9\"\n  },\n  {\n    \"title\": \"inequality sample 9\",\n    \"value\": \">=155\"\n  }\n]",
              "code": "fast_check_1.sample(index_test_2.inequality, 10).forEach((sample, i) => addContext_1.default(this, {\n    title: `inequality sample ${i}`,\n    value: sample,\n}));\nreturn fast_check_1.assert(fast_check_1.property(index_test_2.inequality, ajvValidate));",
              "err": {},
              "uuid": "19ca456d-708d-4a29-ab76-6650617ad325",
              "parentUUID": "a89f5f35-a13e-4c3d-b28a-91c1a01be34a",
              "isHook": false,
              "skipped": false
            },
            {
              "title": "should not validate inequality of invalid form",
              "fullTitle": "inequalitySchema should not validate inequality of invalid form",
              "timedOut": false,
              "duration": 1,
              "state": "passed",
              "speed": "fast",
              "pass": true,
              "fail": false,
              "pending": false,
              "context": null,
              "code": "[\n        \"\",\n        \"==23\",\n        \"23\",\n        \"<23\",\n        \">23\",\n        \"<=-1\",\n        \">=-1\",\n        \"<= 2\",\n        \">= 1\",\n        \"> 3\",\n        \"< 3\",\n        \"<=3a\",\n        \">=3a\",\n        \"a<=3\",\n        \"a>=3\",\n    ].forEach(isInvalidInequality)",
              "err": {},
              "uuid": "c6745dbc-6f09-4a3d-9e03-1dbdabb5607b",
              "parentUUID": "a89f5f35-a13e-4c3d-b28a-91c1a01be34a",
              "isHook": false,
              "skipped": false
            }
          ],
          "suites": [],
          "passes": [
            "19ca456d-708d-4a29-ab76-6650617ad325",
            "c6745dbc-6f09-4a3d-9e03-1dbdabb5607b"
          ],
          "failures": [],
          "pending": [],
          "skipped": [],
          "duration": 2,
          "root": false,
          "rootEmpty": false,
          "_timeout": 2000
        },
        {
          "uuid": "364d5035-8dc5-4b7f-b8e2-cf7048b7cf51",
          "title": "satisfyRuleSchema",
          "fullFile": "/home/runner/work/planwithus-lib/planwithus-lib/src/satisfyRule/schemas.test.ts",
          "file": "/src/satisfyRule/schemas.test.ts",
          "beforeHooks": [],
          "afterHooks": [],
          "tests": [
            {
              "title": "should validate satisfy rule with valid block id",
              "fullTitle": "satisfyRuleSchema should validate satisfy rule with valid block id",
              "timedOut": false,
              "duration": 0,
              "state": "passed",
              "speed": "fast",
              "pass": true,
              "fail": false,
              "pending": false,
              "context": null,
              "code": "fast_check_1.assert(fast_check_1.property(fast_check_1.string(), ajvValidate)",
              "err": {},
              "uuid": "4e467b12-f835-43f4-86fd-a81c8030a143",
              "parentUUID": "364d5035-8dc5-4b7f-b8e2-cf7048b7cf51",
              "isHook": false,
              "skipped": false
            },
            {
              "title": "should validate satisfy rules with valid mc",
              "fullTitle": "satisfyRuleSchema should validate satisfy rules with valid mc",
              "timedOut": false,
              "duration": 1,
              "state": "passed",
              "speed": "fast",
              "pass": true,
              "fail": false,
              "pending": false,
              "context": "[\n  {\n    \"title\": \"mcSatisfyRule sample 0\",\n    \"value\": {\n      \"mc\": \">=2\"\n    }\n  },\n  {\n    \"title\": \"mcSatisfyRule sample 1\",\n    \"value\": {\n      \"mc\": \">=1\"\n    }\n  },\n  {\n    \"title\": \"mcSatisfyRule sample 2\",\n    \"value\": {\n      \"mc\": \">=197\"\n    }\n  },\n  {\n    \"title\": \"mcSatisfyRule sample 3\",\n    \"value\": {\n      \"mc\": \">=1\"\n    }\n  },\n  {\n    \"title\": \"mcSatisfyRule sample 4\",\n    \"value\": {\n      \"mc\": \">=52\"\n    }\n  },\n  {\n    \"title\": \"mcSatisfyRule sample 5\",\n    \"value\": {\n      \"mc\": \">=6\"\n    }\n  },\n  {\n    \"title\": \"mcSatisfyRule sample 6\",\n    \"value\": {\n      \"mc\": \"<=5\"\n    }\n  },\n  {\n    \"title\": \"mcSatisfyRule sample 7\",\n    \"value\": {\n      \"mc\": \">=91\"\n    }\n  },\n  {\n    \"title\": \"mcSatisfyRule sample 8\",\n    \"value\": {\n      \"mc\": \">=123\"\n    }\n  },\n  {\n    \"title\": \"mcSatisfyRule sample 9\",\n    \"value\": {\n      \"mc\": \"<=8\"\n    }\n  }\n]",
              "code": "fast_check_1.sample(index_test_2.mcSatisfyRule, 10).forEach((sample, i) => addContext_1.default(this, {\n    title: `mcSatisfyRule sample ${i}`,\n    value: sample,\n}));\nreturn fast_check_1.assert(fast_check_1.property(index_test_2.mcSatisfyRule, ajvValidate));",
              "err": {},
              "uuid": "6d17ff65-4c2b-4441-854d-81e2e1aba013",
              "parentUUID": "364d5035-8dc5-4b7f-b8e2-cf7048b7cf51",
              "isHook": false,
              "skipped": false
            },
            {
              "title": "should validate valid recursive satisfy rules",
              "fullTitle": "satisfyRuleSchema should validate valid recursive satisfy rules",
              "timedOut": false,
              "duration": 4,
              "state": "passed",
              "speed": "fast",
              "pass": true,
              "fail": false,
              "pending": false,
              "context": "[\n  {\n    \"title\": \"satisfyRule sample 0\",\n    \"value\": {\n      \"or\": [\n        \"P#\",\n        {\n          \"and\": [\n            \"=L*}1u!Hc8\",\n            \"9afwCESg\",\n            {\n              \"or\": [\n                {\n                  \"mc\": \">=84\"\n                }\n              ]\n            },\n            \"\",\n            {\n              \"and\": [\n                {\n                  \"mc\": \"<=189\"\n                },\n                {\n                  \"and\": []\n                }\n              ]\n            }\n          ]\n        },\n        {\n          \"mc\": \">=64\"\n        },\n        {\n          \"mc\": \"<=7\"\n        },\n        {\n          \"and\": [\n            {\n              \"or\": []\n            },\n            \"y\",\n            {\n              \"or\": [\n                {\n                  \"or\": []\n                },\n                \".\",\n                \"l_LQH=L\",\n                \")'\\\"\"\n              ]\n            },\n            {\n              \"or\": [\n                \"n@cL<lKk\"\n              ]\n            },\n            \"R*~:z\"\n          ]\n        }\n      ]\n    }\n  },\n  {\n    \"title\": \"satisfyRule sample 1\",\n    \"value\": \"q06\"\n  },\n  {\n    \"title\": \"satisfyRule sample 2\",\n    \"value\": {\n      \"or\": [\n        {\n          \"or\": [\n            \"W \\\"\"\n          ]\n        },\n        {\n          \"mc\": \"<=5\"\n        }\n      ]\n    }\n  },\n  {\n    \"title\": \"satisfyRule sample 3\",\n    \"value\": {\n      \"mc\": \">=15\"\n    }\n  },\n  {\n    \"title\": \"satisfyRule sample 4\",\n    \"value\": {\n      \"or\": [\n        \".iF(:/hFm\"\n      ]\n    }\n  },\n  {\n    \"title\": \"satisfyRule sample 5\",\n    \"value\": {\n      \"mc\": \"<=22\"\n    }\n  },\n  {\n    \"title\": \"satisfyRule sample 6\",\n    \"value\": {\n      \"mc\": \">=3\"\n    }\n  },\n  {\n    \"title\": \"satisfyRule sample 7\",\n    \"value\": {\n      \"or\": [\n        {\n          \"mc\": \"<=193\"\n        },\n        {\n          \"mc\": \"<=6\"\n        },\n        {\n          \"or\": [\n            {\n              \"mc\": \">=97\"\n            },\n            \"\"\n          ]\n        },\n        \"Y&}@CN\",\n        \"\\\\Wk{4'\"\n      ]\n    }\n  },\n  {\n    \"title\": \"satisfyRule sample 8\",\n    \"value\": \"T),{\"\n  },\n  {\n    \"title\": \"satisfyRule sample 9\",\n    \"value\": {\n      \"and\": []\n    }\n  }\n]",
              "code": "fast_check_1.sample(index_test_2.satisfyRule, 10).forEach((sample, i) => addContext_1.default(this, {\n    title: `satisfyRule sample ${i}`,\n    value: sample,\n}));\nreturn fast_check_1.assert(fast_check_1.property(index_test_2.satisfyRule, ajvValidate));",
              "err": {},
              "uuid": "f46f9669-aa9b-46b7-bc25-93506d2fbbd6",
              "parentUUID": "364d5035-8dc5-4b7f-b8e2-cf7048b7cf51",
              "isHook": false,
              "skipped": false
            },
            {
              "title": "should not validate non-string/object",
              "fullTitle": "satisfyRuleSchema should not validate non-string/object",
              "timedOut": false,
              "duration": 0,
              "state": "passed",
              "speed": "fast",
              "pass": true,
              "fail": false,
              "pending": false,
              "context": null,
              "code": "const error = {\n    instancePath: \"\",\n    message: \"satisfy rule should be either a string or an object\",\n};\nisInvalidRule(null, error);\nisInvalidRule(undefined, error);\nisInvalidRule(10, error);\nisInvalidRule([12, 24], error);",
              "err": {},
              "uuid": "446fc117-2248-4fdd-b480-21611e41c49e",
              "parentUUID": "364d5035-8dc5-4b7f-b8e2-cf7048b7cf51",
              "isHook": false,
              "skipped": false
            },
            {
              "title": "should not validate satisfy rules with extra properties",
              "fullTitle": "satisfyRuleSchema should not validate satisfy rules with extra properties",
              "timedOut": false,
              "duration": 1,
              "state": "passed",
              "speed": "fast",
              "pass": true,
              "fail": false,
              "pending": false,
              "context": null,
              "code": "isInvalidRule({\n        and: [\n            { or: [\"2k\"], abc: \"def\" },\n            { mc: 8, ghi: \"jkl\" },\n        ],\n        mno: \"pqr\",\n    }, {\n        instancePath: \"/and/0\",\n        message: \"or satisfy rule should have property 'or' only\",\n    }, {\n        instancePath: \"/and/1\",\n        message: \"MC satisfy rule should have property 'mc' only\",\n    }, {\n        instancePath: \"\",\n        message: \"and satisfy rule should have property 'and' only\",\n    })",
              "err": {},
              "uuid": "d3278855-e3bd-42bb-ad7b-7a624b7b9a59",
              "parentUUID": "364d5035-8dc5-4b7f-b8e2-cf7048b7cf51",
              "isHook": false,
              "skipped": false
            },
            {
              "title": "should not validate ambiguous satisfy rules",
              "fullTitle": "satisfyRuleSchema should not validate ambiguous satisfy rules",
              "timedOut": false,
              "duration": 0,
              "state": "passed",
              "speed": "fast",
              "pass": true,
              "fail": false,
              "pending": false,
              "context": null,
              "code": "const message = \"satisfy rule should have only one of properties 'mc', 'and', 'or'\";\nisInvalidRule({\n    or: [\n        { mc: 5, and: [\"CS2040\"] },\n        { and: [{ and: [\"abc\"], or: [\"def\"] }] },\n    ],\n}, { instancePath: \"/or/0\", message }, { instancePath: \"/or/1/and/0\", message });",
              "err": {},
              "uuid": "517e4de4-4626-43da-9d87-b616f3610ddf",
              "parentUUID": "364d5035-8dc5-4b7f-b8e2-cf7048b7cf51",
              "isHook": false,
              "skipped": false
            },
            {
              "title": "should not validate and satisfy rules with non-array property",
              "fullTitle": "satisfyRuleSchema should not validate and satisfy rules with non-array property",
              "timedOut": false,
              "duration": 0,
              "state": "passed",
              "speed": "fast",
              "pass": true,
              "fail": false,
              "pending": false,
              "context": null,
              "code": "const message = \"property 'and' should be an array of satisfy rules\";\nisInvalidRule({ or: [{ and: {} }, { or: [{ and: 3 }] }] }, { instancePath: \"/or/0/and\", message }, { instancePath: \"/or/1/or/0/and\", message });",
              "err": {},
              "uuid": "4df5284a-69e8-4000-9f2e-a2046a419cd5",
              "parentUUID": "364d5035-8dc5-4b7f-b8e2-cf7048b7cf51",
              "isHook": false,
              "skipped": false
            },
            {
              "title": "should not validate or satisfy rules with non-array property",
              "fullTitle": "satisfyRuleSchema should not validate or satisfy rules with non-array property",
              "timedOut": false,
              "duration": 0,
              "state": "passed",
              "speed": "fast",
              "pass": true,
              "fail": false,
              "pending": false,
              "context": null,
              "code": "const message = \"property 'or' should be an array of satisfy rules\";\nisInvalidRule({ and: [{ or: {} }, { and: [{ or: 3 }] }] }, { instancePath: \"/and/0/or\", message }, { instancePath: \"/and/1/and/0/or\", message });",
              "err": {},
              "uuid": "d5dafa45-8cfe-49bf-9759-e72d80262ead",
              "parentUUID": "364d5035-8dc5-4b7f-b8e2-cf7048b7cf51",
              "isHook": false,
              "skipped": false
            }
          ],
          "suites": [],
          "passes": [
            "4e467b12-f835-43f4-86fd-a81c8030a143",
            "6d17ff65-4c2b-4441-854d-81e2e1aba013",
            "f46f9669-aa9b-46b7-bc25-93506d2fbbd6",
            "446fc117-2248-4fdd-b480-21611e41c49e",
            "d3278855-e3bd-42bb-ad7b-7a624b7b9a59",
            "517e4de4-4626-43da-9d87-b616f3610ddf",
            "4df5284a-69e8-4000-9f2e-a2046a419cd5",
            "d5dafa45-8cfe-49bf-9759-e72d80262ead"
          ],
          "failures": [],
          "pending": [],
          "skipped": [],
          "duration": 6,
          "root": false,
          "rootEmpty": false,
          "_timeout": 2000
        }
      ],
      "passes": [],
      "failures": [],
      "pending": [],
      "skipped": [],
      "duration": 0,
      "root": true,
      "rootEmpty": true,
      "_timeout": 2000
    }
  ],
  "meta": {
    "mocha": {
      "version": "9.0.0"
    },
    "mochawesome": {
      "options": {
        "quiet": false,
        "reportFilename": "mochawesome",
        "saveHtml": true,
        "saveJson": true,
        "consoleReporter": "spec",
        "useInlineDiffs": false,
        "code": true
      },
      "version": "6.2.2"
    },
    "marge": {
      "options": {
        "reportDir": "docs"
      },
      "version": "5.2.0"
    }
  }
}