{
  "stats": {
    "suites": 10,
    "tests": 48,
    "passes": 48,
    "pending": 0,
    "failures": 0,
    "start": "2021-10-03T05:47:26.041Z",
    "end": "2021-10-03T05:47:26.373Z",
    "duration": 332,
    "testsRegistered": 48,
    "passPercent": 100,
    "pendingPercent": 0,
    "other": 0,
    "hasOther": false,
    "skipped": 0,
    "hasSkipped": false
  },
  "results": [
    {
      "uuid": "d863c749-51a6-48f6-b5a5-b86a7cfa3ff1",
      "title": "",
      "fullFile": "",
      "file": "",
      "beforeHooks": [],
      "afterHooks": [],
      "tests": [],
      "suites": [
        {
          "uuid": "da990c6e-a9e0-4419-bbff-b732183b6885",
          "title": "initDirectories",
          "fullFile": "/home/runner/work/planwithus-lib/planwithus-lib/src/block/schemas.test.ts",
          "file": "/src/block/schemas.test.ts",
          "beforeHooks": [],
          "afterHooks": [],
          "tests": [
            {
              "title": "should parse all blocks with no errors",
              "fullTitle": "initDirectories should parse all blocks with no errors",
              "timedOut": false,
              "duration": 2,
              "state": "passed",
              "speed": "fast",
              "pass": true,
              "fail": false,
              "pending": false,
              "context": null,
              "code": "_1.initDirectories.should.not.throw()",
              "err": {},
              "uuid": "7dda1d9d-1011-44de-a3b1-44be99e9fd00",
              "parentUUID": "da990c6e-a9e0-4419-bbff-b732183b6885",
              "isHook": false,
              "skipped": false
            },
            {
              "title": "should produce primary, second & minor directories",
              "fullTitle": "initDirectories should produce primary, second & minor directories",
              "timedOut": false,
              "duration": 2,
              "state": "passed",
              "speed": "fast",
              "pass": true,
              "fail": false,
              "pending": false,
              "context": null,
              "code": "const directories = (0, _1.initDirectories)();\ndirectories.should.have.property(\"primary\");\ndirectories.should.have.property(\"second\");\ndirectories.should.have.property(\"minor\");",
              "err": {},
              "uuid": "24746c16-ebd2-426d-85d5-3760e06046c3",
              "parentUUID": "da990c6e-a9e0-4419-bbff-b732183b6885",
              "isHook": false,
              "skipped": false
            }
          ],
          "suites": [],
          "passes": [
            "7dda1d9d-1011-44de-a3b1-44be99e9fd00",
            "24746c16-ebd2-426d-85d5-3760e06046c3"
          ],
          "failures": [],
          "pending": [],
          "skipped": [],
          "duration": 4,
          "root": false,
          "rootEmpty": false,
          "_timeout": 2000
        },
        {
          "uuid": "82baa173-8870-4dd3-9b54-51cfe21e4ece",
          "title": "blockSchema",
          "fullFile": "/home/runner/work/planwithus-lib/planwithus-lib/src/block/schemas.test.ts",
          "file": "/src/block/schemas.test.ts",
          "beforeHooks": [],
          "afterHooks": [],
          "tests": [
            {
              "title": "should validate valid block",
              "fullTitle": "blockSchema should validate valid block",
              "timedOut": false,
              "duration": 178,
              "state": "passed",
              "speed": "slow",
              "pass": true,
              "fail": false,
              "pending": false,
              "context": "[\n  {\n    \"title\": \"block sample 0\",\n    \"value\": {\n      \"assign\": \"32V\",\n      \"match\": {\n        \"or\": [\n          {\n            \"or\": [\n              \"SPS845x\",\n              \"HFJ71U\"\n            ]\n          },\n          {\n            \"or\": [\n              {\n                \"or\": []\n              },\n              \"VF3J\"\n            ]\n          },\n          {\n            \"and\": [\n              {\n                \"and\": [\n                  \"IO54*\",\n                  {\n                    \"or\": [\n                      {\n                        \"pattern\": \"ZEZ1771S\",\n                        \"exclude\": [\n                          \"UG94\",\n                          \"FOT9x74K\"\n                        ],\n                        \"info\": \":#90&3K&\"\n                      },\n                      \"ZFG5D\"\n                    ]\n                  },\n                  \"UHC*R\",\n                  {\n                    \"and\": [\n                      \"GC9\"\n                    ]\n                  }\n                ]\n              },\n              {\n                \"pattern\": \"HJU58\",\n                \"exclude\": \"MIP4x1K\"\n              },\n              \"JEW0**2X\",\n              {\n                \"pattern\": \"IUR48x8B\",\n                \"exclude\": [\n                  \"AZ3x0\",\n                  \"MK6\",\n                  \"VI60U\",\n                  \"PPT9x\",\n                  \"CAJ0978F\"\n                ]\n              },\n              \"TQx61J\"\n            ]\n          },\n          \"YXx2xW\",\n          {\n            \"and\": []\n          }\n        ]\n      },\n      \"satisfy\": [\n        {\n          \"mc\": \">=198\"\n        },\n        {\n          \"mc\": \"<=103\"\n        },\n        \"l|\",\n        {\n          \"and\": [\n            {\n              \"mc\": \">=20\"\n            },\n            {\n              \"and\": [\n                {\n                  \"or\": [\n                    \"+cX\",\n                    {\n                      \"mc\": \">=69\"\n                    },\n                    \"(O\",\n                    \"B[-M\"\n                  ]\n                },\n                \";;7c1!\"\n              ]\n            }\n          ]\n        },\n        {\n          \"or\": [\n            \"\",\n            {\n              \"mc\": \"<=163\"\n            },\n            {\n              \"or\": [\n                {\n                  \"or\": [\n                    \"\",\n                    \"I\",\n                    {\n                      \"and\": []\n                    },\n                    \"f9dV\",\n                    {\n                      \"mc\": \"<=172\"\n                    }\n                  ]\n                }\n              ]\n            },\n            {\n              \"or\": []\n            }\n          ]\n        }\n      ],\n      \"url\": \"https://u4d749u6ucz9wypgac2m5o40enmy4fho2lh3exds9vrfbbp0.53ki97f.td//53UIl/F/%F3%8B%8E%ACl4e$/K:x9/%F2%8F%B6%93K6n/%F2%85%9D%9EaX/b0TKt!m!\",\n      \"info\": \"G\",\n      \"isSelectable\": true\n    }\n  },\n  {\n    \"title\": \"block sample 1\",\n    \"value\": {\n      \"name\": \"y$\\\"#\\\"ut#m\",\n      \"ay\": 2015,\n      \"match\": {\n        \"or\": [\n          {\n            \"or\": [\n              {\n                \"and\": [\n                  \"ATW7\",\n                  \"WF723xI\",\n                  \"GK38*7O\",\n                  {\n                    \"and\": [\n                      {\n                        \"and\": [\n                          \"QFL6V\"\n                        ]\n                      },\n                      \"WLK2750G\",\n                      {\n                        \"or\": [\n                          \"JC1\"\n                        ]\n                      },\n                      {\n                        \"and\": []\n                      }\n                    ]\n                  },\n                  {\n                    \"and\": [\n                      \"QD90\",\n                      \"FYT15O\",\n                      \"REX864B\",\n                      \"JU*35D\",\n                      \"UD82E\"\n                    ]\n                  }\n                ]\n              }\n            ]\n          }\n        ]\n      },\n      \"satisfy\": {\n        \"mc\": \">=108\"\n      },\n      \"url\": \"https://ocg5bwbpjwcqvl9uga95c58g-zgdp4wn.3el1-q8evaxg4sblzwja3dxzwph8mjel9jcf52ku3hm8vuewphr2.mxw/RK)/UAGQrb/-V-R8kW/\",\n      \"info\": \"_$$-\\\"\"\n    }\n  },\n  {\n    \"title\": \"block sample 2\",\n    \"value\": {\n      \"name\": \"inG0zs'_}\",\n      \"ay\": 1954,\n      \"assign\": \"}'!\",\n      \"match\": {\n        \"pattern\": \"PGx70\",\n        \"info\": \">\"\n      },\n      \"satisfy\": {\n        \"mc\": \">=4\"\n      },\n      \"url\": \"https://7qf5as.a3extaohepo0hvz8-j0be35xyioo-znti9cpum82uw07eh8ksudmh9ztqk.roryxb/(qG%F1%AB%9B%86te=,V/p1Mh~s;\",\n      \"info\": \"4AL&E@\",\n      \"LR*:.lsMQ\": {\n        \"name\": \"~:\\\"#y-#\",\n        \"ay\": 1984,\n        \"assign\": [\n          \"LKWKPwk;p\"\n        ],\n        \"match\": [],\n        \"url\": \"http://df.1gbye5a-va6awa-7f4p9t53odra8mfypfeflq-77gf.crcuwxbyw622kyyquvdyvrmy5eyaew28j5b2wy4j54mys42dl5h85owhjs.qaxexubhdy/yvc/8Ph/+.%F1%8D%BF%ADLV_W/srQu8Z~%F0%BD%BE%A5F/b\",\n        \"info\": \"}Hg#3wz|\",\n        \"isSelectable\": true\n      },\n      \"Gc9t\": {\n        \"name\": \"v%\\\"r\\\"y\\\"\",\n        \"ay\": 2024,\n        \"assign\": \"WQTnBRk:!\",\n        \"match\": [\n          \"HMK754\",\n          \"XAF0\",\n          {\n            \"and\": []\n          },\n          {\n            \"or\": [\n              {\n                \"or\": [\n                  {\n                    \"and\": [\n                      {\n                        \"pattern\": \"VLB46N\",\n                        \"exclude\": [\n                          \"DB0Y\",\n                          \"RGN2O\",\n                          \"YVK902x\"\n                        ],\n                        \"info\": \"s\"\n                      }\n                    ]\n                  },\n                  {\n                    \"or\": [\n                      \"KOxx95\",\n                      \"OQW*37\",\n                      \"MHW2C\"\n                    ]\n                  },\n                  {\n                    \"or\": [\n                      \"TQY*774\",\n                      \"TJR706\",\n                      \"DN00\",\n                      \"BC2554\"\n                    ]\n                  },\n                  \"VDxE\",\n                  {\n                    \"and\": [\n                      \"FH1X\"\n                    ]\n                  }\n                ]\n              },\n              {\n                \"pattern\": \"XM6*31W\",\n                \"exclude\": []\n              },\n              {\n                \"and\": [\n                  {\n                    \"pattern\": \"YBD4\",\n                    \"info\": \"(EeRr\"\n                  },\n                  \"LZ536*B\",\n                  \"VY1\",\n                  \"LJW0x2\"\n                ]\n              }\n            ]\n          },\n          {\n            \"or\": [\n              \"NF285x\",\n              \"NYO*\",\n              \"FDD0287G\"\n            ]\n          }\n        ],\n        \"satisfy\": [],\n        \"url\": \"https://rl.9vr1os6smp6ms46locwtp1ckw6chlyb2wmd9ec9.d.ioyklbuf6w.uczqs\",\n        \"info\": \"q+Z,\",\n        \"isSelectable\": true,\n        \"D9b59\": {\n          \"name\": \"E47Fg\",\n          \"assign\": \"\",\n          \"match\": [\n            {\n              \"pattern\": \"SZ54R\",\n              \"exclude\": [\n                \"WM9\",\n                \"OY5*64\",\n                \"UJ54\"\n              ],\n              \"info\": \"q)L>J|>\"\n            },\n            {\n              \"or\": [\n                {\n                  \"or\": [\n                    \"QC9E\",\n                    {\n                      \"or\": []\n                    }\n                  ]\n                },\n                {\n                  \"or\": [\n                    \"XE2922Z\",\n                    {\n                      \"pattern\": \"JFR9\",\n                      \"exclude\": \"AUJ015K\"\n                    },\n                    \"JNP*8Y\"\n                  ]\n                },\n                {\n                  \"pattern\": \"DU*0\",\n                  \"exclude\": \"HIDxx29D\",\n                  \"info\": \"\\\"-2\"\n                },\n                {\n                  \"and\": [\n                    \"KMS*1\",\n                    {\n                      \"and\": [\n                        \"CE*7I\",\n                        \"GV98\",\n                        \"BG660\"\n                      ]\n                    },\n                    \"HSOx06\",\n                    {\n                      \"or\": [\n                        {\n                          \"and\": [\n                            \"QBU2\"\n                          ]\n                        },\n                        \"TTK7\",\n                        \"KOD902L\",\n                        \"ZWK2x45\",\n                        {\n                          \"pattern\": \"ACJ*30V\",\n                          \"exclude\": \"CPF*299\"\n                        }\n                      ]\n                    },\n                    \"EC8\"\n                  ]\n                }\n              ]\n            },\n            {\n              \"pattern\": \"DG2Z\",\n              \"exclude\": \"QN1\",\n              \"info\": \"=Rew.\"\n            },\n            \"EI*7\"\n          ],\n          \"satisfy\": {\n            \"mc\": \"<=139\"\n          },\n          \"url\": \"https://d7rpteg1xtgrbc1v27u6cmc-oc1yhug6l.q2u9060h2iwkzrubkl0nmob6w0p3-q.qhd\",\n          \"info\": \"8K[\"\n        },\n        \"1O;A?-P\": {\n          \"name\": \"y\\\"\",\n          \"ay\": 1955,\n          \"assign\": [\n            \"MW^E,nY+H\",\n            \"'~1\",\n            \"=\"\n          ],\n          \"match\": [\n            {\n              \"and\": [\n                {\n                  \"and\": [\n                    \"CH63J\",\n                    {\n                      \"or\": []\n                    }\n                  ]\n                },\n                \"XU5351\"\n              ]\n            },\n            {\n              \"or\": []\n            },\n            \"UE52S\"\n          ],\n          \"satisfy\": [\n            \"aQNzC.\",\n            {\n              \"and\": []\n            },\n            {\n              \"or\": [\n                \"HjB(9R\",\n                \" IAYHsl\",\n                \"dklHJQmRO]\",\n                \"%|\"\n              ]\n            },\n            {\n              \"mc\": \"<=6\"\n            },\n            {\n              \"mc\": \"<=199\"\n            }\n          ],\n          \"url\": \"http://p.bz3z4pd1e68ro8lwkk8d1lu7-4lhbco.nea/v/\",\n          \"info\": \"d!m~\",\n          \"isSelectable\": true\n        },\n        \"#Br\": {\n          \"name\": \"!Pq!pL\",\n          \"ay\": 2030,\n          \"assign\": [\n            \"GtO\\\\\"\n          ],\n          \"match\": [\n            {\n              \"and\": []\n            },\n            {\n              \"pattern\": \"CN6*N\",\n              \"info\": \">2|!|9\"\n            },\n            {\n              \"pattern\": \"IQ24K\",\n              \"exclude\": [\n                \"IN23\"\n              ],\n              \"info\": \"hYoXU\"\n            }\n          ],\n          \"satisfy\": {\n            \"mc\": \">=195\"\n          },\n          \"url\": \"http://ygyui32wwyi62dwloax0xaf8r26d0jpn38jz-isnwuceszlov.viozhal/;**b+\",\n          \"isSelectable\": true\n        },\n        \"&# r&$$\\\";Q\": {\n          \"name\": \"!\",\n          \"ay\": 1997,\n          \"assign\": [\n            \"\",\n            \"x{q\",\n            \"y\"\n          ],\n          \"satisfy\": [\n            {\n              \"and\": []\n            }\n          ],\n          \"url\": \"https://ga2q207sazwqt.ag/Xr*be\",\n          \"info\": \":\"\n        }\n      }\n    }\n  },\n  {\n    \"title\": \"block sample 3\",\n    \"value\": {\n      \"name\": \"\",\n      \"ay\": 1974,\n      \"match\": [\n        \"DXx\",\n        \"OE0\"\n      ],\n      \"satisfy\": {\n        \"or\": [\n          {\n            \"mc\": \"<=173\"\n          },\n          {\n            \"or\": []\n          }\n        ]\n      },\n      \"url\": \"http://4b.8kfm-e7fpcb0c89-9neud-dfledfrei79fdedgd.be0ce5ezvp6uc69-eeb4.cvx/%F2%9A%A2%9CzpTT;bzh/AN!,tMWVT/*LUAG/%F2%91%BC%97nos/uZv9/QrI:z0!IKi/Z*Uu1\",\n      \"isSelectable\": true\n    }\n  },\n  {\n    \"title\": \"block sample 4\",\n    \"value\": {\n      \"name\": \"&0\",\n      \"ay\": 2000,\n      \"assign\": \" |8}\",\n      \"match\": {\n        \"or\": [\n          \"KL5775P\",\n          {\n            \"or\": []\n          },\n          {\n            \"and\": []\n          },\n          {\n            \"pattern\": \"YB45\",\n            \"info\": \"Be\"\n          },\n          \"TJ2\"\n        ]\n      },\n      \"satisfy\": [\n        {\n          \"mc\": \"<=199\"\n        },\n        {\n          \"mc\": \">=200\"\n        },\n        \"OR/\\\\,`8\",\n        {\n          \"mc\": \">=3\"\n        },\n        {\n          \"and\": [\n            \"\"\n          ]\n        }\n      ],\n      \"url\": \"https://dc6eiavemmde9xqd5e5ybfs6ebbfbdzn446dxmeic7bdmee.7qgtzdaeib3m0shz76ma49e21d0u7.dbjb/eg6dA*8e*/B+)/Lb\",\n      \"info\": \"yNG;,<q`y<\",\n      \"isSelectable\": true\n    }\n  },\n  {\n    \"title\": \"block sample 5\",\n    \"value\": {\n      \"name\": \"/?>Z![bk- \",\n      \"ay\": 2025,\n      \"assign\": [\n        \"8R\"\n      ],\n      \"match\": [],\n      \"satisfy\": [\n        \"v\\\"^koV}\"\n      ],\n      \"url\": \"https://468fknz5qd.xc.rjz85p2e7e39x-i-62be0czmmux9504cx-1eec6.ww3nj2txboxsspvvdayh547x7ate0776q15b1momyqj-5bjyt6uczvqjc.ehsaeb/OxKm@MFZ/sUMH/(i:\",\n      \"isSelectable\": true,\n      \"\\\"x#I}\": {\n        \"name\": \"RYVu~xW-\",\n        \"ay\": 1988,\n        \"assign\": \"UlM'P!%\",\n        \"match\": [\n          \"XQx40*L\",\n          {\n            \"and\": [\n              {\n                \"or\": [\n                  \"LLV21T\"\n                ]\n              },\n              {\n                \"or\": [\n                  \"YBY31**\",\n                  {\n                    \"and\": [\n                      \"DUB199\",\n                      \"HPx36Y\"\n                    ]\n                  },\n                  \"POJ47W\"\n                ]\n              },\n              {\n                \"and\": [\n                  \"ZII4\",\n                  {\n                    \"or\": [\n                      \"NY4145\",\n                      {\n                        \"or\": [\n                          \"ODN1523\",\n                          \"OXU7G\"\n                        ]\n                      },\n                      \"SM5N\",\n                      \"RZ165J\"\n                    ]\n                  },\n                  {\n                    \"or\": []\n                  },\n                  \"HND558\",\n                  \"AF98\"\n                ]\n              },\n              {\n                \"or\": [\n                  \"OJ6089\",\n                  {\n                    \"and\": [\n                      {\n                        \"pattern\": \"BHC*3\",\n                        \"exclude\": \"QJx55\",\n                        \"info\": \"/AB{7Wc\"\n                      }\n                    ]\n                  },\n                  \"JZ7x49Z\",\n                  \"XJV0S\"\n                ]\n              },\n              {\n                \"and\": [\n                  {\n                    \"or\": [\n                      {\n                        \"and\": [\n                          {\n                            \"and\": []\n                          },\n                          \"JT11\",\n                          \"KI0I\",\n                          {\n                            \"or\": [\n                              {\n                                \"or\": [\n                                  \"OS*5\",\n                                  {\n                                    \"or\": [\n                                      \"UP752x\",\n                                      \"CGW8173I\"\n                                    ]\n                                  }\n                                ]\n                              },\n                              \"FIY8x5x\",\n                              \"BX655F\",\n                              \"BZ3157\"\n                            ]\n                          }\n                        ]\n                      },\n                      \"FI93\"\n                    ]\n                  },\n                  {\n                    \"and\": [\n                      \"ML852xR\"\n                    ]\n                  },\n                  \"WD*94Q\",\n                  \"PJ03*9\",\n                  {\n                    \"pattern\": \"MS1\",\n                    \"exclude\": [\n                      \"YF48x0\",\n                      \"BZ*719\",\n                      \"FB1\"\n                    ],\n                    \"info\": \"~a\\\\B%l\"\n                  }\n                ]\n              }\n            ]\n          },\n          {\n            \"and\": [\n              \"LJ291\",\n              {\n                \"or\": [\n                  \"DI6E\",\n                  {\n                    \"and\": [\n                      \"CD307B\"\n                    ]\n                  },\n                  \"PN032P\",\n                  {\n                    \"and\": []\n                  },\n                  {\n                    \"pattern\": \"FBT4\",\n                    \"exclude\": []\n                  }\n                ]\n              },\n              {\n                \"and\": []\n              },\n              {\n                \"pattern\": \"TG4\",\n                \"exclude\": [\n                  \"JNxI\",\n                  \"WXC*x\",\n                  \"JL4R\",\n                  \"VN681\",\n                  \"GIY52\"\n                ],\n                \"info\": \"g_\"\n              }\n            ]\n          },\n          {\n            \"and\": [\n              {\n                \"or\": [\n                  \"RGO859\",\n                  {\n                    \"or\": []\n                  },\n                  \"PRx645\"\n                ]\n              },\n              {\n                \"or\": [\n                  \"FWZx2\",\n                  \"TD482*\",\n                  \"CYU7E\",\n                  {\n                    \"and\": [\n                      {\n                        \"and\": [\n                          \"XA8X\",\n                          {\n                            \"pattern\": \"TRG4\",\n                            \"exclude\": [\n                              \"SV5F\",\n                              \"IM54O\",\n                              \"TE8758\",\n                              \"ML9Z\",\n                              \"PD9xV\"\n                            ],\n                            \"info\": \"ECK\"\n                          }\n                        ]\n                      },\n                      \"LLF*28N\",\n                      {\n                        \"pattern\": \"JJTx1L\",\n                        \"exclude\": [\n                          \"NZN858O\",\n                          \"HDF5xH\",\n                          \"BO38\",\n                          \"FLZ0445\",\n                          \"CO5\"\n                        ],\n                        \"info\": \"+1!\\\\? ~:?\"\n                      }\n                    ]\n                  },\n                  \"SXV8K\"\n                ]\n              },\n              {\n                \"and\": [\n                  \"IBD6*\",\n                  \"CE4M\",\n                  {\n                    \"pattern\": \"WI757C\",\n                    \"exclude\": \"LHG*5*4\",\n                    \"info\": \"\"\n                  },\n                  \"VT5S\",\n                  {\n                    \"and\": [\n                      \"AUOx27\",\n                      {\n                        \"and\": [\n                          \"GLB4R\",\n                          {\n                            \"pattern\": \"LP125\",\n                            \"exclude\": []\n                          },\n                          {\n                            \"pattern\": \"XXZ34S\",\n                            \"exclude\": \"BS638\",\n                            \"info\": \"]c+9\"\n                          }\n                        ]\n                      },\n                      \"LG804\"\n                    ]\n                  }\n                ]\n              },\n              {\n                \"or\": [\n                  \"YSD56\",\n                  {\n                    \"or\": []\n                  }\n                ]\n              }\n            ]\n          },\n          {\n            \"pattern\": \"HH6587E\",\n            \"exclude\": [\n              \"TRW91x9\"\n            ],\n            \"info\": \"7W0_Hv\"\n          }\n        ],\n        \"url\": \"https://d7exd.ddeob4ddc9-d.sanhciipy/hS6Cg%F2%83%B7%AF=.Q/;l0.)$iUB\",\n        \"info\": \"FO=HfTL\",\n        \"isSelectable\": true\n      },\n      \"+v\": {\n        \"assign\": [\n          \"BO+=0\",\n          \"keLo%'z) u\",\n          \"@Lo)6\",\n          \"aX\"\n        ],\n        \"match\": {\n          \"and\": []\n        },\n        \"satisfy\": {\n          \"or\": [\n            {\n              \"and\": [\n                {\n                  \"mc\": \"<=122\"\n                },\n                \"=9m\",\n                {\n                  \"and\": [\n                    \"F\"\n                  ]\n                },\n                {\n                  \"mc\": \">=196\"\n                },\n                {\n                  \"mc\": \">=200\"\n                }\n              ]\n            },\n            {\n              \"mc\": \"<=3\"\n            }\n          ]\n        },\n        \"url\": \"https://vh8g.y3ptsr3crl8fg-dwzd.erc7de.wpqlxypxh//(n:IT5Ab\",\n        \"info\": \"}!Z(^jyn\",\n        \"isSelectable\": true\n      }\n    }\n  },\n  {\n    \"title\": \"block sample 6\",\n    \"value\": {\n      \"name\": \"&{\",\n      \"ay\": 1978,\n      \"assign\": \"W\",\n      \"match\": [\n        {\n          \"pattern\": \"LW*\",\n          \"exclude\": \"UD1\",\n          \"info\": \"Xv{^}lB\"\n        },\n        {\n          \"or\": []\n        },\n        \"GEE55\",\n        {\n          \"or\": [\n            {\n              \"pattern\": \"QVG6404X\",\n              \"exclude\": \"IT5223A\",\n              \"info\": \"v9YqvK>haC\"\n            },\n            {\n              \"or\": [\n                \"IKH6\",\n                {\n                  \"pattern\": \"YK60\",\n                  \"exclude\": [\n                    \"HS64\",\n                    \"FX20\",\n                    \"WY4\",\n                    \"ICL3\"\n                  ],\n                  \"info\": \"NgY-,\"\n                },\n                {\n                  \"pattern\": \"ID77K\",\n                  \"exclude\": \"EZT2\",\n                  \"info\": \"O\"\n                },\n                \"XH9\",\n                {\n                  \"and\": [\n                    {\n                      \"and\": [\n                        {\n                          \"or\": [\n                            \"EP1021U\"\n                          ]\n                        },\n                        \"SPGx02*W\",\n                        \"XKA*52W\"\n                      ]\n                    }\n                  ]\n                }\n              ]\n            },\n            {\n              \"or\": []\n            }\n          ]\n        }\n      ],\n      \"url\": \"https://tfz806etisyyk4ovh5v771vcjlmii89-et4b6je.cbgehi-rdf8amfr8xu-nwfj-ex8sa7rvmccfepf1xt754q5ay8f566cfx.46pcb25e5npbnb9cfaxbevacs1dfe1nx-55dpmc2ge96z9eac.upr\",\n      \"info\": \"`&z #z%h\",\n      \"mhcMzDo:V0\": {\n        \"name\": \"R2\",\n        \"assign\": \"*7?s:&-O=\",\n        \"match\": {\n          \"and\": [\n            {\n              \"pattern\": \"XCJ93\",\n              \"exclude\": \"YB352*\",\n              \"info\": \"MXn21Y\"\n            },\n            {\n              \"pattern\": \"NC230L\",\n              \"exclude\": \"UGF917\",\n              \"info\": \"OVh\"\n            },\n            {\n              \"pattern\": \"CD7*6*O\",\n              \"info\": \"S``SY#8\"\n            },\n            {\n              \"pattern\": \"ZFQ584\",\n              \"exclude\": \"AVP7368\",\n              \"info\": \"_C]TDU\"\n            },\n            \"IWO2\"\n          ]\n        },\n        \"satisfy\": \"D^\",\n        \"url\": \"http://r.bx-r3t2j5.q11lwpc06z6w2g76bzc6ordw0in0-hujhragpabac0nb.hrxkyli/@Jh_h//xZVo//RDdLk%F2%9B%9F%9FcSI4\",\n        \"isSelectable\": true,\n        \"7|.\": {\n          \"name\": \"f<5l\",\n          \"ay\": 1977,\n          \"match\": [\n            {\n              \"and\": [\n                {\n                  \"or\": [\n                    \"KZT878B\",\n                    {\n                      \"and\": [\n                        {\n                          \"or\": [\n                            \"LIM02R\",\n                            {\n                              \"or\": []\n                            },\n                            \"LT8730B\",\n                            \"ML24\"\n                          ]\n                        },\n                        {\n                          \"or\": [\n                            \"DJ8687M\",\n                            {\n                              \"or\": [\n                                \"BW*\",\n                                \"FHLx2**U\",\n                                \"MCL247*C\",\n                                \"NW3773Q\",\n                                \"RQ*27\"\n                              ]\n                            },\n                            {\n                              \"pattern\": \"WY5\",\n                              \"exclude\": \"VOO62\",\n                              \"info\": \"\"\n                            },\n                            {\n                              \"and\": []\n                            }\n                          ]\n                        },\n                        \"RU323*X\"\n                      ]\n                    },\n                    \"UDR*753A\"\n                  ]\n                }\n              ]\n            },\n            {\n              \"and\": [\n                {\n                  \"or\": [\n                    {\n                      \"and\": [\n                        \"MFU9\",\n                        \"ZY37\",\n                        \"YG5x2\"\n                      ]\n                    },\n                    \"RCR06T\",\n                    \"LP029\",\n                    \"RFD2050\"\n                  ]\n                },\n                {\n                  \"pattern\": \"AZG99x2\",\n                  \"info\": \"s?j.#\"\n                },\n                \"KUF3472\"\n              ]\n            },\n            {\n              \"pattern\": \"OIG004\",\n              \"info\": \"%O,?E%e\"\n            },\n            {\n              \"and\": [\n                \"EAL*62\",\n                \"WVL0623\",\n                {\n                  \"and\": []\n                },\n                {\n                  \"and\": []\n                },\n                {\n                  \"and\": [\n                    {\n                      \"and\": []\n                    },\n                    \"OWI33x1\"\n                  ]\n                }\n              ]\n            },\n            {\n              \"and\": [\n                {\n                  \"pattern\": \"FGS97\",\n                  \"exclude\": [\n                    \"KHT94A\",\n                    \"KH175Z\",\n                    \"LNx\",\n                    \"GH45K\"\n                  ]\n                },\n                {\n                  \"pattern\": \"WK*2D\",\n                  \"exclude\": [\n                    \"GOH258*\",\n                    \"VMJx696\",\n                    \"TOE6892I\",\n                    \"JO853G\"\n                  ],\n                  \"info\": \"`\"\n                },\n                \"FPx3xx\"\n              ]\n            }\n          ],\n          \"satisfy\": [\n            {\n              \"mc\": \">=165\"\n            },\n            {\n              \"or\": [\n                {\n                  \"or\": []\n                },\n                {\n                  \"or\": [\n                    {\n                      \"and\": []\n                    },\n                    \"CQM'JQ5k\",\n                    \"*f(iG}(mf}\"\n                  ]\n                },\n                {\n                  \"and\": [\n                    \"\",\n                    \"+:VNc=-Z`\",\n                    \"FC\"\n                  ]\n                },\n                {\n                  \"mc\": \"<=32\"\n                },\n                {\n                  \"mc\": \"<=88\"\n                }\n              ]\n            },\n            \"m\"\n          ],\n          \"url\": \"http://1038.xvjcw79z-xefqpamsrv1oja885vivgds6d.jvsdf7g81s5pj1f7e5owrzch3j4.1.hut/*s%F2%96%A7%8DZWK/sE3gHU%F0%B1%86%89x/p%F3%8B%A2%A3Ne)XB\",\n          \"info\": \"E#?j&HN 4\",\n          \"isSelectable\": true,\n          \"\": {\n            \"name\": \"p*kf5\",\n            \"ay\": 1964,\n            \"match\": [],\n            \"url\": \"http://aezn1y818n31ceq1z.msys6e8pvc90usslyskif6.bv/Jwhjfi5SL/bz/7q/QBOqkd2/LqZG,+3/g!uF3B/6QZNad3E\",\n            \"info\": \"-)C2}nBc9\",\n            \"isSelectable\": true\n          }\n        },\n        \"XCWjlTYWB\": {\n          \"name\": \"pl\",\n          \"assign\": [\n            \"2kH2S:S~\"\n          ],\n          \"match\": {\n            \"or\": [\n              \"CG464K\",\n              {\n                \"pattern\": \"XBL356\",\n                \"exclude\": [],\n                \"info\": \"KV$B~$\"\n              },\n              {\n                \"pattern\": \"RUO84P\",\n                \"exclude\": [\n                  \"GAX*0\"\n                ],\n                \"info\": \"O8\"\n              }\n            ]\n          },\n          \"satisfy\": {\n            \"or\": []\n          },\n          \"url\": \"https://b541faim3xwne3l37zrdu7gshs7ol1cwk7i2jai-enasyb9ri4icz1z.aipvrg/&K=Y/2KP/%F3%A7%AB%8E2f*t.h/IY2,l/~4t8d\",\n          \"info\": \"\",\n          \"isSelectable\": true,\n          \"r':I\": {\n            \"ay\": 1974,\n            \"assign\": \"t9h\",\n            \"match\": {\n              \"or\": [\n                {\n                  \"and\": [\n                    \"HNA9O\",\n                    \"OQO*U\"\n                  ]\n                },\n                {\n                  \"or\": [\n                    \"ATU90\",\n                    \"RU1484\",\n                    {\n                      \"or\": [\n                        \"XB9*\",\n                        {\n                          \"pattern\": \"IPM2A\"\n                        },\n                        {\n                          \"or\": [\n                            \"JHx38C\",\n                            \"HND47I\",\n                            {\n                              \"or\": [\n                                \"NLJ0T\"\n                              ]\n                            },\n                            {\n                              \"and\": [\n                                \"ZJKx\",\n                                \"CQT5\",\n                                \"WML55M\",\n                                \"AW5S\"\n                              ]\n                            }\n                          ]\n                        }\n                      ]\n                    }\n                  ]\n                },\n                {\n                  \"pattern\": \"CAF4xK\",\n                  \"exclude\": [\n                    \"EPR3x\",\n                    \"UIV8x\",\n                    \"OHU144O\",\n                    \"DI826\"\n                  ],\n                  \"info\": \"|m_@|\"\n                },\n                {\n                  \"pattern\": \"AZD*94B\",\n                  \"exclude\": [],\n                  \"info\": \"~3\"\n                },\n                {\n                  \"and\": [\n                    {\n                      \"pattern\": \"DFx**2Z\",\n                      \"exclude\": \"WR035\",\n                      \"info\": \"d;DQl#lq\"\n                    },\n                    \"RJQ290x\",\n                    {\n                      \"and\": []\n                    }\n                  ]\n                }\n              ]\n            },\n            \"satisfy\": {\n              \"or\": [\n                {\n                  \"mc\": \"<=191\"\n                },\n                {\n                  \"and\": [\n                    {\n                      \"mc\": \"<=84\"\n                    }\n                  ]\n                }\n              ]\n            },\n            \"info\": \"y&>|:\\\"A8?x\",\n            \"isSelectable\": true\n          }\n        },\n        \"&I!\\\\Gy\": {\n          \"ay\": 1981,\n          \"assign\": \"X\",\n          \"match\": {\n            \"pattern\": \"GYH88G\",\n            \"exclude\": \"DNZ920*\",\n            \"info\": \"\"\n          },\n          \"url\": \"http://quvpn4ayrl2-re41.pr6z69qmmas3yyrx4tfzjm48f03y9qocwjgf3u7-27xgxywl6pe6.9ti4frctmvlzt-khhw3hw9y8rzgyhyy.y.exvbj5.setyn/Q/XrB/tq@/%F4%82%85%97d8xg/EDv$%F0%93%82%90X~j%F2%8B%BB%A2L/IPzo9-h/uCUg'/oEOO/%F3%8D%9F%B7\"\n        },\n        \"\": {\n          \"name\": \"|\",\n          \"assign\": [\n            \",\",\n            \"Q \",\n            \"TI#&/]NzJ\"\n          ],\n          \"satisfy\": {\n            \"and\": [\n              {\n                \"mc\": \"<=22\"\n              },\n              {\n                \"mc\": \"<=91\"\n              },\n              \"Sb\"\n            ]\n          },\n          \"info\": \"LCCUS<EVg*\",\n          \"isSelectable\": true\n        },\n        \"[\": {\n          \"name\": \"D{H44\",\n          \"ay\": 1974,\n          \"assign\": \":Cm@Q!\",\n          \"match\": [\n            \"RGK3xK\",\n            {\n              \"pattern\": \"HCX9*5\",\n              \"exclude\": [\n                \"XVDx11\",\n                \"WU3\",\n                \"UAV59F\",\n                \"AII31Y\"\n              ],\n              \"info\": \"U%Hc\"\n            },\n            {\n              \"or\": [\n                {\n                  \"or\": [\n                    {\n                      \"pattern\": \"SY6\",\n                      \"exclude\": \"WS9\",\n                      \"info\": \"9d{e\"\n                    },\n                    {\n                      \"pattern\": \"WR83E\",\n                      \"exclude\": \"YK*\",\n                      \"info\": \"VN66:\"\n                    },\n                    {\n                      \"and\": []\n                    },\n                    {\n                      \"pattern\": \"DL**8*C\",\n                      \"exclude\": [\n                        \"VHA2532C\"\n                      ],\n                      \"info\": \"Dzm7K+`w\"\n                    }\n                  ]\n                },\n                {\n                  \"pattern\": \"ILx745V\",\n                  \"exclude\": \"JH00*1F\",\n                  \"info\": \"x4q4\"\n                }\n              ]\n            },\n            {\n              \"pattern\": \"BN50W\",\n              \"exclude\": [\n                \"RL0xW\",\n                \"TR7x\",\n                \"FZP3E\"\n              ],\n              \"info\": \"5XHYYskk\"\n            }\n          ],\n          \"satisfy\": {\n            \"and\": [\n              {\n                \"and\": [\n                  \"j@7PS\"\n                ]\n              },\n              \"@\",\n              \"\",\n              {\n                \"and\": []\n              },\n              \"+j\"\n            ]\n          },\n          \"url\": \"https://v.te50kpomx1fi-iglzwmp580bh.zgvrsanffa/qUqPEO6rwx/z'%F1%AB%8E%8ChHtam=/.=ec%F2%BF%AD%818oS//%F2%9B%90%9C'aN(/j6//P!o=z%F2%81%96%BArhR/10e@/WxQv0\",\n          \"info\": \"R`XQb-iW7y\",\n          \"isSelectable\": true\n        }\n      },\n      \"g\": {\n        \"name\": \"R(kt$\",\n        \"ay\": 2011,\n        \"assign\": \"u\",\n        \"match\": \"NN4*x4\",\n        \"url\": \"http://h9w6lxsekz5fw-3f4qfvk0lka279ygmibrsnu2ue12p6d8gjo1goe.kaecnrnus/B%F3%8B%B2%9FB%F2%80%AF%BDLbgMs/Q/&Y3hr/xh.q6/I/ci3&on%F2%80%88%8B/G46\",\n        \"info\": \"CfGech?p\",\n        \"isSelectable\": true,\n        \"~[N5~*8&C\": {\n          \"ay\": 2010,\n          \"assign\": \"_Xmb@+nr}n\",\n          \"match\": [],\n          \"satisfy\": \"@FAj:5.I/X\",\n          \"url\": \"https://437rrcypw1x1ls36e3eomduqw6m4nrzs6hreoyuj6284n7j2oj6.bglw6698er9r8qjg.rhmzvwixcze5v4y82jco9lptwljb2p3g-ejdbx7w6do63oz430.x82iim3wtckbh1j7iujqll9trixwa8m0.u7d110wwaxgdjissf-pnfey0blpm1s.asd/Z@8;4lBh/L&v.I7CjW/p-NpN2/'a(K%F0%9F%A4%9Eq/e3*.D%F1%BB%92%A8V\",\n          \"info\": \"(1u$Lj)g\",\n          \"isSelectable\": true\n        },\n        \"a]V$\": {\n          \"name\": \"iia#\",\n          \"ay\": 2005,\n          \"match\": [\n            {\n              \"and\": []\n            },\n            {\n              \"and\": []\n            },\n            {\n              \"and\": []\n            }\n          ],\n          \"satisfy\": [\n            {\n              \"or\": [\n                \"g\",\n                {\n                  \"mc\": \"<=92\"\n                },\n                {\n                  \"or\": [\n                    \"7\",\n                    \"F8\",\n                    {\n                      \"or\": [\n                        \"3]^4{r!_\"\n                      ]\n                    },\n                    \"32%\",\n                    \"q]r0Va@b^\"\n                  ]\n                }\n              ]\n            },\n            {\n              \"and\": [\n                \"MP\",\n                {\n                  \"and\": [\n                    {\n                      \"mc\": \">=84\"\n                    }\n                  ]\n                },\n                {\n                  \"and\": [\n                    \"CA\",\n                    \"Ew)Z2\",\n                    {\n                      \"mc\": \"<=52\"\n                    },\n                    {\n                      \"and\": [\n                        \"ASfCT\",\n                        \"KI'\",\n                        \"H!x.M}lzO\"\n                      ]\n                    }\n                  ]\n                },\n                \"WQ>1D^hl\"\n              ]\n            }\n          ],\n          \"url\": \"https://bfu3xx3k59lk608k1zwwdyh4-zst8zbt55ev500oxb0hqt6.n3duybupdful166gsuifi07l39qt2dd5oolzqoipjofa81z21.2ibr4z2kx2-ia8gm9q.tibt6lg1vts3fm9objvfgy0rilt1fg8f5ccxcs783ek.uhdbkbh/3::JO~\",\n          \"info\": \"\",\n          \"isSelectable\": true\n        },\n        \"\": {\n          \"name\": \"[\",\n          \"ay\": 2010,\n          \"match\": \"VZM2622\",\n          \"url\": \"https://gyzkasw8xh4kn9pg8btqyoelxb-006qkyvaud627kxa9b1gralu5-j3smic05qs.tjfcyomevd/6XS//'O$:9%F3%AE%A0%AAhK$/ty/A_2%F4%8E%9A%8BxAN/:le-%F1%B8%96%98X%F0%A1%B4%98/=421p/:Ywv%F3%94%8D%A7\",\n          \"info\": \"R\",\n          \"isSelectable\": true\n        }\n      },\n      \"7#&S%Vmx\": {\n        \"name\": \"tlrV>\",\n        \"ay\": 1977,\n        \"assign\": \"blOj\",\n        \"match\": \"FAF4\",\n        \"satisfy\": {\n          \"or\": [\n            {\n              \"mc\": \">=10\"\n            },\n            {\n              \"mc\": \">=145\"\n            },\n            {\n              \"mc\": \"<=32\"\n            },\n            \"X*jlxB\",\n            {\n              \"mc\": \"<=145\"\n            }\n          ]\n        },\n        \"url\": \"https://qgz602nh9pndvrz1qc.ol9gn1gbcx6bmqsf1jifv30ptm6y16.sm669ha25rsua0y8loluq690b-dv7xz4nabvm4ueg1jh.xkocen/8LZXEW9)q//;/r,Dy/yV&).;\",\n        \"info\": \"cxy<z+iYj\",\n        \"isSelectable\": true,\n        \"WK@(zO^U\\\"[\": {\n          \"name\": \"3\",\n          \"ay\": 1982,\n          \"assign\": \"+NT[\",\n          \"match\": \"BI7636\",\n          \"url\": \"http://pbbrojxjdlp29mmvz01kkv1lrqu4p9p0f8jk3h3xw7isrbq3.ir/LmBOtI(&$/Oh_M1Oh/%F2%B9%82%B8yQ)a/vnPo!q7/bD\",\n          \"info\": \"( (PL*s!L:\",\n          \"isSelectable\": true\n        },\n        \"<*.@U\": {\n          \"match\": \"PQ2\",\n          \"satisfy\": [\n            {\n              \"or\": [\n                {\n                  \"and\": [\n                    \"+C\",\n                    \">g~\",\n                    {\n                      \"or\": [\n                        \"Dc4|f]F6EN\",\n                        {\n                          \"and\": []\n                        },\n                        \"gbNAn\",\n                        \"(Qs:@\",\n                        \"lES H:r\"\n                      ]\n                    },\n                    {\n                      \"or\": [\n                        \"*a4D7 |x\",\n                        {\n                          \"mc\": \"<=75\"\n                        },\n                        {\n                          \"or\": []\n                        }\n                      ]\n                    },\n                    \"0Byt,<U+]\"\n                  ]\n                },\n                \"YrpBF})!>U\",\n                {\n                  \"or\": []\n                },\n                \"7\\\"C`gD\",\n                \"Gn>\\\\Y[ \"\n              ]\n            },\n            {\n              \"and\": []\n            },\n            {\n              \"mc\": \"<=140\"\n            }\n          ],\n          \"info\": \"|cw0=cPT05\",\n          \"isSelectable\": true,\n          \"ML\\\"!,Pd\": {\n            \"name\": \"\\\\C*>N\",\n            \"assign\": \"''HmKS!x_\",\n            \"satisfy\": {\n              \"or\": [\n                {\n                  \"and\": []\n                },\n                \"qwZba0w\",\n                {\n                  \"and\": [\n                    {\n                      \"or\": [\n                        \"(a[/\",\n                        \"L~\",\n                        \"Ml^6o3OXih\",\n                        {\n                          \"and\": [\n                            \"L\",\n                            \"Mh.xyeb?`\",\n                            \"W\"\n                          ]\n                        },\n                        {\n                          \"mc\": \">=147\"\n                        }\n                      ]\n                    }\n                  ]\n                },\n                {\n                  \"and\": []\n                }\n              ]\n            },\n            \"isSelectable\": true,\n            \"KqlH\\\\_C`dr\": {\n              \"name\": \"|e\",\n              \"assign\": \"1rFuA\",\n              \"match\": [\n                {\n                  \"or\": [\n                    {\n                      \"and\": [\n                        \"GES4P\",\n                        \"AXY1O\",\n                        \"SZO420R\",\n                        \"PW7\"\n                      ]\n                    },\n                    {\n                      \"or\": [\n                        {\n                          \"pattern\": \"MJX581P\",\n                          \"exclude\": [\n                            \"OP1xS\",\n                            \"VLX3N\"\n                          ],\n                          \"info\": \">z \"\n                        },\n                        {\n                          \"and\": [\n                            \"EU6x\",\n                            \"MCV0*Z\",\n                            \"YAJ3357B\"\n                          ]\n                        },\n                        {\n                          \"or\": [\n                            {\n                              \"and\": [\n                                \"IW49G\"\n                              ]\n                            },\n                            {\n                              \"pattern\": \"YK42X\",\n                              \"exclude\": [\n                                \"JI8L\",\n                                \"KYZ063\"\n                              ],\n                              \"info\": \"WSPm\"\n                            },\n                            {\n                              \"pattern\": \"QWY3F\",\n                              \"exclude\": [\n                                \"XBD08\"\n                              ],\n                              \"info\": \"c5w;<LK6\"\n                            },\n                            \"IF*1U\",\n                            \"ZQ54*5\"\n                          ]\n                        },\n                        \"DBN7979P\",\n                        {\n                          \"and\": [\n                            \"GZ*5*8\",\n                            \"RT853I\",\n                            \"XS3I\"\n                          ]\n                        }\n                      ]\n                    }\n                  ]\n                }\n              ],\n              \"satisfy\": [],\n              \"url\": \"https://ttottxn32sxuiyhwdxn3wohd1blyyiecfcyygse8zbc0o.hkab/t!YxT1%F0%A8%92%98i/S%F0%A1%B8%96/-/)_9dgN%F3%AE%99%94dh/ti-%F4%88%A9%A98/NDzY'9*\",\n              \"info\": \"m'5\\\\dcx,pp\",\n              \"isSelectable\": true\n            },\n            \"Eh}- r{.\": {\n              \"name\": \"\\\"Un\\\\$Y$\\\\>S\",\n              \"ay\": 2029,\n              \"assign\": \"Xxxnr)|\",\n              \"match\": [\n                {\n                  \"pattern\": \"HO4F\",\n                  \"exclude\": [\n                    \"OXZ82\",\n                    \"WZ31V\",\n                    \"XXA2\",\n                    \"PGF2L\",\n                    \"IA2*1C\"\n                  ],\n                  \"info\": \"c9R\"\n                },\n                {\n                  \"pattern\": \"OB916\",\n                  \"exclude\": [\n                    \"VHM6Y\",\n                    \"OMV130xR\",\n                    \"ELM6\",\n                    \"SWB2*8O\"\n                  ],\n                  \"info\": \"xufj<9i:il\"\n                },\n                \"IC9P\",\n                {\n                  \"or\": [\n                    {\n                      \"and\": [\n                        \"YEE202xO\",\n                        \"JK*4N\",\n                        {\n                          \"or\": [\n                            \"VB204xN\"\n                          ]\n                        }\n                      ]\n                    },\n                    \"ZXx7\",\n                    {\n                      \"or\": [\n                        {\n                          \"pattern\": \"IYH90x2M\",\n                          \"exclude\": \"RP2W\"\n                        },\n                        {\n                          \"pattern\": \"VKL7x9\",\n                          \"exclude\": [\n                            \"ZQD72x8M\",\n                            \"XV8*99\",\n                            \"UH0xH\",\n                            \"HO1815\"\n                          ],\n                          \"info\": \"A A#:4u,e\"\n                        },\n                        {\n                          \"and\": [\n                            \"BZG448E\",\n                            \"YHD438G\",\n                            {\n                              \"pattern\": \"TJZ0\",\n                              \"exclude\": [\n                                \"ONJ994I\",\n                                \"OIB421\",\n                                \"YG6*\",\n                                \"MNW608\"\n                              ],\n                              \"info\": \"{w\"\n                            },\n                            {\n                              \"and\": [\n                                \"BBZ3x6\",\n                                {\n                                  \"or\": [\n                                    \"FN77B\",\n                                    \"XF491\",\n                                    {\n                                      \"pattern\": \"AB*2\",\n                                      \"exclude\": [\n                                        \"KMA178\",\n                                        \"WY9\",\n                                        \"KX8*2L\"\n                                      ],\n                                      \"info\": \"Zr+r\"\n                                    },\n                                    \"ORV169M\",\n                                    \"OQ5\"\n                                  ]\n                                },\n                                \"JCT0E\",\n                                \"CEZx12\"\n                              ]\n                            },\n                            \"DUJ37\"\n                          ]\n                        },\n                        {\n                          \"and\": [\n                            \"GKJ5N\"\n                          ]\n                        }\n                      ]\n                    }\n                  ]\n                }\n              ],\n              \"satisfy\": \"\",\n              \"url\": \"http://4y8v46v2yxmhtup1f811e.rjhb-gobju.fj0oy8-8xi1leq3nsah6nq47owq0-2jxdelx36zrlp7n7cn5k5jftd-9l904zxk.eurkp/i/5X/A0ibL.%F0%A1%90%9DY/%F1%AE%A6%A6e$/%F3%81%98%AA1bLm%F2%96%9E%A5pOSF\",\n              \"info\": \"2sV.#5D9\",\n              \"isSelectable\": true\n            },\n            \"mP~\\\"R&\": {\n              \"name\": \"12{q\",\n              \"ay\": 1956,\n              \"assign\": [\n                \"a)h}Dt54\",\n                \"@l7c)WTF?\",\n                \"j30}q@\"\n              ],\n              \"match\": [\n                {\n                  \"and\": [\n                    \"DU52B\",\n                    \"NU11\",\n                    {\n                      \"or\": [\n                        \"GR575\",\n                        \"KDNxP\",\n                        {\n                          \"or\": [\n                            \"PTW54J\",\n                            \"FPY6*9W\",\n                            \"PGI6\",\n                            \"VAT6324\",\n                            {\n                              \"pattern\": \"JQD6x8X\",\n                              \"exclude\": \"QF204K\",\n                              \"info\": \"Q:\"\n                            }\n                          ]\n                        },\n                        \"ZI86\"\n                      ]\n                    },\n                    {\n                      \"pattern\": \"UY3X\",\n                      \"info\": \"~5yKw>:0\"\n                    }\n                  ]\n                },\n                {\n                  \"and\": [\n                    {\n                      \"or\": [\n                        \"VGDx69*\",\n                        {\n                          \"or\": []\n                        },\n                        \"XO44x\",\n                        \"AX69G\",\n                        {\n                          \"and\": []\n                        }\n                      ]\n                    },\n                    {\n                      \"pattern\": \"BFC399\",\n                      \"exclude\": \"IV44A\",\n                      \"info\": \"@\"\n                    },\n                    {\n                      \"and\": [\n                        \"GV058\"\n                      ]\n                    },\n                    {\n                      \"and\": [\n                        {\n                          \"and\": []\n                        },\n                        \"WO2*Q\",\n                        \"AAU1\",\n                        {\n                          \"pattern\": \"MXK521*\",\n                          \"info\": \".'30YQg3xT\"\n                        },\n                        \"YQS0190\"\n                      ]\n                    },\n                    {\n                      \"pattern\": \"ZK265T\",\n                      \"exclude\": \"NNJ1455M\",\n                      \"info\": \"mB6giU9z\"\n                    }\n                  ]\n                },\n                \"IFA735M\",\n                \"TN3xZ\",\n                {\n                  \"pattern\": \"PCA89x\",\n                  \"exclude\": [\n                    \"HRY606K\",\n                    \"ZUM6103S\",\n                    \"THT2S\"\n                  ],\n                  \"info\": \"4UV<tR\"\n                }\n              ],\n              \"satisfy\": [\n                \"\",\n                {\n                  \"and\": [\n                    {\n                      \"or\": [\n                        \"7R_@Z\",\n                        {\n                          \"or\": [\n                            {\n                              \"or\": [\n                                \"p\"\n                              ]\n                            },\n                            {\n                              \"and\": [\n                                \"Plp~@\"\n                              ]\n                            },\n                            {\n                              \"mc\": \"<=139\"\n                            }\n                          ]\n                        }\n                      ]\n                    }\n                  ]\n                },\n                \"VBL`7\"\n              ],\n              \"url\": \"http://nfays3-ns2aost7a1yxll4p673kiwep5t7om648huzno.t3oty-p2b6d6istw5snhb8oxk31c1gh6d70.b.trruatpy/W4XB!%F2%A6%86%82&\",\n              \"info\": \"\"\n            },\n            \");Vm[\\\"S=yb\": {\n              \"name\": \"1@+~f(g\",\n              \"ay\": 2026,\n              \"assign\": \"[\",\n              \"match\": {\n                \"pattern\": \"SP6xQ\",\n                \"exclude\": [\n                  \"NBD1*8X\",\n                  \"DEX4677\"\n                ]\n              },\n              \"satisfy\": [\n                {\n                  \"mc\": \">=98\"\n                },\n                \"T:_\",\n                {\n                  \"or\": [\n                    {\n                      \"mc\": \"<=146\"\n                    },\n                    {\n                      \"mc\": \">=87\"\n                    },\n                    {\n                      \"or\": [\n                        {\n                          \"or\": [\n                            {\n                              \"mc\": \">=151\"\n                            },\n                            {\n                              \"or\": [\n                                \"\",\n                                {\n                                  \"mc\": \"<=157\"\n                                },\n                                {\n                                  \"and\": [\n                                    \"#72HzD1/7Z\",\n                                    \"o\",\n                                    \"h[c\",\n                                    \"\",\n                                    \"3A_c4m\"\n                                  ]\n                                },\n                                \":IW1m$c\",\n                                \"q&\"\n                              ]\n                            },\n                            {\n                              \"and\": [\n                                {\n                                  \"mc\": \">=118\"\n                                },\n                                {\n                                  \"and\": [\n                                    \"gQW?i8x\",\n                                    \"F7U$!v{\",\n                                    \";,qO\\\\iO[\",\n                                    \")`Fe;$O'9`\",\n                                    {\n                                      \"mc\": \"<=171\"\n                                    }\n                                  ]\n                                }\n                              ]\n                            },\n                            \"~B;Pij5\"\n                          ]\n                        },\n                        \"@RS3\",\n                        {\n                          \"or\": [\n                            \"Of4*M\",\n                            \"\",\n                            {\n                              \"mc\": \"<=103\"\n                            },\n                            \"\",\n                            \"f\"\n                          ]\n                        },\n                        \"a+\\\"l\"\n                      ]\n                    }\n                  ]\n                },\n                \"^\"\n              ],\n              \"url\": \"https://pqq99scm.lzooxidk/P/%F0%BD%94%B1F!p/5t,(wTY/Xg\",\n              \"info\": \"k\",\n              \"isSelectable\": true\n            }\n          }\n        },\n        \";J<#GO|1\\\"\": {\n          \"name\": \"m\",\n          \"match\": [\n            {\n              \"pattern\": \"NI593\",\n              \"info\": \"T0l uMf\"\n            },\n            {\n              \"and\": [\n                {\n                  \"pattern\": \"ZEU541*\",\n                  \"exclude\": \"MR9543\",\n                  \"info\": \"@[}\"\n                },\n                {\n                  \"or\": [\n                    \"FG*922\"\n                  ]\n                },\n                {\n                  \"pattern\": \"YTJ677\",\n                  \"exclude\": \"TSJ03\",\n                  \"info\": \"*\"\n                },\n                \"DC5x\",\n                \"AXE41\"\n              ]\n            }\n          ],\n          \"satisfy\": [\n            {\n              \"and\": [\n                {\n                  \"and\": []\n                },\n                {\n                  \"mc\": \">=174\"\n                }\n              ]\n            },\n            \"!guA})&6z\",\n            \"!+9_A\"\n          ],\n          \"url\": \"https://v3b7ael6ftjr-858knfc14dytejn-mm8ns2lmpfpvh40uxyp2ngf-k0tmlacxpp.eb/,Xr_eI*=/:&l7_ih/oyrYa+/'riIE\",\n          \"info\": \"i\",\n          \"isSelectable\": true\n        },\n        \"dfL\": {\n          \"name\": \"$K\",\n          \"ay\": 1981,\n          \"assign\": [\n            \"jEaJi!xG2E\",\n            \",\",\n            \"8lq\"\n          ],\n          \"match\": {\n            \"or\": [\n              {\n                \"or\": [\n                  \"XLO0*2x\",\n                  \"KGS08xC\",\n                  {\n                    \"or\": [\n                      {\n                        \"or\": [\n                          \"OID6B\",\n                          \"MZx813X\"\n                        ]\n                      },\n                      \"XM4\",\n                      \"FP0x30C\",\n                      \"VCJ472\"\n                    ]\n                  },\n                  {\n                    \"pattern\": \"QD3049\",\n                    \"exclude\": [\n                      \"MO8G\"\n                    ],\n                    \"info\": \"*=fBY\"\n                  },\n                  \"RXS881\"\n                ]\n              },\n              {\n                \"and\": [\n                  {\n                    \"and\": [\n                      \"RP8*9\",\n                      \"BNJ834D\"\n                    ]\n                  },\n                  \"QS7\",\n                  \"HO70\",\n                  \"FM2\",\n                  \"GNC88x1\"\n                ]\n              }\n            ]\n          },\n          \"satisfy\": [\n            \"WFKC^5+B^e\",\n            {\n              \"mc\": \">=129\"\n            },\n            {\n              \"or\": [\n                {\n                  \"or\": [\n                    \"=2d+E\",\n                    \".0b<f-=\",\n                    \"GHJ*n\",\n                    {\n                      \"or\": [\n                        {\n                          \"mc\": \">=165\"\n                        },\n                        \"2~qm!dZ=Ru\",\n                        {\n                          \"or\": [\n                            \"z8\",\n                            \"C#h5x[Zixu\",\n                            {\n                              \"and\": [\n                                {\n                                  \"and\": [\n                                    \"Tl~{n<orT\"\n                                  ]\n                                },\n                                \"Rqxnvs4V[\",\n                                \"C\",\n                                \"Z<90edXx\",\n                                \"\"\n                              ]\n                            }\n                          ]\n                        },\n                        {\n                          \"mc\": \"<=165\"\n                        }\n                      ]\n                    },\n                    \"D0l\"\n                  ]\n                },\n                {\n                  \"or\": [\n                    {\n                      \"mc\": \">=145\"\n                    },\n                    \"r2(aM]\",\n                    \"* \",\n                    \"#,\"\n                  ]\n                },\n                {\n                  \"and\": [\n                    \"(pzg\",\n                    {\n                      \"mc\": \">=194\"\n                    }\n                  ]\n                }\n              ]\n            }\n          ],\n          \"url\": \"http://ftwv0hp2o9f22yjqjhyk9--l0tlfq0nw.dya041egcg9auak0t2-05kiqbb-eyq1pvp6qgqw.hu/V%F2%AB%8C%ADe%F1%8D%8A%81-G/ps6s9/~lT/=~,uV;f\",\n          \"info\": \"\"\n        }\n      },\n      \"f|uz\": {\n        \"name\": \"\",\n        \"ay\": 1952,\n        \"assign\": \"un9X(GZ\",\n        \"satisfy\": {\n          \"mc\": \">=43\"\n        },\n        \"url\": \"http://mr25tpo3g4sp2is4kx9zk77.cyspb/@m47w0f/n,4T%F2%84%92%8Eyds3O/h)O~~/_%F3%A4%9D%9E/z,-$/_!0f/F-G/EwaH%F1%8B%B1%A6TjLDC/XsQc*EN\",\n        \"info\": \"-Z\",\n        \"isSelectable\": true\n      },\n      \"}${(\": {\n        \"name\": \"S,V-&wu\",\n        \"ay\": 1975,\n        \"assign\": [\n          \"8'qk?Ba46\",\n          \"83U\",\n          \"\\\"\",\n          \"/)a\\\\\"\n        ],\n        \"url\": \"http://6f1twgxsg1z6ax4qyjq2rgy.dgzzqvoargeqhv98vrs0vekoq4-ncgy27j0iu5bm6lf6-vyzl7.qvehegqqjbh93ugpeu.6li1xfb1e7ezds55bwy5fapj40fds2us6llt62f3t0pd7h6qbtjgux.nd/w~X$,g$U5/RO%F1%91%84%ABQX/hrDpz22B/%F2%B3%A3%BC*kEj3~\",\n        \"info\": \"Z\",\n        \"isSelectable\": true,\n        \"\\\"\\\"nQ%sw\": {\n          \"name\": \"i=fn0zloU\",\n          \"ay\": 1955,\n          \"assign\": [\n            \"o8\",\n            \"(0q(q\\\"\",\n            \"'8YcKQw6P\",\n            \"Skr\"\n          ],\n          \"match\": [],\n          \"satisfy\": [\n            {\n              \"mc\": \">=132\"\n            },\n            \"Sxb'J\",\n            {\n              \"mc\": \">=84\"\n            }\n          ],\n          \"info\": \"][@*$ouH]\",\n          \"isSelectable\": true\n        },\n        \"jj1_LsDX9}\": {\n          \"name\": \"ni,mN\",\n          \"ay\": 1975,\n          \"assign\": [\n            \"*\",\n            \"\",\n            \"%)KK\"\n          ],\n          \"satisfy\": \"> fgu\",\n          \"url\": \"https://d0k63l6s94vekf19q6kz0gdeirfv0c9o103ikiaj0r1ob6.crvoia/K00%F1%BE%91%86rbLh/,5/i\",\n          \"info\": \"\\\\\",\n          \"isSelectable\": true\n        },\n        \"$,:dA/z\": {\n          \"name\": \"hyzM$K>\",\n          \"ay\": 2027,\n          \"assign\": [],\n          \"match\": [\n            \"MWS1O\"\n          ],\n          \"url\": \"http://vrj14dzkuado1p29.txtq/p2*Vb=U+/z.&MNnz%F0%98%A0%9B/*5kPq%F2%B1%8A%A8YNfD/fP/6TRR/9/rC3:0l9G%F1%B5%B0%8Fs\",\n          \"info\": \"3A\",\n          \"isSelectable\": true\n        },\n        \"[F-rf+\": {\n          \"name\": \"ANttRF?R\",\n          \"ay\": 2003,\n          \"assign\": \";)z#\",\n          \"match\": [],\n          \"satisfy\": [\n            {\n              \"and\": [\n                {\n                  \"or\": [\n                    {\n                      \"or\": []\n                    },\n                    {\n                      \"or\": [\n                        {\n                          \"mc\": \">=35\"\n                        },\n                        \"9]!hrI\",\n                        \"\",\n                        \"X%HpCX\"\n                      ]\n                    },\n                    \"jI\",\n                    \"\"\n                  ]\n                },\n                {\n                  \"or\": [\n                    {\n                      \"and\": [\n                        {\n                          \"mc\": \">=179\"\n                        },\n                        \"1.LzmR0_7\",\n                        {\n                          \"or\": [\n                            \"&M=M<\",\n                            \"8,CW\",\n                            {\n                              \"and\": [\n                                \"\\\"|#SM\",\n                                \"e\",\n                                \"@5ThY+\"\n                              ]\n                            },\n                            {\n                              \"mc\": \">=94\"\n                            }\n                          ]\n                        },\n                        \"|P#\"\n                      ]\n                    }\n                  ]\n                },\n                {\n                  \"or\": []\n                },\n                {\n                  \"and\": [\n                    \"zW\"\n                  ]\n                },\n                \"TYN?+WLt\"\n              ]\n            },\n            {\n              \"or\": []\n            },\n            {\n              \"and\": [\n                {\n                  \"mc\": \"<=119\"\n                },\n                {\n                  \"or\": [\n                    \"W)dw-U\",\n                    {\n                      \"and\": [\n                        \"row<P;XD9N\"\n                      ]\n                    },\n                    \"[&YTy^6yKY\"\n                  ]\n                },\n                {\n                  \"and\": [\n                    {\n                      \"and\": [\n                        \"{([Rr@k%T\",\n                        \"aw'n*Wr.\",\n                        {\n                          \"mc\": \">=189\"\n                        },\n                        {\n                          \"mc\": \">=102\"\n                        },\n                        \"\"\n                      ]\n                    },\n                    {\n                      \"and\": []\n                    }\n                  ]\n                },\n                {\n                  \"mc\": \">=125\"\n                },\n                \"r\\\"YO'Bx\"\n              ]\n            }\n          ],\n          \"isSelectable\": true\n        }\n      }\n    }\n  },\n  {\n    \"title\": \"block sample 7\",\n    \"value\": {\n      \"name\": \"\\\"8m-=2\",\n      \"ay\": 2005,\n      \"assign\": [\n        \"L:BqSl\",\n        \"#~|f6$\",\n        \"TP \",\n        \"#V$\",\n        \"\"\n      ],\n      \"match\": [\n        \"XRS*1\"\n      ],\n      \"satisfy\": [\n        \" #81-A^\",\n        {\n          \"mc\": \">=172\"\n        },\n        {\n          \"or\": []\n        },\n        {\n          \"and\": [\n            \"T4?w(&D\"\n          ]\n        },\n        {\n          \"and\": [\n            {\n              \"and\": [\n                \"+.,x\"\n              ]\n            },\n            {\n              \"mc\": \"<=86\"\n            }\n          ]\n        }\n      ],\n      \"url\": \"http://0bkdffhby77cjo-1waoza86t1skva2unbdch3xlfcd9kyl4b9krz34qkr7-x.6l8qrt3u4xit4obr3pfap7k7nx33moa3.0aagjhn-31dl68x1wj662dr9qldwb08gcf0emgw51i69q9d56y.io-j3vs0.aqh25d5l1vsz-0hqq348757ti3hm1172so966p9czmvr709lj2zskbs69l1m.knnczgalc\",\n      \"info\": \"B9Hl#\",\n      \"isSelectable\": true\n    }\n  },\n  {\n    \"title\": \"block sample 8\",\n    \"value\": {\n      \"name\": \"}n\",\n      \"ay\": 2005,\n      \"match\": {\n        \"pattern\": \"SKQ3N\",\n        \"info\": \"5- \"\n      },\n      \"satisfy\": {\n        \"and\": [\n          {\n            \"and\": [\n              {\n                \"mc\": \">=43\"\n              },\n              \"\",\n              \"xh\",\n              {\n                \"mc\": \"<=50\"\n              },\n              \"\"\n            ]\n          },\n          {\n            \"mc\": \"<=13\"\n          }\n        ]\n      },\n      \"url\": \"https://w4rio4juy50-xe9pb6c7q6vusnrl.dwxe/Y%F1%BE%B8%84\",\n      \"info\": \"(L\",\n      \"H{!_ey8\": {\n        \"name\": \"4_\",\n        \"ay\": 1954,\n        \"assign\": \" \",\n        \"match\": {\n          \"pattern\": \"DR9\"\n        },\n        \"satisfy\": [\n          {\n            \"mc\": \">=25\"\n          }\n        ],\n        \"url\": \"https://4xxwyjwol19pp-skz1tno8dypczwu4.0qa4sxe0-c-i47f6bu8r9bec8ayw1bgnlwmhj.f7afls-6izjtqbs1fly9.ju52s5hudt2l4x63.ztlmax/ok(E:T/ulN6jJ9s6/'iL53BN%F3%8D%9F%94lT/n%E9%A7%9B(A/B%F2%B1%A9%AD5\",\n        \"info\": \"Q,98\",\n        \"isSelectable\": true,\n        \"\": {\n          \"name\": \"~'Ne\",\n          \"ay\": 1959,\n          \"match\": {\n            \"or\": [\n              {\n                \"or\": [\n                  \"PP92A\",\n                  {\n                    \"and\": [\n                      {\n                        \"pattern\": \"BP91\",\n                        \"exclude\": [\n                          \"GZF9D\",\n                          \"NHG290Y\",\n                          \"GMx\",\n                          \"TUC**xK\",\n                          \"DSA0965\"\n                        ],\n                        \"info\": \"Cg<R0q}u`\"\n                      },\n                      {\n                        \"and\": []\n                      },\n                      \"NLG968\"\n                    ]\n                  },\n                  {\n                    \"and\": [\n                      {\n                        \"or\": [\n                          \"QWRx5\",\n                          {\n                            \"pattern\": \"SUJ20\",\n                            \"exclude\": \"GN9598\",\n                            \"info\": \"YOdB!P%`0\"\n                          }\n                        ]\n                      },\n                      \"WUE2\",\n                      \"YQ843\",\n                      \"AL815\",\n                      {\n                        \"and\": []\n                      }\n                    ]\n                  },\n                  \"IPN509\"\n                ]\n              }\n            ]\n          },\n          \"satisfy\": [],\n          \"url\": \"http://3khinnxa03omw4ykx5qfiihpzkwbtga1hmzznfg0nn2pgsxremtuzfcb1n3.eno//ZhJI6.tg/anIAQ%F0%A8%BE%B7R-o%E7%BD%90/jC%F2%9F%BD%97E\",\n          \"isSelectable\": true\n        }\n      },\n      \"\": {\n        \"name\": \"Uj|\",\n        \"ay\": 2025,\n        \"assign\": \"\\\"\",\n        \"match\": [\n          {\n            \"pattern\": \"FPN3650\",\n            \"exclude\": \"QA9x\",\n            \"info\": \"L?TxNwH)u\"\n          },\n          \"KFY3*9B\",\n          {\n            \"or\": [\n              {\n                \"or\": [\n                  {\n                    \"or\": [\n                      \"XI076G\",\n                      \"JT73N\",\n                      \"MVO*3*2W\",\n                      \"KH9P\",\n                      \"ZN57*L\"\n                    ]\n                  },\n                  \"ZOC*50\",\n                  {\n                    \"pattern\": \"LCDx44Z\",\n                    \"exclude\": \"PV6429K\",\n                    \"info\": \";E}GE\\\"5\\\"b\"\n                  },\n                  {\n                    \"pattern\": \"IOB37\",\n                    \"exclude\": [\n                      \"UZ362x\",\n                      \"FKSx813\",\n                      \"SR*01R\"\n                    ],\n                    \"info\": \"o?B2 X}vN[\"\n                  },\n                  \"NXY7*01\"\n                ]\n              },\n              \"UW31\"\n            ]\n          },\n          \"UIN66\"\n        ],\n        \"satisfy\": \"\",\n        \"url\": \"https://cyd8n4zlt4tnrxce.dcb.b.csx/+-6+%F2%87%81%9Ezq*_/h$Duvt/.Pk@zp6/4$@7GyK/Fe7.Jl/*/ce\",\n        \"info\": \";=K|(D-\",\n        \"isSelectable\": true\n      }\n    }\n  },\n  {\n    \"title\": \"block sample 9\",\n    \"value\": {\n      \"name\": \"ox'0jHQo8z\",\n      \"ay\": 1972,\n      \"assign\": [\n        \"\"\n      ],\n      \"match\": [],\n      \"satisfy\": {\n        \"and\": []\n      },\n      \"url\": \"http://b-rcv1d8n-9ua1eekc9vi27hai4b6elum7k31h7cs-2w4164.fr5fafbccrly0ygf7e7ckd89cteuk5j4t48.8q9vjv35lwqw6o7w-l3lg2n6s.2bz--tooaym4h2dnwjaajuagczfu.wpkeatlx/mO*~N/h8(/wJ~NnrM/%F1%81%A7%B9TW\",\n      \"info\": \"24I(*\",\n      \"isSelectable\": true\n    }\n  }\n]",
              "code": "(0, fast_check_1.sample)(index_test_2.block, 10).forEach((sample, i) => (0, addContext_1.default)(this, {\n    title: `block sample ${i}`,\n    value: sample,\n}));\nreturn (0, fast_check_1.assert)((0, fast_check_1.property)(index_test_2.block, ajvValidate));",
              "err": {},
              "uuid": "550fcfcf-11c9-4d08-b0d8-f5eafc906f33",
              "parentUUID": "82baa173-8870-4dd3-9b54-51cfe21e4ece",
              "isHook": false,
              "skipped": false
            },
            {
              "title": "should not validate non-object",
              "fullTitle": "blockSchema should not validate non-object",
              "timedOut": false,
              "duration": 1,
              "state": "passed",
              "speed": "fast",
              "pass": true,
              "fail": false,
              "pending": false,
              "context": null,
              "code": "const error = {\n    instancePath: \"\",\n    message: \"block should be an object\",\n};\nisInvalidBlock(null, error);\nisInvalidBlock(undefined, error);\nisInvalidBlock(10, error);\nisInvalidBlock([12, 24], error);\nisInvalidBlock(\"abc\", error);",
              "err": {},
              "uuid": "099e9ca9-f4a8-412e-b72a-39f7ec65f664",
              "parentUUID": "82baa173-8870-4dd3-9b54-51cfe21e4ece",
              "isHook": false,
              "skipped": false
            },
            {
              "title": "should not validate block with invalid properties",
[...]
              "err": {},
              "uuid": "23bbcbec-fac0-48dd-ad15-c4f90fe32ea6",
              "parentUUID": "3703cf8b-f86b-4e0f-951e-d10aeded9b18",
              "isHook": false,
              "skipped": false
            }
          ],
          "suites": [],
          "passes": [
            "3ba9915c-f91b-4dae-ab2d-22993ea99704",
            "4a92746b-2c97-4d1b-af49-310ba22aecf0",
            "6487a27f-06bf-45b3-af77-19222b0cc317",
            "d35f8faa-99ab-4f73-9938-3e2d23564339",
            "d601c1b5-0067-4a20-a539-1585ac47f2a1",
            "423fa64e-5200-4cea-9726-5d018d867749",
            "23bbcbec-fac0-48dd-ad15-c4f90fe32ea6"
          ],
          "failures": [],
          "pending": [],
          "skipped": [],
          "duration": 1,
          "root": false,
          "rootEmpty": false,
          "_timeout": 2000
        },
        {
          "uuid": "93e4e327-9ccd-4a6e-970e-708893227d9d",
          "title": "inequalitySchema",
          "fullFile": "/home/runner/work/planwithus-lib/planwithus-lib/src/satisfyRule/inequality/schemas.test.ts",
          "file": "/src/satisfyRule/inequality/schemas.test.ts",
          "beforeHooks": [],
          "afterHooks": [],
          "tests": [
            {
              "title": "should validate inequality in the form <=n or >=n",
              "fullTitle": "inequalitySchema should validate inequality in the form <=n or >=n",
              "timedOut": false,
              "duration": 1,
              "state": "passed",
              "speed": "fast",
              "pass": true,
              "fail": false,
              "pending": false,
              "context": "[\n  {\n    \"title\": \"inequality sample 0\",\n    \"value\": \"<=21\"\n  },\n  {\n    \"title\": \"inequality sample 1\",\n    \"value\": \"<=197\"\n  },\n  {\n    \"title\": \"inequality sample 2\",\n    \"value\": \">=2\"\n  },\n  {\n    \"title\": \"inequality sample 3\",\n    \"value\": \">=4\"\n  },\n  {\n    \"title\": \"inequality sample 4\",\n    \"value\": \"<=1\"\n  },\n  {\n    \"title\": \"inequality sample 5\",\n    \"value\": \"<=130\"\n  },\n  {\n    \"title\": \"inequality sample 6\",\n    \"value\": \"<=3\"\n  },\n  {\n    \"title\": \"inequality sample 7\",\n    \"value\": \">=2\"\n  },\n  {\n    \"title\": \"inequality sample 8\",\n    \"value\": \"<=126\"\n  },\n  {\n    \"title\": \"inequality sample 9\",\n    \"value\": \">=181\"\n  }\n]",
              "code": "(0, fast_check_1.sample)(index_test_2.inequality, 10).forEach((sample, i) => (0, addContext_1.default)(this, {\n    title: `inequality sample ${i}`,\n    value: sample,\n}));\nreturn (0, fast_check_1.assert)((0, fast_check_1.property)(index_test_2.inequality, ajvValidate));",
              "err": {},
              "uuid": "fe53cf58-40c1-4877-9ea3-b69dbae208d1",
              "parentUUID": "93e4e327-9ccd-4a6e-970e-708893227d9d",
              "isHook": false,
              "skipped": false
            },
            {
              "title": "should not validate inequality of invalid form",
              "fullTitle": "inequalitySchema should not validate inequality of invalid form",
              "timedOut": false,
              "duration": 2,
              "state": "passed",
              "speed": "fast",
              "pass": true,
              "fail": false,
              "pending": false,
              "context": null,
              "code": "[\n        \"\",\n        \"==23\",\n        \"23\",\n        \"<23\",\n        \">23\",\n        \"<=-1\",\n        \">=-1\",\n        \"<= 2\",\n        \">= 1\",\n        \"> 3\",\n        \"< 3\",\n        \"<=3a\",\n        \">=3a\",\n        \"a<=3\",\n        \"a>=3\",\n    ].forEach(isInvalidInequality)",
              "err": {},
              "uuid": "3cce902c-4f76-469a-a86b-efe32a4231dc",
              "parentUUID": "93e4e327-9ccd-4a6e-970e-708893227d9d",
              "isHook": false,
              "skipped": false
            }
          ],
          "suites": [],
          "passes": [
            "fe53cf58-40c1-4877-9ea3-b69dbae208d1",
            "3cce902c-4f76-469a-a86b-efe32a4231dc"
          ],
          "failures": [],
          "pending": [],
          "skipped": [],
          "duration": 3,
          "root": false,
          "rootEmpty": false,
          "_timeout": 2000
        },
        {
          "uuid": "80f89435-c8ad-4b53-8d15-4e1e78b31127",
          "title": "satisfyRuleSchema",
          "fullFile": "/home/runner/work/planwithus-lib/planwithus-lib/src/satisfyRule/schemas.test.ts",
          "file": "/src/satisfyRule/schemas.test.ts",
          "beforeHooks": [],
          "afterHooks": [],
          "tests": [
            {
              "title": "should validate satisfy rule with valid block id",
              "fullTitle": "satisfyRuleSchema should validate satisfy rule with valid block id",
              "timedOut": false,
              "duration": 1,
              "state": "passed",
              "speed": "fast",
              "pass": true,
              "fail": false,
              "pending": false,
              "context": null,
              "code": "0, fast_check_1.assert)((0, fast_check_1.property)((0, fast_check_1.string)(), ajvValidate)",
              "err": {},
              "uuid": "57638726-5b5f-4396-9766-8b3e5d0224d6",
              "parentUUID": "80f89435-c8ad-4b53-8d15-4e1e78b31127",
              "isHook": false,
              "skipped": false
            },
            {
              "title": "should validate satisfy rules with valid mc",
              "fullTitle": "satisfyRuleSchema should validate satisfy rules with valid mc",
              "timedOut": false,
              "duration": 1,
              "state": "passed",
              "speed": "fast",
              "pass": true,
              "fail": false,
              "pending": false,
              "context": "[\n  {\n    \"title\": \"mcSatisfyRule sample 0\",\n    \"value\": {\n      \"mc\": \"<=58\"\n    }\n  },\n  {\n    \"title\": \"mcSatisfyRule sample 1\",\n    \"value\": {\n      \"mc\": \"<=10\"\n    }\n  },\n  {\n    \"title\": \"mcSatisfyRule sample 2\",\n    \"value\": {\n      \"mc\": \">=7\"\n    }\n  },\n  {\n    \"title\": \"mcSatisfyRule sample 3\",\n    \"value\": {\n      \"mc\": \">=2\"\n    }\n  },\n  {\n    \"title\": \"mcSatisfyRule sample 4\",\n    \"value\": {\n      \"mc\": \">=59\"\n    }\n  },\n  {\n    \"title\": \"mcSatisfyRule sample 5\",\n    \"value\": {\n      \"mc\": \">=8\"\n    }\n  },\n  {\n    \"title\": \"mcSatisfyRule sample 6\",\n    \"value\": {\n      \"mc\": \"<=1\"\n    }\n  },\n  {\n    \"title\": \"mcSatisfyRule sample 7\",\n    \"value\": {\n      \"mc\": \"<=200\"\n    }\n  },\n  {\n    \"title\": \"mcSatisfyRule sample 8\",\n    \"value\": {\n      \"mc\": \">=176\"\n    }\n  },\n  {\n    \"title\": \"mcSatisfyRule sample 9\",\n    \"value\": {\n      \"mc\": \">=6\"\n    }\n  }\n]",
              "code": "(0, fast_check_1.sample)(index_test_2.mcSatisfyRule, 10).forEach((sample, i) => (0, addContext_1.default)(this, {\n    title: `mcSatisfyRule sample ${i}`,\n    value: sample,\n}));\nreturn (0, fast_check_1.assert)((0, fast_check_1.property)(index_test_2.mcSatisfyRule, ajvValidate));",
              "err": {},
              "uuid": "4c0cf3b2-ad40-409d-a9b2-90dc3fb52ec4",
              "parentUUID": "80f89435-c8ad-4b53-8d15-4e1e78b31127",
              "isHook": false,
              "skipped": false
            },
            {
              "title": "should validate valid recursive satisfy rules",
              "fullTitle": "satisfyRuleSchema should validate valid recursive satisfy rules",
              "timedOut": false,
              "duration": 4,
              "state": "passed",
              "speed": "fast",
              "pass": true,
              "fail": false,
              "pending": false,
              "context": "[\n  {\n    \"title\": \"satisfyRule sample 0\",\n    \"value\": {\n      \"mc\": \">=3\"\n    }\n  },\n  {\n    \"title\": \"satisfyRule sample 1\",\n    \"value\": {\n      \"and\": [\n        {\n          \"or\": [\n            {\n              \"or\": [\n                \"WT#I5r\",\n                {\n                  \"mc\": \"<=73\"\n                }\n              ]\n            }\n          ]\n        },\n        \"^f\",\n        {\n          \"or\": []\n        }\n      ]\n    }\n  },\n  {\n    \"title\": \"satisfyRule sample 2\",\n    \"value\": {\n      \"mc\": \"<=5\"\n    }\n  },\n  {\n    \"title\": \"satisfyRule sample 3\",\n    \"value\": {\n      \"and\": [\n        {\n          \"and\": [\n            {\n              \"mc\": \"<=86\"\n            },\n            {\n              \"mc\": \">=2\"\n            }\n          ]\n        },\n        \"B+(/^9E\\\\1w\",\n        {\n          \"or\": [\n            {\n              \"and\": [\n                \"s|>N#CSX={\",\n                {\n                  \"or\": [\n                    \"WkJ}HTlVYB\",\n                    {\n                      \"mc\": \">=42\"\n                    },\n                    \"\",\n                    \"z\"\n                  ]\n                },\n                \"@sf@g+p\"\n              ]\n            },\n            {\n              \"and\": [\n                \"/dO1Mf\",\n                {\n                  \"mc\": \">=200\"\n                },\n                \".?\",\n                \"(o@Dk\",\n                \"x\\\\j0H\"\n              ]\n            }\n          ]\n        },\n        \"h-u\"\n      ]\n    }\n  },\n  {\n    \"title\": \"satisfyRule sample 4\",\n    \"value\": {\n      \"or\": [\n        {\n          \"and\": [\n            \"'kydNw[zG\",\n            {\n              \"mc\": \"<=58\"\n            }\n          ]\n        },\n        {\n          \"or\": [\n            {\n              \"or\": []\n            },\n            {\n              \"or\": [\n                \"G\",\n                {\n                  \"or\": [\n                    {\n                      \"and\": [\n                        {\n                          \"or\": [\n                            \"+i2qUzB \"\n                          ]\n                        }\n                      ]\n                    },\n                    \"R&4\",\n                    {\n                      \"and\": []\n                    }\n                  ]\n                },\n                {\n                  \"and\": [\n                    \"w\",\n                    \"c\",\n                    {\n                      \"or\": [\n                        \"O\",\n                        \"Z+.xw0G?\",\n                        \"3m}FDn|TP\",\n                        \"\\\"@8J'\",\n                        \"2O6Gl\"\n                      ]\n                    },\n                    \"hJhY\"\n                  ]\n                },\n                \"Z1G/*Xs\"\n              ]\n            },\n            \"o?89x\",\n            \"\\\"6K0\",\n            \"C\"\n          ]\n        }\n      ]\n    }\n  },\n  {\n    \"title\": \"satisfyRule sample 5\",\n    \"value\": {\n      \"and\": [\n        {\n          \"or\": []\n        },\n        {\n          \"or\": [\n            {\n              \"mc\": \">=174\"\n            },\n            \")\",\n            \"IA%i\"\n          ]\n        },\n        {\n          \"and\": [\n            {\n              \"mc\": \"<=147\"\n            },\n            \"ONu11&ZdD\"\n          ]\n        },\n        {\n          \"and\": []\n        }\n      ]\n    }\n  },\n  {\n    \"title\": \"satisfyRule sample 6\",\n    \"value\": {\n      \"and\": [\n        {\n          \"or\": [\n            {\n              \"and\": [\n                {\n                  \"and\": [\n                    \"Cl0nl<,E9:\",\n                    \"\",\n                    {\n                      \"and\": [\n                        \"`E;U\",\n                        \"p}+D4%\",\n                        \"HloYv%!,/\"\n                      ]\n                    }\n                  ]\n                }\n              ]\n            }\n          ]\n        },\n        \"s~d\"\n      ]\n    }\n  },\n  {\n    \"title\": \"satisfyRule sample 7\",\n    \"value\": \"\"\n  },\n  {\n    \"title\": \"satisfyRule sample 8\",\n    \"value\": {\n      \"or\": [\n        {\n          \"or\": [\n            \">BP>\",\n            {\n              \"and\": [\n                {\n                  \"and\": [\n                    \"=Q=n46/~\"\n                  ]\n                },\n                {\n                  \"mc\": \">=143\"\n                }\n              ]\n            },\n            {\n              \"or\": []\n            },\n            {\n              \"mc\": \"<=120\"\n            }\n          ]\n        }\n      ]\n    }\n  },\n  {\n    \"title\": \"satisfyRule sample 9\",\n    \"value\": {\n      \"or\": []\n    }\n  }\n]",
              "code": "(0, fast_check_1.sample)(index_test_2.satisfyRule, 10).forEach((sample, i) => (0, addContext_1.default)(this, {\n    title: `satisfyRule sample ${i}`,\n    value: sample,\n}));\nreturn (0, fast_check_1.assert)((0, fast_check_1.property)(index_test_2.satisfyRule, ajvValidate));",
              "err": {},
              "uuid": "3c65ade5-dd17-4ec4-8cd2-a9324e133c57",
              "parentUUID": "80f89435-c8ad-4b53-8d15-4e1e78b31127",
              "isHook": false,
              "skipped": false
            },
            {
              "title": "should not validate non-string/object",
              "fullTitle": "satisfyRuleSchema should not validate non-string/object",
              "timedOut": false,
              "duration": 1,
              "state": "passed",
              "speed": "fast",
              "pass": true,
              "fail": false,
              "pending": false,
              "context": null,
              "code": "const error = {\n    instancePath: \"\",\n    message: \"satisfy rule should be either a string or an object\",\n};\nisInvalidRule(null, error);\nisInvalidRule(undefined, error);\nisInvalidRule(10, error);\nisInvalidRule([12, 24], error);",
              "err": {},
              "uuid": "05f5da04-b876-4a64-83a9-f0917ae6ff95",
              "parentUUID": "80f89435-c8ad-4b53-8d15-4e1e78b31127",
              "isHook": false,
              "skipped": false
            },
            {
              "title": "should not validate satisfy rules with extra properties",
              "fullTitle": "satisfyRuleSchema should not validate satisfy rules with extra properties",
              "timedOut": false,
              "duration": 0,
              "state": "passed",
              "speed": "fast",
              "pass": true,
              "fail": false,
              "pending": false,
              "context": null,
              "code": "isInvalidRule({\n        and: [\n            { or: [\"2k\"], abc: \"def\" },\n            { mc: 8, ghi: \"jkl\" },\n        ],\n        mno: \"pqr\",\n    }, {\n        instancePath: \"/and/0\",\n        message: \"or satisfy rule should have property 'or' only\",\n    }, {\n        instancePath: \"/and/1\",\n        message: \"MC satisfy rule should have property 'mc' only\",\n    }, {\n        instancePath: \"\",\n        message: \"and satisfy rule should have property 'and' only\",\n    })",
              "err": {},
              "uuid": "30278b1c-6454-40c9-9081-56c83ea28386",
              "parentUUID": "80f89435-c8ad-4b53-8d15-4e1e78b31127",
              "isHook": false,
              "skipped": false
            },
            {
              "title": "should not validate ambiguous satisfy rules",
              "fullTitle": "satisfyRuleSchema should not validate ambiguous satisfy rules",
              "timedOut": false,
              "duration": 0,
              "state": "passed",
              "speed": "fast",
              "pass": true,
              "fail": false,
              "pending": false,
              "context": null,
              "code": "const message = \"satisfy rule should have only one of properties 'mc', 'and', 'or'\";\nisInvalidRule({\n    or: [\n        { mc: 5, and: [\"CS2040\"] },\n        { and: [{ and: [\"abc\"], or: [\"def\"] }] },\n    ],\n}, { instancePath: \"/or/0\", message }, { instancePath: \"/or/1/and/0\", message });",
              "err": {},
              "uuid": "7fdffa32-874c-48f9-be3d-d327724b442a",
              "parentUUID": "80f89435-c8ad-4b53-8d15-4e1e78b31127",
              "isHook": false,
              "skipped": false
            },
            {
              "title": "should not validate and satisfy rules with non-array property",
              "fullTitle": "satisfyRuleSchema should not validate and satisfy rules with non-array property",
              "timedOut": false,
              "duration": 1,
              "state": "passed",
              "speed": "fast",
              "pass": true,
              "fail": false,
              "pending": false,
              "context": null,
              "code": "const message = \"property 'and' should be an array of satisfy rules\";\nisInvalidRule({ or: [{ and: {} }, { or: [{ and: 3 }] }] }, { instancePath: \"/or/0/and\", message }, { instancePath: \"/or/1/or/0/and\", message });",
              "err": {},
              "uuid": "c2867fb3-3d0a-4dd0-a4c5-c538290c7493",
              "parentUUID": "80f89435-c8ad-4b53-8d15-4e1e78b31127",
              "isHook": false,
              "skipped": false
            },
            {
              "title": "should not validate or satisfy rules with non-array property",
              "fullTitle": "satisfyRuleSchema should not validate or satisfy rules with non-array property",
              "timedOut": false,
              "duration": 0,
              "state": "passed",
              "speed": "fast",
              "pass": true,
              "fail": false,
              "pending": false,
              "context": null,
              "code": "const message = \"property 'or' should be an array of satisfy rules\";\nisInvalidRule({ and: [{ or: {} }, { and: [{ or: 3 }] }] }, { instancePath: \"/and/0/or\", message }, { instancePath: \"/and/1/and/0/or\", message });",
              "err": {},
              "uuid": "23d6f953-7ee2-483d-8c45-54a65893aeb4",
              "parentUUID": "80f89435-c8ad-4b53-8d15-4e1e78b31127",
              "isHook": false,
              "skipped": false
            }
          ],
          "suites": [],
          "passes": [
            "57638726-5b5f-4396-9766-8b3e5d0224d6",
            "4c0cf3b2-ad40-409d-a9b2-90dc3fb52ec4",
            "3c65ade5-dd17-4ec4-8cd2-a9324e133c57",
            "05f5da04-b876-4a64-83a9-f0917ae6ff95",
            "30278b1c-6454-40c9-9081-56c83ea28386",
            "7fdffa32-874c-48f9-be3d-d327724b442a",
            "c2867fb3-3d0a-4dd0-a4c5-c538290c7493",
            "23d6f953-7ee2-483d-8c45-54a65893aeb4"
          ],
          "failures": [],
          "pending": [],
          "skipped": [],
          "duration": 8,
          "root": false,
          "rootEmpty": false,
          "_timeout": 2000
        }
      ],
      "passes": [],
      "failures": [],
      "pending": [],
      "skipped": [],
      "duration": 0,
      "root": true,
      "rootEmpty": true,
      "_timeout": 2000
    }
  ],
  "meta": {
    "mocha": {
      "version": "9.1.1"
    },
    "mochawesome": {
      "options": {
        "quiet": false,
        "reportFilename": "mochawesome",
        "saveHtml": true,
        "saveJson": true,
        "consoleReporter": "spec",
        "useInlineDiffs": false,
        "code": true
      },
      "version": "6.3.0"
    },
    "marge": {
      "options": {
        "reportDir": "docs"
      },
      "version": "5.2.0"
    }
  }
}