{
  "stats": {
    "suites": 10,
    "tests": 48,
    "passes": 48,
    "pending": 0,
    "failures": 0,
    "start": "2021-08-04T07:33:17.734Z",
    "end": "2021-08-04T07:33:18.116Z",
    "duration": 382,
    "testsRegistered": 48,
    "passPercent": 100,
    "pendingPercent": 0,
    "other": 0,
    "hasOther": false,
    "skipped": 0,
    "hasSkipped": false
  },
  "results": [
    {
      "uuid": "b63e0735-29c0-440d-a9c0-f31bba4ebe26",
      "title": "",
      "fullFile": "",
      "file": "",
      "beforeHooks": [],
      "afterHooks": [],
      "tests": [],
      "suites": [
        {
          "uuid": "e06c0ef1-58eb-4998-be21-4f0c86cc0b2d",
          "title": "initDirectories",
          "fullFile": "/home/runner/work/planwithus-lib/planwithus-lib/src/block/schemas.test.ts",
          "file": "/src/block/schemas.test.ts",
          "beforeHooks": [],
          "afterHooks": [],
          "tests": [
            {
              "title": "should parse all blocks with no errors",
              "fullTitle": "initDirectories should parse all blocks with no errors",
              "timedOut": false,
              "duration": 3,
              "state": "passed",
              "speed": "fast",
              "pass": true,
              "fail": false,
              "pending": false,
              "context": null,
              "code": "_1.initDirectories.should.not.throw()",
              "err": {},
              "uuid": "a49a5aa9-b67e-48cd-b7d9-bdc07f65c263",
              "parentUUID": "e06c0ef1-58eb-4998-be21-4f0c86cc0b2d",
              "isHook": false,
              "skipped": false
            },
            {
              "title": "should produce primary, second & minor directories",
              "fullTitle": "initDirectories should produce primary, second & minor directories",
              "timedOut": false,
              "duration": 2,
              "state": "passed",
              "speed": "fast",
              "pass": true,
              "fail": false,
              "pending": false,
              "context": null,
              "code": "const directories = _1.initDirectories();\ndirectories.should.have.property(\"primary\");\ndirectories.should.have.property(\"second\");\ndirectories.should.have.property(\"minor\");",
              "err": {},
              "uuid": "73c77f55-268f-4be5-97f2-40b1a450bd35",
              "parentUUID": "e06c0ef1-58eb-4998-be21-4f0c86cc0b2d",
              "isHook": false,
              "skipped": false
            }
          ],
          "suites": [],
          "passes": [
            "a49a5aa9-b67e-48cd-b7d9-bdc07f65c263",
            "73c77f55-268f-4be5-97f2-40b1a450bd35"
          ],
          "failures": [],
          "pending": [],
          "skipped": [],
          "duration": 5,
          "root": false,
          "rootEmpty": false,
          "_timeout": 2000
        },
        {
          "uuid": "3a6c2632-e695-49a7-9f8f-e2f778b3f327",
          "title": "blockSchema",
          "fullFile": "/home/runner/work/planwithus-lib/planwithus-lib/src/block/schemas.test.ts",
          "file": "/src/block/schemas.test.ts",
          "beforeHooks": [],
          "afterHooks": [],
          "tests": [
            {
              "title": "should validate valid block",
              "fullTitle": "blockSchema should validate valid block",
              "timedOut": false,
              "duration": 216,
              "state": "passed",
              "speed": "slow",
              "pass": true,
              "fail": false,
              "pending": false,
              "context": "[\n  {\n    \"title\": \"block sample 0\",\n    \"value\": {\n      \"match\": [\n        \"GG6P\",\n        {\n          \"and\": [\n            {\n              \"pattern\": \"WE4665H\",\n              \"exclude\": [\n                \"MHB030x\"\n              ],\n              \"info\": \"8up(._=\"\n            },\n            {\n              \"or\": [\n                \"DON146\",\n                \"BK03K\",\n                {\n                  \"and\": [\n                    {\n                      \"or\": []\n                    },\n                    \"YXTx6*S\",\n                    {\n                      \"or\": [\n                        \"ZW98\",\n                        \"PGTx631O\"\n                      ]\n                    },\n                    \"ZY01T\"\n                  ]\n                },\n                {\n                  \"and\": []\n                },\n                {\n                  \"or\": []\n                }\n              ]\n            }\n          ]\n        },\n        {\n          \"pattern\": \"OYBx1xW\",\n          \"exclude\": [\n            \"BTV41**I\"\n          ]\n        },\n        \"ZU9282\",\n        \"UA9501\"\n      ],\n      \"url\": \"http://kwdqjxxvha6nzuuf6l4mg8sc3sifn4cktwfryrji-s4pq2egv7ayy6f4nr.zyxcyswqdje9dgk41q9gkpa008307gjyfmw7ecwtg.zplf\",\n      \"info\": \",}\",\n      \"isSelectable\": true\n    }\n  },\n  {\n    \"title\": \"block sample 1\",\n    \"value\": {\n      \"ay\": 1957,\n      \"assign\": \"0xWQ{JdC|T\",\n      \"match\": [\n        {\n          \"and\": [\n            {\n              \"and\": [\n                {\n                  \"and\": []\n                },\n                \"SP73C\",\n                \"IV77U\",\n                \"JDA8*7Q\",\n                {\n                  \"and\": [\n                    {\n                      \"pattern\": \"FD6D\",\n                      \"exclude\": [\n                        \"JWX6514\",\n                        \"WSB5*50T\",\n                        \"XVU0V\",\n                        \"JS*xxP\",\n                        \"CMI9x05I\"\n                      ],\n                      \"info\": \"Q\"\n                    },\n                    \"YS0*83\"\n                  ]\n                }\n              ]\n            },\n            {\n              \"pattern\": \"AJQ0\",\n              \"exclude\": \"MPZ4xx\",\n              \"info\": \"{Y&UXcB.\"\n            },\n            {\n              \"and\": [\n                \"LP0849O\",\n                {\n                  \"or\": [\n                    \"AYG13J\",\n                    \"SR0\",\n                    \"WNI584M\"\n                  ]\n                }\n              ]\n            },\n            {\n              \"pattern\": \"CWD*\",\n              \"exclude\": \"PCO09*\",\n              \"info\": \"G.9Q2=\\\\N,b\"\n            }\n          ]\n        },\n        \"UW409\",\n        \"WY6486\",\n        {\n          \"and\": [\n            \"MJQ8\",\n            \"JE*xF\",\n            \"IWE*2*\"\n          ]\n        }\n      ],\n      \"satisfy\": [\n        \"C\",\n        {\n          \"mc\": \">=3\"\n        },\n        {\n          \"or\": [\n            {\n              \"mc\": \">=134\"\n            },\n            \";0<'Y[?N\",\n            {\n              \"or\": [\n                {\n                  \"mc\": \">=200\"\n                },\n                {\n                  \"or\": [\n                    \"|QG\",\n                    \"9_u)O^QQt\",\n                    \":Z2g@al-\",\n                    \"-\",\n                    \"`\"\n                  ]\n                },\n                {\n                  \"mc\": \"<=26\"\n                }\n              ]\n            },\n            {\n              \"or\": [\n                {\n                  \"and\": [\n                    \"Y=y;6\",\n                    {\n                      \"or\": [\n                        \"Yxx5x\",\n                        \"}xCeioH*\",\n                        \"m\\\"Tot\",\n                        \">[^zLt#<_\"\n                      ]\n                    },\n                    {\n                      \"and\": [\n                        \"f_~,6upv\",\n                        \"|.O\",\n                        \"91\",\n                        \"\",\n                        \",\\\"\"\n                      ]\n                    },\n                    \"dDo3[xD;Q\",\n                    {\n                      \"and\": [\n                        \"t' e6\",\n                        \"s+'\"\n                      ]\n                    }\n                  ]\n                },\n                \";rhM\",\n                {\n                  \"and\": [\n                    \";/\",\n                    \"Gp}M&\",\n                    {\n                      \"or\": []\n                    }\n                  ]\n                },\n                {\n                  \"mc\": \"<=126\"\n                },\n                \"c{12Y5ZL\"\n              ]\n            }\n          ]\n        }\n      ],\n      \"url\": \"https://kbard1r3r3q9y33v4dntx2ndlubafezgy0or2ow1kn6wtv-zlt.yrndyz/22:=%F2%A2%8B%9F/=%F4%83%BF%AA%F1%B8%A5%AFSA%F3%B0%81%8EzdK/OEJc0gsEI4/%F0%AA%9B%94Zx)f/U/%F3%AB%B0%A1v/PV%F3%9D%AD%8B%F3%BA%AA%A8Msl/%F3%82%AF%AFzGA%F3%9F%91%9CSg'/9Mn\",\n      \"isSelectable\": true\n    }\n  },\n  {\n    \"title\": \"block sample 2\",\n    \"value\": {\n      \"ay\": 1953,\n      \"assign\": \"\",\n      \"match\": [\n        \"RQ0*60\"\n      ],\n      \"satisfy\": {\n        \"mc\": \"<=197\"\n      },\n      \"url\": \"http://0.kn/7:H(Wwd/q!V~/Sjd,3WF\",\n      \" :\": {\n        \"name\": \"JXN\",\n        \"ay\": 2014,\n        \"assign\": \"\",\n        \"satisfy\": {\n          \"and\": [\n            {\n              \"or\": []\n            },\n            {\n              \"mc\": \">=199\"\n            }\n          ]\n        },\n        \"url\": \"https://3mgh00lgcawkx0gbpanjpl3rpy4zap5t0k9oohrfs-fbzuvyb9rz09t.kt8-7-fh37.aqcabhzcc\",\n        \"info\": \"6Epp}$c42\",\n        \"isSelectable\": true\n      },\n      \"$EA'! =D!\": {\n        \"name\": \"Xz \",\n        \"assign\": [],\n        \"match\": [\n          {\n            \"pattern\": \"ZB0A\",\n            \"exclude\": [],\n            \"info\": \"\"\n          },\n          {\n            \"and\": [\n              {\n                \"and\": [\n                  \"FDx\",\n                  {\n                    \"or\": [\n                      \"HHI6*66R\",\n                      \"YSM71x7W\"\n                    ]\n                  },\n                  \"SX74x7W\",\n                  \"GXT453A\",\n                  {\n                    \"or\": [\n                      \"DXB*0\",\n                      \"CXN8*8R\",\n                      \"MRI4160Q\",\n                      \"UNUx\",\n                      \"VIE6*1Q\"\n                    ]\n                  }\n                ]\n              },\n              {\n                \"and\": [\n                  {\n                    \"and\": []\n                  },\n                  {\n                    \"or\": [\n                      \"FBX871\"\n                    ]\n                  },\n                  {\n                    \"and\": []\n                  },\n                  {\n                    \"and\": [\n                      \"PWE*H\",\n                      \"DPT614\"\n                    ]\n                  }\n                ]\n              }\n            ]\n          },\n          {\n            \"or\": [\n              \"XD11*B\",\n              {\n                \"and\": [\n                  \"XO004U\",\n                  {\n                    \"pattern\": \"YR2\",\n                    \"exclude\": \"HTWx458\",\n                    \"info\": \"*+c:5/vs\"\n                  },\n                  \"KYQ57U\",\n                  \"FT6\"\n                ]\n              }\n            ]\n          },\n          {\n            \"pattern\": \"JVU1x4O\",\n            \"exclude\": [\n              \"PSD5A\",\n              \"PCP819\",\n              \"QL9*8\",\n              \"QIX9554\",\n              \"EN6\"\n            ],\n            \"info\": \"@3)\"\n          }\n        ],\n        \"url\": \"https://9.uw66opnbtjw6ii-kuoia0gs0c9ka319wqbtufwgpkl8d97.ul9h-ixchdllrbxzk9f8cn37198iaa56o.t.u4nrmsk76y9kzvr0okxf1eoq9jb8c7svmlvikjvwa9crj1p95l50fs4i-88l5a.bybpcxtpzd/KQ,HCV_PA/\",\n        \"info\": \"2v\",\n        \"isSelectable\": true\n      }\n    }\n  },\n  {\n    \"title\": \"block sample 3\",\n    \"value\": {\n      \"name\": \"jQFr,]t#f.\",\n      \"ay\": 2024,\n      \"assign\": \"\",\n      \"url\": \"https://b.vnabl.tt94xyj6k9xz55tkl34vjfa536a.nub/P2\",\n      \"isSelectable\": true,\n      \"{Jcd\": {\n        \"name\": \"<T gi\",\n        \"ay\": 2021,\n        \"satisfy\": \"A'T.'*j},\",\n        \"url\": \"https://9z25kh8tsefig9tytr6po3is8dagjk6yl3h3mg7w58.v.gd.x10ncstrv0c76yfu1jz62jjhh3zz3q0azo26os3mnne3vs5sa.ehlryx/heMN.Bkr0/b$J7eEu-/:5Gb/%F2%AC%B5%B1b/ow-5(CDuF/NW-&\",\n        \"info\": \"OcE-Zz*`KZ\",\n        \"isSelectable\": true,\n        \"g9~\\\"1!xbe+\": {\n          \"name\": \"A:0R\",\n          \"match\": \"OP5x93\",\n          \"satisfy\": {\n            \"mc\": \">=123\"\n          },\n          \"info\": \";/|#z,\",\n          \"isSelectable\": true,\n          \"r)H\": {\n            \"name\": \"/ajz0>cbr.\",\n            \"ay\": 1992,\n            \"assign\": \"Y_yDa\",\n            \"match\": {\n              \"pattern\": \"SK2\",\n              \"exclude\": [\n                \"HP*\"\n              ],\n              \"info\": \".'`/{O%<\"\n            },\n            \"satisfy\": {\n              \"mc\": \"<=42\"\n            },\n            \"url\": \"https://wi13t8ll4-72a-6dt.8-r1mgfk0vto7z0-s-a0eu74.xfyy.oociueqbvr/%F3%8B%9F%AA*&+0dKPfP/B$7!/_/jo0b1fI/Dg/bd(&k(x%F2%A7%A6%95_/&,)qVfZD/C=p$V\",\n            \"isSelectable\": true\n          }\n        },\n        \"Z9LVJ\\\\y\": {\n          \"name\": \"c%\",\n          \"assign\": [\n            \"_,&zH\",\n            \"V-g$J{:dW\"\n          ],\n          \"match\": \"DD1K\",\n          \"satisfy\": \"\",\n          \"url\": \"https://697o67jcruz19qqx3mrm18.jbf9d.6priyp02hcwv.t.zgh/q%F0%B0%A0%AALZ%F4%8E%BC%B1:m%F0%B1%84%B8wI//p//c%F2%86%9E%ACsQ:/R$YI/rfN4%F1%B2%91%B2ja0/qA$z)T&k/YEZF+\",\n          \"info\": \"h]9|`d\",\n          \"isSelectable\": true\n        },\n        \"tYUE\": {\n          \"name\": \"T:^b|\",\n          \"ay\": 1962,\n          \"match\": [\n            {\n              \"or\": [\n                {\n                  \"and\": [\n                    \"TO1\",\n                    {\n                      \"pattern\": \"XG3Y\",\n                      \"info\": \"\\\\04|6m.5H\"\n                    }\n                  ]\n                },\n                \"WXM7E\"\n              ]\n            }\n          ],\n          \"satisfy\": [],\n          \"info\": \"=\",\n          \"isSelectable\": true,\n          \"'\": {\n            \"name\": \"CxF8uXcgg\",\n            \"ay\": 1969,\n            \"assign\": [\n              \"<c\",\n              \"v 3}g\",\n              \"/=H.?a9xp\",\n              \"B:[dQ\\\"\"\n            ],\n            \"match\": [\n              {\n                \"pattern\": \"BZQ2\"\n              },\n              {\n                \"or\": [\n                  {\n                    \"and\": [\n                      {\n                        \"or\": [\n                          \"KMY9\",\n                          \"TFS8x16E\"\n                        ]\n                      }\n                    ]\n                  },\n                  {\n                    \"or\": [\n                      \"XQI95N\",\n                      {\n                        \"and\": [\n                          {\n                            \"pattern\": \"OMP57\"\n                          },\n                          {\n                            \"and\": [\n                              {\n                                \"pattern\": \"DL599xX\",\n                                \"info\": \"S)@,Wx,=64\"\n                              },\n                              \"CJT58*0\"\n                            ]\n                          },\n                          \"MK3A\"\n                        ]\n                      }\n                    ]\n                  },\n                  {\n                    \"or\": [\n                      \"RH2x62M\",\n                      \"JT**J\"\n                    ]\n                  }\n                ]\n              },\n              \"BBB4707\",\n              {\n                \"pattern\": \"MC0E\",\n                \"info\": \"\"\n              }\n            ],\n            \"satisfy\": {\n              \"and\": [\n                {\n                  \"mc\": \">=128\"\n                },\n                {\n                  \"mc\": \">=148\"\n                },\n                {\n                  \"mc\": \"<=144\"\n                },\n                \"1\",\n                {\n                  \"and\": [\n                    {\n                      \"or\": [\n                        \"{]R'%R8}q\"\n                      ]\n                    },\n                    \"@\",\n                    {\n                      \"or\": [\n                        \"vdKV9\\\"vi,\"\n                      ]\n                    },\n                    \"f\"\n                  ]\n                }\n              ]\n            },\n            \"url\": \"http://vyfy5juzag862wi4d0bbl6xuc.aaq40xadcjev1quq7jw81a7e9882c-g-z5r.irgchq/A6F$J9v+O/Hp/4b/fDC\",\n            \"isSelectable\": true\n          }\n        },\n        \"\\\\*9z%4=c\": {\n          \"name\": \"\",\n          \"ay\": 1996,\n          \"match\": [],\n          \"satisfy\": [\n            {\n              \"and\": [\n                {\n                  \"and\": [\n                    \".:@&y!=\"\n                  ]\n                },\n                \"?xl-\",\n                {\n                  \"mc\": \"<=158\"\n                },\n                \"!2QCd\",\n                {\n                  \"and\": [\n                    \"J`@\",\n                    \"i\"\n                  ]\n                }\n              ]\n            },\n            {\n              \"mc\": \"<=108\"\n            },\n            {\n              \"mc\": \"<=181\"\n            },\n            \".\\\\:NC+GW`8\",\n            {\n              \"mc\": \">=118\"\n            }\n          ],\n          \"url\": \"https://wydt4vsnxxg9t0wwx8lkq6xu8s.37tvp7semu-psrk07q7m.tv//IL%F1%8B%AC%9CB8g09//\",\n          \"isSelectable\": true\n        }\n      },\n      \"OP8^c1&\": {\n        \"name\": \",Q@dl6GB`i\",\n        \"assign\": \"u-O%,\",\n        \"match\": \"IWW*2F\",\n        \"satisfy\": {\n          \"or\": []\n        },\n        \"url\": \"http://c.sfhpcmpn8jb5tbt3-1f1nt9bm0gm-squ5g3c3xgw6pququwaorrz.n0nu1b1qntx6j.3.tkzw/c/K7w&8L/%F1%A9%8B%BAND/SW4;2/r&\",\n        \"info\": \"|LPu+<\",\n        \"isSelectable\": true,\n        \"P\": {\n          \"name\": \"v@YWqIoeD\",\n          \"ay\": 1994,\n          \"url\": \"http://k4ighad2-7gbt2dc.2uz9m5ibiwi99--eo0w2now.18wshvm2kxlvxrjg-t1ybg1bhcruu6xae1elkp4.a.fcjrvxdb8chfizy516xo-pb3v-c7mgmlz7ua59gt99a2mfgnbqdlwiz595to6.bpvqzqhazg/a(gWvu_/f@R~!v;A6u//hL/~ay8BV)T%F3%A4%AE%A1\",\n          \"info\": \"V:3xa1==4\",\n          \"isSelectable\": true\n        },\n        \"z,!?P;da\": {\n          \"ay\": 1999,\n          \"assign\": \" )5wn;Suc\",\n          \"match\": [\n            {\n              \"pattern\": \"JE442\",\n              \"exclude\": \"RUK118V\",\n              \"info\": \"u\"\n            },\n            {\n              \"pattern\": \"LQE7x0K\",\n              \"exclude\": [\n                \"YLF6x2S\",\n                \"PK**15\",\n                \"BQ496xP\",\n                \"OK0W\",\n                \"MQG*80H\"\n              ],\n              \"info\": \"Sfd\"\n            },\n            {\n              \"pattern\": \"WHN5*0V\"\n            },\n            \"YW62B\",\n            \"ER3K\"\n          ],\n          \"satisfy\": \"/,\",\n          \"url\": \"https://bma7f5l1r6c991mlz6am95s052g8s9gkiaur6rm04.057zm5wney-ay.zb-o4ovyblvhc7pdwz-1xrsv9qns-kilk7fpuwl.pxvoejm/K35/G%F1%B0%99%B5EHr/TK=/ua1u(/F/+W%F3%99%89%AAX%F1%81%8A%BE%F2%AA%88%8AS%F3%80%AA%94/(.B=//2%F2%85%8D%AD6/w\",\n          \"info\": \"%Cudt\",\n          \"isSelectable\": true\n        },\n        \"oj0wjj|\": {\n          \"name\": \"#.\",\n          \"ay\": 2020,\n          \"assign\": [\n            \"@D%|d\",\n            \"\",\n            \"Ejp\",\n            \"Or8Q\"\n          ],\n          \"satisfy\": [\n            {\n              \"or\": [\n                {\n                  \"and\": [\n                    \"ccm*X\"\n                  ]\n                },\n                {\n                  \"mc\": \"<=97\"\n                },\n                {\n                  \"or\": [\n                    {\n                      \"mc\": \"<=110\"\n                    },\n                    {\n                      \"mc\": \">=143\"\n                    },\n                    \"nF:\",\n                    \"uo3qNz\",\n                    {\n                      \"and\": [\n                        \"_.Y\"\n                      ]\n                    }\n                  ]\n                },\n                {\n                  \"and\": [\n                    \"TLa\",\n                    {\n                      \"and\": [\n                        \"z\",\n                        {\n                          \"or\": [\n                            \"VH\"\n                          ]\n                        },\n                        \"suz@.\"\n                      ]\n                    },\n                    {\n                      \"and\": [\n                        {\n                          \"or\": [\n                            {\n                              \"or\": []\n                            },\n                            \"mT0m C_Q\",\n                            \"\",\n                            {\n                              \"or\": []\n                            },\n                            {\n                              \"or\": [\n                                \"[TD=~K\",\n                                {\n                                  \"mc\": \"<=23\"\n                                },\n                                \"lzJ\",\n                                \"\",\n                                \"S_$Hx&p9;\"\n                              ]\n                            }\n                          ]\n                        },\n                        \"F<p9!\"\n                      ]\n                    },\n                    \"!&Jnu7Jp\"\n                  ]\n                }\n              ]\n            },\n            {\n              \"mc\": \"<=101\"\n            },\n            {\n              \"and\": [\n                {\n                  \"and\": [\n                    \"\",\n                    \"+stg\",\n                    {\n                      \"or\": [\n                        {\n                          \"or\": [\n                            \"} pA\",\n                            {\n                              \"mc\": \">=80\"\n                            },\n                            \"\"\n                          ]\n                        },\n                        {\n                          \"or\": [\n                            \"by\",\n                            \"7\",\n                            \"9a#f\"\n                          ]\n                        }\n                      ]\n                    }\n                  ]\n                },\n                {\n                  \"or\": []\n                }\n              ]\n            },\n            {\n              \"or\": []\n            }\n          ],\n          \"url\": \"https://113l1z2qrfdwowc7jg6smsfeqxr-3l.4rutx9wttpp-n9fvdpikyshdqeh2obe956ntctx3hwdjezrhw.pmdt7ts0fibq66ey9mjt44q-hib.dsndykdu/Kq4i,%F2%8A%BF%A2Wfs%F2%98%8F%88\"\n        }\n      },\n      \"88\\\\\": {\n        \"name\": \"q<Nc\",\n        \"ay\": 1957,\n        \"match\": {\n          \"and\": [\n            {\n              \"and\": [\n                \"AVS5621\",\n                \"KQ7*E\",\n                \"DK1U\"\n              ]\n            },\n            {\n              \"pattern\": \"GE040E\",\n              \"info\": \"eMMo\"\n            }\n          ]\n        },\n        \"satisfy\": {\n          \"mc\": \">=73\"\n        },\n        \"url\": \"https://t-cv2h49vgnlxisbv7-45hg805eo8ls-44ayu1pc7cgt092svu2.iok/TaR/yLG/D/z!9Tw)/ZY@7*W/%F1%8E%9E%8A%F2%80%8F%BAXa$el/vj/;FtWv7,+4/F\",\n        \"isSelectable\": true\n      }\n    }\n  },\n  {\n    \"title\": \"block sample 4\",\n    \"value\": {\n      \"name\": \"\",\n      \"ay\": 1953,\n      \"assign\": \"7qMV\",\n      \"match\": {\n        \"or\": [\n          \"IGW7996\",\n          \"WG*17X\"\n        ]\n      },\n      \"url\": \"http://9n9-w4c9x8acf143rby.m.lo2qax5ai-tat8qii2bt91yz7-t.tvicja8j9g22vxypnqv4sska89kpzvpyu9xndatm1ld64rc8xmwd.kdy/%F0%93%B8%9D0O-AXq'N%F1%9A%AA%AE/XmqUPayo%F2%B9%BE%87,/p2%F3%A6%81%822\",\n      \"isSelectable\": true\n    }\n  },\n  {\n    \"title\": \"block sample 5\",\n    \"value\": {\n      \"name\": \"{j?$g\",\n      \"ay\": 1994,\n      \"assign\": [\n        \"eM^MVle^G\",\n        \"Dx?`PB\"\n      ],\n      \"match\": [],\n      \"satisfy\": [\n        \"<Yqb1&\"\n      ],\n      \"url\": \"https://v.9wsbhhmhjms-os1tz5.ii3jh9a4ut27onut1ts99qo7uvc1yf-txr6y9k2u7sjbno840fyn.cxtpcaf/kL':/C;4ydXsmEy/i,8Sn,N/u!M%F1%B3%9A%8FY!bt0Z\",\n      \"info\": \"9_#\"\n    }\n  },\n  {\n    \"title\": \"block sample 6\",\n    \"value\": {\n      \"name\": \"$/NY\",\n      \"ay\": 1988,\n      \"assign\": [\n        \"8CSB\"\n      ],\n      \"match\": {\n        \"or\": []\n      },\n      \"satisfy\": \"UYb#)&[ X\",\n      \"url\": \"http://cjch-34nr120c1-cu0jymdi4c9hl-46tk0qwwyhma9e1mofl7qvrm.qph/UEql88mQ5J//_@rCL/zri!=%F0%A3%A9%97_h/+5!VP%F3%9C%B9%ABpX//EO/)+bveso1/b4_!7/J\",\n      \"info\": \"!\"\n    }\n  },\n  {\n    \"title\": \"block sample 7\",\n    \"value\": {\n      \"name\": \"!l{#K#\",\n      \"ay\": 1952,\n      \"assign\": \")y&2P\",\n      \"match\": [\n        \"CACx179\",\n        {\n          \"pattern\": \"MJO9Y\",\n          \"exclude\": \"SS589E\"\n        },\n        {\n          \"pattern\": \"ZN108\",\n          \"exclude\": \"JRB1x69K\",\n          \"info\": \":rB1\"\n        },\n        {\n          \"or\": [\n            {\n              \"and\": [\n                {\n                  \"or\": [\n                    \"JA1146\",\n                    {\n                      \"and\": []\n                    }\n                  ]\n                }\n              ]\n            }\n          ]\n        },\n        {\n          \"and\": [\n            {\n              \"or\": [\n                {\n                  \"pattern\": \"WY5*\",\n                  \"exclude\": \"LM7\"\n                },\n                {\n                  \"and\": [\n                    \"XY6122V\"\n                  ]\n                },\n                {\n                  \"or\": [\n                    \"LV9Y\",\n                    {\n                      \"pattern\": \"KZ*4H\",\n                      \"info\": \"^\"\n                    },\n                    \"JOQ06\",\n                    \"UPW3406Y\",\n                    \"ZPJ4040B\"\n                  ]\n                },\n                \"UK1x6\"\n              ]\n            },\n            {\n              \"pattern\": \"UFOx*66\",\n              \"exclude\": \"ZR*57\",\n              \"info\": \"\"\n            },\n            \"YAx*1\",\n            \"QH018C\"\n          ]\n        }\n      ],\n      \"url\": \"https://xmibtlmzeggs6ln7lm5b0yhcq6u6bktepvz07kv85dvdn1s4h38.i7lxblw72laeqd3co31izs1088pycepjw7xm8s3m85e4tj.wc.jqavemkjb-1i60jbqaod4vm32fv22l40e78mmrdpm1j.hqtut38hnapbozwmopr6qqkud9nqiqio2e0nt9e78.cqnv/;/6n-%F2%A8%B5%BDU/XMj~f%F1%8C%B4%9F/N//Bwf2Sd%F4%86%90%B5KN/~RD~d9%F1%9F%98%B6,\",\n      \"isSelectable\": true,\n      \"|ES uc\": {\n        \"name\": \"mp\",\n        \"ay\": 1954,\n        \"assign\": \"#{ \",\n        \"match\": [\n          {\n            \"pattern\": \"BFR8x74H\",\n            \"exclude\": \"WV108U\",\n            \"info\": \"fB:s\"\n          },\n          \"ALD182\",\n          {\n            \"pattern\": \"VQS1L\",\n            \"exclude\": \"AO94O\",\n            \"info\": \"ce|U/\"\n          }\n        ],\n        \"satisfy\": [\n          {\n            \"or\": [\n              \"3\"\n            ]\n          }\n        ],\n        \"url\": \"https://edsf677l5cildcnc8qvicfbt0dt57b5a9.zf/k@%F2%89%BC%AAG0;I=_G/Y%F4%82%8E%8Ccdbe1c=.\",\n        \"info\": \"bXZIUTWdA\",\n        \"isSelectable\": true,\n        \"mynjCJTA\": {\n          \"name\": \"\",\n          \"ay\": 1973,\n          \"assign\": [\n            \"~F\",\n            \"[NY#-TG]>z\",\n            \"vvTX>jPeod\",\n            \"7'`t]\",\n            \"v\"\n          ],\n          \"satisfy\": \".;gyP}Fw\",\n          \"info\": \"v[z\",\n          \"isSelectable\": true\n        },\n        \"K8Qc&\": {\n          \"name\": \"b[U*\",\n          \"ay\": 1955,\n          \"match\": {\n            \"or\": [\n              {\n                \"or\": [\n                  \"DXV*8\",\n                  {\n                    \"and\": [\n                      \"SF6\",\n                      \"JYS994*\",\n                      \"ND7X\",\n                      {\n                        \"or\": []\n                      },\n                      \"SF30*\"\n                    ]\n                  },\n                  {\n                    \"or\": [\n                      {\n                        \"and\": [\n                          {\n                            \"and\": []\n                          },\n                          {\n                            \"and\": [\n                              \"PA138S\",\n                              \"WKO7L\",\n                              \"KND3\",\n                              \"CL*448\",\n                              \"OTN6xD\"\n                            ]\n                          },\n                          \"CT95U\",\n                          \"BDW6\"\n                        ]\n                      },\n                      \"OX*06\",\n                      \"HC78\"\n                    ]\n                  },\n                  \"JQ0053H\",\n                  \"AHB11xI\"\n                ]\n              },\n              {\n                \"and\": [\n                  {\n                    \"or\": [\n                      \"ZGX*9W\",\n                      {\n                        \"pattern\": \"CIL3348S\",\n                        \"exclude\": [\n                          \"TCT0*23\",\n                          \"EQW*\",\n                          \"MMA*647\",\n                          \"ICO68A\",\n                          \"DN*8\"\n                        ],\n                        \"info\": \"7d\"\n                      },\n                      {\n                        \"or\": [\n                          \"VB92\",\n                          {\n                            \"or\": []\n                          },\n                          {\n                            \"or\": [\n                              \"JPK13x\",\n                              \"CP9\",\n                              \"XKS9L\",\n                              {\n                                \"and\": [\n                                  \"VT*\"\n                                ]\n                              }\n                            ]\n                          },\n                          \"PGS000*S\"\n                        ]\n                      },\n                      \"PO9348T\",\n                      \"HKI37x\"\n                    ]\n                  },\n                  \"FES2\",\n                  {\n                    \"and\": [\n                      {\n                        \"or\": [\n                          \"YG9646X\"\n                        ]\n                      }\n                    ]\n                  },\n                  {\n                    \"and\": [\n                      \"HMN4x71V\",\n                      \"PD*\"\n                    ]\n                  }\n                ]\n              },\n              \"LF03M\",\n              {\n                \"or\": [\n                  \"DD91\",\n                  \"BYx262\"\n                ]\n              }\n            ]\n          },\n          \"satisfy\": [\n            {\n              \"or\": [\n                \"<L^twrCOa]\",\n                {\n                  \"and\": []\n                },\n                {\n                  \"or\": [\n                    \"T=cMBm\\\"\",\n                    {\n                      \"and\": [\n                        \"WQXrgPV$6\",\n                        {\n                          \"or\": [\n                            \"\",\n                            {\n                              \"or\": []\n                            },\n                            {\n                              \"mc\": \"<=121\"\n                            }\n                          ]\n                        }\n                      ]\n                    },\n                    \"\\\\C4k>[w\\\"mY\",\n                    \"IGd#{a\"\n                  ]\n                }\n              ]\n            }\n          ],\n          \"url\": \"https://lf3-o4o8qarg2facxr8st-kvgmw4eii-wi5liagvee42c.8zz09bvluu4pxzfzafcwcn1c.mvgoyaqcy/L%F3%B5%89%BB%F0%B0%9E%94!X%F3%81%83%B4/ya%F0%AF%B7%A28/_'0/Ivh'~/HmM7U-:F/)Qhi);/j=t+mxLj/Fs\",\n          \"info\": \"ibU.\"\n        }\n      },\n      \"\": {\n        \"name\": \"Bp2%]AmZMr\",\n        \"ay\": 2015,\n        \"assign\": \"x\",\n        \"match\": [\n          \"NNH7G\"\n        ],\n        \"satisfy\": [\n          {\n            \"and\": []\n          }\n        ],\n        \"url\": \"https://fz5kl9voxkcaz4d-8u7vw936plvusgue239xihku0-v.1u770xm41lur6jzrcdmr8lxd0z13a0icbxo800d75-yrqny7lhx316.evasa/5k'pLDY\",\n        \"info\": \"wA\\\\r[i\",\n        \"isSelectable\": true\n      },\n      \"Sd\": {\n        \"name\": \"]\",\n        \"ay\": 2028,\n        \"satisfy\": {\n          \"or\": []\n        },\n        \"isSelectable\": true\n      }\n    }\n  },\n  {\n    \"title\": \"block sample 8\",\n    \"value\": {\n      \"name\": \"Sq'2ko?+\",\n      \"ay\": 1953,\n      \"assign\": \"C4MpS\",\n      \"match\": [\n        {\n          \"and\": []\n        },\n        {\n          \"or\": [\n            \"GH6S\",\n            {\n              \"or\": [\n                \"VNV2109U\",\n                {\n                  \"pattern\": \"CHR554J\",\n                  \"exclude\": [],\n                  \"info\": \"sXe(4L52 \"\n                }\n              ]\n            }\n          ]\n        },\n        {\n          \"pattern\": \"OB8299W\",\n          \"exclude\": \"WLF69*X\",\n          \"info\": \"U@tS0siz\"\n        },\n        {\n          \"or\": [\n            {\n              \"and\": [\n                \"FES9E\",\n                {\n                  \"and\": [\n                    \"KYJ745\",\n                    \"PFK2M\"\n                  ]\n                }\n              ]\n            },\n            {\n              \"or\": [\n                {\n                  \"or\": [\n                    \"ST3\"\n                  ]\n                },\n                {\n                  \"and\": [\n                    \"XWx355S\",\n                    \"SE*\",\n                    \"CJW061H\"\n                  ]\n                },\n                \"MP*26B\",\n                \"SY014X\",\n                \"VKE1B\"\n              ]\n            },\n            {\n              \"pattern\": \"NCO67M\",\n              \"exclude\": [\n                \"WV0F\",\n                \"TR75C\",\n                \"IAO5V\"\n              ],\n              \"info\": \"1pv(8L51Rb\"\n            }\n          ]\n        }\n      ],\n      \"satisfy\": {\n        \"mc\": \"<=90\"\n      },\n      \"url\": \"http://d32iagjs0am6a68.5ck9aa9.xubfce4-14kozn--zefjlu7y2v7bqznbxw2nxg9-2fkvsco5z31p9mah2ckc.pb2aburvnqgc0-p.aczejhh/@Ne@KQ/QMm%F0%B6%A9%ACx$DED/SN2LE&oak+/hN%F1%85%91%A8tn\",\n      \"info\": \"B4VX f^>,c\",\n      \"isSelectable\": true,\n      \"C;w}\": {\n        \"name\": \"nt\",\n        \"assign\": \"'oFJ\\\"vqYl\",\n        \"match\": [\n          \"DM04\",\n          \"WPG8\",\n          {\n            \"or\": [\n              {\n                \"and\": [\n                  {\n                    \"pattern\": \"TGE337Z\",\n                    \"exclude\": \"TLQx3*3\",\n                    \"info\": \"\"\n                  },\n                  {\n                    \"or\": [\n                      \"BKP213\"\n                    ]\n                  },\n                  {\n                    \"pattern\": \"AA4524A\",\n                    \"exclude\": \"KQ11*2\",\n                    \"info\": \"\\\"[Yg \\\\Bs\"\n                  }\n                ]\n              },\n              {\n                \"or\": [\n                  \"PEB73S\",\n                  \"MW5338Z\",\n                  \"TP722O\"\n                ]\n              }\n            ]\n          },\n          {\n            \"and\": [\n              {\n                \"and\": [\n                  \"PJV0961K\",\n                  \"BZ571\",\n                  \"XWL09G\",\n                  \"HU3L\",\n                  \"PF*7x2\"\n                ]\n              },\n              {\n                \"or\": [\n                  \"WC5800\",\n                  \"VB4X\",\n                  {\n                    \"or\": [\n                      \"RJ8\",\n                      \"ZKN*\",\n                      \"UIK64\"\n                    ]\n                  },\n                  \"UI7433C\"\n                ]\n              },\n              {\n                \"and\": [\n                  \"BMV1xG\",\n                  {\n                    \"or\": [\n                      \"VMX342\"\n                    ]\n                  }\n                ]\n              },\n              {\n                \"and\": [\n                  {\n                    \"or\": [\n                      \"BK*7\"\n                    ]\n                  },\n                  \"XDV91P\",\n                  {\n                    \"pattern\": \"XAL2912O\",\n                    \"exclude\": [\n                      \"ERJ2781\",\n                      \"DB8x18U\"\n                    ],\n                    \"info\": \"t\\\\Xc{m%->\"\n                  },\n                  \"OI22\",\n                  \"QP9316P\"\n                ]\n              }\n            ]\n          }\n        ],\n        \"url\": \"http://3-r9.qfska//p/HOya/R.y_E/lB(/E/x6\",\n        \"info\": \"i^1xTxZP*E\",\n        \"isSelectable\": true\n      }\n    }\n  },\n  {\n    \"title\": \"block sample 9\",\n    \"value\": {\n      \"name\": \"?:\",\n      \"ay\": 1987,\n      \"match\": \"BF4\",\n      \"satisfy\": [\n        {\n          \"or\": []\n        },\n        \"p:K0awqmZT\"\n      ],\n      \"info\": \"n=I\",\n      \"isSelectable\": true,\n      \"SE9'*)\": {\n        \"name\": \"aLQQ\",\n        \"assign\": [\n          \"!oU6A+jQ#>\",\n          \"+8C6%s$vLB\",\n          \"A;!\",\n          \"|\",\n          \"]9f9Y]\"\n        ],\n        \"match\": \"FVB6*x7U\",\n        \"url\": \"https://o33.u7mmh55fm6a5qwve2kmgnu2paq.h.vxmamzhkzk/%F3%83%8C%89)ia9/rErq@//T!Q%F4%82%99%A9%F1%AD%9D%B6\",\n        \"info\": \"\"\n      },\n      \"HrU$\": {\n        \"name\": \";@5IZ&VZ\",\n        \"ay\": 2012,\n        \"assign\": [\n          \" \",\n          \"Op@s^~-o4\",\n          \"Z'.w\",\n          \"s]U8:kn_g\"\n        ],\n        \"match\": [\n          {\n            \"and\": [\n              {\n                \"or\": []\n              },\n              {\n                \"pattern\": \"HMK444\",\n                \"exclude\": [\n                  \"EFH*\",\n                  \"NZ45E\",\n                  \"HUx490\",\n                  \"TF9x40G\",\n                  \"NVV1\"\n                ]\n              },\n              {\n                \"pattern\": \"KL3x7D\",\n                \"exclude\": [\n                  \"NL3O\",\n                  \"JXP5T\",\n                  \"HL31J\"\n                ],\n                \"info\": \"z=?B!57\"\n              },\n              {\n                \"or\": [\n                  \"FXA78C\",\n                  \"FK8375E\",\n                  \"OCx1\",\n                  \"TKM8\"\n                ]\n              }\n            ]\n          },\n          \"WFPx\",\n          {\n            \"pattern\": \"TJx71xV\",\n            \"info\": \"\"\n          },\n          {\n            \"or\": [\n              \"MR6*19\",\n              {\n                \"pattern\": \"VG71*5Y\",\n                \"exclude\": [\n                  \"IRI9*M\",\n                  \"AI81X\",\n                  \"KVQ7H\",\n                  \"VN4\",\n                  \"JGX79\"\n                ],\n                \"info\": \"(w}`~<ulY?\"\n              },\n              {\n                \"and\": []\n              },\n              {\n                \"and\": []\n              }\n            ]\n          },\n          {\n            \"pattern\": \"KN3K\",\n            \"exclude\": \"OQ92U\",\n            \"info\": \":3~pi@#V8G\"\n          }\n        ],\n        \"url\": \"http://a45ig6645oop2sims2ovw0sqlyxx1az2fjmshxzd5ivd71oczn5.b8cn6vpmqmhfjqk5rx.ff6m7h5ad2ij9maffydpj13yc9wy-nsoc9lqjealeppvg16n2s-8-y.3uanrgy3.r.xmrabbtcjz/CO/%F3%93%8E%94KR!IN/S2Gd'7%F1%A7%B7%95v//igJSp/elC/-$GQ(2n//*E/Qs54RX0%F3%9B%AC%A7~\",\n        \"isSelectable\": true,\n        \"$\": {\n          \"name\": \"\",\n          \"ay\": 1969,\n          \"assign\": \"\\\\o\\\"\\\\`+U\",\n          \"match\": {\n            \"or\": [\n              {\n                \"pattern\": \"EY531*K\",\n                \"exclude\": [\n                  \"KK75\",\n                  \"SIG0\",\n                  \"QMU3xR\",\n                  \"FPI909Q\"\n                ],\n                \"info\": \"])F*2\"\n              },\n              {\n                \"and\": [\n                  {\n                    \"pattern\": \"OUMx378L\",\n                    \"exclude\": [\n                      \"PIU26K\",\n                      \"AMU0M\",\n                      \"SWZ168\",\n                      \"TEV1413Q\",\n                      \"GWS66\"\n                    ],\n                    \"info\": \".${4zY\"\n                  }\n                ]\n              },\n              \"PG4C\",\n              {\n                \"pattern\": \"UP5709P\",\n                \"exclude\": [\n                  \"BT1135\"\n                ],\n                \"info\": \"$L,]W#Jl\"\n              }\n            ]\n          },\n          \"url\": \"http://wxp7bhsmbxzomzehtx8nw.buxdoj/0_$TY9e/!Hj5eDmp)/vpC%F1%81%83%9AnzX)qU/,gN%F1%BD%86%AA6)(Dc6/cB9/1b%F0%BC%BA%9E=wd.a/_/UhG/rD/xu\",\n          \"info\": \"n<\",\n          \"isSelectable\": true\n        },\n        \"T|\\\\[\": {\n          \"name\": \"N}~LbX\",\n          \"ay\": 1962,\n          \"assign\": [\n            \"[+ip!\",\n            \"x3HcW*T\"\n          ],\n          \"match\": {\n            \"pattern\": \"MN5xxW\",\n            \"exclude\": [],\n            \"info\": \"K\"\n          },\n          \"satisfy\": [\n            {\n              \"mc\": \">=192\"\n            },\n            {\n              \"or\": [\n                {\n                  \"and\": [\n                    \"i\",\n                    \"\",\n                    \"Y\",\n                    {\n                      \"mc\": \">=42\"\n                    },\n                    {\n                      \"mc\": \">=88\"\n                    }\n                  ]\n                },\n                \"n!GA.[A\",\n                {\n                  \"mc\": \"<=61\"\n                }\n              ]\n            },\n            {\n              \"and\": [\n                {\n                  \"or\": [\n                    {\n                      \"and\": [\n                        \"Gih@z;E\\\\\",\n                        \"8:7VW\",\n                        \")>l\",\n                        \"\\\\i1>t?\"\n                      ]\n                    }\n                  ]\n                },\n                {\n                  \"or\": [\n                    {\n                      \"or\": [\n                        {\n                          \"and\": [\n                            {\n                              \"or\": [\n                                \"WRfR\",\n                                {\n                                  \"or\": []\n                                }\n                              ]\n                            },\n                            \"ZY\"\n                          ]\n                        },\n                        {\n                          \"or\": [\n                            \"(A\",\n                            \"JOL;g6\"\n                          ]\n                        },\n                        \"nTH+qApG\",\n                        {\n                          \"or\": [\n                            \"f@\"\n                          ]\n                        },\n                        \"\"\n                      ]\n                    }\n                  ]\n                },\n                {\n                  \"and\": [\n                    \"#A\",\n                    {\n                      \"or\": [\n                        \"W1n_?Dc/o\"\n                      ]\n                    },\n                    {\n                      \"and\": [\n                        \"q%gf3IO\"\n                      ]\n                    },\n                    {\n                      \"and\": [\n                        {\n                          \"or\": [\n                            \"crY\",\n                            \"c.[\",\n                            \"~&yH6.F7s\",\n                            {\n                              \"mc\": \"<=55\"\n                            }\n                          ]\n                        },\n                        \"qZ=D|F\"\n                      ]\n                    },\n                    \"=1[4\"\n                  ]\n                }\n              ]\n            },\n            \"u1rOrG?\",\n            {\n              \"and\": [\n                {\n                  \"or\": [\n                    \"aw_@\",\n                    {\n                      \"and\": [\n                        \"'y9M6n\",\n                        \"\",\n                        \"\"\n                      ]\n                    }\n                  ]\n                },\n                {\n                  \"mc\": \"<=31\"\n                },\n                {\n                  \"mc\": \"<=55\"\n                },\n                \"\",\n                {\n                  \"and\": [\n                    \"3_[z\",\n                    {\n                      \"or\": [\n                        \"t\\\"qU\",\n                        \")TQAzo\",\n                        {\n                          \"or\": [\n                            \"6/\",\n                            \"{rY$]<@d5\"\n                          ]\n                        }\n                      ]\n                    },\n                    \"BDT\",\n                    {\n                      \"or\": [\n                        \"%WE\\\\\",\n                        {\n                          \"or\": [\n                            \"ItV-oL.\"\n                          ]\n                        },\n                        {\n                          \"or\": [\n                            \"Z<kPS'p%*\"\n                          ]\n                        }\n                      ]\n                    }\n                  ]\n                }\n              ]\n            }\n          ],\n          \"info\": \"N\",\n          \"isSelectable\": true\n        },\n        \"Ki\\\"0Jf[\": {\n          \"name\": \"@s]?[\",\n          \"ay\": 2000,\n          \"assign\": \"pyY#\\\"mw\",\n          \"url\": \"https://3ow19z7k8j2vfa-hy4u-lrgpwyshj9pp16x811hq4pm22cikkmliory4.yeh1bdy7ashriwlb00ryum5-zi03ni2dencwchnmhurw921qpnb22s8ik9k.p4e9oaq0v3b2o8fo.tw56unx7fvhli8412mr4mkkjmxald-k17qhrdohue.sju\",\n          \"info\": \"aY>\",\n          \"isSelectable\": true\n        },\n        \"J|?cW,ZO\": {\n          \"name\": \",E3ga\",\n          \"ay\": 1954,\n          \"match\": [\n            {\n              \"and\": [\n                {\n                  \"or\": []\n                },\n                {\n                  \"and\": [\n                    \"PSJ4*4D\",\n                    \"RB76\",\n                    {\n                      \"and\": [\n                        \"USM402\",\n                        \"LH6253I\",\n                        {\n                          \"pattern\": \"VR305O\",\n                          \"info\": \"MVW,6J+vf\"\n                        },\n                        \"JN8609\",\n                        {\n                          \"and\": [\n                            \"MNO51\"\n                          ]\n                        }\n                      ]\n                    }\n                  ]\n                },\n                \"DW37\",\n                {\n                  \"pattern\": \"RU23\",\n                  \"exclude\": [],\n                  \"info\": \"&wLV/bX>\"\n                },\n                {\n                  \"and\": [\n                    {\n                      \"and\": []\n                    },\n                    {\n                      \"or\": [\n                        \"EFU21\",\n                        \"RG68*\",\n                        \"JLG9\",\n                        {\n                          \"pattern\": \"BJP323\",\n                          \"exclude\": [\n                            \"HLO25\",\n                            \"GR4J\",\n                            \"DFR942F\",\n                            \"NB050C\"\n                          ],\n                          \"info\": \";x@xaH\"\n                        }\n                      ]\n                    },\n                    \"BT0xI\",\n                    \"EC048\",\n                    \"OZT24\"\n                  ]\n                }\n              ]\n            },\n            {\n              \"and\": [\n                {\n                  \"or\": [\n                    {\n                      \"or\": [\n                        \"NWX*53xX\",\n                        {\n                          \"pattern\": \"LYA4\",\n                          \"exclude\": [\n                            \"HBV3634\",\n                            \"BHO*0\",\n                            \"XJN9468H\",\n                            \"MAA70M\"\n                          ]\n                        },\n                        \"XM88I\"\n                      ]\n                    },\n                    {\n                      \"and\": [\n                        \"TM0x7xA\",\n                        \"KJ0007\",\n                        \"EH47O\"\n                      ]\n                    }\n                  ]\n                }\n              ]\n            },\n            {\n              \"pattern\": \"FV4T\",\n              \"exclude\": \"RGBx711\"\n            },\n            {\n              \"or\": [\n                {\n                  \"pattern\": \"BV3\",\n                  \"exclude\": [\n                    \"FT3xP\",\n                    \"JX*585O\",\n                    \"ODK2*\"\n                  ],\n                  \"info\": \"TT}gI+V\"\n                },\n                {\n                  \"and\": [\n                    {\n                      \"and\": [\n                        \"QPx0*3\",\n                        {\n                          \"and\": [\n                            \"UTL90\",\n                            {\n                              \"and\": [\n                                \"SC80*6I\"\n                              ]\n                            },\n                            \"IWF1193N\",\n                            \"WIR1E\"\n                          ]\n                        },\n                        \"TX4F\",\n                        \"WZL2064\"\n                      ]\n                    },\n                    {\n                      \"and\": [\n                        {\n                          \"or\": [\n                            {\n                              \"or\": []\n                            },\n                            \"TS1**x\",\n                            \"FR7\"\n                          ]\n                        },\n                        {\n                          \"pattern\": \"HNN2\",\n                          \"exclude\": \"IAN36*9S\",\n                          \"info\": \"G+kE'-\"\n                        },\n                        {\n                          \"and\": [\n                            \"ST2P\",\n                            {\n                              \"and\": []\n                            },\n                            \"XN*11*\",\n                            {\n                              \"and\": [\n                                \"LNG8x74\"\n                              ]\n                            }\n                          ]\n                        }\n                      ]\n                    },\n                    \"IK08\",\n                    {\n                      \"or\": [\n                        {\n                          \"and\": [\n                            \"EAUx16\",\n                            {\n                              \"and\": [\n                                \"KH5589B\",\n                                \"WF040\",\n                                \"PF4G\",\n                                {\n                                  \"pattern\": \"KBE42\",\n                                  \"exclude\": \"XOB*788Q\"\n                                },\n                                \"UFA92\"\n                              ]\n                            },\n                            \"ZH2\",\n                            \"SFR23\"\n                          ]\n                        },\n                        \"BX3074\",\n                        {\n                          \"pattern\": \"OI9\"\n                        },\n                        \"SJP8848N\"\n                      ]\n                    }\n                  ]\n                }\n              ]\n            },\n            {\n              \"pattern\": \"AV0G\",\n              \"info\": \"cyH\"\n            }\n          ],\n          \"satisfy\": {\n            \"mc\": \"<=50\"\n          },\n          \"url\": \"https://3c9lrxzkk30wdth0wv-f1i3487sbe6dzar-22o2p4u1nszmg95qqrwb8q.j86ptpvrw9xgke6araocpfc04hgriabpb36kr0vx6v8hfut.etgkm/g*zVX%F1%BD%86%87/PxzB6c8/Alz/nqi\",\n          \"info\": \"dIl\",\n          \"isSelectable\": true\n        },\n        \"\\\"\": {\n          \"name\": \"2jUBV_Kh\",\n          \"ay\": 1975,\n          \"satisfy\": \"Beop7=O3T\",\n          \"url\": \"http://r7dxioou.qckqsktjb/Y%F1%BE%A6%87e/r/K/'-/Gdh/%F1%B7%97%8EH3%F1%90%A0%B0jJ/'%F3%AA%AC%96A!9(sy/LL%F3%A0%94%8CZ1/MA4\",\n          \"info\": \"xCy,X}zf\",\n          \"|,\": {\n            \"name\": \"H&0/>U\",\n            \"ay\": 1974,\n            \"assign\": [\n              \"t!2%U)V8\",\n              \" EQv\",\n              \"\",\n              \"v9-H|\"\n            ],\n            \"match\": {\n              \"or\": [\n                \"IM28T\"\n              ]\n            },\n            \"satisfy\": {\n              \"or\": [\n                {\n                  \"and\": [\n                    {\n                      \"mc\": \">=130\"\n                    },\n                    {\n                      \"and\": [\n                        \"<XvJWFZ\",\n                        {\n                          \"and\": [\n                            {\n                              \"and\": [\n                                {\n                                  \"or\": [\n                                    \"*(q;;ovJ]\",\n                                    \"Y{$[#\",\n                                    {\n                                      \"mc\": \"<=132\"\n                                    },\n                                    \":}Pu9T$40\",\n                                    {\n                                      \"or\": [\n                                        \"6\",\n                                        \"EW $dt\",\n                                        \"KkLv'\"\n                                      ]\n                                    }\n                                  ]\n                                }\n                              ]\n                            }\n                          ]\n                        },\n                        \":7o\",\n                        {\n                          \"mc\": \"<=148\"\n                        },\n                        {\n                          \"mc\": \"<=175\"\n                        }\n                      ]\n                    },\n                    {\n                      \"and\": [\n                        {\n                          \"mc\": \">=130\"\n                        }\n                      ]\n                    },\n                    {\n                      \"or\": [\n                        {\n                          \"or\": [\n                            {\n                              \"mc\": \"<=19\"\n                            },\n                            {\n                              \"mc\": \">=91\"\n                            },\n                            \"*'-5zLv=z\",\n                            \"\"\n                          ]\n                        },\n                        \"rc|0'2Az\",\n                        \"M~`7YRr68\",\n                        \"PF{xPui\",\n                        \"Gi\"\n                      ]\n                    }\n                  ]\n                },\n                {\n                  \"or\": [\n                    \"g\",\n                    {\n                      \"or\": [\n                        \"\",\n                        {\n                          \"or\": []\n                        },\n                        {\n                          \"or\": [\n                            \"\",\n                            \"v6\"\n                          ]\n                        },\n                        {\n                          \"and\": [\n                            \"o4FD\",\n                            \"^Zzx^rIh\",\n                            \"Q/BGH:'}x\"\n                          ]\n                        }\n                      ]\n                    }\n                  ]\n                }\n              ]\n            },\n            \"url\": \"https://n.dj0n7tl30slppb02vvu4d5r7tzycj2.qf8.nmbxivrz6sy-fgof5or0q8lm-4hnylycvp1hm0hju1f.pl/Gwy*t/Ce%E5%90%83//qP%F3%86%B6%B3nE/gvK/R/9Qb0!uUt\",\n            \"info\": \"6\\\\WHcw+d,\",\n            \"isSelectable\": true,\n            \"R?OE\": {\n              \"name\": \"Gc.1' B/Cc\",\n              \"ay\": 1964,\n              \"match\": \"ZK8M\",\n              \"satisfy\": \"mg\",\n              \"info\": \"S;T\\\"4e\"\n            }\n          },\n          \")/^'tbYM^I\": {\n            \"name\": \"M^\",\n            \"ay\": 1979,\n            \"assign\": [\n              \"z[fw7Q~B\",\n              \" wj2I,\",\n              \"P\",\n              \"uh\"\n            ],\n            \"match\": {\n              \"pattern\": \"KZJ13F\",\n              \"exclude\": \"TL1050\",\n              \"info\": \"c#M:P>Ki3U\"\n            },\n            \"url\": \"http://qy1qh14t8p1mal-1bgisbpzztjyua4xvice1qw8.g46qj5v-kwupr399u0gsbz697lzi-tzdwn.dkylo/$LXS/xf'dMal/K79sJcr3S/wdW4t~/0JgzSaW;//\",\n            \"info\": \"Ki+/eU\",\n            \"isSelectable\": true\n          },\n          \";C>(i[KsBV\": {\n            \"ay\": 2027,\n            \"assign\": [\n              \"\",\n              \"3K\\\"+!e@F<\",\n              \"<\",\n              \"Ia/(\"\n            ],\n            \"match\": [\n              {\n                \"or\": []\n              },\n              {\n                \"pattern\": \"NPY38\",\n                \"info\": \"8j(\"\n              },\n              {\n                \"or\": []\n              }\n            ],\n            \"satisfy\": [\n              {\n                \"and\": [\n                  \"Q&+}\",\n                  \"?\",\n                  {\n                    \"or\": []\n                  },\n                  {\n                    \"and\": [\n                      \"\",\n                      {\n                        \"or\": [\n                          {\n                            \"mc\": \">=82\"\n                          },\n                          \"#R(}Y+[C}\",\n                          {\n                            \"or\": [\n                              \"=SBD6Eg.\",\n                              \"]H/9-|mb\",\n                              \"DLl\\\\^x\\\\\"\n                            ]\n                          },\n                          {\n                            \"or\": [\n                              \"S4Z\",\n                              {\n                                \"and\": [\n                                  \"}\",\n                                  {\n                                    \"mc\": \">=158\"\n                                  },\n                                  {\n                                    \"mc\": \">=130\"\n                                  }\n                                ]\n                              }\n                            ]\n                          },\n                          \">\"\n                        ]\n                      },\n                      {\n                        \"and\": [\n                          \"L0^.\",\n                          {\n                            \"or\": [\n                              \"sm\"\n                            ]\n                          },\n                          {\n                            \"mc\": \"<=54\"\n                          }\n                        ]\n                      },\n                      \"tDPlEeG=\"\n                    ]\n                  }\n                ]\n              }\n            ],\n            \"url\": \"http://m3xmvcfn8s41imdwc1wl04la-4oo624e-rn8jc3.qu2hbc33var2-x4o-49u40x1s6g5c6tffgefp83ucd1rrt1n9dfzgjcmyzc748.xy01ef86.zru0aogscjnbtkc86jz48t178xs-15xabb3nja50c9do5f9l4fj10fmxb9ww4.c.lcqhhj/ceB$3/X.xF%F2%9E%9F%AFJ/oxvgb/V%F0%B4%91%B8ssIv/RWBu4/%F1%88%AC%BC/dW\",\n            \"info\": \"ihv5BF\",\n            \"isSelectable\": true\n          },\n          \"9&\": {\n            \"name\": \"!\",\n            \"ay\": 1951,\n            \"assign\": \"2a4`\",\n            \"match\": [],\n            \"satisfy\": [\n              {\n                \"mc\": \">=38\"\n              }\n            ],\n            \"url\": \"https://p0ptt96ncpc8cau1mlicmkj0qwhxmh3f7qfj7wfnfe7cj.fk8ipl1zonumzi-23r1u.iioqlzfjuy76rc5nu8khoiutm1e2enj0ooenna.dmuyyoori8vrzd.z64-p-eft5ly1iur1xa43vy.rpshwxrpou/-q/6e.pEHAofK/y6Yt(BVP/itEoPx/0G3iLZ/LGDx_9Bo%F1%B1%AB%B6r/SR=~hJ/5%F0%AD%B2%99hGL%F3%B7%96%8C7\"\n          }\n        }\n      },\n      \"sBMz\": {\n        \"name\": \",vF/.U?Sj\",\n        \"assign\": [\n          \"F\",\n          \"?n%hCd&P\"\n        ],\n        \"match\": [\n          {\n            \"and\": [\n              \"FUK73\",\n              {\n                \"pattern\": \"JY*x7V\",\n                \"exclude\": \"WSV7790K\"\n              },\n              {\n                \"and\": [\n                  \"WY973\",\n                  {\n                    \"and\": [\n                      \"ARO0*1\",\n                      {\n                        \"or\": [\n                          \"JDZ7\"\n                        ]\n                      }\n                    ]\n                  },\n                  {\n                    \"pattern\": \"MJ360Q\",\n                    \"exclude\": \"XZ7043\",\n                    \"info\": \"U!V`-o\\\"\"\n                  }\n                ]\n              },\n              {\n                \"and\": [\n                  \"ZPM90\"\n                ]\n              },\n              \"VM3\"\n            ]\n          },\n          {\n            \"and\": [\n              {\n                \"or\": [\n                  {\n                    \"pattern\": \"ZS061V\",\n                    \"exclude\": [\n                      \"FXQ57\"\n                    ],\n                    \"info\": \"\"\n                  },\n                  {\n                    \"and\": [\n                      {\n                        \"and\": []\n                      },\n                      {\n                        \"or\": [\n                          \"YM78K\",\n                          \"WCx*9N\",\n                          {\n                            \"or\": [\n                              \"JKS720C\",\n                              \"NE6521X\",\n                              \"OZF7441\",\n                              \"JW3L\",\n                              \"FVU3404D\"\n                            ]\n                          },\n                          {\n                            \"pattern\": \"QBC1169L\",\n                            \"info\": \"LA\"\n                          }\n                        ]\n                      },\n                      \"JMK0P\",\n                      {\n                        \"and\": [\n                          \"FGW075N\",\n                          \"FJG*99P\"\n                        ]\n                      }\n                    ]\n                  },\n                  \"SL3*6\",\n                  {\n                    \"or\": [\n                      \"ZBN3*x5\"\n                    ]\n                  },\n                  \"KL3\"\n                ]\n              },\n              {\n                \"or\": [\n                  {\n                    \"pattern\": \"EF2\",\n                    \"exclude\": \"RMD8C\",\n                    \"info\": \"K FRF|0n\\\"\"\n                  }\n                ]\n              }\n            ]\n          }\n        ],\n        \"satisfy\": [],\n        \"url\": \"http://wbhe1qm9iqp7z9yjysc6r4ilnbg5u10.3sshsp6d90hkinbxf7nalnqrjmdfn7v4qmk13ytssz40mcs654xih.zvvbwno/,/qeTT/s%F3%B6%8C%8DwTLWX,y/!=@49Ntn1@/t54/%F2%99%8C%8D%F2%81%80%9C/-%F2%B9%AC%B4W/z=hpQN%F3%A2%8B%941/wXuwtN%F2%8C%91%B2%F3%B0%BA%8A(b\",\n        \"isSelectable\": true\n      },\n      \"`6\": {\n        \"name\": \",c'M/?hD>Y\",\n        \"ay\": 1975,\n        \"assign\": [\n          \"PR!@zfD\",\n          \"C7dESk.|\"\n        ],\n        \"match\": [\n          \"HAx877V\"\n        ],\n        \"satisfy\": {\n          \"and\": [\n            {\n              \"mc\": \"<=184\"\n            },\n            {\n              \"mc\": \">=137\"\n            },\n            {\n              \"and\": []\n            },\n            \"#B/pc+J1k\",\n            \"lGxj|zVI$\"\n          ]\n        },\n        \"url\": \"https://tq5af2sc5ivil4gqmj5iauv2lv6em3nnsu2gpd5rphfeb2d9l8tq70ny-u.xmlhtc.obyocj/!7Kgw/,/,BN/p,F):(8/ip\",\n        \"info\": \"eKT(X#3/f\",\n        \"isSelectable\": true\n      }\n    }\n  }\n]",
              "code": "fast_check_1.sample(index_test_2.block, 10).forEach((sample, i) => addContext_1.default(this, {\n    title: `block sample ${i}`,\n    value: sample,\n}));\nreturn fast_check_1.assert(fast_check_1.property(index_test_2.block, ajvValidate));",
              "err": {},
              "uuid": "92a317ef-f944-480d-9c29-cda0eee97033",
              "parentUUID": "3a6c2632-e695-49a7-9f8f-e2f778b3f327",
              "isHook": false,
              "skipped": false
            },
            {
              "title": "should not validate non-object",
              "fullTitle": "blockSchema should not validate non-object",
              "timedOut": false,
              "duration": 1,
              "state": "passed",
              "speed": "fast",
              "pass": true,
              "fail": false,
              "pending": false,
              "context": null,
              "code": "const error = {\n    instancePath: \"\",\n    message: \"block should be an object\",\n};\nisInvalidBlock(null, error);\nisInvalidBlock(undefined, error);\nisInvalidBlock(10, error);\nisInvalidBlock([12, 24], error);\nisInvalidBlock(\"abc\", error);",
              "err": {},
              "uuid": "8ba7aabe-6b70-4d77-b59f-caf32aa3d931",
              "parentUUID": "3a6c2632-e695-49a7-9f8f-e2f778b3f327",
              "isHook": false,
              "skipped": false
            },
            {
              "title": "should not validate block with invalid properties",
              "fullTitle": "blockSchema should not validate block with invalid properties",
              "timedOut": false,
              "duration": 1,
              "state": "passed",
              "speed": "fast",
              "pass": true,
              "fail": false,
              "pending": false,
              "context": null,
              "code": "isInvalidBlock({\n        name: { foo: \"bar\" },\n        ay: -1000,\n        assign: {},\n        match: 1,\n        satisfy: 2,\n        url: { abc: \"def\" },\n        info: 42,\n        isSelectable: 32,\n    }, { instancePath: \"/name\", message: \"property 'name' should be a string\" }, {\n        instancePath: \"/ay\",\n        message: \"property 'ay' should be a positive integer\",\n    }, {\n        instancePath: \"/assign\",\n        message: \"property 'assign' should be either a block ID or an array of block IDs\",\n    }, {\n        instancePath: \"/match\",\n        message: \"property 'match' should be either a match rule or an array of match rules\",\n    }, {\n        instancePath: \"/satisfy\",\n        message: \"property 'satisfy' should be either a satisfy rule or an array of satisfy rules\",\n    }, { instancePath: \"/url\", message: \"property 'url' should be a string\" }, { instancePath: \"/info\", message: \"property 'info' should be a string\" }, {\n        instancePath: \"/isSelectable\",\n        message: \"property 'isSelectable' should be a boolean\",\n    })",
              "err": {},
              "uuid": "95c8d7d0-9a31-4c8f-8256-03fd8e9bf17d",
              "parentUUID": "3a6c2632-e695-49a7-9f8f-e2f778b3f327",
              "isHook": false,
              "skipped": false
            }
          ],
          "suites": [],
          "passes": [
            "92a317ef-f944-480d-9c29-cda0eee97033",
            "8ba7aabe-6b70-4d77-b59f-caf32aa3d931",
            "95c8d7d0-9a31-4c8f-8256-03fd8e9bf17d"
          ],
          "failures": [],
          "pending": [],
          "skipped": [],
          "duration": 218,
          "root": false,
          "rootEmpty": false,
          "_timeout": 2000
        },
        {
          "uuid": "a8f998cb-5948-4ecd-b691-36b841adc0c6",
          "title": "patternToRE",
          "fullFile": "/home/runner/work/planwithus-lib/planwithus-lib/src/matchRule/pattern/satisfiers.test.ts",
          "file": "/src/matchRule/pattern/satisfiers.test.ts",
          "beforeHooks": [],
          "afterHooks": [],
          "tests": [
            {
              "title": "should match valid modules with a single pattern",
              "fullTitle": "patternToRE should match valid modules with a single pattern",
              "timedOut": false,
              "duration": 21,
              "state": "passed",
              "speed": "fast",
              "pass": true,
              "fail": false,
              "pending": false,
              "context": "[\n  {\n    \"title\": \"patternExampleList sample 0\",\n    \"value\": [\n      \"FE698A\",\n      [\n        \"FE698A\"\n      ]\n    ]\n  },\n  {\n    \"title\": \"patternExampleList sample 1\",\n    \"value\": [\n      \"GP40E\",\n      [\n        \"GP40E\"\n      ]\n    ]\n  },\n  {\n    \"title\": \"patternExampleList sample 2\",\n    \"value\": [\n      \"DN9*\",\n      [\n        \"DN95DM0068\",\n        \"DN98UR\",\n        \"DN9AX7BFX\",\n        \"DN9MX2QDTH6\",\n        \"DN9T\",\n        \"DN9\",\n        \"DN9I56\",\n        \"DN9H\"\n      ]\n    ]\n  },\n  {\n    \"title\": \"patternExampleList sample 3\",\n    \"value\": [\n      \"GNF70\",\n      [\n        \"GNF70\"\n      ]\n    ]\n  },\n  {\n    \"title\": \"patternExampleList sample 4\",\n    \"value\": [\n      \"VY929\",\n      [\n        \"VY929\"\n      ]\n    ]\n  },\n  {\n    \"title\": \"patternExampleList sample 5\",\n    \"value\": [\n      \"AE6300\",\n      [\n        \"AE6300\"\n      ]\n    ]\n  },\n  {\n    \"title\": \"patternExampleList sample 6\",\n    \"value\": [\n      \"SS990\",\n      [\n        \"SS990\"\n      ]\n    ]\n  },\n  {\n    \"title\": \"patternExampleList sample 7\",\n    \"value\": [\n      \"DGI14Y\",\n      [\n        \"DGI14Y\"\n      ]\n    ]\n  },\n  {\n    \"title\": \"patternExampleList sample 8\",\n    \"value\": [\n      \"AG556M\",\n      [\n        \"AG556M\"\n      ]\n    ]\n  },\n  {\n    \"title\": \"patternExampleList sample 9\",\n    \"value\": [\n      \"QN50Q\",\n      [\n        \"QN50Q\"\n      ]\n    ]\n  }\n]",
              "code": "fast_check_1.sample(index_test_1.patternExampleList, 10).forEach((sample, i) => addContext_1.default(this, {\n    title: `patternExampleList sample ${i}`,\n    value: sample,\n}));\nreturn fast_check_1.assert(fast_check_1.property(index_test_1.patternExampleList, ([patternStr, examples]) => {\n    const re = _1.patternToRE(patternStr);\n    return examples.every(re.test.bind(re));\n}));",
              "err": {},
              "uuid": "31d9eb35-c9be-48e1-9dd8-e4c48454e029",
              "parentUUID": "a8f998cb-5948-4ecd-b691-36b841adc0c6",
              "isHook": false,
              "skipped": false
            },
            {
              "title": "should match valid modules with multiple patterns",
              "fullTitle": "patternToRE should match valid modules with multiple patterns",
              "timedOut": false,
              "duration": 79,
              "state": "passed",
              "speed": "slow",
              "pass": true,
              "fail": false,
              "pending": false,
              "context": "[\n  {\n    \"title\": \"patternExampleListArray sample 0\",\n    \"value\": [\n      [\n        \"ZCG44M\",\n        [\n          \"ZCG44M\"\n        ]\n      ],\n      [\n        \"FG*6S\",\n        [\n          \"FGA96S\",\n          \"FG26S\",\n          \"FGTH6CK8K6S\",\n          \"FGRK7HG6S\",\n          \"FG9AETFV6L6S\",\n          \"FG5Z6S\",\n          \"FG6S\"\n        ]\n      ],\n      [\n        \"JO0\",\n        [\n          \"JO0\"\n        ]\n      ],\n      [\n        \"YVM132N\",\n        [\n          \"YVM132N\"\n        ]\n      ],\n      [\n        \"LGM0\",\n        [\n          \"LGM0\"\n        ]\n      ],\n      [\n        \"IYO*\",\n        [\n          \"IYORW\",\n          \"IYOVED9FFAP\"\n        ]\n      ],\n      [\n        \"WFG7\",\n        [\n          \"WFG7\"\n        ]\n      ],\n      [\n        \"GB4\",\n        [\n          \"GB4\"\n        ]\n      ],\n      [\n        \"ZTQx718X\",\n        [\n          \"ZTQ9718X\",\n          \"ZTQ5718X\",\n          \"ZTQ1718X\",\n          \"ZTQ2718X\",\n          \"ZTQ7718X\",\n          \"ZTQ0718X\",\n          \"ZTQ4718X\",\n          \"ZTQ3718X\"\n        ]\n      ],\n      [\n        \"CR6Q\",\n        [\n          \"CR6Q\"\n        ]\n      ],\n      [\n        \"SVO7G\",\n        [\n          \"SVO7G\"\n        ]\n      ]\n    ]\n  },\n  {\n    \"title\": \"patternExampleListArray sample 1\",\n    \"value\": [\n      [\n        \"AT86E\",\n        [\n          \"AT86E\"\n        ]\n      ],\n      [\n        \"FO26R\",\n        [\n          \"FO26R\"\n        ]\n      ],\n      [\n        \"QX40B\",\n        [\n          \"QX40B\"\n        ]\n      ],\n      [\n        \"XP899\",\n        [\n          \"XP899\"\n        ]\n      ],\n      [\n        \"AXN0E\",\n        [\n          \"AXN0E\"\n        ]\n      ],\n      [\n        \"VX9499\",\n        [\n          \"VX9499\"\n        ]\n      ]\n    ]\n  },\n  {\n    \"title\": \"patternExampleListArray sample 2\",\n    \"value\": [\n      [\n        \"BB64L\",\n        [\n          \"BB64L\"\n        ]\n      ],\n      [\n        \"EA8\",\n        [\n          \"EA8\"\n        ]\n      ],\n      [\n        \"YXQ5980T\",\n        [\n          \"YXQ5980T\"\n        ]\n      ],\n      [\n        \"GSB7*33A\",\n        [\n          \"GSB7QYF68F33A\",\n          \"GSB70PD6AUJ33A\",\n          \"GSB733A\",\n          \"GSB7L33A\",\n          \"GSB75H34QL33A\",\n          \"GSB7HRBM2W33A\",\n          \"GSB7BRA8233A\",\n          \"GSB7EF33A\",\n          \"GSB7N33A\",\n          \"GSB7EFZ33A\",\n          \"GSB7RF633A\"\n        ]\n      ],\n      [\n        \"YCT817V\",\n        [\n          \"YCT817V\"\n        ]\n      ],\n      [\n        \"SJx951\",\n        [\n          \"SJ4951\",\n          \"SJ8951\",\n          \"SJ6951\",\n          \"SJ5951\",\n          \"SJ1951\",\n          \"SJ2951\",\n          \"SJ0951\",\n          \"SJ9951\",\n          \"SJ7951\"\n        ]\n      ],\n      [\n        \"LRX8A\",\n        [\n          \"LRX8A\"\n        ]\n      ],\n      [\n        \"QI99*\",\n        [\n          \"QI99ZXDUL\",\n          \"QI99NFHMGASM\",\n          \"QI99MG993\",\n          \"QI99H2X\",\n          \"QI998S6PIW\",\n          \"QI99NF3G2GK\",\n          \"QI99QNLEJN\",\n          \"QI99BOGYL\",\n          \"QI99O1UQZWS\",\n          \"QI99548RDT\",\n          \"QI99\"\n        ]\n      ],\n      [\n        \"UZ*\",\n        [\n          \"UZ6RW2A9XO\",\n          \"UZV4P8R\",\n          \"UZHZ6K\"\n        ]\n      ],\n      [\n        \"BUO0649\",\n        [\n          \"BUO0649\"\n        ]\n      ]\n    ]\n  },\n  {\n    \"title\": \"patternExampleListArray sample 3\",\n    \"value\": [\n      [\n        \"STA99\",\n        [\n          \"STA99\"\n        ]\n      ],\n      [\n        \"MY4785\",\n        [\n          \"MY4785\"\n        ]\n      ],\n      [\n        \"GC68Z\",\n        [\n          \"GC68Z\"\n        ]\n      ],\n      [\n        \"XE7*9\",\n        [\n          \"XE7DJ99\",\n          \"XE7OQQSO8G99\",\n          \"XE7FGOP5MEX9\",\n          \"XE7L9\",\n          \"XE79\",\n          \"XE7QS9\",\n          \"XE7Y9\",\n          \"XE7Q9KSA9\"\n        ]\n      ],\n      [\n        \"AJ*9\",\n        [\n          \"AJC8L49\",\n          \"AJE9\"\n        ]\n      ],\n      [\n        \"UF310\",\n        [\n          \"UF310\"\n        ]\n      ]\n    ]\n  },\n  {\n    \"title\": \"patternExampleListArray sample 4\",\n    \"value\": [\n      [\n        \"XP07U\",\n        [\n          \"XP07U\"\n        ]\n      ],\n      [\n        \"NU0*\",\n        [\n          \"NU0646SK2\",\n          \"NU03Z\",\n          \"NU09LAKBB\",\n          \"NU0Z4P1K\",\n          \"NU0\",\n          \"NU0E3A\"\n        ]\n      ],\n      [\n        \"IYF2\",\n        [\n          \"IYF2\"\n        ]\n      ],\n      [\n        \"FT38Q\",\n        [\n          \"FT38Q\"\n        ]\n      ],\n      [\n        \"JEY9\",\n        [\n          \"JEY9\"\n        ]\n      ],\n      [\n        \"QK2R\",
[...]
              "err": {},
              "uuid": "67ff6f18-54fe-48b4-b8e2-c8aa314ad618",
              "parentUUID": "66a0e207-126e-469b-bb69-6a056647ec33",
              "isHook": false,
              "skipped": false
            },
            {
              "title": "should truncate list of modules with upper bound of MCs, cutting off at the minimum starting sequence that exceeds upper bound, if total MC count is higher and there exists no starting sequence with exact MC count",
              "fullTitle": "inequalitySatisfier should truncate list of modules with upper bound of MCs, cutting off at the minimum starting sequence that exceeds upper bound, if total MC count is higher and there exists no starting sequence with exact MC count",
              "timedOut": false,
              "duration": 0,
              "state": "passed",
              "speed": "fast",
              "pass": true,
              "fail": false,
              "pending": false,
              "context": null,
              "code": "const satisfier = satisfiers_1.inequalitySatisfier(ref, \"<=17\");\nsatisfier.should.have.property(\"filter\");\nconst { filter } = satisfier;\nisCorrectFilter(filter, modulesList1, [\n    \"CS2100\",\n    \"GER1000\",\n    \"CS2040S\",\n    \"ST2131\",\n    \"MA1521\",\n]);",
              "err": {},
              "uuid": "21729dda-2543-4ab9-ad0b-d581ab58d42c",
              "parentUUID": "66a0e207-126e-469b-bb69-6a056647ec33",
              "isHook": false,
              "skipped": false
            }
          ],
          "suites": [],
          "passes": [
            "9c64c786-20de-4e51-8158-24fb6168365a",
            "eb88476a-fa8f-4512-99c0-611ce87bebd6",
            "72dcbcb7-293f-4348-a4a6-068f393761c7",
            "ecfc2f62-6710-4263-9a5e-a780d53e2f9d",
            "674827aa-d6c2-4629-a6ee-5f632bc206ca",
            "67ff6f18-54fe-48b4-b8e2-c8aa314ad618",
            "21729dda-2543-4ab9-ad0b-d581ab58d42c"
          ],
          "failures": [],
          "pending": [],
          "skipped": [],
          "duration": 2,
          "root": false,
          "rootEmpty": false,
          "_timeout": 2000
        },
        {
          "uuid": "a4c34ce7-8d69-476b-a5c9-d5bb311bb4cc",
          "title": "inequalitySchema",
          "fullFile": "/home/runner/work/planwithus-lib/planwithus-lib/src/satisfyRule/inequality/schemas.test.ts",
          "file": "/src/satisfyRule/inequality/schemas.test.ts",
          "beforeHooks": [],
          "afterHooks": [],
          "tests": [
            {
              "title": "should validate inequality in the form <=n or >=n",
              "fullTitle": "inequalitySchema should validate inequality in the form <=n or >=n",
              "timedOut": false,
              "duration": 1,
              "state": "passed",
              "speed": "fast",
              "pass": true,
              "fail": false,
              "pending": false,
              "context": "[\n  {\n    \"title\": \"inequality sample 0\",\n    \"value\": \">=5\"\n  },\n  {\n    \"title\": \"inequality sample 1\",\n    \"value\": \">=125\"\n  },\n  {\n    \"title\": \"inequality sample 2\",\n    \"value\": \"<=1\"\n  },\n  {\n    \"title\": \"inequality sample 3\",\n    \"value\": \">=189\"\n  },\n  {\n    \"title\": \"inequality sample 4\",\n    \"value\": \">=3\"\n  },\n  {\n    \"title\": \"inequality sample 5\",\n    \"value\": \">=7\"\n  },\n  {\n    \"title\": \"inequality sample 6\",\n    \"value\": \"<=91\"\n  },\n  {\n    \"title\": \"inequality sample 7\",\n    \"value\": \">=4\"\n  },\n  {\n    \"title\": \"inequality sample 8\",\n    \"value\": \"<=2\"\n  },\n  {\n    \"title\": \"inequality sample 9\",\n    \"value\": \"<=7\"\n  }\n]",
              "code": "fast_check_1.sample(index_test_2.inequality, 10).forEach((sample, i) => addContext_1.default(this, {\n    title: `inequality sample ${i}`,\n    value: sample,\n}));\nreturn fast_check_1.assert(fast_check_1.property(index_test_2.inequality, ajvValidate));",
              "err": {},
              "uuid": "57de1692-a6ac-4ef4-b944-5347e72b3242",
              "parentUUID": "a4c34ce7-8d69-476b-a5c9-d5bb311bb4cc",
              "isHook": false,
              "skipped": false
            },
            {
              "title": "should not validate inequality of invalid form",
              "fullTitle": "inequalitySchema should not validate inequality of invalid form",
              "timedOut": false,
              "duration": 2,
              "state": "passed",
              "speed": "fast",
              "pass": true,
              "fail": false,
              "pending": false,
              "context": null,
              "code": "[\n        \"\",\n        \"==23\",\n        \"23\",\n        \"<23\",\n        \">23\",\n        \"<=-1\",\n        \">=-1\",\n        \"<= 2\",\n        \">= 1\",\n        \"> 3\",\n        \"< 3\",\n        \"<=3a\",\n        \">=3a\",\n        \"a<=3\",\n        \"a>=3\",\n    ].forEach(isInvalidInequality)",
              "err": {},
              "uuid": "0d26d1de-126a-4e48-afce-4d1496c04db4",
              "parentUUID": "a4c34ce7-8d69-476b-a5c9-d5bb311bb4cc",
              "isHook": false,
              "skipped": false
            }
          ],
          "suites": [],
          "passes": [
            "57de1692-a6ac-4ef4-b944-5347e72b3242",
            "0d26d1de-126a-4e48-afce-4d1496c04db4"
          ],
          "failures": [],
          "pending": [],
          "skipped": [],
          "duration": 3,
          "root": false,
          "rootEmpty": false,
          "_timeout": 2000
        },
        {
          "uuid": "f8b54023-eaee-4fcf-8051-242935fd7e24",
          "title": "satisfyRuleSchema",
          "fullFile": "/home/runner/work/planwithus-lib/planwithus-lib/src/satisfyRule/schemas.test.ts",
          "file": "/src/satisfyRule/schemas.test.ts",
          "beforeHooks": [],
          "afterHooks": [],
          "tests": [
            {
              "title": "should validate satisfy rule with valid block id",
              "fullTitle": "satisfyRuleSchema should validate satisfy rule with valid block id",
              "timedOut": false,
              "duration": 1,
              "state": "passed",
              "speed": "fast",
              "pass": true,
              "fail": false,
              "pending": false,
              "context": null,
              "code": "fast_check_1.assert(fast_check_1.property(fast_check_1.string(), ajvValidate)",
              "err": {},
              "uuid": "7a0a3a8a-f572-4a9c-a710-13c501690d0a",
              "parentUUID": "f8b54023-eaee-4fcf-8051-242935fd7e24",
              "isHook": false,
              "skipped": false
            },
            {
              "title": "should validate satisfy rules with valid mc",
              "fullTitle": "satisfyRuleSchema should validate satisfy rules with valid mc",
              "timedOut": false,
              "duration": 1,
              "state": "passed",
              "speed": "fast",
              "pass": true,
              "fail": false,
              "pending": false,
              "context": "[\n  {\n    \"title\": \"mcSatisfyRule sample 0\",\n    \"value\": {\n      \"mc\": \">=5\"\n    }\n  },\n  {\n    \"title\": \"mcSatisfyRule sample 1\",\n    \"value\": {\n      \"mc\": \"<=4\"\n    }\n  },\n  {\n    \"title\": \"mcSatisfyRule sample 2\",\n    \"value\": {\n      \"mc\": \"<=101\"\n    }\n  },\n  {\n    \"title\": \"mcSatisfyRule sample 3\",\n    \"value\": {\n      \"mc\": \">=3\"\n    }\n  },\n  {\n    \"title\": \"mcSatisfyRule sample 4\",\n    \"value\": {\n      \"mc\": \">=4\"\n    }\n  },\n  {\n    \"title\": \"mcSatisfyRule sample 5\",\n    \"value\": {\n      \"mc\": \"<=196\"\n    }\n  },\n  {\n    \"title\": \"mcSatisfyRule sample 6\",\n    \"value\": {\n      \"mc\": \">=71\"\n    }\n  },\n  {\n    \"title\": \"mcSatisfyRule sample 7\",\n    \"value\": {\n      \"mc\": \"<=141\"\n    }\n  },\n  {\n    \"title\": \"mcSatisfyRule sample 8\",\n    \"value\": {\n      \"mc\": \"<=121\"\n    }\n  },\n  {\n    \"title\": \"mcSatisfyRule sample 9\",\n    \"value\": {\n      \"mc\": \">=13\"\n    }\n  }\n]",
              "code": "fast_check_1.sample(index_test_2.mcSatisfyRule, 10).forEach((sample, i) => addContext_1.default(this, {\n    title: `mcSatisfyRule sample ${i}`,\n    value: sample,\n}));\nreturn fast_check_1.assert(fast_check_1.property(index_test_2.mcSatisfyRule, ajvValidate));",
              "err": {},
              "uuid": "76b700b9-f41e-461e-886a-712d5da18732",
              "parentUUID": "f8b54023-eaee-4fcf-8051-242935fd7e24",
              "isHook": false,
              "skipped": false
            },
            {
              "title": "should validate valid recursive satisfy rules",
              "fullTitle": "satisfyRuleSchema should validate valid recursive satisfy rules",
              "timedOut": false,
              "duration": 4,
              "state": "passed",
              "speed": "fast",
              "pass": true,
              "fail": false,
              "pending": false,
              "context": "[\n  {\n    \"title\": \"satisfyRule sample 0\",\n    \"value\": {\n      \"or\": [\n        {\n          \"mc\": \"<=113\"\n        },\n        {\n          \"and\": [\n            {\n              \"or\": [\n                \"o\",\n                \"2Bl*\",\n                {\n                  \"and\": [\n                    \"N\",\n                    \"c$9e2d\",\n                    \"/<hx\",\n                    {\n                      \"mc\": \">=22\"\n                    },\n                    {\n                      \"and\": [\n                        \"z+g\",\n                        \"NDpm+fBrn/\",\n                        \"Wl8N\",\n                        \"H.u^V\"\n                      ]\n                    }\n                  ]\n                },\n                \"qt\",\n                \"9QeXs`AO\"\n              ]\n            },\n            {\n              \"or\": []\n            },\n            \"1r=@QpoS\"\n          ]\n        },\n        {\n          \"mc\": \">=172\"\n        },\n        {\n          \"or\": []\n        },\n        {\n          \"or\": [\n            {\n              \"or\": [\n                {\n                  \"and\": []\n                },\n                \"]/fkS,.b:S\",\n                {\n                  \"mc\": \"<=149\"\n                }\n              ]\n            }\n          ]\n        }\n      ]\n    }\n  },\n  {\n    \"title\": \"satisfyRule sample 1\",\n    \"value\": {\n      \"or\": [\n        {\n          \"mc\": \"<=188\"\n        }\n      ]\n    }\n  },\n  {\n    \"title\": \"satisfyRule sample 2\",\n    \"value\": \"y*t\"\n  },\n  {\n    \"title\": \"satisfyRule sample 3\",\n    \"value\": {\n      \"and\": [\n        {\n          \"or\": [\n            \"\",\n            \"\"\n          ]\n        }\n      ]\n    }\n  },\n  {\n    \"title\": \"satisfyRule sample 4\",\n    \"value\": {\n      \"or\": [\n        \"Oi.59\",\n        {\n          \"or\": [\n            {\n              \"or\": [\n                \"AbcR\",\n                \"NA[H6(T-\\\"\"\n              ]\n            },\n            \"ZxE x\",\n            \"z\",\n            {\n              \"mc\": \"<=197\"\n            },\n            {\n              \"or\": []\n            }\n          ]\n        },\n        \"\\\\\",\n        {\n          \"mc\": \"<=8\"\n        }\n      ]\n    }\n  },\n  {\n    \"title\": \"satisfyRule sample 5\",\n    \"value\": {\n      \"mc\": \">=6\"\n    }\n  },\n  {\n    \"title\": \"satisfyRule sample 6\",\n    \"value\": {\n      \"and\": [\n        {\n          \"and\": []\n        },\n        \"{\",\n        {\n          \"mc\": \"<=195\"\n        },\n        {\n          \"or\": [\n            {\n              \"mc\": \"<=200\"\n            },\n            \"IQ6/Xl\"\n          ]\n        },\n        {\n          \"mc\": \"<=1\"\n        }\n      ]\n    }\n  },\n  {\n    \"title\": \"satisfyRule sample 7\",\n    \"value\": {\n      \"and\": [\n        {\n          \"and\": [\n            \"H{i3\",\n            \"j/SR0<.5ew\",\n            {\n              \"and\": [\n                \"wkG1srm\",\n                \";,Jz+VY.9\"\n              ]\n            },\n            {\n              \"mc\": \"<=56\"\n            },\n            {\n              \"mc\": \">=200\"\n            }\n          ]\n        },\n        {\n          \"mc\": \">=154\"\n        },\n        {\n          \"or\": [\n            \"\",\n            \"D\",\n            \"4NV6\",\n            {\n              \"or\": [\n                \")'cQA&Fw#y\",\n                \"Y0#xwUVU\",\n                \"\",\n                {\n                  \"mc\": \"<=4\"\n                },\n                \"K=%v(!\"\n              ]\n            },\n            {\n              \"mc\": \">=187\"\n            }\n          ]\n        }\n      ]\n    }\n  },\n  {\n    \"title\": \"satisfyRule sample 8\",\n    \"value\": {\n      \"mc\": \"<=5\"\n    }\n  },\n  {\n    \"title\": \"satisfyRule sample 9\",\n    \"value\": {\n      \"or\": []\n    }\n  }\n]",
              "code": "fast_check_1.sample(index_test_2.satisfyRule, 10).forEach((sample, i) => addContext_1.default(this, {\n    title: `satisfyRule sample ${i}`,\n    value: sample,\n}));\nreturn fast_check_1.assert(fast_check_1.property(index_test_2.satisfyRule, ajvValidate));",
              "err": {},
              "uuid": "7ea8e022-f67d-4299-bcad-5554f395729c",
              "parentUUID": "f8b54023-eaee-4fcf-8051-242935fd7e24",
              "isHook": false,
              "skipped": false
            },
            {
              "title": "should not validate non-string/object",
              "fullTitle": "satisfyRuleSchema should not validate non-string/object",
              "timedOut": false,
              "duration": 2,
              "state": "passed",
              "speed": "fast",
              "pass": true,
              "fail": false,
              "pending": false,
              "context": null,
              "code": "const error = {\n    instancePath: \"\",\n    message: \"satisfy rule should be either a string or an object\",\n};\nisInvalidRule(null, error);\nisInvalidRule(undefined, error);\nisInvalidRule(10, error);\nisInvalidRule([12, 24], error);",
              "err": {},
              "uuid": "0eb9cb9d-8a59-4790-99d5-7d0a1db1b52d",
              "parentUUID": "f8b54023-eaee-4fcf-8051-242935fd7e24",
              "isHook": false,
              "skipped": false
            },
            {
              "title": "should not validate satisfy rules with extra properties",
              "fullTitle": "satisfyRuleSchema should not validate satisfy rules with extra properties",
              "timedOut": false,
              "duration": 0,
              "state": "passed",
              "speed": "fast",
              "pass": true,
              "fail": false,
              "pending": false,
              "context": null,
              "code": "isInvalidRule({\n        and: [\n            { or: [\"2k\"], abc: \"def\" },\n            { mc: 8, ghi: \"jkl\" },\n        ],\n        mno: \"pqr\",\n    }, {\n        instancePath: \"/and/0\",\n        message: \"or satisfy rule should have property 'or' only\",\n    }, {\n        instancePath: \"/and/1\",\n        message: \"MC satisfy rule should have property 'mc' only\",\n    }, {\n        instancePath: \"\",\n        message: \"and satisfy rule should have property 'and' only\",\n    })",
              "err": {},
              "uuid": "c36d3ecd-5471-404c-9754-8a4af31a6824",
              "parentUUID": "f8b54023-eaee-4fcf-8051-242935fd7e24",
              "isHook": false,
              "skipped": false
            },
            {
              "title": "should not validate ambiguous satisfy rules",
              "fullTitle": "satisfyRuleSchema should not validate ambiguous satisfy rules",
              "timedOut": false,
              "duration": 0,
              "state": "passed",
              "speed": "fast",
              "pass": true,
              "fail": false,
              "pending": false,
              "context": null,
              "code": "const message = \"satisfy rule should have only one of properties 'mc', 'and', 'or'\";\nisInvalidRule({\n    or: [\n        { mc: 5, and: [\"CS2040\"] },\n        { and: [{ and: [\"abc\"], or: [\"def\"] }] },\n    ],\n}, { instancePath: \"/or/0\", message }, { instancePath: \"/or/1/and/0\", message });",
              "err": {},
              "uuid": "d6c8790c-73a5-4030-9501-bde24428923f",
              "parentUUID": "f8b54023-eaee-4fcf-8051-242935fd7e24",
              "isHook": false,
              "skipped": false
            },
            {
              "title": "should not validate and satisfy rules with non-array property",
              "fullTitle": "satisfyRuleSchema should not validate and satisfy rules with non-array property",
              "timedOut": false,
              "duration": 1,
              "state": "passed",
              "speed": "fast",
              "pass": true,
              "fail": false,
              "pending": false,
              "context": null,
              "code": "const message = \"property 'and' should be an array of satisfy rules\";\nisInvalidRule({ or: [{ and: {} }, { or: [{ and: 3 }] }] }, { instancePath: \"/or/0/and\", message }, { instancePath: \"/or/1/or/0/and\", message });",
              "err": {},
              "uuid": "c8295f14-3c2f-4846-a085-afa62cdc20ec",
              "parentUUID": "f8b54023-eaee-4fcf-8051-242935fd7e24",
              "isHook": false,
              "skipped": false
            },
            {
              "title": "should not validate or satisfy rules with non-array property",
              "fullTitle": "satisfyRuleSchema should not validate or satisfy rules with non-array property",
              "timedOut": false,
              "duration": 0,
              "state": "passed",
              "speed": "fast",
              "pass": true,
              "fail": false,
              "pending": false,
              "context": null,
              "code": "const message = \"property 'or' should be an array of satisfy rules\";\nisInvalidRule({ and: [{ or: {} }, { and: [{ or: 3 }] }] }, { instancePath: \"/and/0/or\", message }, { instancePath: \"/and/1/and/0/or\", message });",
              "err": {},
              "uuid": "8cce904d-016e-4ade-8c18-f3b32ac03e95",
              "parentUUID": "f8b54023-eaee-4fcf-8051-242935fd7e24",
              "isHook": false,
              "skipped": false
            }
          ],
          "suites": [],
          "passes": [
            "7a0a3a8a-f572-4a9c-a710-13c501690d0a",
            "76b700b9-f41e-461e-886a-712d5da18732",
            "7ea8e022-f67d-4299-bcad-5554f395729c",
            "0eb9cb9d-8a59-4790-99d5-7d0a1db1b52d",
            "c36d3ecd-5471-404c-9754-8a4af31a6824",
            "d6c8790c-73a5-4030-9501-bde24428923f",
            "c8295f14-3c2f-4846-a085-afa62cdc20ec",
            "8cce904d-016e-4ade-8c18-f3b32ac03e95"
          ],
          "failures": [],
          "pending": [],
          "skipped": [],
          "duration": 9,
          "root": false,
          "rootEmpty": false,
          "_timeout": 2000
        }
      ],
      "passes": [],
      "failures": [],
      "pending": [],
      "skipped": [],
      "duration": 0,
      "root": true,
      "rootEmpty": true,
      "_timeout": 2000
    }
  ],
  "meta": {
    "mocha": {
      "version": "9.0.3"
    },
    "mochawesome": {
      "options": {
        "quiet": false,
        "reportFilename": "mochawesome",
        "saveHtml": true,
        "saveJson": true,
        "consoleReporter": "spec",
        "useInlineDiffs": false,
        "code": true
      },
      "version": "6.2.2"
    },
    "marge": {
      "options": {
        "reportDir": "docs"
      },
      "version": "5.2.0"
    }
  }
}