{
  "stats": {
    "suites": 10,
    "tests": 48,
    "passes": 48,
    "pending": 0,
    "failures": 0,
    "start": "2021-07-23T07:55:00.154Z",
    "end": "2021-07-23T07:55:00.538Z",
    "duration": 384,
    "testsRegistered": 48,
    "passPercent": 100,
    "pendingPercent": 0,
    "other": 0,
    "hasOther": false,
    "skipped": 0,
    "hasSkipped": false
  },
  "results": [
    {
      "uuid": "4c0e939a-7ae3-449d-9466-a36167d80d9a",
      "title": "",
      "fullFile": "",
      "file": "",
      "beforeHooks": [],
      "afterHooks": [],
      "tests": [],
      "suites": [
        {
          "uuid": "dc0bbbc2-1f1b-4e92-9ccd-84d026fbc0f2",
          "title": "initDirectories",
          "fullFile": "/home/runner/work/planwithus-lib/planwithus-lib/src/block/schemas.test.ts",
          "file": "/src/block/schemas.test.ts",
          "beforeHooks": [],
          "afterHooks": [],
          "tests": [
            {
              "title": "should parse all blocks with no errors",
              "fullTitle": "initDirectories should parse all blocks with no errors",
              "timedOut": false,
              "duration": 3,
              "state": "passed",
              "speed": "fast",
              "pass": true,
              "fail": false,
              "pending": false,
              "context": null,
              "code": "_1.initDirectories.should.not.throw()",
              "err": {},
              "uuid": "019c2529-87f5-4ab4-817a-e4023d246afd",
              "parentUUID": "dc0bbbc2-1f1b-4e92-9ccd-84d026fbc0f2",
              "isHook": false,
              "skipped": false
            },
            {
              "title": "should produce primary, second & minor directories",
              "fullTitle": "initDirectories should produce primary, second & minor directories",
              "timedOut": false,
              "duration": 2,
              "state": "passed",
              "speed": "fast",
              "pass": true,
              "fail": false,
              "pending": false,
              "context": null,
              "code": "const directories = _1.initDirectories();\ndirectories.should.have.property(\"primary\");\ndirectories.should.have.property(\"second\");\ndirectories.should.have.property(\"minor\");",
              "err": {},
              "uuid": "939a4d22-de1e-4cec-8a11-f3a8bc75a8b5",
              "parentUUID": "dc0bbbc2-1f1b-4e92-9ccd-84d026fbc0f2",
              "isHook": false,
              "skipped": false
            }
          ],
          "suites": [],
          "passes": [
            "019c2529-87f5-4ab4-817a-e4023d246afd",
            "939a4d22-de1e-4cec-8a11-f3a8bc75a8b5"
          ],
          "failures": [],
          "pending": [],
          "skipped": [],
          "duration": 5,
          "root": false,
          "rootEmpty": false,
          "_timeout": 2000
        },
        {
          "uuid": "f249b145-e869-4021-b025-452ab82f4e8f",
          "title": "blockSchema",
          "fullFile": "/home/runner/work/planwithus-lib/planwithus-lib/src/block/schemas.test.ts",
          "file": "/src/block/schemas.test.ts",
          "beforeHooks": [],
          "afterHooks": [],
          "tests": [
            {
              "title": "should validate valid block",
              "fullTitle": "blockSchema should validate valid block",
              "timedOut": false,
              "duration": 168,
              "state": "passed",
              "speed": "slow",
              "pass": true,
              "fail": false,
              "pending": false,
              "context": "[\n  {\n    \"title\": \"block sample 0\",\n    \"value\": {\n      \"name\": \"k}U}\",\n      \"ay\": 1981,\n      \"assign\": [\n        \"'B\"\n      ],\n      \"match\": \"LKx1\",\n      \"satisfy\": \"|z$s\",\n      \"url\": \"https://cead87yifzej--9fya5pg5dltod.fnrz-v5rda9kht84ik9weobt0-q.q63n-4ha134h7raj8usddsfqltoptifkw9fy2-c2n-jfxt8686.ydgukjd/NR+Fvzg66/%F3%A0%AD%B7fUfi%F4%8F%BF%BC/%26,\",\n      \"isSelectable\": true\n    }\n  },\n  {\n    \"title\": \"block sample 1\",\n    \"value\": {\n      \"name\": \"$%%Gp\",\n      \"ay\": 1955,\n      \"assign\": [\n        \"\",\n        \"&$\\\"Wx%&#\",\n        \">fG%wJ$q,1\",\n        \" C\"\n      ],\n      \"match\": [\n        {\n          \"or\": [\n            {\n              \"or\": [\n                \"AF918\",\n                \"NCG1574O\",\n                {\n                  \"and\": [\n                    {\n                      \"pattern\": \"LRx*4T\",\n                      \"exclude\": \"VMC1x2xD\",\n                      \"info\": \"Yo7 &4/{o\"\n                    },\n                    \"DG70x2X\",\n                    \"ESV78\",\n                    {\n                      \"pattern\": \"KP4\",\n                      \"exclude\": [\n                        \"SEU53E\"\n                      ],\n                      \"info\": \"~l^G(|s5\"\n                    }\n                  ]\n                },\n                \"HA44\"\n              ]\n            },\n            {\n              \"or\": []\n            },\n            \"FLx349\",\n            {\n              \"pattern\": \"PH37\",\n              \"exclude\": [\n                \"NF205T\",\n                \"MZL7\",\n                \"HL344\",\n                \"RA41\"\n              ]\n            }\n          ]\n        }\n      ],\n      \"satisfy\": [\n        {\n          \"or\": [\n            {\n              \"and\": [\n                \"&Z},&%,;\",\n                \"%jp&.\",\n                {\n                  \"and\": [\n                    \"Lk!rA\\\"mF^T\"\n                  ]\n                }\n              ]\n            },\n            {\n              \"or\": [\n                \"\",\n                \"ZUo6g|\",\n                \"x#yZ$rrFT<\",\n                {\n                  \"or\": []\n                },\n                {\n                  \"mc\": \">=96\"\n                }\n              ]\n            }\n          ]\n        },\n        \"qz{ayo4@\"\n      ],\n      \"url\": \"https://5njwz4lpmsf4ys0wkily91iqo.ypxdeb.y.nfj2wor6osf830kb1y66wtm12w6oc1d9css5k.cs-iur8-mto56-kfcttzg3jxb32vv-t1hg6uiz3i.tmndzb/x/e/T&CEapp\",\n      \"info\": \"\",\n      \"isSelectable\": true,\n      \"~a56\": {\n        \"name\": \"M,zdY7D%\",\n        \"ay\": 2026,\n        \"match\": [\n          {\n            \"or\": [\n              \"VF0U\",\n              {\n                \"or\": [\n                  {\n                    \"pattern\": \"GH1\",\n                    \"exclude\": \"ST6W\",\n                    \"info\": \"X \"\n                  },\n                  {\n                    \"pattern\": \"LN4Q\",\n                    \"exclude\": \"MJ80T\",\n                    \"info\": \"*{k7sHL\"\n                  },\n                  {\n                    \"or\": [\n                      \"OZ8622X\",\n                      {\n                        \"pattern\": \"WLIx*K\",\n                        \"exclude\": \"TGx\"\n                      }\n                    ]\n                  },\n                  \"JFF14x\"\n                ]\n              },\n              \"YPMx9H\"\n            ]\n          }\n        ],\n        \"satisfy\": {\n          \"mc\": \">=105\"\n        },\n        \"info\": \"u5s%x\",\n        \"isSelectable\": true\n      }\n    }\n  },\n  {\n    \"title\": \"block sample 2\",\n    \"value\": {\n      \"name\": \" |(G|}$fZ/\",\n      \"ay\": 1950,\n      \"assign\": \"\",\n      \"match\": [\n        {\n          \"or\": [\n            {\n              \"and\": [\n                {\n                  \"pattern\": \"JQ55\",\n                  \"info\": \"!AaSJm\"\n                },\n                \"IEA30\",\n                \"QT7xA\",\n                \"FE663\"\n              ]\n            },\n            {\n              \"pattern\": \"UFQ0014\",\n              \"exclude\": [\n                \"TOQ0393D\",\n                \"JJ696\",\n                \"KB32\"\n              ],\n              \"info\": \"T\"\n            },\n            {\n              \"or\": [\n                \"ZA**6W\",\n                \"UNN10*\",\n                {\n                  \"pattern\": \"GLZ9\",\n                  \"exclude\": \"PVR5V\",\n                  \"info\": \",5R_Q`y\"\n                }\n              ]\n            },\n            {\n              \"and\": [\n                \"NSV85*\",\n                \"WOS*03\",\n                \"HD15Z\",\n                \"EJ7x5Y\",\n                {\n                  \"pattern\": \"MLCx9x1L\",\n                  \"exclude\": [\n                    \"CXD1\",\n                    \"RF6*A\",\n                    \"GL18x7R\",\n                    \"RO599E\",\n                    \"BACxA\"\n                  ],\n                  \"info\": \"R%z8e//Dw,\"\n                }\n              ]\n            }\n          ]\n        },\n        {\n          \"pattern\": \"LOO**\",\n          \"exclude\": [\n            \"AD0536Q\",\n            \"MN29*E\",\n            \"EB0L\",\n            \"BB78\",\n            \"PZ8408E\"\n          ],\n          \"info\": \")GaW7/`l>P\"\n        },\n        {\n          \"or\": [\n            {\n              \"and\": [\n                \"AYJxN\",\n                \"CL7\",\n                {\n                  \"pattern\": \"SD9Z\",\n                  \"exclude\": \"TWE9417P\",\n                  \"info\": \"R\"\n                }\n              ]\n            },\n            {\n              \"or\": [\n                \"UX965P\",\n                \"CPO93\"\n              ]\n            },\n            \"SIOx224E\",\n            {\n              \"and\": [\n                {\n                  \"or\": [\n                    {\n                      \"pattern\": \"ZEE8528C\",\n                      \"exclude\": \"TJ01Y\"\n                    },\n                    \"NKx955\"\n                  ]\n                }\n              ]\n            },\n            {\n              \"and\": []\n            }\n          ]\n        },\n        {\n          \"and\": [\n            {\n              \"or\": [\n                {\n                  \"pattern\": \"KDx6N\",\n                  \"exclude\": [\n                    \"IXDx87\",\n                    \"OV8841\",\n                    \"IVx7O\",\n                    \"KX6\",\n                    \"VI72L\"\n                  ],\n                  \"info\": \"PEO)=yEQp-\"\n                },\n                \"IO2*x8G\"\n              ]\n            },\n            {\n              \"or\": [\n                {\n                  \"pattern\": \"TWW0828I\",\n                  \"exclude\": \"DO5168\",\n                  \"info\": \"y|f%TurX\"\n                },\n                \"JHKx\",\n                \"JPW3420\"\n              ]\n            }\n          ]\n        },\n        {\n          \"pattern\": \"MX1Z\",\n          \"exclude\": [\n            \"ZR33C\",\n            \"UH9417\",\n            \"HXN9H\"\n          ],\n          \"info\": \"KQM44t\"\n        }\n      ],\n      \"satisfy\": {\n        \"and\": [\n          {\n            \"mc\": \"<=6\"\n          },\n          {\n            \"and\": [\n              \"$ \",\n              {\n                \"or\": []\n              },\n              {\n                \"or\": [\n                  \"B\",\n                  \"NG wF:X.\",\n                  \" ycNP/qj]u\"\n                ]\n              }\n            ]\n          },\n          \"{wkx%*\",\n          {\n            \"and\": [\n              \"H +&gCJj\",\n              {\n                \"and\": []\n              },\n              {\n                \"and\": [\n                  {\n                    \"mc\": \"<=139\"\n                  },\n                  {\n                    \"and\": [\n                      \"H'kmN\"\n                    ]\n                  }\n                ]\n              },\n              \"h!2, TG\"\n            ]\n          }\n        ]\n      },\n      \"url\": \"http://hrioc21j8wuy03fxqqqihp2e2c1wbey892en1l76k08g.5n8m-mquun046gd5z5vx8wz77b7vrwukt9vec7zs10.v3juu1pw74talkw35nyme.xrvwzu/%22@d/'3G-5..B/;//y/3ddCe/K/PRY/N%F1%B7%85%A2,ag&py5\",\n      \"info\": \"$\\\"Ft%\",\n      \"isSelectable\": true\n    }\n  },\n  {\n    \"title\": \"block sample 3\",\n    \"value\": {\n      \"ay\": 2028,\n      \"assign\": \"y4kv/3O\",\n      \"match\": [],\n      \"satisfy\": \"|)\",\n      \"url\": \"https://g4tsf47pq08zgk27ba3v21ubt56xrexqaqait.dvlms8g69udvqma8rpu9ea3ova04r7f9kwc.zyyexebaah/_/sN(x/f9X5%F2%BD%A1%83UT,/$%F3%95%B2%A9CPNJRi/=2x1RaAI/%F0%BA%BC%91Na/nO40%F1%B9%B1%94G/bbi&A-d%F2%BE%BF%83;!/2s%F0%98%B7%A7&9+O/D16X-&zw\",\n      \"info\": \"\",\n      \"isSelectable\": true,\n      \"x\\\"%c\": {\n        \"name\": \"w3>&e87JQt\",\n        \"ay\": 2030,\n        \"assign\": \"r\",\n        \"match\": {\n          \"pattern\": \"WJC3\",\n          \"exclude\": [],\n          \"info\": \"xr\"\n        },\n        \"url\": \"https://i.66.4i-6he-f1n6one2sx.sg/YX/Qt=j/z%F1%8A%98%90/5/@QSc\",\n        \"info\": \"&&i\",\n        \"isSelectable\": true\n      },\n      \"YO\": {\n        \"name\": \"bN\",\n        \"ay\": 2002,\n        \"assign\": [],\n        \"match\": [],\n        \"satisfy\": {\n          \"and\": [\n            {\n              \"and\": []\n            },\n            {\n              \"or\": [\n                \";\",\n                {\n                  \"or\": [\n                    \"T\",\n                    \"9O'hI]BXO\"\n                  ]\n                },\n                {\n                  \"mc\": \"<=40\"\n                },\n                \"p2\",\n                \"~\"\n              ]\n            },\n            {\n              \"mc\": \"<=152\"\n            },\n            {\n              \"and\": []\n            }\n          ]\n        },\n        \"url\": \"http://67kb-9ccaoabazsd69-0a24h7.ajda66i5w65gevuz5b.r6.cb/;/&txL/:!wsb%F0%B9%81%91!~e\",\n        \"isSelectable\": true\n      }\n    }\n  },\n  {\n    \"title\": \"block sample 4\",\n    \"value\": {\n      \"name\": \"\",\n      \"ay\": 1978,\n      \"satisfy\": [\n        {\n          \"or\": []\n        },\n        {\n          \"mc\": \"<=112\"\n        }\n      ],\n      \"url\": \"https://q9km9d.fqjr3h-xs-6tn2bolhxlvv.eepb5ft5ewzb7cd9-gfffeoe8197ce7y3jjd4n8zyhdf8ht7ca7c.maxoruj/g,Rc.bp/cd/=EF\",\n      \"info\": \"Z9<u=w3n4\",\n      \"isSelectable\": true\n    }\n  },\n  {\n    \"title\": \"block sample 5\",\n    \"value\": {\n      \"name\": \"_O\",\n      \"assign\": [\n        \"9%:g&^rB\",\n        \"\\\"}!!$&n\",\n        \"kG\",\n        \"~#\"\n      ],\n      \"match\": [],\n      \"satisfy\": \"eB\",\n      \"url\": \"http://o9oef-7ap8.3tskjjebpwbwn0j94-too7h4l5b7z20i-6ixhxv97jm3iax.f.zbwfrdraib/~\",\n      \"isSelectable\": true,\n      \"IfGl&$z\": {\n        \"ay\": 1962,\n        \"assign\": \"\",\n        \"match\": {\n          \"pattern\": \"AD87C\",\n          \"info\": \"~W2EROx\"\n        },\n        \"satisfy\": [],\n        \"info\": \".\",\n        \"isSelectable\": true\n      }\n    }\n  },\n  {\n    \"title\": \"block sample 6\",\n    \"value\": {\n      \"name\": \"k\",\n      \"ay\": 2026,\n      \"assign\": \"z\",\n      \"match\": [],\n      \"info\": \" EyzT\",\n      \"isSelectable\": true\n    }\n  },\n  {\n    \"title\": \"block sample 7\",\n    \"value\": {\n      \"name\": \"dKZ(Ppp/da\",\n      \"ay\": 1954,\n      \"assign\": [\n        \";\",\n        \"ny \"\n      ],\n      \"match\": {\n        \"and\": [\n          {\n            \"or\": [\n              {\n                \"or\": [\n                  \"YS5x0X\"\n                ]\n              },\n              {\n                \"or\": [\n                  \"TM*481E\",\n                  {\n                    \"or\": []\n                  },\n                  \"FT1\"\n                ]\n              },\n              \"WY72M\",\n              \"BSXx657K\"\n            ]\n          }\n        ]\n      },\n      \"url\": \"http://c.fdlg5.wqikuu2lmuj38c4h4ocbru1oh.ybnbe/%F3%B1%B2%B3\",\n      \"info\": \"-eR\",\n      \"isSelectable\": true\n    }\n  },\n  {\n    \"title\": \"block sample 8\",\n    \"value\": {\n      \"name\": \"P%Hr&&~uD#\",\n      \"ay\": 1954,\n      \"satisfy\": \"8w\",\n      \"url\": \"https://d9hz0-aupdayk3e9m2ic-d87f100rhqu25i5cd6q13wv1.x3mu99dwbkewxefw8de6.d87.57bx-b9pk7ava-dueysg5fb-ca8-xc6sq01dle2w-k5k.bg/N/:-%F4%8F%BF%B9fcm%F2%B7%9B%8B/%F0%95%B6%92gS%F0%BF%B6%A9&4I/p/8f,/%F4%8F%BF%B1+/mRQ+NejMc/G'4&QpDs$$/@A%F3%97%BE%A2!U/z.SJv5\",\n      \"info\": \"$qYgc{*o\\\\{\",\n      \"isSelectable\": true\n    }\n  },\n  {\n    \"title\": \"block sample 9\",\n    \"value\": {\n      \"name\": \"<x%5\",\n      \"ay\": 2001,\n      \"satisfy\": [],\n      \"url\": \"http://p5u3obanoplr5m-tkjnq-l8751-hpzqbvu9i-ofd2erg-24.h0eq85rld1c081m17znzwn7qysa98utf7edqjcajpw0ec627qj9grdj.gbpxueaema/,6xjc%F1%98%B0%ABS/)!:(@%F2%9A%82%A4oySE/H~AdXBds/6G/u.%F0%99%8D%8FAN\",\n      \"info\": \"m|o=\",\n      \"isSelectable\": true,\n      \"u\": {\n        \"name\": \"cn&o]\",\n        \"ay\": 2012,\n        \"assign\": \"j\",\n        \"match\": \"JC290\",\n        \"satisfy\": [\n          {\n            \"or\": [\n              \"WT~Fit\",\n              {\n                \"mc\": \"<=163\"\n              },\n              {\n                \"mc\": \"<=190\"\n              },\n              {\n                \"and\": [\n                  \"V>D\\\\u\"\n                ]\n              }\n            ]\n          },\n          {\n            \"or\": []\n          },\n          {\n            \"and\": [\n              \">{Y2A4>F\",\n              {\n                \"mc\": \"<=172\"\n              }\n            ]\n          },\n          {\n            \"mc\": \"<=89\"\n          },\n          {\n            \"and\": [\n              {\n                \"mc\": \"<=71\"\n              },\n              {\n                \"mc\": \">=142\"\n              },\n              {\n                \"or\": [\n                  \"sr$4`\",\n                  \"^V\",\n                  {\n                    \"or\": [\n                      \"y8Os88^CM\",\n                      \"_TR6)\\\\TUj\",\n                      \"nT!ID\",\n                      {\n                        \"mc\": \"<=156\"\n                      }\n                    ]\n                  },\n                  {\n                    \"and\": [\n                      \"%{gf`K\",\n                      \"A[Zs~\",\n                      \"\"\n                    ]\n                  }\n                ]\n              },\n              \"VwS\"\n            ]\n          }\n        ],\n        \"url\": \"https://9199ewp93vye0j626j0kir8qo4j.dewk6797jqcpnoita.5g3at6fd7-7wavnfe-64zrhxbaf7i0nic15mebkdey7wvto7y46z9oq46k.asykxu/b%F0%B8%A3%94)*77At//H9Cno:./K%F2%9F%87%A6/UKW2K/y46%F0%B8%A2%99/-O-q/eCDHj52id//3Pi+jvo4k\",\n        \"isSelectable\": true\n      },\n      \"B4\": {\n        \"name\": \" b^`Je@y`\",\n        \"ay\": 1993,\n        \"assign\": \"ks\",\n        \"match\": {\n          \"pattern\": \"MZIx0\",\n          \"exclude\": \"ZV36G\",\n          \"info\": \"\"\n        },\n        \"satisfy\": \"Z9@0;\",\n        \"url\": \"http://gtyxrd5uskap1ibyuctsf34h6td.z5fjs1p3a896km18b-h19ahh87f08d2z0xvr2imbv2qgwgqst2-vfv.d8pwqvvkcpi1bd1lh6llk1f2ntbec-k55mmn7g03ry61sq07xcotvjzt3m.324i9s26fx6j0v-oyv6r5p-ud41rrixfd.j3g16bqm39lfnax1twu1bv23th1k8p-7izj3pxv5cb-haaammm6d9mq.dvltof//&yfstQ/aI8TX(lFS/.F=~F%F4%8D%B4%89/ps/S//RcR1Gu/Ct)Mr7!H=J\",\n        \"info\": \")L\",\n        \"isSelectable\": true\n      },\n      \"A]f\": {\n        \"name\": \"cc{z9R'c3t\",\n        \"ay\": 2012,\n        \"assign\": \"|#>=\\\"a~n&_\",\n        \"match\": {\n          \"and\": [\n            {\n              \"and\": [\n                {\n                  \"or\": []\n                }\n              ]\n            },\n            {\n              \"or\": []\n            },\n            {\n              \"and\": [\n                {\n                  \"or\": [\n                    \"WLE9*xN\",\n                    {\n                      \"pattern\": \"TX71x\",\n                      \"exclude\": \"ASA50\",\n                      \"info\": \"yplh>,\"\n                    }\n                  ]\n                },\n                \"ED41D\",\n                \"CBY2T\"\n              ]\n            }\n          ]\n        },\n        \"satisfy\": {\n          \"and\": [\n            \"Xb-jj8A#R\",\n            {\n              \"mc\": \">=18\"\n            },\n            {\n              \"or\": [\n                \"kV?\\\\L)I\"\n              ]\n            }\n          ]\n        },\n        \"url\": \"http://dkqwo4o0jpmidd-cg7i2mviak-xbbfxj0bqz4rtdv.hhzyl0uuylw-ega2.ycp96urv7.hehvqamks/yCKkHr;K/,8Pwz5G\",\n        \"info\": \"2u>eUz,EM\",\n        \"isSelectable\": true,\n        \">!9zzqR17\": {\n          \"ay\": 1956,\n          \"satisfy\": {\n            \"or\": []\n          },\n          \"url\": \"https://m7xducwz94sh0.o.q.1c4hfcpe31x3w.kk5ggn57anbyknhc8na9iygzcsfs8iasq7h76whm96a8e03cmyce3f2ui74.fvegft/5p//'CF3@%F4%86%AA%84:/l2@p%F2%82%8F%97OVR=Z/3$;7PB\",\n          \"info\": \"{I{=!O\",\n          \"isSelectable\": true\n        },\n        \"p'J9B*\": {\n          \"name\": \" RHRv\",\n          \"ay\": 2015,\n          \"match\": [\n            {\n              \"pattern\": \"KM15\",\n              \"exclude\": [\n                \"ZPW4851\",\n                \"QJMx60A\",\n                \"TJI16*\",\n                \"JTD06x1\",\n                \"DN267\"\n              ],\n              \"info\": \"[R)P7R{qF\"\n            },\n            {\n              \"and\": [\n                {\n                  \"and\": [\n                    \"JYJ4*\",\n                    \"AO81\",\n                    {\n                      \"or\": [\n                        {\n                          \"pattern\": \"KQ6x9M\",\n                          \"exclude\": \"ZR55\",\n                          \"info\": \"%SR^ee2F^.\"\n                        }\n                      ]\n                    },\n                    {\n                      \"and\": [\n                        \"XW5\"\n                      ]\n                    },\n                    {\n                      \"or\": [\n                        {\n                          \"or\": [\n                            \"JN1038W\",\n                            \"SCN8S\",\n                            {\n                              \"or\": [\n                                \"DM63\"\n                              ]\n                            }\n                          ]\n                        },\n                        \"BSC39C\",\n                        \"YI34U\",\n                        {\n                          \"pattern\": \"UK3865W\",\n                          \"exclude\": [\n                            \"LYM7x19F\",\n                            \"JYK748R\",\n                            \"AJNx97K\",\n                            \"PD**B\"\n                          ],\n                          \"info\": \"#Wx=agqf2s\"\n                        }\n                      ]\n                    }\n                  ]\n                }\n              ]\n            },\n            {\n              \"and\": [\n                {\n                  \"and\": [\n                    {\n                      \"pattern\": \"ZHR7B\",\n                      \"exclude\": \"PCR7T\",\n                      \"info\": \"S=yy4RR\"\n                    },\n                    {\n                      \"and\": []\n                    }\n                  ]\n                },\n                {\n                  \"or\": []\n                },\n                {\n                  \"or\": [\n                    \"ZEI0x1*Z\"\n                  ]\n                },\n                {\n                  \"pattern\": \"BFx4\",\n                  \"exclude\": \"ROE5*2\",\n                  \"info\": \"*'N+Y/;&o\"\n                },\n                \"YBR0746R\"\n              ]\n            }\n          ],\n          \"url\": \"http://0p-7c1ofvjce8o5jqof3g7hzl85z4lbwel-s.xzabkv/XH496d/xOzA/XYT//l%EB%80%9AoiW&@//N,\",\n          \"info\": \"k{\",\n          \"isSelectable\": true\n        },\n        \"~yR{K\": {\n          \"name\": \"/&#J/K'\",\n          \"assign\": [\n            \"G?\"\n          ],\n          \"url\": \"http://1pl6exb08qqlwdnawm40ayfpbql1ghfaumxu-3ujbtptg8mfjhx06af3k-sqv.bn//(a,6Px/'Ac;%F0%AB%82%97/Z1v'OlT\",\n          \"info\": \"v(\",\n          \"isSelectable\": true\n        },\n        \"\": {\n          \"name\": \"eP@;w-`Ww\",\n          \"ay\": 2013,\n          \"assign\": \"*PLU\",\n          \"match\": [\n            \"TL480\",\n            {\n              \"or\": [\n                \"ZQA48\"\n              ]\n            }\n          ],\n          \"satisfy\": \"{-i]%?^\",\n          \"url\": \"http://0-8qtp-quw.egv8-lhxl-ms29fsoftkzi.y.hgtuclwaxa/y3NI%F2%A5%AF%AF/CEsX~rvOk/0(;7J/vo~/bbm%F2%B6%8E%AD/t9gxQXyM/uxTi4j\",\n          \"info\": \"q/K/nW'YO\",\n          \"kiO4\": {\n            \"ay\": 2028,\n            \"assign\": [\n              \"l:AuA~\",\n              \"e\",\n              \"igO9h7\",\n              \" OA9'b59/\",\n              \"~Zbt6g\"\n            ],\n            \"match\": {\n              \"and\": [\n                {\n                  \"pattern\": \"OP5849B\",\n                  \"exclude\": [],\n                  \"info\": \"\\\"\"\n                },\n                \"AID885\",\n                {\n                  \"or\": [\n                    \"PDKx1\",\n                    \"WK54x\",\n                    {\n                      \"pattern\": \"MTF35\",\n                      \"info\": \"P\\\"cI[{bA\"\n                    }\n                  ]\n                }\n              ]\n            },\n            \"satisfy\": {\n              \"and\": []\n            },\n            \"url\": \"http://u.x.cvfroqy/QJ)bO%E3%B8%8BSC/7LfM!B\",\n            \"isSelectable\": true\n          }\n        }\n      }\n    }\n  }\n]",
              "code": "fast_check_1.sample(index_test_2.block, 10).forEach((sample, i) => addContext_1.default(this, {\n    title: `block sample ${i}`,\n    value: sample,\n}));\nreturn fast_check_1.assert(fast_check_1.property(index_test_2.block, ajvValidate));",
              "err": {},
              "uuid": "2188c69b-ab14-4993-8a6c-6e5b3505db65",
              "parentUUID": "f249b145-e869-4021-b025-452ab82f4e8f",
              "isHook": false,
              "skipped": false
            },
            {
              "title": "should not validate non-object",
              "fullTitle": "blockSchema should not validate non-object",
              "timedOut": false,
              "duration": 1,
              "state": "passed",
              "speed": "fast",
              "pass": true,
              "fail": false,
              "pending": false,
              "context": null,
              "code": "const error = {\n    instancePath: \"\",\n    message: \"block should be an object\",\n};\nisInvalidBlock(null, error);\nisInvalidBlock(undefined, error);\nisInvalidBlock(10, error);\nisInvalidBlock([12, 24], error);\nisInvalidBlock(\"abc\", error);",
              "err": {},
              "uuid": "f3cca0b8-824e-4010-a1fb-2155617377cf",
              "parentUUID": "f249b145-e869-4021-b025-452ab82f4e8f",
              "isHook": false,
              "skipped": false
            },
            {
              "title": "should not validate block with invalid properties",
              "fullTitle": "blockSchema should not validate block with invalid properties",
              "timedOut": false,
              "duration": 1,
              "state": "passed",
              "speed": "fast",
              "pass": true,
              "fail": false,
              "pending": false,
              "context": null,
              "code": "isInvalidBlock({\n        name: { foo: \"bar\" },\n        ay: -1000,\n        assign: {},\n        match: 1,\n        satisfy: 2,\n        url: { abc: \"def\" },\n        info: 42,\n        isSelectable: 32,\n    }, { instancePath: \"/name\", message: \"property 'name' should be a string\" }, {\n        instancePath: \"/ay\",\n        message: \"property 'ay' should be a positive integer\",\n    }, {\n        instancePath: \"/assign\",\n        message: \"property 'assign' should be either a block ID or an array of block IDs\",\n    }, {\n        instancePath: \"/match\",\n        message: \"property 'match' should be either a match rule or an array of match rules\",\n    }, {\n        instancePath: \"/satisfy\",\n        message: \"property 'satisfy' should be either a satisfy rule or an array of satisfy rules\",\n    }, { instancePath: \"/url\", message: \"property 'url' should be a string\" }, { instancePath: \"/info\", message: \"property 'info' should be a string\" }, {\n        instancePath: \"/isSelectable\",\n        message: \"property 'isSelectable' should be a boolean\",\n    })",
              "err": {},
              "uuid": "8e52edb2-21f9-450d-8583-1b1142a72096",
              "parentUUID": "f249b145-e869-4021-b025-452ab82f4e8f",
              "isHook": false,
              "skipped": false
            }
          ],
          "suites": [],
          "passes": [
            "2188c69b-ab14-4993-8a6c-6e5b3505db65",
            "f3cca0b8-824e-4010-a1fb-2155617377cf",
            "8e52edb2-21f9-450d-8583-1b1142a72096"
          ],
          "failures": [],
          "pending": [],
          "skipped": [],
          "duration": 170,
          "root": false,
          "rootEmpty": false,
          "_timeout": 2000
        },
        {
          "uuid": "4e537199-c4fc-4367-aeac-5f7f9c5eb354",
          "title": "patternToRE",
          "fullFile": "/home/runner/work/planwithus-lib/planwithus-lib/src/matchRule/pattern/satisfiers.test.ts",
          "file": "/src/matchRule/pattern/satisfiers.test.ts",
          "beforeHooks": [],
          "afterHooks": [],
          "tests": [
            {
              "title": "should match valid modules with a single pattern",
              "fullTitle": "patternToRE should match valid modules with a single pattern",
              "timedOut": false,
              "duration": 48,
              "state": "passed",
              "speed": "medium",
              "pass": true,
              "fail": false,
              "pending": false,
              "context": "[\n  {\n    \"title\": \"patternExampleList sample 0\",\n    \"value\": [\n      \"KG12*\",\n      [\n        \"KG12C8YJ6I3\",\n        \"KG12F0ZGN\"\n      ]\n    ]\n  },\n  {\n    \"title\": \"patternExampleList sample 1\",\n    \"value\": [\n      \"XIE2*46U\",\n      [\n        \"XIE2V46U\",\n        \"XIE2LOHP7ZK646U\",\n        \"XIE2E3ADIHC346U\",\n        \"XIE2246U\",\n        \"XIE2346U\",\n        \"XIE20KB56D46U\",\n        \"XIE246U\",\n        \"XIE2Q5P2746U\",\n        \"XIE2046U\"\n      ]\n    ]\n  },\n  {\n    \"title\": \"patternExampleList sample 2\",\n    \"value\": [\n      \"FV95T\",\n      [\n        \"FV95T\"\n      ]\n    ]\n  },\n  {\n    \"title\": \"patternExampleList sample 3\",\n    \"value\": [\n      \"AG3\",\n      [\n        \"AG3\"\n      ]\n    ]\n  },\n  {\n    \"title\": \"patternExampleList sample 4\",\n    \"value\": [\n      \"MSx4\",\n      [\n        \"MS84\",\n        \"MS94\",\n        \"MS54\",\n        \"MS24\",\n        \"MS34\",\n        \"MS74\",\n        \"MS64\"\n      ]\n    ]\n  },\n  {\n    \"title\": \"patternExampleList sample 5\",\n    \"value\": [\n      \"TJY2\",\n      [\n        \"TJY2\"\n      ]\n    ]\n  },\n  {\n    \"title\": \"patternExampleList sample 6\",\n    \"value\": [\n      \"EIVx9P\",\n      [\n        \"EIV09P\",\n        \"EIV39P\",\n        \"EIV19P\",\n        \"EIV79P\",\n        \"EIV69P\",\n        \"EIV29P\",\n        \"EIV89P\",\n        \"EIV49P\"\n      ]\n    ]\n  },\n  {\n    \"title\": \"patternExampleList sample 7\",\n    \"value\": [\n      \"KDL1x2\",\n      [\n        \"KDL172\",\n        \"KDL142\",\n        \"KDL162\",\n        \"KDL112\",\n        \"KDL182\",\n        \"KDL102\",\n        \"KDL152\",\n        \"KDL122\",\n        \"KDL132\"\n      ]\n    ]\n  },\n  {\n    \"title\": \"patternExampleList sample 8\",\n    \"value\": [\n      \"VKO9232B\",\n      [\n        \"VKO9232B\"\n      ]\n    ]\n  },\n  {\n    \"title\": \"patternExampleList sample 9\",\n    \"value\": [\n      \"IF6x8\",\n      [\n        \"IF658\",\n        \"IF668\",\n        \"IF678\",\n        \"IF698\",\n        \"IF628\",\n        \"IF618\",\n        \"IF648\",\n        \"IF638\",\n        \"IF608\"\n      ]\n    ]\n  }\n]",
              "code": "fast_check_1.sample(index_test_1.patternExampleList, 10).forEach((sample, i) => addContext_1.default(this, {\n    title: `patternExampleList sample ${i}`,\n    value: sample,\n}));\nreturn fast_check_1.assert(fast_check_1.property(index_test_1.patternExampleList, ([patternStr, examples]) => {\n    const re = _1.patternToRE(patternStr);\n    return examples.every(re.test.bind(re));\n}));",
              "err": {},
              "uuid": "a7c31107-5d4a-4545-a496-036279c91b41",
              "parentUUID": "4e537199-c4fc-4367-aeac-5f7f9c5eb354",
              "isHook": false,
              "skipped": false
            },
            {
              "title": "should match valid modules with multiple patterns",
              "fullTitle": "patternToRE should match valid modules with multiple patterns",
              "timedOut": false,
              "duration": 87,
              "state": "passed",
              "speed": "slow",
              "pass": true,
              "fail": false,
              "pending": false,
              "context": "[\n  {\n    \"title\": \"patternExampleListArray sample 0\",\n    \"value\": [\n      [\n        \"SUQ67\",\n        [\n          \"SUQ67\"\n        ]\n      ],\n      [\n        \"QA7*8\",\n        [\n          \"QA758\",\n          \"QA7RP9IO2G8\",\n          \"QA7PXIYNY68\",\n          \"QA7OM3I0MJP8\",\n          \"QA7UL0L8\",\n          \"QA78\",\n          \"QA7AMZKW8\"\n        ]\n      ],\n      [\n        \"YM*27J\",\n        [\n          \"YM8WT0B2R27J\"\n        ]\n      ],\n      [\n        \"YIO8756\",\n        [\n          \"YIO8756\"\n        ]\n      ],\n      [\n        \"LRU32xO\",\n        [\n          \"LRU322O\",\n          \"LRU323O\"\n        ]\n      ],\n      [\n        \"TCOxN\",\n        [\n          \"TCO8N\"\n        ]\n      ],\n      [\n        \"FJ275\",\n        [\n          \"FJ275\"\n        ]\n      ],\n      [\n        \"WZxZ\",\n        [\n          \"WZ9Z\",\n          \"WZ5Z\",\n          \"WZ8Z\",\n          \"WZ7Z\",\n          \"WZ4Z\",\n          \"WZ1Z\",\n          \"WZ0Z\",\n          \"WZ6Z\",\n          \"WZ2Z\"\n        ]\n      ],\n      [\n        \"BM405\",\n        [\n          \"BM405\"\n        ]\n      ],\n      [\n        \"PW8846\",\n        [\n          \"PW8846\"\n        ]\n      ],\n      [\n        \"AR1\",\n        [\n          \"AR1\"\n        ]\n      ]\n    ]\n  },\n  {\n    \"title\": \"patternExampleListArray sample 1\",\n    \"value\": [\n      [\n        \"VSU7Q\",\n        [\n          \"VSU7Q\"\n        ]\n      ],\n      [\n        \"IYF6\",\n        [\n          \"IYF6\"\n        ]\n      ],\n      [\n        \"NG2805\",\n        [\n          \"NG2805\"\n        ]\n      ],\n      [\n        \"HAFx369\",\n        [\n          \"HAF3369\",\n          \"HAF0369\",\n          \"HAF7369\",\n          \"HAF8369\",\n          \"HAF1369\",\n          \"HAF4369\",\n          \"HAF2369\",\n          \"HAF6369\"\n        ]\n      ]\n    ]\n  },\n  {\n    \"title\": \"patternExampleListArray sample 2\",\n    \"value\": [\n      [\n        \"LSTx002I\",\n        [\n          \"LST7002I\",\n          \"LST0002I\",\n          \"LST2002I\",\n          \"LST9002I\",\n          \"LST8002I\",\n          \"LST3002I\",\n          \"LST6002I\",\n          \"LST5002I\",\n          \"LST1002I\"\n        ]\n      ],\n      [\n        \"DOK379\",\n        [\n          \"DOK379\"\n        ]\n      ],\n      [\n        \"LAW7x07E\",\n        [\n          \"LAW7007E\",\n          \"LAW7207E\",\n          \"LAW7707E\",\n          \"LAW7407E\",\n          \"LAW7307E\",\n          \"LAW7607E\",\n          \"LAW7107E\",\n          \"LAW7907E\",\n          \"LAW7807E\",\n          \"LAW7507E\"\n        ]\n      ],\n      [\n        \"SZ2Q\",\n        [\n          \"SZ2Q\"\n        ]\n      ]\n    ]\n  },\n  {\n    \"title\": \"patternExampleListArray sample 3\",\n    \"value\": [\n      [\n        \"YL*63\",\n        [\n          \"YLDC86IUF63\",\n          \"YL763\",\n          \"YL8EWWO863\",\n          \"YL0J963\",\n          \"YLR9Y63\"\n        ]\n      ],\n      [\n        \"YGT8xP\",\n        [\n          \"YGT82P\",\n          \"YGT88P\",\n          \"YGT80P\",\n          \"YGT87P\",\n          \"YGT83P\",\n          \"YGT86P\",\n          \"YGT89P\",\n          \"YGT84P\",\n          \"YGT81P\",\n          \"YGT85P\"\n        ]\n      ],\n      [\n        \"IA16x2M\",\n        [\n          \"IA1642M\",\n          \"IA1662M\",\n          \"IA1612M\",\n          \"IA1672M\"\n        ]\n      ]\n    ]\n  },\n  {\n    \"title\": \"patternExampleListArray sample 4\",\n    \"value\": [\n      [\n        \"KJ6240\",\n        [\n          \"KJ6240\"\n        ]\n      ],\n      [\n        \"TZ2xT\",\n        [\n          \"TZ27T\",\n          \"TZ29T\",\n          \"TZ21T\",\n          \"TZ25T\",\n          \"TZ23T\",\n          \"TZ20T\",\n          \"TZ24T\",\n          \"TZ22T\",\n          \"TZ26T\",\n          \"TZ28T\"\n        ]\n      ],\n      [\n        \"GL71\",\n        [\n          \"GL71\"\n        ]\n      ],\n      [\n        \"PY17*6J\",\n        [\n          \"PY177NBWL6J\",\n          \"PY17MCLR6J\",\n          \"PY17HATM6J\",\n          \"PY176J\",\n          \"PY17HQZFQ6BY6J\",\n          \"PY17FN6J\",\n          \"PY173W7S1X6J\",\n          \"PY174DNQOP006J\",\n          \"PY17588E6J\",\n          \"PY17B63NRB6J\",\n          \"PY17JMQR66J\"\n        ]\n      ],\n      [\n        \"KC18\",\n        [\n          \"KC18\"\n        ]\n      ],\n      [\n        \"OP633\",\n        [\n          \"OP633\"\n        ]\n      ]\n    ]\n  },\n  {\n    \"title\": \"patternExampleListArray sample 5\",\n    \"value\": [\n      [\n        \"APT41x6\",\n        [\n          \"APT4186\",\n          \"APT4166\",\n          \"APT4116\"\n        ]\n      ],\n      [\n        \"UL23\",\n        [\n          \"UL23\"\n        ]\n      ],\n      [\n        \"WHV8224\",\n        [\n          \"WHV8224\"\n        ]\n      ],\n      [\n        \"IMK0443\",\n        [\n          \"IMK0443\"\n        ]\n      ],\n      [\n        \"RY6P\",\n        [\n          \"RY6P\"\n        ]\n      ],\n      [\n        \"FXK6G\",\n        [\n          \"FXK6G\"\n        ]\n      ],\n      [\n        \"VK93x4L\",\n        [\n          \"VK9304L\"\n        ]\n      ],\n      [\n        \"XN26x2\",\n        [\n          \"XN2642\",\n          \"XN2632\",\n          \"XN2612\",\n          \"XN2682\",\n          \"XN2602\",\n          \"XN2692\",\n          \"XN2662\",\n          \"XN2622\",\n          \"XN2672\",\n          \"XN2652\"\n        ]\n      ]\n    ]\n  },\n  {\n    \"title\": \"patternExampleListArray sample 6\",\n    \"value\": [\n      [\n        \"HI04\",\n        [\n          \"HI04\"\n        ]\n      ],\n      [\n        \"DV1\",\n        [\n          \"DV1\"\n        ]\n      ],\n      [\n        \"VZ4**5X\",\n        [\n          \"VZ4A5X\"\n        ]\n      ],\n      [\n        \"SM74L\",\n        [\n          \"SM74L\"\n        ]\n      ]\n    ]\n  },\n  {\n    \"title\": \"patternExampleListArray sample 7\",\n    \"value\": [\n      [\n        \"WUGx\",\n        [\n          \"WUG5\",\n          \"WUG8\",\n          \"WUG1\",\n          \"WUG7\",\n          \"WUG2\",\n          \"WUG0\",\n          \"WUG3\",\n          \"WUG6\",\n          \"WUG9\",\n          \"WUG4\"\n        ]\n      ],\n      [\n        \"WSM8188W\",\n        [\n          \"WSM8188W\"\n        ]\n      ],\n      [\n        \"LHB*3I\",\n        [\n          \"LHB3I\"\n        ]\n      ],\n      [\n        \"XQW6\",\n        [\n          \"XQW6\"\n        ]\n      ],\n      [\n        \"LP*84\",\n        [\n          \"LPLOH1P84\",\n          \"LPC84\",\n          \"LP4M5VGMMV84\",\n          \"LP84\",\n          \"LPMAB9BZC84\"\n        ]\n      ]\n    ]\n  },\n  {\n    \"title\": \"patternExampleListArray sample 8\",\n    \"value\": [\n      [\n        \"GVQ371L\",\n        [\n          \"GVQ371L\"\n        ]\n      ],\n      [\n        \"DUN5\",\n        [\n          \"DUN5\"\n        ]\n      ],\n      [\n        \"LMxx89\",\n        [\n          \"LM8189\",\n          \"LM4789\",\n          \"LM8989\",\n          \"LM2289\",\n          \"LM1189\",\n          \"LM5689\",\n          \"LM4989\",\n          \"LM2889\",\n          \"LM7789\",\n          \"LM3089\",\n          \"LM8889\",\n          \"LM3289\"\n        ]\n      ],\n      [\n        \"CG60J\",\n        [\n          \"CG60J\"\n        ]\n      ],\n      [\n        \"JGC4*06\",\n        [\n          \"JGC4E9TX6506\",\n          \"JGC48EYS7TCG06\",\n          \"JGC4Y06\",\n          \"JGC4H106\",\n          \"JGC41B6CB406\",\n          \"JGC4VQ06\",\n          \"JGC4Y7806\"\n        ]\n      ],\n      [\n        \"PTL5Z\",\n        [\n          \"PTL5Z\"\n        ]\n      ],\n      [\n        \"HNX1F\",\n        [\n          \"HNX1F\"\n        ]\n      ],\n      [\n        \"XS544\",\n        [\n          \"XS544\"\n        ]\n      ],\n      [\n        \"CPA1*G\",\n        [\n          \"CPA1OFYG30G\",\n          \"CPA1J9FXUUEG\"\n        ]\n      ],\n      [\n        \"HN***L\",\n        [\n          \"HNPV5AOTYFID2MCD1LL\",\n          \"HNU7J8ZCKT3KSZE3IZRJCG71L\",\n          \"HNG3FGELMGML\",\n          \"HNKTZOBKQTEZYV9UERLL\",\n          \"HNW31SL2P2NSWBZZL\",\n          \"HN5KD6IZ7L\",\n          \"HN4D4P0VPF0N2ELL\",\n          \"HNB8VS9W6RB39L\",\n          \"HNXW44GH5BYD7DQL\",\n          \"HNITDQFGPJ4X372COL\"\n        ]\n      ],\n      [\n        \"CNG04V\",\n        [\n          \"CNG04V\"\n        ]\n      ],\n      [\n        \"QQW4M\",\n        [\n          \"QQW4M\"\n        ]\n      ]\n    ]\n  },\n  {\n    \"title\": \"patternExampleListArray sample 9\",\n    \"value\": [\n      [\n        \"EU677\",\n        [\n          \"EU677\"\n        ]\n      ],\n      [\n        \"IG9*3\",\n        [\n          \"IG93\",\n          \"IG993\",\n          \"IG9C5CT33\",\n          \"IG9OB1V3\",\n          \"IG94EYV63\",\n          \"IG9F853\",\n          \"IG9RWJWDE3\",\n          \"IG92YSQV43U3\",\n          \"IG9IKH1G3\",\n          \"IG99X3\",\n          \"IG93H083\",\n          \"IG9WGOV4INH3\"\n        ]\n      ],\n      [\n        \"DXK985\",\n        [\n          \"DXK985\"\n        ]\n      ],\n      [\n        \"CB22\",\n        [\n          \"CB22\"\n        ]\n      ],\n      [\n        \"XS3x65\",\n        [\n          \"XS3565\",\n          \"XS3065\",\n          \"XS3765\",\n          \"XS3165\",\n          \"XS3865\",\n          \"XS3965\",\n          \"XS3365\",\n          \"XS3665\"\n        ]\n      ],\n      [\n        \"YZ41\",\n        [\n          \"YZ41\"\n        ]\n      ],\n      [\n        \"QYE60C\",\n        [\n          \"QYE60C\"\n        ]\n      ],\n      [\n        \"YXx\",\n        [\n          \"YX0\",\n          \"YX8\",\n          \"YX7\",\n          \"YX2\",\n          \"YX4\",\n          \"YX3\"\n        ]\n      ],\n      [\n        \"IM511\",\n        [\n          \"IM511\"\n        ]\n      ],\n      [\n        \"NZ53Y\",\n        [\n          \"NZ53Y\"\n        ]\n      ],\n      [\n        \"ZIS*\",\n        [\n          \"ZISYXG7L8\",\n          \"ZISA0T5Q8Q8\",\n          \"ZIS0RLVASV8\",\n          \"ZIS2C19\",\n          \"ZIS5\",\n          \"ZIS\",\n          \"ZISJWY3HXNO\"\n        ]\n      ],\n      [\n        \"OV4467\",\n        [\n          \"OV4467\"\n        ]\n      ]\n    ]\n  }\n]",
              "code": "const patternExampleListArray = fast_check_1.array(index_test_1.patternExampleList, { minLength: 1 });\nfast_check_1.sample(patternExampleListArray, 10).forEach((sample, i) => addContext_1.default(this, {\n    title: `patternExampleListArray sample ${i}`,\n    value: sample,\n}));\nreturn fast_check_1.assert(fast_check_1.property(patternExampleListArray, (ts) => {\n    const re = _1.patternToRE(...ts.map(([patternStr]) => patternStr));\n    return ts\n        .map(([, examples]) => examples)\n        .flat()\n        .every(re.test.bind(re));\n}));",
              "err": {},
              "uuid": "96f95df5-ce8f-4c40-b8a2-6c32ab269fd8",
              "parentUUID": "4e537199-c4fc-4367-aeac-5f7f9c5eb354",
              "isHook": false,
              "skipped": false
            },
            {
              "title": "should not match x to non-number",
              "fullTitle": "patternToRE should not match x to non-number",
              "timedOut": false,
              "duration": 1,
              "state": "passed",
              "speed": "fast",
              "pass": true,
              "fail": false,
              "pending": false,
              "context": null,
              "code": "const re = _1.patternToRE(\"x\");\n[\"A\", \"Z\", \"c\", \"#\"].forEach((example) => isInvalidExample(re, example));",
              "err": {},
              "uuid": "5417f658-2836-4251-9fd9-4850a6586089",
              "parentUUID": "4e537199-c4fc-4367-aeac-5f7f9c5eb354",
              "isHook": false,
              "skipped": false
            },
            {
              "title": "should not match * to a substring composed of characters other than A-Z and 0-9",
              "fullTitle": "patternToRE should not match * to a substring composed of characters other than A-Z and 0-9",
              "timedOut": false,
              "duration": 0,
              "state": "passed",
              "speed": "fast",
              "pass": true,
              "fail": false,
              "pending": false,
              "context": null,
              "code": "const re = _1.patternToRE(\"*\");\n[\"c\", \"Ac\", \"cA\", \"0Ax\", \"x0A\", \"BA#\", \"#AB\"].forEach((example) => isInvalidExample(re, example));",
              "err": {},
              "uuid": "c7b7ba7d-dbb0-4485-b357-19b57c3f98c9",
              "parentUUID": "4e537199-c4fc-4367-aeac-5f7f9c5eb354",
              "isHook": false,
              "skipped": false
            },
            {
              "title": "should not match substrings",
              "fullTitle": "patternToRE should not match substrings",
              "timedOut": false,
              "duration": 1,
              "state": "passed",
              "speed": "fast",
              "pass": true,
              "fail": false,
              "pending": false,
              "context": null,
              "code": "const re = _1.patternToRE(\"A*xC\");\n[\"A1CZ\", \"AC1CZ\", \"ZA1C\", \"ZAC1C\", \"ZA1CZ\", \"ZAC1CZ\"].forEach((example) => isInvalidExample(re, example));",
              "err": {},
              "uuid": "88677c1b-ac4c-422f-b014-8f836ebd53f1",
              "parentUUID": "4e537199-c4fc-4367-aeac-5f7f9c5eb354",
              "isHook": false,
              "skipped": false
            }
          ],
          "suites": [],
          "passes": [
            "a7c31107-5d4a-4545-a496-036279c91b41",
            "96f95df5-ce8f-4c40-b8a2-6c32ab269fd8",
            "5417f658-2836-4251-9fd9-4850a6586089",
            "c7b7ba7d-dbb0-4485-b357-19b57c3f98c9",
            "88677c1b-ac4c-422f-b014-8f836ebd53f1"
          ],
          "failures": [],
          "pending": [],
          "skipped": [],
          "duration": 137,
          "root": false,
          "rootEmpty": false,
          "_timeout": 2000
        },
        {
          "uuid": "d73f2062-a977-4e9c-ae5d-5221d9554cbf",
          "title": "patternSatisfier",
          "fullFile": "/home/runner/work/planwithus-lib/planwithus-lib/src/matchRule/pattern/satisfiers.test.ts",
          "file": "/src/matchRule/pattern/satisfiers.test.ts",
          "beforeHooks": [],
          "afterHooks": [],
          "tests": [
            {
              "title": "should assign all modules with *",
              "fullTitle": "patternSatisfier should assign all modules with *",
              "timedOut": false,
              "duration": 1,
              "state": "passed",
              "speed": "fast",
              "pass": true,
              "fail": false,
              "pending": false,
              "context": null,
              "code": "const { assign } = satisfiers_1.patternSatisfier(ref, \"*\");\nisCorrectAssign(assign, modulesList1, modulesList1.map(([moduleStr]) => moduleStr));",
              "err": {},
              "uuid": "946a59e5-d234-4ced-8cf9-9394b5d2450a",
              "parentUUID": "d73f2062-a977-4e9c-ae5d-5221d9554cbf",
              "isHook": false,
              "skipped": false
            },
            {
              "title": "should assign only valid modules with pattern containing *",
              "fullTitle": "patternSatisfier should assign only valid modules with pattern containing *",
              "timedOut": false,
              "duration": 0,
              "state": "passed",
              "speed": "fast",
              "pass": true,
              "fail": false,
              "pending": false,
              "context": null,
              "code": "const { assign } = satisfiers_1.patternSatisfier(ref, \"CS2*\");\nisCorrectAssign(assign, modulesList1, [\"CS2100\", \"CS2040S\", \"CS2030\"]);",
              "err": {},
              "uuid": "89b3202e-a0fd-4e8c-8b3e-0aba0935d10b",
              "parentUUID": "d73f2062-a977-4e9c-ae5d-5221d9554cbf",
              "isHook": false,
              "skipped": false
            },
            {
              "title": "should assign only valid modules with pattern containing x",
              "fullTitle": "patternSatisfier should assign only valid modules with pattern containing x",
              "timedOut": false,
              "duration": 1,
              "state": "passed",
              "speed": "fast",
              "pass": true,
              "fail": false,
              "pending": false,
              "context": null,
              "code": "const { assign } = satisfiers_1.patternSatisfier(ref, \"CS20xx\");\nisCorrectAssign(assign, modulesList1, [\"CS2030\"]);",
              "err": {},
              "uuid": "60f2692a-807d-4c0a-a6b4-2b396b06b099",
              "parentUUID": "d73f2062-a977-4e9c-ae5d-5221d9554cbf",
              "isHook": false,
              "skipped": false
            },
            {
              "title": "should assign only valid modules with pattern containing x and *",
              "fullTitle": "patternSatisfier should assign only valid modules with pattern containing x and *",
              "timedOut": false,
              "duration": 0,
              "state": "passed",
              "speed": "fast",
              "pass": true,
              "fail": false,
              "pending": false,
              "context": null,
              "code": "const { assign } = satisfiers_1.patternSatisfier(ref, \"CS20xx*\");\nisCorrectAssign(assign, modulesList1, [\"CS2040S\", \"CS2030\"]);",
              "err": {},
              "uuid": "879349fe-6118-4661-a821-67a4b40298f2",
              "parentUUID": "d73f2062-a977-4e9c-ae5d-5221d9554cbf",
              "isHook": false,
              "skipped": false
            }
          ],
          "suites": [],
          "passes": [
            "946a59e5-d234-4ced-8cf9-9394b5d2450a",
            "89b3202e-a0fd-4e8c-8b3e-0aba0935d10b",
            "60f2692a-807d-4c0a-a6b4-2b396b06b099",
            "879349fe-6118-4661-a821-67a4b40298f2"
          ],
          "failures": [],
          "pending": [],
          "skipped": [],
          "duration": 2,
          "root": false,
          "rootEmpty": false,
          "_timeout": 2000
        },
        {
          "uuid": "7af69d96-bef9-49bc-9357-f1781d540179",
          "title": "patternSchema",
          "fullFile": "/home/runner/work/planwithus-lib/planwithus-lib/src/matchRule/pattern/schemas.test.ts",
          "file": "/src/matchRule/pattern/schemas.test.ts",
          "beforeHooks": [],
          "afterHooks": [],
          "tests": [
            {
              "title": "should validate non-empty pattern composed of A-Z, 0-9, x or *",
              "fullTitle": "patternSchema should validate non-empty pattern composed of A-Z, 0-9, x or *",
              "timedOut": false,
              "duration": 2,
              "state": "passed",
              "speed": "fast",
              "pass": true,
              "fail": false,
              "pending": false,
              "context": "[\n  {\n    \"title\": \"pattern sample 0\",\n    \"value\": \"UZG19\"\n  },\n  {\n    \"title\": \"pattern sample 1\",\n    \"value\": \"SZGx30E\"\n  },\n  {\n    \"title\": \"pattern sample 2\",\n    \"value\": \"FG8865\"\n  },\n  {\n    \"title\": \"pattern sample 3\",\n    \"value\": \"FCQ419H\"\n  },\n  {\n    \"title\": \"pattern sample 4\",\n    \"value\": \"XD36\"\n  },\n  {\n    \"title\": \"pattern sample 5\",\n    \"value\": \"FU312T\"\n  },\n  {\n    \"title\": \"pattern sample 6\",\n    \"value\": \"MAC*\"\n  },\n  {\n    \"title\": \"pattern sample 7\",\n    \"value\": \"BO8x*F\"\n  },\n  {\n    \"title\": \"pattern sample 8\",\n    \"value\": \"IO285N\"\n  },\n  {\n    \"title\": \"pattern sample 9\",\n    \"value\": \"LMJ38X\"\n  }\n]",
              "code": "fast_check_1.sample(index_test_2.pattern, 10).forEach((sample, i) => addContext_1.default(this, {\n    title: `pattern sample ${i}`,\n    value: sample,\n}));\nreturn fast_check_1.assert(fast_check_1.property(index_test_2.pattern, ajvValidate), {\n    examples: [[\"*\"], [\"ACC1002\"], [\"IS1103\"], [\"CS1231S\"], [\"MA1102R\"]],\n});",
              "err": {},
              "uuid": "15b2db61-b433-4911-9f8b-dfd044260368",
              "parentUUID": "7af69d96-bef9-49bc-9357-f1781d540179",
              "isHook": false,
              "skipped": false
            },
            {
              "title": "should not validate empty pattern",
              "fullTitle": "patternSchema should not validate empty pattern",
              "timedOut": false,
              "duration": 1,
              "state": "passed",
              "speed": "fast",
              "pass": true,
              "fail": false,
              "pending": false,
              "context": null,
              "code": "isInvalidPattern(\"\")",
              "err": {},
              "uuid": "7db45040-630d-4b17-909f-dbe6acac693d",
              "parentUUID": "7af69d96-bef9-49bc-9357-f1781d540179",
              "isHook": false,
              "skipped": false
            },
            {
              "title": "should not validate pattern with invalid characters",
              "fullTitle": "patternSchema should not validate pattern with invalid characters",
              "timedOut": false,
              "duration": 1,
              "state": "passed",
              "speed": "fast",
              "pass": true,
              "fail": false,
              "pending": false,
              "context": null,
              "code": "[\"AB123a\", \"Ac123a\", \"AB123^S\", \"AB1*3^S\", \"$A1*3^S\", \"/A1x33S\"].forEach(isInvalidPattern)",
              "err": {},
              "uuid": "c76c9961-8f57-4ea6-a079-2fa3624d255b",
              "parentUUID": "7af69d96-bef9-49bc-9357-f1781d540179",
              "isHook": false,
              "skipped": false
            }
          ],
          "suites": [],
          "passes": [
            "15b2db61-b433-4911-9f8b-dfd044260368",
            "7db45040-630d-4b17-909f-dbe6acac693d",
            "c76c9961-8f57-4ea6-a079-2fa3624d255b"
          ],
          "failures": [],
          "pending": [],
          "skipped": [],
          "duration": 4,
          "root": false,
          "rootEmpty": false,
          "_timeout": 2000
        },
        {
          "uuid": "54e6e940-d4c6-46cd-933f-edadad79a112",
          "title": "patternMatchRuleSatisfier",
          "fullFile": "/home/runner/work/planwithus-lib/planwithus-lib/src/matchRule/satisfiers.test.ts",
          "file": "/src/matchRule/satisfiers.test.ts",
          "beforeHooks": [],
          "afterHooks": [],
          "tests": [
            {
              "title": "should assign only valid modules with pattern match rule containing no exclude patterns",
              "fullTitle": "patternMatchRuleSatisfier should assign only valid modules with pattern match rule containing no exclude patterns",
              "timedOut": false,
              "duration": 1,
              "state": "passed",
              "speed": "fast",
              "pass": true,
              "fail": false,
              "pending": false,
              "context": null,
              "code": "const { assign } = satisfiers_1.patternMatchRuleSatisfier(ref, { pattern: \"CS1xxx*\" });\nisCorrectAssign(assign, modulesList1, [\"CS1231\", \"CS1231S\"]);",
              "err": {},
              "uuid": "51747814-aa17-4a14-98d1-6ae0c5b5dd5e",
              "parentUUID": "54e6e940-d4c6-46cd-933f-edadad79a112",
              "isHook": false,
              "skipped": false
            },
            {
              "title": "should assign only valid modules with pattern match rule containing an exclude pattern",
              "fullTitle": "patternMatchRuleSatisfier should assign only valid modules with pattern match rule containing an exclude pattern",
              "timedOut": false,
              "duration": 0,
              "state": "passed",
              "speed": "fast",
              "pass": true,
              "fail": false,
              "pending": false,
              "context": null,
              "code": "const { assign } = satisfiers_1.patternMatchRuleSatisfier(ref, {\n    pattern: \"MA1xxx*\",\n    exclude: \"MA15xx\",\n});\nisCorrectAssign(assign, modulesList1, [\n    \"MA1100\",\n    \"MA1101R\",\n    \"MA1102R\",\n    \"MA1511A\",\n]);",
              "err": {},
              "uuid": "9025ffa1-cebb-4376-ad91-bb8185d2a557",
              "parentUUID": "54e6e940-d4c6-46cd-933f-edadad79a112",
              "isHook": false,
              "skipped": false
            },
            {
              "title": "should assign only valid modules with pattern match rule containing multiple exclude patterns",
              "fullTitle": "patternMatchRuleSatisfier should assign only valid modules with pattern match rule containing multiple exclude patterns",
              "timedOut": false,
              "duration": 1,
              "state": "passed",
              "speed": "fast",
              "pass": true,
              "fail": false,
              "pending": false,
              "context": null,
              "code": "const { assign } = satisfiers_1.patternMatchRuleSatisfier(ref, {\n    pattern: \"MA*\",\n    exclude: [\"MA151x*\", \"MA2xxx\"],\n});\nisCorrectAssign(assign, modulesList1, [\n    \"MA1100\",\n    \"MA1101R\",\n    \"MA1102R\",\n    \"MA1507\",\n    \"MA1521\",\n    \"MA2101S\",\n]);",
              "err": {},
              "uuid": "67a5be92-ecf5-471d-bd1e-2cb73c562aba",
              "parentUUID": "54e6e940-d4c6-46cd-933f-edadad79a112",
              "isHook": false,
              "skipped": false
            }
          ],
          "suites": [],
          "passes": [
            "51747814-aa17-4a14-98d1-6ae0c5b5dd5e",
            "9025ffa1-cebb-4376-ad91-bb8185d2a557",
            "67a5be92-ecf5-471d-bd1e-2cb73c562aba"
          ],
          "failures": [],
          "pending": [],
          "skipped": [],
          "duration": 2,
          "root": false,
          "rootEmpty": false,
          "_timeout": 2000
        },
        {
          "uuid": "8b9f1374-f1e7-4444-95f7-69812f219866",
          "title": "matchRuleSchema",
          "fullFile": "/home/runner/work/planwithus-lib/planwithus-lib/src/matchRule/schemas.test.ts",
          "file": "/src/matchRule/schemas.test.ts",
          "beforeHooks": [],
          "afterHooks": [],
          "tests": [
            {
              "title": "should validate match rule with valid pattern",
              "fullTitle": "matchRuleSchema should validate match rule with valid pattern",
              "timedOut": false,
              "duration": 1,
              "state": "passed",
              "speed": "fast",
              "pass": true,
              "fail": false,
              "pending": false,
              "context": "[\n  {\n    \"title\": \"pattern sample 0\",\n    \"value\": \"TNQx7\"\n  },\n  {\n    \"title\": \"pattern sample 1\",\n    \"value\": \"ZVY3\"\n  },\n  {\n    \"title\": \"pattern sample 2\",\n    \"value\": \"HH312Y\"\n  },\n  {\n    \"title\": \"pattern sample 3\",\n    \"value\": \"MJ*37\"\n  },\n  {\n    \"title\": \"pattern sample 4\",\n    \"value\": \"NHW43\"\n  },\n  {\n    \"title\": \"pattern sample 5\",\n    \"value\": \"DW83\"\n  },\n  {\n    \"title\": \"pattern sample 6\",\n    \"value\": \"TNx8xx\"\n  },\n  {\n    \"title\": \"pattern sample 7\",\n    \"value\": \"IEC0\"\n  },\n  {\n    \"title\": \"pattern sample 8\",\n    \"value\": \"LW648M\"\n  },\n  {\n    \"title\": \"pattern sample 9\",\n    \"value\": \"EO1\"\n  }\n]",
              "code": "fast_check_1.sample(index_test_3.pattern, 10).forEach((sample, i) => addContext_1.default(this, {\n    title: `pattern sample ${i}`,\n    value: sample,\n}));\nreturn fast_check_1.assert(fast_check_1.property(index_test_3.pattern, ajvValidate));",
              "err": {},
              "uuid": "21c624a8-6845-4cb5-9513-5e08f2df0e13",
              "parentUUID": "8b9f1374-f1e7-4444-95f7-69812f219866",
              "isHook": false,
              "skipped": false
            },
            {
              "title": "should validate match rules with valid pattern, exclude and info",
              "fullTitle": "matchRuleSchema should validate match rules with valid pattern, exclude and info",
              "timedOut": false,
              "duration": 5,
              "state": "passed",
              "speed": "fast",
              "pass": true,
              "fail": false,
              "pending": false,
              "context": "[\n  {\n    \"title\": \"patternMatchRule sample 0\",\n    \"value\": {\n      \"pattern\": \"USxL\",\n      \"exclude\": \"SX8*7\",\n      \"info\": \"(vVDBMt:d]\"\n    }\n  },\n  {\n    \"title\": \"patternMatchRule sample 1\",\n    \"value\": {\n      \"pattern\": \"QZ407\",\n      \"exclude\": [],\n      \"info\": \"\"\n    }\n  },\n  {\n    \"title\": \"patternMatchRule sample 2\",\n    \"value\": {\n      \"pattern\": \"ZY30\",\n      \"exclude\": \"NMT6R\",\n      \"info\": \"\"\n    }\n  },\n  {\n    \"title\": \"patternMatchRule sample 3\",\n    \"value\": {\n      \"pattern\": \"LS99x0\",\n      \"exclude\": [\n        \"ZWB033U\"\n      ],\n      \"info\": \")bx\"\n    }\n  },\n  {\n    \"title\": \"patternMatchRule sample 4\",\n    \"value\": {\n      \"pattern\": \"LO8E\",\n      \"exclude\": \"EM9\",\n      \"info\": \" \"\n    }\n  },\n  {\n    \"title\": \"patternMatchRule sample 5\",\n    \"value\": {\n      \"pattern\": \"HN32\",\n      \"exclude\": [\n        \"SDT7T\",\n        \"LU16H\",\n        \"MJB*D\",\n        \"BDK4497M\",\n        \"EK5450E\"\n      ],\n      \"info\": \"&{.y6\"\n    }\n  },\n  {\n    \"title\": \"patternMatchRule sample 6\",\n    \"value\": {\n      \"pattern\": \"NPQ1N\",\n      \"exclude\": \"VS23Y\",\n      \"info\": \"@hNlt\"\n    }\n  },\n  {\n    \"title\": \"patternMatchRule sample 7\",\n    \"value\": {\n      \"pattern\": \"PH9*\",\n      \"exclude\": [\n        \"VKL9650\"\n      ],\n      \"info\": \"R\\\\\"\n    }\n  },\n  {\n    \"title\": \"patternMatchRule sample 8\",\n    \"value\": {\n      \"pattern\": \"IO*6\",\n      \"exclude\": \"PC25\",\n      \"info\": \"q:6v\"\n    }\n  },\n  {\n    \"title\": \"patternMatchRule sample 9\",\n    \"value\": {\n      \"pattern\": \"RRL5\",\n      \"exclude\": \"YF0*1\",\n      \"info\": \"75SpATEq\"\n    }\n  }\n]",
              "code": "fast_check_1.sample(index_test_2.patternMatchRule, 10).forEach((sample, i) => addContext_1.default(this, {\n    title: `patternMatchRule sample ${i}`,\n    value: sample,\n}));\nreturn fast_check_1.assert(fast_check_1.property(index_test_2.patternMatchRule, ajvValidate));",
              "err": {},
              "uuid": "6866d366-ebe6-4107-b02c-959fe84c713f",
              "parentUUID": "8b9f1374-f1e7-4444-95f7-69812f219866",
              "isHook": false,
              "skipped": false
            },
            {
              "title": "should validate valid recursive match rules",
              "fullTitle": "matchRuleSchema should validate valid recursive match rules",
              "timedOut": false,
              "duration": 8,
              "state": "passed",
              "speed": "fast",
              "pass": true,
              "fail": false,
              "pending": false,
              "context": "[\n  {\n    \"title\": \"matchRule sample 0\",\n    \"value\": \"JX0*S\"\n  },\n  {\n    \"title\": \"matchRule sample 1\",\n    \"value\": {\n      \"pattern\": \"CX3426W\",\n      \"exclude\": \"SG*x2\",\n      \"info\": \" $\"\n    }\n  },\n  {\n    \"title\": \"matchRule sample 2\",\n    \"value\": {\n      \"pattern\": \"HQP33\",\n      \"exclude\": \"KL20T\",\n      \"info\": \"U\"\n    }\n  },\n  {\n    \"title\": \"matchRule sample 3\",\n    \"value\": {\n      \"and\": [\n        {\n          \"pattern\": \"MG6*0*\",\n          \"exclude\": \"AH4\",\n          \"info\": \" ~o\"\n        }\n      ]\n    }\n  },\n  {\n    \"title\": \"matchRule sample 4\",\n    \"value\": \"BO9*50B\"\n  },\n  {\n    \"title\": \"matchRule sample 5\",\n    \"value\": \"CT*xC\"\n  },\n  {\n    \"title\": \"matchRule sample 6\",\n    \"value\": \"FM3x68\"\n  },\n  {\n    \"title\": \"matchRule sample 7\",\n    \"value\": {\n      \"and\": [\n        {\n          \"pattern\": \"KQ309\",\n          \"exclude\": [\n            \"HRB92*C\",\n            \"RM1\",\n            \"XQ4T\"\n          ],\n          \"info\": \"hwx\"\n        },\n        \"CTH9\"\n      ]\n    }\n  },\n  {\n    \"title\": \"matchRule sample 8\",\n    \"value\": \"BJV2*4\"\n  },\n  {\n    \"title\": \"matchRule sample 9\",\n    \"value\": \"QUP042\"\n  }\n]",
              "code": "fast_check_1.sample(index_test_2.matchRule, 10).forEach((sample, i) => addContext_1.default(this, {\n    title: `matchRule sample ${i}`,\n    value: sample,\n}));\nreturn fast_check_1.assert(fast_check_1.property(index_test_2.matchRule, ajvValidate));",
              "err": {},
              "uuid": "bba6d257-e109-44ca-947f-a87d4dad7e80",
              "parentUUID": "8b9f1374-f1e7-4444-95f7-69812f219866",
              "isHook": false,
              "skipped": false
            },
            {
              "title": "should not validate non-string/object",
              "fullTitle": "matchRuleSchema should not validate non-string/object",
              "timedOut": false,
              "duration": 1,
              "state": "passed",
              "speed": "fast",
              "pass": true,
              "fail": false,
              "pending": false,
              "context": null,
              "code": "const error = {\n    instancePath: \"\",\n    message: \"match rule should be either a string or an object\",\n};\nisInvalidRule(null, error);\nisInvalidRule(undefined, error);\nisInvalidRule(10, error);\nisInvalidRule([12, 24], error);",
              "err": {},
              "uuid": "e7f775fa-6e46-4e30-915a-0449dc12fc8d",
              "parentUUID": "8b9f1374-f1e7-4444-95f7-69812f219866",
              "isHook": false,
              "skipped": false
            },
            {
              "title": "should not validate match rules with extra properties",
              "fullTitle": "matchRuleSchema should not validate match rules with extra properties",
              "timedOut": false,
              "duration": 1,
              "state": "passed",
              "speed": "fast",
              "pass": true,
              "fail": false,
              "pending": false,
              "context": null,
              "code": "isInvalidRule({\n        and: [{ or: [{ pattern: \"CS2103T\", info2: \"foobar\" }], abc: \"def\" }],\n        mno: \"pqr\",\n    }, {\n        instancePath: \"/and/0/or/0\",\n        message: \"pattern match rule should have properties 'pattern', 'exclude' (optional) and 'info' (optional) only\",\n    }, {\n        instancePath: \"/and/0\",\n        message: \"or match rule should have property 'or' only\",\n    }, {\n        instancePath: \"\",\n        message: \"and match rule should have property 'and' only\",\n    })",
              "err": {},
              "uuid": "13edda4d-8520-4b0f-9058-3cf5fd2bb053",
              "parentUUID": "8b9f1374-f1e7-4444-95f7-69812f219866",
              "isHook": false,
              "skipped": false
            },
            {
              "title": "should not validate ambiguous match rules",
              "fullTitle": "matchRuleSchema should not validate ambiguous match rules",
              "timedOut": false,
              "duration": 0,
              "state": "passed",
              "speed": "fast",
              "pass": true,
              "fail": false,
              "pending": false,
              "context": null,
              "code": "const message = \"match rule should have only one of properties 'pattern', 'and', 'or'\";\nisInvalidRule({\n    or: [\n        { pattern: \"CS1231\", and: [] },\n        { pattern: \"CS1231\", or: [] },\n        { and: [{ and: [\"abc\"], or: [\"def\"] }] },\n    ],\n}, { instancePath: \"/or/0\", message }, { instancePath: \"/or/1\", message }, { instancePath: \"/or/2/and/0\", message });",
              "err": {},
              "uuid": "0ade8fde-393e-4cf3-823c-a4586d8d2680",
              "parentUUID": "8b9f1374-f1e7-4444-95f7-69812f219866",
              "isHook": false,
              "skipped": false
            },
            {
              "title": "should not validate pattern match rule with invalid patterns",
              "fullTitle": "matchRuleSchema should not validate pattern match rule with invalid patterns",
              "timedOut": false,
              "duration": 1,
              "state": "passed",
              "speed": "fast",
              "pass": true,
              "fail": false,
              "pending": false,
              "context": null,
              "code": "const message = \"pattern should be a non-empty string composed of A-Z, 0-9, x or *\";\nisInvalidRule({\n    and: [\n        \"CS210c\",\n        { pattern: \"CS2100\", exclude: \"CS1231s\" },\n        { pattern: \"CS210#T\", exclude: [\"CS1231\", \"CS21%\"] },\n    ],\n}, { instancePath: \"/and/0\", message }, { instancePath: \"/and/1/exclude\", message }, { instancePath: \"/and/2/pattern\", message }, { instancePath: \"/and/2/exclude/1\", message });",
              "err": {},
              "uuid": "1aeb64da-f8ef-4386-b457-041a261a6409",
              "parentUUID": "8b9f1374-f1e7-4444-95f7-69812f219866",
              "isHook": false,
              "skipped": false
            },
            {
              "title": "should not validate pattern match rule with non-string/array exclude",
              "fullTitle": "matchRuleSchema should not validate pattern match rule with non-string/array exclude",
              "timedOut": false,
              "duration": 0,
              "state": "passed",
              "speed": "fast",
              "pass": true,
              "fail": false,
              "pending": false,
              "context": null,
              "code": "const message = \"property 'exclude' should be either a pattern or an array of patterns\";\nisInvalidRule({\n    or: [\n        { pattern: \"CS2101\", exclude: {} },\n        { pattern: \"CS2101\", exclude: 5 },\n    ],\n}, { instancePath: \"/or/0/exclude\", message }, { instancePath: \"/or/1/exclude\", message });",
              "err": {},
              "uuid": "a1990284-1f45-42b0-8494-27a5007d4a62",
              "parentUUID": "8b9f1374-f1e7-4444-95f7-69812f219866",
              "isHook": false,
              "skipped": false
            },
            {
              "title": "should not validate pattern match rule with non-string info",
              "fullTitle": "matchRuleSchema should not validate pattern match rule with non-string info",
              "timedOut": false,
              "duration": 0,
              "state": "passed",
              "speed": "fast",
              "pass": true,
              "fail": false,
              "pending": false,
              "context": null,
              "code": "const message = \"property 'info' should be a string\";\nisInvalidRule({ pattern: \"CS2101\", info: 42 }, { instancePath: \"/info\", message });",
              "err": {},
              "uuid": "5e1301ad-910d-4c3d-9c20-384e8cdc5fc8",
              "parentUUID": "8b9f1374-f1e7-4444-95f7-69812f219866",
              "isHook": false,
              "skipped": false
            },
            {
              "title": "should not validate and match rules with non-array property",
              "fullTitle": "matchRuleSchema should not validate and match rules with non-array property",
              "timedOut": false,
              "duration": 0,
              "state": "passed",
              "speed": "fast",
              "pass": true,
              "fail": false,
              "pending": false,
              "context": null,
              "code": "const message = \"property 'and' should be an array of match rules\";\nisInvalidRule({ or: [{ and: {} }, { or: [{ and: 3 }] }] }, { instancePath: \"/or/0/and\", message }, { instancePath: \"/or/1/or/0/and\", message });",
              "err": {},
              "uuid": "80e21594-ab92-49e3-8f40-adaaeec8d1f8",
              "parentUUID": "8b9f1374-f1e7-4444-95f7-69812f219866",
              "isHook": false,
              "skipped": false
            },
            {
              "title": "should not validate or match rules with non-array property",
              "fullTitle": "matchRuleSchema should not validate or match rules with non-array property",
              "timedOut": false,
              "duration": 0,
              "state": "passed",
              "speed": "fast",
              "pass": true,
              "fail": false,
              "pending": false,
              "context": null,
              "code": "const message = \"property 'or' should be an array of match rules\";\nisInvalidRule({ or: [{ or: {} }, { and: [{ or: 3 }] }] }, { instancePath: \"/or/0/or\", message }, { instancePath: \"/or/1/and/0/or\", message });",
              "err": {},
              "uuid": "f3ac84c9-9136-49ab-a88d-bbb7c56938ad",
              "parentUUID": "8b9f1374-f1e7-4444-95f7-69812f219866",
              "isHook": false,
              "skipped": false
            }
          ],
          "suites": [],
          "passes": [
            "21c624a8-6845-4cb5-9513-5e08f2df0e13",
            "6866d366-ebe6-4107-b02c-959fe84c713f",
            "bba6d257-e109-44ca-947f-a87d4dad7e80",
            "e7f775fa-6e46-4e30-915a-0449dc12fc8d",
            "13edda4d-8520-4b0f-9058-3cf5fd2bb053",
            "0ade8fde-393e-4cf3-823c-a4586d8d2680",
            "1aeb64da-f8ef-4386-b457-041a261a6409",
            "a1990284-1f45-42b0-8494-27a5007d4a62",
            "5e1301ad-910d-4c3d-9c20-384e8cdc5fc8",
            "80e21594-ab92-49e3-8f40-adaaeec8d1f8",
            "f3ac84c9-9136-49ab-a88d-bbb7c56938ad"
          ],
          "failures": [],
          "pending": [],
          "skipped": [],
          "duration": 17,
          "root": false,
          "rootEmpty": false,
          "_timeout": 2000
        },
        {
          "uuid": "1549e587-5d42-49e3-afbe-128a71828a65",
          "title": "inequalitySatisfier",
          "fullFile": "/home/runner/work/planwithus-lib/planwithus-lib/src/satisfyRule/inequality/satisfiers.test.ts",
          "file": "/src/satisfyRule/inequality/satisfiers.test.ts",
          "beforeHooks": [],
          "afterHooks": [],
          "tests": [
            {
              "title": "should satisfy lower bound of MCs if total MC count is higher",
              "fullTitle": "inequalitySatisfier should satisfy lower bound of MCs if total MC count is higher",
              "timedOut": false,
              "duration": 1,
              "state": "passed",
              "speed": "fast",
              "pass": true,
              "fail": false,
              "pending": false,
              "context": null,
              "code": "const satisfier = satisfiers_1.inequalitySatisfier(ref, \">=16\");\nsatisfier.should.have.property(\"constraint\");\nconst { constraint } = satisfier;\nisCorrectConstraint(constraint, modulesList1, true);",
              "err": {},
              "uuid": "d178fece-a4cf-489d-9eea-57ea2e49a368",
              "parentUUID": "1549e587-5d42-49e3-afbe-128a71828a65",
              "isHook": false,
              "skipped": false
            },
            {
              "title": "should satisfy lower bound of MCs if total MC count is equal",
              "fullTitle": "inequalitySatisfier should satisfy lower bound of MCs if total MC count is equal",
              "timedOut": false,
              "duration": 0,
              "state": "passed",
              "speed": "fast",
              "pass": true,
              "fail": false,
              "pending": false,
              "context": null,
              "code": "const satisfier = satisfiers_1.inequalitySatisfier(ref, \">=28\");\nsatisfier.should.have.property(\"constraint\");\nconst { constraint } = satisfier;\nisCorrectConstraint(constraint, modulesList1, true);",
              "err": {},
              "uuid": "177cc5c5-a2cd-4113-860b-d9f2d505af7b",
              "parentUUID": "1549e587-5d42-49e3-afbe-128a71828a65",
              "isHook": false,
              "skipped": false
            },
            {
              "title": "should not satisfy lower bound of MCs if total MC count is lower",
              "fullTitle": "inequalitySatisfier should not satisfy lower bound of MCs if total MC count is lower",
              "timedOut": false,
              "duration": 0,
              "state": "passed",
              "speed": "fast",
              "pass": true,
              "fail": false,
              "pending": false,
              "context": null,
              "code": "const satisfier = satisfiers_1.inequalitySatisfier(ref, \">=40\");\nsatisfier.should.have.property(\"constraint\");\nconst { constraint } = satisfier;\nisCorrectConstraint(constraint, modulesList1, false);",
              "err": {},
              "uuid": "c2b7e3b4-210a-4b71-9095-49f58d57d09d",
              "parentUUID": "1549e587-5d42-49e3-afbe-128a71828a65",
              "isHook": false,
              "skipped": false
            },
            {
              "title": "should preserve list of modules with upper bound of MCs if total MC count is equal",
              "fullTitle": "inequalitySatisfier should preserve list of modules with upper bound of MCs if total MC count is equal",
              "timedOut": false,
              "duration": 1,
              "state": "passed",
              "speed": "fast",
              "pass": true,
              "fail": false,
              "pending": false,
              "context": null,
[...]
              "fullTitle": "inequalitySatisfier should truncate list of modules with upper bound of MCs, cutting off at the minimum starting sequence that exceeds upper bound, if total MC count is higher and there exists no starting sequence with exact MC count",
              "timedOut": false,
              "duration": 0,
              "state": "passed",
              "speed": "fast",
              "pass": true,
              "fail": false,
              "pending": false,
              "context": null,
              "code": "const satisfier = satisfiers_1.inequalitySatisfier(ref, \"<=17\");\nsatisfier.should.have.property(\"filter\");\nconst { filter } = satisfier;\nisCorrectFilter(filter, modulesList1, [\n    \"CS2100\",\n    \"GER1000\",\n    \"CS2040S\",\n    \"ST2131\",\n    \"MA1521\",\n]);",
              "err": {},
              "uuid": "36b79837-904d-46fd-9e71-e4ce9416f89c",
              "parentUUID": "1549e587-5d42-49e3-afbe-128a71828a65",
              "isHook": false,
              "skipped": false
            }
          ],
          "suites": [],
          "passes": [
            "d178fece-a4cf-489d-9eea-57ea2e49a368",
            "177cc5c5-a2cd-4113-860b-d9f2d505af7b",
            "c2b7e3b4-210a-4b71-9095-49f58d57d09d",
            "28a6b7c2-87a0-43ca-b92f-5e544c096e41",
            "13c01a25-c531-4168-9ee6-baea43f43a4f",
            "c0621f08-b67b-4a8d-b83a-fe6e72b5beaa",
            "36b79837-904d-46fd-9e71-e4ce9416f89c"
          ],
          "failures": [],
          "pending": [],
          "skipped": [],
          "duration": 2,
          "root": false,
          "rootEmpty": false,
          "_timeout": 2000
        },
        {
          "uuid": "167b4f29-c96c-462c-bd29-1c8bad2ddf78",
          "title": "inequalitySchema",
          "fullFile": "/home/runner/work/planwithus-lib/planwithus-lib/src/satisfyRule/inequality/schemas.test.ts",
          "file": "/src/satisfyRule/inequality/schemas.test.ts",
          "beforeHooks": [],
          "afterHooks": [],
          "tests": [
            {
              "title": "should validate inequality in the form <=n or >=n",
              "fullTitle": "inequalitySchema should validate inequality in the form <=n or >=n",
              "timedOut": false,
              "duration": 1,
              "state": "passed",
              "speed": "fast",
              "pass": true,
              "fail": false,
              "pending": false,
              "context": "[\n  {\n    \"title\": \"inequality sample 0\",\n    \"value\": \"<=200\"\n  },\n  {\n    \"title\": \"inequality sample 1\",\n    \"value\": \">=197\"\n  },\n  {\n    \"title\": \"inequality sample 2\",\n    \"value\": \"<=64\"\n  },\n  {\n    \"title\": \"inequality sample 3\",\n    \"value\": \">=10\"\n  },\n  {\n    \"title\": \"inequality sample 4\",\n    \"value\": \">=4\"\n  },\n  {\n    \"title\": \"inequality sample 5\",\n    \"value\": \"<=176\"\n  },\n  {\n    \"title\": \"inequality sample 6\",\n    \"value\": \"<=8\"\n  },\n  {\n    \"title\": \"inequality sample 7\",\n    \"value\": \"<=197\"\n  },\n  {\n    \"title\": \"inequality sample 8\",\n    \"value\": \">=5\"\n  },\n  {\n    \"title\": \"inequality sample 9\",\n    \"value\": \">=193\"\n  }\n]",
              "code": "fast_check_1.sample(index_test_2.inequality, 10).forEach((sample, i) => addContext_1.default(this, {\n    title: `inequality sample ${i}`,\n    value: sample,\n}));\nreturn fast_check_1.assert(fast_check_1.property(index_test_2.inequality, ajvValidate));",
              "err": {},
              "uuid": "32a9ef61-2625-47fa-9ea8-726718813d56",
              "parentUUID": "167b4f29-c96c-462c-bd29-1c8bad2ddf78",
              "isHook": false,
              "skipped": false
            },
            {
              "title": "should not validate inequality of invalid form",
              "fullTitle": "inequalitySchema should not validate inequality of invalid form",
              "timedOut": false,
              "duration": 1,
              "state": "passed",
              "speed": "fast",
              "pass": true,
              "fail": false,
              "pending": false,
              "context": null,
              "code": "[\n        \"\",\n        \"==23\",\n        \"23\",\n        \"<23\",\n        \">23\",\n        \"<=-1\",\n        \">=-1\",\n        \"<= 2\",\n        \">= 1\",\n        \"> 3\",\n        \"< 3\",\n        \"<=3a\",\n        \">=3a\",\n        \"a<=3\",\n        \"a>=3\",\n    ].forEach(isInvalidInequality)",
              "err": {},
              "uuid": "d471e0c6-3234-46dc-b43e-c96fe14184bf",
              "parentUUID": "167b4f29-c96c-462c-bd29-1c8bad2ddf78",
              "isHook": false,
              "skipped": false
            }
          ],
          "suites": [],
          "passes": [
            "32a9ef61-2625-47fa-9ea8-726718813d56",
            "d471e0c6-3234-46dc-b43e-c96fe14184bf"
          ],
          "failures": [],
          "pending": [],
          "skipped": [],
          "duration": 2,
          "root": false,
          "rootEmpty": false,
          "_timeout": 2000
        },
        {
          "uuid": "6221a9bf-f919-43d9-aafc-9617594068a9",
          "title": "satisfyRuleSchema",
          "fullFile": "/home/runner/work/planwithus-lib/planwithus-lib/src/satisfyRule/schemas.test.ts",
          "file": "/src/satisfyRule/schemas.test.ts",
          "beforeHooks": [],
          "afterHooks": [],
          "tests": [
            {
              "title": "should validate satisfy rule with valid block id",
              "fullTitle": "satisfyRuleSchema should validate satisfy rule with valid block id",
              "timedOut": false,
              "duration": 1,
              "state": "passed",
              "speed": "fast",
              "pass": true,
              "fail": false,
              "pending": false,
              "context": null,
              "code": "fast_check_1.assert(fast_check_1.property(fast_check_1.string(), ajvValidate)",
              "err": {},
              "uuid": "c20ef18d-9134-46e1-9004-f7e5ebd94520",
              "parentUUID": "6221a9bf-f919-43d9-aafc-9617594068a9",
              "isHook": false,
              "skipped": false
            },
            {
              "title": "should validate satisfy rules with valid mc",
              "fullTitle": "satisfyRuleSchema should validate satisfy rules with valid mc",
              "timedOut": false,
              "duration": 2,
              "state": "passed",
              "speed": "fast",
              "pass": true,
              "fail": false,
              "pending": false,
              "context": "[\n  {\n    \"title\": \"mcSatisfyRule sample 0\",\n    \"value\": {\n      \"mc\": \">=4\"\n    }\n  },\n  {\n    \"title\": \"mcSatisfyRule sample 1\",\n    \"value\": {\n      \"mc\": \"<=125\"\n    }\n  },\n  {\n    \"title\": \"mcSatisfyRule sample 2\",\n    \"value\": {\n      \"mc\": \"<=194\"\n    }\n  },\n  {\n    \"title\": \"mcSatisfyRule sample 3\",\n    \"value\": {\n      \"mc\": \"<=78\"\n    }\n  },\n  {\n    \"title\": \"mcSatisfyRule sample 4\",\n    \"value\": {\n      \"mc\": \"<=16\"\n    }\n  },\n  {\n    \"title\": \"mcSatisfyRule sample 5\",\n    \"value\": {\n      \"mc\": \"<=2\"\n    }\n  },\n  {\n    \"title\": \"mcSatisfyRule sample 6\",\n    \"value\": {\n      \"mc\": \">=8\"\n    }\n  },\n  {\n    \"title\": \"mcSatisfyRule sample 7\",\n    \"value\": {\n      \"mc\": \"<=80\"\n    }\n  },\n  {\n    \"title\": \"mcSatisfyRule sample 8\",\n    \"value\": {\n      \"mc\": \">=180\"\n    }\n  },\n  {\n    \"title\": \"mcSatisfyRule sample 9\",\n    \"value\": {\n      \"mc\": \">=64\"\n    }\n  }\n]",
              "code": "fast_check_1.sample(index_test_2.mcSatisfyRule, 10).forEach((sample, i) => addContext_1.default(this, {\n    title: `mcSatisfyRule sample ${i}`,\n    value: sample,\n}));\nreturn fast_check_1.assert(fast_check_1.property(index_test_2.mcSatisfyRule, ajvValidate));",
              "err": {},
              "uuid": "62ad1945-2b78-40c1-84fe-268cd06567e8",
              "parentUUID": "6221a9bf-f919-43d9-aafc-9617594068a9",
              "isHook": false,
              "skipped": false
            },
            {
              "title": "should validate valid recursive satisfy rules",
              "fullTitle": "satisfyRuleSchema should validate valid recursive satisfy rules",
              "timedOut": false,
              "duration": 6,
              "state": "passed",
              "speed": "fast",
              "pass": true,
              "fail": false,
              "pending": false,
              "context": "[\n  {\n    \"title\": \"satisfyRule sample 0\",\n    \"value\": {\n      \"and\": [\n        {\n          \"and\": []\n        },\n        {\n          \"mc\": \"<=145\"\n        },\n        {\n          \"or\": [\n            {\n              \"mc\": \"<=84\"\n            },\n            \"gD-$'-|Gl\",\n            \"WF7.MsbP\"\n          ]\n        },\n        \"Ljwt!\"\n      ]\n    }\n  },\n  {\n    \"title\": \"satisfyRule sample 1\",\n    \"value\": {\n      \"or\": [\n        {\n          \"mc\": \">=46\"\n        },\n        {\n          \"and\": [\n            {\n              \"and\": [\n                \"E`g..E\",\n                \"Xf@\",\n                {\n                  \"and\": [\n                    \"19y\",\n                    \"\"\n                  ]\n                }\n              ]\n            },\n            \"N8(~s<\\\\&0\",\n            {\n              \"or\": [\n                {\n                  \"mc\": \"<=184\"\n                },\n                \"\",\n                {\n                  \"and\": [\n                    \";C(a9^J\",\n                    {\n                      \"or\": [\n                        \"I\\\\Ry\",\n                        \"{Z@<[\",\n                        \"N$9ESvu\"\n                      ]\n                    },\n                    \"S>Ax$V+~2\",\n                    {\n                      \"mc\": \"<=113\"\n                    }\n                  ]\n                }\n              ]\n            },\n            \"X\"\n          ]\n        }\n      ]\n    }\n  },\n  {\n    \"title\": \"satisfyRule sample 2\",\n    \"value\": {\n      \"and\": [\n        \"=c\",\n        {\n          \"and\": [\n            \"O\"\n          ]\n        }\n      ]\n    }\n  },\n  {\n    \"title\": \"satisfyRule sample 3\",\n    \"value\": \"\"\n  },\n  {\n    \"title\": \"satisfyRule sample 4\",\n    \"value\": \"D/Ox3fP\"\n  },\n  {\n    \"title\": \"satisfyRule sample 5\",\n    \"value\": {\n      \"and\": []\n    }\n  },\n  {\n    \"title\": \"satisfyRule sample 6\",\n    \"value\": {\n      \"and\": [\n        {\n          \"and\": [\n            \"Zf<FL\\\"u\\\\ :\"\n          ]\n        },\n        {\n          \"mc\": \">=99\"\n        }\n      ]\n    }\n  },\n  {\n    \"title\": \"satisfyRule sample 7\",\n    \"value\": {\n      \"or\": [\n        {\n          \"or\": []\n        }\n      ]\n    }\n  },\n  {\n    \"title\": \"satisfyRule sample 8\",\n    \"value\": {\n      \"and\": [\n        \"QC(\",\n        {\n          \"and\": [\n            {\n              \"mc\": \"<=86\"\n            },\n            {\n              \"and\": [\n                \"_<L\",\n                \"/}5\",\n                \"xD\"\n              ]\n            },\n            \"VFqX`\"\n          ]\n        },\n        {\n          \"or\": [\n            {\n              \"or\": [\n                \"nk\\\":\",\n                \"@l*h\"\n              ]\n            },\n            {\n              \"or\": [\n                \"~H$\",\n                \"sC`Vc}C<\",\n                {\n                  \"or\": [\n                    \"F8C\"\n                  ]\n                },\n                {\n                  \"or\": [\n                    {\n                      \"or\": [\n                        {\n                          \"or\": [\n                            \"vC2jkza\",\n                            \"VNw!P<q[\",\n                            \"4>wrN!\",\n                            \"9mo17\",\n                            \"lHfg{=\"\n                          ]\n                        },\n                        {\n                          \"and\": [\n                            \"oYm@(dsX41\",\n                            \"\",\n                            \"][NjO%Toc\"\n                          ]\n                        },\n                        \"cq|:o[I\"\n                      ]\n                    },\n                    \"FukM\"\n                  ]\n                },\n                \"go\"\n              ]\n            }\n          ]\n        },\n        {\n          \"mc\": \">=25\"\n        }\n      ]\n    }\n  },\n  {\n    \"title\": \"satisfyRule sample 9\",\n    \"value\": {\n      \"and\": [\n        {\n          \"mc\": \">=139\"\n        },\n        {\n          \"or\": [\n            {\n              \"mc\": \"<=103\"\n            }\n          ]\n        },\n        \"Du]Mt\",\n        {\n          \"mc\": \">=110\"\n        },\n        \"\"\n      ]\n    }\n  }\n]",
              "code": "fast_check_1.sample(index_test_2.satisfyRule, 10).forEach((sample, i) => addContext_1.default(this, {\n    title: `satisfyRule sample ${i}`,\n    value: sample,\n}));\nreturn fast_check_1.assert(fast_check_1.property(index_test_2.satisfyRule, ajvValidate));",
              "err": {},
              "uuid": "fcde4e31-68af-40d3-ac99-bcde96ea80e5",
              "parentUUID": "6221a9bf-f919-43d9-aafc-9617594068a9",
              "isHook": false,
              "skipped": false
            },
            {
              "title": "should not validate non-string/object",
              "fullTitle": "satisfyRuleSchema should not validate non-string/object",
              "timedOut": false,
              "duration": 1,
              "state": "passed",
              "speed": "fast",
              "pass": true,
              "fail": false,
              "pending": false,
              "context": null,
              "code": "const error = {\n    instancePath: \"\",\n    message: \"satisfy rule should be either a string or an object\",\n};\nisInvalidRule(null, error);\nisInvalidRule(undefined, error);\nisInvalidRule(10, error);\nisInvalidRule([12, 24], error);",
              "err": {},
              "uuid": "09980d84-e583-419c-9f39-7002dc5779c6",
              "parentUUID": "6221a9bf-f919-43d9-aafc-9617594068a9",
              "isHook": false,
              "skipped": false
            },
            {
              "title": "should not validate satisfy rules with extra properties",
              "fullTitle": "satisfyRuleSchema should not validate satisfy rules with extra properties",
              "timedOut": false,
              "duration": 1,
              "state": "passed",
              "speed": "fast",
              "pass": true,
              "fail": false,
              "pending": false,
              "context": null,
              "code": "isInvalidRule({\n        and: [\n            { or: [\"2k\"], abc: \"def\" },\n            { mc: 8, ghi: \"jkl\" },\n        ],\n        mno: \"pqr\",\n    }, {\n        instancePath: \"/and/0\",\n        message: \"or satisfy rule should have property 'or' only\",\n    }, {\n        instancePath: \"/and/1\",\n        message: \"MC satisfy rule should have property 'mc' only\",\n    }, {\n        instancePath: \"\",\n        message: \"and satisfy rule should have property 'and' only\",\n    })",
              "err": {},
              "uuid": "c47d1239-b659-4f9a-a87e-b77c8bdb9295",
              "parentUUID": "6221a9bf-f919-43d9-aafc-9617594068a9",
              "isHook": false,
              "skipped": false
            },
            {
              "title": "should not validate ambiguous satisfy rules",
              "fullTitle": "satisfyRuleSchema should not validate ambiguous satisfy rules",
              "timedOut": false,
              "duration": 0,
              "state": "passed",
              "speed": "fast",
              "pass": true,
              "fail": false,
              "pending": false,
              "context": null,
              "code": "const message = \"satisfy rule should have only one of properties 'mc', 'and', 'or'\";\nisInvalidRule({\n    or: [\n        { mc: 5, and: [\"CS2040\"] },\n        { and: [{ and: [\"abc\"], or: [\"def\"] }] },\n    ],\n}, { instancePath: \"/or/0\", message }, { instancePath: \"/or/1/and/0\", message });",
              "err": {},
              "uuid": "f37d0ad0-4924-4d97-84d2-bfc9b03197a7",
              "parentUUID": "6221a9bf-f919-43d9-aafc-9617594068a9",
              "isHook": false,
              "skipped": false
            },
            {
              "title": "should not validate and satisfy rules with non-array property",
              "fullTitle": "satisfyRuleSchema should not validate and satisfy rules with non-array property",
              "timedOut": false,
              "duration": 1,
              "state": "passed",
              "speed": "fast",
              "pass": true,
              "fail": false,
              "pending": false,
              "context": null,
              "code": "const message = \"property 'and' should be an array of satisfy rules\";\nisInvalidRule({ or: [{ and: {} }, { or: [{ and: 3 }] }] }, { instancePath: \"/or/0/and\", message }, { instancePath: \"/or/1/or/0/and\", message });",
              "err": {},
              "uuid": "c0d04318-86c4-429d-8395-a4bf71dd6d83",
              "parentUUID": "6221a9bf-f919-43d9-aafc-9617594068a9",
              "isHook": false,
              "skipped": false
            },
            {
              "title": "should not validate or satisfy rules with non-array property",
              "fullTitle": "satisfyRuleSchema should not validate or satisfy rules with non-array property",
              "timedOut": false,
              "duration": 0,
              "state": "passed",
              "speed": "fast",
              "pass": true,
              "fail": false,
              "pending": false,
              "context": null,
              "code": "const message = \"property 'or' should be an array of satisfy rules\";\nisInvalidRule({ and: [{ or: {} }, { and: [{ or: 3 }] }] }, { instancePath: \"/and/0/or\", message }, { instancePath: \"/and/1/and/0/or\", message });",
              "err": {},
              "uuid": "815a7754-6c53-41cb-a766-7e356356893e",
              "parentUUID": "6221a9bf-f919-43d9-aafc-9617594068a9",
              "isHook": false,
              "skipped": false
            }
          ],
          "suites": [],
          "passes": [
            "c20ef18d-9134-46e1-9004-f7e5ebd94520",
            "62ad1945-2b78-40c1-84fe-268cd06567e8",
            "fcde4e31-68af-40d3-ac99-bcde96ea80e5",
            "09980d84-e583-419c-9f39-7002dc5779c6",
            "c47d1239-b659-4f9a-a87e-b77c8bdb9295",
            "f37d0ad0-4924-4d97-84d2-bfc9b03197a7",
            "c0d04318-86c4-429d-8395-a4bf71dd6d83",
            "815a7754-6c53-41cb-a766-7e356356893e"
          ],
          "failures": [],
          "pending": [],
          "skipped": [],
          "duration": 12,
          "root": false,
          "rootEmpty": false,
          "_timeout": 2000
        }
      ],
      "passes": [],
      "failures": [],
      "pending": [],
      "skipped": [],
      "duration": 0,
      "root": true,
      "rootEmpty": true,
      "_timeout": 2000
    }
  ],
  "meta": {
    "mocha": {
      "version": "9.0.2"
    },
    "mochawesome": {
      "options": {
        "quiet": false,
        "reportFilename": "mochawesome",
        "saveHtml": true,
        "saveJson": true,
        "consoleReporter": "spec",
        "useInlineDiffs": false,
        "code": true
      },
      "version": "6.2.2"
    },
    "marge": {
      "options": {
        "reportDir": "docs"
      },
      "version": "5.2.0"
    }
  }
}