{
  "stats": {
    "suites": 10,
    "tests": 48,
    "passes": 48,
    "pending": 0,
    "failures": 0,
    "start": "2021-07-19T10:55:45.040Z",
    "end": "2021-07-19T10:55:45.474Z",
    "duration": 434,
    "testsRegistered": 48,
    "passPercent": 100,
    "pendingPercent": 0,
    "other": 0,
    "hasOther": false,
    "skipped": 0,
    "hasSkipped": false
  },
  "results": [
    {
      "uuid": "7aff97ba-7d0b-48e2-9b16-bd65ec8ce347",
      "title": "",
      "fullFile": "",
      "file": "",
      "beforeHooks": [],
      "afterHooks": [],
      "tests": [],
      "suites": [
        {
          "uuid": "c1531c31-1503-48f2-920f-db68343e7045",
          "title": "initDirectories",
          "fullFile": "/home/runner/work/planwithus-lib/planwithus-lib/src/block/schemas.test.ts",
          "file": "/src/block/schemas.test.ts",
          "beforeHooks": [],
          "afterHooks": [],
          "tests": [
            {
              "title": "should parse all blocks with no errors",
              "fullTitle": "initDirectories should parse all blocks with no errors",
              "timedOut": false,
              "duration": 3,
              "state": "passed",
              "speed": "fast",
              "pass": true,
              "fail": false,
              "pending": false,
              "context": null,
              "code": "_1.initDirectories.should.not.throw()",
              "err": {},
              "uuid": "7dfe35ff-492b-464c-b5d3-4dbdd21711ef",
              "parentUUID": "c1531c31-1503-48f2-920f-db68343e7045",
              "isHook": false,
              "skipped": false
            },
            {
              "title": "should produce primary, second & minor directories",
              "fullTitle": "initDirectories should produce primary, second & minor directories",
              "timedOut": false,
              "duration": 2,
              "state": "passed",
              "speed": "fast",
              "pass": true,
              "fail": false,
              "pending": false,
              "context": null,
              "code": "const directories = _1.initDirectories();\ndirectories.should.have.property(\"primary\");\ndirectories.should.have.property(\"second\");\ndirectories.should.have.property(\"minor\");",
              "err": {},
              "uuid": "10814299-f4b8-4fdd-a343-43037119306f",
              "parentUUID": "c1531c31-1503-48f2-920f-db68343e7045",
              "isHook": false,
              "skipped": false
            }
          ],
          "suites": [],
          "passes": [
            "7dfe35ff-492b-464c-b5d3-4dbdd21711ef",
            "10814299-f4b8-4fdd-a343-43037119306f"
          ],
          "failures": [],
          "pending": [],
          "skipped": [],
          "duration": 5,
          "root": false,
          "rootEmpty": false,
          "_timeout": 2000
        },
        {
          "uuid": "ad61eadc-ca5f-41f2-910b-f32db0a638f5",
          "title": "blockSchema",
          "fullFile": "/home/runner/work/planwithus-lib/planwithus-lib/src/block/schemas.test.ts",
          "file": "/src/block/schemas.test.ts",
          "beforeHooks": [],
          "afterHooks": [],
          "tests": [
            {
              "title": "should validate valid block",
              "fullTitle": "blockSchema should validate valid block",
              "timedOut": false,
              "duration": 261,
              "state": "passed",
              "speed": "slow",
              "pass": true,
              "fail": false,
              "pending": false,
              "context": "[\n  {\n    \"title\": \"block sample 0\",\n    \"value\": {\n      \"name\": \"W)dF!E9>?1\",\n      \"ay\": 1951,\n      \"satisfy\": {\n        \"and\": [\n          {\n            \"or\": [\n              {\n                \"mc\": \">=8\"\n              },\n              {\n                \"and\": []\n              },\n              {\n                \"mc\": \">=186\"\n              },\n              {\n                \"or\": [\n                  {\n                    \"and\": [\n                      {\n                        \"or\": [\n                          \"\\\"ra\",\n                          \"(S_^\",\n                          {\n                            \"and\": [\n                              \"W7\",\n                              \"Y>ej&cz Y2\",\n                              \"31P%U-T\\\"0\",\n                              \"$m*O08Ot\",\n                              \"T=k?9w\"\n                            ]\n                          }\n                        ]\n                      },\n                      \"HVBW1doq[\"\n                    ]\n                  },\n                  \"XI<6,TbgmE\",\n                  {\n                    \"and\": [\n                      \"|F\",\n                      \" #:-/\",\n                      \"l{o8=\",\n                      {\n                        \"or\": [\n                          \"gs\\\"\",\n                          \"U(:B\",\n                          {\n                            \"or\": []\n                          },\n                          {\n                            \"and\": [\n                              \"\",\n                              \"[b! Fd\",\n                              \"h\",\n                              \"Qn`\"\n                            ]\n                          }\n                        ]\n                      },\n                      {\n                        \"and\": [\n                          \"3R9m>j\"\n                        ]\n                      }\n                    ]\n                  }\n                ]\n              },\n              \"L5qnl'\"\n            ]\n          },\n          {\n            \"and\": [\n              \"\\\"/IpqP\\\"\",\n              \"T\",\n              \"a=\",\n              {\n                \"mc\": \"<=7\"\n              }\n            ]\n          },\n          {\n            \"and\": [\n              \"n)x\",\n              \":\"\n            ]\n          }\n        ]\n      },\n      \"url\": \"http://cl5wzihf0qesf1cc1w4s2qiq9uijgy5.aehm17.4.u1yp040d0xs1t2vdjhe2ghan4tcwrqfxhgzfd.vkyheqih/cgm%F0%A2%AD%91L/+Km:/&o6&$~ovo0\",\n      \"info\": \"t[kPk# }r\",\n      \"isSelectable\": true,\n      \"iVRgV&\": {\n        \"name\": \"W0Gy$B\\\\S\",\n        \"satisfy\": {\n          \"or\": [\n            {\n              \"and\": []\n            },\n            {\n              \"or\": [\n                \"\\\\=ZC\"\n              ]\n            }\n          ]\n        },\n        \"url\": \"https://9pcrf2s6b.czir/0J$%F1%92%91%8ETO/t.%F1%89%97%84US%F1%8C%93%AD,4c\",\n        \"isSelectable\": true\n      },\n      \"t<+\\\"&.J\": {\n        \"3\": {\n          \"name\": \"V~ECl?gx\",\n          \"ay\": 2021,\n          \"assign\": [\n            \"EDRML}J}\",\n            \"?3gK40\",\n            \"z~*Oj6~Y\"\n          ],\n          \"match\": \"JT21\",\n          \"url\": \"http://qnk16lluldo26miv.tgj6len4h1kvmy9y57bajfuqzmhwpgkcizadjmv7alyhp9l8g1263l1aqdvvs.kuvy/ik0A=//G-Q//%F3%83%BF%AF%F1%97%90%A8./stg%F3%86%AD%8E~/:y=lA;\",\n          \"info\": \"\\\\%zu+1ww:\",\n          \"isSelectable\": true,\n          \"ZP/\": {\n            \"name\": \"p%.YeI*:On\",\n            \"assign\": [\n              \"\",\n              \"~\",\n              \"'C9-g.INb\",\n              \"G$a@\",\n              \"-Hu%x\"\n            ],\n            \"match\": {\n              \"pattern\": \"TV92\",\n              \"exclude\": [\n                \"SA5\",\n                \"ETx61\",\n                \"RGUx\",\n                \"PBQ7\"\n              ]\n            },\n            \"satisfy\": [\n              {\n                \"mc\": \">=58\"\n              },\n              {\n                \"mc\": \">=83\"\n              },\n              \"98]0j<|r\",\n              {\n                \"and\": [\n                  \"H?i\",\n                  {\n                    \"mc\": \"<=58\"\n                  },\n                  {\n                    \"and\": []\n                  },\n                  {\n                    \"or\": [\n                      {\n                        \"and\": [\n                          {\n                            \"or\": [\n                              \"noo1tz6\",\n                              \"EQh* _Ko\",\n                              \"sX;%\",\n                              {\n                                \"and\": [\n                                  \"E(@~bQ\"\n                                ]\n                              }\n                            ]\n                          }\n                        ]\n                      }\n                    ]\n                  },\n                  {\n                    \"and\": [\n                      {\n                        \"and\": [\n                          \"h#\",\n                          \"bYI0.%,N81\",\n                          \"}MFg-3lbQ\",\n                          \"Fe5B?\\\"Av@\"\n                        ]\n                      },\n                      {\n                        \"mc\": \">=109\"\n                      },\n                      \"s\",\n                      {\n                        \"or\": [\n                          {\n                            \"mc\": \">=114\"\n                          }\n                        ]\n                      }\n                    ]\n                  }\n                ]\n              }\n            ],\n            \"url\": \"https://o4b7fied961qy6m61b---7g1b.d1u7u8nkrwzz7grx-uvqgtvurfnkan4fakvbyo7xwe5hnpj3wpciby65x.v69nngp-6-nho4d0-irb73r5n32v2p6ukx2479f97fn7hv4n3m0.tdvsymkee/vM)LqdKN*/=M;6q\",\n            \"info\": \"EcY<Z\",\n            \"isSelectable\": true\n          },\n          \"Fj9\": {\n            \"ay\": 1954,\n            \"assign\": [],\n            \"match\": [\n              {\n                \"and\": [\n                  {\n                    \"pattern\": \"ID8732\",\n                    \"info\": \"\"\n                  },\n                  {\n                    \"or\": []\n                  },\n                  \"PE853x\"\n                ]\n              },\n              {\n                \"or\": [\n                  {\n                    \"or\": []\n                  },\n                  \"HBC2Z\",\n                  \"CMB7596\"\n                ]\n              }\n            ],\n            \"satisfy\": {\n              \"mc\": \"<=145\"\n            },\n            \"url\": \"https://5.rv.uhutu/3Qlw%F3%8D%AC%89_%F2%A5%AD%8E6Bd/.C=KXDOo///%F3%98%BB%ABw8d%F2%87%B0%B3.,5%F0%BE%99%BE/FI3%F3%93%B0%ABk&t%F1%AB%8D%AA-/%F2%84%A9%BF&%F3%A7%90%87EdK;5/EUM%E4%AD%AEIq%F0%B4%A5%AEH\",\n            \"info\": \"pBt\"\n          },\n          \"i6\": {\n            \"name\": \"7h|;$\\\\i\",\n            \"assign\": \"oc(I'@g7r1\",\n            \"match\": [\n              {\n                \"and\": [\n                  {\n                    \"pattern\": \"DOG0\",\n                    \"exclude\": \"OD8008U\",\n                    \"info\": \"Mc\"\n                  },\n                  \"PV4\",\n                  \"ILG8E\",\n                  {\n                    \"or\": [\n                      \"OJ6\"\n                    ]\n                  }\n                ]\n              },\n              \"IW0036N\"\n            ],\n            \"satisfy\": [\n              \"(uIg\",\n              {\n                \"and\": [\n                  \"(9\",\n                  {\n                    \"or\": []\n                  }\n                ]\n              },\n              {\n                \"mc\": \">=44\"\n              },\n              {\n                \"and\": [\n                  {\n                    \"and\": [\n                      {\n                        \"and\": [\n                          {\n                            \"or\": [\n                              {\n                                \"or\": [\n                                  \"8\\\\xVC%an\",\n                                  \"h;lNWO$~\",\n                                  {\n                                    \"mc\": \">=149\"\n                                  },\n                                  {\n                                    \"or\": []\n                                  },\n                                  \"Vf<\"\n                                ]\n                              },\n                              \"I~wJ\"\n                            ]\n                          },\n                          \"g*!|^P,v@\",\n                          {\n                            \"and\": []\n                          },\n                          {\n                            \"and\": [\n                              \"VfO=, '+ \"\n                            ]\n                          }\n                        ]\n                      },\n                      \":\"\n                    ]\n                  }\n                ]\n              }\n            ],\n            \"url\": \"https://l.lk8ebz5qdkulw3vf9be.ykwwdbyzsl/\",\n            \"info\": \"I!3jlB*v\",\n            \"isSelectable\": true\n          },\n          \"eDY\": {\n            \"name\": \"$ItS,CfJ\",\n            \"assign\": [],\n            \"satisfy\": {\n              \"and\": [\n                {\n                  \"and\": [\n                    \"w$}s_\",\n                    \"2R\",\n                    \"r\",\n                    {\n                      \"mc\": \"<=189\"\n                    },\n                    {\n                      \"or\": [\n                        \"T)lcPK\",\n                        \"E.IH'Fb\",\n                        \"~{^d-\",\n                        \"2@xJe\"\n                      ]\n                    }\n                  ]\n                }\n              ]\n            },\n            \"\": {\n              \"assign\": \"N?JeI\",\n              \"match\": [\n                {\n                  \"pattern\": \"QXA732E\",\n                  \"exclude\": [\n                    \"KWP3x81\"\n                  ],\n                  \"info\": \"ChUuM/\"\n                }\n              ],\n              \"satisfy\": {\n                \"and\": [\n                  {\n                    \"or\": [\n                      {\n                        \"and\": [\n                          {\n                            \"or\": [\n                              \"~-wU h\",\n                              \"Uk.>k2f\",\n                              \"\"\n                            ]\n                          },\n                          {\n                            \"mc\": \">=102\"\n                          }\n                        ]\n                      },\n                      \"\",\n                      \"IETS f\"\n                    ]\n                  }\n                ]\n              },\n              \"url\": \"http://w.mbn/h%F0%A7%84%B67Ux)0W/T/%EB%9A%90-L)tLU6PJ/*+4gIj=/vT_X\",\n              \"info\": \">GT60c\",\n              \"isSelectable\": true\n            }\n          },\n          \"!Qy%z1;|3D\": {\n            \"name\": \"QzyK_qI*\",\n            \"ay\": 1979,\n            \"assign\": \"\",\n            \"match\": [\n              {\n                \"pattern\": \"SGG870K\",\n                \"exclude\": \"JUO8997T\",\n                \"info\": \"?e2ZD?$l\"\n              },\n              {\n                \"and\": [\n                  {\n                    \"or\": [\n                      \"RQW679\",\n                      \"VE7\",\n                      \"XGX07C\",\n                      {\n                        \"or\": [\n                          {\n                            \"pattern\": \"NP1068B\",\n                            \"exclude\": [],\n                            \"info\": \";3l):\"\n                          },\n                          {\n                            \"pattern\": \"XN02D\",\n                            \"exclude\": [],\n                            \"info\": \"\"\n                          },\n                          {\n                            \"or\": [\n                              {\n                                \"and\": [\n                                  \"CU6R\",\n                                  \"WVKx879J\",\n                                  \"PH63A\",\n                                  {\n                                    \"and\": [\n                                      \"UXO234\",\n                                      \"AP378\",\n                                      \"KUxJ\"\n                                    ]\n                                  },\n                                  {\n                                    \"and\": [\n                                      \"FT2\",\n                                      \"EC473\",\n                                      \"BJJ174R\"\n                                    ]\n                                  }\n                                ]\n                              },\n                              {\n                                \"and\": [\n                                  \"GIM4690I\",\n                                  \"ROS6\",\n                                  \"EW50*\",\n                                  \"KKN77\",\n                                  {\n                                    \"pattern\": \"GZ90\",\n                                    \"info\": \"ry\"\n                                  }\n                                ]\n                              },\n                              \"PO1\",\n                              \"ZY4930A\"\n                            ]\n                          },\n                          \"ZWP4347\"\n                        ]\n                      },\n                      \"LVO**1\"\n                    ]\n                  },\n                  {\n                    \"pattern\": \"NE44T\",\n                    \"exclude\": [\n                      \"FIJ180x\",\n                      \"TW89S\",\n                      \"DRJ8xQ\",\n                      \"TNS529W\"\n                    ],\n                    \"info\": \"E1q#rGmu\"\n                  },\n                  \"PRS*x0Z\",\n                  {\n                    \"pattern\": \"GCxT\"\n                  },\n                  {\n                    \"or\": [\n                      {\n                        \"pattern\": \"XOA00*5\",\n                        \"exclude\": \"XM*22Q\",\n                        \"info\": \"|;,{|\"\n                      },\n                      \"HEN3\",\n                      {\n                        \"pattern\": \"TNQ02J\",\n                        \"exclude\": [\n                          \"OWO1x9*\",\n                          \"VI7\",\n                          \"ONP08\",\n                          \"HI4*T\"\n                        ]\n                      },\n                      \"XN5465\"\n                    ]\n                  }\n                ]\n              },\n              {\n                \"and\": []\n              },\n              \"PIV8G\",\n              \"DHH503\"\n            ],\n            \"satisfy\": [\n              {\n                \"or\": [\n                  \"_eV~;NL\"\n                ]\n              }\n            ],\n            \"info\": \"+ %Yu\",\n            \"isSelectable\": true\n          }\n        },\n        \"ay\": 2008,\n        \"assign\": \"pq\",\n        \"satisfy\": \"o`'0mhCO\",\n        \"url\": \"https://6s0-cpdkhrmxm6gvtnq4iw9mee7.dr89atl4lfmj.tkoaxuubfl/D@/eJK.t-)1h/4CZ+G/4ybT;%F3%B0%86%96@%F4%8A%B2%82\",\n        \"isSelectable\": true,\n        \"\": {\n          \"name\": \"\",\n          \"ay\": 1960,\n          \"assign\": [],\n          \"satisfy\": [\n            {\n              \"and\": [\n                \"\",\n                {\n                  \"or\": [\n                    \"i\",\n                    {\n                      \"and\": [\n                        {\n                          \"or\": []\n                        },\n                        {\n                          \"and\": [\n                            \"w3)Bz4T_p\",\n                            \"|Zfi)5A\",\n                            \"+&Q\",\n                            \"?<\",\n                            \"Z5'({:m\"\n                          ]\n                        }\n                      ]\n                    },\n                    {\n                      \"mc\": \">=177\"\n                    },\n                    {\n                      \"and\": [\n                        \"3^K:Xi&#dz\",\n                        \"Fx&>>\",\n                        {\n                          \"and\": [\n                            \"\",\n                            \"Hp5\",\n                            \"B]% ]Yk\",\n                            \"2NrNha'\",\n                            \"yA9,\"\n                          ]\n                        }\n                      ]\n                    }\n                  ]\n                },\n                {\n                  \"or\": [\n                    {\n                      \"or\": [\n                        {\n                          \"or\": [\n                            \"W\",\n                            \"1,f\",\n                            \"\",\n                            \"sJ9T|4W2y\",\n                            \"YKl\"\n                          ]\n                        }\n                      ]\n                    }\n                  ]\n                }\n              ]\n            },\n            {\n              \"mc\": \"<=172\"\n            },\n            {\n              \"or\": [\n                {\n                  \"mc\": \"<=15\"\n                },\n                {\n                  \"and\": [\n                    \"<Q@n[jz-a4\"\n                  ]\n                },\n                {\n                  \"mc\": \">=142\"\n                }\n              ]\n            }\n          ],\n          \"url\": \"https://hrnyo0uylkbnaugsu17jrav2l1atc.n-kelgkfihbmtkjqu92pmdlw1g3ua20pj0-2toaxku9ol7.22p53.uzpbbypghr/%F3%B1%98%A1I*Th/PPe%F3%A4%B9%A7:KB/\",\n          \"info\": \"\"\n        },\n        \"cGBzM' \": {\n          \"name\": \"\",\n          \"ay\": 1959,\n          \"satisfy\": [\n            {\n              \"mc\": \">=55\"\n            }\n          ],\n          \"url\": \"https://qxmm2wie6la8txnfcgr1y9dygusnkc5mzxvlexdatxiwn8jj01.4b1rrhwg4359i1f.aihbul/k,U=%F0%B8%B9%9C)7yHL/UzOR4sVmQ/_L/%F0%9D%9F%9F)uTjf:27C\",\n          \"info\": \"4cHe\",\n          \"isSelectable\": true\n        },\n        \"dn~@;Y0{P\": {\n          \"name\": \".'\",\n          \"ay\": 1986,\n          \"assign\": \"2>r2BIkeC=\",\n          \"satisfy\": {\n            \"or\": [\n              {\n                \"and\": []\n              }\n            ]\n          },\n          \"url\": \"http://dmu0qtshzc13sp5am-t4u.luidqymua1re86nus.jg4d58.e9gty6.0.gno/nBe(FVg~-/,/RJ%F0%99%BD%AB//v3rnEI/;Zu:%F2%81%B1%81$8G/c,/5gPjBis/f~\",\n          \"info\": \"-Xx57L7OB\",\n          \"isSelectable\": true\n        }\n      },\n      \"/ Q7; /hp\": {\n        \"assign\": \"_uQ=\",\n        \"match\": [\n          {\n            \"and\": []\n          },\n          \"ACU*04\",\n          {\n            \"pattern\": \"HD7\",\n            \"exclude\": \"EI3\",\n            \"info\": \"Zd2-0R\"\n          },\n          {\n            \"pattern\": \"OQG979\",\n            \"exclude\": [],\n            \"info\": \"[8*\"\n          }\n        ],\n        \"satisfy\": [\n          \"/OBPaF2\"\n        ],\n        \"url\": \"http://q.bbr/eX/;l%F0%91%87%B6l54!&ZZ//gEYcQE/a+%F3%A2%A4%83q%F3%9F%88%BDE~(/$%F0%9A%81%92.D$\",\n        \"info\": \"8@\",\n        \"isSelectable\": true\n      },\n      \"GMqX*\": {\n        \"name\": \"@swLC$\",\n        \"ay\": 1969,\n        \"assign\": [\n          \"WBIZ!iHc\",\n          \"\",\n          \"j0jc8r2\",\n          \"'\",\n          \"71;B0z(bii\"\n        ],\n        \"match\": [\n          {\n            \"and\": [\n              {\n                \"or\": []\n              },\n              {\n                \"and\": [\n                  {\n                    \"and\": [\n                      {\n                        \"pattern\": \"JM*Z\",\n                        \"exclude\": \"IW14S\",\n                        \"info\": \"yeqnE\"\n                      },\n                      \"HN01\"\n                    ]\n                  },\n                  \"ETI5H\",\n                  {\n                    \"or\": [\n                      \"NF79B\",\n                      {\n                        \"pattern\": \"AM06\",\n                        \"exclude\": [\n                          \"LEP78D\",\n                          \"UWZ67L\",\n                          \"NL990\",\n                          \"IGT92B\",\n                          \"OPxD\"\n                        ],\n                        \"info\": \"m=3XOH,+2U\"\n                      },\n                      {\n                        \"pattern\": \"SHF3514F\",\n                        \"exclude\": [\n                          \"CDR0K\",\n                          \"YKL5F\",\n                          \"QBV79\",\n                          \"PN6375Y\"\n                        ]\n                      },\n                      \"QS820H\",\n                      {\n                        \"pattern\": \"SN*92\",\n                        \"exclude\": \"ZMP7184\",\n                        \"info\": \"{rX$=G\"\n                      }\n                    ]\n                  }\n                ]\n              },\n              {\n                \"pattern\": \"SG92\",\n                \"exclude\": [\n                  \"KVX186*Q\"\n                ],\n                \"info\": \"#[Cu\"\n              },\n              {\n                \"or\": []\n              },\n              \"KC29*x\"\n            ]\n          },\n          {\n            \"pattern\": \"IO0085I\",\n            \"exclude\": [\n              \"FVU4717\",\n              \"KXN6A\",\n              \"PW*x29\",\n              \"LYV9\",\n              \"YDM8596\"\n            ]\n          },\n          \"JIR785A\",\n          {\n            \"and\": [\n              {\n                \"and\": [\n                  {\n                    \"pattern\": \"VVO00E\",\n                    \"exclude\": [\n                      \"AQI05\",\n                      \"DUS1*\"\n                    ],\n                    \"info\": \"*Un\"\n                  },\n                  {\n                    \"and\": [\n                      {\n                        \"or\": [\n                          \"WDS7*9x\",\n                          \"PUA7\",\n                          \"FE0xN\",\n                          {\n                            \"pattern\": \"GEB924M\",\n                            \"exclude\": \"HPZ76K\",\n                            \"info\": \"&*(G$k[n*\"\n                          }\n                        ]\n                      },\n                      {\n                        \"pattern\": \"AEX7*G\"\n                      },\n                      \"NOP210I\",\n                      \"JV8\"\n                    ]\n                  },\n                  {\n                    \"and\": []\n                  },\n                  \"ES285\"\n                ]\n              },\n              {\n                \"and\": [\n                  \"PTJx19\",\n                  \"WOQ5675\",\n                  {\n                    \"and\": [\n                      \"VPS023N\",\n                      {\n                        \"pattern\": \"QUC0\",\n                        \"info\": \"3\"\n                      }\n                    ]\n                  },\n                  {\n                    \"and\": [\n                      {\n                        \"or\": [\n                          \"QYX490X\",\n                          \"LU9506\"\n                        ]\n                      },\n                      \"YHA9\",\n                      \"XGE0L\",\n                      \"CLU0\",\n                      \"VF543Q\"\n                    ]\n                  },\n                  {\n                    \"or\": [\n                      {\n                        \"and\": [\n                          \"ZCX68O\",\n                          \"XUK2*51\"\n                        ]\n                      },\n                      {\n                        \"pattern\": \"MN9769N\",\n                        \"exclude\": [\n                          \"CWH6\",\n                          \"CXR22G\",\n                          \"WUO07\",\n                          \"CR6F\"\n                        ],\n                        \"info\": \"V\"\n                      },\n                      \"IW7xxP\",\n                      {\n                        \"pattern\": \"LBY2O\",\n                        \"exclude\": \"VG8\",\n                        \"info\": \"\"\n                      },\n                      {\n                        \"and\": [\n                          \"NZx8E\",\n                          \"MI1480\",\n                          \"YBDx040L\",\n                          \"GU7x\"\n                        ]\n                      }\n                    ]\n                  }\n                ]\n              }\n            ]\n          }\n        ],\n        \"satisfy\": {\n          \"mc\": \"<=153\"\n        },\n        \"info\": \"cMp\",\n        \"isSelectable\": true\n      },\n      \"{x19%I$QM\": {\n        \"name\": \"\",\n        \"ay\": 2020,\n        \"assign\": [\n          \"&kv\",\n          \"k\",\n          \"\",\n          \"FSI`$\",\n          \"e:3fY(N\"\n        ],\n        \"match\": {\n          \"pattern\": \"MES88\",\n          \"exclude\": [\n            \"MBG912S\",\n            \"KR36C\",\n            \"OEM533\"\n          ],\n          \"info\": \"=Z4)t4O\"\n        },\n        \"satisfy\": {\n          \"and\": [\n            {\n              \"or\": [\n                \"\"\n              ]\n            }\n          ]\n        },\n        \"url\": \"https://51nwnsdykasurxw9ka0v8zfsufqykha3clk8xeo6d.xcy9zr8l81ametxub19jviuicb-c9jmn.x.md0oumdtiriy316lotfaibrrv7ofr97s3-7i0xs6l41zxxexhebz9xyy3w.rxp/C(;%EF%8B%A0~2+/F4'TOI%F2%82%A9%92/Wij/h8;raTa/EPS;/IGx/%F1%85%BD%95InD/(f.1M&khE,/l8X:.2nE7\",\n        \"info\": \"\",\n        \"isSelectable\": true,\n        \"fOXBzpfw\": {\n          \"name\": \"?3.\\\"@87rXc\",\n          \"ay\": 2003,\n          \"assign\": [\n            \"^F@K9@8&9\",\n            \"E'^aF|`\",\n            \";Mry\",\n            \"0Unfw*wGF\"\n          ],\n          \"match\": [\n            \"NLQ81I\",\n            \"BJO*50V\"\n          ],\n          \"satisfy\": {\n            \"mc\": \">=118\"\n          },\n          \"url\": \"https://bi9wtz0w4imut9ys84pq9xi3.0k19h8tl24sutu1n7b39tvr33fhf4rzjwfq33f3bj.pqsrsghffi\",\n          \"info\": \"Yf0OP\",\n          \"isSelectable\": true\n        },\n        \"]\": {\n          \"name\": \"D-yo&qkRr\",\n          \"ay\": 1989,\n          \"assign\": \"]LU~W?\",\n          \"match\": [\n            {\n              \"and\": [\n                {\n                  \"pattern\": \"KAP3**2\",\n                  \"exclude\": \"PD7\",\n                  \"info\": \"o\"\n                },\n                \"JV2\"\n              ]\n            },\n            {\n              \"pattern\": \"OQ13\",\n              \"exclude\": \"LVYx0\",\n              \"info\": \"(  4\"\n            },\n            {\n              \"and\": [\n                \"ZFDx69Y\"\n              ]\n            }\n          ],\n          \"satisfy\": \"?jz\",\n          \"url\": \"http://f.wynkeljm2iffm-dthlrn5-53-782pn1f.bjqhp5ja60qhk8r.ghmrxutgew\",\n          \"info\": \"(k\"\n        },\n        \"Cexm~\": {\n          \"name\": \"Ryiv%*^~+d\",\n          \"ay\": 1959,\n          \"assign\": [\n            \"]%$k)707r\\\"\",\n            \"4OJN'Bl\",\n            \"M;'pBE\"\n          ],\n          \"match\": [\n            {\n              \"or\": [\n                {\n                  \"or\": [\n                    {\n                      \"or\": []\n                    },\n                    {\n                      \"and\": [\n                        \"TW0R\",\n                        \"GAH1x\"\n                      ]\n                    },\n                    {\n                      \"pattern\": \"JM5468\",\n                      \"exclude\": [\n                        \"KTx4O\",\n                        \"XYD5\",\n                        \"JRE85A\"\n                      ],\n                      \"info\": \"8:6S\"\n                    },\n                    \"ZK526J\"\n                  ]\n                },\n                {\n                  \"and\": [\n                    {\n                      \"pattern\": \"SCN3\",\n                      \"exclude\": \"ZR*X\",\n                      \"info\": \"D'Cx@<GwW\"\n                    },\n                    {\n                      \"and\": [\n                        \"VL936\",\n                        \"GOD3*08\"\n                      ]\n                    }\n                  ]\n                },\n                {\n                  \"or\": []\n                },\n                \"GBV751\",\n                {\n                  \"pattern\": \"MNV87\",\n                  \"exclude\": [\n                    \"UJ178\",\n                    \"QR2\",\n                    \"XC37\",\n                    \"OO22\"\n                  ],\n                  \"info\": \"Kfz[\"\n                }\n              ]\n            },\n            \"KHJ8x67K\"\n          ],\n          \"url\": \"http://fdm2hb61on4-hatesvd-ydscbfwny0kf-sn2yq-arcccpyuo26g.hn1ou8m2-2ftq8scv-vpj4sncd5ub-2fvbd2mxzl96a4-szms6bo5cbwtqe.m.mre536oc1v.i.xjurqtc//a%F1%AD%98%8C5P$Q7P//C7XZ/m%F2%9A%A5%AC~k'\",\n          \"info\": \"#3\",\n          \"isSelectable\": true\n        }\n      }\n    }\n  },\n  {\n    \"title\": \"block sample 1\",\n    \"value\": {\n      \"ay\": 2003,\n      \"assign\": \"L\",\n      \"match\": [\n        {\n          \"pattern\": \"VZ03*1N\",\n          \"exclude\": \"XRK321\",\n          \"info\": \"yQ\"\n        },\n        \"HZ92*2\",\n        {\n          \"and\": [\n            {\n              \"or\": [\n                \"LRQ8J\",\n                \"MNF70**\",\n                \"IN3W\",\n                \"NTW75N\",\n                \"XVH6\"\n              ]\n            },\n            {\n              \"and\": [\n                \"FIT6T\"\n              ]\n            },\n            \"GWN*3J\",\n            {\n              \"pattern\": \"BGK6O\",\n              \"info\": \"f\"\n            },\n            \"HFSxxQ\"\n          ]\n        },\n        {\n          \"pattern\": \"QC497\",\n          \"exclude\": [],\n          \"info\": \"[&G~{UV\"\n        }\n      ],\n      \"url\": \"http://s7-tkh-nfguzwh74tkmakha42kx7pto4q-80yo6enso7kc2tkhabau9whdaid.en0wkg2mvxdtj3ce.cugcm//jgPv/ku&''OH%F3%BE%96%B9/Z!R.o/t%F2%A0%94%AB:'8Sg-I/u8/N23d%F0%BA%82%BAsH*/),B%F1%94%BF%B40Lk/:$&/%F3%94%AA%A3-br\",\n      \"isSelectable\": true\n    }\n  },\n  {\n    \"title\": \"block sample 2\",\n    \"value\": {\n      \"name\": \"!$\",\n      \"ay\": 2008,\n      \"assign\": \"p.\",\n      \"match\": \"IKU6**\",\n      \"satisfy\": \"i3-\",\n      \"url\": \"https://zstiha5zp.ucrb7jd138y5ngtcbwiisyx4-63uepp2qmrvnzjxgz2okwsx1gw856de.g7bhep1dmosr6mlke8tv6e9dwbnw5d36c170rl900r23wthrg3bn99.f4ppyxwqyhoiusyvqgzqk4wa5ljk8uscr-yqqh6d3qvmzblypgca6zb7h.xyzzdn2i-al2g0jf8fpjcjmjkp-gn.pfttsttbji/&,\",\n      \"isSelectable\": true,\n      \"H\": {\n        \"name\": \"o_rx'\",\n        \"ay\": 1985,\n        \"assign\": [\n          \"IL7\",\n          \".s;umG>\"\n        ],\n        \"match\": [\n          {\n            \"and\": [\n              {\n                \"and\": [\n                  \"TK6\",\n                  \"RUC*6R\"\n                ]\n              }\n            ]\n          },\n          {\n            \"and\": []\n          },\n          {\n            \"or\": [\n              {\n                \"and\": [\n                  {\n                    \"and\": [\n                      \"ZEM82\",\n                      {\n                        \"pattern\": \"ZN9x7xH\",\n                        \"exclude\": \"BY61\",\n                        \"info\": \"81/AY_4\"\n                      },\n                      \"IQ83P\"\n                    ]\n                  },\n                  \"HQ0E\"\n                ]\n              },\n              {\n                \"and\": [\n                  {\n                    \"pattern\": \"BG*43\",\n                    \"exclude\": \"VG0E\"\n                  },\n                  \"LHS72\",\n                  \"VPC3*42L\",\n                  \"GHX87Y\",\n                  {\n                    \"and\": [\n                      \"UJD3\",\n                      \"KDI89C\",\n                      \"AM5x\",\n                      \"XT480W\",\n                      \"KMx80B\"\n                    ]\n                  }\n                ]\n              },\n              {\n                \"or\": [\n                  \"NRB7Q\",\n                  \"PYY*x03\",\n                  {\n                    \"and\": [\n                      {\n                        \"and\": [\n                          {\n                            \"or\": [\n                              \"HG8308Y\"\n                            ]\n                          },\n                          {\n                            \"pattern\": \"FYQ*45Q\"\n                          }\n                        ]\n                      }\n                    ]\n                  },\n                  {\n                    \"or\": [\n                      \"GY7P\",\n                      {\n                        \"or\": [\n                          {\n                            \"pattern\": \"BL14\",\n                            \"exclude\": [\n                              \"CBB*0Q\",\n                              \"DK3368\",\n                              \"JOx\",\n                              \"JIX9\",\n                              \"NZA1K\"\n                            ],\n                            \"info\": \"0\"\n                          }\n                        ]\n                      }\n                    ]\n                  },\n                  \"HPW39xV\"\n                ]\n              },\n              {\n                \"and\": [\n                  {\n                    \"and\": [\n                      {\n                        \"pattern\": \"FOC5x99\",\n                        \"exclude\": [\n                          \"FS8472V\",\n                          \"UQ816\",\n                          \"VJ3786\",\n                          \"CQF6P\",\n                          \"UFN430A\"\n                        ]\n                      },\n                      {\n                        \"or\": [\n                          \"GPV446H\",\n                          \"VHX9\",\n                          {\n                            \"or\": [\n                              \"OFUx9Q\",\n                              {\n                                \"or\": [\n                                  \"WW*569\",\n                                  \"MH*2G\"\n                                ]\n                              },\n                              \"PNH2P\"\n                            ]\n                          }\n                        ]\n                      },\n                      \"DH95*1Y\"\n                    ]\n                  }\n                ]\n              },\n              {\n                \"or\": []\n              }\n            ]\n          },\n          \"EK66A\"\n        ],\n        \"satisfy\": {\n          \"mc\": \"<=73\"\n        },\n        \"info\": \"/CaW*l+r\"\n      },\n      \"FhI[\": {\n        \"name\": \"T8~.lOF>\",\n        \"ay\": 1983,\n        \"assign\": [\n          \"\",\n          \"nA[\\\"\\\" \"\n        ],\n        \"match\": {\n          \"or\": []\n        },\n        \"satisfy\": {\n          \"mc\": \">=168\"\n        },\n        \"url\": \"https://9.driu/q/8M2%F2%8E%B4%98Kwgds/j/N%F0%B5%BE%92%F2%AF%9A%9B7//va-D$%F2%BD%82%B9sOj%F1%AA%93%B8/eh%F3%AA%9F%A3%F1%AD%95%89l+6Y///%F3%8B%BE%A9mw\",\n        \"info\": \"YM|Dr\",\n        \"isSelectable\": true\n      },\n      \"LI\": {\n        \"name\": \"\\\"-+rr(U\",\n        \"ay\": 1971,\n        \"match\": [\n          {\n            \"pattern\": \"YO135Q\",\n            \"exclude\": \"IA968S\",\n            \"info\": \"h\"\n          },\n          {\n            \"and\": [\n              {\n                \"or\": []\n              },\n              {\n                \"and\": [\n                  \"DKU4398\",\n                  \"EOV393M\",\n                  {\n                    \"or\": [\n                      \"FVYx2M\"\n                    ]\n                  }\n                ]\n              },\n              \"YJ5xxC\",\n              {\n                \"or\": [\n                  \"VMx*\",\n                  {\n                    \"or\": [\n                      \"NXF*874F\",\n                      \"YFJ9S\",\n                      {\n                        \"and\": [\n                          \"YZxD\",\n                          {\n                            \"pattern\": \"VW9855K\",\n                            \"exclude\": \"XM257Y\"\n                          },\n                          \"AL832\",\n                          \"JEx8Y\",\n                          \"CSB9*\"\n                        ]\n                      },\n                      {\n                        \"and\": []\n                      },\n                      \"YT69\"\n                    ]\n                  },\n                  {\n                    \"and\": []\n                  },\n                  {\n                    \"and\": [\n                      {\n                        \"or\": [\n                          \"OJX73*\",\n                          \"CFN989\"\n                        ]\n                      },\n                      \"DI5x41B\",\n                      {\n                        \"pattern\": \"HYF*P\",\n                        \"exclude\": \"BIx09W\",\n                        \"info\": \"\"\n                      },\n                      {\n                        \"and\": [\n                          \"XI07\",\n                          \"MQ0*25\"\n                        ]\n                      },\n                      \"OI9I\"\n                    ]\n                  },\n                  \"EL60\"\n                ]\n              }\n            ]\n          }\n        ],\n        \"satisfy\": [\n          {\n            \"mc\": \"<=52\"\n          },\n          {\n            \"and\": [\n              {\n                \"and\": [\n                  \"a0Df\",\n                  \"uwPcbF[G|U\",\n                  {\n                    \"mc\": \">=76\"\n                  },\n                  {\n                    \"mc\": \">=187\"\n                  },\n                  \"<njQ2dWm9N\"\n                ]\n              },\n              \"\",\n              \"3\",\n              {\n                \"and\": [\n                  {\n                    \"and\": [\n                      \"L\",\n                      \"fHG/dJ$q\",\n                      \"TqIZ\",\n                      {\n                        \"mc\": \">=56\"\n                      },\n                      \"_7vljT`\"\n                    ]\n                  }\n                ]\n              },\n              {\n                \"mc\": \"<=126\"\n              }\n            ]\n          },\n          {\n            \"or\": [\n              {\n                \"and\": [\n                  \"tzzaT_u\",\n                  \"E=Y\",\n                  \"5sF:O]' Ap\",\n                  {\n                    \"mc\": \">=46\"\n                  },\n                  {\n                    \"and\": [\n                      \"\",\n                      {\n                        \"or\": [\n                          \"5;z0W>\",\n                          {\n                            \"and\": [\n                              \"T\",\n                              \"yzN6oR,\",\n                              {\n                                \"or\": [\n                                  \"=G->m[o\",\n                                  {\n                                    \"or\": []\n                                  }\n                                ]\n                              }\n                            ]\n                          },\n                          \"'\",\n                          {\n                            \"and\": [\n                              \"R)bt57\",\n                              \"^P\",\n                              \"`a-!S\",\n                              \"zE2DmmSlq\"\n                            ]\n                          },\n                          \"^PCd7SB`q\"\n                        ]\n                      },\n                      \"9ZEvq{!tD*\",\n                      \"Y\",\n                      {\n                        \"mc\": \">=16\"\n                      }\n                    ]\n                  }\n                ]\n              }\n            ]\n          }\n        ],\n        \"url\": \"http://s0e1qso0j1ajvzgwtjcgz65nj1uyvebtfmrhoxgwpmdg0g5b-sae2q2.163i1t6h1o6xs2e-gspflb9fz3sk1x.dqkobeh3j5kyj6ez0q.u849f-wwaqjkwwgnwd8.dvelz/KN5s/-%F2%A0%94%95m\",\n        \"isSelectable\": true,\n        \"Z<)\\\".c>p#*\": {\n          \"name\": \"/]\",\n          \"ay\": 1953,\n          \"assign\": \"k\",\n          \"match\": \"YVxA\",\n          \"satisfy\": [],\n          \"url\": \"http://w.czxap//;X/@@)X/N&MHmG/k).qjvJK%F2%86%92%9As\",\n          \"info\": \"@{|g>3}'\",\n          \"isSelectable\": true,\n          \"zy,\": {\n            \"name\": \"'Ow3LMt\",\n            \"ay\": 1984,\n            \"match\": {\n              \"pattern\": \"XXV*555\",\n              \"exclude\": \"JR05\",\n              \"info\": \"Is&<\"\n            },\n            \"satisfy\": [\n              {\n                \"and\": [\n                  {\n                    \"mc\": \"<=87\"\n                  }\n                ]\n              },\n              \"e\",\n              {\n                \"and\": [\n                  \"[21I7UO{\",\n                  {\n                    \"mc\": \">=134\"\n                  },\n                  \"bX3E-TVULT\",\n                  {\n                    \"and\": [\n                      {\n                        \"and\": [\n                          \"~*;E7xr\"\n                        ]\n                      },\n                      {\n                        \"and\": []\n                      },\n                      \"K\",\n                      \"bD{R#k8y&8\",\n                      {\n                        \"or\": [\n                          \"%8~8c}\",\n                          \"\",\n                          \"1k8vp<:\",\n                          \"}HH_m.\",\n                          \"*W!gZ\"\n                        ]\n                      }\n                    ]\n                  },\n                  {\n                    \"and\": [\n                      \"z6vcu<D36v\"\n                    ]\n                  }\n                ]\n              },\n              {\n                \"mc\": \"<=110\"\n              }\n            ],\n            \"info\": \"&$=9U\",\n            \"isSelectable\": true\n          },\n          \"S\": {\n            \"name\": \"JC8~{c\",\n            \"url\": \"http://c.3el5cqexabuzs4wkg79zo.y.z.md/%F1%B0%9B%A6K*S(I/E,PG:%F2%BB%B3%B0kQ_/'H\",\n            \"isSelectable\": true,\n            \"yp_7+on\": {\n              \"name\": \"r!vEi\",\n              \"ay\": 2022,\n              \"assign\": \"k=Gx<\",\n              \"satisfy\": [\n                {\n                  \"mc\": \">=89\"\n                }\n              ],\n              \"url\": \"https://u.p2hktjpzzf6uue0ohftzl-zcvsqgys8z84.24r23ocfbav0c-do5f74prt.zk92axg1p--d82by0zivz86q.3xdm24iop9dzzls78hav.vyymnx/%F2%AB%9C%B97k-o2/CS9pb%F2%AC%BB%9B2SfC/C/a%F4%89%B9%848u/7yHLNee,2//4b6=X_/K\",\n              \"info\": \"z,qV?xPB\",\n              \"isSelectable\": true\n            },\n            \"d\": {\n              \"ay\": 2015,\n              \"match\": \"DYN32P\",\n              \"satisfy\": [],\n              \"url\": \"http://bc0sgyv4jtvytt04imm.hv0qm-cp7wa6gym6yu03soch.ypzyszo/vF'0_J-gb/7os-jOQy/E~)u%F2%84%9E%A8/v8U/7Z:Rc'f;Y/$&MQG5/%E7%92%B8kgU\",\n              \"info\": \"\",\n              \"isSelectable\": true\n            }\n          },\n          \"`( =Jas\": {\n            \"name\": \"t9=J\",\n            \"ay\": 2015,\n            \"assign\": \"?\",\n            \"match\": [\n              {\n                \"or\": [\n                  {\n                    \"or\": [\n                      {\n                        \"and\": [\n                          \"IDO2525W\",\n                          \"BCF67X\",\n                          {\n                            \"or\": [\n                              \"DY0\"\n                            ]\n                          }\n                        ]\n                      }\n                    ]\n                  }\n                ]\n              },\n              {\n                \"or\": [\n                  {\n                    \"and\": [\n                      \"TZV2485\",\n                      {\n                        \"or\": [\n                          \"YB04S\"\n                        ]\n                      },\n                      \"KSx7\",\n                      \"PQR4\",\n                      {\n                        \"and\": [\n                          \"BIW4*\",\n                          \"VGU51Z\",\n                          \"YN714\"\n                        ]\n                      }\n                    ]\n                  },\n                  \"TP90xxM\",\n                  \"CKS28T\",\n                  {\n                    \"pattern\": \"FU513N\",\n                    \"exclude\": [],\n                    \"info\": \"PGRJU\"\n                  }\n                ]\n              },\n              {\n                \"pattern\": \"YSW1V\",\n                \"exclude\": \"IHP3Y\",\n                \"info\": \"\"\n              },\n              {\n                \"and\": [\n                  {\n                    \"or\": [\n                      {\n                        \"and\": [\n                          \"UWZ931*Z\"\n                        ]\n                      },\n                      \"VHP66\",\n                      {\n                        \"pattern\": \"UR012xD\",\n                        \"exclude\": [\n                          \"ZZ7L\",\n                          \"WH8Z\",\n                          \"QFZ23\"\n                        ],\n                        \"info\": \"iG5l$gn\"\n                      }\n                    ]\n                  }\n                ]\n              },\n              {\n                \"pattern\": \"JUL7915\",\n                \"exclude\": \"FKH3N\",\n                \"info\": \"nZbHN\"\n              }\n            ],\n            \"url\": \"http://raiby2s64ajz3nvwotgq3yle9exbjj74.a.bujenk-hoqj10efgqlo39y4zor6gz8a38yv22k.n.0adxtqqjcp963ftu9utbbojn505syjbuiqkfn5fcybiqvmzfg33qoifw1.ojinrdj/nAOLp&kj/nzyH@A&/wR.3/*/whJHI/3L%F1%9F%AD%A7yKz7TXb\",\n            \"info\": \"K \"\n          },\n          \"Wx+h`?JXjR\": {\n            \"assign\": [],\n            \"satisfy\": {\n              \"and\": []\n            },\n            \"url\": \"https://4eex3j8erwx6kw2a2qconzn3ua-cuyo5u8mji5wxlm4aurowq0.g057rabkurxk7aewy0z6t4qqb2muhmqo277j79q49ntj6q8z1ohnnzuipme.v21u0zfotelg39y4lpdnh88lrh-1aea.nc0-qoowakyv.hadppir09rmkdx9znmo9m26xk96oc85.rqsehkedi/%E0%B3%99ynhbMk/2u_J/r8S%F3%8F%B1%8DK%F0%B5%81%BC2%F1%A9%BC%80y/G~%F2%BD%B9%979M+g5//$f-FZ%F3%B8%BB%BC%F2%99%A8%97w=/eXRr/e/9Gp6)iE\",\n            \"isSelectable\": true\n          },\n          \"e>\": {\n            \"name\": \"\",\n            \"ay\": 1971,\n            \"assign\": [\n              \"_\",\n              \"{\\\\}qGDI\",\n              \" \",\n              \"5R#PcoUqh\",\n              \"6i\\\"P\"\n            ],\n            \"match\": {\n              \"pattern\": \"FY8*x6F\",\n              \"exclude\": \"PE66*x\",\n              \"info\": \"<\"\n            },\n            \"satisfy\": {\n              \"mc\": \">=40\"\n            },\n            \"url\": \"https://848rxylfkknbtjtqz9ve25-yhq-4vzl5vb1ja9snfhhf1qy3zm9bd1ef.4q-6fpa5eylxwnbx7lclmkp3qyov6lb40eyxmzkounbmpmhboa.4.sgvht8lwu724xnv5r90dv1rh.vjup-b56z2lj2vszpgz.bkyg/2%F3%A1%B3%8A%F2%9B%8C%87&b/3x/F4~He;C9/S/zgf,%F2%94%99%955-Ld/4/v5D8/1/%F3%B0%8D%8D/N\"\n          }\n        }\n      }\n    }\n  },\n  {\n    \"title\": \"block sample 3\",\n    \"value\": {\n      \"ay\": 1955,\n      \"assign\": \"F7<itWp[\",\n      \"satisfy\": [],\n      \"url\": \"https://wo0x2av.habwdbdbwwb95rcebdqzlm134.sirfelbby//G2%F2%81%A7%93:*xLd/V/ad8afsoul/ywy3y)H\",\n      \"info\": \"z#N&a)e\",\n      \"isSelectable\": true,\n      \"S5Ur\": {\n        \"name\": \"QO^\",\n        \"ay\": 1984,\n        \"assign\": \"}D4~|%f~iK\",\n        \"match\": [\n          {\n            \"or\": [\n              \"ZS5\",\n              {\n                \"and\": [\n                  \"YZ2X\",\n                  {\n                    \"and\": [\n                      \"UI369G\",\n                      {\n                        \"pattern\": \"XPS388\",\n                        \"exclude\": \"BWE6977P\",\n                        \"info\": \"Ts1qZ(B8TX\"\n                      },\n                      \"SIP6943X\",\n                      \"JJ9704O\"\n                    ]\n                  },\n                  {\n                    \"pattern\": \"QAB361\",\n                    \"exclude\": \"SVA1O\",\n                    \"info\": \"hQvH\"\n                  },\n                  \"OY6\"\n                ]\n              },\n              \"CBB54\"\n            ]\n          }\n        ],\n        \"satisfy\": {\n          \"or\": [\n            {\n              \"or\": [\n                {\n                  \"or\": [\n                    \"Zx%uT,3\",\n                    {\n                      \"and\": [\n                        \"#4FN<q#\",\n                        {\n                          \"and\": [\n                            \"&,8x 7Hy\",\n                            \"<p*<7(F\"\n                          ]\n                        },\n                        \"P\\\"ymw\"\n                      ]\n                    },\n                    \"\"\n                  ]\n                },\n                \"Dz}pU{&\",\n                \"xJ._3\",\n                {\n                  \"or\": []\n                }\n              ]\n            },\n            \"c{\\\\KBZrj=T\"\n          ]\n        },\n        \"info\": \"L\",\n        \"isSelectable\": true\n      },\n      \"*ACS\": {\n        \"name\": \"7{*C\",\n        \"ay\": 2025,\n        \"assign\": [\n          \"]\"\n        ],\n        \"match\": {\n          \"and\": [\n            {\n              \"and\": [\n                {\n                  \"and\": [\n                    {\n                      \"and\": []\n                    }\n                  ]\n                }\n              ]\n            }\n          ]\n        },\n        \"url\": \"http://4egptdj2txqd.5pa-86pq5miwi778bp29-lhyt9s0n5gvy1ho23dq3xza87r8s5.ib//yZ/yyc/Hs86/R/joW\",\n        \"info\": \"s3)Lx\",\n        \"isSelectable\": true\n      },\n      \"R4\": {\n        \"ay\": 1954,\n        \"assign\": [],\n        \"satisfy\": [\n          {\n            \"mc\": \">=5\"\n          },\n          \"\\\"z\",\n          {\n            \"or\": [\n              {\n                \"mc\": \">=25\"\n              }\n            ]\n          },\n          {\n            \"or\": [\n              {\n                \"mc\": \"<=64\"\n              }\n            ]\n          },\n          {\n            \"or\": [\n              {\n                \"mc\": \"<=1\"\n              },\n              {\n                \"or\": [\n                  {\n                    \"or\": [\n                      \"\"\n                    ]\n                  },\n                  \") ~|\\\"\",\n                  \"4\\\\\"\n                ]\n              },\n              {\n                \"or\": [\n                  {\n                    \"and\": [\n                      \"#Yt\"\n                    ]\n                  },\n                  {\n                    \"and\": [\n                      {\n                        \"or\": [\n                          \"54;d|L\"\n                        ]\n                      },\n                      \"Y\"\n                    ]\n                  },\n                  \"B <&zSL\",\n                  \"I| +\\\"t$\"\n                ]\n              },\n              \"kF3(]4\"\n            ]\n          }\n        ],\n        \"url\": \"http://ffd4.tcolmy/H%F0%AD%87%B8$CQ@+zaD/@$gg8%F3%93%92%A1V/*Rc4RD@M/NTBy(O/wu%F2%B1%8D%B7Kzg/S*%F1%9A%93%AD=T$/+*./%F0%BE%AE%8DT/@4/0%F4%8E%B7%AE~9\",\n        \"info\": \"$$u.{\",\n        \"isSelectable\": true,\n        \"Dv3'F\": {\n          \"name\": \"]J,IFxTu}7\",\n          \"ay\": 1956,\n          \"satisfy\": {\n            \"mc\": \"<=177\"\n          },\n          \"url\": \"https://pdgsiv5zo8x7cq-mxcdqy1rkbmm-sa4bgt.ttj3qmke.rdn8a2rv6vbhkcunf.igxpwltl/J-z/l%F1%81%B9%92:Wl)3LW//po*0t5s%F1%9D%B7%B8Y//;5u(/,2/lL%F4%8C%8B%93N-:/A@v;z\",\n          \"info\": \"kh-\",\n          \"isSelectable\": true\n        }\n      }\n    }\n  },\n  {\n    \"title\": \"block sample 4\",\n    \"value\": {\n      \"name\": \"&FTOZ\",\n      \"ay\": 2011,\n      \"assign\": [\n        \"TdM|u+A\",\n        \"\",\n        \"U62C_<\",\n        \"_i!GS|}\",\n        \" $,7r\\\"\"\n      ],\n      \"match\": [\n        {\n          \"or\": [\n            {\n              \"or\": [\n                \"VXI155\",\n                {\n                  \"or\": [\n                    \"YJ11M\",\n                    \"VJI69\"\n                  ]\n                },\n                \"ZT7859M\"\n              ]\n            }\n          ]\n        }\n      ],\n      \"satisfy\": \"-R\",\n      \"url\": \"http://cwz93xpg-ehw8564t83hygyfx1gcb3u5z9b7qlzmvw47.bnttdx/e*gq~Z:at/2BXo%F4%8B%82%BC3s+//Iz+%F0%A3%8E%86F/TwU4@\",\n      \"info\": \"/\",\n      \"isSelectable\": true,\n      \"\": {\n        \"6\": {\n          \"name\": \"-S#\",\n          \"ay\": 1988,\n          \"assign\": [\n            \"ja\",\n            \"va.`\"\n          ],\n          \"match\": [\n            {\n              \"or\": [\n                {\n                  \"and\": [\n                    \"YI465\"\n                  ]\n                },\n                {\n                  \"and\": [\n                    {\n                      \"and\": [\n                        {\n                          \"or\": [\n                            \"AMD108\",\n                            \"SX834*X\",\n                            \"PC6*3\",\n                            {\n                              \"or\": [\n                                \"MU8\",\n                                \"SHMx4\",\n                                \"LVU95x9\",\n                                \"WDK2*8L\"\n                              ]\n                            }\n                          ]\n                        },\n                        \"PHRx2J\"\n                      ]\n                    },\n                    {\n                      \"pattern\": \"BPB1013\",\n                      \"exclude\": [],\n                      \"info\": \"\"\n                    },\n                    \"GCK46x1Z\",\n                    {\n                      \"pattern\": \"YE4U\",\n                      \"exclude\": [\n                        \"BF0A\",\n                        \"EKO9\",\n                        \"XT7F\",\n                        \"VRU1W\",\n                        \"ZD0G\"\n                      ],\n                      \"info\": \"d\"\n                    },\n                    \"UYTx4x1\"\n                  ]\n                },\n                {\n                  \"and\": []\n                },\n                {\n                  \"and\": [\n                    {\n                      \"pattern\": \"GEB63*6\",\n                      \"info\": \"vORyD$2GD'\"\n                    },\n                    \"LFF7\",\n                    {\n                      \"pattern\": \"UJS*085\",\n                      \"exclude\": \"PJL2x34F\",\n                      \"info\": \"?'C\"\n                    },\n                    \"FAxX\",\n                    {\n                      \"or\": []\n                    }\n                  ]\n                },\n                {\n                  \"and\": [\n                    {\n                      \"pattern\": \"GNL834\",\n                      \"info\": \"}#q~U|.S^\"\n                    },\n                    {\n                      \"or\": []\n                    }\n                  ]\n                }\n              ]\n            },\n            {\n              \"and\": [\n                {\n                  \"pattern\": \"OG4K\",\n                  \"info\": \"<l kDA\"\n                },\n                {\n                  \"and\": [\n                    {\n                      \"and\": [\n                        \"PIK8\"\n                      ]\n                    },\n                    \"PQJ488\",\n                    \"BMR121\",\n                    \"HUR11D\"\n                  ]\n                },\n                {\n                  \"and\": [\n                    \"KIYxK\"\n                  ]\n                },\n                \"BLW80*9H\",\n                {\n                  \"pattern\": \"FUW76G\",\n                  \"exclude\": []\n                }\n              ]\n            }\n          ],\n          \"url\": \"http://fsu7tzai-qbnd89.wwmtkvay8r8-38f9c99wg-7aq--nk1yo.2hyc7lrwcxz3abkaa6dgce1o6mrl7bjg5enlt1dre3j8hrt-l86sv.jrs\",\n          \"info\": \":+%b05B[\",\n          \"isSelectable\": true,\n          \"f@cu]\": {\n            \"ay\": 1970,\n            \"assign\": [],\n            \"match\": {\n              \"and\": [\n                {\n                  \"or\": [\n                    \"MPE7045\",\n                    {\n                      \"pattern\": \"GFW3x3\",\n                      \"exclude\": \"QN41G\",\n                      \"info\": \"7S\"\n                    },\n                    {\n                      \"and\": [\n                        {\n                          \"or\": [\n                            \"OO03\",\n                            \"KW8\"\n                          ]\n                        },\n                        \"KUG4480\",\n                        {\n                          \"and\": [\n                            \"HQW142H\"\n                          ]\n                        },\n                        \"FBI93\"\n                      ]\n                    }\n                  ]\n                },\n                {\n                  \"or\": [\n                    {\n                      \"pattern\": \"BM4U\",\n                      \"exclude\": [\n                        \"QYQx*09D\",\n                        \"MHGxA\",\n                        \"IAT*59I\",\n                        \"TM1\"\n                      ]\n                    },\n                    \"OFC800*\",\n                    {\n                      \"pattern\": \"XIG5720F\",\n                      \"exclude\": \"ODU0S\",\n                      \"info\": \"Hl9\"\n                    },\n                    \"ZUW*868O\"\n                  ]\n                },\n                {\n                  \"or\": [\n                    \"YH3D\",\n                    \"MDUx8x1M\",\n                    \"AF*3\",\n                    \"LH68\"\n                  ]\n                },\n                \"EDAx989W\",\n                \"HU38\"\n              ]\n            },\n            \"info\": \"b\",\n            \"isSelectable\": true\n          }\n        },\n        \"name\": \"8^S*R\\\\\",\n        \"ay\": 1993,\n        \"match\": [\n          {\n            \"and\": [\n              {\n                \"pattern\": \"ACN8115J\",\n                \"exclude\": [],\n                \"info\": \"! f0k`z5e\"\n              },\n              {\n                \"pattern\": \"XM4868\",\n                \"info\": \"!4}jd\\\"l\"\n              }\n            ]\n          },\n          \"LPC30B\",\n          {\n            \"pattern\": \"FW28L\",\n            \"exclude\": \"NV4054\",\n            \"info\": \"_+&hK\"\n          },\n          {\n            \"and\": [\n              \"RB75R\",\n              {\n                \"pattern\": \"GTM340\",\n                \"exclude\": [\n                  \"UWW744P\",\n                  \"VQVx*7J\"\n                ]\n              },\n              {\n                \"and\": [\n                  \"BW00\",\n                  \"SOS2**O\",\n                  \"KD1E\",\n                  {\n                    \"or\": [\n                      {\n                        \"pattern\": \"ZXx91F\",\n                        \"exclude\": [\n                          \"PPA6854\"\n                        ],\n                        \"info\": \"\"\n                      },\n                      \"VZ723A\"\n                    ]\n                  }\n                ]\n              },\n              \"US873M\"\n            ]\n          }\n        ],\n        \"satisfy\": \"T+_B#(BBDW\",\n        \"url\": \"http://6.s.w.j4tmk-6-ufuqmgp0f7y5k71u63y8kki.kkeyelh/z!kP+/18/Xm%F2%B7%BF%B9W;)n_/o99Lm3/%F1%AB%98%A1cNn/f%F4%82%8A%9DwH%F1%91%9C%89%F0%B2%A6%86qtLl/'wSIIyz~/m6s/1/1c,\",\n        \"info\": \"rQJO q;J\",\n        \"isSelectable\": true,\n        \"_R+ 37kh\": {\n          \"assign\": [\n            \"\",\n            \"BZ\\\\\"\n          ],\n          \"match\": {\n            \"and\": [\n              {\n                \"or\": [\n                  {\n                    \"or\": [\n                      {\n                        \"or\": [\n                          \"SLT8S\",\n                          \"BW6**1W\",\n                          {\n                            \"and\": [\n                              \"QSR2040\",\n                              \"JTI8986S\",\n                              {\n                                \"and\": [\n                                  \"JM27Z\",\n                                  \"UGI712\",\n                                  \"LOx6x5R\",\n                                  \"YCP01xH\",\n                                  \"AS07K\"\n                                ]\n                              }\n                            ]\n                          },\n                          \"LW4*7\",\n                          {\n                            \"and\": [\n                              \"EC636N\"\n                            ]\n                          }\n                        ]\n                      },\n                      \"YIN8670D\",\n                      {\n                        \"or\": [\n                          \"OA7\",\n                          \"KM1839S\",\n                          \"AFL*x81M\",\n                          \"NO99*3\",\n                          {\n                            \"pattern\": \"GRP398A\",\n                            \"exclude\": \"UU2x70D\",\n                            \"info\": \"X4_t\"\n                          }\n                        ]\n                      },\n                      {\n                        \"and\": [\n                          \"XB6997G\"\n                        ]\n                      },\n                      \"CD0M\"\n                    ]\n                  },\n                  {\n                    \"pattern\": \"ESS472xQ\",\n                    \"exclude\": \"OLY65\",\n                    \"info\": \"\"\n                  },\n                  {\n                    \"and\": [\n                      \"RR6B\",\n                      {\n                        \"and\": [\n                          \"ZSC832\",\n                          {\n                            \"and\": [\n                              \"KV618\",\n                              \"FD98\"\n                            ]\n                          },\n                          {\n                            \"pattern\": \"TUN1322\",\n                            \"exclude\": \"EHW43Y\",\n                            \"info\": \",YasBHVK7\"\n                          },\n                          \"YN9x6I\"\n                        ]\n                      },\n                      \"KN565\",\n                      {\n                        \"and\": []\n                      }\n                    ]\n                  }\n                ]\n              },\n              {\n                \"and\": [\n                  {\n                    \"and\": [\n                      {\n                        \"or\": [\n                          {\n                            \"and\": [\n                              \"HN386K\",\n                              \"DZQ*x\"\n                            ]\n                          },\n                          \"SIQ*D\",\n                          \"KOx9\"\n                        ]\n                      },\n                      {\n                        \"pattern\": \"HQO417Y\",\n                        \"exclude\": [\n                          \"RUC98\",\n                          \"NIU853N\",\n                          \"BBA0\",\n                          \"AIK3P\",\n                          \"VGVx*\"\n                        ]\n                      },\n                      \"BRS3\",\n                      \"DAT951*\"\n                    ]\n                  },\n                  \"GV4J\",\n                  {\n                    \"pattern\": \"DDP0*H\",\n                    \"exclude\": [\n                      \"JF3\",\n                      \"JRU*213\",\n                      \"OH5\"\n                    ],\n                    \"info\": \"\"\n                  },\n                  \"SN8B\"\n                ]\n              },\n              {\n                \"and\": [\n                  {\n                    \"or\": []\n                  },\n                  \"HHJ0417Z\",\n                  {\n                    \"pattern\": \"TB8x\",\n                    \"exclude\": [\n                      \"QR5x\",\n                      \"IXX549xD\",\n                      \"MO1856\"\n                    ],\n                    \"info\": \":\"\n                  }\n                ]\n              },\n              \"VH488\"\n            ]\n          },\n          \"satisfy\": [\n            \"l%]C65\",\n            \"PC0jg_LhI\",\n            {\n              \"or\": [\n                {\n                  \"or\": [\n                    \"f/YHb\\\"\",\n                    {\n                      \"and\": [\n                        \"9d6*3T#T\",\n                        {\n                          \"or\": []\n                        }\n                      ]\n                    },\n                    \"~7Cl?\"\n                  ]\n                },\n                {\n                  \"and\": [\n                    \"eK<P7D'\",\n                    {\n                      \"and\": []\n                    }\n                  ]\n                },\n                \"?kN_\"\n              ]\n            }\n          ],\n          \"isSelectable\": true\n        }\n      },\n      \"D:|Il$:s,e\": {\n        \"name\": \"GhNaV^Eh^\",\n        \"ay\": 2008,\n        \"assign\": \"]\",\n        \"match\": {\n          \"pattern\": \"WCX*78Q\",\n          \"exclude\": \"TKO1J\",\n          \"info\": \"Lri$y?K\"\n        },\n        \"satisfy\": [\n          \"qO\",\n          {\n            \"or\": [\n              {\n                \"mc\": \">=61\"\n              },\n              {\n                \"or\": [\n                  \"1. #/\",\n                  \"BR4\\\\q [3\",\n                  \"6] Xy@MZ@\\\\\",\n                  \"r\"\n                ]\n              },\n              {\n                \"mc\": \">=18\"\n              }\n            ]\n          },\n          \"d%i40\",\n          \"?WrF\"\n        ],\n        \"url\": \"http://izuntktav4srmtztt68ggwp25bysms4up24pnrjq-cnuxl38yfpuxa6kmq.4keaczultobu.jrplpaofpvcdrb.bag9vggfio8ewvwg3w5g1yoat7a57mxy6ir2c1694-7d6ahos0ksz31jz36j-l6.hbcykutpjakv4o1ubw6t0.yinzohb/Q/UCFD=b%F1%AC%A9%9C7l6//A4'%F1%A4%BE%B0KWSp\",\n        \"info\": \"aRo9VX<kr\",\n        \"isSelectable\": true,\n        \"/\": {\n          \"name\": \"RXm}*x]<S\",\n          \"ay\": 2007,\n          \"assign\": \"C1'Mp2l:\",\n          \"match\": [\n            \"WIB*77*\",\n            {\n              \"and\": [\n                {\n                  \"or\": [\n                    {\n                      \"and\": [\n                        \"DQ*R\",\n                        \"KK*70\"\n                      ]\n                    },\n                    \"JQ59\",\n                    {\n                      \"pattern\": \"QI15\",\n                      \"exclude\": [\n                        \"MV5*A\",\n                        \"EA*2E\",\n                        \"JFF538\",\n                        \"BJ3501\"\n                      ],\n                      \"info\": \"N\\\"/:4\"\n                    }\n                  ]\n                },\n                {\n                  \"and\": [\n                    {\n                      \"pattern\": \"IZ5\",\n                      \"exclude\": [\n                        \"DG4\",\n                        \"XV2222\",\n                        \"XAI24\",\n                        \"RLL662T\",\n                        \"LR979\"\n                      ],\n                      \"info\": \"(;m%7c)\"\n                    },\n                    {\n                      \"pattern\": \"ZH7674E\",\n                      \"exclude\": \"IQA5664J\",\n                      \"info\": \"ogI-W ~$ X\"\n                    },\n                    {\n                      \"or\": [\n                        \"YXA285x\",\n                        {\n                          \"and\": [\n                            \"TUI1359\",\n                            \"WMB58\"\n                          ]\n                        },\n                        \"HG078x\",\n                        \"CKJ5575\"\n                      ]\n                    },\n                    {\n                      \"or\": [\n                        \"SBB06\",\n                        \"AVI550O\",\n                        \"SBTx\"\n                      ]\n                    },\n                    {\n                      \"pattern\": \"UI813\",\n                      \"exclude\": \"IP41\",\n                      \"info\": \"i:#k>_<s(V\"\n                    }\n                  ]\n                },\n                {\n                  \"and\": [\n                    \"NE9596\",\n                    \"XO4431E\",\n                    \"JGL*015W\",\n                    \"ME939\"\n                  ]\n                },\n                {\n                  \"and\": []\n                },\n                {\n                  \"and\": []\n                }\n              ]\n            }\n          ],\n          \"url\": \"http://n.hqq46jh9dgsvj8z1u3u70nocf6umnt.oplp5s-i2j4c-wxc4dthsws.x1daseoa1899va-x-xosvr4dnikdex9r66av4kti2uek1g95jy0.meyqcfxv/0F,tW8/8&fFU'/'q%F1%AB%BA%BC7/gw&'x/%F0%AF%A1%8AUwf%F2%A9%BC%83Q/'%F3%B5%9B%8E(/s%F1%B5%B7%BC7L/%F2%9B%87%B8wS+c%F2%AD%B3%95V7\",\n          \"info\": \"\",\n          \"isSelectable\": true\n        }\n      },\n      \"pP5-tIP]#\": {\n        \"name\": \"'H\",\n        \"ay\": 1978,\n        \"match\": [\n          \"ZPK20O\",\n          {\n            \"and\": [\n              {\n                \"and\": [\n                  {\n                    \"pattern\": \"COE0M\",\n                    \"exclude\": [\n                      \"FTY9027A\",\n                      \"HY67x*I\",\n                      \"TT193Z\",\n                      \"RA2141W\",\n                      \"HE37\"\n                    ],\n                    \"info\": \"MvyIqsV*\"\n                  },\n                  \"EMH088E\",\n                  \"JOJ2U\",\n                  \"BVL207P\"\n                ]\n              },\n              {\n                \"and\": [\n                  \"SVK01C\",\n                  \"GP03\"\n                ]\n              }\n            ]\n          },\n          \"AY*646Q\"\n        ],\n        \"satisfy\": [\n          \"P>BeG:bjH^\",\n          {\n            \"and\": [\n              {\n                \"mc\": \"<=43\"\n              }\n            ]\n          },\n          {\n            \"and\": [\n              \"/\",\n              \",\",\n              {\n                \"or\": [\n                  \"@r\\\"=cV2\",\n                  {\n                    \"or\": [\n                      \"NhSMJN\",\n                      \"@pRN\",\n                      \"\\\"j\\\"HMdWNQa\"\n                    ]\n                  },\n                  \";oG/\"\n                ]\n              }\n            ]\n          }\n        ],\n        \"url\": \"https://f59gkugbxneu7wdcfbveiw81t15bcwq0zluxyyvz9-flbwdh4nqr38.7.ckh4pfymemruqbro9inpxdbabt0u6utfwmxmq3an0ahw9ffybe1oxo.1dmgelo2gyaqmb6l-q8kzjt97fhpwo8x96w6g7f4u2l.zrk/'7/KjO/)w-Q*lB%F4%84%A7%82h/TxXkffbb\",\n        \"g\": {\n          \"name\": \"pk,bzqI_p]\",\n          \"ay\": 1972,\n          \"assign\": \"mr\",\n          \"match\": [\n            {\n              \"or\": [\n                \"LWR151\",\n                \"CQ059D\",\n                {\n                  \"or\": [\n                    {\n                      \"and\": [\n                        \"MUG4W\",\n                        \"TNF7xY\",\n                        \"QNZ48R\",\n                        \"VW0\"\n                      ]\n                    },\n                    \"VK86A\",\n                    {\n                      \"or\": []\n                    },\n                    \"BMB7\",\n                    \"CS391\"\n                  ]\n                },\n                \"IH9J\",\n                \"SGH091I\"\n              ]\n            },\n            {\n              \"and\": [\n                {\n                  \"or\": []\n                },\n                \"YBU0K\"\n              ]\n            },\n            {\n              \"pattern\": \"PZZ918A\",\n              \"exclude\": \"YB1326\",\n              \"info\": \"sn7&_,7Y@\"\n            },\n            {\n              \"pattern\": \"GZ*671Z\",\n              \"exclude\": \"GH0\",\n              \"info\": \"l^=j<`{E:8\"\n            }\n          ],\n          \"satisfy\": [\n            {\n              \"and\": [\n                {\n                  \"mc\": \"<=78\"\n                },\n                {\n                  \"mc\": \"<=22\"\n                }\n              ]\n            },\n            {\n              \"mc\": \"<=77\"\n            },\n            \"ff
[...]
              "err": {},
              "uuid": "cee3ba62-99be-465c-ab1b-c5ce25dd4b15",
              "parentUUID": "9f4e4145-6dd4-4bc1-87e7-23735fb15529",
              "isHook": false,
              "skipped": false
            },
            {
              "title": "should truncate list of modules with upper bound of MCs, cutting off at the minimum starting sequence that exceeds upper bound, if total MC count is higher and there exists no starting sequence with exact MC count",
              "fullTitle": "inequalitySatisfier should truncate list of modules with upper bound of MCs, cutting off at the minimum starting sequence that exceeds upper bound, if total MC count is higher and there exists no starting sequence with exact MC count",
              "timedOut": false,
              "duration": 1,
              "state": "passed",
              "speed": "fast",
              "pass": true,
              "fail": false,
              "pending": false,
              "context": null,
              "code": "const satisfier = satisfiers_1.inequalitySatisfier(ref, \"<=17\");\nsatisfier.should.have.property(\"filter\");\nconst { filter } = satisfier;\nisCorrectFilter(filter, modulesList1, [\n    \"CS2100\",\n    \"GER1000\",\n    \"CS2040S\",\n    \"ST2131\",\n    \"MA1521\",\n]);",
              "err": {},
              "uuid": "872c3ce4-4aa7-4381-bf82-697a98d661c8",
              "parentUUID": "9f4e4145-6dd4-4bc1-87e7-23735fb15529",
              "isHook": false,
              "skipped": false
            }
          ],
          "suites": [],
          "passes": [
            "44683714-4ccf-41f6-b9f9-06ace3bc7a9d",
            "515d8e8f-103e-4f78-9990-897c29ee9d57",
            "fc9223af-2c17-4169-b2df-86dbffce74fc",
            "5bc60d13-9e5b-4bc1-a064-9faf2e894d8f",
            "5aed1dc5-a100-41d6-831b-45d0234d463a",
            "cee3ba62-99be-465c-ab1b-c5ce25dd4b15",
            "872c3ce4-4aa7-4381-bf82-697a98d661c8"
          ],
          "failures": [],
          "pending": [],
          "skipped": [],
          "duration": 2,
          "root": false,
          "rootEmpty": false,
          "_timeout": 2000
        },
        {
          "uuid": "fbe6bfc3-eb79-4555-9723-3b8e8187d8cd",
          "title": "inequalitySchema",
          "fullFile": "/home/runner/work/planwithus-lib/planwithus-lib/src/satisfyRule/inequality/schemas.test.ts",
          "file": "/src/satisfyRule/inequality/schemas.test.ts",
          "beforeHooks": [],
          "afterHooks": [],
          "tests": [
            {
              "title": "should validate inequality in the form <=n or >=n",
              "fullTitle": "inequalitySchema should validate inequality in the form <=n or >=n",
              "timedOut": false,
              "duration": 1,
              "state": "passed",
              "speed": "fast",
              "pass": true,
              "fail": false,
              "pending": false,
              "context": "[\n  {\n    \"title\": \"inequality sample 0\",\n    \"value\": \"<=74\"\n  },\n  {\n    \"title\": \"inequality sample 1\",\n    \"value\": \"<=3\"\n  },\n  {\n    \"title\": \"inequality sample 2\",\n    \"value\": \"<=196\"\n  },\n  {\n    \"title\": \"inequality sample 3\",\n    \"value\": \">=184\"\n  },\n  {\n    \"title\": \"inequality sample 4\",\n    \"value\": \"<=8\"\n  },\n  {\n    \"title\": \"inequality sample 5\",\n    \"value\": \">=115\"\n  },\n  {\n    \"title\": \"inequality sample 6\",\n    \"value\": \">=44\"\n  },\n  {\n    \"title\": \"inequality sample 7\",\n    \"value\": \">=5\"\n  },\n  {\n    \"title\": \"inequality sample 8\",\n    \"value\": \">=3\"\n  },\n  {\n    \"title\": \"inequality sample 9\",\n    \"value\": \"<=34\"\n  }\n]",
              "code": "fast_check_1.sample(index_test_2.inequality, 10).forEach((sample, i) => addContext_1.default(this, {\n    title: `inequality sample ${i}`,\n    value: sample,\n}));\nreturn fast_check_1.assert(fast_check_1.property(index_test_2.inequality, ajvValidate));",
              "err": {},
              "uuid": "ae99dea3-1d4d-40fc-928a-dbcca5a7deb2",
              "parentUUID": "fbe6bfc3-eb79-4555-9723-3b8e8187d8cd",
              "isHook": false,
              "skipped": false
            },
            {
              "title": "should not validate inequality of invalid form",
              "fullTitle": "inequalitySchema should not validate inequality of invalid form",
              "timedOut": false,
              "duration": 2,
              "state": "passed",
              "speed": "fast",
              "pass": true,
              "fail": false,
              "pending": false,
              "context": null,
              "code": "[\n        \"\",\n        \"==23\",\n        \"23\",\n        \"<23\",\n        \">23\",\n        \"<=-1\",\n        \">=-1\",\n        \"<= 2\",\n        \">= 1\",\n        \"> 3\",\n        \"< 3\",\n        \"<=3a\",\n        \">=3a\",\n        \"a<=3\",\n        \"a>=3\",\n    ].forEach(isInvalidInequality)",
              "err": {},
              "uuid": "30016411-3805-4e8e-929f-c910a8432f6c",
              "parentUUID": "fbe6bfc3-eb79-4555-9723-3b8e8187d8cd",
              "isHook": false,
              "skipped": false
            }
          ],
          "suites": [],
          "passes": [
            "ae99dea3-1d4d-40fc-928a-dbcca5a7deb2",
            "30016411-3805-4e8e-929f-c910a8432f6c"
          ],
          "failures": [],
          "pending": [],
          "skipped": [],
          "duration": 3,
          "root": false,
          "rootEmpty": false,
          "_timeout": 2000
        },
        {
          "uuid": "4dc02e64-0b59-44d9-8dcb-75422c353f27",
          "title": "satisfyRuleSchema",
          "fullFile": "/home/runner/work/planwithus-lib/planwithus-lib/src/satisfyRule/schemas.test.ts",
          "file": "/src/satisfyRule/schemas.test.ts",
          "beforeHooks": [],
          "afterHooks": [],
          "tests": [
            {
              "title": "should validate satisfy rule with valid block id",
              "fullTitle": "satisfyRuleSchema should validate satisfy rule with valid block id",
              "timedOut": false,
              "duration": 1,
              "state": "passed",
              "speed": "fast",
              "pass": true,
              "fail": false,
              "pending": false,
              "context": null,
              "code": "fast_check_1.assert(fast_check_1.property(fast_check_1.string(), ajvValidate)",
              "err": {},
              "uuid": "2c4069f3-53d4-4f92-a51d-cb0849badc1e",
              "parentUUID": "4dc02e64-0b59-44d9-8dcb-75422c353f27",
              "isHook": false,
              "skipped": false
            },
            {
              "title": "should validate satisfy rules with valid mc",
              "fullTitle": "satisfyRuleSchema should validate satisfy rules with valid mc",
              "timedOut": false,
              "duration": 2,
              "state": "passed",
              "speed": "fast",
              "pass": true,
              "fail": false,
              "pending": false,
              "context": "[\n  {\n    \"title\": \"mcSatisfyRule sample 0\",\n    \"value\": {\n      \"mc\": \"<=50\"\n    }\n  },\n  {\n    \"title\": \"mcSatisfyRule sample 1\",\n    \"value\": {\n      \"mc\": \"<=194\"\n    }\n  },\n  {\n    \"title\": \"mcSatisfyRule sample 2\",\n    \"value\": {\n      \"mc\": \">=2\"\n    }\n  },\n  {\n    \"title\": \"mcSatisfyRule sample 3\",\n    \"value\": {\n      \"mc\": \"<=4\"\n    }\n  },\n  {\n    \"title\": \"mcSatisfyRule sample 4\",\n    \"value\": {\n      \"mc\": \"<=5\"\n    }\n  },\n  {\n    \"title\": \"mcSatisfyRule sample 5\",\n    \"value\": {\n      \"mc\": \"<=137\"\n    }\n  },\n  {\n    \"title\": \"mcSatisfyRule sample 6\",\n    \"value\": {\n      \"mc\": \">=99\"\n    }\n  },\n  {\n    \"title\": \"mcSatisfyRule sample 7\",\n    \"value\": {\n      \"mc\": \"<=52\"\n    }\n  },\n  {\n    \"title\": \"mcSatisfyRule sample 8\",\n    \"value\": {\n      \"mc\": \">=139\"\n    }\n  },\n  {\n    \"title\": \"mcSatisfyRule sample 9\",\n    \"value\": {\n      \"mc\": \"<=5\"\n    }\n  }\n]",
              "code": "fast_check_1.sample(index_test_2.mcSatisfyRule, 10).forEach((sample, i) => addContext_1.default(this, {\n    title: `mcSatisfyRule sample ${i}`,\n    value: sample,\n}));\nreturn fast_check_1.assert(fast_check_1.property(index_test_2.mcSatisfyRule, ajvValidate));",
              "err": {},
              "uuid": "279e77b3-2bf8-40e6-a683-57f6996ac1ca",
              "parentUUID": "4dc02e64-0b59-44d9-8dcb-75422c353f27",
              "isHook": false,
              "skipped": false
            },
            {
              "title": "should validate valid recursive satisfy rules",
              "fullTitle": "satisfyRuleSchema should validate valid recursive satisfy rules",
              "timedOut": false,
              "duration": 4,
              "state": "passed",
              "speed": "fast",
              "pass": true,
              "fail": false,
              "pending": false,
              "context": "[\n  {\n    \"title\": \"satisfyRule sample 0\",\n    \"value\": {\n      \"mc\": \"<=3\"\n    }\n  },\n  {\n    \"title\": \"satisfyRule sample 1\",\n    \"value\": {\n      \"mc\": \"<=200\"\n    }\n  },\n  {\n    \"title\": \"satisfyRule sample 2\",\n    \"value\": {\n      \"mc\": \">=104\"\n    }\n  },\n  {\n    \"title\": \"satisfyRule sample 3\",\n    \"value\": {\n      \"and\": []\n    }\n  },\n  {\n    \"title\": \"satisfyRule sample 4\",\n    \"value\": {\n      \"and\": [\n        {\n          \"mc\": \">=195\"\n        },\n        {\n          \"or\": [\n            {\n              \"mc\": \"<=109\"\n            },\n            \".~R\",\n            \"DxY\",\n            \"!\\\"mA\\\\]\",\n            {\n              \"and\": [\n                {\n                  \"and\": []\n                },\n                {\n                  \"and\": [\n                    \"Igqv\\\\+\"\n                  ]\n                },\n                \"1 S\",\n                \"KI5w\",\n                {\n                  \"and\": []\n                }\n              ]\n            }\n          ]\n        },\n        {\n          \"mc\": \"<=7\"\n        }\n      ]\n    }\n  },\n  {\n    \"title\": \"satisfyRule sample 5\",\n    \"value\": {\n      \"or\": [\n        {\n          \"and\": [\n            {\n              \"mc\": \"<=146\"\n            },\n            {\n              \"and\": [\n                {\n                  \"and\": [\n                    {\n                      \"and\": [\n                        \"WNHG&:)hu\",\n                        \">\\\\1b\",\n                        \"\",\n                        \"= ~ZaC$Kc\"\n                      ]\n                    }\n                  ]\n                }\n              ]\n            },\n            \"\\\"Ae@'v\",\n            {\n              \"mc\": \">=162\"\n            }\n          ]\n        },\n        {\n          \"or\": [\n            {\n              \"or\": [\n                \"l$ZA,TS)r2\",\n                \"z2+ioUok\",\n                \" \"\n              ]\n            },\n            \"M;/8@N@`$[\",\n            {\n              \"and\": [\n                {\n                  \"and\": []\n                },\n                {\n                  \"mc\": \"<=26\"\n                },\n                \"iYM\",\n                \"K~J#K=\"\n              ]\n            }\n          ]\n        },\n        {\n          \"mc\": \"<=136\"\n        }\n      ]\n    }\n  },\n  {\n    \"title\": \"satisfyRule sample 6\",\n    \"value\": {\n      \"and\": [\n        {\n          \"mc\": \">=148\"\n        },\n        {\n          \"or\": [\n            \"W\",\n            \"B\\\\\"\n          ]\n        },\n        {\n          \"or\": [\n            {\n              \"mc\": \">=199\"\n            },\n            {\n              \"or\": [\n                \"[Km \",\n                \"335[5h(H\"\n              ]\n            },\n            {\n              \"or\": [\n                \"\",\n                \".nCVSS\",\n                {\n                  \"mc\": \">=65\"\n                },\n                \"-Y:KV\",\n                \"jR|X\"\n              ]\n            }\n          ]\n        }\n      ]\n    }\n  },\n  {\n    \"title\": \"satisfyRule sample 7\",\n    \"value\": \"|!U\"\n  },\n  {\n    \"title\": \"satisfyRule sample 8\",\n    \"value\": \"&%A\"\n  },\n  {\n    \"title\": \"satisfyRule sample 9\",\n    \"value\": {\n      \"or\": [\n        {\n          \"and\": [\n            \"\",\n            \"U@X1FU+X6\"\n          ]\n        },\n        {\n          \"and\": [\n            {\n              \"or\": [\n                \"vX\",\n                {\n                  \"or\": [\n                    \"wI.(0@V;0\"\n                  ]\n                },\n                \"aKnac>\",\n                \"#UT\",\n                {\n                  \"mc\": \"<=69\"\n                }\n              ]\n            },\n            \"3^tY\"\n          ]\n        }\n      ]\n    }\n  }\n]",
              "code": "fast_check_1.sample(index_test_2.satisfyRule, 10).forEach((sample, i) => addContext_1.default(this, {\n    title: `satisfyRule sample ${i}`,\n    value: sample,\n}));\nreturn fast_check_1.assert(fast_check_1.property(index_test_2.satisfyRule, ajvValidate));",
              "err": {},
              "uuid": "9b9f7a4a-514e-4818-849d-2ad499cbbda2",
              "parentUUID": "4dc02e64-0b59-44d9-8dcb-75422c353f27",
              "isHook": false,
              "skipped": false
            },
            {
              "title": "should not validate non-string/object",
              "fullTitle": "satisfyRuleSchema should not validate non-string/object",
              "timedOut": false,
              "duration": 2,
              "state": "passed",
              "speed": "fast",
              "pass": true,
              "fail": false,
              "pending": false,
              "context": null,
              "code": "const error = {\n    instancePath: \"\",\n    message: \"satisfy rule should be either a string or an object\",\n};\nisInvalidRule(null, error);\nisInvalidRule(undefined, error);\nisInvalidRule(10, error);\nisInvalidRule([12, 24], error);",
              "err": {},
              "uuid": "42481e66-ad2c-45f6-bf58-71b53ad96f28",
              "parentUUID": "4dc02e64-0b59-44d9-8dcb-75422c353f27",
              "isHook": false,
              "skipped": false
            },
            {
              "title": "should not validate satisfy rules with extra properties",
              "fullTitle": "satisfyRuleSchema should not validate satisfy rules with extra properties",
              "timedOut": false,
              "duration": 0,
              "state": "passed",
              "speed": "fast",
              "pass": true,
              "fail": false,
              "pending": false,
              "context": null,
              "code": "isInvalidRule({\n        and: [\n            { or: [\"2k\"], abc: \"def\" },\n            { mc: 8, ghi: \"jkl\" },\n        ],\n        mno: \"pqr\",\n    }, {\n        instancePath: \"/and/0\",\n        message: \"or satisfy rule should have property 'or' only\",\n    }, {\n        instancePath: \"/and/1\",\n        message: \"MC satisfy rule should have property 'mc' only\",\n    }, {\n        instancePath: \"\",\n        message: \"and satisfy rule should have property 'and' only\",\n    })",
              "err": {},
              "uuid": "e38cdb38-7647-4582-848c-99cdd2040842",
              "parentUUID": "4dc02e64-0b59-44d9-8dcb-75422c353f27",
              "isHook": false,
              "skipped": false
            },
            {
              "title": "should not validate ambiguous satisfy rules",
              "fullTitle": "satisfyRuleSchema should not validate ambiguous satisfy rules",
              "timedOut": false,
              "duration": 1,
              "state": "passed",
              "speed": "fast",
              "pass": true,
              "fail": false,
              "pending": false,
              "context": null,
              "code": "const message = \"satisfy rule should have only one of properties 'mc', 'and', 'or'\";\nisInvalidRule({\n    or: [\n        { mc: 5, and: [\"CS2040\"] },\n        { and: [{ and: [\"abc\"], or: [\"def\"] }] },\n    ],\n}, { instancePath: \"/or/0\", message }, { instancePath: \"/or/1/and/0\", message });",
              "err": {},
              "uuid": "94b86ecd-87cd-438e-a44c-3561852ec185",
              "parentUUID": "4dc02e64-0b59-44d9-8dcb-75422c353f27",
              "isHook": false,
              "skipped": false
            },
            {
              "title": "should not validate and satisfy rules with non-array property",
              "fullTitle": "satisfyRuleSchema should not validate and satisfy rules with non-array property",
              "timedOut": false,
              "duration": 0,
              "state": "passed",
              "speed": "fast",
              "pass": true,
              "fail": false,
              "pending": false,
              "context": null,
              "code": "const message = \"property 'and' should be an array of satisfy rules\";\nisInvalidRule({ or: [{ and: {} }, { or: [{ and: 3 }] }] }, { instancePath: \"/or/0/and\", message }, { instancePath: \"/or/1/or/0/and\", message });",
              "err": {},
              "uuid": "2ea9873a-97b1-4d5f-9ac2-ecf1ab1f6c1b",
              "parentUUID": "4dc02e64-0b59-44d9-8dcb-75422c353f27",
              "isHook": false,
              "skipped": false
            },
            {
              "title": "should not validate or satisfy rules with non-array property",
              "fullTitle": "satisfyRuleSchema should not validate or satisfy rules with non-array property",
              "timedOut": false,
              "duration": 1,
              "state": "passed",
              "speed": "fast",
              "pass": true,
              "fail": false,
              "pending": false,
              "context": null,
              "code": "const message = \"property 'or' should be an array of satisfy rules\";\nisInvalidRule({ and: [{ or: {} }, { and: [{ or: 3 }] }] }, { instancePath: \"/and/0/or\", message }, { instancePath: \"/and/1/and/0/or\", message });",
              "err": {},
              "uuid": "b7042b9d-4346-4262-9c53-5cac70620776",
              "parentUUID": "4dc02e64-0b59-44d9-8dcb-75422c353f27",
              "isHook": false,
              "skipped": false
            }
          ],
          "suites": [],
          "passes": [
            "2c4069f3-53d4-4f92-a51d-cb0849badc1e",
            "279e77b3-2bf8-40e6-a683-57f6996ac1ca",
            "9b9f7a4a-514e-4818-849d-2ad499cbbda2",
            "42481e66-ad2c-45f6-bf58-71b53ad96f28",
            "e38cdb38-7647-4582-848c-99cdd2040842",
            "94b86ecd-87cd-438e-a44c-3561852ec185",
            "2ea9873a-97b1-4d5f-9ac2-ecf1ab1f6c1b",
            "b7042b9d-4346-4262-9c53-5cac70620776"
          ],
          "failures": [],
          "pending": [],
          "skipped": [],
          "duration": 11,
          "root": false,
          "rootEmpty": false,
          "_timeout": 2000
        }
      ],
      "passes": [],
      "failures": [],
      "pending": [],
      "skipped": [],
      "duration": 0,
      "root": true,
      "rootEmpty": true,
      "_timeout": 2000
    }
  ],
  "meta": {
    "mocha": {
      "version": "9.0.2"
    },
    "mochawesome": {
      "options": {
        "quiet": false,
        "reportFilename": "mochawesome",
        "saveHtml": true,
        "saveJson": true,
        "consoleReporter": "spec",
        "useInlineDiffs": false,
        "code": true
      },
      "version": "6.2.2"
    },
    "marge": {
      "options": {
        "reportDir": "docs"
      },
      "version": "5.2.0"
    }
  }
}