{
  "stats": {
    "suites": 10,
    "tests": 48,
    "passes": 48,
    "pending": 0,
    "failures": 0,
    "start": "2021-07-12T10:33:06.796Z",
    "end": "2021-07-12T10:33:07.154Z",
    "duration": 358,
    "testsRegistered": 48,
    "passPercent": 100,
    "pendingPercent": 0,
    "other": 0,
    "hasOther": false,
    "skipped": 0,
    "hasSkipped": false
  },
  "results": [
    {
      "uuid": "ef32e4bb-84ad-473d-91fa-c9a25528cd79",
      "title": "",
      "fullFile": "",
      "file": "",
      "beforeHooks": [],
      "afterHooks": [],
      "tests": [],
      "suites": [
        {
          "uuid": "aa322572-380c-4967-896b-d6a02546bf89",
          "title": "initDirectories",
          "fullFile": "/home/runner/work/planwithus-lib/planwithus-lib/src/block/schemas.test.ts",
          "file": "/src/block/schemas.test.ts",
          "beforeHooks": [],
          "afterHooks": [],
          "tests": [
            {
              "title": "should parse all blocks with no errors",
              "fullTitle": "initDirectories should parse all blocks with no errors",
              "timedOut": false,
              "duration": 4,
              "state": "passed",
              "speed": "fast",
              "pass": true,
              "fail": false,
              "pending": false,
              "context": null,
              "code": "_1.initDirectories.should.not.throw()",
              "err": {},
              "uuid": "41f1b415-e43b-4cd5-a52d-794ebaf0fd6e",
              "parentUUID": "aa322572-380c-4967-896b-d6a02546bf89",
              "isHook": false,
              "skipped": false
            },
            {
              "title": "should produce primary, second & minor directories",
              "fullTitle": "initDirectories should produce primary, second & minor directories",
              "timedOut": false,
              "duration": 40,
              "state": "passed",
              "speed": "medium",
              "pass": true,
              "fail": false,
              "pending": false,
              "context": null,
              "code": "const directories = await _1.initDirectories();\ndirectories.should.have.property(\"primary\");\ndirectories.should.have.property(\"second\");\ndirectories.should.have.property(\"minor\");",
              "err": {},
              "uuid": "d51bbe50-984b-40dc-83db-b08c35c6f821",
              "parentUUID": "aa322572-380c-4967-896b-d6a02546bf89",
              "isHook": false,
              "skipped": false
            }
          ],
          "suites": [],
          "passes": [
            "41f1b415-e43b-4cd5-a52d-794ebaf0fd6e",
            "d51bbe50-984b-40dc-83db-b08c35c6f821"
          ],
          "failures": [],
          "pending": [],
          "skipped": [],
          "duration": 44,
          "root": false,
          "rootEmpty": false,
          "_timeout": 2000
        },
        {
          "uuid": "254e45d1-0272-4c7f-ade2-a6ebf821fdbe",
          "title": "blockSchema",
          "fullFile": "/home/runner/work/planwithus-lib/planwithus-lib/src/block/schemas.test.ts",
          "file": "/src/block/schemas.test.ts",
          "beforeHooks": [],
          "afterHooks": [],
          "tests": [
            {
              "title": "should validate valid block",
              "fullTitle": "blockSchema should validate valid block",
              "timedOut": false,
              "duration": 157,
              "state": "passed",
              "speed": "slow",
              "pass": true,
              "fail": false,
              "pending": false,
              "context": "[\n  {\n    \"title\": \"block sample 0\",\n    \"value\": {\n      \"name\": \"{{5#;\\\" }\",\n      \"ay\": 1998,\n      \"assign\": \"y|v\",\n      \"match\": {\n        \"and\": [\n          {\n            \"and\": [\n              {\n                \"or\": [\n                  \"XAUx*2\",\n                  \"KCJ3038T\"\n                ]\n              },\n              {\n                \"or\": []\n              },\n              \"FC8x0\",\n              \"ZRF95B\"\n            ]\n          }\n        ]\n      },\n      \"satisfy\": {\n        \"and\": [\n          {\n            \"and\": [\n              {\n                \"and\": [\n                  {\n                    \"mc\": \">=167\"\n                  },\n                  {\n                    \"and\": [\n                      \")'ak\"\n                    ]\n                  },\n                  \"okf\"\n                ]\n              },\n              {\n                \"or\": [\n                  {\n                    \"or\": [\n                      \",xpX&{82\",\n                      \"qj;keB0M\",\n                      \"]o@\",\n                      \"vw\"\n                    ]\n                  }\n                ]\n              },\n              {\n                \"mc\": \">=32\"\n              },\n              \"n0d;vd%}\",\n              {\n                \"or\": []\n              }\n            ]\n          },\n          \"i)]Sp&\",\n          {\n            \"and\": [\n              \"0@&8N+LP\",\n              {\n                \"mc\": \"<=57\"\n              },\n              {\n                \"or\": [\n                  {\n                    \"or\": [\n                      \"czFt\"\n                    ]\n                  },\n                  {\n                    \"and\": [\n                      {\n                        \"and\": [\n                          \"!ThA\",\n                          \"\",\n                          {\n                            \"and\": [\n                              \"x6i/=Tgi\"\n                            ]\n                          }\n                        ]\n                      },\n                      \"\"\n                    ]\n                  }\n                ]\n              },\n              {\n                \"or\": [\n                  \"k(T\\\">\\\\{LmJ\",\n                  {\n                    \"or\": [\n                      \"ZJ1?en@'z\"\n                    ]\n                  },\n                  \"4Y|\"\n                ]\n              },\n              \"=#;Zd\"\n            ]\n          },\n          {\n            \"and\": [\n              {\n                \"mc\": \"<=182\"\n              }\n            ]\n          },\n          {\n            \"or\": [\n              \"*/GW\",\n              \"71sye-I[i\",\n              \"!P5Ihu\"\n            ]\n          }\n        ]\n      },\n      \"info\": \"y\"\n    }\n  },\n  {\n    \"title\": \"block sample 1\",\n    \"value\": {\n      \"name\": \".>~7eR&cWG\",\n      \"ay\": 1955,\n      \"assign\": \"9\",\n      \"satisfy\": {\n        \"mc\": \">=16\"\n      },\n      \"info\": \"&%|]%\"\n    }\n  },\n  {\n    \"title\": \"block sample 2\",\n    \"value\": {\n      \"name\": \"*!~\",\n      \"assign\": [\n        \"$#\",\n        \"kc`a$<\"\n      ],\n      \"match\": [\n        {\n          \"or\": [\n            {\n              \"or\": [\n                \"BI4\"\n              ]\n            },\n            {\n              \"and\": [\n                \"ZW19x*B\"\n              ]\n            },\n            {\n              \"and\": [\n                {\n                  \"and\": [\n                    \"VI4xC\"\n                  ]\n                },\n                \"OSxH\",\n                \"MTU8\",\n                {\n                  \"pattern\": \"OF51*6Q\",\n                  \"exclude\": [\n                    \"YOF0x\",\n                    \"NYJ4*\",\n                    \"VFZ683M\",\n                    \"ORx03\"\n                  ],\n                  \"info\": \"\"\n                }\n              ]\n            },\n            {\n              \"or\": [\n                \"JL8*5D\",\n                {\n                  \"pattern\": \"GC79x\",\n                  \"exclude\": [\n                    \"ERZ061X\"\n                  ],\n                  \"info\": \"U7`RZLYtqP\"\n                },\n                {\n                  \"pattern\": \"YUP89\",\n                  \"exclude\": \"TJY05*\",\n                  \"info\": \"C}_\\\"LN:,3:\"\n                },\n                \"BEx236\"\n              ]\n            }\n          ]\n        },\n        {\n          \"or\": [\n            \"ZU8\",\n            {\n              \"or\": [\n                {\n                  \"pattern\": \"WBYx*\",\n                  \"exclude\": [\n                    \"GB6\",\n                    \"IOT3U\"\n                  ],\n                  \"info\": \"9g\"\n                }\n              ]\n            }\n          ]\n        },\n        {\n          \"and\": [\n            {\n              \"pattern\": \"YZ156xK\",\n              \"exclude\": [\n                \"BP4xK\",\n                \"TPC9I\",\n                \"GLWx0G\",\n                \"OP9\",\n                \"NLE1\"\n              ],\n              \"info\": \"y%\"\n            },\n            {\n              \"or\": []\n            },\n            \"LMR35\"\n          ]\n        }\n      ],\n      \"satisfy\": [\n        {\n          \"or\": [\n            {\n              \"or\": []\n            },\n            {\n              \"or\": [\n                {\n                  \"mc\": \">=18\"\n                },\n                {\n                  \"or\": [\n                    \"Pdb]{\",\n                    \"|k.)vn0\",\n                    {\n                      \"and\": [\n                        \"1'D\",\n                        {\n                          \"and\": [\n                            \"H\",\n                            \"4b\\\\\",\n                            {\n                              \"or\": [\n                                \"@vv+^3\",\n                                \"\"\n                              ]\n                            }\n                          ]\n                        },\n                        \"Y8\\\"L4:nn~(\",\n                        \"L)@m+1},^&\",\n                        \"{P1.jlu4Y\"\n                      ]\n                    }\n                  ]\n                },\n                {\n                  \"mc\": \"<=149\"\n                },\n                \"\\\"&Pu-#\",\n                \"*T0_3jVU\"\n              ]\n            }\n          ]\n        },\n        {\n          \"or\": [\n            {\n              \"and\": [\n                \"T^\",\n                \"X|P?,:\"\n              ]\n            },\n            \";\",\n            {\n              \"or\": []\n            },\n            {\n              \"mc\": \"<=76\"\n            }\n          ]\n        }\n      ],\n      \"url\": \"http://cg8llq6u9a8js6nbuc777-inpewjsbnw9igc7.wwm\",\n      \"info\": \"4w<\",\n      \"Q#'OOq\": {\n        \"name\": \"\",\n        \"assign\": [\n          \"g\"\n        ],\n        \"match\": [\n          {\n            \"or\": [\n              \"VB6615\"\n            ]\n          },\n          {\n            \"pattern\": \"DTN0128\"\n          },\n          {\n            \"or\": [\n              {\n                \"pattern\": \"TM9xx*\",\n                \"exclude\": [\n                  \"QHQ67\",\n                  \"IEQ65R\",\n                  \"EB52D\",\n                  \"YOF464\",\n                  \"LJW3*\"\n                ],\n                \"info\": \"xi*BV.D\"\n              },\n              {\n                \"pattern\": \"HGZ7Y\",\n                \"exclude\": \"EZZx3J\"\n              }\n            ]\n          },\n          {\n            \"and\": [\n              {\n                \"or\": []\n              },\n              {\n                \"pattern\": \"NTZ2S\",\n                \"exclude\": [\n                  \"BY00\",\n                  \"ER5\",\n                  \"YAZ9*\",\n                  \"JSL2x\",\n                  \"TS11\"\n                ],\n                \"info\": \"z?+Io84\"\n              },\n              {\n                \"or\": [\n                  \"JYQ0x4P\",\n                  \"FQT6I\",\n                  \"HYHx2\"\n                ]\n              },\n              {\n                \"or\": [\n                  {\n                    \"and\": [\n                      {\n                        \"pattern\": \"GKD48M\",\n                        \"exclude\": \"QFG*x5U\",\n                        \"info\": \"A+\"\n                      },\n                      \"EM12K\"\n                    ]\n                  },\n                  {\n                    \"or\": [\n                      {\n                        \"pattern\": \"AU8076\",\n                        \"exclude\": \"YZ69B\",\n                        \"info\": \"H:{bt\"\n                      },\n                      \"NEx616G\",\n                      \"SXJ19xP\",\n                      \"OZB0U\",\n                      \"QPY53J\"\n                    ]\n                  },\n                  {\n                    \"or\": [\n                      \"GSK6**T\"\n                    ]\n                  },\n                  \"WPB95Y\",\n                  {\n                    \"or\": []\n                  }\n                ]\n              },\n              \"VGQ66xX\"\n            ]\n          },\n          {\n            \"and\": [\n              \"UBH1\",\n              {\n                \"or\": [\n                  \"PE9K\",\n                  \"UWBx93B\",\n                  \"LN526\",\n                  {\n                    \"and\": [\n                      \"LO9804\",\n                      \"NN231I\",\n                      {\n                        \"or\": [\n                          \"URW*xO\",\n                          \"IWX72\",\n                          {\n                            \"or\": [\n                              \"TP6\",\n                              \"DSV7x83\",\n                              {\n                                \"pattern\": \"UTE18xJ\",\n                                \"exclude\": \"PV440\",\n                                \"info\": \"G\"\n                              },\n                              \"CK5*\"\n                            ]\n                          },\n                          \"LJEx05T\",\n                          \"GI4xT\"\n                        ]\n                      },\n                      {\n                        \"or\": [\n                          {\n                            \"and\": [\n                              \"VOY*4G\",\n                              \"NNL3*8M\",\n                              \"LH34*8\",\n                              \"PJ9x*4A\",\n                              \"LG76*3S\"\n                            ]\n                          },\n                          \"AZ796U\",\n                          \"ME94H\",\n                          \"DY68D\",\n                          {\n                            \"pattern\": \"OS77\",\n                            \"exclude\": \"UTB4x73O\",\n                            \"info\": \"J1.c!tgs\"\n                          }\n                        ]\n                      }\n                    ]\n                  }\n                ]\n              },\n              \"XX5**\",\n              {\n                \"pattern\": \"ARB956\",\n                \"info\": \"IW`\"\n              },\n              \"GT4\"\n            ]\n          }\n        ],\n        \"satisfy\": [\n          {\n            \"and\": []\n          }\n        ],\n        \"url\": \"https://66n23fk0dd74kuy3t.yaylsfmvfingyc5sjwvp5i-3ypls.58hcuwgks8pfpnn2m6jox4263q.lr1b9g85.uwdbsy/;tDT7Qc%F3%85%96%BE/WTr/udDlVE53/Kf/%F3%A7%8B%98.%F0%A1%86%B7((.!K)/XI\",\n        \"info\": \"7#tdY{u(\",\n        \"Jx>&-+L$\": {\n          \"name\": \"H>(>!\",\n          \"ay\": 1950,\n          \"match\": [\n            {\n              \"and\": []\n            }\n          ],\n          \"satisfy\": {\n            \"or\": [\n              \"YX-TjMT??\\\"\",\n              \"^?\\\"\",\n              {\n                \"and\": []\n              },\n              {\n                \"mc\": \"<=146\"\n              },\n              {\n                \"and\": [\n                  {\n                    \"or\": [\n                      \"56uK1]M1s\",\n                      {\n                        \"mc\": \"<=130\"\n                      },\n                      {\n                        \"or\": []\n                      },\n                      {\n                        \"or\": [\n                          {\n                            \"or\": [\n                              \"bTj1aw1PH\",\n                              \"iM~H(\",\n                              \"<\",\n                              \"2e=ky7CS}\",\n                              {\n                                \"mc\": \">=54\"\n                              }\n                            ]\n                          },\n                          \"lO\",\n                          \"RtW)d:Yz\"\n                        ]\n                      }\n                    ]\n                  },\n                  \"YyC6|&\"\n                ]\n              }\n            ]\n          },\n          \"url\": \"http://t.qsyohgbwvg//0jo/V$%F1%B7%A0%94RX!hY3\",\n          \"info\": \"j)XE>R#\"\n        },\n        \"=\": {\n          \"name\": \"1\",\n          \"ay\": 1970,\n          \"assign\": \"!.F?AM6/\",\n          \"match\": {\n            \"and\": [\n              \"GCF399Y\",\n              {\n                \"and\": []\n              }\n            ]\n          },\n          \"satisfy\": \"bn)W\",\n          \"url\": \"http://qo587h96b24qgolkwjbr-8u7.yky/1/W//x%F2%B6%B6%A4e0IzS,*,/yg!C@5/%F1%A5%B9%A3%F2%AF%A5%9D%F3%B1%9C%A63T/+$%F3%B2%AA%90=fm/3'H&NE~gq/YE&:@J/5TB\",\n          \"info\": \";\\\"#@,`Ufi\"\n        }\n      }\n    }\n  },\n  {\n    \"title\": \"block sample 3\",\n    \"value\": {\n      \"name\": \"tXD\",\n      \"ay\": 2011,\n      \"match\": {\n        \"or\": []\n      },\n      \"satisfy\": {\n        \"and\": [\n          \"ZO(\"\n        ]\n      },\n      \"url\": \"http://fn-qer2o6lt2ssy37iri2t4b-29etml8e.zk-nst7e1xg9-d0bde20hwonr20pmd54.u-004d78wyh6hq1zt82dgpvzqwdpur6g5k1-5xw9cvpqdh8n2493ja70.3nek8d5tbyyr32tshacdeo17m-kohk52jtqj-g0f6l2y8cmca6rzpm.vgnugb/%F2%A1%A1%A4=O@Z/t+2\",\n      \"info\": \"%yN[\",\n      \"\": {\n        \"name\": \"/fvUtIt1G\",\n        \"ay\": 2012,\n        \"assign\": [\n          \"I 9\",\n          \"etCu;j\",\n          \"I)t\",\n          \"%mA\"\n        ],\n        \"match\": {\n          \"pattern\": \"ZX050C\",\n          \"exclude\": \"FU9156\",\n          \"info\": \"d$&`@\"\n        },\n        \"satisfy\": {\n          \"and\": []\n        },\n        \"url\": \"http://e.4uo481a-zzyb01ogucxjjxo7oui5jdkdzslu8ac3gto7jb1em8k64i.ejv7aqv4sl3a1u44cyecgog26g7lc.h88wncw.jup/%F2%B5%8B%93+u,NKDr/Tq-Om/v/R%F3%9D%AA%96ihP\",\n        \"info\": \")\\\\OA^%Q\",\n        \"0c{\": {\n          \"name\": \"L6qG[\",\n          \"ay\": 1998,\n          \"match\": {\n            \"or\": [\n              {\n                \"pattern\": \"HP56\",\n                \"exclude\": [\n                  \"AWK70\"\n                ],\n                \"info\": \"shWg\"\n              },\n              {\n                \"and\": [\n                  {\n                    \"pattern\": \"HXN2*0\",\n                    \"exclude\": [\n                      \"CQ5I\",\n                      \"KXN7962\",\n                      \"GGK08\",\n                      \"JD670\",\n                      \"XOC3\"\n                    ],\n                    \"info\": \"3-GB{8Z\"\n                  },\n                  {\n                    \"or\": []\n                  }\n                ]\n              }\n            ]\n          },\n          \"satisfy\": [\n            \"`M^ei<S|\"\n          ],\n          \"url\": \"http://p5jn42jx9za5.7sy0re2333fc9d6c8ei531stp-7etavuewaascczjf49nbe3fjoenlo6w6rw0d.t6rzoatx1-j0tjs.gweenoxih/=WA%F2%8F%95%B7\",\n          \"info\": \"b6%\"\n        }\n      },\n      \"F=\\\"$DizCb\": {\n        \"name\": \"'#\",\n        \"match\": {\n          \"pattern\": \"FC*1\",\n          \"exclude\": [\n            \"NZTx7\",\n            \"AD9629O\",\n            \"EVH2J\",\n            \"YX2010K\",\n            \"HFK6240C\"\n          ],\n          \"info\": \")!e>/I/e%\"\n        },\n        \"url\": \"https://n3dj340coi6j7vovpjimbav1udtl2ns2n.mrz/.vrTJ/XZD/qB-r_-9mj\",\n        \"info\": \"i~\"\n      }\n    }\n  },\n  {\n    \"title\": \"block sample 4\",\n    \"value\": {\n      \"name\": \" \",\n      \"ay\": 1955,\n      \"satisfy\": \"r,cjk\",\n      \"url\": \"http://92ikzhljidj0i084h6r2qx81651gx005m1y7qi14hi3wv4m2yt.499t6p6kl7o5mw2ckt1zera-02hsuz4wwk93.0.prrrgwes/jP~C%F3%86%A4%A1ZT\",\n      \"info\": \"Dll8EC8b3\"\n    }\n  },\n  {\n    \"title\": \"block sample 5\",\n    \"value\": {\n      \"name\": \"k;tK^yoy\",\n      \"ay\": 1953,\n      \"assign\": [],\n      \"match\": {\n        \"or\": [\n          \"MY76\",\n          {\n            \"or\": [\n              \"OA7*2N\",\n              {\n                \"pattern\": \"SL9111H\",\n                \"exclude\": \"RK9C\",\n                \"info\": \"\"\n              },\n              {\n                \"and\": [\n                  \"EI39\",\n                  \"RU84*8\",\n                  \"MEx111J\",\n                  \"NC*25\",\n                  {\n                    \"and\": [\n                      {\n                        \"pattern\": \"GOP0*5xB\",\n                        \"exclude\": [],\n                        \"info\": \"#Z~q,]\"\n                      }\n                    ]\n                  }\n                ]\n              },\n              \"EWX4*6O\",\n              {\n                \"or\": [\n                  \"VMU15*L\"\n                ]\n              }\n            ]\n          },\n          {\n            \"or\": [\n              \"SEx5Q\",\n              {\n                \"pattern\": \"GHA*52M\",\n                \"exclude\": \"QG*9O\"\n              },\n              \"EF31\",\n              {\n                \"or\": [\n                  \"VA01\"\n                ]\n              }\n            ]\n          }\n        ]\n      },\n      \"satisfy\": [\n        \"\"\n      ],\n      \"url\": \"http://xcpoia2b4c9f0cliy2drpe2k4st7kkwnw.mmbphbwroo/eBg/\",\n      \"info\": \"oH\",\n      \"Q@P|&J%qE!\": {\n        \"name\": \"#<\",\n        \"ay\": 1953,\n        \"assign\": \"gX5\",\n        \"match\": \"IY1\",\n        \"satisfy\": {\n          \"or\": [\n            {\n              \"or\": [\n                {\n                  \"mc\": \"<=162\"\n                },\n                \"\",\n                {\n                  \"mc\": \"<=70\"\n                },\n                \"\\\\8HwA\\\"9-\",\n                \"'n\"\n              ]\n            }\n          ]\n        },\n        \"info\": \"\"\n      }\n    }\n  },\n  {\n    \"title\": \"block sample 6\",\n    \"value\": {\n      \"name\": \"\",\n      \"ay\": 2025,\n      \"assign\": \"33`h`p5j\",\n      \"match\": {\n        \"pattern\": \"SO6\"\n      },\n      \"info\": \"G\",\n      \"{?aA\": {\n        \"name\": \"\",\n        \"assign\": \">w*\",\n        \"match\": {\n          \"or\": [\n            {\n              \"or\": [\n                \"MQ54\",\n                \"VAZ8\"\n              ]\n            },\n            \"FF879\"\n          ]\n        },\n        \"satisfy\": [\n          {\n            \"mc\": \">=157\"\n          },\n          {\n            \"mc\": \"<=113\"\n          }\n        ],\n        \"url\": \"http://pgw0.a5g28cqhr1eqfy.d2rq-m07rf3ojza7rqlp2glirmd-3wk8p74qynol5zt8ydmin25wt0sf8vst.i.wd/,/a_//P//Syc'%F3%A5%93%9Fe\",\n        \"info\": \"(\"\n      }\n    }\n  },\n  {\n    \"title\": \"block sample 7\",\n    \"value\": {\n      \"name\": \"8iPy@0k4Q\",\n      \"ay\": 2026,\n      \"assign\": [\n        \"(fs\",\n        \"&$x\\\"'\",\n        \"MU]jBw\",\n        \"&6$\",\n        \"($R\"\n      ],\n      \"match\": {\n        \"or\": [\n          {\n            \"pattern\": \"ZNR5392T\",\n            \"exclude\": \"AZ9*4F\"\n          }\n        ]\n      },\n      \"url\": \"http://um3rmhcsr1ne7edalc6fcadc56ecji55f.9q1p9xdrxwdhrzpt9r9d4lbqnw48ewrsx22178nwfcic5z85fiax3hudcvq9f.yseowhdsc/;8mw/b/t5fR+z/~S;./zE7D3mrfY/JEhtN0@J.\",\n      \"info\": \"(86x4?\"\n    }\n  },\n  {\n    \"title\": \"block sample 8\",\n    \"value\": {\n      \"name\": \"c,te`N,4{\",\n      \"ay\": 2026,\n      \"assign\": \"D\",\n      \"match\": [\n        {\n          \"pattern\": \"EV01xS\",\n          \"exclude\": [\n            \"QYG6x3xP\",\n            \"ZEx9\"\n          ],\n          \"info\": \"lOP)A\"\n        },\n        {\n          \"pattern\": \"AZF5Y\",\n          \"exclude\": [\n            \"FOV50K\"\n          ]\n        },\n        {\n          \"and\": [\n            {\n              \"or\": [\n                \"XHx*22\",\n                {\n                  \"and\": []\n                },\n                {\n                  \"or\": [\n                    {\n                      \"pattern\": \"YC186\",\n                      \"exclude\": \"KTI42\"\n                    },\n                    \"IYC7277T\"\n                  ]\n                }\n              ]\n            },\n            {\n              \"and\": [\n                {\n                  \"and\": [\n                    \"FR50E\",\n                    \"BWK*P\",\n                    \"VZU*66D\",\n                    {\n                      \"or\": [\n                        \"AN554O\"\n                      ]\n                    }\n                  ]\n                },\n                \"MMYxV\",\n                \"HY38N\"\n              ]\n            }\n          ]\n        },\n        \"MHK500\",\n        \"YDH8*\"\n      ],\n      \"satisfy\": [],\n      \"url\": \"http://6c-sbqdsq92ah9k7e7fy-67jigzatma.469c.t.ez/NnE$N%F2%AC%8C%942j\",\n      \"info\": \"Na_[0 \",\n      \"D$SIl@D\": {\n        \"ay\": 2007,\n        \"assign\": [\n          \"\"\n        ],\n        \"match\": [\n          {\n            \"and\": [\n              {\n                \"or\": [\n                  {\n                    \"and\": [\n                      \"KA27\",\n                      \"EG3\",\n                      \"CY59Y\",\n                      \"RM052\"\n                    ]\n                  },\n                  \"KS672L\",\n                  {\n                    \"and\": [\n                      \"II45T\",\n                      \"OAC7852\"\n                    ]\n                  }\n                ]\n              },\n              \"WDx767U\",\n              {\n                \"pattern\": \"WRQ8310K\",\n                \"exclude\": [\n                  \"UY3628\"\n                ],\n                \"info\": \"6`S\"\n              },\n              {\n                \"and\": [\n                  {\n                    \"or\": [\n                      {\n                        \"or\": [\n                          \"CXZ2\",\n                          \"MNx523F\",\n                          \"FQ8V\",\n                          {\n                            \"pattern\": \"GS846\",\n                            \"exclude\": [\n                              \"CQ5843D\",\n                              \"YJ51\",\n                              \"RSM3*2P\",\n                              \"VI7899Q\"\n                            ],\n                            \"info\": \"zX8V\"\n                          }\n                        ]\n                      },\n                      \"KCO1*16X\"\n                    ]\n                  },\n                  \"SOKx96\",\n                  {\n                    \"and\": [\n                      \"FENx91H\",\n                      {\n                        \"or\": []\n                      },\n                      {\n                        \"pattern\": \"SDL0xxT\",\n                        \"exclude\": \"IWC4*7\"\n                      },\n                      \"LJB1x4I\",\n                      \"MF5O\"\n                    ]\n                  },\n                  \"DD1A\"\n                ]\n              },\n              {\n                \"pattern\": \"QM1x\",\n                \"exclude\": [\n                  \"YZH8\",\n                  \"FIJ2344\",\n                  \"OC4S\",\n                  \"IEV05x3\",\n                  \"ZLY017\"\n                ],\n                \"info\": \"-cC}Y;j3|\"\n              }\n            ]\n          },\n          {\n            \"or\": [\n              \"XUGx76\",\n              {\n                \"or\": [\n                  \"MM4S\",\n                  {\n                    \"pattern\": \"ET5311\",\n                    \"exclude\": [\n                      \"CCE048K\",\n                      \"IT59\",\n                      \"XTG77\",\n                      \"UWG2I\",\n                      \"CN82S\"\n                    ],\n                    \"info\": \"\"\n                  }\n                ]\n              },\n              {\n                \"or\": []\n              }\n            ]\n          }\n        ],\n        \"satisfy\": [],\n        \"url\": \"https://f37lteg0kmmn24jq8w07u-k8ap6tnb3i56d4k474mbfir0ryud7qy7.jozqb9if1az.it7r00q8m7wdunyu-i4e7ir58pqm24bcci3pop0231s7.kwutqd/X$@Ac\",\n        \"info\": \"4R c[0<f|7\"\n      },\n      \"_\": {\n        \"ay\": 2014,\n        \"match\": [\n          {\n            \"pattern\": \"NKH5A\",\n            \"exclude\": [\n              \"ZKV421D\",\n              \"BM4O\",\n              \"SVG8\"\n            ],\n            \"info\": \"y)(?\"\n          },\n          {\n            \"pattern\": \"ZOS1D\",\n            \"exclude\": [\n              \"XQ7J\",\n              \"FG03N\",\n              \"SB10\"\n            ],\n            \"info\": \"hs\"\n          },\n          {\n            \"and\": [\n              \"NKGx\",\n              {\n                \"pattern\": \"NH2A\",\n                \"exclude\": [\n                  \"XMM5936\",\n                  \"OW3\"\n                ],\n                \"info\": \"'KATS-<\"\n              },\n              {\n                \"pattern\": \"ZF2094R\",\n                \"exclude\": \"IRF0*69R\",\n                \"info\": \"g\"\n              },\n              {\n                \"and\": [\n                  {\n                    \"or\": []\n                  },\n                  {\n                    \"and\": [\n                      {\n                        \"or\": [\n                          \"KT884\",\n                          \"PC1272V\",\n                          {\n                            \"or\": [\n                              \"RM7218\",\n                              \"DXR20M\",\n                              {\n                                \"pattern\": \"HYL668\",\n                                \"exclude\": [\n                                  \"OB946\",\n                                  \"NDx3*\",\n                                  \"YXO34\",\n                                  \"BYX805*\",\n                                  \"SXS66*\"\n                                ]\n                              }\n                            ]\n                          },\n                          {\n                            \"or\": [\n                              {\n                                \"pattern\": \"NS843C\",\n                                \"exclude\": [\n                                  \"KMBx\",\n                                  \"TL50B\",\n                                  \"HF3*9C\"\n                                ],\n                                \"info\": \"#\\\\:p^\"\n                              },\n                              \"AHX2U\",\n                              \"GDV*785T\",\n                              \"QK7**B\"\n                            ]\n                          },\n                          \"RR2\"\n                        ]\n                      }\n                    ]\n                  },\n                  {\n                    \"or\": []\n                  }\n                ]\n              },\n              {\n                \"pattern\": \"PRW5xQ\",\n                \"exclude\": [\n                  \"SNxB\"\n                ],\n                \"info\": \"<jC~A~tZ%\"\n              }\n            ]\n          },\n          \"WJ*x5*R\"\n        ],\n        \"satisfy\": {\n          \"mc\": \">=198\"\n        },\n        \"url\": \"https://i41fm4i6yjpx-1htdvgtucykl9s03l2xfyca25d1e.g.qzswphq/BdRX-z%F3%A9%BE%B3/yJP-Y/:*ckhwD%F1%98%93%A85\",\n        \"info\": \"1WVlV\"\n      },\n      \"Ay\\\"`x\": {\n        \"name\": \"!hzof\",\n        \"ay\": 2022,\n        \"assign\": [\n          \"\"\n        ],\n        \"match\": {\n          \"and\": [\n            {\n              \"or\": [\n                \"RVL20K\",\n                {\n                  \"pattern\": \"CRC*5\",\n                  \"exclude\": \"MI2G\"\n                },\n                \"DPH1*\",\n                {\n                  \"or\": [\n                    \"FY548G\"\n                  ]\n                },\n                \"PNT77L\"\n              ]\n            },\n            {\n              \"pattern\": \"TFLx**\",\n              \"exclude\": \"UWxH\",\n              \"info\": \"zaN&]s\"\n            },\n            {\n              \"or\": [\n                \"ILH8170N\",\n                {\n                  \"pattern\": \"ML3F\",\n                  \"exclude\": [],\n                  \"info\": \"G/^VdB\"\n                },\n                \"SDD*9\",\n                \"ACL6O\",\n                \"XYY00x6\"\n              ]\n            },\n            {\n              \"or\": []\n            }\n          ]\n        },\n        \"satisfy\": [\n          {\n            \"mc\": \">=84\"\n          },\n          \"NV\",\n          {\n            \"mc\": \">=138\"\n          },\n          {\n            \"or\": [\n              {\n                \"and\": [\n                  \"ni>bY\",\n                  {\n                    \"and\": [\n                      \"\",\n                      {\n                        \"mc\": \">=174\"\n                      },\n                      {\n                        \"or\": []\n                      },\n                      {\n                        \"and\": [\n                          \"+67)Qf\\\"\",\n                          \"nx^h{c\",\n                          \"j6>P\",\n                          {\n                            \"or\": [\n                              \"q)r@l5l\",\n                              \"\",\n                              \"DBe }2\",\n                              \"6VsuX\"\n                            ]\n                          }\n                        ]\n                      }\n                    ]\n                  },\n                  \"N|.0/V^\",\n                  {\n                    \"and\": []\n                  },\n                  {\n                    \"and\": [\n                      \"@\"\n                    ]\n                  }\n                ]\n              },\n              \"K5<:3:\\\"Z&j\"\n            ]\n          },\n          \"s0KfqDg>3\"\n        ],\n        \"url\": \"https://uj93wjeawnulf.7ltznmb8z-806vic86y1xecafxionb8dw6oti48in7u6nv6i32yse79ow0g.31mc-5peg6zwufsvr7nygmkreg1h.u.sk0kreyk6a5k33-px5nslb7ly45e4h.fwyzvprv/&7hdHEMsm%F3%B0%93%AD/%F3%8A%B4%9Ccdcc/)/s1%F2%AD%87%81W./qlU%F1%A0%87%81VwT$NX//Zjo/)6sQUzHOT%F3%94%84%AA/nDc2d\",\n        \"info\": \"lE\\\" (?B$\",\n        \"HKfqwn\": {\n          \"name\": \"!L7iD\",\n          \"ay\": 1965,\n          \"assign\": [\n            \"\",\n            \"B;$|\"\n          ],\n          \"match\": [\n            {\n              \"and\": [\n                {\n                  \"or\": [\n                    \"OZx8V\",\n                    \"MJE1\",\n                    \"KHU34D\",\n                    \"EH526D\"\n                  ]\n                },\n                \"AU636*G\",\n                \"VGK2x8P\",\n                {\n                  \"or\": [\n                    {\n                      \"pattern\": \"BENx19\",\n                      \"exclude\": [],\n                      \"info\": \" ty`z\"\n                    },\n                    {\n                      \"pattern\": \"DJO*027\",\n                      \"exclude\": \"YVP6F\",\n                      \"info\": \"),F3,\"\n                    },\n                    {\n                      \"and\": []\n                    },\n                    \"HQ777\",\n                    {\n                      \"and\": []\n                    }\n                  ]\n                }\n              ]\n            },\n            {\n              \"pattern\": \"HQM3\",\n              \"exclude\": \"AXU91\",\n              \"info\": \")Deo?Y\"\n            },\n            \"PJx38\"\n          ],\n          \"satisfy\": [\n            \"yk{6\",\n            {\n              \"or\": [\n                \"`*%(Oc5~Hh\"\n              ]\n            }\n          ],\n          \"url\": \"http://esl-3sfzggtbbjjwgor396a4j--cv742eotvnrewx7nubykfjaqiuqcc.e8hz0dw9zm.5dd6wrcu5l881jiqxoqjckywdp13vcpmln.mu.gjzhtmjr/lnTU\",\n          \"info\": \"$!G\",\n          \"(j\": {\n            \"name\": \"zBM3r9<OS\",\n            \"ay\": 1983,\n            \"assign\": \"oh*HO/O\",\n            \"match\": [\n              {\n                \"pattern\": \"BN602Q\",\n                \"exclude\": \"PZ815O\",\n                \"info\": \"k;YC,C!T\"\n              },\n              {\n                \"pattern\": \"NZS74*7\",\n                \"info\": \"n4P\"\n              },\n              {\n                \"or\": [\n                  {\n                    \"pattern\": \"FS20*4D\",\n                    \"exclude\": \"HDX0369V\"\n                  },\n                  \"MKM39\",\n                  {\n                    \"pattern\": \"ENO7\",\n                    \"exclude\": [\n                      \"BR934P\",\n                      \"RHxx7x\",\n                      \"ZU6965G\",\n                      \"FYA0\",\n                      \"FY101Q\"\n                    ],\n                    \"info\": \"\"\n                  },\n                  {\n                    \"or\": [\n                      \"FO9\",\n                      \"EA*1C\"\n                    ]\n                  },\n                  \"JZ505M\"\n                ]\n              },\n              {\n                \"or\": [\n                  {\n                    \"or\": [\n                      \"NS7x2A\",\n                      \"OKL83I\",\n                      \"BG0285L\",\n                      {\n                        \"or\": []\n                      }\n                    ]\n                  },\n                  {\n                    \"or\": [\n                      {\n                        \"pattern\": \"JJ07*S\",\n                        \"exclude\": \"RBG698\"\n                      }\n                    ]\n                  },\n                  {\n                    \"or\": [\n                      {\n                        \"or\": [\n                          \"YYFx\"\n                        ]\n                      },\n                      {\n                        \"or\": [\n                          {\n                            \"and\": [\n                              \"NC99N\",\n                              \"GY1*X\",\n                              {\n                                \"pattern\": \"QQX5964H\",\n                                \"exclude\": \"TUA8615M\",\n                                \"info\": \"@tc^GJ\"\n                              },\n                              \"IO03\"\n                            ]\n                          },\n                          {\n                            \"or\": [\n                              \"KWx731O\",\n                              \"EI7A\",\n                              \"GHK*\",\n                              {\n                                \"and\": [\n                                  {\n                                    \"or\": [\n                                      \"QOB2\",\n                                      \"EXE575\",\n                                      \"GN3568Y\"\n                                    ]\n                                  }\n                                ]\n                              },\n                              {\n                                \"and\": [\n                                  \"SZ9x6V\"\n                                ]\n                              }\n                            ]\n                          }\n                        ]\n                      },\n                      {\n                        \"and\": [\n                          {\n                            \"pattern\": \"ZWAxT\",\n                            \"exclude\": [\n                              \"JUCx53Z\",\n                              \"YV249I\",\n                              \"SU0\",\n                              \"NOK1\",\n                              \"TGZxx84Q\"\n                            ],\n                            \"info\": \"?0\"\n                          },\n                          \"ZMM53x7G\"\n                        ]\n                      },\n                      \"FB7768\"\n                    ]\n                  }\n                ]\n              }\n            ],\n            \"url\": \"https://r.blg5-yq9habaj6r-5wwajtd52cj3w5tw24jpt1.x4h-s585flwvrop3pvt343fif9ifl1jpxjb3qjc1psrtajthc1hneipre6x.gzbkgq/uJ=l%F2%A9%95%A79eQ/Jk8g/O%F1%8A%A5%B3r3P%EA%8B%B7Xp(p/f%E9%B2%B0_lD'_/%F3%95%A8%96M%F1%92%98%96HO=/BuT%F2%B9%AD%B2/Syy.j/gQC_-4f\",\n            \"J>\": {\n              \"name\": \"%=\",\n              \"ay\": 1998,\n              \"assign\": \"`HRyi_\",\n              \"satisfy\": \"i UemYx\"\n            },\n            \".708\": {\n              \"name\": \"m\\\"Z5\",\n              \"assign\": [\n                \"%D5QU#\\\"1L\\\"\",\n                \"46\",\n                \"\\\\!,{c}&\\\\\"\n              ],\n              \"satisfy\": [\n                {\n                  \"or\": [\n                    {\n                      \"or\": [\n                        \"\",\n                        {\n                          \"mc\": \">=110\"\n                        },\n                        \"\",\n                        \"]'?7\"\n                      ]\n                    },\n                    {\n                      \"mc\": \"<=65\"\n                    }\n                  ]\n                }\n              ],\n              \"url\": \"http://6.ffrs117ccp352lqtuu4vo-pxbcfrkru.qhft1pxs3xqvu2th6h8ybfjl4pk6d0qilim0n9.3e-mp76zng-f.fknf14d3og1f5yjxlfxwrocjfh8bsl7ls.wrby/I:\",\n              \"F`H9Cm\": {\n                \"name\": \"T\",\n                \"ay\": 1965,\n                \"assign\": [\n                  \"8h#!*ct\"\n                ],\n                \"satisfy\": {\n                  \"mc\": \"<=37\"\n                },\n                \"url\": \"http://gdrfwt77xji6v57bd84tlb3k7rt9tsem8qqpv.u27nzz4tao-nfmgkhymotejtueavpaa3pop20vqd2avgyzdgq.vg7wourfvdlelstr7fmz.4.flvstff/t%F1%AD%82%B9*S=/bOWl/gG;%F2%B7%A1%8D/vi%F4%89%89%9A7;9Ftm/\",\n                \"info\": \"<:Cz0mGAr\"\n              },\n              \"O\": {\n                \"ay\": 2004,\n                \"assign\": \"xb\",\n                \"match\": {\n                  \"or\": [\n                    \"GUW9*4\",\n                    \"SP4T\",\n                    {\n                      \"pattern\": \"HXP1B\",\n                      \"info\": \"d=\"\n                    },\n                    {\n                      \"or\": [\n                        {\n                          \"or\": []\n                        },\n                        \"UZ0x\",\n                        {\n                          \"and\": [\n                            \"RBT*35J\",\n                            \"VQ817\",\n                            {\n                              \"or\": [\n                                \"EEZ6x19\",\n                                {\n                                  \"and\": [\n                                    \"QLQx5\",\n                                    \"SRX6*7\",\n                                    \"EX5**1\"\n                                  ]\n                                },\n                                \"UT397D\"\n                              ]\n                            }\n                          ]\n                        }\n                      ]\n                    }\n                  ]\n                },\n                \"satisfy\": {\n                  \"or\": [\n                    \"b^~I4Z\",\n                    {\n                      \"or\": [\n                        {\n                          \"and\": [\n                            {\n                              \"or\": [\n                                \"yg\"\n                              ]\n                            },\n                            \"aes\",\n                            \"W9PQ2iyh3\",\n                            {\n                              \"mc\": \">=129\"\n                            }\n                          ]\n                        },\n                        \"&v<]:lH\"\n                      ]\n                    },\n                    \"3T>sT~@FSe\"\n                  ]\n                },\n                \"url\": \"http://kycngs722vugpw54wyoyb38juk.nfuf/QvpFpiD%F3%96%A9%A6q/%F0%BC%BA%A9e!%F2%BD%98%BF1i%F0%B1%9B%81Z/8k/6/UV,-/SAJ/N6z*E*yS/V%F1%94%AD%B2tkvGwAo/j3/kZ%F3%A0%86%A0-n-hYvF\",\n                \"info\": \"6mO9cO%TX6\"\n              },\n              \"Q\": {\n                \"name\": \"YLSd+\",\n                \"match\": {\n                  \"or\": [\n                    {\n                      \"or\": [\n                        \"OGC*09A\",\n                        \"AQx473K\",\n                        \"UW97x4D\",\n                        \"HRE*9\"\n                      ]\n                    },\n                    {\n                      \"and\": [\n                        {\n                          \"or\": [\n                            \"CFI7\"\n                          ]\n                        },\n                        \"MSE609T\",\n                        \"QEA*6*\"\n                      ]\n                    },\n                    {\n                      \"or\": []\n                    },\n                    {\n                      \"and\": []\n                    }\n                  ]\n                },\n                \"satisfy\": [\n                  {\n                    \"mc\": \">=99\"\n                  }\n                ],\n                \"url\": \"https://m3ym71k378kj1m6j7kcbr6iw33tfmn8tw55j6nzs29.f.vpsz54j2l2m4zn-8x6y2-o6ab85akssqqme5ev4-53gjjm33clax.m144-i82549y5az403mwss.jv124k5xe9culxy4jwomevll48c5n462wt90e5yg4mg7hn14tqkm.rypilzvgd/OevDaw_\",\n                \"info\": \"boG5Q|FvAs\"\n              },\n              \"J8T95maj(O\": {\n                \"name\": \"ejW\\\"Oz)&;v\",\n                \"ay\": 1991,\n                \"assign\": [\n                  \"%b{A'+\",\n                  \"a\",\n                  \"K~\",\n                  \"bk?RMn^zj\",\n                  \"0g-\"\n                ],\n                \"match\": [\n                  {\n                    \"and\": [\n                      {\n                        \"or\": [\n                          \"JP222xA\",\n                          \"KH9853C\",\n                          \"SNE2940\",\n                          \"FRW07\",\n                          \"QFW50\"\n                        ]\n                      },\n                      {\n                        \"and\": []\n                      },\n                      {\n                        \"or\": [\n                          {\n                            \"and\": [\n                              {\n                                \"or\": [\n                                  {\n                                    \"or\": [\n                                      \"EJ2\",\n                                      \"MV8877Q\"\n                                    ]\n                                  },\n                                  \"VX7\",\n                                  \"YXY*3x\",\n                                  \"PA4\",\n                                  \"JH9\"\n                                ]\n                              },\n                              {\n                                \"or\": [\n                                  \"QG6164F\",\n                                  \"NS*34\",\n                                  {\n                                    \"pattern\": \"TW1*4\",\n                                    \"info\": \"+G U`z]bn\"\n                                  },\n                                  \"AV57x\"\n                                ]\n                              },\n                              \"DWQ158\"\n                            ]\n                          },\n                          \"QO639T\",\n                          \"BLP481\",\n                          {\n                            \"and\": [\n                              {\n                                \"pattern\": \"ESA*86\",\n                                \"exclude\": \"NG1*x\",\n                                \"info\": \"~9,ZTu@o\"\n                              },\n                              \"IJU225\",\n                              {\n                                \"pattern\": \"DSQ813X\",\n                                \"exclude\": \"GZx60R\",\n                                \"info\": \"[k%x\"\n                              },\n                              {\n                                \"or\": [\n                                  \"VE4819W\",\n                                  \"EM8594F\",\n                                  \"LIO4713N\"\n                                ]\n                              }\n                            ]\n                          }\n                        ]\n                      },\n                      {\n                        \"or\": [\n                          \"AIS52U\",\n                          \"PVS*x7\",\n                          \"AAx52\"\n                        ]\n                      },\n                      {\n                        \"or\": []\n                      }\n                    ]\n                  }\n                ],\n                \"url\": \"http://3bu82hhhbuq1xw7g2qufmpnd5-dm98-tooyhx3veey.isguyev/S(o%F1%9B%A7%B5v%EC%99%A3'%F3%9F%97%B9I%F0%AA%AF%B3/'1t%E8%A8%BB90z3iR/h6-/qJa_/4DYt%F0%BE%AB%92d%F2%91%A1%BF/iMSvK\",\n                \"info\": \"M53%br.\"\n              },\n              \" m&|1-uyE.\": {\n                \"name\": \"FIG&a\",\n                \"ay\": 1958,\n                \"assign\": \"j(_fq\",\n                \"satisfy\": {\n                  \"mc\": \"<=149\"\n                },\n                \"url\": \"https://x-5hiomo5-3j3ee61cc4d58vmzbwdoplcxisgym2hjkhwgkn24xrnh9ewp.gt3ak4v3o0l5zvbevh5oih0mchfw5dm58rcafb31i67a6ffz.mlkgzx\",\n                \"info\": \"w?x/=%=3C\"\n              }\n            },\n            \"!%\": {\n              \"name\": \"jx(V5\",\n              \"ay\": 1971,\n              \"assign\": \"y(S\",\n              \"match\": [\n                \"GZA3R\",\n                {\n                  \"and\": [\n                    {\n                      \"and\": [\n                        \"TS4\",\n                        {\n                          \"or\": []\n                        },\n                        {\n                          \"pattern\": \"BJW50P\"\n                        },\n                        \"GN659I\",\n                        {\n                          \"and\": [\n                            {\n                              \"and\": [\n                                \"ZN3L\",\n                                \"VUN7*7X\",\n                                \"DR62x1J\",\n                                \"TED43\"\n                              ]\n                            }\n                          ]\n                        }\n                      ]\n                    }\n                  ]\n                },\n                \"LM073M\",\n                \"BWA6264N\",\n                {\n                  \"pattern\": \"AQ*7\",\n                  \"exclude\": \"NG6W\",\n                  \"info\": \"3dNEK)c.q\"\n                }\n              ],\n              \"satisfy\": [\n                {\n                  \"or\": []\n                }\n              ],\n              \"url\": \"http://fxbr-2-60hyvfpb5uot.l.bz/;R.HO@aLmM/%F2%8B%A2%8F77yH_L%F1%94%8A%B51&/%F4%8B%9B%BC~yW./ig/L%F2%B8%BA%9Bw6(/!/S/%F2%BE%9E%80%F1%9C%BE%99\",\n              \"info\": \"C\"\n            },\n            \"`NyWr+3qD\": {\n              \"name\": \"Fl!\",\n              \"ay\": 1996,\n              \"assign\": \"M{Tp6\",\n              \"match\": {\n                \"and\": []\n              },\n              \"satisfy\": {\n                \"and\": [\n                  {\n                    \"mc\": \"<=48\"\n                  },\n                  {\n                    \"or\": [\n                      {\n                        \"or\": [\n                          {\n                            \"mc\": \"<=148\"\n                          },\n                          \"paC;!\",\n                          {\n                            \"or\": [\n                              \"p\",\n                              \"^Z2!Y*/sV\"\n                            ]\n                          }\n                        ]\n                      }\n                    ]\n                  },\n                  {\n                    \"mc\": \"<=123\"\n                  },\n                  {\n                    \"or\": [\n                      {\n                        \"and\": []\n                      }\n                    ]\n                  }\n                ]\n              },\n              \"url\": \"http://td8babe456dmp56-yl2q7sdkj0zodaxk7mw7i1vffkxvzd4rzdnecm4md19jw.1rcfevrsxap6ftt1p42iygace.ot1cnyjq6xsvamh8u5nmw0zcelqp.mrzbzg/v)%F0%B0%B2%8D.njB./Kk_mILnX/%F4%89%B2%AB%F2%AC%83%9CM/=sso\"\n            },\n            \"$OrFW~\": {\n              \"name\": \"7\\\\*k``6\",\n              \"ay\": 2013,\n              \"assign\": [\n                \"?JnW[`Upy`\",\n                \"tTm&t V\"\n              ],\n              \"satisfy\": {\n                \"and\": [\n                  {\n                    \"or\": [\n                      {\n                        \"or\": [\n                          {\n                            \"or\": [\n                              {\n                                \"and\": [\n                                  {\n                                    \"or\": [\n                                      \"n?pWkvd\",\n                                      \"\",\n                                      \"$h6<EZnT\",\n                                      \"PTo0c~{'k\"\n                                    ]\n                                  },\n                                  \"qv\"\n                                ]\n                              },\n                              \"X#Vg0\"\n                            ]\n                          },\n                          {\n                            \"mc\": \">=156\"\n                          },\n                          {\n                            \"and\": [\n                              \"~(:AqMYfa/\",\n                              \"l9!5F,{5{k\",\n                              \" bO0\\\\R\",\n                              \"4'E}An|DCQ\",\n                              {\n                                \"mc\": \">=112\"\n                              }\n                            ]\n                          }\n                        ]\n                      },\n                      \"wWx\",\n                      \"r74Iw\",\n                      \"]8]G-G/ap\"\n                    ]\n                  },\n                  {\n                    \"mc\": \">=36\"\n                  },\n                  {\n                    \"or\": []\n                  },\n                  {\n                    \"and\": [\n                      {\n                        \"mc\": \">=142\"\n                      }\n                    ]\n                  }\n                ]\n              },\n              \"url\": \"http://11ig5iemrpcjkz5x8b7qv6y5o17g3ms6ymxwqvi19fqsmk.a.zo.nmcnga/ex%F3%B1%A8%91JE/yiv4Z@/2MMwI/:rsyTR@%F0%93%88%B6DM/Z/jYo\",\n              \"info\": \"/\"\n            }\n          },\n          \"_wzj{&\": {\n            \"name\": \"Z*@s+d\",\n            \"ay\": 1989,\n            \"assign\": \"L&efI\",\n            \"match\": {\n              \"pattern\": \"YX5\",\n              \"exclude\": \"GHK*K\",\n              \"info\": \" ,?U'S\"\n            },\n            \"satisfy\": [\n              {\n                \"and\": [\n                  {\n                    \"or\": []\n                  },\n                  {\n                    \"or\": [\n                      {\n                        \"or\": [\n                          \"#u\",\n                          \"\",\n                          {\n                            \"and\": [\n                              {\n                                \"mc\": \"<=114\"\n                              },\n                              {\n                                \"or\": [\n                                  \"L1;,y;\",\n                                  \"+850l@c:\"\n                                ]\n                              },\n                              {\n                                \"and\": []\n                              },\n                              \";6sg7h$0\"\n                            ]\n                          }\n                        ]\n                      },\n                      {\n                        \"mc\": \"<=66\"\n                      },\n                      {\n                        \"mc\": \"<=66\"\n                      },\n                      {\n                        \"or\": [\n                          {\n                            \"and\": []\n                          },\n                          \"#[h]JJrs$L\",\n                          \"Z\",\n                          {\n                            \"mc\": \"<=72\"\n                          },\n                          \"j~W/'/w2!,\"\n                        ]\n                      }\n                    ]\n                  },\n                  {\n                    \"and\": []\n                  }\n                ]\n              },\n              {\n                \"and\": [\n                  {\n                    \"and\": [\n                      {\n                        \"and\": [\n                          \"9yjA((Y\",\n                          \"5\",\n                          \"n5xt-I\",\n                          \"M tV=\",\n                          \"LZ$R\"\n                        ]\n                      },\n                      \"@dcu\",\n                      \";\",\n                      \"q6OM0*F4(6\",\n                      {\n                        \"and\": [\n                          {\n                            \"or\": []\n                          },\n                          \"+*W-_\",\n                          \"wH#($\",\n                          \"_\",\n                          \"`MV2\"\n                        ]\n                      }\n                    ]\n                  },\n                  {\n                    \"and\": [\n                      {\n                        \"or\": [\n                          \"(M\",\n                          \"-n*\",\n                          {\n                            \"or\": [\n                              \"y\",\n                              \"aR\",\n                              \",ohHkx MW\"\n                            ]\n                          },\n                          \"0<H.]r@\"\n                        ]\n                      },\n                      {\n                        \"and\": [\n                          {\n                            \"and\": [\n                              \"U(j,5IN>\"\n                            ]\n                          },\n                          \"M\"\n                        ]\n                      },\n                      {\n                        \"mc\": \"<=37\"\n                      }\n                    ]\n                  },\n                  {\n                    \"and\": [\n                      \"}_.GkgDe@\",\n                      \"rLB69\",\n                      \"\"\n                    ]\n                  },\n                  {\n                    \"mc\": \"<=161\"\n                  }\n                ]\n              },\n              {\n                \"mc\": \">=99\"\n              },\n              {\n                \"and\": []\n              }\n            ],\n            \"url\": \"https://gqsz983mrbo7i4k.o17b7sj1d717hlvxugryc3km64kyskrbb-ldugqm.l9st3rknbl6pc6b3hgoafkne48fvoxptw-i53f91lvto7.qs5laxxfpmalj4gixt3ndwhrvuet2d7m1.kckvezqkz/))f\",\n            \"info\": \"v1Ky z:#^q\",\n            \"%cBk\": {\n              \"name\": \"(B\",\n              \"ay\": 1986,\n              \"assign\": [\n                \"b(L\",\n                \"c.*K]\",\n                \"\",\n                \"\",\n                \"PbFP]W{\"\n              ],\n              \"match\": [\n                \"OP8\",\n                \"PVK1F\",\n                \"PDE60Q\",\n                {\n                  \"or\": [\n                    {\n                      \"and\": [\n                        {\n                          \"pattern\": \"UWE0x7\",\n                          \"exclude\": \"TP738\"\n                        }\n                      ]\n                    }\n                  ]\n                }\n              ],\n              \"satisfy\": [\n                {\n                  \"and\": [\n                    {\n                      \"or\": []\n                    },\n                    {\n                      \"or\": [\n                        {\n                          \"and\": [\n                            \"{VrQ>}9K]\",\n                            \"w7O^xr(ZgN\",\n                            \"B7S:En{e\"\n                          ]\n                        },\n                        {\n                          \"and\": [\n                            \"v-f^^,s\",\n                            {\n                              \"or\": [\n                                \"N\",\n                                {\n                                  \"and\": [\n                                    \"<>.\",\n                                    \"a\",\n                                    \"Ax@=J` UR\"\n                                  ]\n                                },\n                                {\n                                  \"and\": []\n                                },\n                                \"<]VXUn,~|4\"\n                              ]\n                            },\n                            \"]T_=84{\"\n                          ]\n                        },\n                        {\n                          \"or\": [\n                            \"=/\"\n                          ]\n                        },\n                        {\n                          \"mc\": \">=50\"\n                        }\n                      ]\n                    }\n                  ]\n                },\n                {\n                  \"and\": [\n                    \"\",\n                    \"qDj7*?&gw\",\n                    {\n                      \"and\": [\n                        \"40$>9q\"\n                      ]\n                    },\n                    \"T6@\"\n                  ]\n                },\n                {\n                  \"mc\": \">=36\"\n                }\n              ],\n              \"url\": \"https://3o9sqqltddo2przhylseee0ysl4gnimxn.g3mjvs2e-8th.0nf2rfrza4vgwovlbrchzrikedas0tx29x8onmj3idbt4szvsje81wkta.bdmeoctdsl/5.mOoRx$G%F2%B7%BE%A5/p%F0%95%96%8D/9\",\n              \"info\": \"</Hk\"\n            },\n            \"#SNe6v\": {\n              \"name\": \"\",\n              \"ay\": 1958,\n              \"assign\": \"Pzf\",\n              \"match\": {\n                \"or\": []\n              },\n              \"satisfy\": {\n                \"and\": []\n              },\n              \"info\": \"&_`uR&Mt\"\n            },\n            \"[sKBQc>o*\": {\n              \"ay\": 2026,\n              \"assign\": [\n                \"\",\n                \"(,5nXb$<l%\",\n                \"\",\n                \"$)5o>Jn,X\",\n                \"f%'ae],&\"\n              ],\n              \"match\": {\n                \"or\": [\n                  {\n                    \"and\": [\n                      {\n                        \"pattern\": \"XMC4**A\",\n                        \"exclude\": \"BFP*4D\",\n                        \"info\": \" F`&\"\n                      },\n                      {\n                        \"pattern\": \"WD80\",\n                        \"info\": \"Z~1bm6]\"\n                      },\n                      \"LCP449*\",\n                      {\n                        \"or\": [\n                          {\n                            \"pattern\": \"RFA881Y\",\n                            \"info\": \"y}N2RlBT+\"\n                          },\n                          {\n                            \"and\": [\n                              \"QID879\",\n                              \"BMJ8*2U\",\n                              \"WQL0727I\",\n                              \"FLW88\",\n                              \"AK0*47C\"\n                            ]\n                          }\n                        ]\n                      },\n                      \"EZ6*F\"\n                    ]\n                  },\n                  \"TF9347\",\n                  {\n                    \"and\": [\n                      {\n                        \"and\": [\n                          {\n                            \"or\": [\n                              \"IKP6xT\",\n                              \"ZZ980\",\n                              \"CW0\"\n                            ]\n                          },\n                          \"ASR8\"\n                        ]\n                      },\n                      \"BR01x2\",\n                      \"YOG5x99F\"\n                    ]\n                  }\n                ]\n              },\n              \"satisfy\": [\n                {\n                  \"mc\": \">=173\"\n                }\n              ],\n              \"url\": \"https://enxdzgh507146zemwx-c7f7w1d.tpthay95ho38cdldccjlemkfgtbaijtuevphvmph1931fb95wyz2fim43i5h.aefgpls/4UI%EF%BC%AEsNaKNC/I.0:zm/wK):ib\",\n              \"info\": \"'@0u\",\n              \"\": {\n                \"name\": \"f\",\n                \"ay\": 1989,\n                \"assign\": \"\",\n                \"match\": [\n                  {\n                    \"and\": [\n                      {\n                        \"and\": [\n                          {\n                            \"or\": [\n                              {\n                                \"and\": [\n                                  \"EW0T\",\n                                  {\n                                    \"and\": [\n                                      {\n                                        \"and\": [\n                                          \"RN191P\",\n                                          \"MCY0V\"\n                                        ]\n                                      },\n                                      \"XKD*05G\",\n                                      \"ITQ1*53\"\n                                    ]\n                                  },\n                                  \"XFM2*Y\"\n                                ]\n                              },\n                              {\n                                \"pattern\": \"ELJ1\",\n                                \"exclude\": \"EHV575\",\n                                \"info\": \"\\\"<4brs0p\"\n                              },\n                              \"PGK1Y\",\n                              {\n                                \"pattern\": \"PLQx6*\",\n                                \"exclude\": \"UJZx50*\",\n                                \"info\": \"Zm(W\"\n                              }\n                            ]\n                          }\n                        ]\n                      },\n                      {\n                        \"pattern\": \"KVY43\",\n                        \"exclude\": [],\n                        \"info\": \"%X8dzW\"\n                      }\n                    ]\n                  },\n                  \"MO21Y\",\n                  \"CES6x6U\",\n                  {\n                    \"and\": [\n                      {\n                        \"pattern\": \"DEK*S\",\n                        \"info\": \"xn0\"\n                      },\n                      {\n                        \"pattern\": \"HP9A\",\n                        \"exclude\": [],\n                        \"info\": \"fv\"\n                      },\n                      {\n                        \"pattern\": \"GO594*\",\n                        \"exclude\": \"WX59N\",\n                        \"info\": \"Q\"\n                      },\n                      {\n                        \"pattern\": \"SP92\",\n                        \"exclude\": [\n                          \"LG2x4X\",\n                          \"DUB9581\"\n                        ],\n                        \"info\": \"%/Bu_s\"\n                      },\n                      {\n                        \"or\": [\n                          \"ROJ1\",\n                          \"KF483\",\n                          \"PHW05x\",\n                          \"GD1780C\",\n                          \"GJE6079\"\n                        ]\n                      }\n                    ]\n                  },\n                  {\n                    \"and\": [\n                      {\n                        \"and\": [\n                          {\n                            \"or\": [\n                              \"AR7x6\",\n                              \"ZI76\",\n                              \"GNJx8W\"\n                            ]\n                          }\n                        ]\n                      },\n                      {\n                        \"or\": [\n                          {\n                            \"pattern\": \"ML98H\",\n                            \"exclude\": \"ZFN2127\",\n                            \"info\": \")!&h|m9}3\"\n                          },\n                          \"MPD988\",\n                          \"DPYx81*\",\n                          \"AO6x\"\n                        ]\n                      },\n                      \"ZCR3\"\n                    ]\n                  }\n                ],\n                \"satisfy\": [\n                  {\n                    \"mc\": \"<=181\"\n                  },\n                  {\n                    \"or\": [\n                      {\n                        \"and\": [\n                          {\n                            \"or\": [\n                              \"\",\n                              \"1gLC\\\"\",\n                              {\n                                \"and\": [\n                                  \"}9tM7|\",\n                                  \"D$|G.VQ1k\",\n                                  {\n                                    \"and\": [\n                                      \"en51\"\n                                    ]\n                                  }\n                                ]\n                              },\n                              \"\"\n                            ]\n                          },\n                          \"@RU'j \",\n                          {\n                            \"or\": [\n                              \"g*N:]]F-\",\n                              {\n                                \"mc\": \">=44\"\n                              },\n                              {\n                                \"or\": [\n                                  \"9]FTfp\",\n                                  {\n                                    \"and\": [\n                                      \"\\\\jYD**' q\",\n                                      \"M\"\n                                    ]\n                                  },\n                                  \";?1yp<d\",\n                                  {\n                                    \"or\": [\n                                      \"S&\",\n                                      \"\",\n                                      {\n                                        \"or\": []\n                                      },\n                                      \"N,*H\"\n                                    ]\n                                  }\n                                ]\n                              }\n                            ]\n                          }\n                        ]\n                      },\n                      \"tyG&Zp$fO\",\n                      {\n                        \"and\": [\n                          \"d2,v*ImO\",\n                          \"V(:/~;K\",\n                          \"GOa'Btc|\"\n                        ]\n                      },\n                      \"\"\n                    ]\n                  },\n                  {\n                    \"and\": [\n                      {\n                        \"or\": [\n                          {\n                            \"or\": [\n                              \"Mz|\",\n                              {\n                                \"mc\": \">=100\"\n                              }\n                            ]\n                          }\n                        ]\n                      },\n                      {\n                        \"or\": [\n                          \"-DV$ v.X\"\n                        ]\n                      }\n                    ]\n                  },\n                  {\n                    \"or\": [\n                      \"TG$s%Y=AW\",\n                      {\n                        \"mc\": \"<=115\"\n                      },\n                      {\n                        \"mc\": \">=83\"\n                      },\n                      {\n                        \"mc\": \"<=161\"\n                      }\n                    ]\n                  },\n                  {\n                    \"and\": [\n                      \"5=-\",\n                      \"Udt/Np\",\n                      {\n                        \"and\": [\n                          \"]G\",\n                          {\n                            \"and\": [\n                              \"*fmiQs\"\n                            ]\n                          }\n                        ]\n                      },\n                      \"+P%fTfb7p>\",\n                      {\n                        \"or\": [\n                          \"Ro>lh\",\n                          {\n                            \"mc\": \">=54\"\n                          },\n                          {\n                            \"mc\": \"<=8\"\n                          }\n                        ]\n                      }\n                    ]\n                  }\n                ],\n                \"url\": \"http://8f06vr2.j2u2l1a5qsg9eq5q7orhzy8txasalv1l.r4pr8budfgvtr0.hlw/A/YzP2u58i/s%F3%AE%BC%A5,h0/\",\n                \"info\": \"ixI+<cz]Hc\"\n              }\n            }\n          },\n          \"OA0L1K q\": {\n            \"ay\": 1999,\n            \"assign\": [\n              \"uN3TxEi\",\n              \";v1?mP*\",\n              \"kmR\\\"\",\n              \"p<use\"\n            ],\n            \"match\": [\n              {\n                \"pattern\": \"YR0T\",\n                \"exclude\": \"NDK57*2\",\n                \"info\": \"h-cL\"\n              },\n              {\n                \"pattern\": \"VAx*7x\",\n                \"exclude\": [\n                  \"FOK85*\",\n                  \"MWO6F\",\n                  \"SMC2*xQ\",\n                  \"SBOx*7\",\n                  \"KS*\"\n                ]\n              }\n            ],\n            \"satisfy\": {\n              \"or\": [\n                \"\",\n                {\n                  \"or\": [\n                    {\n                      \"mc\": \">=43\"\n                    },\n                    {\n                      \"and\": [\n                        \"\",\n                        \"g:u$G,\",\n                        {\n                          \"mc\": \"<=100\"\n                        },\n                        {\n                          \"and\": [\n                            \"0&@b\",\n                            {\n                              \"and\": [\n                                {\n                                  \"and\": [\n                                    \":jY*\\\\9N^cZ\",\n                                    \"K'8YZ}\"\n                                  ]\n                                }\n                              ]\n                            }\n                          ]\n                        }\n                      ]\n                    },\n                    {\n                      \"and\": [\n                        {\n                          \"mc\": \"<=134\"\n                        }\n                      ]\n                    },\n                    {\n                      \"and\": [\n                        {\n                          \"and\": []\n                        },\n                        \"\"\n                      ]\n                    },\n                    {\n                      \"and\": [\n                        {\n                          \"and\": [\n                            {\n                              \"or\": []\n                            },\n                            \"SD\"\n                          ]\n                        }\n                      ]\n                    }\n                  ]\n                },\n                {\n                  \"mc\": \">=146\"\n                }\n              ]\n            },\n            \"url\": \"http://t2i0sxk7.2.dipubufwr/qz'5Ok//LDFNR7ZUF/P53XVXLY*/Dq%E7%84%BB\",\n            \"info\": \"XhmG\"\n          },\n          \"vP\": {\n            \"name\": \"YI~b!&\",\n            \"ay\": 1978,\n            \"assign\": \">i\",\n            \"match\": [],\n            \"satisfy\": [\n              {\n                \"and\": [\n                  {\n                    \"or\": [\n                      {\n                        \"mc\": \"<=97\"\n                      }\n                    ]\n                  }\n                ]\n              }\n            ],\n            \"url\": \"https://s.kpufbmuk/l%F1%90%B9%A7+JA/1bl/sErx==+N\",\n            \"info\": \"-5kLV=p\"\n          },\n          \"\": {\n          
[...]
              "fail": false,
              "pending": false,
              "context": null,
              "code": "const satisfier = satisfiers_1.inequalitySatisfier(ref, \"<=28\");\nsatisfier.should.have.property(\"filter\");\nconst { filter } = satisfier;\nisCorrectFilter(filter, modulesList1, modulesList1.map(([moduleStr]) => moduleStr));",
              "err": {},
              "uuid": "606e6757-ef16-4b27-9aad-fdefd06136b9",
              "parentUUID": "407f09ab-8bf5-465c-bdfe-308f7fffbc35",
              "isHook": false,
              "skipped": false
            },
            {
              "title": "should preserve list of modules with upper bound of MCs if total MC count is lower",
              "fullTitle": "inequalitySatisfier should preserve list of modules with upper bound of MCs if total MC count is lower",
              "timedOut": false,
              "duration": 0,
              "state": "passed",
              "speed": "fast",
              "pass": true,
              "fail": false,
              "pending": false,
              "context": null,
              "code": "const satisfier = satisfiers_1.inequalitySatisfier(ref, \"<=32\");\nsatisfier.should.have.property(\"filter\");\nconst { filter } = satisfier;\nisCorrectFilter(filter, modulesList1, modulesList1.map(([moduleStr]) => moduleStr));",
              "err": {},
              "uuid": "9f2b56ae-3460-4d58-b4c5-bfd97108fa94",
              "parentUUID": "407f09ab-8bf5-465c-bdfe-308f7fffbc35",
              "isHook": false,
              "skipped": false
            },
            {
              "title": "should truncate list of modules with upper bound of MCs at exact cutoff if total MC count is higher and there exists some starting sequence with exact MC count",
              "fullTitle": "inequalitySatisfier should truncate list of modules with upper bound of MCs at exact cutoff if total MC count is higher and there exists some starting sequence with exact MC count",
              "timedOut": false,
              "duration": 0,
              "state": "passed",
              "speed": "fast",
              "pass": true,
              "fail": false,
              "pending": false,
              "context": null,
              "code": "const satisfier = satisfiers_1.inequalitySatisfier(ref, \"<=16\");\nsatisfier.should.have.property(\"filter\");\nconst { filter } = satisfier;\nisCorrectFilter(filter, modulesList1, [\n    \"CS2100\",\n    \"GER1000\",\n    \"CS2040S\",\n    \"ST2131\",\n]);",
              "err": {},
              "uuid": "5881ff13-043a-43f1-8dcd-96b251d3bc33",
              "parentUUID": "407f09ab-8bf5-465c-bdfe-308f7fffbc35",
              "isHook": false,
              "skipped": false
            },
            {
              "title": "should truncate list of modules with upper bound of MCs, cutting off at the minimum starting sequence that exceeds upper bound, if total MC count is higher and there exists no starting sequence with exact MC count",
              "fullTitle": "inequalitySatisfier should truncate list of modules with upper bound of MCs, cutting off at the minimum starting sequence that exceeds upper bound, if total MC count is higher and there exists no starting sequence with exact MC count",
              "timedOut": false,
              "duration": 1,
              "state": "passed",
              "speed": "fast",
              "pass": true,
              "fail": false,
              "pending": false,
              "context": null,
              "code": "const satisfier = satisfiers_1.inequalitySatisfier(ref, \"<=17\");\nsatisfier.should.have.property(\"filter\");\nconst { filter } = satisfier;\nisCorrectFilter(filter, modulesList1, [\n    \"CS2100\",\n    \"GER1000\",\n    \"CS2040S\",\n    \"ST2131\",\n    \"MA1521\",\n]);",
              "err": {},
              "uuid": "6d8c099d-b2f9-4363-860e-7232de1f7ba0",
              "parentUUID": "407f09ab-8bf5-465c-bdfe-308f7fffbc35",
              "isHook": false,
              "skipped": false
            }
          ],
          "suites": [],
          "passes": [
            "54b74f69-0be4-4936-bc4c-fcb21d33b754",
            "5de7df7e-a6f5-4faf-aea7-5dd667334fdb",
            "4405df62-181e-47ef-aec1-92f0d856a5a7",
            "606e6757-ef16-4b27-9aad-fdefd06136b9",
            "9f2b56ae-3460-4d58-b4c5-bfd97108fa94",
            "5881ff13-043a-43f1-8dcd-96b251d3bc33",
            "6d8c099d-b2f9-4363-860e-7232de1f7ba0"
          ],
          "failures": [],
          "pending": [],
          "skipped": [],
          "duration": 2,
          "root": false,
          "rootEmpty": false,
          "_timeout": 2000
        },
        {
          "uuid": "93d5c027-6591-4cde-a376-5c19c8b73a7f",
          "title": "inequalitySchema",
          "fullFile": "/home/runner/work/planwithus-lib/planwithus-lib/src/satisfyRule/inequality/schemas.test.ts",
          "file": "/src/satisfyRule/inequality/schemas.test.ts",
          "beforeHooks": [],
          "afterHooks": [],
          "tests": [
            {
              "title": "should validate inequality in the form <=n or >=n",
              "fullTitle": "inequalitySchema should validate inequality in the form <=n or >=n",
              "timedOut": false,
              "duration": 1,
              "state": "passed",
              "speed": "fast",
              "pass": true,
              "fail": false,
              "pending": false,
              "context": "[\n  {\n    \"title\": \"inequality sample 0\",\n    \"value\": \"<=8\"\n  },\n  {\n    \"title\": \"inequality sample 1\",\n    \"value\": \"<=195\"\n  },\n  {\n    \"title\": \"inequality sample 2\",\n    \"value\": \"<=142\"\n  },\n  {\n    \"title\": \"inequality sample 3\",\n    \"value\": \"<=14\"\n  },\n  {\n    \"title\": \"inequality sample 4\",\n    \"value\": \">=196\"\n  },\n  {\n    \"title\": \"inequality sample 5\",\n    \"value\": \">=194\"\n  },\n  {\n    \"title\": \"inequality sample 6\",\n    \"value\": \">=31\"\n  },\n  {\n    \"title\": \"inequality sample 7\",\n    \"value\": \">=1\"\n  },\n  {\n    \"title\": \"inequality sample 8\",\n    \"value\": \">=115\"\n  },\n  {\n    \"title\": \"inequality sample 9\",\n    \"value\": \"<=168\"\n  }\n]",
              "code": "fast_check_1.sample(index_test_2.inequality, 10).forEach((sample, i) => addContext_1.default(this, {\n    title: `inequality sample ${i}`,\n    value: sample,\n}));\nreturn fast_check_1.assert(fast_check_1.property(index_test_2.inequality, ajvValidate));",
              "err": {},
              "uuid": "8f15f50c-d1cf-4478-b6e2-682e72cced5b",
              "parentUUID": "93d5c027-6591-4cde-a376-5c19c8b73a7f",
              "isHook": false,
              "skipped": false
            },
            {
              "title": "should not validate inequality of invalid form",
              "fullTitle": "inequalitySchema should not validate inequality of invalid form",
              "timedOut": false,
              "duration": 2,
              "state": "passed",
              "speed": "fast",
              "pass": true,
              "fail": false,
              "pending": false,
              "context": null,
              "code": "[\n        \"\",\n        \"==23\",\n        \"23\",\n        \"<23\",\n        \">23\",\n        \"<=-1\",\n        \">=-1\",\n        \"<= 2\",\n        \">= 1\",\n        \"> 3\",\n        \"< 3\",\n        \"<=3a\",\n        \">=3a\",\n        \"a<=3\",\n        \"a>=3\",\n    ].forEach(isInvalidInequality)",
              "err": {},
              "uuid": "afc7addc-c3d5-499b-a890-197fbdd87b47",
              "parentUUID": "93d5c027-6591-4cde-a376-5c19c8b73a7f",
              "isHook": false,
              "skipped": false
            }
          ],
          "suites": [],
          "passes": [
            "8f15f50c-d1cf-4478-b6e2-682e72cced5b",
            "afc7addc-c3d5-499b-a890-197fbdd87b47"
          ],
          "failures": [],
          "pending": [],
          "skipped": [],
          "duration": 3,
          "root": false,
          "rootEmpty": false,
          "_timeout": 2000
        },
        {
          "uuid": "57a957d9-94c3-40b7-9b2e-0f495663db51",
          "title": "satisfyRuleSchema",
          "fullFile": "/home/runner/work/planwithus-lib/planwithus-lib/src/satisfyRule/schemas.test.ts",
          "file": "/src/satisfyRule/schemas.test.ts",
          "beforeHooks": [],
          "afterHooks": [],
          "tests": [
            {
              "title": "should validate satisfy rule with valid block id",
              "fullTitle": "satisfyRuleSchema should validate satisfy rule with valid block id",
              "timedOut": false,
              "duration": 1,
              "state": "passed",
              "speed": "fast",
              "pass": true,
              "fail": false,
              "pending": false,
              "context": null,
              "code": "fast_check_1.assert(fast_check_1.property(fast_check_1.string(), ajvValidate)",
              "err": {},
              "uuid": "14e44506-d788-4910-ab35-f93a74c74331",
              "parentUUID": "57a957d9-94c3-40b7-9b2e-0f495663db51",
              "isHook": false,
              "skipped": false
            },
            {
              "title": "should validate satisfy rules with valid mc",
              "fullTitle": "satisfyRuleSchema should validate satisfy rules with valid mc",
              "timedOut": false,
              "duration": 1,
              "state": "passed",
              "speed": "fast",
              "pass": true,
              "fail": false,
              "pending": false,
              "context": "[\n  {\n    \"title\": \"mcSatisfyRule sample 0\",\n    \"value\": {\n      \"mc\": \">=5\"\n    }\n  },\n  {\n    \"title\": \"mcSatisfyRule sample 1\",\n    \"value\": {\n      \"mc\": \">=7\"\n    }\n  },\n  {\n    \"title\": \"mcSatisfyRule sample 2\",\n    \"value\": {\n      \"mc\": \"<=95\"\n    }\n  },\n  {\n    \"title\": \"mcSatisfyRule sample 3\",\n    \"value\": {\n      \"mc\": \"<=110\"\n    }\n  },\n  {\n    \"title\": \"mcSatisfyRule sample 4\",\n    \"value\": {\n      \"mc\": \"<=6\"\n    }\n  },\n  {\n    \"title\": \"mcSatisfyRule sample 5\",\n    \"value\": {\n      \"mc\": \"<=63\"\n    }\n  },\n  {\n    \"title\": \"mcSatisfyRule sample 6\",\n    \"value\": {\n      \"mc\": \"<=197\"\n    }\n  },\n  {\n    \"title\": \"mcSatisfyRule sample 7\",\n    \"value\": {\n      \"mc\": \"<=197\"\n    }\n  },\n  {\n    \"title\": \"mcSatisfyRule sample 8\",\n    \"value\": {\n      \"mc\": \">=121\"\n    }\n  },\n  {\n    \"title\": \"mcSatisfyRule sample 9\",\n    \"value\": {\n      \"mc\": \">=81\"\n    }\n  }\n]",
              "code": "fast_check_1.sample(index_test_2.mcSatisfyRule, 10).forEach((sample, i) => addContext_1.default(this, {\n    title: `mcSatisfyRule sample ${i}`,\n    value: sample,\n}));\nreturn fast_check_1.assert(fast_check_1.property(index_test_2.mcSatisfyRule, ajvValidate));",
              "err": {},
              "uuid": "578a1fa3-22c3-4286-be60-17a35ef7f1fe",
              "parentUUID": "57a957d9-94c3-40b7-9b2e-0f495663db51",
              "isHook": false,
              "skipped": false
            },
            {
              "title": "should validate valid recursive satisfy rules",
              "fullTitle": "satisfyRuleSchema should validate valid recursive satisfy rules",
              "timedOut": false,
              "duration": 4,
              "state": "passed",
              "speed": "fast",
              "pass": true,
              "fail": false,
              "pending": false,
              "context": "[\n  {\n    \"title\": \"satisfyRule sample 0\",\n    \"value\": \"*h4W<$\"\n  },\n  {\n    \"title\": \"satisfyRule sample 1\",\n    \"value\": {\n      \"or\": [\n        \"+Z=Tu57\",\n        {\n          \"mc\": \"<=6\"\n        }\n      ]\n    }\n  },\n  {\n    \"title\": \"satisfyRule sample 2\",\n    \"value\": {\n      \"or\": [\n        {\n          \"or\": []\n        },\n        {\n          \"mc\": \">=156\"\n        },\n        {\n          \"and\": []\n        }\n      ]\n    }\n  },\n  {\n    \"title\": \"satisfyRule sample 3\",\n    \"value\": {\n      \"and\": [\n        {\n          \"and\": [\n            {\n              \"mc\": \"<=82\"\n            },\n            {\n              \"and\": [\n                \"=m?\",\n                \"VQ;Eb:cZ\"\n              ]\n            }\n          ]\n        },\n        {\n          \"and\": [\n            \"&'oa\",\n            \"%V\",\n            {\n              \"mc\": \">=83\"\n            }\n          ]\n        }\n      ]\n    }\n  },\n  {\n    \"title\": \"satisfyRule sample 4\",\n    \"value\": {\n      \"mc\": \"<=2\"\n    }\n  },\n  {\n    \"title\": \"satisfyRule sample 5\",\n    \"value\": \"L=p[.uQ\"\n  },\n  {\n    \"title\": \"satisfyRule sample 6\",\n    \"value\": \"\"\n  },\n  {\n    \"title\": \"satisfyRule sample 7\",\n    \"value\": {\n      \"mc\": \"<=193\"\n    }\n  },\n  {\n    \"title\": \"satisfyRule sample 8\",\n    \"value\": {\n      \"mc\": \"<=1\"\n    }\n  },\n  {\n    \"title\": \"satisfyRule sample 9\",\n    \"value\": \"\\\\\"\n  }\n]",
              "code": "fast_check_1.sample(index_test_2.satisfyRule, 10).forEach((sample, i) => addContext_1.default(this, {\n    title: `satisfyRule sample ${i}`,\n    value: sample,\n}));\nreturn fast_check_1.assert(fast_check_1.property(index_test_2.satisfyRule, ajvValidate));",
              "err": {},
              "uuid": "b39a0934-26f4-4552-b945-740dd1783bf5",
              "parentUUID": "57a957d9-94c3-40b7-9b2e-0f495663db51",
              "isHook": false,
              "skipped": false
            },
            {
              "title": "should not validate non-string/object",
              "fullTitle": "satisfyRuleSchema should not validate non-string/object",
              "timedOut": false,
              "duration": 1,
              "state": "passed",
              "speed": "fast",
              "pass": true,
              "fail": false,
              "pending": false,
              "context": null,
              "code": "const error = {\n    instancePath: \"\",\n    message: \"satisfy rule should be either a string or an object\",\n};\nisInvalidRule(null, error);\nisInvalidRule(undefined, error);\nisInvalidRule(10, error);\nisInvalidRule([12, 24], error);",
              "err": {},
              "uuid": "a57aec05-85f3-4021-9756-c7e8ef708131",
              "parentUUID": "57a957d9-94c3-40b7-9b2e-0f495663db51",
              "isHook": false,
              "skipped": false
            },
            {
              "title": "should not validate satisfy rules with extra properties",
              "fullTitle": "satisfyRuleSchema should not validate satisfy rules with extra properties",
              "timedOut": false,
              "duration": 0,
              "state": "passed",
              "speed": "fast",
              "pass": true,
              "fail": false,
              "pending": false,
              "context": null,
              "code": "isInvalidRule({\n        and: [\n            { or: [\"2k\"], abc: \"def\" },\n            { mc: 8, ghi: \"jkl\" },\n        ],\n        mno: \"pqr\",\n    }, {\n        instancePath: \"/and/0\",\n        message: \"or satisfy rule should have property 'or' only\",\n    }, {\n        instancePath: \"/and/1\",\n        message: \"MC satisfy rule should have property 'mc' only\",\n    }, {\n        instancePath: \"\",\n        message: \"and satisfy rule should have property 'and' only\",\n    })",
              "err": {},
              "uuid": "a9dda571-242c-4662-87e0-54537f9c839a",
              "parentUUID": "57a957d9-94c3-40b7-9b2e-0f495663db51",
              "isHook": false,
              "skipped": false
            },
            {
              "title": "should not validate ambiguous satisfy rules",
              "fullTitle": "satisfyRuleSchema should not validate ambiguous satisfy rules",
              "timedOut": false,
              "duration": 0,
              "state": "passed",
              "speed": "fast",
              "pass": true,
              "fail": false,
              "pending": false,
              "context": null,
              "code": "const message = \"satisfy rule should have only one of properties 'mc', 'and', 'or'\";\nisInvalidRule({\n    or: [\n        { mc: 5, and: [\"CS2040\"] },\n        { and: [{ and: [\"abc\"], or: [\"def\"] }] },\n    ],\n}, { instancePath: \"/or/0\", message }, { instancePath: \"/or/1/and/0\", message });",
              "err": {},
              "uuid": "5f9d8c0d-7a76-404a-a1d5-fa5826109014",
              "parentUUID": "57a957d9-94c3-40b7-9b2e-0f495663db51",
              "isHook": false,
              "skipped": false
            },
            {
              "title": "should not validate and satisfy rules with non-array property",
              "fullTitle": "satisfyRuleSchema should not validate and satisfy rules with non-array property",
              "timedOut": false,
              "duration": 0,
              "state": "passed",
              "speed": "fast",
              "pass": true,
              "fail": false,
              "pending": false,
              "context": null,
              "code": "const message = \"property 'and' should be an array of satisfy rules\";\nisInvalidRule({ or: [{ and: {} }, { or: [{ and: 3 }] }] }, { instancePath: \"/or/0/and\", message }, { instancePath: \"/or/1/or/0/and\", message });",
              "err": {},
              "uuid": "9e0845ab-9420-4d28-9570-2aa2d4c9bfd8",
              "parentUUID": "57a957d9-94c3-40b7-9b2e-0f495663db51",
              "isHook": false,
              "skipped": false
            },
            {
              "title": "should not validate or satisfy rules with non-array property",
              "fullTitle": "satisfyRuleSchema should not validate or satisfy rules with non-array property",
              "timedOut": false,
              "duration": 0,
              "state": "passed",
              "speed": "fast",
              "pass": true,
              "fail": false,
              "pending": false,
              "context": null,
              "code": "const message = \"property 'or' should be an array of satisfy rules\";\nisInvalidRule({ and: [{ or: {} }, { and: [{ or: 3 }] }] }, { instancePath: \"/and/0/or\", message }, { instancePath: \"/and/1/and/0/or\", message });",
              "err": {},
              "uuid": "d680ae45-e8df-49c1-a0d8-aab75c57b4c8",
              "parentUUID": "57a957d9-94c3-40b7-9b2e-0f495663db51",
              "isHook": false,
              "skipped": false
            }
          ],
          "suites": [],
          "passes": [
            "14e44506-d788-4910-ab35-f93a74c74331",
            "578a1fa3-22c3-4286-be60-17a35ef7f1fe",
            "b39a0934-26f4-4552-b945-740dd1783bf5",
            "a57aec05-85f3-4021-9756-c7e8ef708131",
            "a9dda571-242c-4662-87e0-54537f9c839a",
            "5f9d8c0d-7a76-404a-a1d5-fa5826109014",
            "9e0845ab-9420-4d28-9570-2aa2d4c9bfd8",
            "d680ae45-e8df-49c1-a0d8-aab75c57b4c8"
          ],
          "failures": [],
          "pending": [],
          "skipped": [],
          "duration": 7,
          "root": false,
          "rootEmpty": false,
          "_timeout": 2000
        }
      ],
      "passes": [],
      "failures": [],
      "pending": [],
      "skipped": [],
      "duration": 0,
      "root": true,
      "rootEmpty": true,
      "_timeout": 2000
    }
  ],
  "meta": {
    "mocha": {
      "version": "9.0.2"
    },
    "mochawesome": {
      "options": {
        "quiet": false,
        "reportFilename": "mochawesome",
        "saveHtml": true,
        "saveJson": true,
        "consoleReporter": "spec",
        "useInlineDiffs": false,
        "code": true
      },
      "version": "6.2.2"
    },
    "marge": {
      "options": {
        "reportDir": "docs"
      },
      "version": "5.2.0"
    }
  }
}