{
  "stats": {
    "suites": 10,
    "tests": 48,
    "passes": 48,
    "pending": 0,
    "failures": 0,
    "start": "2021-07-12T09:32:27.016Z",
    "end": "2021-07-12T09:32:27.343Z",
    "duration": 327,
    "testsRegistered": 48,
    "passPercent": 100,
    "pendingPercent": 0,
    "other": 0,
    "hasOther": false,
    "skipped": 0,
    "hasSkipped": false
  },
  "results": [
    {
      "uuid": "cc8e4670-8805-4cf0-8242-b937a4842724",
      "title": "",
      "fullFile": "",
      "file": "",
      "beforeHooks": [],
      "afterHooks": [],
      "tests": [],
      "suites": [
        {
          "uuid": "cda508af-7e31-413e-bead-779b13862893",
          "title": "initDirectories",
          "fullFile": "/home/runner/work/planwithus-lib/planwithus-lib/src/block/schemas.test.ts",
          "file": "/src/block/schemas.test.ts",
          "beforeHooks": [],
          "afterHooks": [],
          "tests": [
            {
              "title": "should parse all blocks with no errors",
              "fullTitle": "initDirectories should parse all blocks with no errors",
              "timedOut": false,
              "duration": 3,
              "state": "passed",
              "speed": "fast",
              "pass": true,
              "fail": false,
              "pending": false,
              "context": null,
              "code": "_1.initDirectories.should.not.throw()",
              "err": {},
              "uuid": "031efd25-1765-4347-a559-d5e5c3b99525",
              "parentUUID": "cda508af-7e31-413e-bead-779b13862893",
              "isHook": false,
              "skipped": false
            },
            {
              "title": "should produce primary, second & minor directories",
              "fullTitle": "initDirectories should produce primary, second & minor directories",
              "timedOut": false,
              "duration": 40,
              "state": "passed",
              "speed": "medium",
              "pass": true,
              "fail": false,
              "pending": false,
              "context": null,
              "code": "const directories = await _1.initDirectories();\ndirectories.should.have.property(\"primary\");\ndirectories.should.have.property(\"second\");\ndirectories.should.have.property(\"minor\");",
              "err": {},
              "uuid": "b2c4cb21-5430-4b21-a804-af21724e6776",
              "parentUUID": "cda508af-7e31-413e-bead-779b13862893",
              "isHook": false,
              "skipped": false
            }
          ],
          "suites": [],
          "passes": [
            "031efd25-1765-4347-a559-d5e5c3b99525",
            "b2c4cb21-5430-4b21-a804-af21724e6776"
          ],
          "failures": [],
          "pending": [],
          "skipped": [],
          "duration": 43,
          "root": false,
          "rootEmpty": false,
          "_timeout": 2000
        },
        {
          "uuid": "397d9514-5de9-4b2d-afdd-7da3cbacbb74",
          "title": "blockSchema",
          "fullFile": "/home/runner/work/planwithus-lib/planwithus-lib/src/block/schemas.test.ts",
          "file": "/src/block/schemas.test.ts",
          "beforeHooks": [],
          "afterHooks": [],
          "tests": [
            {
              "title": "should validate valid block",
              "fullTitle": "blockSchema should validate valid block",
              "timedOut": false,
              "duration": 166,
              "state": "passed",
              "speed": "slow",
              "pass": true,
              "fail": false,
              "pending": false,
              "context": "[\n  {\n    \"title\": \"block sample 0\",\n    \"value\": {\n      \"name\": \"GU\",\n      \"ay\": 1997,\n      \"assign\": [],\n      \"match\": \"WR4**V\",\n      \"satisfy\": {\n        \"mc\": \"<=4\"\n      },\n      \"url\": \"http://7dsyum6kc8e6v3rd9ni0h.q8b.jrrgasu/l6/+/'J*:l3c,//%F4%81%87%89v=Juu&vK@/N/;+%F1%BC%8D%85/\",\n      \"m,VS~\": {\n        \"name\": \"$  zL W\",\n        \"ay\": 1955,\n        \"assign\": [\n          \"hnlA+6zG2\",\n          \"QKGEi[+bhJ\"\n        ],\n        \"match\": [\n          {\n            \"pattern\": \"ZZY*\",\n            \"exclude\": [\n              \"SQX41\",\n              \"XN4\",\n              \"QVPx5W\",\n              \"AU344xE\",\n              \"HPDx66Y\"\n            ],\n            \"info\": \"9Br`*\"\n          },\n          {\n            \"or\": [\n              {\n                \"or\": [\n                  \"KS4E\",\n                  {\n                    \"pattern\": \"YE4817\",\n                    \"exclude\": \"OIZ53N\",\n                    \"info\": \"\"\n                  }\n                ]\n              },\n              {\n                \"pattern\": \"LIN5454\",\n                \"exclude\": \"KZ4x\",\n                \"info\": \"\"\n              },\n              {\n                \"pattern\": \"FO*7\",\n                \"exclude\": [\n                  \"AMS1*32S\",\n                  \"LD6985\",\n                  \"AH0\"\n                ],\n                \"info\": \"yn8eIkI:6+\"\n              },\n              \"COKx86M\",\n              \"UYx8\"\n            ]\n          },\n          \"JBx939L\"\n        ],\n        \"satisfy\": {\n          \"and\": [\n            {\n              \"mc\": \"<=5\"\n            },\n            {\n              \"and\": [\n                \"0 *tJBs%:\",\n                {\n                  \"mc\": \"<=132\"\n                }\n              ]\n            },\n            {\n              \"and\": [\n                {\n                  \"mc\": \">=162\"\n                },\n                {\n                  \"and\": [\n                    \"m\",\n                    {\n                      \"and\": []\n                    },\n                    {\n                      \"and\": [\n                        \"*0WZR1kR!\"\n                      ]\n                    }\n                  ]\n                },\n                \"S>rrfq?\"\n              ]\n            },\n            \"\"\n          ]\n        },\n        \"info\": \"3_ff\\\\7<e~h\",\n        \"Os,5\": {\n          \"name\": \";\\\\-*h?d\",\n          \"ay\": 1977,\n          \"assign\": \"9RJ)i\\\\\",\n          \"match\": {\n            \"pattern\": \"UL*E\",\n            \"exclude\": \"PH411\",\n            \"info\": \"[/}rz1~O}\"\n          },\n          \"satisfy\": {\n            \"or\": [\n              {\n                \"and\": [\n                  {\n                    \"mc\": \">=162\"\n                  },\n                  {\n                    \"or\": []\n                  },\n                  \"|)3xhl1<\",\n                  {\n                    \"and\": [\n                      \"2yXkuqjnLW\",\n                      \"iCr+ziWI\",\n                      \"(x\\\"~\"\n                    ]\n                  }\n                ]\n              },\n              \"$z[Z6\",\n              {\n                \"mc\": \"<=5\"\n              }\n            ]\n          },\n          \"url\": \"https://ae-k9otgozqyje757joqsbralv4ds37ho6fl1br-w.yrmthwej/B2/kf&~g%F4%87%90%B3Ks/6&WJ%F1%A1%BB%BC/DxI$k/%F3%BA%92%99Y@8eH~/eHO%F0%97%8E%B8:@/7%F2%AE%8E%9BOw\",\n          \"info\": \"U=OkPpcTKp\"\n        },\n        \"A<\\\"5M##-w\": {\n          \"name\": \"U_JI-\",\n          \"ay\": 1956,\n          \"assign\": [],\n          \"match\": [\n            {\n              \"and\": [\n                {\n                  \"pattern\": \"YG*1T\",\n                  \"exclude\": [\n                    \"ZQD7X\",\n                    \"YP48T\",\n                    \"SX4P\",\n                    \"OV309\",\n                    \"IW54G\"\n                  ],\n                  \"info\": \"w\\\"r0\"\n                },\n                {\n                  \"and\": [\n                    {\n                      \"pattern\": \"JA66I\",\n                      \"exclude\": \"KA**5T\",\n                      \"info\": \"}S7z\"\n                    }\n                  ]\n                },\n                {\n                  \"or\": [\n                    {\n                      \"and\": [\n                        {\n                          \"pattern\": \"HEM957\",\n                          \"exclude\": [\n                            \"JZN0156\",\n                            \"XN5\",\n                            \"IT*0P\"\n                          ]\n                        },\n                        {\n                          \"pattern\": \"RRX52R\",\n                          \"exclude\": [\n                            \"CLT27M\",\n                            \"HU*\"\n                          ],\n                          \"info\": \"c!XCh\"\n                        }\n                      ]\n                    },\n                    \"CIW4703\"\n                  ]\n                },\n                \"CSK1509B\"\n              ]\n            },\n            {\n              \"and\": []\n            },\n            {\n              \"pattern\": \"LQQ783\",\n              \"exclude\": \"HIY3842W\",\n              \"info\": \"mLgs X0t#A\"\n            },\n            {\n              \"and\": [\n                \"QE030\",\n                {\n                  \"pattern\": \"DG176W\",\n                  \"exclude\": [\n                    \"YA*5C\",\n                    \"ZAIx453I\",\n                    \"VUM051\",\n                    \"IKW2I\",\n                    \"YWKxG\"\n                  ],\n                  \"info\": \"u6\"\n                }\n              ]\n            }\n          ],\n          \"satisfy\": {\n            \"mc\": \">=131\"\n          }\n        }\n      },\n      \"/QE\": {\n        \"ay\": 1980,\n        \"assign\": [\n          \":wReiBg\"\n        ],\n        \"match\": [\n          {\n            \"or\": [\n              {\n                \"pattern\": \"AEV*71*\",\n                \"exclude\": \"EHM81D\"\n              },\n              {\n                \"and\": [\n                  {\n                    \"or\": [\n                      {\n                        \"or\": [\n                          \"JJ*U\",\n                          \"PSY2\",\n                          \"ER498W\",\n                          \"DZ9x7V\",\n                          \"YY4*5*A\"\n                        ]\n                      },\n                      \"FOU7538L\",\n                      \"CA8691C\",\n                      {\n                        \"pattern\": \"HWHx215P\",\n                        \"exclude\": \"MEW117G\",\n                        \"info\": \"sq>ld#AH\\\"~\"\n                      },\n                      {\n                        \"pattern\": \"GHB21\",\n                        \"info\": \"2<\"\n                      }\n                    ]\n                  },\n                  \"RYQ637\",\n                  {\n                    \"pattern\": \"JS68\",\n                    \"exclude\": \"LA98\",\n                    \"info\": \"yI\\\"\\\\\\\"3TD_g\"\n                  },\n                  \"XL5\",\n                  \"NYL84*4G\"\n                ]\n              },\n              \"SL*\",\n              {\n                \"or\": [\n                  {\n                    \"or\": [\n                      \"AE9254\"\n                    ]\n                  },\n                  \"LF8\"\n                ]\n              },\n              {\n                \"and\": [\n                  \"KXK353A\"\n                ]\n              }\n            ]\n          }\n        ],\n        \"satisfy\": [\n          {\n            \"mc\": \"<=200\"\n          },\n          {\n            \"and\": [\n              {\n                \"mc\": \"<=152\"\n              },\n              {\n                \"and\": [\n                  \" Cgi>8)\",\n                  {\n                    \"or\": []\n                  }\n                ]\n              }\n            ]\n          }\n        ],\n        \"info\": \"Z<hc_\"\n      },\n      \"#\": {\n        \"name\": \"CfC)tt\",\n        \"ay\": 1952,\n        \"assign\": [\n          \"y%%$%Wq;yY\",\n          \"\"\n        ],\n        \"url\": \"http://a-j4uujq7byz3g24pv1r3gfsbcs9czurngb8pe4f1a.da.de/%F1%9B%A9%BA%F1%9F%8D%B6%F4%81%A2%ACTLs/=_57:.6/%F1%85%9F%A4O5///0X~(%F2%8F%8F%AF/L0%2F/UhK/f;+=Kb/*%2Bn,\",\n        \"info\": \"k$D\",\n        \"=b\\\\QY\": {\n          \"name\": \"xs\",\n          \"assign\": \"]iqDR%UTV\",\n          \"match\": \"YRIxH\",\n          \"satisfy\": {\n            \"or\": [\n              {\n                \"mc\": \">=103\"\n              },\n              \",\",\n              {\n                \"mc\": \">=178\"\n              },\n              \"(O3}\",\n              {\n                \"and\": [\n                  \"^b.^%X?3\",\n                  {\n                    \"and\": [\n                      {\n                        \"mc\": \">=184\"\n                      },\n                      \"G+9cI=\"\n                    ]\n                  }\n                ]\n              }\n            ]\n          },\n          \"url\": \"http://vhtqh1-lmpax4n90at9swd-91gxouw69mvb3nvorlmpeqnol7ktbt8.dtyupplp/tt%F3%A6%96%88lv2!/5fk%F2%98%8E%A2%F3%B3%BB%9Ef6P%F1%88%A5%BC/Jn%F1%9D%A1%9C%F2%9C%98%BFVbr\",\n          \"info\": \"l\"\n        },\n        \">TD\": {\n          \"name\": \"K,d9\",\n          \"assign\": \"\",\n          \"satisfy\": [\n            \"4qAQ.]\",\n            {\n              \"or\": [\n                {\n                  \"mc\": \">=174\"\n                },\n                {\n                  \"or\": [\n                    \"<0M\",\n                    {\n                      \"or\": []\n                    },\n                    \"hl]4SC`XJ\"\n                  ]\n                },\n                \"O5'C}Ah,\",\n                {\n                  \"and\": [\n                    \"(6q?_Ro;\",\n                    {\n                      \"mc\": \"<=11\"\n                    },\n                    \"\"\n                  ]\n                }\n              ]\n            }\n          ]\n        }\n      },\n      \"KH\": {\n        \"name\": \"&ozI;\\\"W-\",\n        \"ay\": 1968,\n        \"assign\": [\n          \"zXn\",\n          \"[)\",\n          \"^l|\"\n        ],\n        \"url\": \"https://f7jzqrpunfgzdc1x2o4cu0cvua984ku9tdn8fxer2p9riij.bebqjaddd/3lp2XNS/:%F2%8E%9B%AAZu%F0%B5%AE%80lM45/&jrf%F2%86%9C%92pZ/_/=/4-vmC_\",\n        \"info\": \"\",\n        \"7\\\\\\\"\": {\n          \"ay\": 2002,\n          \"assign\": \"!c_7f.@yI\",\n          \"match\": [\n            {\n              \"pattern\": \"XMSx586\",\n              \"exclude\": [\n                \"JJx5*F\"\n              ],\n              \"info\": \"C;Xx=\"\n            },\n            {\n              \"and\": [\n                \"YTJ68\",\n                {\n                  \"and\": [\n                    \"MQ1395\",\n                    \"JE9\",\n                    \"JP354xI\",\n                    {\n                      \"or\": []\n                    },\n                    \"PGH6*98T\"\n                  ]\n                },\n                {\n                  \"or\": [\n                    \"QVxK\"\n                  ]\n                },\n                {\n                  \"or\": [\n                    \"NMK72*3\",\n                    \"KY8\",\n                    \"JOY*329P\",\n                    \"OMG80W\",\n                    {\n                      \"and\": [\n                        \"ESP98x6\",\n                        {\n                          \"and\": []\n                        },\n                        \"BNJ6274\",\n                        \"PKP7743\"\n                      ]\n                    }\n                  ]\n                }\n              ]\n            }\n          ],\n          \"satisfy\": {\n            \"and\": [\n              {\n                \"mc\": \"<=110\"\n              },\n              {\n                \"or\": [\n                  \"BB[\"\n                ]\n              },\n              {\n                \"and\": []\n              },\n              {\n                \"mc\": \">=113\"\n              }\n            ]\n          },\n          \"url\": \"https://7.3.t8xg2n97d15jaw7nhvonhyhkws0-fjea3csrovy8sw1ytflx.mpnmas/Sf/9$h*@Le$i\",\n          \"info\": \"N6\"\n        },\n        \"OB;}\": {\n          \"name\": \"\",\n          \"ay\": 1967,\n          \"assign\": [\n            \"_h<a'`\"\n          ],\n          \"match\": {\n            \"or\": [\n              {\n                \"pattern\": \"JO*2\",\n                \"exclude\": [\n                  \"QX90W\",\n                  \"TI4K\",\n                  \"KD6x*4\"\n                ],\n                \"info\": \"l:\"\n              },\n              {\n                \"or\": [\n                  {\n                    \"pattern\": \"UU7V\",\n                    \"exclude\": []\n                  }\n                ]\n              },\n              \"OW5A\",\n              {\n                \"pattern\": \"UIW*x\",\n                \"info\": \"EL6%x<]c\"\n              },\n              \"RY3747Q\"\n            ]\n          },\n          \"satisfy\": [\n            {\n              \"or\": [\n                {\n                  \"mc\": \">=70\"\n                },\n                {\n                  \"mc\": \">=152\"\n                },\n                {\n                  \"and\": [\n                    \"T6Iunn([1\",\n                    {\n                      \"or\": [\n                        \"q}>$=n3]\\\\S\",\n                        \"+3\"\n                      ]\n                    },\n                    {\n                      \"and\": [\n                        {\n                          \"mc\": \"<=187\"\n                        },\n                        {\n                          \"and\": [\n                            \"\",\n                            {\n                              \"mc\": \">=137\"\n                            },\n                            \"Wigi#e~?X-\",\n                            \"\"\n                          ]\n                        },\n                        {\n                          \"and\": [\n                            \"Qt?\",\n                            \"dFT\",\n                            \"s|\",\n                            \"-\",\n                            \"Qmm_Q]\"\n                          ]\n                        },\n                        \"\"\n                      ]\n                    },\n                    \"NRvAH=BY\",\n                    \"4`I9W^[]\\\\~\"\n                  ]\n                },\n                {\n                  \"or\": [\n                    \"=Y\",\n                    \"%QVlm)==c]\",\n                    \"KaOA\"\n                  ]\n                },\n                {\n                  \"and\": [\n                    \"\"\n                  ]\n                }\n              ]\n            },\n            {\n              \"and\": [\n                \"[~FC~]^(=>\",\n                {\n                  \"mc\": \">=6\"\n                },\n                {\n                  \"or\": []\n                },\n                \"0Td$/[\",\n                {\n                  \"mc\": \">=181\"\n                }\n              ]\n            },\n            {\n              \"mc\": \"<=139\"\n            }\n          ],\n          \"url\": \"https://6betsf-4hm5z8u7cy9req7p1i3u56-0coth70ip42v9dv.ohl/oG%F3%92%AC%A7coY2%F1%8F%BE%B4%F2%84%B2%B7./q4/7%F2%AB%AC%A9)%F1%AF%BA%8Ce%F3%9B%B2%A3n/@_fo%F1%A2%8B%A6%F2%88%B6%9B0/sjk7g\",\n          \"info\": \"Z:-3_zYa!L\"\n        },\n        \"*D9iCRYm@\": {\n          \"name\": \",avni\",\n          \"ay\": 1981,\n          \"assign\": [\n            \".$<\"\n          ],\n          \"match\": \"KPE3\",\n          \"satisfy\": [],\n          \"url\": \"http://x5e7skq6gbaq9s3-ssxxenkah2f0fw3emg.qbe6nejz9utbe4lut-uy81qy7dxwueq-74iwqhe-cc5chtw-y2xlw3r83i.ua2n8xesdbdu34nsd4yjkd33q6c0mcb06avo0e65sl3mdtzqj91krag.hz34beyn5qnx-uyp42llxe4u0g08j8a0fb.srjdhrrkhs/GK%F0%9F%BC%871%F1%9D%85%8F/S/+2F%F3%AA%92%A1!!5/E%F3%A5%90%94$Z%F1%B2%B6%A6/%F1%B1%8E%9C/cM00%F2%86%B4%96Q:2/eO*(O)@'W4/DBML/%F3%90%97%93\",\n          \"info\": \"\"\n        },\n        \"yA\": {\n          \"name\": \"(y)\\\\$8t[\",\n          \"assign\": [\n            \"Orga\"\n          ],\n          \"match\": {\n            \"or\": []\n          },\n          \"satisfy\": [\n            \"i:CDxkKm\",\n            {\n              \"and\": [\n                {\n                  \"or\": [\n                    \"pX4^\\\\NGPl\",\n                    \"``]4\",\n                    {\n                      \"mc\": \">=67\"\n                    },\n                    \"M\"\n                  ]\n                },\n                \"Qrn5\"\n              ]\n            },\n            \"n8NlLCi!V\",\n            {\n              \"and\": [\n                \"*+0R\"\n              ]\n            }\n          ],\n          \"url\": \"http://33w8d023w9fakr4umqkgk0-6yl-lv39ck9eq6kgdfvugo9t20qf.xnukwipig/$7n/nc%F3%8A%95%B1@6:/q+d+%F2%A0%91%99L)'%F2%B5%BA%8A&/~%F2%9F%99%A2cQvtuH/sitO_;F;Rg/y5%F0%AC%A8%B6rI/U_M%F3%BD%BD%B2+(t%F3%94%95%BEE/kR0/T%F3%94%9D%BB\",\n          \"info\": \"h@HX\"\n        },\n        \"}\": {\n          \"name\": \"G\",\n          \"ay\": 1980,\n          \"assign\": [\n            \"WAP1g!Rh\",\n            \"atTq\"\n          ],\n          \"match\": \"PNx2\",\n          \"satisfy\": {\n            \"and\": [\n              \"+Sf\",\n              \"u7,.BE\"\n            ]\n          },\n          \"url\": \"https://g143q-kuubr.wqhy055m7cquli141rs0-b5f34e7bb4dyfgzedj.jqdjeyfsdl/c/\"\n        }\n      }\n    }\n  },\n  {\n    \"title\": \"block sample 1\",\n    \"value\": {\n      \"name\": \"SxZ.8dq\",\n      \"ay\": 2026,\n      \"match\": [\n        {\n          \"or\": [\n            \"RVG57M\",\n            {\n              \"or\": []\n            }\n          ]\n        },\n        {\n          \"pattern\": \"HGD6\",\n          \"exclude\": [\n            \"LDG821H\",\n            \"LI5G\",\n            \"BB04*6Y\",\n            \"FNT1H\",\n            \"WIx\"\n          ],\n          \"info\": \"y7a.} b(}\"\n        },\n        \"GMR7\",\n        \"BUT8\",\n        \"AR2F\"\n      ],\n      \"satisfy\": [\n        \"A!*mNp6>J\"\n      ],\n      \"url\": \"https://z.6yu49j4x2l-axt4.ohd/)L$/6-o&@4b/L*/m!kYW1%F3%93%96%BA%F1%A7%85%B8Wi\",\n      \"info\": \"Rhp\"\n    }\n  },\n  {\n    \"title\": \"block sample 2\",\n    \"value\": {\n      \"name\": \"\",\n      \"ay\": 2016,\n      \"assign\": [\n        \"y\",\n        \"l\",\n        \"Q#\",\n        \"dVyjiy\"\n      ],\n      \"match\": \"JUI5I\",\n      \"satisfy\": [\n        {\n          \"mc\": \"<=73\"\n        },\n        {\n          \"and\": [\n            {\n              \"or\": []\n            },\n            {\n              \"and\": [\n                {\n                  \"and\": []\n                },\n                {\n                  \"mc\": \"<=69\"\n                }\n              ]\n            },\n            {\n              \"or\": []\n            },\n            {\n              \"or\": [\n                {\n                  \"and\": []\n                },\n                \"p`sgs\",\n                \"y=f_W|\"\n              ]\n            }\n          ]\n        },\n        {\n          \"or\": [\n            {\n              \"or\": [\n                \"Nl^41Z\",\n                {\n                  \"and\": [\n                    \"t~4JmN'2?\",\n                    \"2I\\\">\",\n                    \"vzyeI.\\\\6;m\",\n                    {\n                      \"and\": [\n                        \"p3K^Ngg\",\n                        \"?S*\",\n                        \"OZGj*Gx*#\",\n                        \"-^\\\\,Mj;l*\",\n                        \"\"\n                      ]\n                    }\n                  ]\n                }\n              ]\n            },\n            {\n              \"mc\": \">=60\"\n            },\n            {\n              \"mc\": \"<=10\"\n            },\n            {\n              \"mc\": \"<=44\"\n            }\n          ]\n        },\n        {\n          \"or\": []\n        },\n        {\n          \"and\": [\n            {\n              \"mc\": \">=65\"\n            },\n            {\n              \"or\": [\n                \"bCttyy\"\n              ]\n            },\n            {\n              \"and\": [\n                \"Z_\",\n                \"$XSrnfX?V\",\n                \"8ppJ\",\n                \"x}X,6yZ}cP\",\n                \"_L[,PXg\"\n              ]\n            },\n            {\n              \"or\": [\n                \"\",\n                \"m.s0OJ\",\n                {\n                  \"mc\": \"<=70\"\n                },\n                \"1Q\\\\'w7T_A'\",\n                \"\"\n              ]\n            },\n            \"-zV\\\"S{7\"\n          ]\n        }\n      ],\n      \"url\": \"http://9.jj6x1fuz390yk0.qy.jwk6x0bhnd6k4wspmpn2klm39lyvuedg2rc044yrtdv3o5rw6dlaw8w0.ksevh/;acK$Y/&%F2%97%AC%850P&5ssxO/AxkE;N5!/L/9%F3%A9%8D%BAz/Qny\",\n      \"info\": \"\",\n      \"%&}l<!{|{%\": {\n        \"name\": \"V\",\n        \"ay\": 1955,\n        \"assign\": \";t*L&\",\n        \"match\": [\n          {\n            \"pattern\": \"TUU265xF\",\n            \"exclude\": [\n              \"IA0*1xG\",\n              \"ENG1\",\n              \"CJE9941\",\n              \"ZN*\",\n              \"IL*3*9\"\n            ],\n            \"info\": \"mg\"\n          }\n        ],\n        \"satisfy\": {\n          \"or\": [\n            {\n              \"mc\": \"<=57\"\n            }\n          ]\n        },\n        \"url\": \"https://vzp4vwrgmpqzn1mocjq8jo6aosy7usgeindh7su1ukq.ss/+\"\n      }\n    }\n  },\n  {\n    \"title\": \"block sample 3\",\n    \"value\": {\n      \"ay\": 2005,\n      \"assign\": [\n        \"Rg\\\\\"\n      ],\n      \"match\": {\n        \"and\": [\n          \"WMX17\"\n        ]\n      },\n      \"satisfy\": {\n        \"and\": []\n      },\n      \"url\": \"https://dhsrrjy52pd6thrakpu7wm3kla.pflumknntg/~4%F0%BF%9D%B7o%F4%86%A9%AE/aT4w2;SN/MpGFwU%F0%AE%88%B0K/0@8/@&Ycn_mg%F3%82%91%94/Zncq;Q%F1%93%95%B5.\",\n      \"info\": \"<91i?e[NF\",\n      \"\": {\n        \"name\": \"{=9~gqjW\",\n        \"ay\": 1981,\n        \"assign\": [\n          \"j\",\n          \"0oPhIb$\",\n          \"F6r\\\\r|C -\",\n          \"\",\n          \"$\\\\qD\"\n        ],\n        \"match\": [\n          {\n            \"pattern\": \"TKN6620X\",\n            \"exclude\": [\n              \"CJD9X\",\n              \"DQ5T\"\n            ],\n            \"info\": \"v:im:5\"\n          },\n          {\n            \"pattern\": \"TU2*14P\",\n            \"info\": \"=DyYk\"\n          },\n          {\n            \"and\": [\n              \"FWVx76*J\",\n              \"DG86\",\n              \"PQY997x\"\n            ]\n          },\n          {\n            \"pattern\": \"QW268\",\n            \"exclude\": [\n              \"XQZ6\",\n              \"JI4299F\"\n            ]\n          },\n          {\n            \"and\": [\n              {\n                \"or\": [\n                  \"DLI2\",\n                  {\n                    \"pattern\": \"KGx*8W\",\n                    \"exclude\": \"KY244\",\n                    \"info\": \"Tx'^(\"\n                  }\n                ]\n              },\n              \"BDC12\"\n            ]\n          }\n        ],\n        \"satisfy\": [\n          {\n            \"mc\": \">=141\"\n          }\n        ],\n        \"url\": \"http://xu1gvh.c8i0gbblga.7zhzuekko90h5szx8.up2adjy0l.irnc72pcsb1i4ubmyw4bgt.tfxmf/%F1%AB%A5%8Ecr%F0%BA%B4%9Ax(g/!PHVV%F2%83%A1%B0e1~n/)(V/aYG~&/kYQ/U\",\n        \"info\": \"[gToA\\\"\"\n      },\n      \"JT\": {\n        \"name\": \"@kb![Rd83M\",\n        \"assign\": \";G+\\\"XW&;\",\n        \"match\": {\n          \"pattern\": \"ALF169A\",\n          \"exclude\": \"MG1x17\",\n          \"info\": \"m<f#l4\"\n        },\n        \"satisfy\": \"F=g`x<z2\\\\t\",\n        \"url\": \"http://qcdpbmj9njbrx7duat208b3g-tl6bkr-tqhh9qt.og3et28y-3edal4.hql3gz2ugv1702wj7.2tcng6zflfx32wypp7q0aruxy0hsmq.rvqzdezy/eA%F3%99%90%A41k/M3r%F3%AE%88%87r0//2/BTi%F0%9B%9A%BC/TD.Yz;\",\n        \"info\": \"d3MPIcpp~\",\n        \"h>\": {\n          \"name\": \"v*4V\",\n          \"ay\": 2018,\n          \"assign\": \"pxgFmfQJ4\",\n          \"match\": {\n            \"or\": [\n              {\n                \"and\": []\n              },\n              {\n                \"pattern\": \"IWI4Y\",\n                \"exclude\": \"KFE902\"\n              }\n            ]\n          },\n          \"satisfy\": [\n            {\n              \"or\": [\n                {\n                  \"or\": []\n                },\n                {\n                  \"mc\": \">=83\"\n                },\n                {\n                  \"and\": []\n                }\n              ]\n            },\n            \"B}ev2\",\n            {\n              \"or\": [\n                {\n                  \"and\": [\n                    {\n                      \"or\": [\n                        {\n                          \"or\": []\n                        },\n                        \"@pvHuu4m\",\n                        \"XG_\",\n                        {\n                          \"mc\": \"<=5\"\n                        },\n                        \"sD`$\"\n                      ]\n                    },\n                    \"NBU6eF=a\",\n                    \"i\",\n                    {\n                      \"mc\": \"<=27\"\n                    }\n                  ]\n                },\n                {\n                  \"or\": []\n                }\n              ]\n            }\n          ],\n          \"url\": \"https://p249f1peoinm-h9jid2u8fssy.8rphex8zdk0ug1ifqabhr-dljs5cu2e8hrge4.mvbi9n-9529w-915987vl-n1ba6rzj5q9owpf.s.jl/9/5%F1%87%BF%98M/2dSJQSE/14%F0%AD%AB%93l/.Djm/0qZdtx=,/E4PRz9OK\",\n          \"info\": \"EF?Yj`\",\n          \"K\": {\n            \"name\": \"F\\\"X\",\n            \"ay\": 1956,\n            \"assign\": \"K'8Db\",\n            \"satisfy\": [\n              {\n                \"mc\": \">=165\"\n              },\n              {\n                \"or\": [\n                  {\n                    \"mc\": \">=80\"\n                  },\n                  {\n                    \"mc\": \">=71\"\n                  },\n                  \".\\\"Yg>?{Lv\",\n                  {\n                    \"or\": [\n                      \"xVyT[D5b</\",\n                      {\n                        \"and\": [\n                          \"0)LLI/\",\n                          {\n                            \"or\": [\n                              {\n                                \"and\": [\n                                  \"'(BU=g\",\n                                  \"M`\",\n                                  \"aP yXp;j\",\n                                  \"HGK\\\\~\",\n                                  \"\"\n                                ]\n                              },\n                              {\n                                \"mc\": \"<=182\"\n                              },\n                              {\n                                \"or\": [\n                                  \"0qpHaK%U+\",\n                                  \":P}3Uw^*[\",\n                                  \">\",\n                                  \"mL&xf(\\\"n\",\n                                  \"|?\"\n                                ]\n                              },\n                              \"#n0-L8;`p3\",\n                              \"hfp5R_I\"\n                            ]\n                          },\n                          {\n                            \"or\": [\n                              \";l(.@=97B\"\n                            ]\n                          },\n                          \"0h\",\n                          {\n                            \"and\": [\n                              {\n                                \"mc\": \">=61\"\n                              },\n                              \"%l|WsE1\\\"N\"\n                            ]\n                          }\n                        ]\n                      },\n                      \"<B$\\\"\",\n                      {\n                        \"and\": []\n                      },\n                      \"3\"\n                    ]\n                  }\n                ]\n              }\n            ],\n            \"url\": \"https://zq3rmzg.8at1fdjevuew3be9x1oti51u2ybthg2olmgv7i.81ug4sn-bu0yhocleltuu5yt3-snf-aezo2gp-1u-vwhj1-arocbag8eu5.6qg7x37xdcrv6px-j61aojr4yeeyoalc.hqjzsr/egvuuS/YSAYT3/\",\n            \"info\": \"yB<iw}\"\n          },\n          \"]a?<\": {\n            \"name\": \"o\",\n            \"ay\": 1986,\n            \"assign\": [\n              \".SI\",\n              \"*1F 9b$y\",\n              \"LaP\",\n              \"rF~=Zl[{\"\n            ],\n            \"match\": \"WK57\",\n            \"satisfy\": {\n              \"mc\": \"<=14\"\n            },\n            \"url\": \"http://qn7xa01714642ogud6y5w479eyd3oyulx6vp4tvo9bvxc0rbnuj.p.f6l9mjcs6hclgjrhdcdkk-wdbfc7-di7i0lvjb5ni869xfq79xq2keifhrz.vic4un42qpmgzk-8e3laxp83--3-lyumzhpns2v2xt2xt.v0om-7po3zfde3hwl9i.jgu/I13%F3%B7%A0%AE%F2%B8%8B%B8pp%F0%A5%B6%9A/luT%F3%B0%A7%B5y2kEW/8~C~_n/9%F3%B9%92%A1cks/so1(iGgPxg/KUMfmy)/JoQI5ds\",\n            \"5Vn3!\": {\n              \"name\": \"5;pce+\",\n              \"ay\": 1956,\n              \"assign\": \"hd\",\n              \"match\": {\n                \"pattern\": \"XAX650\",\n                \"info\": \"mb+Q]3\"\n              },\n              \"satisfy\": [\n                {\n                  \"and\": [\n                    {\n                      \"and\": [\n                        \"[P6@-c\",\n                        \"\",\n                        \"j\",\n                        {\n                          \"mc\": \">=73\"\n                        }\n                      ]\n                    }\n                  ]\n                }\n              ],\n              \"url\": \"http://d.m.nlqo1bjuysyu3ku-h9mtq3otxn0zrz0syy04recowjbhlo.ecvm30vdc-nhmd7bxd256qma1b3d7p85qvt3mcc124gb9.o0jljxx4u-necwyxvkl4422kniulsq7hn3--x.dyavanmpat/F\",\n              \"info\": \"M5U~w\"\n            },\n            \"K=\": {\n              \"name\": \"-j{Q3m==\",\n              \"ay\": 2029,\n              \"assign\": \"c,&5@J\",\n              \"match\": [],\n              \"satisfy\": \"0\",\n              \"url\": \"https://ztv.wnsjjxjxou/)-(//ZQN7,b/s/6-%F0%9F%B5%A9HoKIDh/2l%F3%80%84%BEMO_/0P@G@K//v($BkcAVg\",\n              \"info\": \"[aMKoU^.\"\n            },\n            \":AG~2\": {\n              \"name\": \"\",\n              \"ay\": 2023,\n              \"assign\": \"-934'+td\",\n              \"match\": [\n                {\n                  \"or\": [\n                    {\n                      \"or\": []\n                    },\n                    {\n                      \"or\": [\n                        \"GTW9xF\",\n                        \"VE4\",\n                        \"HMX685\",\n                        {\n                          \"and\": [\n                            {\n                              \"or\": [\n                                {\n                                  \"or\": []\n                                },\n                                \"UA*78G\",\n                                \"HE2\",\n                                \"BFW*5\"\n                              ]\n                            }\n                          ]\n                        },\n                        \"XM9\"\n                      ]\n                    }\n                  ]\n                },\n                \"LG5\",\n                {\n                  \"or\": [\n                    {\n                      \"and\": [\n                        \"LRY*8R\",\n                        {\n                          \"and\": [\n                            {\n                              \"and\": [\n                                \"BO1\",\n                                \"NU04\",\n                                \"PE7V\",\n                                \"OY*0*\",\n                                \"EIQ270xB\"\n                              ]\n                            },\n                            {\n                              \"or\": []\n                            },\n                            {\n                              \"and\": [\n                                \"HR0\",\n                                \"DMH0K\",\n                                \"WYQ8430\"\n                              ]\n                            }\n                          ]\n                        },\n                        \"UJ4*I\",\n                        {\n                          \"pattern\": \"IGX08\",\n                          \"exclude\": \"NBSx9D\",\n                          \"info\": \"cSEl/C9Ve=\"\n                        },\n                        \"HAT322K\"\n                      ]\n                    }\n                  ]\n                }\n              ],\n              \"satisfy\": [\n                {\n                  \"or\": [\n                    \"lHs L\",\n                    {\n                      \"or\": [\n                        \"\\\"_eBC|H<\",\n                        \"Kr}3cAN8\",\n                        \"Sp)|\",\n                        {\n                          \"mc\": \"<=81\"\n                        },\n                        \",%\"\n                      ]\n                    },\n                    {\n                      \"and\": [\n                        {\n                          \"or\": [\n                            \"N8r]ddw)wt\",\n                            {\n                              \"mc\": \">=144\"\n                            },\n                            \"U\",\n                            \"3_7@\"\n                          ]\n                        },\n                        \"az$\\\"3\",\n                        \"VEG3T\"\n                      ]\n                    }\n                  ]\n                },\n                {\n                  \"and\": [\n                    {\n                      \"or\": []\n                    },\n                    \"g\"\n                  ]\n                },\n                {\n                  \"mc\": \"<=87\"\n                },\n                {\n                  \"or\": [\n                    \"Q{w|I9T\\\\$ \"\n                  ]\n                }\n              ],\n              \"url\": \"https://yr7omre7pd5g3p-vh30g6mpspgcbvlfufoofia0ftppml5l.99ounckcnj8fn14.g.nixwpqr09kl7vq7dl0nh5v6prk.uqc/)X%F2%99%A5%A9/6!u@0KbOYd/n3oFU/\",\n              \"info\": \"3@iOZ\\\\L~_\"\n            }\n          },\n          \"PTYq0$;\": {\n            \"name\": \"4TR>>\",\n            \"ay\": 2012,\n            \"assign\": [\n              \"tmREa9\",\n              \"\",\n              \",\"\n            ],\n            \"satisfy\": [\n              {\n                \"and\": [\n                  {\n                    \"and\": []\n                  },\n                  \"7F|Iaqo\",\n                  {\n                    \"mc\": \"<=58\"\n                  },\n                  {\n                    \"mc\": \">=128\"\n                  }\n                ]\n              },\n              \"v=@KU+Nqr\",\n              {\n                \"mc\": \"<=92\"\n              }\n            ],\n            \"url\": \"https://ea2xaqoiahoquqw9qcrh429x1kbtqyliadve7sc6i.tbx9mzxhxzwtxp6kln8j9.ajobknc7ryhw6go33vd10s49mjxj-vsxhocrn-mp.y.kivev/r4nds=l@3/%F0%9D%8E%B8(+uQ9igs+//pz_lx$@;/pKe8t1ve/8z/Nb\",\n            \"info\": \"p0#GTp\\\\>D\"\n          },\n          \"#7*\": {\n            \"name\": \")2\",\n            \"ay\": 2010,\n            \"match\": [\n              \"ELS1769E\",\n              {\n                \"and\": [\n                  {\n                    \"and\": [\n                      \"RZV*25Z\",\n                      \"LF02Z\",\n                      \"UZ76x\"\n                    ]\n                  },\n                  {\n                    \"pattern\": \"UHJ45\",\n                    \"exclude\": [\n                      \"US0\"\n                    ],\n                    \"info\": \"N-\"\n                  },\n                  {\n                    \"and\": [\n                      \"SDA2N\",\n                      \"RBT9287\",\n                      \"MF006V\"\n                    ]\n                  },\n                  \"YO723\"\n                ]\n              }\n            ],\n            \"satisfy\": [\n              \"M@rkA,_9\",\n              \"K8Z(\"\n            ],\n            \"url\": \"http://xluv915wheyvbit5-6rlbssbk2lv5zbth-cj6zuk9888lhmxizj5.thwprbmb/)q)//L_%F1%A1%BB%88Fy=7Ab/U:s,/)wQI%F2%96%B5%B39~alz/%F2%BC%A8%82lvcQ.3/HL/v8wVT%F2%AE%8A%A7Bzs/~H6W.N!\",\n            \"info\": \"]N(yFEX(>B\"\n          }\n        },\n        \"A7\": {\n          \"name\": \"))?\",\n          \"ay\": 2030,\n          \"assign\": \"\\\\zci\",\n          \"match\": {\n            \"or\": []\n          },\n          \"url\": \"https://q.uhq0.tql97ly3j2d84sus8tnjue-fo-h2e3m6dx8htxd7sajuaf8pepio0jqgqw.ttsewqj/MF%F3%BF%A1%9BB~L%F2%BC%86%A3/0q*$/;0u&J)/%F0%B2%BC%87y,,vS/E*DmD%F1%87%BF%87/67yGWS/m37*qq\",\n          \"info\": \"g5P`Q+zki6\"\n        }\n      }\n    }\n  },\n  {\n    \"title\": \"block sample 4\",\n    \"value\": {\n      \"name\": \"V$~\",\n      \"ay\": 2027,\n      \"satisfy\": {\n        \"or\": [\n          {\n            \"or\": []\n          },\n          {\n            \"or\": []\n          }\n        ]\n      },\n      \"url\": \"https://q.1.a.xewoink/4Tt@q4sU/Eh%F3%A0%B0%BA/Jp2O3-\",\n      \"info\": \":F%~z8##4 \",\n      \"7J8C`)\": {\n        \"ay\": 2026,\n        \"assign\": [\n          \"\\\\.),a<~t}\",\n          \"+T_~pZ\"\n        ],\n        \"match\": {\n          \"pattern\": \"WH5103\",\n          \"exclude\": [\n            \"VTx49F\",\n            \"BEx3P\",\n            \"COI03\",\n            \"OG48A\",\n            \"ADx\"\n          ],\n          \"info\": \"DW& 4d\"\n        },\n        \"satisfy\": [\n          \"*|Q]#\\\\\"\n        ],\n        \"info\": \"6h}9(yN*D<\"\n      },\n      \"${{\\\"@}\\\"Tb#\": {\n        \"name\": \"`vMz(!?j\",\n        \"ay\": 1980,\n        \"assign\": [\n          \"Ks\",\n          \"\",\n          \"Z]~#\\\"%%x{\",\n          \"x>MGQ<]?\"\n        ],\n        \"satisfy\": [\n          {\n            \"mc\": \">=14\"\n          },\n          \"\\\"A+iEG\",\n          {\n            \"mc\": \">=99\"\n          }\n        ],\n        \"url\": \"https://g.rpd7cr6y5go76fyp-g4ma5cbcey-8ect84c2a8pbt-eqdl8.chiiieodff/@a%F1%83%8E%A4\",\n        \"info\": \"4!\"\n      }\n    }\n  },\n  {\n    \"title\": \"block sample 5\",\n    \"value\": {\n      \"3\": {\n        \"name\": \"\",\n        \"ay\": 1956,\n        \"match\": {\n          \"or\": [\n            {\n              \"or\": [\n                {\n                  \"pattern\": \"LNA0V\",\n                  \"exclude\": \"TG847S\",\n                  \"info\": \"1u X!\"\n                },\n                {\n                  \"and\": [\n                    \"DE0x*\"\n                  ]\n                },\n                \"NS342D\",\n                {\n                  \"or\": [\n                    \"JVS*5D\",\n                    \"QU0xxx\"\n                  ]\n                },\n                \"VN*K\"\n              ]\n            },\n            \"HE36B\",\n            \"DE5x8\",\n            {\n              \"pattern\": \"BV8\",\n              \"exclude\": [],\n              \"info\": \"zUK/\\\\ob_G\"\n            },\n            {\n              \"pattern\": \"GU08B\",\n              \"exclude\": [\n                \"CFx568\"\n              ],\n              \"info\": \"z?\"\n            }\n          ]\n        },\n        \"url\": \"http://9rn9vvvfv6lqx.q9tn0mcp05h20m.chr2p1vw5lvdhsgckoc-agip8.ijk/hYu//7RYD%F3%9A%88%81%F2%AF%A0%83H/Jrf5zVbj@/%F4%87%92%91X\",\n        \"info\": \"(z##L\"\n      },\n      \"name\": \"l:Ea$\\\\\",\n      \"ay\": 1977,\n      \"match\": {\n        \"or\": [\n          {\n            \"or\": [\n              {\n                \"pattern\": \"TU*4V\",\n                \"exclude\": \"PYN*\",\n                \"info\": \"\\\\\"\n              },\n              \"QU161N\",\n              \"LN**9\",\n              {\n                \"or\": [\n                  {\n                    \"or\": [\n                      \"SLx107Y\",\n                      \"LXW01Q\",\n                      \"IZY*77\",\n                      {\n                        \"pattern\": \"UYR71U\",\n                        \"exclude\": \"DCZ3*29\"\n                      }\n                    ]\n                  },\n                  \"FWK6316T\",\n                  {\n                    \"pattern\": \"OR0x88B\",\n                    \"exclude\": \"ZYE6301F\",\n                    \"info\": \"Y\"\n                  }\n                ]\n              },\n              {\n                \"pattern\": \"WP2\",\n                \"exclude\": \"KPU57\",\n                \"info\": \"\"\n              }\n            ]\n          },\n          {\n            \"and\": [\n              {\n                \"pattern\": \"BVX2\",\n                \"exclude\": [\n                  \"KYx\"\n                ],\n                \"info\": \"%J.E}\\\"b,%T\"\n              }\n            ]\n          },\n          \"RG24\",\n          {\n            \"and\": []\n          }\n        ]\n      },\n      \"satisfy\": [\n        {\n          \"mc\": \">=6\"\n        },\n        {\n          \"mc\": \"<=1\"\n        },\n        \"nC`W0>yK\",\n        {\n          \"mc\": \">=162\"\n        }\n      ],\n      \"url\": \"http://20hf6o2h77ky-fl189ykl9nff2wjarez90hnq-wy2609nwwpe90dby3a.9s15l5s42fwtfoa54zem8.hd2qg92p9trsjbvjzj-jiv3rahg0koa-p5w-n6eogp4c14s-g3i1.ldvs//&GCJ/3/7&;=dmZ//*eKFyjG!_5/%F4%8A%8D%8C_\",\n      \"info\": \"g%{ox\\\"\",\n      \";e_fF]'\": {\n        \"name\": \"B#{\",\n        \"ay\": 2030,\n        \"assign\": [\n          \"0B[R\",\n          \".z'sVVdB\"\n        ],\n        \"match\": [],\n        \"satisfy\": {\n          \"mc\": \"<=131\"\n        },\n        \"url\": \"https://15xi2j5.bcvbjx6fre5oqt3qkhn6redo80limi.r8v08dcp4gx4bbgrfvpgn7nd95pl2ugtauev-ibkn98mskh-cf3lwqen-ae.b.ybezj/)hX\",\n        \"info\": \" `\\\"xj~\\\"5\",\n        \"dWJ\\\"s\": {\n          \"ay\": 1950,\n          \"satisfy\": \"\"\n        },\n        \"B_T\": {\n          \"name\": \"4Gy;%+QN?a\",\n          \"ay\": 1981,\n          \"assign\": \"jX@lYLeV\",\n          \"match\": \"QIU7917W\",\n          \"satisfy\": \"@Q!\",\n          \"url\": \"https://9.dai\"\n        },\n        \"|QJ~\": {\n          \"name\": \"59Q:IUf\\\\l\",\n          \"ay\": 2000,\n          \"assign\": [\n            \"FD#lJNmDqx\",\n            \"(1\"\n          ],\n          \"match\": \"EOH336G\",\n          \"satisfy\": {\n            \"or\": [\n              {\n                \"and\": []\n              },\n              {\n                \"and\": [\n                  {\n                    \"and\": [\n                      \"4*R\",\n                      \"qY,w=oU,uI\",\n                      \"U.^\"\n                    ]\n                  },\n                  {\n                    \"and\": [\n                      \")htB2l066\"\n                    ]\n                  },\n                  \"8\",\n                  {\n                    \"and\": [\n                      {\n                        \"mc\": \"<=41\"\n                      },\n                      \"[_Az.-s#M\",\n                      \"p-)\"\n                    ]\n                  }\n                ]\n              },\n              \"b{\"\n            ]\n          },\n          \"url\": \"https://27c1m0h6312tbdvb91s7ac2k4w8grq45e8j4gff015kq8hra7zmsxi.vn5w8pnh6dei-lmvr6nkqorlt2h9bgkq0f182ulz1yif9odw2quh2ks5ov0quw6.bfluletlzrca9n.o-5zh613mjuq0uw3.batnsf9ld9z97md4c140d4v8n04zr5v9.zsdqcv/b~UfI1%F2%A9%88%AFk0\",\n          \"info\": \" jeZ\"\n        },\n        \"2g\": {\n          \"name\": \"YbRo1i\",\n          \"ay\": 1951,\n          \"match\": [],\n          \"satisfy\": \"3UT{%DAaC\",\n          \"url\": \"http://ifcoj0pydpaqwb9q3f3cw0uo5d31fl5xc2xv-v5q6odfv3tcqbmtrq.l4ios1bxu8nc1-rycd-nl.czt7cktidjrrj19fdmod5rxu9z7.drnnh3zxkacfcf4sth7bekkn3t-i6g5ufje7c4s3-a5kvj0.3zdzf8a7yd28vu4.hcuey//3%E5%90%92O.'&8jD/p6s*/%EC%9C%8AElFnQ_%F4%8D%9E%84/H+D/b+e%F2%81%9D%88U8/%F1%98%AE%88~)H%F0%B0%B1%90m7oL/%F4%8D%96%A2D3wwkSq2E/Q%F1%AD%BB%87\",\n          \"info\": \"4x(\"\n        }\n      },\n      \"$J@*)SwBu6\": {\n        \"name\": \"\",\n        \"ay\": 1955,\n        \"assign\": [\n          \"9\",\n          \"fY+ cy(\",\n          \"|x@f4\",\n          \"qwVa124/1\"\n        ],\n        \"match\": [\n          {\n            \"and\": [\n              {\n                \"pattern\": \"YVX3145L\",\n                \"exclude\": [],\n                \"info\": \"R9IFY\"\n              },\n              \"ITO05\"\n            ]\n          }\n        ],\n        \"satisfy\": [\n          \"pdsoPQ\\\"MX\",\n          \"|2FfV|rLD`\"\n        ],\n        \"url\": \"https://9vcxh3xddr7gwahnd74xk6lbjdjqu040.sngdqtt/4/l\",\n        \"info\": \"x@w$!&]&D\"\n      },\n      \"l?%\": {\n        \"name\": \"[@a;j(6\",\n        \"ay\": 1951,\n        \"assign\": \"}\",\n        \"match\": [\n          {\n            \"pattern\": \"DV9498\",\n            \"exclude\": [],\n            \"info\": \"(3.sEE3/p(\"\n          },\n          {\n            \"or\": [\n              {\n                \"or\": [\n                  {\n                    \"pattern\": \"QBVx8S\",\n                    \"exclude\": [\n                      \"PBE476x\",\n                      \"GJZ73Z\"\n                    ],\n                    \"info\": \"T{k9\"\n                  },\n                  \"HVY8\"\n                ]\n              }\n            ]\n          }\n        ],\n        \"info\": \"hh\"\n      },\n      \"KD#%uoN\": {\n        \"name\": \"\\\"!\",\n        \"ay\": 2027,\n        \"match\": \"NLWxx62\",\n        \"satisfy\": [\n          \"~vhax{w3\"\n        ],\n        \"info\": \"mA\",\n        \"(Tnh5??h*T\": {\n          \"name\": \"s\",\n          \"ay\": 2028,\n          \"assign\": \"\",\n          \"match\": [],\n          \"satisfy\": {\n            \"or\": [\n              {\n                \"or\": [\n                  {\n                    \"and\": [\n                      \"9BDZSnL\"\n                    ]\n                  },\n                  {\n                    \"or\": []\n                  },\n                  {\n                    \"and\": []\n                  }\n                ]\n              },\n              \"\"\n            ]\n          },\n          \"url\": \"http://y8rzllvsh24cs2lt7vl66qne9ehds.thygnoz/GuKfj9kA%F2%80%8B%97/;/:r\",\n          \"info\": \"`U!^V\"\n        },\n        \"y#\\\"\": {\n          \"ay\": 2019,\n          \"assign\": [\n            \".26+(1+\",\n            \"U\",\n            \"tne\",\n            \"\",\n            \"Ed=x \"\n          ],\n          \"match\": [],\n          \"satisfy\": {\n            \"and\": [\n              {\n                \"or\": [\n                  {\n                    \"or\": [\n                      \"\\\"0/%(IiF\",\n                      {\n                        \"mc\": \">=157\"\n                      },\n                      {\n                        \"mc\": \">=88\"\n                      },\n                      \"mJ~\"\n                    ]\n                  },\n                  \",A;{{OU\",\n                  \"s\",\n                  \"1510T=K9\"\n                ]\n              }\n            ]\n          },\n          \"url\": \"https://naazdd98b1jf8-naa6bvqebw6gejcaakxl8neufladalod.a.enblsjhya/$8K.%F1%93%B5%BEh9./sxrh/m%F2%AF%B5%A2%F1%92%9D%98;N%F2%A8%A3%A40a'\",\n          \"info\": \"9^,&X1p)E\"\n        }\n      }\n    }\n  },\n  {\n    \"title\": \"block sample 6\",\n    \"value\": {\n      \"name\": \"2G~\",\n      \"assign\": [\n        \"h}\",\n        \"!\"\n      ],\n      \"match\": [\n        \"AAM0964X\",\n        {\n          \"pattern\": \"MJ85Z\",\n          \"exclude\": [\n            \"UDBx*7\",\n            \"RBR4476\",\n            \"VN18\"\n          ],\n          \"info\": \"e)]P\"\n        },\n        \"KEH346I\",\n        \"DH3144\",\n        \"RRW*V\"\n      ],\n      \"satisfy\": \" %a$yz3sE\\\"\",\n      \"url\": \"http://7inw.v70bb.xn/8/dbIn\",\n      \"info\": \"h\\\\cN+K\"\n    }\n  },\n  {\n    \"title\": \"block sample 7\",\n    \"value\": {\n      \"name\": \"p3P\",\n      \"ay\": 2011,\n      \"assign\": \"9LH$u\",\n      \"satisfy\": [],\n      \"url\": \"https://f.b-e8-cyf4dxbbp0c8oe7cdu-8fmcdebcui7.col.mm6-3r9mojnba9ecec4ffe-5k.bwyysoyu3icesakjsdminh8g5.onrmvpbcsf/ysAh-X\",\n      \"info\": \"\",\n      \"c/?\": {\n        \"name\": \"\",\n        \"ay\": 2025,\n        \"satisfy\": [\n          \"\",\n          {\n            \"and\": []\n          },\n          {\n            \"mc\": \">=6\"\n          }\n        ],\n        \"url\": \"https://c4.d.mwqmhvsij\",\n        \"info\": \"7&{~|';ot\",\n        \"3}IIT&3C\": {\n          \"name\": \",C\",\n          \"ay\": 2020,\n          \"assign\": \"-?A\",\n          \"match\": [\n            {\n              \"pattern\": \"VNZ90\",\n              \"exclude\": [\n                \"OPG721\"\n              ]\n            },\n            {\n              \"pattern\": \"HF2\",\n              \"exclude\": [],\n              \"info\": \"Z\"\n            }\n          ],\n          \"satisfy\": [],\n          \"info\": \":'i\"\n        },\n        \"<5\": {\n          \"name\": \"0z5$s\",\n          \"ay\": 1951,\n          \"assign\": \"gm}%,\",\n          \"match\": [],\n          \"satisfy\": [\n            \"&\\\"Px_C\",\n            {\n              \"mc\": \">=197\"\n            },\n            {\n              \"and\": [\n                {\n                  \"mc\": \"<=11\"\n                },\n                {\n                  \"mc\": \"<=33\"\n                }\n              ]\n            },\n            \"# A$!X.\",\n            {\n              \"or\": [\n                {\n                  \"mc\": \"<=8\"\n                },\n                {\n                  \"and\": [\n                    {\n                      \"and\": [\n                        \"AL\",\n                        \"(}':#5Ii;\"\n                      ]\n                    },\n                    {\n                      \"or\": [\n                        {\n                          \"mc\": \"<=59\"\n                        }\n                      ]\n                    },\n                    {\n                      \"and\": [\n                        {\n                          \"mc\": \"<=53\"\n                        },\n                        {\n                          \"and\": [\n                            \"!=4'WB\",\n                            {\n                              \"and\": [\n                                \"Ua;!;\",\n                                \"g\",\n                                \"\",\n                                \"7\\\"\",\n                                \"F<\\\\Pj\"\n                              ]\n                            },\n                            {\n                              \"and\": [\n                                \"\"\n                              ]\n                            },\n                            \"P?'ClthGM\",\n                            \"x<H\"\n                          ]\n                        }\n                      ]\n                    }\n                  ]\n                }\n              ]\n            }\n          ],\n          \"url\": \"https://y9d8cx0m6xlgdgsk7gnt3xo3.d9fue9klu.6.c0e7oxei7yj51ggg-y5ntskb7sazyzozh.e0a8w4.ezhhwcmk/7x!h:.6-~/&3o/+sTfa5A//Kc2hOr*$N/Dog8//7Zphs%F3%A2%BB%8B%F1%A9%8F%86/*S_or(,Y.A/N@\",\n          \"info\": \">cX\"\n        },\n        \"V7]h2h_Gi\": {\n          \"name\": \"9K@|2o#(\",\n          \"ay\": 1951,\n          \"match\": [\n            {\n              \"or\": [\n                {\n                  \"and\": [\n                    \"NKF7J\"\n                  ]\n                },\n                {\n                  \"and\": [\n                    {\n                      \"pattern\": \"ZV*1U\",\n                      \"info\": \"ng#sq\"\n                    },\n                    {\n                      \"and\": [\n                        \"HAG*72Z\",\n                        \"CLY15C\",\n                        \"VM8D\"\n                      ]\n                    }\n                  ]\n                },\n                {\n                  \"or\": [\n                    \"JAQ138xD\"\n                  ]\n                }\n              ]\n            }\n          ],\n          \"url\": \"https://9iiihd-sw7kcjccbas4c3wf5ze7n3uz9j9.ddlpo/./9)B\",\n          \"info\": \"6*MxX\",\n          \"R$L=\": {\n            \"name\": \"o=9s\",\n            \"ay\": 1953,\n            \"assign\": \"\",\n            \"match\": \"SPK0E\",\n            \"satisfy\": {\n              \"mc\": \"<=11\"\n            },\n            \"url\": \"https://acf.cnh/J%F2%9C%B9%94wG\"\n          },\n          \"*\": {\n            \"name\": \"\\\\yXTxy\\\"yQz\",\n            \"ay\": 1951,\n            \"assign\": \"N)\",\n            \"match\": [\n              {\n                \"pattern\": \"JN7\",\n                \"exclude\": \"GDG09\",\n                \"info\": \"9\\\"iH*\"\n              }\n            ],\n            \"satisfy\": [\n              {\n                \"or\": [\n                  {\n                    \"and\": [\n                      {\n                        \"mc\": \">=145\"\n                      }\n                    ]\n                  },\n                  {\n                    \"and\": []\n                  }\n                ]\n              },\n              \"QV'ElUl\",\n              {\n                \"mc\": \"<=75\"\n              }\n            ],\n            \"url\": \"https://ecod8bef6hclxa2jzk7os5q6.fkgk7geoknm3rifsi158egdfm1qz5qe14hn243j2yqpws.e8ex24pd.enxoggcz//dr;4N9:L/q7KYS'%F1%B3%AD%8FJI-/Wvh/.f=Go)q1@/4H%F0%91%BD%8CHzW)3X/_wG,/%F3%A8%A5%B4/%F2%BE%88%9AbDueW/LIbB%EA%B8%96Le\",\n            \"info\": \"{&{&&@\"\n          }\n        }\n      }\n    }\n  },\n  {\n    \"title\": \"block sample 8\",\n    \"value\": {\n      \"name\": \"/v\",\n      \"ay\": 1979,\n      \"assign\": [\n        \"a~c(H4?S\",\n        \"yzykxz\\\"( q\",\n        \"*U^-\",\n        \"\"\n      ],\n      \"match\": [\n        {\n          \"and\": [\n            {\n              \"or\": [\n                \"VD84*x\"\n              ]\n            }\n          ]\n        },\n        \"OK4\",\n        {\n          \"and\": [\n            {\n              \"and\": [\n                {\n                  \"or\": [\n                    \"GUC34\"\n                  ]\n                },\n                {\n                  \"or\": [\n                    \"DP396I\",\n                    \"UUB181\",\n                    {\n                      \"or\": [\n                        \"ZI329I\"\n                      ]\n                    },\n                    {\n                      \"and\": [\n                        \"GPL6E\",\n                        {\n                          \"and\": [\n                            {\n                              \"or\": [\n                                \"SIN4F\",\n                                \"DCI2\",\n                                \"JIO994\",\n                                \"JBZ47\",\n                                \"QBF3461K\"\n                              ]\n                            },\n                            {\n                              \"or\": [\n                                \"AIC6\"\n                              ]\n                            },\n                            \"ZS2\",\n                            \"HOU9xY\"\n                          ]\n                        },\n                        {\n                          \"pattern\": \"QQG38K\",\n                          \"info\": \">w<+\"\n                        }\n                      ]\n                    }\n                  ]\n                },\n                {\n                  \"or\": []\n                },\n                \"AE8281K\"\n              ]\n            },\n            {\n              \"pattern\": \"JEZxx5xH\",\n              \"exclude\": \"CM9\"\n            },\n            \"UO382\",\n            {\n              \"and\": [\n                \"KRJ8\"\n              ]\n            }\n          ]\n        },\n        {\n          \"or\": []\n        },\n        {\n          \"pattern\": \"AV2x\",\n          \"exclude\": \"NS2\",\n          \"info\": \"~{w\"\n        }\n      ],\n      \"satisfy\": {\n        \"or\": []\n      },\n      \"url\": \"https://t4y5r1aidpbmit3q2s0gv.imi-uspk7-dvlj9eg-kkagv-o9yndu2a6p6euv08mt79o.h.bqjqxhin/TeHB)*&'(;/w%F1%A9%A8%91_,5/eedg\",\n      \"info\": \"  $V\",\n      \"Bj+_ 2\": {\n        \"ay\": 1981,\n        \"assign\": [\n          \"c7Y5>U\",\n          \"#l\",\n          \"\"\n        ],\n        \"satisfy\": {\n          \"or\": [\n            {\n              \"and\": []\n            },\n            {\n              \"and\": [\n                {\n                  \"and\": [\n                    \"D)-+z-^D>\",\n                    \"!>'e^|@h\"\n                  ]\n                },\n                {\n                  \"and\": [\n                    \"+t\",\n                    \"=#\",\n                    \"Q`j{7\",\n                    \"HxX#Ok05\"\n                  ]\n                },\n                \"E\",\n                {\n                  \"and\": []\n                }\n              ]\n            },\n            {\n              \"or\": [\n                {\n                  \"and\": [\n                    {\n                      \"mc\": \">=26\"\n                    },\n                    {\n                      \"or\": [\n                        {\n                          \"and\": [\n                            \"d%[I.B4XG\",\n                            \"jljs7b\",\n                            \");\",\n                            {\n                              \"and\": [\n                                {\n                                  \"or\": [\n                                    \"3Oi\",\n                                    \"_D$\",\n                                    \"v\",\n                                    \"d.:UtT\"\n                                  ]\n                                },\n                                \"^@sGu3v,v\",\n                                \"[\",\n                                \"^c\"\n                              ]\n                            }\n                          ]\n                        },\n                        \"A7_3f<x{ M\",\n                        \"`%\\\"o$kmff\",\n                        \"(d:_\\\"biC\"\n                      ]\n                    }\n                  ]\n                }\n              ]\n            },\n            {\n              \"and\": []\n            }\n          ]\n        },\n        \"url\": \"http://jrypav052ffdedmc8pyw8l288lx.y.m7qi9b75niu7-zeb3vk6y2-ji44d61803fh7.qrosxcbcq/y;sZ/1I%F4%86%99%9EsxK-!_/7qP/$v7D/i=bn%F1%AD%AE%86/Vky/Zaz%F2%B6%87%81:/KxsKNFPiV//XoxAnO%F0%A3%AD%89T\",\n        \"info\": \"\\\\, \\\\7(p )\",\n        \"O$\": {\n          \"name\": \"W\",\n          \"ay\": 1960,\n          \"assign\": [\n            \"~Ddz{bR/`\",\n            \"Y\"\n          ],\n          \"match\": \"AJF73Y\",\n          \"satisfy\": [\n            {\n              \"or\": []\n            },\n            {\n              \"and\": [\n                \"6&U[Y\",\n                {\n                  \"mc\": \"<=23\"\n                }\n              ]\n            },\n            {\n              \"mc\": \"<=49\"\n            },\n            {\n              \"mc\": \">=70\"\n            }\n          ],\n          \"info\": \"zq#G4k+)M\"\n        },\n        \")_nO;\": {\n          \"name\": \"/^(GlVu6\",\n          \"ay\": 1997,\n          \"assign\": [\n            \"W\"\n          ],\n          \"satisfy\": [\n            {\n              \"mc\": \">=51\"\n            },\n            \" J\",\n            {\n              \"mc\": \"<=123\"\n            },\n            {\n              \"and\": [\n                {\n                  \"and\": [\n                    {\n                      \"or\": [\n                        {\n                          \"and\": [\n                            \"{_a^\",\n                            \"WHIO'>\\\\s\",\n                            \"Y:JK{JV<\",\n                            \"X?$Oj1Z<\",\n                            \" QTXp?)w\"\n                          ]\n                        },\n                        \"4kD:h'9|nn\"\n                      ]\n                    }\n                  ]\n                }\n              ]\n            },\n            {\n              \"or\": [\n                \"`8$*~d(\",\n                {\n                  \"or\": [\n                    \"QkgBw^RvZ\",\n                    \"+VYNu|1[_\\\\\"\n                  ]\n                },\n                {\n                  \"or\": [\n                    \"3Z\"\n                  ]\n                },\n                {\n                  \"mc\": \"<=188\"\n                }\n              ]\n            }\n          ],\n          \"url\": \"http://nwur833.m7gcf48iwfu7cmxsabkp7d-ss138cy8guw1ce2hssbyidrscxk0o1chk.fnbnz/!-///%F1%B1%92%8AaQCSk~y!d/%F2%96%BA%A4d;.6%F2%A4%8E%87%F0%AC%B6%8A%F0%9E%BA%A9/%F2%A8%A1%BD8m2/$m~/%F2%9C%BC%B0!h8%F2%80%91%BBS)yd\",\n          \"info\": \";-#YM9}\"\n        },\n        \"G MB7#y\": {\n          \"name\": \"?;BSKH,%\",\n          \"ay\": 2007,\n          \"assign\": [\n            \"r:k`5a:\"\n          ],\n          \"satisfy\": {\n            \"and\": [\n              \"F;\",\n              \"[RjQ*Hd$d$\",\n              {\n                \"and\": [\n                  {\n                    \"or\": [\n                      {\n                        \"and\": [\n                          \"UeZ5\",\n                          \"\\\"}b6Uxow\",\n                          \"\\\\i4|r~\",\n                          \" s;\",\n                          \"4c\"\n                        ]\n                      },\n                      {\n                        \"and\": [\n                          \"AlR6.+\",\n                          \"rdzCt\",\n                          \"I \",\n                          {\n                            \"or\": [\n                              \"V\\\"`Q\"\n                            ]\n                          }\n                        ]\n                      },\n                      {\n                        \"or\": [\n                          {\n                            \"mc\": \">=3\"\n                          },\n                          \"h5vGG#lf&\"\n                        ]\n                      },\n                      \"J'S2'\",\n                      \"\\\\\"\n                    ]\n                  },\n                  {\n                    \"and\": [\n                      \"Q+g\\\"\\\\\\\"mH;\"\n                    ]\n                  },\n                  {\n                    \"and\": [\n                      \"?=[ZFZ-2J}\",\n                      {\n                        \"or\": []\n                      }\n                    ]\n                  }\n                ]\n              },\n              {\n                \"or\": []\n              }\n            ]\n          },\n          \"url\": \"https://qc50apl-zn3fdfr-rn6tbgqasslbcvehh0k.n.9whiqczbr6orevwif6.onqqunpws5kr1mqsjfzi757ojcz22xyzqyqjmcnf7ak39lyibwfd.gnwprypb/B*g%F3%81%85%BDtA./E+G6/~9k/%F1%A6%9D%A9yr6@is/lPc4:f%F2%9A%80%92r)+\",\n          \"info\": \")dQW,Q-\"\n        },\n        \"8pyD\": {\n          \"name\": \"T%,xH\",\n          \"ay\": 1997,\n          \"assign\": \"aj[7\",\n          \"match\": [\n            {\n              \"and\": [\n                {\n                  \"pattern\": \"BJP8\",\n                  \"exclude\": \"MGZ2M\",\n                  \"info\": \"^OjH\"\n                },\n                \"RM0\",\n                {\n                  \"and\": [\n                    \"FLH40*\",\n                    \"HCQ8E\",\n                    \"HIA37\",\n                    {\n                      \"and\": [\n                        {\n                          \"pattern\": \"KV7F\",\n                          \"exclude\": \"HTO6113A\",\n                          \"info\": \"$D\"\n                        },\n                        \"KK5\",\n                        {\n                          \"pattern\": \"YVS21\",\n                          \"exclude\": [\n                            \"EHS691Z\",\n                            \"CVx27J\",\n                            \"NSM49x*\",\n                            \"MED3\",\n                            \"KZF0667\"\n                          ],\n                          \"info\": \"st\"\n                        },\n                        {\n                          \"and\": [\n                            \"NQI58x\",\n                            {\n                              \"pattern\": \"BU0\",\n                              \"exclude\": [\n                                \"HWZx93\",\n                                \"PA1754T\",\n                                \"IKR7Q\"\n                              ]\n                            }\n                          ]\n                        }\n                      ]\n                    },\n                    \"WBOx18V\"\n                  ]\n                },\n                {\n                  \"pattern\": \"WO840\",\n                  \"exclude\": \"OK6P\",\n                  \"info\": \"W~jyna!\"\n                },\n                {\n                  \"or\": []\n                }\n              ]\n            },\n            {\n              \"pattern\": \"ZB8M\",\n              \"exclude\": [\n                \"GT5I\",\n                \"DFS022X\",\n                \"GOU9044D\"\n              ],\n              \"info\": \"\"\n            },\n            \"JC518x\",\n            {\n              \"and\": [\n                {\n                  \"and\": [\n                    \"ILL0*1Z\",\n                    {\n                      \"pattern\": \"OXV8574\",\n                      \"exclude\": [\n                        \"JIxx7x\",\n                        \"BUA1\",\n                        \"NH302\",\n                        \"UL3P\",\n                        \"ZJ0\"\n                      ],\n                      \"info\": \"1\"\n                    },\n                    {\n                      \"and\": [\n                        \"XOx61\",\n                        {\n                          \"or\": []\n                        },\n                        {\n                          \"pattern\": \"VZD886*\",\n                          \"exclude\": [\n                            \"TUF8O\",\n                            \"PU8\",\n                            \"WMO179\",\n                            \"BHP3\",\n                            \"MG4x0*\"\n                          ],\n                          \"info\": \">\"\n                        },\n                        \"ZJ*\",\n                        \"CB518P\"\n                      ]\n                    },\n                    {\n                      \"or\": []\n                    }\n                  ]\n                },\n                \"CQ33\"\n              ]\n            }\n          ],\n          \"satisfy\": {\n            \"and\": [\n              {\n                \"mc\": \">=142\"\n              },\n              {\n                \"or\": []\n              },\n              {\n                \"or\": [\n                  \"t?C(rn2\",\n                  \"/(iOuo]MpS\",\n                  {\n                    \"or\": [\n                      \"*n'>)jD\"\n                    ]\n                  },\n                  \"#\",\n                  \"O[YA?ofi-]\"\n                ]\n              },\n              {\n                \"and\": [\n                  \"mz\",\n                  \"K#J\",\n                  {\n                    \"and\": [\n                      \"ijk3\",\n                      {\n                        \"mc\": \">=93\"\n                      },\n                      \"P=.O\",\n                      \"N<:\"\n                    ]\n                  },\n                  {\n                    \"mc\": \">=170\"\n                  }\n                ]\n              },\n              {\n                \"or\": [\n                  \"AF;O*:a9K\",\n                  {\n                    \"or\": []\n                  }\n                ]\n              }\n            ]\n          },\n          \"info\": \"Qa3Q'14hb]\"\n        },\n        \"[| R\": {\n          \"name\": \"f~Dv\",\n          \"ay\": 1986,\n          \"assign\": \"P KHEWcN/!\",\n          \"match\": \"ZFR539K\",\n          \"satisfy\": [\n            {\n              \"and\": [\n                {\n                  \"and\": [\n                    {\n                      \"mc\": \"<=142\"\n                    },\n                    \"\\\\4-WC\"\n                  ]\n                }\n              ]\n            },\n            \"E*ZP\",\n            {\n              \"mc\": \">=139\"\n            },\n            {\n              \"mc\": \"<=181\"\n            }\n          ],\n          \"url\": \"http://b6lj7mr07qxp6o11i23sr2ytv7694pvp2f-tmxmkp0.p0ykv585az4fap8vnqmi427l81w571d24w8nvt5kku.v559pc-kauu91cgtlu32z7afxpdjz18nkkkb9xewzjnmka99bm74-554tu6kt.r.vjvk/Twn$V8p/L_%F3%BF%A9%B1r%F1%98%A0%B2!E/&y%F2%A8%9B%98~.%F2%97%A0%ABD*/e.Y/zt%F3%B1%B9%BDFp//'vo)/,l/l0G)(IW%F1%A6%85%B9\",\n          \"info\": \"BP\"\n        }\n      }\n    }\n  },\n  {\n    \"title\": \"block sample 9\",\n    \"value\": {\n      \"assign\": [\n        \"D+ ~&vA5:!\",\n        \"%tQ)Sky5\",\n        \",Dar\",\n        \"7;Gr/@u\"\n      ],\n      \"match\": [\n        \"QL65W\",\n        {\n          \"pattern\": \"QHS25**\",\n          \"exclude\": \"ZBx*7U\",\n          \"info\": \"}OS#r\"\n        }\n      ],\n      \"satisfy\": {\n        \"mc\": \"<=4\"\n      },\n      \"url\": \"http://h.akjwbarv2keo3.n15pcshy2hf5v5f6bty0m3u-wnacfcpiortnhv7fv0lb8p.0gq2jihs.dguxm3yz0m1ln08bvinxz3g-69lafx85fp-6iml.lrsehv/;P/6MG/w/d_7;\",\n      \"info\": \"<\"\n    }\n  }\n]",
              "code": "fast_check_1.sample(index_test_2.block, 10).forEach((sample, i) => addContext_1.default(this, {\n    title: `block sample ${i}`,\n    value: sample,\n}));\nreturn fast_check_1.assert(fast_check_1.property(index_test_2.block, ajvValidate));",
              "err": {},
              "uuid": "1d251ff6-b6f6-4cfb-8d86-14bb30270b7f",
              "parentUUID": "397d9514-5de9-4b2d-afdd-7da3cbacbb74",
              "isHook": false,
              "skipped": false
            },
            {
              "title": "should not validate non-object",
              "fullTitle": "blockSchema should not validate non-object",
              "timedOut": false,
              "duration": 2,
              "state": "passed",
              "speed": "fast",
              "pass": true,
              "fail": false,
              "pending": false,
              "context": null,
              "code": "const error = {\n    instancePath: \"\",\n    message: \"block should be an object\",\n};\nisInvalidBlock(null, error);\nisInvalidBlock(undefined, error);\nisInvalidBlock(10, error);\nisInvalidBlock([12, 24], error);\nisInvalidBlock(\"abc\", error);",
              "err": {},
              "uuid": "4113ce31-a1c1-4917-864f-5bac337c5ece",
              "parentUUID": "397d9514-5de9-4b2d-afdd-7da3cbacbb74",
              "isHook": false,
              "skipped": false
            },
            {
              "title": "should not validate block with invalid properties",
              "fullTitle": "blockSchema should not validate block with invalid properties",
              "timedOut": false,
              "duration": 0,
              "state": "passed",
              "speed": "fast",
              "pass": true,
              "fail": false,
              "pending": false,
              "context": null,
              "code": "isInvalidBlock({\n        name: { foo: \"bar\" },\n        ay: -1000,\n        assign: {},\n        match: 1,\n        satisfy: 2,\n        url: { abc: \"def\" },\n        info: 42,\n    }, { instancePath: \"/name\", message: \"property 'name' should be a string\" }, {\n        instancePath: \"/ay\",\n        message: \"property 'ay' should be a positive integer\",\n    }, {\n        instancePath: \"/assign\",\n        message: \"property 'assign' should be either a block ID or an array of block IDs\",\n    }, {\n        instancePath: \"/match\",\n        message: \"property 'match' should be either a match rule or an array of match rules\",\n    }, {\n        instancePath: \"/satisfy\",\n        message: \"property 'satisfy' should be either a satisfy rule or an array of satisfy rules\",\n    }, { instancePath: \"/url\", message: \"property 'url' should be a string\" }, { instancePath: \"/info\", message: \"property 'info' should be a string\" })",
              "err": {},
              "uuid": "acfd2a7f-34eb-474f-b85a-daa28b99676a",
              "parentUUID": "397d9514-5de9-4b2d-afdd-7da3cbacbb74",
              "isHook": false,
              "skipped": false
            }
          ],
          "suites": [],
          "passes": [
            "1d251ff6-b6f6-4cfb-8d86-14bb30270b7f",
            "4113ce31-a1c1-4917-864f-5bac337c5ece",
            "acfd2a7f-34eb-474f-b85a-daa28b99676a"
          ],
          "failures": [],
          "pending": [],
          "skipped": [],
          "duration": 168,
          "root": false,
          "rootEmpty": false,
          "_timeout": 2000
        },
        {
          "uuid": "c257a271-a5ae-48da-9855-df48c3fe272c",
          "title": "patternToRE",
          "fullFile": "/home/runner/work/planwithus-lib/planwithus-lib/src/matchRule/pattern/satisfiers.test.ts",
          "file": "/src/matchRule/pattern/satisfiers.test.ts",
          "beforeHooks": [],
          "afterHooks": [],
          "tests": [
            {
              "title": "should match valid modules with a single pattern",
              "fullTitle": "patternToRE should match valid modules with a single pattern",
              "timedOut": false,
              "duration": 14,
              "state": "passed",
              "speed": "fast",
              "pass": true,
              "fail": false,
              "pending": false,
[...]
              "parentUUID": "bcb9ea54-bd8c-4f9a-85e8-6f706f5210ee",
              "isHook": false,
              "skipped": false
            },
            {
              "title": "should preserve list of modules with upper bound of MCs if total MC count is lower",
              "fullTitle": "inequalitySatisfier should preserve list of modules with upper bound of MCs if total MC count is lower",
              "timedOut": false,
              "duration": 0,
              "state": "passed",
              "speed": "fast",
              "pass": true,
              "fail": false,
              "pending": false,
              "context": null,
              "code": "const satisfier = satisfiers_1.inequalitySatisfier(ref, \"<=32\");\nsatisfier.should.have.property(\"filter\");\nconst { filter } = satisfier;\nisCorrectFilter(filter, modulesList1, modulesList1.map(([moduleStr]) => moduleStr));",
              "err": {},
              "uuid": "0474c5af-6db2-4f5c-8546-a318319611c7",
              "parentUUID": "bcb9ea54-bd8c-4f9a-85e8-6f706f5210ee",
              "isHook": false,
              "skipped": false
            },
            {
              "title": "should truncate list of modules with upper bound of MCs at exact cutoff if total MC count is higher and there exists some starting sequence with exact MC count",
              "fullTitle": "inequalitySatisfier should truncate list of modules with upper bound of MCs at exact cutoff if total MC count is higher and there exists some starting sequence with exact MC count",
              "timedOut": false,
              "duration": 0,
              "state": "passed",
              "speed": "fast",
              "pass": true,
              "fail": false,
              "pending": false,
              "context": null,
              "code": "const satisfier = satisfiers_1.inequalitySatisfier(ref, \"<=16\");\nsatisfier.should.have.property(\"filter\");\nconst { filter } = satisfier;\nisCorrectFilter(filter, modulesList1, [\n    \"CS2100\",\n    \"GER1000\",\n    \"CS2040S\",\n    \"ST2131\",\n]);",
              "err": {},
              "uuid": "e8a1c1cf-5bf9-4181-951f-bb0ae126f99e",
              "parentUUID": "bcb9ea54-bd8c-4f9a-85e8-6f706f5210ee",
              "isHook": false,
              "skipped": false
            },
            {
              "title": "should truncate list of modules with upper bound of MCs, cutting off at the minimum starting sequence that exceeds upper bound, if total MC count is higher and there exists no starting sequence with exact MC count",
              "fullTitle": "inequalitySatisfier should truncate list of modules with upper bound of MCs, cutting off at the minimum starting sequence that exceeds upper bound, if total MC count is higher and there exists no starting sequence with exact MC count",
              "timedOut": false,
              "duration": 1,
              "state": "passed",
              "speed": "fast",
              "pass": true,
              "fail": false,
              "pending": false,
              "context": null,
              "code": "const satisfier = satisfiers_1.inequalitySatisfier(ref, \"<=17\");\nsatisfier.should.have.property(\"filter\");\nconst { filter } = satisfier;\nisCorrectFilter(filter, modulesList1, [\n    \"CS2100\",\n    \"GER1000\",\n    \"CS2040S\",\n    \"ST2131\",\n    \"MA1521\",\n]);",
              "err": {},
              "uuid": "61616338-19a1-405b-939d-df16328e8808",
              "parentUUID": "bcb9ea54-bd8c-4f9a-85e8-6f706f5210ee",
              "isHook": false,
              "skipped": false
            }
          ],
          "suites": [],
          "passes": [
            "49d6fbd6-f57b-4efd-874d-391eace134ae",
            "d080603f-1461-444e-b0bc-a692caef85b5",
            "da8b2762-35a4-4f75-bfd0-24729f182eac",
            "e674e817-aac1-4083-812d-b08c96fda062",
            "0474c5af-6db2-4f5c-8546-a318319611c7",
            "e8a1c1cf-5bf9-4181-951f-bb0ae126f99e",
            "61616338-19a1-405b-939d-df16328e8808"
          ],
          "failures": [],
          "pending": [],
          "skipped": [],
          "duration": 3,
          "root": false,
          "rootEmpty": false,
          "_timeout": 2000
        },
        {
          "uuid": "44cc9bf3-b2d0-47a3-af01-0455554b9e50",
          "title": "inequalitySchema",
          "fullFile": "/home/runner/work/planwithus-lib/planwithus-lib/src/satisfyRule/inequality/schemas.test.ts",
          "file": "/src/satisfyRule/inequality/schemas.test.ts",
          "beforeHooks": [],
          "afterHooks": [],
          "tests": [
            {
              "title": "should validate inequality in the form <=n or >=n",
              "fullTitle": "inequalitySchema should validate inequality in the form <=n or >=n",
              "timedOut": false,
              "duration": 1,
              "state": "passed",
              "speed": "fast",
              "pass": true,
              "fail": false,
              "pending": false,
              "context": "[\n  {\n    \"title\": \"inequality sample 0\",\n    \"value\": \"<=198\"\n  },\n  {\n    \"title\": \"inequality sample 1\",\n    \"value\": \">=16\"\n  },\n  {\n    \"title\": \"inequality sample 2\",\n    \"value\": \">=5\"\n  },\n  {\n    \"title\": \"inequality sample 3\",\n    \"value\": \">=5\"\n  },\n  {\n    \"title\": \"inequality sample 4\",\n    \"value\": \"<=1\"\n  },\n  {\n    \"title\": \"inequality sample 5\",\n    \"value\": \">=2\"\n  },\n  {\n    \"title\": \"inequality sample 6\",\n    \"value\": \"<=182\"\n  },\n  {\n    \"title\": \"inequality sample 7\",\n    \"value\": \">=4\"\n  },\n  {\n    \"title\": \"inequality sample 8\",\n    \"value\": \"<=2\"\n  },\n  {\n    \"title\": \"inequality sample 9\",\n    \"value\": \">=185\"\n  }\n]",
              "code": "fast_check_1.sample(index_test_2.inequality, 10).forEach((sample, i) => addContext_1.default(this, {\n    title: `inequality sample ${i}`,\n    value: sample,\n}));\nreturn fast_check_1.assert(fast_check_1.property(index_test_2.inequality, ajvValidate));",
              "err": {},
              "uuid": "d85474c0-ef4d-4c2f-8af5-786e20b4baa4",
              "parentUUID": "44cc9bf3-b2d0-47a3-af01-0455554b9e50",
              "isHook": false,
              "skipped": false
            },
            {
              "title": "should not validate inequality of invalid form",
              "fullTitle": "inequalitySchema should not validate inequality of invalid form",
              "timedOut": false,
              "duration": 1,
              "state": "passed",
              "speed": "fast",
              "pass": true,
              "fail": false,
              "pending": false,
              "context": null,
              "code": "[\n        \"\",\n        \"==23\",\n        \"23\",\n        \"<23\",\n        \">23\",\n        \"<=-1\",\n        \">=-1\",\n        \"<= 2\",\n        \">= 1\",\n        \"> 3\",\n        \"< 3\",\n        \"<=3a\",\n        \">=3a\",\n        \"a<=3\",\n        \"a>=3\",\n    ].forEach(isInvalidInequality)",
              "err": {},
              "uuid": "3b8322c3-0204-4a0e-acb5-e6fccf69b72c",
              "parentUUID": "44cc9bf3-b2d0-47a3-af01-0455554b9e50",
              "isHook": false,
              "skipped": false
            }
          ],
          "suites": [],
          "passes": [
            "d85474c0-ef4d-4c2f-8af5-786e20b4baa4",
            "3b8322c3-0204-4a0e-acb5-e6fccf69b72c"
          ],
          "failures": [],
          "pending": [],
          "skipped": [],
          "duration": 2,
          "root": false,
          "rootEmpty": false,
          "_timeout": 2000
        },
        {
          "uuid": "781885a4-f6d4-4930-9508-c0c3249d2aa1",
          "title": "satisfyRuleSchema",
          "fullFile": "/home/runner/work/planwithus-lib/planwithus-lib/src/satisfyRule/schemas.test.ts",
          "file": "/src/satisfyRule/schemas.test.ts",
          "beforeHooks": [],
          "afterHooks": [],
          "tests": [
            {
              "title": "should validate satisfy rule with valid block id",
              "fullTitle": "satisfyRuleSchema should validate satisfy rule with valid block id",
              "timedOut": false,
              "duration": 1,
              "state": "passed",
              "speed": "fast",
              "pass": true,
              "fail": false,
              "pending": false,
              "context": null,
              "code": "fast_check_1.assert(fast_check_1.property(fast_check_1.string(), ajvValidate)",
              "err": {},
              "uuid": "658e61f0-ae18-4f30-b8ee-671432b894a1",
              "parentUUID": "781885a4-f6d4-4930-9508-c0c3249d2aa1",
              "isHook": false,
              "skipped": false
            },
            {
              "title": "should validate satisfy rules with valid mc",
              "fullTitle": "satisfyRuleSchema should validate satisfy rules with valid mc",
              "timedOut": false,
              "duration": 1,
              "state": "passed",
              "speed": "fast",
              "pass": true,
              "fail": false,
              "pending": false,
              "context": "[\n  {\n    \"title\": \"mcSatisfyRule sample 0\",\n    \"value\": {\n      \"mc\": \">=179\"\n    }\n  },\n  {\n    \"title\": \"mcSatisfyRule sample 1\",\n    \"value\": {\n      \"mc\": \">=1\"\n    }\n  },\n  {\n    \"title\": \"mcSatisfyRule sample 2\",\n    \"value\": {\n      \"mc\": \"<=1\"\n    }\n  },\n  {\n    \"title\": \"mcSatisfyRule sample 3\",\n    \"value\": {\n      \"mc\": \">=137\"\n    }\n  },\n  {\n    \"title\": \"mcSatisfyRule sample 4\",\n    \"value\": {\n      \"mc\": \">=157\"\n    }\n  },\n  {\n    \"title\": \"mcSatisfyRule sample 5\",\n    \"value\": {\n      \"mc\": \">=20\"\n    }\n  },\n  {\n    \"title\": \"mcSatisfyRule sample 6\",\n    \"value\": {\n      \"mc\": \"<=4\"\n    }\n  },\n  {\n    \"title\": \"mcSatisfyRule sample 7\",\n    \"value\": {\n      \"mc\": \">=143\"\n    }\n  },\n  {\n    \"title\": \"mcSatisfyRule sample 8\",\n    \"value\": {\n      \"mc\": \">=194\"\n    }\n  },\n  {\n    \"title\": \"mcSatisfyRule sample 9\",\n    \"value\": {\n      \"mc\": \">=8\"\n    }\n  }\n]",
              "code": "fast_check_1.sample(index_test_2.mcSatisfyRule, 10).forEach((sample, i) => addContext_1.default(this, {\n    title: `mcSatisfyRule sample ${i}`,\n    value: sample,\n}));\nreturn fast_check_1.assert(fast_check_1.property(index_test_2.mcSatisfyRule, ajvValidate));",
              "err": {},
              "uuid": "697777c4-9669-4571-951a-ef7d9f5dd2d2",
              "parentUUID": "781885a4-f6d4-4930-9508-c0c3249d2aa1",
              "isHook": false,
              "skipped": false
            },
            {
              "title": "should validate valid recursive satisfy rules",
              "fullTitle": "satisfyRuleSchema should validate valid recursive satisfy rules",
              "timedOut": false,
              "duration": 4,
              "state": "passed",
              "speed": "fast",
              "pass": true,
              "fail": false,
              "pending": false,
              "context": "[\n  {\n    \"title\": \"satisfyRule sample 0\",\n    \"value\": {\n      \"or\": [\n        \"S^)@v\",\n        {\n          \"and\": [\n            \"0f`h\",\n            \"~*O\"\n          ]\n        },\n        {\n          \"or\": [\n            \"^l;}q\\\"\"\n          ]\n        },\n        {\n          \"and\": []\n        },\n        {\n          \"or\": [\n            {\n              \"mc\": \"<=180\"\n            },\n            \"!dy\"\n          ]\n        }\n      ]\n    }\n  },\n  {\n    \"title\": \"satisfyRule sample 1\",\n    \"value\": \")J&fM\"\n  },\n  {\n    \"title\": \"satisfyRule sample 2\",\n    \"value\": {\n      \"or\": [\n        {\n          \"and\": [\n            \"#~x\\\"\",\n            {\n              \"or\": []\n            },\n            \"SsJH.WFu\\\"\",\n            \".!}8g\\\"iO\"\n          ]\n        },\n        {\n          \"mc\": \"<=1\"\n        },\n        \"\",\n        \"NO)\"\n      ]\n    }\n  },\n  {\n    \"title\": \"satisfyRule sample 3\",\n    \"value\": {\n      \"and\": []\n    }\n  },\n  {\n    \"title\": \"satisfyRule sample 4\",\n    \"value\": {\n      \"and\": []\n    }\n  },\n  {\n    \"title\": \"satisfyRule sample 5\",\n    \"value\": \"yB~$yC)\"\n  },\n  {\n    \"title\": \"satisfyRule sample 6\",\n    \"value\": \"{7C\"\n  },\n  {\n    \"title\": \"satisfyRule sample 7\",\n    \"value\": \"#}\"\n  },\n  {\n    \"title\": \"satisfyRule sample 8\",\n    \"value\": \"!$@\"\n  },\n  {\n    \"title\": \"satisfyRule sample 9\",\n    \"value\": {\n      \"or\": [\n        {\n          \"or\": [\n            {\n              \"or\": [\n                {\n                  \"mc\": \"<=108\"\n                },\n                \"M4(v1\",\n                {\n                  \"or\": [\n                    \"_qWx-y'm4\"\n                  ]\n                },\n                \"y9M.44zD\"\n              ]\n            }\n          ]\n        }\n      ]\n    }\n  }\n]",
              "code": "fast_check_1.sample(index_test_2.satisfyRule, 10).forEach((sample, i) => addContext_1.default(this, {\n    title: `satisfyRule sample ${i}`,\n    value: sample,\n}));\nreturn fast_check_1.assert(fast_check_1.property(index_test_2.satisfyRule, ajvValidate));",
              "err": {},
              "uuid": "bf2ddd6b-767a-4da5-843d-f1785a74e7a8",
              "parentUUID": "781885a4-f6d4-4930-9508-c0c3249d2aa1",
              "isHook": false,
              "skipped": false
            },
            {
              "title": "should not validate non-string/object",
              "fullTitle": "satisfyRuleSchema should not validate non-string/object",
              "timedOut": false,
              "duration": 1,
              "state": "passed",
              "speed": "fast",
              "pass": true,
              "fail": false,
              "pending": false,
              "context": null,
              "code": "const error = {\n    instancePath: \"\",\n    message: \"satisfy rule should be either a string or an object\",\n};\nisInvalidRule(null, error);\nisInvalidRule(undefined, error);\nisInvalidRule(10, error);\nisInvalidRule([12, 24], error);",
              "err": {},
              "uuid": "c8a7daff-a92f-4155-b732-50edad6fa61a",
              "parentUUID": "781885a4-f6d4-4930-9508-c0c3249d2aa1",
              "isHook": false,
              "skipped": false
            },
            {
              "title": "should not validate satisfy rules with extra properties",
              "fullTitle": "satisfyRuleSchema should not validate satisfy rules with extra properties",
              "timedOut": false,
              "duration": 1,
              "state": "passed",
              "speed": "fast",
              "pass": true,
              "fail": false,
              "pending": false,
              "context": null,
              "code": "isInvalidRule({\n        and: [\n            { or: [\"2k\"], abc: \"def\" },\n            { mc: 8, ghi: \"jkl\" },\n        ],\n        mno: \"pqr\",\n    }, {\n        instancePath: \"/and/0\",\n        message: \"or satisfy rule should have property 'or' only\",\n    }, {\n        instancePath: \"/and/1\",\n        message: \"MC satisfy rule should have property 'mc' only\",\n    }, {\n        instancePath: \"\",\n        message: \"and satisfy rule should have property 'and' only\",\n    })",
              "err": {},
              "uuid": "44566b4c-bc93-4df4-85f4-8d1a72cfa5ce",
              "parentUUID": "781885a4-f6d4-4930-9508-c0c3249d2aa1",
              "isHook": false,
              "skipped": false
            },
            {
              "title": "should not validate ambiguous satisfy rules",
              "fullTitle": "satisfyRuleSchema should not validate ambiguous satisfy rules",
              "timedOut": false,
              "duration": 0,
              "state": "passed",
              "speed": "fast",
              "pass": true,
              "fail": false,
              "pending": false,
              "context": null,
              "code": "const message = \"satisfy rule should have only one of properties 'mc', 'and', 'or'\";\nisInvalidRule({\n    or: [\n        { mc: 5, and: [\"CS2040\"] },\n        { and: [{ and: [\"abc\"], or: [\"def\"] }] },\n    ],\n}, { instancePath: \"/or/0\", message }, { instancePath: \"/or/1/and/0\", message });",
              "err": {},
              "uuid": "32c4c20e-e388-49ed-99a7-1e6c6409ac5b",
              "parentUUID": "781885a4-f6d4-4930-9508-c0c3249d2aa1",
              "isHook": false,
              "skipped": false
            },
            {
              "title": "should not validate and satisfy rules with non-array property",
              "fullTitle": "satisfyRuleSchema should not validate and satisfy rules with non-array property",
              "timedOut": false,
              "duration": 1,
              "state": "passed",
              "speed": "fast",
              "pass": true,
              "fail": false,
              "pending": false,
              "context": null,
              "code": "const message = \"property 'and' should be an array of satisfy rules\";\nisInvalidRule({ or: [{ and: {} }, { or: [{ and: 3 }] }] }, { instancePath: \"/or/0/and\", message }, { instancePath: \"/or/1/or/0/and\", message });",
              "err": {},
              "uuid": "8f0a136c-bc3f-4173-a5eb-df1302caa012",
              "parentUUID": "781885a4-f6d4-4930-9508-c0c3249d2aa1",
              "isHook": false,
              "skipped": false
            },
            {
              "title": "should not validate or satisfy rules with non-array property",
              "fullTitle": "satisfyRuleSchema should not validate or satisfy rules with non-array property",
              "timedOut": false,
              "duration": 0,
              "state": "passed",
              "speed": "fast",
              "pass": true,
              "fail": false,
              "pending": false,
              "context": null,
              "code": "const message = \"property 'or' should be an array of satisfy rules\";\nisInvalidRule({ and: [{ or: {} }, { and: [{ or: 3 }] }] }, { instancePath: \"/and/0/or\", message }, { instancePath: \"/and/1/and/0/or\", message });",
              "err": {},
              "uuid": "798f9c86-1560-4145-a833-b84e3f6b28b7",
              "parentUUID": "781885a4-f6d4-4930-9508-c0c3249d2aa1",
              "isHook": false,
              "skipped": false
            }
          ],
          "suites": [],
          "passes": [
            "658e61f0-ae18-4f30-b8ee-671432b894a1",
            "697777c4-9669-4571-951a-ef7d9f5dd2d2",
            "bf2ddd6b-767a-4da5-843d-f1785a74e7a8",
            "c8a7daff-a92f-4155-b732-50edad6fa61a",
            "44566b4c-bc93-4df4-85f4-8d1a72cfa5ce",
            "32c4c20e-e388-49ed-99a7-1e6c6409ac5b",
            "8f0a136c-bc3f-4173-a5eb-df1302caa012",
            "798f9c86-1560-4145-a833-b84e3f6b28b7"
          ],
          "failures": [],
          "pending": [],
          "skipped": [],
          "duration": 9,
          "root": false,
          "rootEmpty": false,
          "_timeout": 2000
        }
      ],
      "passes": [],
      "failures": [],
      "pending": [],
      "skipped": [],
      "duration": 0,
      "root": true,
      "rootEmpty": true,
      "_timeout": 2000
    }
  ],
  "meta": {
    "mocha": {
      "version": "9.0.2"
    },
    "mochawesome": {
      "options": {
        "quiet": false,
        "reportFilename": "mochawesome",
        "saveHtml": true,
        "saveJson": true,
        "consoleReporter": "spec",
        "useInlineDiffs": false,
        "code": true
      },
      "version": "6.2.2"
    },
    "marge": {
      "options": {
        "reportDir": "docs"
      },
      "version": "5.2.0"
    }
  }
}