{
  "stats": {
    "suites": 10,
    "tests": 48,
    "passes": 48,
    "pending": 0,
    "failures": 0,
    "start": "2021-08-13T07:54:36.747Z",
    "end": "2021-08-13T07:54:37.134Z",
    "duration": 387,
    "testsRegistered": 48,
    "passPercent": 100,
    "pendingPercent": 0,
    "other": 0,
    "hasOther": false,
    "skipped": 0,
    "hasSkipped": false
  },
  "results": [
    {
      "uuid": "57972295-bc75-4b5e-9abd-891ec62bf3d7",
      "title": "",
      "fullFile": "",
      "file": "",
      "beforeHooks": [],
      "afterHooks": [],
      "tests": [],
      "suites": [
        {
          "uuid": "973b0f1f-cc21-46f1-9fe2-87b0f88b4ffb",
          "title": "initDirectories",
          "fullFile": "/home/runner/work/planwithus-lib/planwithus-lib/src/block/schemas.test.ts",
          "file": "/src/block/schemas.test.ts",
          "beforeHooks": [],
          "afterHooks": [],
          "tests": [
            {
              "title": "should parse all blocks with no errors",
              "fullTitle": "initDirectories should parse all blocks with no errors",
              "timedOut": false,
              "duration": 4,
              "state": "passed",
              "speed": "fast",
              "pass": true,
              "fail": false,
              "pending": false,
              "context": null,
              "code": "_1.initDirectories.should.not.throw()",
              "err": {},
              "uuid": "c55d867e-a040-4512-b56d-a9343c37c9c6",
              "parentUUID": "973b0f1f-cc21-46f1-9fe2-87b0f88b4ffb",
              "isHook": false,
              "skipped": false
            },
            {
              "title": "should produce primary, second & minor directories",
              "fullTitle": "initDirectories should produce primary, second & minor directories",
              "timedOut": false,
              "duration": 3,
              "state": "passed",
              "speed": "fast",
              "pass": true,
              "fail": false,
              "pending": false,
              "context": null,
              "code": "const directories = _1.initDirectories();\ndirectories.should.have.property(\"primary\");\ndirectories.should.have.property(\"second\");\ndirectories.should.have.property(\"minor\");",
              "err": {},
              "uuid": "498a88b9-568b-47e2-b55c-275a7b970f10",
              "parentUUID": "973b0f1f-cc21-46f1-9fe2-87b0f88b4ffb",
              "isHook": false,
              "skipped": false
            }
          ],
          "suites": [],
          "passes": [
            "c55d867e-a040-4512-b56d-a9343c37c9c6",
            "498a88b9-568b-47e2-b55c-275a7b970f10"
          ],
          "failures": [],
          "pending": [],
          "skipped": [],
          "duration": 7,
          "root": false,
          "rootEmpty": false,
          "_timeout": 2000
        },
        {
          "uuid": "c355bd85-07d0-4e97-ab58-9e61d4a560e1",
          "title": "blockSchema",
          "fullFile": "/home/runner/work/planwithus-lib/planwithus-lib/src/block/schemas.test.ts",
          "file": "/src/block/schemas.test.ts",
          "beforeHooks": [],
          "afterHooks": [],
          "tests": [
            {
              "title": "should validate valid block",
              "fullTitle": "blockSchema should validate valid block",
              "timedOut": false,
              "duration": 214,
              "state": "passed",
              "speed": "slow",
              "pass": true,
              "fail": false,
              "pending": false,
              "context": "[\n  {\n    \"title\": \"block sample 0\",\n    \"value\": {\n      \"name\": \" #\",\n      \"assign\": [\n        \"\"\n      ],\n      \"match\": {\n        \"and\": []\n      },\n      \"satisfy\": \"\",\n      \"url\": \"https://p.c.c2cf5um3e5.ectagzjorj/5ga%F1%AE%AC%BBK//Q_IqzO~/g1%F2%9C%BF%8CVCB/%F1%AC%B2%84VR!P~QjtU/;yH/K4/.byG3Em/$LsV\",\n      \"info\": \"'[\",\n      \"isSelectable\": true,\n      \"U|lIe&,E\": {\n        \"name\": \"Qg_Kz G\",\n        \"ay\": 1995,\n        \"match\": [],\n        \"satisfy\": {\n          \"mc\": \">=7\"\n        },\n        \"url\": \"https://va0up5r6r-rw4hyspy.1.2bkkt0tn7o7hfsdowugl3pdl40097o0gfjey4uysa0h.x8d9zjpu6d-jk.b9y05xydbpvld90987jyrxy0kd1n1qor0277s1wd45ec3shy0i.qrk/IEIkPp%F2%9B%98%BF_a/6Oyt+*N%F2%A2%A0%B8c\",\n        \"info\": \"bKhp<* pN\",\n        \"S_|`&6DQ\": {\n          \"name\": \".x\",\n          \"assign\": \"B6\",\n          \"match\": [],\n          \"satisfy\": {\n            \"and\": [\n              {\n                \"mc\": \"<=138\"\n              }\n            ]\n          },\n          \"url\": \"https://2far9gzu8to4bhm.fjlgscrfq/.!t48/c$Ha4*/,!Jc/:/Yt%F1%A1%A3%A4J%F1%AD%B5%B7E%F3%A6%AA%A6_vi\",\n          \"isSelectable\": true\n        },\n        \"W[Jk>CV^z\": {\n          \"ay\": 2001,\n          \"assign\": \"]X[b.O#\",\n          \"match\": {\n            \"and\": [\n              {\n                \"or\": [\n                  \"IDJ22x8\",\n                  \"TV14\",\n                  {\n                    \"and\": []\n                  },\n                  \"XVL*1xC\",\n                  {\n                    \"pattern\": \"CJD*\",\n                    \"info\": \"yEam\"\n                  }\n                ]\n              },\n              {\n                \"or\": [\n                  \"IIL8B\",\n                  \"WW76Q\",\n                  \"VU726*\",\n                  \"MWH761\"\n                ]\n              },\n              {\n                \"or\": [\n                  \"DUQ*0\"\n                ]\n              },\n              {\n                \"or\": [\n                  \"BJ1x60L\",\n                  \"WUU5A\",\n                  \"MD01L\"\n                ]\n              }\n            ]\n          },\n          \"satisfy\": {\n            \"mc\": \">=192\"\n          },\n          \"url\": \"http://c.tcd55af7qxv2tbwjy79e5-2hftapeqhiwb5jy0w42w4r6hye3.hixsy/te/gdm0%F1%AE%B2%A0ixAz./hd%F1%84%8F%98jf@vu8/Du6Y%F1%A0%A1%994n&5U/O%F3%A5%B7%AEcuP@T/4:Ju7K@jUC/n%F3%BE%A2%8EjIQs$8M/zv/3Nb+r'=y6\",\n          \"info\": \"%X!Mf\",\n          \"isSelectable\": true\n        },\n        \"muZx&BM\": {\n          \"name\": \"4>%m'NpC\",\n          \"ay\": 1959,\n          \"assign\": \"E[jdu%Ia[\",\n          \"info\": \"\",\n          \"isSelectable\": true\n        },\n        \"&\": {\n          \"name\": \"2#wXFqn\",\n          \"ay\": 2024,\n          \"assign\": \"q$t9o'VNl<\",\n          \"satisfy\": {\n            \"or\": []\n          },\n          \"url\": \"http://1d-527kju3i0-882-4y5xqocut09sdrlmzcgktlb6wl4iydpva.vf.2092nkz-c82ag-m0ww5kjdybdj1yh007i4wjdnfid7u24zgvgvouby657.f7p06czmefmbrmdn6n937.qvwp08-2wib2z3gox.aoa/RKW/SI/7ti\",\n          \"info\": \"Y\",\n          \"isSelectable\": true\n        }\n      },\n      \"a*A^h*?\": {\n        \"name\": \"lN5j$9&k(\",\n        \"ay\": 1969,\n        \"assign\": [\n          \"vV!^'/XG\",\n          \" ^Q0eM\",\n          \"yb9, 0\",\n          \"rH\",\n          \"Lk%PkfKg2\"\n        ],\n        \"match\": \"FMH51T\",\n        \"satisfy\": [\n          {\n            \"mc\": \"<=66\"\n          },\n          {\n            \"or\": []\n          },\n          {\n            \"and\": [\n              {\n                \"or\": [\n                  {\n                    \"or\": [\n                      \">J\"\n                    ]\n                  },\n                  {\n                    \"and\": [\n                      \"i+$K}Deii\",\n                      \"gN\",\n                      \"Ze\"\n                    ]\n                  },\n                  {\n                    \"or\": [\n                      \"MEkRx:>(l&\",\n                      \"hS}53b\",\n                      \"\",\n                      \"^ KG:T%?BX\",\n                      {\n                        \"or\": [\n                          \"r:?2a\",\n                          \"\",\n                          \"z$o:#F0\"\n                        ]\n                      }\n                    ]\n                  },\n                  {\n                    \"and\": [\n                      \"\\\\T\"\n                    ]\n                  },\n                  {\n                    \"or\": [\n                      {\n                        \"or\": [\n                          \"Te\",\n                          \",P[6Z\",\n                          \"Z:\",\n                          \"4\\\\Bn.Mx\",\n                          \"d1ZaMI%M\"\n                        ]\n                      },\n                      {\n                        \"mc\": \">=62\"\n                      },\n                      \"1mH-\"\n                    ]\n                  }\n                ]\n              },\n              {\n                \"mc\": \">=146\"\n              },\n              {\n                \"or\": [\n                  {\n                    \"or\": [\n                      \">0\",\n                      \"L@ _op\"\n                    ]\n                  },\n                  {\n                    \"or\": [\n                      {\n                        \"mc\": \">=93\"\n                      },\n                      \"KNU@:y\\\"\"\n                    ]\n                  }\n                ]\n              }\n            ]\n          },\n          {\n            \"mc\": \"<=154\"\n          }\n        ],\n        \"url\": \"https://sej5-a9rwg5nokk3s2iny3skhyk96ij7wj-pgtqzfd2ax4isb.zsbjpn8vm4wehck181ugz5i4qeeusccli.yp/'xv5/9d%F1%AA%A5%96/%F0%9A%B8%88nWw-h.'/X7vT/V/9u&sQ/R///$SiDk%F2%BF%9A%A2ZK\",\n        \"info\": \"O#\",\n        \"isSelectable\": true\n      },\n      \"$S\": {\n        \"name\": \"%6}>vw\",\n        \"ay\": 2025,\n        \"assign\": [\n          \":|{\"\n        ],\n        \"satisfy\": [\n          {\n            \"and\": [\n              {\n                \"or\": [\n                  \"::<a?y\",\n                  {\n                    \"or\": []\n                  },\n                  \"3*{Ux\"\n                ]\n              }\n            ]\n          },\n          \"R\"\n        ],\n        \"url\": \"https://p7gz0ib-h4zz286cyrtszaqflbmztm.ynhpaczor/ga2%E2%A1%8Bw:Zg/&v(/o%F1%92%80%8CVMR/in5i/M/$boW644Lo/L+V5/'5/uvv:S!\",\n        \"info\": \"/xS3!\"\n      }\n    }\n  },\n  {\n    \"title\": \"block sample 1\",\n    \"value\": {\n      \"name\": \"\",\n      \"ay\": 2028,\n      \"assign\": [\n        \"d@\"\n      ],\n      \"match\": {\n        \"pattern\": \"QDO49x\",\n        \"exclude\": [\n          \"JD6698\",\n          \"VIx\",\n          \"EQI5\"\n        ],\n        \"info\": \"A\"\n      },\n      \"satisfy\": [\n        \"\"\n      ],\n      \"url\": \"http://dgr5ukleed.7jd1gpz6-6qkudc2sjod593rpxffs1y5irbopjgtijb6v3e0huf7-6rza.chmpy/NHJ6C/%F3%8E%AD%ACY.:u(/://ev\",\n      \"isSelectable\": true\n    }\n  },\n  {\n    \"title\": \"block sample 2\",\n    \"value\": {\n      \"name\": \"A\",\n      \"ay\": 1978,\n      \"assign\": [\n        \"|pq[\",\n        \"ME*t1pO%[r\",\n        \"#!\\\"!Y5 \",\n        \"\"\n      ],\n      \"match\": [\n        {\n          \"pattern\": \"KM9x21W\",\n          \"exclude\": [\n            \"HB3724X\",\n            \"LZ7I\",\n            \"CC66\",\n            \"EKQ5C\",\n            \"ZR9x83V\"\n          ],\n          \"info\": \"\"\n        }\n      ],\n      \"info\": \"\",\n      \"isSelectable\": true\n    }\n  },\n  {\n    \"title\": \"block sample 3\",\n    \"value\": {\n      \"name\": \"d\",\n      \"ay\": 1952,\n      \"assign\": [\n        \"a $\"\n      ],\n      \"match\": [],\n      \"satisfy\": [\n        {\n          \"and\": []\n        },\n        {\n          \"mc\": \">=136\"\n        }\n      ],\n      \"info\": \"\\\"{$#;O|~\\\"\",\n      \"isSelectable\": true,\n      \"\": {\n        \"ay\": 1952,\n        \"assign\": [\n          \"4;RU Pp<7s\",\n          \"U'VD`2z4\"\n        ],\n        \"match\": {\n          \"pattern\": \"ZL2x0B\",\n          \"exclude\": \"PGA06\",\n          \"info\": \"^\"\n        },\n        \"satisfy\": {\n          \"or\": []\n        },\n        \"info\": \"&Nm%\\\"$z%\",\n        \"isSelectable\": true,\n        \"%_\": {\n          \"name\": \"!~ \",\n          \"ay\": 1956,\n          \"assign\": \"M\",\n          \"match\": [\n            {\n              \"and\": [\n                \"UV811\"\n              ]\n            }\n          ],\n          \"satisfy\": [\n            {\n              \"mc\": \">=40\"\n            },\n            \"cFb\",\n            {\n              \"and\": [\n                {\n                  \"mc\": \"<=69\"\n                }\n              ]\n            },\n            {\n              \"mc\": \"<=46\"\n            }\n          ],\n          \"url\": \"http://iy57i65szgxdwwdnktmfr0vsxfce9icvmfit0qjcb1pr3hnxb6ty4wso535t.y3lxhoa7-yr57s1p5japmrpytvun8bm656z454p6qo9qognfvo3.r3ciyoy6e2rvg.zrnldsouzb/%F0%AB%9A%9E19/%F1%B3%9A%88%F2%B8%A8%8FsNP///1*:6&e!8N%F0%BE%A9%AD/+1MsV*P5Fm/tcX$%F3%99%9E%A0%F2%B8%8A%82%F2%BF%A1%8Ec\",\n          \"info\": \">tNBy\",\n          \"isSelectable\": true\n        },\n        \"\": {\n          \"name\": \"3\",\n          \"ay\": 1956,\n          \"assign\": [\n            \"Uzh\\\"+x6hy\",\n            \"MxcZ!\",\n            \"G0 Ne\"\n          ],\n          \"match\": [\n            \"MD5*A\",\n            \"OZA5*9\",\n            {\n              \"and\": [\n                {\n                  \"or\": [\n                    {\n                      \"and\": [\n                        \"LRFx40\",\n                        {\n                          \"and\": [\n                            \"FBN0783\",\n                            \"YXx4K\",\n                            \"DRVx\"\n                          ]\n                        },\n                        {\n                          \"pattern\": \"RW10\",\n                          \"exclude\": [\n                            \"TUW58x9\",\n                            \"ANO28\"\n                          ],\n                          \"info\": \"u2k\"\n                        },\n                        {\n                          \"pattern\": \"AV926O\",\n                          \"exclude\": \"MOK32N\",\n                          \"info\": \"sp@` SaAk\"\n                        }\n                      ]\n                    },\n                    \"EAQ964\",\n                    {\n                      \"or\": [\n                        {\n                          \"pattern\": \"HQ2834Z\",\n                          \"exclude\": []\n                        },\n                        {\n                          \"pattern\": \"EIW94M\",\n                          \"exclude\": \"WQ7\",\n                          \"info\": \"mq\"\n                        },\n                        \"WH60*2Y\",\n                        \"UC238L\",\n                        {\n                          \"and\": [\n                            \"XAZ9M\",\n                            \"ZT3*39A\"\n                          ]\n                        }\n                      ]\n                    },\n                    \"IOx\"\n                  ]\n                }\n              ]\n            },\n            {\n              \"or\": [\n                \"BBB1\",\n                {\n                  \"pattern\": \"QL95R\",\n                  \"exclude\": [\n                    \"MD80I\"\n                  ],\n                  \"info\": \"\"\n                },\n                \"SWOx6\",\n                {\n                  \"or\": [\n                    \"RU31I\"\n                  ]\n                },\n                {\n                  \"pattern\": \"HV3639\",\n                  \"exclude\": [],\n                  \"info\": \"N=MjvX\"\n                }\n              ]\n            },\n            {\n              \"pattern\": \"RPA052*\",\n              \"exclude\": [\n                \"QLF084*W\",\n                \"BHB3x0N\",\n                \"MK28\"\n              ]\n            }\n          ],\n          \"satisfy\": {\n            \"or\": []\n          },\n          \"url\": \"http://5.yda0tee-bzkraa8edd3w6od.ncruainx/f%F3%9C%B9%AA//F@//vcK)/wG/2EBkK-/h://-tZG_%F0%BE%87%A5k2\",\n          \"info\": \",5u-rI\",\n          \"isSelectable\": true\n        }\n      },\n      \"a~\": {\n        \"ay\": 2025,\n        \"assign\": \"![ToZJ#U@\",\n        \"url\": \"https://clgoka1v5coaxhodn85ye5219.8zh9t2q05av1pe9g6iac9xq454-r5ojqn8kx8k3df8n6-k.yphn0yu8b25o4v.u.oo-0psri5x5g8ek1duw5y8.twzdaw/gjy!/ghACun+3&\",\n        \"info\": \";?sKN89,vD\",\n        \"isSelectable\": true\n      },\n      \"v\": {\n        \"ay\": 1968,\n        \"match\": [\n          \"QS91\",\n          {\n            \"or\": []\n          },\n          {\n            \"and\": [\n              {\n                \"and\": [\n                  {\n                    \"or\": [\n                      {\n                        \"and\": [\n                          \"ATN494\",\n                          \"NOS3569Y\",\n                          \"AOF*\",\n                          \"XPx1\"\n                        ]\n                      },\n                      {\n                        \"pattern\": \"UP168*\",\n                        \"exclude\": [\n                          \"PP*10O\",\n                          \"TZT248\",\n                          \"VE9187J\",\n                          \"EQC49\"\n                        ],\n                        \"info\": \"\\\"$4XZ@Ow(\"\n                      },\n                      {\n                        \"and\": [\n                          \"VAG4\",\n                          \"FX1120A\",\n                          {\n                            \"pattern\": \"WT4xV\",\n                            \"exclude\": \"RO4\",\n                            \"info\": \"v\"\n                          }\n                        ]\n                      }\n                    ]\n                  },\n                  {\n                    \"pattern\": \"YC564\"\n                  },\n                  \"ADY*\",\n                  \"LDC2447X\",\n                  {\n                    \"or\": [\n                      \"KJG988\",\n                      {\n                        \"pattern\": \"JLU2*N\",\n                        \"exclude\": \"ESO*527\",\n                        \"info\": \"v\"\n                      }\n                    ]\n                  }\n                ]\n              },\n              \"CB1C\",\n              \"AAS0\",\n              {\n                \"pattern\": \"NF5x*\",\n                \"exclude\": \"AJ4B\"\n              }\n            ]\n          },\n          {\n            \"or\": [\n              {\n                \"pattern\": \"UHFxJ\",\n                \"exclude\": [],\n                \"info\": \"v\"\n              },\n              {\n                \"pattern\": \"JAD64\",\n                \"info\": \"&y{vZ\"\n              }\n            ]\n          }\n        ],\n        \"satisfy\": \"y~.\",\n        \"url\": \"https://wu41kv-nm0jkhyj0e.fb67k.ae6ey76aad.64xis3qstnwppdnb.vc\",\n        \"info\": \"*rW:#=ULM\",\n        \"isSelectable\": true\n      },\n      \"\\\"yy\": {\n        \"ay\": 1954,\n        \"assign\": \"CDg&Y@*0Z\",\n        \"match\": {\n          \"and\": [\n            {\n              \"and\": [\n                \"ACE256E\",\n                {\n                  \"and\": []\n                }\n              ]\n            }\n          ]\n        },\n        \"satisfy\": {\n          \"and\": [\n            {\n              \"and\": [\n                \"~wQaa1--\"\n              ]\n            },\n            {\n              \"and\": [\n                {\n                  \"or\": [\n                    \"yHGj7'+nC\",\n                    \"ac]:h-'s\",\n                    \"\",\n                    \"EBL9f]4\"\n                  ]\n                },\n                {\n                  \"mc\": \">=105\"\n                }\n              ]\n            }\n          ]\n        },\n        \"url\": \"https://t.cqsrnt/r4r//M~uVJ3//HR0UxW//0vvOF/Vt)eHgI/%F1%A2%95%B1&rq*YKS\",\n        \"info\": \"ll\",\n        \"isSelectable\": true\n      },\n      \"{b!ut/\": {\n        \"name\": \"O\",\n        \"ay\": 2024,\n        \"assign\": [\n          \"5}&XE'Be{q\",\n          \"iGhLm.X'.$\"\n        ],\n        \"match\": [\n          {\n            \"pattern\": \"WK6*14S\",\n            \"exclude\": [\n              \"OW13Q\",\n              \"HZ0783\",\n              \"RCA*13K\",\n              \"SE790\"\n            ],\n            \"info\": \"0\"\n          },\n          \"DK72\"\n        ],\n        \"satisfy\": [\n          {\n            \"or\": [\n              \" \\\"26`\",\n              \" v\"\n            ]\n          },\n          {\n            \"or\": [\n              {\n                \"or\": [\n                  \"%Ugzh.\"\n                ]\n              },\n              {\n                \"and\": []\n              },\n              {\n                \"mc\": \">=100\"\n              }\n            ]\n          },\n          {\n            \"or\": [\n              \"=)\\\\IEbB^Wp\",\n              {\n                \"and\": [\n                  {\n                    \"and\": [\n                      \"j\"\n                    ]\n                  }\n                ]\n              },\n              {\n                \"and\": [\n                  {\n                    \"and\": [\n                      \"\",\n                      \"V\",\n                      {\n                        \"mc\": \">=120\"\n                      }\n                    ]\n                  },\n                  \"He+<!o'j\"\n                ]\n              },\n              \"lkQU`)\"\n            ]\n          },\n          \"jz$u\",\n          {\n            \"mc\": \"<=111\"\n          }\n        ],\n        \"url\": \"https://9vcj.4go3drdk-k-ys09m2v3mcwkhhu1gjsjp5twol5ppvkx2fw10ppcgtuj3uzxwc.4a9h8dr0m77j5-9-46bobdedbd7cwde3qac-tphxb690yn5zfa5kb8a66.iog/=%30-%F1%9A%92%AD%F2%96%98%9EA/Whcb/G7%F0%A8%A4%84L$KAeQ/$%21e;%F2%9A%9B%8F%33/,wg/a\",\n        \"info\": \"$\",\n        \"isSelectable\": true,\n        \"rBZ(h*h!n3\": {\n          \"name\": \"~]m%)Zl/>\",\n          \"ay\": 2011,\n          \"assign\": [\n            \"9/w|Vk\",\n            \"Q<\",\n            \"%JGw\"\n          ],\n          \"match\": {\n            \"or\": [\n              {\n                \"and\": [\n                  \"AH31x6Q\",\n                  {\n                    \"and\": [\n                      \"PM48F\",\n                      \"WD024E\",\n                      {\n                        \"and\": [\n                          \"VWX00*x\",\n                          \"RGZ5xU\",\n                          {\n                            \"and\": [\n                              {\n                                \"or\": [\n                                  \"GM49\",\n                                  \"TQx05D\",\n                                  \"NA*6O\",\n                                  \"YAC892V\",\n                                  \"TB1U\"\n                                ]\n                              }\n                            ]\n                          },\n                          \"QVRx6\",\n                          \"YBR060H\"\n                        ]\n                      },\n                      {\n                        \"and\": [\n                          \"YO505V\"\n                        ]\n                      }\n                    ]\n                  },\n                  {\n                    \"or\": [\n                      \"NUQ9D\",\n                      {\n                        \"or\": [\n                          {\n                            \"pattern\": \"JJD6993\",\n                            \"exclude\": [\n                              \"QV9109\",\n                              \"PHA2\",\n                              \"PXx1B\",\n                              \"XA959*T\",\n                              \"VN969\"\n                            ],\n                            \"info\": \"D}w?;3\"\n                          }\n                        ]\n                      },\n                      {\n                        \"or\": [\n                          \"LG9K\",\n                          \"JV35P\",\n                          \"DDB87\",\n                          \"DI41\",\n                          \"OQT7E\"\n                        ]\n                      }\n                    ]\n                  },\n                  \"PU235\",\n                  {\n                    \"pattern\": \"OWW2x*3\",\n                    \"exclude\": [],\n                    \"info\": \"\"\n                  }\n                ]\n              },\n              {\n                \"or\": [\n                  \"ZKO3x14A\",\n                  {\n                    \"and\": [\n                      \"OBU79\",\n                      \"MQ6\",\n                      \"XX1355I\",\n                      \"XYx160\",\n                      \"FA7\"\n                    ]\n                  },\n                  {\n                    \"pattern\": \"QVQ0263\",\n                    \"exclude\": [\n                      \"VT8\"\n                    ]\n                  },\n                  {\n                    \"or\": [\n                      \"WYU59x4\",\n                      {\n                        \"or\": [\n                          \"LL208\",\n                          \"GL9L\",\n                          \"OAXx904\"\n                        ]\n                      },\n                      \"OKZx\",\n                      {\n                        \"and\": [\n                          \"YRX*80Q\"\n                        ]\n                      }\n                    ]\n                  }\n                ]\n              },\n              \"MA1\"\n            ]\n          },\n          \"satisfy\": \"aa\",\n          \"url\": \"http://v75j58p53q5fjrx2w7ti7qmmusvbcj-6j9707uy9rprfoi8ees2qbb3qw.6eovmwf9q9vq0zma3eyu5ox9e4h8xo.zla/3%F1%81%A9%A6DIdZJzih/+i0;/Ic;_%F2%8A%A2%80G=/p2%F2%B4%AA%8BhGu/W\",\n          \"info\": \"Wiw+yW\",\n          \"isSelectable\": true\n        },\n        \"\": {\n          \"name\": \"I2IO4e%\",\n          \"ay\": 2009,\n          \"assign\": [\n            \"KDH5X-z7m\"\n          ],\n          \"satisfy\": [\n            {\n              \"or\": []\n            },\n            {\n              \"mc\": \"<=123\"\n            },\n            {\n              \"or\": [\n                {\n                  \"and\": [\n                    {\n                      \"mc\": \"<=33\"\n                    },\n                    {\n                      \"and\": [\n                        {\n                          \"mc\": \"<=151\"\n                        }\n                      ]\n                    }\n                  ]\n                }\n              ]\n            },\n            {\n              \"mc\": \"<=114\"\n            },\n            {\n              \"and\": [\n                {\n                  \"mc\": \"<=1\"\n                },\n                {\n                  \"or\": [\n                    \"duG/mp{\",\n                    \"u#T_M32B\",\n                    {\n                      \"or\": [\n                        \"6\",\n                        {\n                          \"or\": [\n                            \"0e\",\n                            \"OH(w+ C\",\n                            \"bf`-.m)\",\n                            \"\"\n                          ]\n                        },\n                        {\n                          \"mc\": \"<=58\"\n                        },\n                        \"\"\n                      ]\n                    },\n                    {\n                      \"or\": [\n                        {\n                          \"or\": [\n                            \"\",\n                            \"@DCA\",\n                            \"=\\\"zr<S!*\",\n                            \"[fBsbx?}\"\n                          ]\n                        }\n                      ]\n                    }\n                  ]\n                },\n                {\n                  \"or\": []\n                },\n                {\n                  \"or\": [\n                    {\n                      \"and\": [\n                        \"48f\",\n                        \"+d&7x]\",\n                        {\n                          \"and\": [\n                            {\n                              \"mc\": \"<=175\"\n                            },\n                            \"4WBa&=\",\n                            \"hx0aJ,\",\n                            {\n                              \"or\": [\n                                \"vf32e,s\",\n                                \"C?\",\n                                {\n                                  \"mc\": \">=176\"\n                                },\n                                \"NGd%%#iJPI\",\n                                {\n                                  \"mc\": \"<=6\"\n                                }\n                              ]\n                            }\n                          ]\n                        }\n                      ]\n                    },\n                    \"lSTN4\",\n                    \"=c8gKo6\",\n                    \"y\",\n                    \"DpA-k\"\n                  ]\n                }\n              ]\n            }\n          ],\n          \"url\": \"http://7jk1xs6wm0vcw9x0f.e8zme3hc03233wn0u77z39fj97c98sc1i5ckv3nj7wrgjotpdmj504.8.q.mwopbq/6%F0%A3%B2%9A%F2%96%A2%A8-SC%F2%9F%B1%A30%F1%9D%BD%B1/yOfK2CAg/b-sA2L6/'-FK:1!=E%F0%90%8C%B5/a9qX/iru-)(H2/eWo8\",\n          \"info\": \"EUXiad\",\n          \"isSelectable\": true\n        },\n        \"|-:c`W6\": {\n          \"ay\": 2017,\n          \"match\": {\n            \"or\": [\n              {\n                \"or\": [\n                  \"QR19Y\",\n                  \"VLx6\"\n                ]\n              },\n              {\n                \"or\": []\n              },\n              {\n                \"or\": [\n                  \"HK*6\",\n                  \"HLF13*\",\n                  \"MM21N\",\n                  {\n                    \"or\": [\n                      \"IJY7R\"\n                    ]\n                  }\n                ]\n              },\n              \"WGx*7\",\n              {\n                \"pattern\": \"BWx*1*\",\n                \"exclude\": [\n                  \"WN9x\",\n                  \"JRG86\"\n                ],\n                \"info\": \"S\\\"74]Z\\\\w4F\"\n              }\n            ]\n          },\n          \"satisfy\": [\n            {\n              \"or\": [\n                {\n                  \"or\": [\n                    \"K.s&/x|3\"\n                  ]\n                },\n                {\n                  \"or\": [\n                    \"nvwwiF)TB*\",\n                    {\n                      \"mc\": \"<=80\"\n                    },\n                    {\n                      \"and\": [\n                        {\n                          \"mc\": \">=194\"\n                        },\n                        {\n                          \"or\": []\n                        },\n                        \"pl(jI</[h\",\n                        {\n                          \"and\": [\n                            \"\\\\]l<'l\",\n                            \"<qP\\\"i\"\n                          ]\n                        },\n                        \"(;Y)E\"\n                      ]\n                    },\n                    \"vT2\",\n                    \"nSlsbD!\"\n                  ]\n                },\n                {\n                  \"or\": [\n                    {\n                      \"mc\": \"<=90\"\n                    },\n                    {\n                      \"and\": []\n                    },\n                    \"\"\n                  ]\n                },\n                {\n                  \"and\": [\n                    \".,;3x\",\n                    \"UqH?B>\",\n                    {\n                      \"or\": [\n                        \"pod\",\n                        \"BU\"\n                      ]\n                    },\n                    {\n                      \"and\": [\n                        \"`C|\",\n                        {\n                          \"and\": [\n                            \"[Vv@sh=9+7\",\n                            {\n                              \"and\": []\n                            },\n                            \"sO`VUy0~s\"\n                          ]\n                        },\n                        \"\\\\>|\\\"U\"\n                      ]\n                    },\n                    {\n                      \"mc\": \"<=177\"\n                    }\n                  ]\n                },\n                {\n                  \"or\": []\n                }\n              ]\n            },\n            {\n              \"and\": [\n                {\n                  \"or\": []\n                },\n                {\n                  \"mc\": \">=156\"\n                },\n                \">*t\",\n                {\n                  \"and\": [\n                    {\n                      \"mc\": \"<=165\"\n                    },\n                    \"vXLtlCbv5\",\n                    \"+[^_LQDp25\",\n                    {\n                      \"or\": [\n                        \"sD1\",\n                        {\n                          \"mc\": \">=122\"\n                        }\n                      ]\n                    }\n                  ]\n                }\n              ]\n            },\n            {\n              \"and\": [\n                {\n                  \"mc\": \">=180\"\n                }\n              ]\n            },\n            \"dwS~,YKVN'\"\n          ],\n          \"info\": \"\",\n          \"isSelectable\": true\n        },\n        \"FZUz\": {\n          \"ay\": 1960,\n          \"assign\": [\n            \"\\\\C\",\n            \"'8v|U^s,t>\",\n            \"Rb\\\\$`pg\"\n          ],\n          \"match\": [\n            \"XUX8\",\n            {\n              \"or\": [\n                {\n                  \"and\": []\n                },\n                \"LP024Q\",\n                {\n                  \"and\": [\n                    {\n                      \"and\": [\n                        \"WX754x\",\n                        {\n                          \"pattern\": \"RBH7\",\n                          \"exclude\": [\n                            \"EU*36\",\n                            \"CN22\",\n                            \"XAK4*A\",\n                            \"BY013\"\n                          ],\n                          \"info\": \"ilp~\"\n                        },\n                        {\n                          \"pattern\": \"MXG365\",\n                          \"exclude\": [\n                            \"JHY20N\",\n                            \"UE*8\",\n                            \"SKI1\",\n                            \"BMO03\"\n                          ]\n                        }\n                      ]\n                    },\n                    {\n                      \"or\": [\n                        \"YJW7T\",\n                        {\n                          \"and\": [\n                            \"IKE2\",\n                            \"EPB4x77D\",\n                            \"JT9C\"\n                          ]\n                        }\n                      ]\n                    },\n                    {\n                      \"or\": [\n                        \"CZQ5079Z\",\n                        {\n                          \"pattern\": \"XRQ83\"\n                        },\n                        {\n                          \"pattern\": \"OQC**20I\",\n                          \"exclude\": [\n                            \"VB677*\",\n                            \"EFD40\"\n                          ],\n                          \"info\": \"*GIP@,PxjC\"\n                        },\n                        \"LAW7\",\n                        {\n                          \"or\": [\n                            \"PAI5\"\n                          ]\n                        }\n                      ]\n                    },\n                    {\n                      \"or\": [\n                        {\n                          \"or\": [\n                            \"SBHxB\",\n                            \"HEQ9\"\n                          ]\n                        },\n                        \"ZI*7\"\n                      ]\n                    }\n                  ]\n                }\n              ]\n            },\n            \"HP926\"\n          ],\n          \"satisfy\": {\n            \"or\": [\n              {\n                \"and\": [\n                  \"a}W\",\n                  \"o`%3\"\n                ]\n              },\n              {\n                \"and\": [\n                  \"t&\",\n                  {\n                    \"mc\": \"<=84\"\n                  },\n                  {\n                    \"mc\": \">=47\"\n                  }\n                ]\n              },\n              {\n                \"or\": []\n              }\n            ]\n          },\n          \"url\": \"https://5m4gwas4hs-xu7f65qjk50het30j-l9l1iim.qe8-ln.r8kc6c6jcsisviu9d7a1xs2cf-80.hms3f4a1tg2ar1bebu-lvtxc2.k6xqb73zf9aqvmpuysdw8oga09sispn89qqp1-4gc74juzkb-lymvjoa8.awocvlpizs/,/c/PjtG/XS62/fpZvYf6/,,7iwf/@S%F0%99%A8%BCM\",\n          \"info\": \"\",\n          \"isSelectable\": true,\n          \"U~Z\\\\$\\\"f'C/\": {\n            \"name\": \"n7\",\n            \"ay\": 1951,\n            \"assign\": \"I`/T\",\n            \"match\": {\n              \"pattern\": \"QH6915H\",\n              \"exclude\": \"YC0B\"\n            },\n            \"satisfy\": {\n              \"and\": [\n                {\n                  \"mc\": \">=50\"\n                },\n                {\n                  \"and\": [\n                    \"</>QfmI'R\",\n                    \"W;\",\n                    \";Cz9\",\n                    {\n                      \"mc\": \"<=130\"\n                    }\n                  ]\n                }\n              ]\n            },\n            \"url\": \"http://t48j296vhjyyzgn2elevpy4u5ason2bkcg6jjw13lx3qdo.8.36ti92n9isisrajy5j0a-o1yo63iax5u8nxkyz7qitehihyh6td7iwlbn.q.yjjlzwr/KU5jw-Q/%F1%BA%9A%BFjITo2%F1%95%97%B7/PBqcn/8v=y/4rx/WE4g&//)~4%E9%9C%9D\",\n            \"info\": \"^\",\n            \"isSelectable\": true\n          },\n          \"\": {\n            \"assign\": \"r!R8a\",\n            \"match\": {\n              \"pattern\": \"TNP3494L\"\n            },\n            \"satisfy\": {\n              \"mc\": \"<=160\"\n            },\n            \"url\": \"https://woseiyruk41jxcgxnptzyrrooylk7ozlc.h4d04g61tjzuym3vuv5w4xqkxhb-d-z69nq0cpl0zeq7hrttyzdxwa.5mqvllkvyogtcp6cs8j8kiw5vecplxh56va-ln6tkcj4xr6miku2.j-ojhdsyv.85i1-lu9ofcwq173ei9q48phznlytq24mx0ym-eude3jiyem.ls/!Z%F1%97%AB%86@2nBZ%E5%AA%98/H/juXrDBU%F0%9E%9B%AEFc/qc.wm;E/CQ,MUa/ZPi%F2%AD%BC%B4BV;XQ6\",\n            \"info\": \"mG\",\n            \"isSelectable\": true\n          }\n        },\n        \"s4?u\": {\n          \"ay\": 1954,\n          \"assign\": \"\\\"p1;~[\",\n          \"match\": [\n            \"PMD1432G\",\n            {\n              \"or\": [\n                {\n                  \"pattern\": \"UT606\",\n                  \"exclude\": [\n                    \"DORx4*\",\n                    \"XEY95C\",\n                    \"SS988K\",\n                    \"SW687\",\n                    \"VVU35L\"\n                  ],\n                  \"info\": \"~_Ui*$ %.\"\n                },\n                {\n                  \"or\": [\n                    \"XLX4\",\n                    \"UKQx60\",\n                    {\n                      \"and\": [\n                        {\n                          \"pattern\": \"DF2*54J\",\n                          \"exclude\": \"XUY345P\",\n                          \"info\": \"\"\n                        }\n                      ]\n                    },\n                    \"SNR*74\"\n                  ]\n                },\n                {\n                  \"and\": []\n                },\n                {\n                  \"and\": [\n                    \"SZ6\"\n                  ]\n                },\n                {\n                  \"and\": [\n                    {\n                      \"or\": [\n                        \"IKZ*48\",\n                        {\n                          \"pattern\": \"FTR2O\",\n                          \"exclude\": \"UQ60*3\",\n                          \"info\": \"qi<W/BxG,m\"\n                        },\n                        \"FN92T\",\n                        \"LNW0*98\"\n                      ]\n                    },\n                    {\n                      \"pattern\": \"AIQ043\",\n                      \"exclude\": [\n                        \"TWUx\",\n                        \"UHE01P\",\n                        \"YQM9Q\",\n                        \"LZx80*C\"\n                      ],\n                      \"info\": \"\"\n                    },\n                    {\n                      \"and\": [\n                        \"FZB5x4*Y\",\n                        \"NA123\",\n                        {\n                          \"or\": []\n                        },\n                        \"JE087X\"\n                      ]\n                    },\n                    \"UDX58\"\n                  ]\n                }\n              ]\n            },\n            {\n              \"and\": [\n                {\n                  \"or\": [\n                    \"VGS302\",\n                    {\n                      \"pattern\": \"XON208\",\n                      \"exclude\": \"LM5\",\n                      \"info\": \"y*8V`-\"\n                    },\n                    {\n                      \"pattern\": \"UCH7\",\n                      \"info\": \"yjZfn\\\"V~P+\"\n                    },\n                    \"NLF547\"\n                  ]\n                },\n                {\n                  \"or\": [\n                    \"CD17\",\n                    {\n                      \"or\": [\n                        {\n                          \"and\": [\n                            \"PCQ3A\",\n                            \"WB0\"\n                          ]\n                        },\n                        {\n                          \"pattern\": \"RFS983xI\",\n                          \"info\": \"})Ji0.\"\n                        },\n                        \"HC55O\",\n                        \"MMPx0\"\n                      ]\n                    },\n                    \"QJ5120I\",\n                    {\n                      \"or\": [\n                        {\n                          \"or\": []\n                        },\n                        \"ZTI0xx0\",\n                        \"KX82x1X\"\n                      ]\n                    }\n                  ]\n                },\n                {\n                  \"or\": [\n                    {\n                      \"pattern\": \"TDY58x\",\n                      \"exclude\": \"BQx5E\",\n                      \"info\": \"\"\n                    },\n                    {\n                      \"or\": [\n                        \"YMK1*P\"\n                      ]\n                    },\n                    {\n                      \"or\": [\n                        \"XQT01\",\n                        {\n                          \"and\": [\n                            \"DQ2X\"\n                          ]\n                        },\n                        \"RKS*1H\"\n                      ]\n                    },\n                    {\n                      \"or\": [\n                        {\n                          \"pattern\": \"LYN019xO\",\n                          \"exclude\": \"XKZ55A\"\n                        },\n                        \"KA53\"\n                      ]\n                    }\n                  ]\n                }\n              ]\n            },\n            {\n              \"pattern\": \"MF1\",\n              \"info\": \"ff\"\n            },\n            {\n              \"and\": [\n                \"XFO8459\"\n              ]\n            }\n          ],\n          \"satisfy\": [\n            \">/9h%<\",\n            {\n              \"or\": [\n                {\n                  \"mc\": \"<=68\"\n                },\n                {\n                  \"mc\": \">=113\"\n                },\n                \"DFspw\",\n                \"!tCN\",\n                {\n                  \"or\": [\n                    {\n                      \"or\": [\n                        \"\",\n                        {\n                          \"mc\": \">=168\"\n                        },\n                        {\n                          \"and\": []\n                        },\n                        \"xALf$+[4e\"\n                      ]\n                    },\n                    {\n                      \"and\": []\n                    },\n                    {\n                      \"mc\": \">=168\"\n                    }\n                  ]\n                }\n              ]\n            },\n            {\n              \"or\": [\n                {\n                  \"and\": [\n                    \"\",\n                    {\n                      \"or\": [\n                        \"-S^Ti=3e%@\",\n                        {\n                          \"or\": [\n                            \"@CP\",\n                            {\n                              \"mc\": \">=47\"\n                            },\n                            \"#HJfTe(N4\",\n                            {\n                              \"and\": [\n                                \"e~MU/+Pw\",\n                                \"JYU\",\n                                \"ay)<1BhH''\",\n                                \"!*Ozk\\\"\",\n                                \"c~<t2+(2>\"\n                              ]\n                            }\n                          ]\n                        }\n                      ]\n                    },\n                    {\n                      \"mc\": \"<=193\"\n                    },\n                    \"bbVm\\\\DbV4\"\n                  ]\n                },\n                {\n                  \"and\": [\n                    {\n                      \"and\": [\n                        \"+[XXD2TrsN\",\n                        \"57_DtP\"\n                      ]\n                    },\n                    \"4B2&9|+dg\",\n                    \"uG@P)'awE\",\n                    \"t3<n\"\n                  ]\n                },\n                \"L{+Bi'8\",\n                {\n                  \"mc\": \">=30\"\n                }\n              ]\n            }\n          ],\n          \"url\": \"https://qblovxjbvmd3a101256q-ashjhfv.t.bgro/0hGXw/XW@,4s1p:E//z/Dt/\",\n          \"info\": \"A?)2#)TK\",\n          \"isSelectable\": true\n        }\n      }\n    }\n  },\n  {\n    \"title\": \"block sample 4\",\n    \"value\": {\n      \"name\": \"<{ 4EB!%v\",\n      \"ay\": 2013,\n      \"match\": {\n        \"pattern\": \"SV2\",\n        \"exclude\": [\n          \"LCW6\",\n          \"LKD*x73E\",\n          \"CA61\",\n          \"DEX3*8x\"\n        ],\n        \"info\": \"{&i\"\n      },\n      \"satisfy\": [\n        {\n          \"or\": [\n            {\n              \"mc\": \"<=86\"\n            }\n          ]\n        }\n      ],\n      \"info\": \"\",\n      \"isSelectable\": true\n    }\n  },\n  {\n    \"title\": \"block sample 5\",\n    \"value\": {\n      \"name\": \"F\",\n      \"ay\": 2015,\n      \"assign\": [\n        \"T9%8Wf\\\"\",\n        \"zS\",\n        \"LGZ\"\n      ],\n      \"match\": {\n        \"or\": [\n          {\n            \"and\": [\n              \"KJ2246H\",\n              \"GO878U\",\n              {\n                \"or\": []\n              },\n              {\n                \"or\": [\n                  \"GFZx63xJ\"\n                ]\n              },\n              {\n                \"and\": [\n                  {\n                    \"and\": [\n                      {\n                        \"or\": [\n                          \"ZL07J\",\n                          \"LZ77A\",\n                          \"SB15S\",\n                          \"GXFxS\",\n                          \"NJ2\"\n                        ]\n                      },\n                      \"QQQ7\",\n                      {\n                        \"pattern\": \"GED31*1\",\n                        \"exclude\": [\n                          \"MSD69*Y\",\n                          \"ECH50O\",\n                          \"TMA5295\",\n                          \"YTW35\"\n                        ],\n                        \"info\": \"`Wdi\"\n                      },\n                      \"OW698J\"\n                    ]\n                  },\n                  {\n                    \"pattern\": \"AVX582N\",\n                    \"exclude\": \"EJ0x76P\",\n                    \"info\": \"\"\n                  },\n                  \"IVF2xxT\",\n                  \"ZE267\"\n                ]\n              }\n            ]\n          },\n          \"DSB15Q\",\n          {\n            \"and\": [\n              {\n                \"pattern\": \"GTH69*F\",\n                \"exclude\": [],\n                \"info\": \"p\"\n              },\n              {\n                \"or\": [\n                  {\n                    \"or\": [\n                      \"JOI19P\"\n                    ]\n                  },\n                  \"WQ537Y\",\n                  \"RC56x0M\",\n                  \"AVx\"\n                ]\n              },\n              \"TUE*U\",\n              \"RDR92G\"\n            ]\n          },\n          {\n            \"and\": []\n          },\n          {\n            \"pattern\": \"JC2799\",\n            \"exclude\": \"TI*X\",\n            \"info\": \"(>PQB]{\"\n          }\n        ]\n      },\n      \"satisfy\": [\n        \"r\",\n        {\n          \"mc\": \"<=45\"\n        },\n        {\n          \"and\": [\n            {\n              \"or\": [\n                \"\",\n                {\n                  \"or\": [\n                    \"A7\",\n                    \"Z9!\",\n                    \"\",\n                    {\n                      \"and\": []\n                    },\n                    \"'o\"\n                  ]\n                },\n                {\n                  \"or\": [\n                    \"\",\n                    {\n                      \"and\": [\n                        \"\"\n                      ]\n                    },\n                    {\n                      \"mc\": \"<=73\"\n                    }\n                  ]\n                },\n                {\n                  \"or\": [\n                    \"|_?yyrz\\\"\",\n                    \"yVr\",\n                    {\n                      \"mc\": \">=162\"\n                    },\n                    {\n                      \"mc\": \">=76\"\n                    },\n                    {\n                      \"mc\": \">=19\"\n                    }\n                  ]\n                },\n                \"qmJ>^\"\n              ]\n            }\n          ]\n        }\n      ],\n      \"url\": \"http://duifh8hkmi71w5m5f2jo8zwjzokjqnhxehusxrnch6ty619l6.cdtbgd275g8dgehj0hoft6ot-vvv55t48brbyf6bpad4clpf6hawt.my8.vyza/BAK1jB/R\",\n      \"info\": \"z\"\n    }\n  },\n  {\n    \"title\": \"block sample 6\",\n    \"value\": {\n      \"name\": \"\",\n      \"ay\": 2024,\n      \"assign\": [],\n      \"match\": [\n        \"OJYx07\",\n        {\n          \"or\": [\n            {\n              \"pattern\": \"LZ017\",\n              \"exclude\": [\n                \"UBX3425\",\n                \"TJ14x5U\"\n              ],\n              \"info\": \"@q3/kPA-s:\"\n            },\n            \"ACD*7*3Q\",\n            {\n              \"and\": [\n                \"VTx8\",\n                \"IHx\",\n                {\n                  \"or\": []\n                },\n                {\n                  \"or\": [\n                    {\n                      \"or\": [\n                        \"CF8K\",\n                        {\n                          \"and\": []\n                        },\n                        \"DVV9856\",\n                        {\n                          \"pattern\": \"BJW5317\",\n                          \"exclude\": [\n                            \"YSF7x45T\",\n                            \"NUY68*1\",\n                            \"ZRE56T\",\n                            \"EDD*87D\"\n                          ],\n                          \"info\": \"&I1_L3=H n\"\n                        },\n                        \"XBA9053\"\n                      ]\n                    },\n                    \"DEH*\",\n                    \"RBY4P\",\n                    \"BP672\",\n                    \"GS5S\"\n                  ]\n                },\n                \"ORR7\"\n              ]\n            },\n            {\n              \"and\": []\n            }\n          ]\n        },\n        \"AFGx9\",\n        {\n          \"or\": [\n            \"VJ3602P\",\n            {\n              \"and\": [\n                {\n                  \"and\": [\n                    \"XY74C\",\n                    {\n                      \"and\": []\n                    }\n                  ]\n                },\n                \"OZR6\",\n                \"KWS965\",\n                \"UP1010\",\n                {\n                  \"and\": [\n                    \"ECJx51*N\",\n                    \"OC46x*L\"\n                  ]\n                }\n              ]\n            },\n            \"AX2x9C\",\n            \"XW61\",\n            {\n              \"pattern\": \"ZT6\",\n              \"exclude\": [],\n              \"info\": \"f\"\n            }\n          ]\n        },\n        {\n          \"pattern\": \"YQX5913B\",\n          \"info\": \"c(R<[cG\"\n        }\n      ],\n      \"satisfy\": [],\n      \"url\": \"https://3a2gkr5ew0dd18mxfleitcbkid5liep8c5lq6nl-vd5u8fuhan2t33bx3lizv.b.y2yq.zwdz/E_(%F2%91%B4%B4T%F3%83%89%BCGx_//74G%F2%B4%AC%A6m%F2%8D%A6%A7Ql*h/%F2%BF%B6%B2;M,uDm$UL/7KkjXU/yA')Xn.//ob/ZYZRKv%F0%A6%B4%8DRp\",\n      \"info\": \"$/}nSs\",\n      \"isSelectable\": true,\n      \"$\": {\n        \"name\": \")\",\n        \"ay\": 1987,\n        \"match\": {\n          \"and\": [\n            {\n              \"and\": [\n                {\n                  \"or\": [\n                    {\n                      \"and\": [\n                        \"IBx4x3S\"\n                      ]\n                    },\n                    \"JV96Z\"\n                  ]\n                }\n              ]\n            }\n          ]\n        },\n        \"satisfy\": {\n          \"and\": [\n            \"a~^=\",\n            \"jb\",\n            {\n              \"mc\": \"<=122\"\n            }\n          ]\n        },\n        \"url\": \"https://k14zrz31avglqy64lk5g3tzvt20y7im0f57l.n38n3q9t1cjns4214ap.bleheljl/3%F0%A8%9F%ACh/0!K/%F2%A3%B7%B59~9p$cGx/N/9n2E:E/D;=/OaoCF%F3%93%8D%ACLd8\",\n        \"info\": \"Oh3lX_[K\",\n        \" \": {\n          \"name\": \"`WUu+iSY$\",\n          \"ay\": 2000,\n          \"assign\": \"iEeiC1\\\",\",\n          \"match\": {\n            \"or\": [\n              \"JR5\"\n            ]\n          },\n          \"satisfy\": \"X\",\n          \"url\": \"http://3jzntfkgr1je572lr5w5wvrjzvn4b4rik31kjw9zxknvkmq7x0y8sck8va3p.idx3hs735vx7h5g9yb0x8jgbqxi8b-94v.cyzl3f260t4flfwatieot-40ns0d-cc5f1p32dzbwcntgv5.l7mlasi3jc7yqzgwyd8d-s-vjd502ges8od92s4130vokakuumt.rinvptqsh/I7RMyQ1Ys/C~k/!6E%F1%A3%A4%9C7LFTL\",\n          \"info\": \"kti6KN,M~\\\\\",\n          \"isSelectable\": true\n        },\n        \"v([<#Sq0<L\": {\n          \"name\": \"zadUsN(*G\",\n          \"ay\": 1975,\n          \"assign\": [\n            \"g/#\",\n            \"Wi\",\n            \"AzOQq\"\n          ],\n          \"match\": [\n            \"JBCxP\"\n          ],\n          \"satisfy\": [\n            \"gXKT(rdF;s\"\n          ],\n          \"url\": \"http://hj5l7uc19j05l02-9ufov7mi3yfzi9dvd3uann7ogbl.u7o0y7un-7.r2iz4xp666z5w5qb6wgbko0gj3smjwu1xejfhf0df3bcixoxk2jn.9.c75nu1dz6-4yraxfq7ozhs-0e-c58v160z0vcdnuyppbmiz9s0-xj257decp.kxsdmj\",\n          \"isSelectable\": true\n        },\n        \"w~\": {\n          \"ay\": 1992,\n          \"assign\": \"5sMrR?\",\n          \"match\": [\n            \"UY7943\",\n            {\n              \"pattern\": \"UTA55\",\n              \"exclude\": [\n                \"XL2736\",\n                \"EE9\"\n              ],\n              \"info\": \"\\\"Mwg1g\"\n            },\n            \"LHR635*C\"\n          ],\n          \"satisfy\": [\n            {\n              \"and\": [\n                {\n                  \"mc\": \"<=22\"\n                },\n                {\n                  \"or\": []\n                },\n                {\n                  \"and\": [\n                    {\n                      \"or\": [\n                        {\n                          \"and\": [\n                            \"R.[4UM\",\n                            {\n                              \"and\": []\n                            }\n                          ]\n                        }\n                      ]\n                    }\n                  ]\n                }\n              ]\n            },\n            {\n              \"or\": [\n                {\n                  \"and\": [\n                    {\n                      \"mc\": \"<=130\"\n                    },\n                    \"h\",\n                    {\n                      \"or\": [\n                        {\n                          \"and\": [\n                            \"0L\",\n                            \"fsk,$DE\",\n                            \"P0a@o/\"\n                          ]\n                        },\n                        \"n(?dx\",\n                        {\n                          \"mc\": \"<=31\"\n                        },\n                        {\n                          \"or\": [\n                            \"jWrgxN8\",\n                            \",>\",\n                            {\n                              \"mc\": \">=19\"\n                            },\n                            {\n                              \"and\": [\n                                \"8v6!ZER\\\\f.\"\n                              ]\n                            }\n                          ]\n                        },\n                        \"Ys\\\\Ir)3\"\n                      ]\n                    },\n                    \"#|\\\\\"\n                  ]\n                }\n              ]\n            },\n            \"/LC6(\"\n          ],\n          \"url\": \"http://i.9isez6grwxmle6zy82tr0jd0ronenx5vo8gh1y59-fyaeip.dcst13kk4f9uebrb-tdb4lllan5e97n6x-cqy.a.euo\",\n          \"info\": \"7|\",\n          \"isSelectable\": true\n        },\n        \"W)oz\": {\n          \"name\": \"G&C:T/nJ K\",\n          \"ay\": 1998,\n          \"assign\": \"qf+<_W|Sb\",\n          \"satisfy\": {\n            \"and\": [\n              \"o\"\n            ]\n          },\n          \"url\": \"http://u2zrpu4qoqowqylg7cnh771e0ey7lgtq249ma7ar8.bghzlsao/i5D6/g/er_vVL/k98/.QBA7%F2%A0%BD%9D'Y/u(Z;Y$!B_Q//Z_P_&\",\n          \"info\": \"w2V^pO\",\n          \"isSelectable\": true\n        },\n        \"tHMsfp=\": {\n          \"name\": \"fT}Vt}\\\"B\",\n          \"ay\": 1998,\n          \"assign\": [],\n          \"match\": {\n            \"or\": [\n              \"RA03\",\n              {\n                \"and\": [\n                  {\n                    \"and\": [\n                      \"SVZ111xL\",\n                      \"UR9\",\n                      {\n                        \"or\": [\n                          \"MFX73\"\n                        ]\n                      },\n                      {\n                        \"or\": [\n                          \"BWM658F\"\n                        ]\n                      },\n                      \"PF7*H\"\n                    ]\n                  },\n                  {\n                    \"pattern\": \"YYX*\",\n                    \"exclude\": [\n                      \"YKL02x3J\"\n                    ],\n                    \"info\": \"9wb^\"\n                  }\n                ]\n              },\n              \"BDJ8757\",\n              {\n                \"or\": [\n                  \"QUI44P\"\n                ]\n              }\n            ]\n          },\n          \"satisfy\": [\n            \"pLeM:5\",\n            {\n              \"mc\": \"<=120\"\n            },\n            {\n              \"or\": [\n                {\n                  \"mc\": \"<=40\"\n                },\n                \"}GMg\",\n                \"/}\"\n              ]\n            },\n            {\n              \"mc\": \"<=87\"\n            },\n            \"RXLCRj)7sh\"\n          ],\n          \"url\": \"https://2czgaiwvt5ayag9wl8us6x6vle4q4r2dqyv7ukcl7g8i4tknqt19qcn-o-a.2n6jlwpq0ombxyiheonrkjmgtniqf5.3jevup1tvufc-u-zh5r9-5ljgldh92c9gt3wxn97e4kxgpan.uxph/4RXO6*~'/_2w/NIXx+/;s\",\n          \"info\": \"18([$ Jp\",\n          \"isSelectable\": true,\n          \"ng]*IZ~\": {\n            \"name\": \"G<|p/_:#\",\n            \"ay\": 1957,\n            \"assign\": \"pxST-#q;w\",\n            \"match\": \"RY0x\",\n            \"satisfy\": [\n              {\n                \"and\": [\n                  {\n                    \"mc\": \"<=170\"\n                  },\n                  {\n                    \"and\": [\n                      \"ew}fI\\\\Ee\",\n                      \"\"\n                    ]\n                  },\n                  {\n                    \"or\": [\n                      {\n                        \"or\": [\n                          \"yTIOf_w\",\n                          {\n                            \"mc\": \">=160\"\n                          },\n                          {\n                            \"and\": [\n                              \":\",\n                              \"S_*`8kv\",\n                              \"kZ<y: -U\"\n                            ]\n                          },\n                          \"M/y\"\n                        ]\n                      },\n                      \"4u4=sL\",\n                      {\n                        \"mc\": \"<=96\"\n                      },\n                      {\n                        \"and\": [\n                          {\n                            \"mc\": \"<=109\"\n                          },\n                          {\n                            \"mc\": \">=128\"\n                          },\n                          \"}h\"\n                        ]\n                      }\n                    ]\n                  },\n                  \"\\\"&Qx; }Q]i\",\n                  {\n                    \"or\": [\n                      {\n                        \"mc\": \"<=179\"\n                      },\n                      {\n                        \"or\": []\n                      },\n                      \"\",\n                      {\n                        \"mc\": \"<=168\"\n                      }\n                    ]\n                  }\n                ]\n              },\n              {\n                \"or\": [\n                  {\n                    \"and\": []\n                  },\n                  {\n                    \"or\": []\n                  }\n                ]\n              },\n              {\n                \"mc\": \"<=16\"\n              },\n              {\n                \"or\": [\n                  \"^mK-mxU\\\\Q1\",\n                  {\n                    \"or\": [\n                      \"M@JG&p!\",\n                      {\n                        \"mc\": \"<=5\"\n                      },\n                      {\n                        \"or\": []\n                      },\n                      {\n                        \"mc\": \"<=193\"\n                      }\n                    ]\n                  },\n                  \"u;\",\n                  {\n                    \"mc\": \"<=78\"\n                  },\n                  {\n                    \"and\": [\n                      {\n                        \"or\": [\n                          \":bZ`;LIzl\",\n                          \"{.-*~=av\",\n                          {\n                            \"and\": [\n                              \"20ABRQK4{\"\n                            ]\n                          },\n                          \"BEwcf@\"\n                        ]\n                      }\n                    ]\n                  }\n                ]\n              },\n              \"V*\\\\`e0eH<:\"\n            ],\n            \"info\": \"e0*SOSj|gL\",\n            \"isSelectable\": true\n          },\n          \"4YbYH' qA\": {\n            \"assign\": \"'/t\",\n            \"match\": [\n              \"ZJ6F\",\n              \"QG10*6\"\n            ],\n            \"satisfy\": [\n              {\n                \"and\": []\n              },\n              {\n                \"or\": [\n                  {\n                    \"and\": [\n                      {\n                        \"and\": [\n                          \"JS~j1\",\n                          {\n                            \"mc\": \">=20\"\n                          }\n                        ]\n                      },\n                      \"\\\"|`t\",\n                      {\n                        \"mc\": \"<=129\"\n                      },\n                      \"4 }U\",\n                      {\n                        \"mc\": \"<=70\"\n                      }\n                    ]\n                  },\n                  {\n                    \"and\": [\n                      {\n                        \"mc\": \"<=119\"\n                      },\n                      \"M=T\"\n                    ]\n                  }\n                ]\n              },\n              \"E\"\n            ],\n            \"url\": \"http://sjxr4ou9v5x5c.y13envq.7dyqn67wp6zqaf7vc.czl/%F0%92%80%88h:,YQQY/R.L-%F3%B5%94%B7oFMQM//KcF~w%F2%9F%9A%B2-A/7\",\n            \"info\": \"LxWstYv704\",\n            \"isSelectable\": true\n          },\n          \"1&(v-@%]/\": {\n            \"name\": \"-PCt:eUL?\",\n            \"ay\": 2030,\n            \"assign\": \").\",\n            \"match\": [\n              {\n                \"or\": [\n                  {\n                    \"and\": [\n                      {\n                        \"pattern\": \"WH98*\",\n                        \"exclude\": [\n                          \"UN59O\",\n                          \"DT*8\",\n                          \"YW*G\",\n                          \"AW0\",\n                          \"FRI99\"\n                        ]\n                      }\n                    ]\n                  },\n                  {\n                    \"and\": []\n                  }\n                ]\n              }\n            ],\n            \"satisfy\": {\n              \"and\": [\n                {\n                  \"and\": [\n                    {\n                      \"and\": [\n                        \"\\\\\\\"5o[\"\n                      ]\n                    },\n                    {\n                      \"or\": [\n                        \"@'\",\n                        {\n                          \"or\": [\n                            \"O9,\",\n                            {\n                              \"mc\": \"<=11\"\n                            },\n                            \"5Jsz\",\n                            \"dRqgA#pI\",\n                            \"diGFK\"\n                          ]\n                        },\n                        \"T^Y!V\",\n                        \"sL\"\n                      ]\n                    }\n                  ]\n                },\n                \"_OW8)u'<\"\n              ]\n            },\n            \"url\": \"https://yvb1itvoi3.12o0rohwwe-ab.8.migyqd//_,S%F1%81%B2%BEC/&@j\",\n            \"info\": \"/?x\",\n            \"isSelectable\": true\n          },\n          \"3uz{!E&\": {\n            \"name\": \">O1X\",\n            \"ay\": 2027,\n            \"assign\": \"\",\n            \"match\": {\n              \"pattern\": \"OSI949\",\n              \"info\": \"U)2cBvr\"\n            },\n            \"satisfy\": {\n              \"and\": [\n                {\n                  \"mc\": \">=96\"\n                }\n              ]\n            },\n            \"info\": \"cw=Kro\",\n            \"isSelectable\": true\n          }\n        }\n      },\n      \"}u6 \": {\n        \"name\": \"ofLQ9\",\n        \"ay\": 2011,\n        \"assign\": [\n          \"\\\\6)F Kj\\\\\",\n          \"%\"\n        ],\n        \"match\": [\n          {\n            \"and\": [\n              \"IA79\",\n              \"YQZ4\",\n              {\n                \"and\": [\n                  \"EDR7096\",\n                  {\n                    \"and\": []\n                  },\n                  {\n                    \"pattern\": \"FPU6817\",\n                    \"exclude\": [\n                      \"ZQP60\",\n                      \"IZ**2W\",\n                      \"PC3\"\n                    ],\n                    \"info\": \"q~;dw\"\n                  },\n                  {\n                    \"or\": [\n                      \"PTMx17P\",\n                      {\n                        \"and\": [\n                          \"RQK171Y\"\n                        ]\n                      },\n                      {\n                        \"or\": []\n                      },\n                      \"AVL28\",\n                      \"KF164xD\"\n                    ]\n                  }\n                ]\n              },\n              {\n                \"and\": [\n                  {\n                    \"or\": [\n                      {\n                        \"or\": [\n                          {\n                            \"pattern\": \"ARH54X\",\n                            \"exclude\": [\n                              \"FOx\",\n                              \"JOV3\"\n                            ],\n                            \"info\": \"9y?\"\n                          },\n                          \"RP0F\"\n                        ]\n                      }\n                    ]\n                  }\n                ]\n              },\n              {\n                \"pattern\": \"BWC76x9\",\n                \"exclude\": [\n                  \"NU9x9\",\n                  \"DQD030X\"\n                ]\n              }\n            ]\n          }\n        ],\n        \"satisfy\": {\n          \"and\": [\n            {\n              \"or\": [\n                \"wE3s4oQ\",\n                {\n                  \"or\": [\n                    \"oM[&:L)v}\",\n                    \"uYL\",\n                    \":^.f/Fh\",\n                    \"!u->AuN9D\"\n                  ]\n                },\n                {\n                  \"or\": [\n                    {\n                      \"and\": [\n                        \" GN){\",\n                        \"M\\\\k\"\n                      ]\n                    },\n                    \"+H#\",\n                    \"|>%Rq2-q'\",\n                    \"!TF<Iu\"\n                  ]\n                },\n                \"@g/'T|dXSJ\",\n                {\n                  \"mc\": \"<=35\"\n                }\n              ]\n            },\n            {\n              \"and\": [\n                {\n                  \"and\": [\n                    \"Q\",\n                    \"<b[\\\")|\"\n                  ]\n                },\n                \"VNlsuW_RFJ\",\n                \"vIQV\",\n                \"\"\n              ]\n            },\n            {\n              \"mc\": \">=105\"\n            },\n            {\n              \"and\": [\n                {\n                  \"and\": [\n                    \"eEa\"\n                  ]\n                },\n                {\n                  \"or\": [\n                    \"K/U\",\n                    \"k2\",\n                    {\n                      \"mc\": \">=118\"\n                    },\n                    {\n                      \"and\": [\n                        \"-w6O?$,8\",\n                        \"F\"\n                      ]\n                    },\n                    \"^4#u\"\n                  ]\n                },\n                \"`\",\n                {\n                  \"and\": [\n                    {\n                      \"and\": [\n                        \"z,XB\",\n                        \"Uf:7=X\",\n                        \"r?6o-\",\n                        \"\"\n                      ]\n                    },\n                    \"K\",\n                    \"~\",\n                    \"&QKPlqgz> \",\n                    \";=DV\"\n                  ]\n                },\n                {\n                  \"and\": [\n                    \"T(XX4yID^\",\n                    {\n                      \"and\": [\n                        \"{~&uY0\",\n                        {\n                          \"mc\": \">=64\"\n                        },\n                        \"z}\\\\mSr&:\",\n                        \"c\"\n                      ]\n                    },\n                    {\n                      \"and\": [\n                        \"\",\n                        \"zw(Xn P1(H\",\n                        \"UJ+qg:(\"\n                      ]\n                    }\n                  ]\n                }\n              ]\n            }\n          ]\n        },\n        \"url\": \"https://frgq9i59p5ot593nkl90llak9rp7sy7y.f4438jjjxx3lloz7m6l.l0ve5cpbznr2uq8xheq8h.dxs-gy0a1of0mh0l7gygho-4nvt1rgfn1ei6d-gu-vhrpviqpxrud44d.ym5yqqscppfyqnjm3rra8vhko0prvtqfemsgownccm7k90zig0bay-pn.vqdnm/'O\",\n        \"info\": \"1$*\",\n        \"isSelectable\": true\n      },\n      \"{#W/-^eO5o\": {\n        \"name\": \"\",\n        \"ay\": 2019,\n        \"assign\": [\n          \"r>\",\n          \"3BPlh]rB}A\"\n        ],\n        \"match\": [],\n        \"satisfy\": [\n          {\n            \"or\": []\n          }\n        ],\n        \"url\": \"http://r82677351-yf2y3zp9xjgdap8yz49-2jmfcgywd2vdk88fu4.uyji6l1he-4-w1c.stta-6asswwvwb7too6ocy9-6dafsp-7xd9ggtb4fouay8vzg8x-39hp7h.a.z.ije/.ZC2/qR/!-p.O9\",\n        \"info\": \"Z\",\n        \"isSelectable\": true\n      }\n    }\n  },\n  {\n    \"title\": \"block sample 7\",\n    \"value\": {\n      \"name\": \"!4!9WDVFj\\\"\",\n      \"ay\": 1950,\n      \"assign\": \"\\\"#Uuca\",\n      \"url\": \"http://pgbdscmea8v48o1863zf-89acaoh69.b.0oj1zfs11wmky4e818uvko59ya35z7s24pf41fgw66jszxby4ynme.f.evacdg/%F4%8F%BF%BBc/t;NKRn/i6R5F/*a4/T///%F4%8F%BF%ADaa/d$*D\",\n      \"info\": \"A~\",\n      \"isSelectable\": true\n    }\n  },\n  {\n    \"title\": \"block sample 8\",\n    \"value\": {\n      \"name\": \"it40\\\"\\\\Q\",\n      \"ay\": 2025,\n      \"assign\": \")<sS\",\n      \"match\": [\n        {\n          \"or\": []\n        },\n        {\n          \"or\": [\n            \"XLW*45\",\n            \"LM398\",\n            {\n              \"and\": [\n                \"ZO58\"\n              ]\n            },\n            {\n              \"pattern\": \"QR9\",\n              \"exclude\": [\n                \"DB3*\",\n                \"VM5932J\",\n                \"GN4M\",\n                \"SMx7O\"\n              ],\n              \"info\": \"c#\"\n            },\n            {\n              \"pattern\": \"RQ7\",\n              \"exclude\": [\n                \"XS0x\",\n                \"WTH*5\",\n                \"YPBx3B\",\n                \"DW81X\",\n                \"REx59Y\"\n              ],\n              \"info\": \"%\"\n            }\n          ]\n        }\n      ],\n      \"satisfy\": [\n        \"z)\\\"_,Trk\",\n        \":VcO2f>lc}\"\n      ],\n      \"url\": \"http://oc0.edke/%F1%A2%8A%83%F1%9B%B9%95QTwp@b/T-IBpZ;/p)Q%F3%8A%BD%B5-Xu%F0%97%B9%94.j/N/uoiD1/%F0%BA%A7%A1yjs38&%F0%A5%83%A5$Q/\",\n      \"info\": \"<SH3[f!rF\\\\\"\n    }\n  },\n  {\n    \"title\": \"block sample 9\",\n    \"value\": {\n      \"name\": \"s\",\n      \"ay\": 2010,\n      \"assign\": \"ADLgzH2\",\n      \"satisfy\": [],\n      \"url\": \"https://l54n9hza0bdxm.6j95j44h6v2ns9yz4hwnpd60hb5te9q2ev-zthmojbn-8quk99zuw4fo-b1.wxi5kmxkzf8lyw7c1n97sil86j1kw0o8.5fbi-i-bqyc961ue1wya9pxm3b9lx8goswg1s0m5kb2-m7o2.jfodla3tr13-6ss99mpq10h449f-gy19nlbupo3an2dsfxd-yzp6b0ahyj.dyuhzocxd\",\n      \"info\": \"+(\",\n      \"isSelectable\": true,\n      \"\": {\n        \"name\": \"_wh@J\",\n        \"ay\": 1954,\n        \"match\": {\n          \"and\": []\n        },\n        \"satisfy\": {\n          \"or\": [\n            {\n              \"mc\": \"<=2\"\n            }\n          ]\n        },\n        \"info\": \"*JGpCdc\",\n        \"xO\": {\n          \"name\": \"\",\n          \"ay\": 1951,\n          \"assign\": \"j;MpG-c\",\n          \"match\": \"PGH20\",\n          \"url\": \"https://bha4ivwamy65rqv.x651ezaqf4-f-nhymt6g0x-d2o3bq5343l297ymdtc9l3776xb1.h.atmpqurlo\",\n          \"info\": \"\"\n        },\n        \"\": {\n          \"ay\": 1982,\n          \"info\": \"}s\",\n          \"isSelectable\": true\n        }\n      },\n      \"$`}&\": {\n        \"name\": \"bJL\",\n        \"ay\": 2023,\n        \"assign\": [\n          \"z ~Q&\",\n          \" $W\",\n          \"{\",\n          \"A'syN)\",\n          \"\\\"Or2v$hd=\"\n        ],\n        \"match\": \"PHR833\",\n        \"satisfy\": [],\n        \"url\": \"http://s8.t50d7-2ng-udtebe4b-s9cffw9l8gocqabkkz0.hywkmecssj/;z/_,vs/NP@P$%F1%A8%8F%B2wkh./MgsdD/O,55&XKfj0/d3gde;\",\n        \"info\": \"\",\n        \"isSelectable\": true\n      },\n      \"B\": {\n        \"51\": {\n          \"ay\": 1952,\n          \"assign\": [\n            \"`@&\",\n            \"4]Mz,9;)Z\",\n            \"4^P/\"\n          ],\n          \"match\": [\n            {\n              \"pattern\": \"MMU3T\",\n              \"exclude\": [\n                \"TL14\",\n                \"DJX6785\",\n                \"IXS*5x\",\n                \"NZ9342\",\n                \"LML30\"\n              ],\n              \"info\": \"cp|\"\n            },\n            {\n              \"and\": []\n            }\n          ],\n          \"satisfy\": {\n            \"mc\": \"<=70\"\n          },\n          \"url\": \"https://5wszg7d33367jfusal9v17g64336dlfq2xcau.qnqmqktr//xXu%F1%93%B1%87/C%F2%83%8D%8443l/9%F1%A4%83%A8LInEM/XMt!L/W:9,.4/+EfJ7dP/.hye9%F1%8C%87%B07=_/bQ\",\n          \"info\": \"G!2\",\n          \"isSelectable\": true\n        },\n        \"name\": \"\",\n        \"ay\": 1994,\n        \"assign\": [\n          \"2N8ZCqB\",\n          \"Q$AYnY\\\\%h0\",\n          \"\",\n          \"JD{{9-xx\\\"5\"\n        ],\n        \"match\": \"YLx663\",\n        \"satisfy\": {\n          \"or\": [\n            {\n              \"and\": [\n                {\n                  \"and\": [\n                    \"5Y.Zkwh))\",\n                    {\n                      \"mc\
[...]
              "isHook": false,
              "skipped": false
            },
            {
              "title": "should truncate list of modules with upper bound of MCs at exact cutoff if total MC count is higher and there exists some starting sequence with exact MC count",
              "fullTitle": "inequalitySatisfier should truncate list of modules with upper bound of MCs at exact cutoff if total MC count is higher and there exists some starting sequence with exact MC count",
              "timedOut": false,
              "duration": 0,
              "state": "passed",
              "speed": "fast",
              "pass": true,
              "fail": false,
              "pending": false,
              "context": null,
              "code": "const satisfier = satisfiers_1.inequalitySatisfier(ref, \"<=16\");\nsatisfier.should.have.property(\"filter\");\nconst { filter } = satisfier;\nisCorrectFilter(filter, modulesList1, [\n    \"CS2100\",\n    \"GER1000\",\n    \"CS2040S\",\n    \"ST2131\",\n]);",
              "err": {},
              "uuid": "6d2aac50-b027-440a-8038-13bc336a3945",
              "parentUUID": "0eeb0bde-dd0e-4cd6-be5b-4d16e924c3f5",
              "isHook": false,
              "skipped": false
            },
            {
              "title": "should truncate list of modules with upper bound of MCs, cutting off at the minimum starting sequence that exceeds upper bound, if total MC count is higher and there exists no starting sequence with exact MC count",
              "fullTitle": "inequalitySatisfier should truncate list of modules with upper bound of MCs, cutting off at the minimum starting sequence that exceeds upper bound, if total MC count is higher and there exists no starting sequence with exact MC count",
              "timedOut": false,
              "duration": 0,
              "state": "passed",
              "speed": "fast",
              "pass": true,
              "fail": false,
              "pending": false,
              "context": null,
              "code": "const satisfier = satisfiers_1.inequalitySatisfier(ref, \"<=17\");\nsatisfier.should.have.property(\"filter\");\nconst { filter } = satisfier;\nisCorrectFilter(filter, modulesList1, [\n    \"CS2100\",\n    \"GER1000\",\n    \"CS2040S\",\n    \"ST2131\",\n    \"MA1521\",\n]);",
              "err": {},
              "uuid": "f9777956-1b31-428d-83b6-593c3594bdfc",
              "parentUUID": "0eeb0bde-dd0e-4cd6-be5b-4d16e924c3f5",
              "isHook": false,
              "skipped": false
            }
          ],
          "suites": [],
          "passes": [
            "879e9836-7a86-4e17-9fa9-848c0b89dbca",
            "843f0ffa-0f42-4501-81e3-ef588fd87b54",
            "20aaeff8-758a-4fe9-b51c-45142dac5e59",
            "eaea5499-53c2-4a34-9aa5-a28cd378fa99",
            "dc89c130-78e2-44d7-9527-b552d1d1a0f1",
            "6d2aac50-b027-440a-8038-13bc336a3945",
            "f9777956-1b31-428d-83b6-593c3594bdfc"
          ],
          "failures": [],
          "pending": [],
          "skipped": [],
          "duration": 3,
          "root": false,
          "rootEmpty": false,
          "_timeout": 2000
        },
        {
          "uuid": "cdf2cf9a-5f9b-4bdf-a5e5-7b8c4890c042",
          "title": "inequalitySchema",
          "fullFile": "/home/runner/work/planwithus-lib/planwithus-lib/src/satisfyRule/inequality/schemas.test.ts",
          "file": "/src/satisfyRule/inequality/schemas.test.ts",
          "beforeHooks": [],
          "afterHooks": [],
          "tests": [
            {
              "title": "should validate inequality in the form <=n or >=n",
              "fullTitle": "inequalitySchema should validate inequality in the form <=n or >=n",
              "timedOut": false,
              "duration": 1,
              "state": "passed",
              "speed": "fast",
              "pass": true,
              "fail": false,
              "pending": false,
              "context": "[\n  {\n    \"title\": \"inequality sample 0\",\n    \"value\": \"<=32\"\n  },\n  {\n    \"title\": \"inequality sample 1\",\n    \"value\": \">=162\"\n  },\n  {\n    \"title\": \"inequality sample 2\",\n    \"value\": \">=196\"\n  },\n  {\n    \"title\": \"inequality sample 3\",\n    \"value\": \"<=2\"\n  },\n  {\n    \"title\": \"inequality sample 4\",\n    \"value\": \">=161\"\n  },\n  {\n    \"title\": \"inequality sample 5\",\n    \"value\": \"<=197\"\n  },\n  {\n    \"title\": \"inequality sample 6\",\n    \"value\": \">=195\"\n  },\n  {\n    \"title\": \"inequality sample 7\",\n    \"value\": \"<=194\"\n  },\n  {\n    \"title\": \"inequality sample 8\",\n    \"value\": \">=3\"\n  },\n  {\n    \"title\": \"inequality sample 9\",\n    \"value\": \">=192\"\n  }\n]",
              "code": "fast_check_1.sample(index_test_2.inequality, 10).forEach((sample, i) => addContext_1.default(this, {\n    title: `inequality sample ${i}`,\n    value: sample,\n}));\nreturn fast_check_1.assert(fast_check_1.property(index_test_2.inequality, ajvValidate));",
              "err": {},
              "uuid": "b0f98896-9ade-4cd1-9843-cb5e5436988d",
              "parentUUID": "cdf2cf9a-5f9b-4bdf-a5e5-7b8c4890c042",
              "isHook": false,
              "skipped": false
            },
            {
              "title": "should not validate inequality of invalid form",
              "fullTitle": "inequalitySchema should not validate inequality of invalid form",
              "timedOut": false,
              "duration": 2,
              "state": "passed",
              "speed": "fast",
              "pass": true,
              "fail": false,
              "pending": false,
              "context": null,
              "code": "[\n        \"\",\n        \"==23\",\n        \"23\",\n        \"<23\",\n        \">23\",\n        \"<=-1\",\n        \">=-1\",\n        \"<= 2\",\n        \">= 1\",\n        \"> 3\",\n        \"< 3\",\n        \"<=3a\",\n        \">=3a\",\n        \"a<=3\",\n        \"a>=3\",\n    ].forEach(isInvalidInequality)",
              "err": {},
              "uuid": "db4eb210-b9e2-4947-b4e1-f4fae05b0eb4",
              "parentUUID": "cdf2cf9a-5f9b-4bdf-a5e5-7b8c4890c042",
              "isHook": false,
              "skipped": false
            }
          ],
          "suites": [],
          "passes": [
            "b0f98896-9ade-4cd1-9843-cb5e5436988d",
            "db4eb210-b9e2-4947-b4e1-f4fae05b0eb4"
          ],
          "failures": [],
          "pending": [],
          "skipped": [],
          "duration": 3,
          "root": false,
          "rootEmpty": false,
          "_timeout": 2000
        },
        {
          "uuid": "35624575-938e-42ca-a795-06762fde98e4",
          "title": "satisfyRuleSchema",
          "fullFile": "/home/runner/work/planwithus-lib/planwithus-lib/src/satisfyRule/schemas.test.ts",
          "file": "/src/satisfyRule/schemas.test.ts",
          "beforeHooks": [],
          "afterHooks": [],
          "tests": [
            {
              "title": "should validate satisfy rule with valid block id",
              "fullTitle": "satisfyRuleSchema should validate satisfy rule with valid block id",
              "timedOut": false,
              "duration": 2,
              "state": "passed",
              "speed": "fast",
              "pass": true,
              "fail": false,
              "pending": false,
              "context": null,
              "code": "fast_check_1.assert(fast_check_1.property(fast_check_1.string(), ajvValidate)",
              "err": {},
              "uuid": "53b4e9fd-5600-4b9e-a76c-730a806c3119",
              "parentUUID": "35624575-938e-42ca-a795-06762fde98e4",
              "isHook": false,
              "skipped": false
            },
            {
              "title": "should validate satisfy rules with valid mc",
              "fullTitle": "satisfyRuleSchema should validate satisfy rules with valid mc",
              "timedOut": false,
              "duration": 1,
              "state": "passed",
              "speed": "fast",
              "pass": true,
              "fail": false,
              "pending": false,
              "context": "[\n  {\n    \"title\": \"mcSatisfyRule sample 0\",\n    \"value\": {\n      \"mc\": \"<=8\"\n    }\n  },\n  {\n    \"title\": \"mcSatisfyRule sample 1\",\n    \"value\": {\n      \"mc\": \">=104\"\n    }\n  },\n  {\n    \"title\": \"mcSatisfyRule sample 2\",\n    \"value\": {\n      \"mc\": \">=61\"\n    }\n  },\n  {\n    \"title\": \"mcSatisfyRule sample 3\",\n    \"value\": {\n      \"mc\": \"<=31\"\n    }\n  },\n  {\n    \"title\": \"mcSatisfyRule sample 4\",\n    \"value\": {\n      \"mc\": \">=195\"\n    }\n  },\n  {\n    \"title\": \"mcSatisfyRule sample 5\",\n    \"value\": {\n      \"mc\": \"<=40\"\n    }\n  },\n  {\n    \"title\": \"mcSatisfyRule sample 6\",\n    \"value\": {\n      \"mc\": \"<=8\"\n    }\n  },\n  {\n    \"title\": \"mcSatisfyRule sample 7\",\n    \"value\": {\n      \"mc\": \"<=92\"\n    }\n  },\n  {\n    \"title\": \"mcSatisfyRule sample 8\",\n    \"value\": {\n      \"mc\": \"<=70\"\n    }\n  },\n  {\n    \"title\": \"mcSatisfyRule sample 9\",\n    \"value\": {\n      \"mc\": \"<=150\"\n    }\n  }\n]",
              "code": "fast_check_1.sample(index_test_2.mcSatisfyRule, 10).forEach((sample, i) => addContext_1.default(this, {\n    title: `mcSatisfyRule sample ${i}`,\n    value: sample,\n}));\nreturn fast_check_1.assert(fast_check_1.property(index_test_2.mcSatisfyRule, ajvValidate));",
              "err": {},
              "uuid": "d3cc576f-3aec-4ba7-8b11-da62bdc3e150",
              "parentUUID": "35624575-938e-42ca-a795-06762fde98e4",
              "isHook": false,
              "skipped": false
            },
            {
              "title": "should validate valid recursive satisfy rules",
              "fullTitle": "satisfyRuleSchema should validate valid recursive satisfy rules",
              "timedOut": false,
              "duration": 6,
              "state": "passed",
              "speed": "fast",
              "pass": true,
              "fail": false,
              "pending": false,
              "context": "[\n  {\n    \"title\": \"satisfyRule sample 0\",\n    \"value\": {\n      \"or\": [\n        {\n          \"mc\": \">=8\"\n        }\n      ]\n    }\n  },\n  {\n    \"title\": \"satisfyRule sample 1\",\n    \"value\": {\n      \"or\": [\n        {\n          \"or\": [\n            {\n              \"or\": [\n                \"\",\n                \"\",\n                \"9SC9KMMAMs\",\n                \"\\\"!W'5|UO\"\n              ]\n            },\n            {\n              \"and\": [\n                \";mH*=:\",\n                \"qk*Sn\",\n                \"Z\",\n                \"7;I=M\"\n              ]\n            }\n          ]\n        }\n      ]\n    }\n  },\n  {\n    \"title\": \"satisfyRule sample 2\",\n    \"value\": \"`mb,Ep'\"\n  },\n  {\n    \"title\": \"satisfyRule sample 3\",\n    \"value\": {\n      \"and\": [\n        {\n          \"or\": [\n            \"&1P0>}M[=\"\n          ]\n        }\n      ]\n    }\n  },\n  {\n    \"title\": \"satisfyRule sample 4\",\n    \"value\": {\n      \"mc\": \"<=33\"\n    }\n  },\n  {\n    \"title\": \"satisfyRule sample 5\",\n    \"value\": {\n      \"mc\": \">=4\"\n    }\n  },\n  {\n    \"title\": \"satisfyRule sample 6\",\n    \"value\": {\n      \"and\": [\n        {\n          \"or\": []\n        },\n        \"q`)A8%XmSi\",\n        \"w4di\",\n        \"\\\"c*n@\",\n        {\n          \"or\": [\n            {\n              \"and\": [\n                \"M\",\n                \"d3O@7U=\",\n                \"^7Ido|nhv\"\n              ]\n            },\n            \"aX2/?&\"\n          ]\n        }\n      ]\n    }\n  },\n  {\n    \"title\": \"satisfyRule sample 7\",\n    \"value\": {\n      \"or\": [\n        {\n          \"and\": []\n        },\n        {\n          \"or\": [\n            {\n              \"mc\": \"<=109\"\n            },\n            {\n              \"and\": [\n                {\n                  \"and\": [\n                    \"?2<|\",\n                    \"q]N:c@6\\\\Yc\",\n                    \"}nnW7OAl\",\n                    \"W?i\",\n                    \"J1sg\\\"n_k\"\n                  ]\n                },\n                {\n                  \"mc\": \">=145\"\n                },\n                {\n                  \"and\": [\n                    {\n                      \"or\": [\n                        \"\",\n                        \"b$o6${^\",\n                        \"07M7 dn#lB\",\n                        \"z~Q??)\"\n                      ]\n                    },\n                    {\n                      \"mc\": \">=92\"\n                    },\n                    \"r/\"\n                  ]\n                }\n              ]\n            },\n            {\n              \"and\": []\n            }\n          ]\n        }\n      ]\n    }\n  },\n  {\n    \"title\": \"satisfyRule sample 8\",\n    \"value\": {\n      \"mc\": \"<=6\"\n    }\n  },\n  {\n    \"title\": \"satisfyRule sample 9\",\n    \"value\": \"\\\"pdv9\"\n  }\n]",
              "code": "fast_check_1.sample(index_test_2.satisfyRule, 10).forEach((sample, i) => addContext_1.default(this, {\n    title: `satisfyRule sample ${i}`,\n    value: sample,\n}));\nreturn fast_check_1.assert(fast_check_1.property(index_test_2.satisfyRule, ajvValidate));",
              "err": {},
              "uuid": "6dda7060-dd22-4249-982a-05466de66030",
              "parentUUID": "35624575-938e-42ca-a795-06762fde98e4",
              "isHook": false,
              "skipped": false
            },
            {
              "title": "should not validate non-string/object",
              "fullTitle": "satisfyRuleSchema should not validate non-string/object",
              "timedOut": false,
              "duration": 1,
              "state": "passed",
              "speed": "fast",
              "pass": true,
              "fail": false,
              "pending": false,
              "context": null,
              "code": "const error = {\n    instancePath: \"\",\n    message: \"satisfy rule should be either a string or an object\",\n};\nisInvalidRule(null, error);\nisInvalidRule(undefined, error);\nisInvalidRule(10, error);\nisInvalidRule([12, 24], error);",
              "err": {},
              "uuid": "a564e16f-69c4-439c-87eb-7c27c169398a",
              "parentUUID": "35624575-938e-42ca-a795-06762fde98e4",
              "isHook": false,
              "skipped": false
            },
            {
              "title": "should not validate satisfy rules with extra properties",
              "fullTitle": "satisfyRuleSchema should not validate satisfy rules with extra properties",
              "timedOut": false,
              "duration": 1,
              "state": "passed",
              "speed": "fast",
              "pass": true,
              "fail": false,
              "pending": false,
              "context": null,
              "code": "isInvalidRule({\n        and: [\n            { or: [\"2k\"], abc: \"def\" },\n            { mc: 8, ghi: \"jkl\" },\n        ],\n        mno: \"pqr\",\n    }, {\n        instancePath: \"/and/0\",\n        message: \"or satisfy rule should have property 'or' only\",\n    }, {\n        instancePath: \"/and/1\",\n        message: \"MC satisfy rule should have property 'mc' only\",\n    }, {\n        instancePath: \"\",\n        message: \"and satisfy rule should have property 'and' only\",\n    })",
              "err": {},
              "uuid": "660ae108-263c-4a23-b8e2-eca21153f82a",
              "parentUUID": "35624575-938e-42ca-a795-06762fde98e4",
              "isHook": false,
              "skipped": false
            },
            {
              "title": "should not validate ambiguous satisfy rules",
              "fullTitle": "satisfyRuleSchema should not validate ambiguous satisfy rules",
              "timedOut": false,
              "duration": 0,
              "state": "passed",
              "speed": "fast",
              "pass": true,
              "fail": false,
              "pending": false,
              "context": null,
              "code": "const message = \"satisfy rule should have only one of properties 'mc', 'and', 'or'\";\nisInvalidRule({\n    or: [\n        { mc: 5, and: [\"CS2040\"] },\n        { and: [{ and: [\"abc\"], or: [\"def\"] }] },\n    ],\n}, { instancePath: \"/or/0\", message }, { instancePath: \"/or/1/and/0\", message });",
              "err": {},
              "uuid": "9f161403-2b32-4aa3-b88d-8ec8f3025f74",
              "parentUUID": "35624575-938e-42ca-a795-06762fde98e4",
              "isHook": false,
              "skipped": false
            },
            {
              "title": "should not validate and satisfy rules with non-array property",
              "fullTitle": "satisfyRuleSchema should not validate and satisfy rules with non-array property",
              "timedOut": false,
              "duration": 0,
              "state": "passed",
              "speed": "fast",
              "pass": true,
              "fail": false,
              "pending": false,
              "context": null,
              "code": "const message = \"property 'and' should be an array of satisfy rules\";\nisInvalidRule({ or: [{ and: {} }, { or: [{ and: 3 }] }] }, { instancePath: \"/or/0/and\", message }, { instancePath: \"/or/1/or/0/and\", message });",
              "err": {},
              "uuid": "ff41ca09-489f-455a-8e4f-cc786f48464f",
              "parentUUID": "35624575-938e-42ca-a795-06762fde98e4",
              "isHook": false,
              "skipped": false
            },
            {
              "title": "should not validate or satisfy rules with non-array property",
              "fullTitle": "satisfyRuleSchema should not validate or satisfy rules with non-array property",
              "timedOut": false,
              "duration": 1,
              "state": "passed",
              "speed": "fast",
              "pass": true,
              "fail": false,
              "pending": false,
              "context": null,
              "code": "const message = \"property 'or' should be an array of satisfy rules\";\nisInvalidRule({ and: [{ or: {} }, { and: [{ or: 3 }] }] }, { instancePath: \"/and/0/or\", message }, { instancePath: \"/and/1/and/0/or\", message });",
              "err": {},
              "uuid": "516a99f3-5e55-47da-82ae-8fc238723a9e",
              "parentUUID": "35624575-938e-42ca-a795-06762fde98e4",
              "isHook": false,
              "skipped": false
            }
          ],
          "suites": [],
          "passes": [
            "53b4e9fd-5600-4b9e-a76c-730a806c3119",
            "d3cc576f-3aec-4ba7-8b11-da62bdc3e150",
            "6dda7060-dd22-4249-982a-05466de66030",
            "a564e16f-69c4-439c-87eb-7c27c169398a",
            "660ae108-263c-4a23-b8e2-eca21153f82a",
            "9f161403-2b32-4aa3-b88d-8ec8f3025f74",
            "ff41ca09-489f-455a-8e4f-cc786f48464f",
            "516a99f3-5e55-47da-82ae-8fc238723a9e"
          ],
          "failures": [],
          "pending": [],
          "skipped": [],
          "duration": 12,
          "root": false,
          "rootEmpty": false,
          "_timeout": 2000
        }
      ],
      "passes": [],
      "failures": [],
      "pending": [],
      "skipped": [],
      "duration": 0,
      "root": true,
      "rootEmpty": true,
      "_timeout": 2000
    }
  ],
  "meta": {
    "mocha": {
      "version": "9.0.3"
    },
    "mochawesome": {
      "options": {
        "quiet": false,
        "reportFilename": "mochawesome",
        "saveHtml": true,
        "saveJson": true,
        "consoleReporter": "spec",
        "useInlineDiffs": false,
        "code": true
      },
      "version": "6.2.2"
    },
    "marge": {
      "options": {
        "reportDir": "docs"
      },
      "version": "5.2.0"
    }
  }
}