{
  "stats": {
    "suites": 6,
    "tests": 29,
    "passes": 29,
    "pending": 0,
    "failures": 0,
    "start": "2021-06-29T06:44:31.199Z",
    "end": "2021-06-29T06:44:31.555Z",
    "duration": 356,
    "testsRegistered": 29,
    "passPercent": 100,
    "pendingPercent": 0,
    "other": 0,
    "hasOther": false,
    "skipped": 0,
    "hasSkipped": false
  },
  "results": [
    {
      "uuid": "dd63160b-6f5e-4715-ad80-f37865736e80",
      "title": "",
      "fullFile": "",
      "file": "",
      "beforeHooks": [],
      "afterHooks": [],
      "tests": [],
      "suites": [
        {
          "uuid": "ea9ef8d4-a82b-40c4-b687-9c3453b306c7",
          "title": "initDirectories",
          "fullFile": "/home/runner/work/planwithus-lib/planwithus-lib/src/block/schemas.test.ts",
          "file": "/src/block/schemas.test.ts",
          "beforeHooks": [],
          "afterHooks": [],
          "tests": [
            {
              "title": "should parse all blocks with no errors",
              "fullTitle": "initDirectories should parse all blocks with no errors",
              "timedOut": false,
              "duration": 3,
              "state": "passed",
              "speed": "fast",
              "pass": true,
              "fail": false,
              "pending": false,
              "context": null,
              "code": "_1.initDirectories.should.not.throw()",
              "err": {},
              "uuid": "c47ef486-1795-43eb-bbb6-2eb24415c202",
              "parentUUID": "ea9ef8d4-a82b-40c4-b687-9c3453b306c7",
              "isHook": false,
              "skipped": false
            },
            {
              "title": "should produce primary, second & minor directories",
              "fullTitle": "initDirectories should produce primary, second & minor directories",
              "timedOut": false,
              "duration": 56,
              "state": "passed",
              "speed": "medium",
              "pass": true,
              "fail": false,
              "pending": false,
              "context": null,
              "code": "const directories = await _1.initDirectories();\ndirectories.should.have.property(\"primary\");\ndirectories.should.have.property(\"second\");\ndirectories.should.have.property(\"minor\");",
              "err": {},
              "uuid": "1c1b7a95-bbe1-4a36-9363-a47b316cc010",
              "parentUUID": "ea9ef8d4-a82b-40c4-b687-9c3453b306c7",
              "isHook": false,
              "skipped": false
            }
          ],
          "suites": [],
          "passes": [
            "c47ef486-1795-43eb-bbb6-2eb24415c202",
            "1c1b7a95-bbe1-4a36-9363-a47b316cc010"
          ],
          "failures": [],
          "pending": [],
          "skipped": [],
          "duration": 59,
          "root": false,
          "rootEmpty": false,
          "_timeout": 2000
        },
        {
          "uuid": "6f64e6d3-5a87-464c-99ee-594d51d5f253",
          "title": "blockSchema",
          "fullFile": "/home/runner/work/planwithus-lib/planwithus-lib/src/block/schemas.test.ts",
          "file": "/src/block/schemas.test.ts",
          "beforeHooks": [],
          "afterHooks": [],
          "tests": [
            {
              "title": "should validate valid block",
              "fullTitle": "blockSchema should validate valid block",
              "timedOut": false,
              "duration": 216,
              "state": "passed",
              "speed": "slow",
              "pass": true,
              "fail": false,
              "pending": false,
              "context": "[\n  {\n    \"title\": \"block sample 0\",\n    \"value\": {\n      \"name\": \"@\\\"&#*n&%\",\n      \"ay\": 2015,\n      \"match\": [\n        {\n          \"or\": [\n            \"LS9370\"\n          ]\n        },\n        {\n          \"and\": [\n            {\n              \"pattern\": \"ZX8\",\n              \"exclude\": [\n                \"WL0E\",\n                \"OY91\"\n              ],\n              \"info\": \"\"\n            },\n            \"IL346\"\n          ]\n        },\n        {\n          \"or\": []\n        },\n        {\n          \"pattern\": \"WWZx\",\n          \"exclude\": \"UUM246\",\n          \"info\": \"\"\n        },\n        {\n          \"and\": []\n        }\n      ],\n      \"url\": \"https://ix1wcd53satutqrp-3l-454bv1dk9mq.ettc0h97m30a42hf-17st8ejncbl-mzt81v8kmrnlzvrlqhdphh.ei.bcmnxzyx\",\n      \"info\": \"P\"\n    }\n  },\n  {\n    \"title\": \"block sample 1\",\n    \"value\": {\n      \"ay\": 2028,\n      \"assign\": \"\",\n      \"match\": {\n        \"and\": []\n      },\n      \"satisfy\": [\n        \" :i$zG\",\n        {\n          \"and\": [\n            \"\"\n          ]\n        }\n      ],\n      \"url\": \"https://8kgay72h400i0l42qlyebh55lkpjd9dmp880-2mvh3c.6.ww/%2F\",\n      \"info\": \"6%jp9j\"\n    }\n  },\n  {\n    \"title\": \"block sample 2\",\n    \"value\": {\n      \"name\": \"\",\n      \"ay\": 1976,\n      \"assign\": \"K\\\"\",\n      \"match\": \"WL6\",\n      \"satisfy\": [],\n      \"url\": \"https://9e.gausnpgi2nevvz1xa03y-1xs1-yw64xwmwsogc5rh2tb7t3lq8ks5lr4m2nw1cc.imcgbdjpy/;:d/j@//(s-T0!.!\",\n      \"info\": \"! \",\n      \"W&*=mS0Z\": {\n        \"name\": \";#sH| _\",\n        \"ay\": 1956,\n        \"assign\": \"\",\n        \"match\": \"NB13*G\",\n        \"satisfy\": {\n          \"and\": []\n        },\n        \"info\": \"!\"\n      },\n      \"oyMH\": {\n        \"name\": \"{$%`dx\",\n        \"ay\": 2019,\n        \"assign\": [],\n        \"match\": \"DH3N\",\n        \"satisfy\": [\n          {\n            \"mc\": \"<=8\"\n          },\n          {\n            \"and\": [\n              {\n                \"and\": [\n                  {\n                    \"or\": []\n                  },\n                  {\n                    \"mc\": \"<=31\"\n                  },\n                  \"\",\n                  {\n                    \"or\": [\n                      \"BN\"\n                    ]\n                  },\n                  {\n                    \"mc\": \"<=15\"\n                  }\n                ]\n              }\n            ]\n          }\n        ],\n        \"url\": \"https://t94qwljrdxwj.rmuyxkg\"\n      }\n    }\n  },\n  {\n    \"title\": \"block sample 3\",\n    \"value\": {\n      \"name\": \"+$x\",\n      \"ay\": 2006,\n      \"assign\": [],\n      \"match\": {\n        \"and\": [\n          {\n            \"and\": [\n              \"GSK9C\",\n              \"XUL48Q\"\n            ]\n          },\n          {\n            \"and\": [\n              \"LSU750G\",\n              \"SVU13\",\n              \"EW7908Z\",\n              \"NRC3\"\n            ]\n          },\n          {\n            \"or\": [\n              \"MEG3698R\",\n              \"OJ0Y\",\n              {\n                \"and\": [\n                  {\n                    \"or\": [\n                      \"MX1\",\n                      {\n                        \"or\": [\n                          \"JOP5260\",\n                          \"MTJ0244H\",\n                          \"SRU18\",\n                          {\n                            \"or\": [\n                              \"WD2560\",\n                              \"CJA0128\"\n                            ]\n                          }\n                        ]\n                      }\n                    ]\n                  },\n                  \"NVF1N\",\n                  {\n                    \"pattern\": \"GQ92\",\n                    \"exclude\": [\n                      \"HLH985\",\n                      \"LS49\",\n                      \"AL6*5\",\n                      \"LYX0778\",\n                      \"XDP9x62\"\n                    ],\n                    \"info\": \"I2<W_D}G\"\n                  }\n                ]\n              }\n            ]\n          }\n        ]\n      },\n      \"satisfy\": [\n        {\n          \"and\": [\n            {\n              \"mc\": \"<=1\"\n            },\n            \"\"\n          ]\n        },\n        {\n          \"mc\": \"<=4\"\n        },\n        {\n          \"mc\": \">=18\"\n        },\n        {\n          \"mc\": \"<=103\"\n        }\n      ],\n      \"url\": \"http://skww6r1r7qofzkdrf3og7b2-8gbzv4w-udtiyliuf3o4jammip.t52vye-fmz5nc6yzlv3hffu8z53cr4yy9y634s.6.vadlenbhe/Y@/Lsrxsx%F0%AA%96%B0%E4%B5%81'0\"\n    }\n  },\n  {\n    \"title\": \"block sample 4\",\n    \"value\": {\n      \"name\": \"\\\" Zm%c\",\n      \"ay\": 1955,\n      \"assign\": [\n        \"J[v)t}?J\",\n        \"++LQ\",\n        \"DDtu \",\n        \"[Qh8:K{<Q!\",\n        \"i5*\"\n      ],\n      \"satisfy\": [\n        {\n          \"mc\": \">=10\"\n        },\n        {\n          \"or\": []\n        },\n        {\n          \"or\": [\n            \"lxc]\",\n            \"mY%?\",\n            \"8=JvJmQr\",\n            {\n              \"mc\": \"<=55\"\n            },\n            {\n              \"mc\": \">=106\"\n            }\n          ]\n        }\n      ],\n      \"url\": \"https://b.uxjh4jxtgqq1bqc1398vnjjughw3gtgupjy3lohvg5kbp30yz9713qalpvcytr.8.rln\",\n      \"info\": \"zJM\"\n    }\n  },\n  {\n    \"title\": \"block sample 5\",\n    \"value\": {\n      \"name\": \"(\",\n      \"ay\": 1958,\n      \"assign\": \"?;0\",\n      \"satisfy\": [\n        {\n          \"mc\": \"<=33\"\n        }\n      ],\n      \"~o:#:qf;2\": {\n        \"name\": \"\\\"\",\n        \"ay\": 1994,\n        \"assign\": [\n          \"&7.+Kl^#F\",\n          \"IGx$Pq%Z\",\n          \"&x$F \"\n        ],\n        \"match\": {\n          \"pattern\": \"VR5\",\n          \"exclude\": [\n            \"BJ865N\",\n            \"FQZ1T\",\n            \"ZD9190H\",\n            \"LR3\"\n          ],\n          \"info\": \"\"\n        },\n        \"satisfy\": [],\n        \"url\": \"http://sebdr.kra5xlzyuc8cio2o35ljji-a.ddetdbhka81d5wafdam155ubb-fmcdzdten9dx5bbcy2d7t849oae0asc.wvcagb/Wt!Z4/d/z//mrG6u/IUW-;!-r/f(a47p%F3%82%A4%A9W-q\",\n        \"info\": \"k\",\n        \"1cm95\": {\n          \"name\": \"?,:nAXPuz\",\n          \"ay\": 1959,\n          \"assign\": \"t-8\",\n          \"match\": \"CG4W\",\n          \"satisfy\": {\n            \"mc\": \">=2\"\n          },\n          \"info\": \"-@aQ\"\n        },\n        \"AF\": {\n          \"name\": \"Sm]\",\n          \"ay\": 1950,\n          \"url\": \"http://tdtbdcevfq.1gx7waovzzdy.akccrfdd9fe.9vtztlkno00k-zqmgtbmgi7l8zfi1knp0jt6-8194rylb.ncd5yywj5nnxi7jp-6.da/4'FVh%F3%94%94%88\",\n          \"info\": \"tu-\"\n        }\n      },\n      \"\": {\n        \"name\": \"B,=\\\"ZL1lD\",\n        \"ay\": 2004,\n        \"assign\": [\n          \"%\\\" \"\n        ],\n        \"match\": [],\n        \"satisfy\": [\n          \"!q\"\n        ],\n        \"url\": \"https://f.t6nkcarii2kaxhegu45kf6n4yi3o8kio-7gtvz1irkjabcq8tmhle5.chese15l-dfwc3eaex2ns9-qqxk0sztqi9huwzekpcj2o5obwiv-scg7bnuefsq.xbc/iBO/xtFq/y/WK1*d\",\n        \"info\": \"vStm>\\\\f%D\",\n        \"\": {\n          \"name\": \"<!\",\n          \"ay\": 1950,\n          \"assign\": [],\n          \"match\": [],\n          \"satisfy\": [],\n          \"info\": \"i]j}~{% |\"\n        },\n        \",\": {\n          \"name\": \"\",\n          \"ay\": 1954,\n          \"assign\": \"C\",\n          \"match\": {\n            \"pattern\": \"MZ9*E\",\n            \"exclude\": \"JK2*\",\n            \"info\": \"\"\n          },\n          \"satisfy\": {\n            \"and\": [\n              \"qig89(sA\",\n              {\n                \"and\": [\n                  \"!\"\n                ]\n              }\n            ]\n          },\n          \"url\": \"http://5ujkko-87x4mj3lgv22im8hcjz.g.dfeiqj9jdw4l94nf301i5q8a97zroeb99eihb.4.en8a5ha86ycezarc0m-wl0cn3oimgolz1flp5gp60o5znkjn0k3nyk.ah/9/t.92/qyZ6//omIO/7/fPn/4iy%F3%B1%B4%A2(+f*kZ\",\n          \"info\": \"fD($C+[erh\"\n        }\n      }\n    }\n  },\n  {\n    \"title\": \"block sample 6\",\n    \"value\": {\n      \"name\": \"M\",\n      \"match\": \"AC9\",\n      \"satisfy\": {\n        \"or\": [\n          {\n            \"mc\": \"<=195\"\n          },\n          {\n            \"or\": [\n              {\n                \"mc\": \">=75\"\n              },\n              {\n                \"and\": [\n                  {\n                    \"mc\": \"<=34\"\n                  }\n                ]\n              }\n            ]\n          }\n        ]\n      },\n      \"url\": \"http://8.beva.vwe/-%F3%B4%9A%A7qD/c8mz%F4%8E%B8%B6+/8/u/S_urMU=2t/_51~GGZE/+:%F1%8C%96%B8\",\n      \"info\": \"t*aU8 9I\",\n      \"R\": {\n        \"ay\": 1952,\n        \"assign\": [\n          \"\",\n          \"(s4_\",\n          \"GF2\",\n          \"ub /Rg(m\",\n          \",f~-Oa\"\n        ],\n        \"match\": {\n          \"pattern\": \"FXM7998\",\n          \"exclude\": \"GZ183\",\n          \"info\": \"\"\n        },\n        \"url\": \"http://819yypot5pp1-eo3d-u2eb5pg9q2wjqdx.nx.6758bk65s3k52yqmgv880ki0zamqj316vz417zigq78itfb5.z9awz3pl0t9v8c9dwwgawbtvs3hj.oln3-965ci9r55rz6y52j1g-lqv029n2u-x9wde36jxf.qcy\",\n        \"info\": \"\",\n        \"^[Rl)04\": {\n          \"name\": \"9LI S%.12:\",\n          \"ay\": 2002,\n          \"assign\": \"\",\n          \"match\": [\n            {\n              \"pattern\": \"QIU*\",\n              \"exclude\": [\n                \"ZTS4\",\n                \"XSF4398\",\n                \"XA7x8xD\",\n                \"ZSX*\",\n                \"NIO818\"\n              ],\n              \"info\": \"2\"\n            }\n          ],\n          \"satisfy\": [\n            {\n              \"and\": [\n                {\n                  \"or\": [\n                    \"n\",\n                    {\n                      \"or\": [\n                        \"z{KRf&2}Ih\",\n                        {\n                          \"mc\": \">=133\"\n                        },\n                        \"{\",\n                        \"2zV]?\"\n                      ]\n                    },\n                    \"\\\\kkWjW/@\"\n                  ]\n                },\n                {\n                  \"or\": [\n                    \"6RF\",\n                    \"nw\",\n                    {\n                      \"mc\": \"<=55\"\n                    }\n                  ]\n                }\n              ]\n            }\n          ],\n          \"url\": \"http://9i1u7p6123bpbx-bs3uks9dsos6d.lpoc/C%F3%BB%A9%AC!y/XkYu~%F2%BB%BD%BF'/rpFq/0wC8%F1%A1%AF%AA/z%F1%B5%AC%B0CK/52/6kyXOj/q/g7UZ%F0%B6%9F%BDrw9\",\n          \"info\": \"/:R1Hl \"\n        },\n        \"&T%.d\": {\n          \"name\": \"{te6T\",\n          \"ay\": 1977,\n          \"assign\": [\n            \";nFz\",\n            \"',P~S+=\",\n            \"HO5R;L}|`\"\n          ],\n          \"satisfy\": [\n            {\n              \"or\": []\n            },\n            {\n              \"and\": [\n                {\n                  \"mc\": \">=37\"\n                },\n                {\n                  \"or\": [\n                    {\n                      \"and\": [\n                        {\n                          \"and\": [\n                            \"n#|%fg0>#&\",\n                            \"a=;<dzDX\",\n                            \"H>\"\n                          ]\n                        }\n                      ]\n                    },\n                    {\n                      \"and\": [\n                        \",t:A\",\n                        \"i\\\"7rEw0\",\n                        \"XC7f!_h3f\",\n                        {\n                          \"mc\": \"<=132\"\n                        },\n                        {\n                          \"or\": [\n                            \"7\",\n                            \"E7um\"\n                          ]\n                        }\n                      ]\n                    },\n                    \"&<GqL.|P0B\"\n                  ]\n                },\n                {\n                  \"mc\": \"<=115\"\n                },\n                \"},BmsCFgCM\"\n              ]\n            },\n            {\n              \"or\": [\n                {\n                  \"and\": [\n                    {\n                      \"and\": [\n                        \"<\",\n                        \"\",\n                        {\n                          \"and\": [\n                            \"&:(w.*Vh,>\",\n                            {\n                              \"and\": [\n                                \"1g)%.De\"\n                              ]\n                            }\n                          ]\n                        }\n                      ]\n                    }\n                  ]\n                }\n              ]\n            },\n            {\n              \"or\": [\n                \"<bsU,\",\n                \"\"\n              ]\n            }\n          ]\n        },\n        \"\\\"t,%6i\": {\n          \"name\": \"\",\n          \"ay\": 2022,\n          \"assign\": \"{hiE.6M\",\n          \"match\": {\n            \"pattern\": \"CFJ32\",\n            \"exclude\": \"GD0\",\n            \"info\": \"L0mJpxk:\"\n          },\n          \"satisfy\": {\n            \"and\": [\n              {\n                \"mc\": \"<=24\"\n              },\n              {\n                \"and\": []\n              }\n            ]\n          },\n          \"url\": \"https://y.e3bntggalthq63i0h69nbb.u6vr7e.sr70pnjzu7miywlunyq0b4tgcd672fyhsteugw8g8uey.wytsgftk00rx6u65.dhb/DWWe%F2%A5%A5%A7foC)E/qcJ%F0%BB%A3%84g0%F4%89%A4%AClZ/n/p;\",\n          \"info\": \"\"\n        }\n      }\n    }\n  },\n  {\n    \"title\": \"block sample 7\",\n    \"value\": {\n      \"name\": \"z\\\"|\\\"+ \",\n      \"ay\": 1986,\n      \"assign\": [\n        \"\",\n        \" U\",\n        \"#XT$$4F2\"\n      ],\n      \"match\": \"BF2N\",\n      \"satisfy\": \"%g\",\n      \"url\": \"http://c.b.rlas.ab/%F3%82%B5%BE3Rr%F0%AB%BC%B6*)M\",\n      \"info\": \"\"\n    }\n  },\n  {\n    \"title\": \"block sample 8\",\n    \"value\": {\n      \"name\": \"}W}1s4}sS\",\n      \"ay\": 1952,\n      \"assign\": \"#xkz\",\n      \"match\": {\n        \"or\": [\n          \"CF1U\",\n          {\n            \"and\": [\n              \"JH592\"\n            ]\n          }\n        ]\n      },\n      \"satisfy\": {\n        \"and\": [\n          {\n            \"and\": [\n              {\n                \"and\": [\n                  \"RQ&l\",\n                  \"Y\"\n                ]\n              },\n              \">z!Y\",\n              \"&[>L@rP\",\n              {\n                \"and\": []\n              },\n              \"F}F:LaR\"\n            ]\n          },\n          {\n            \"and\": [\n              \"#@Lu\",\n              \"D\",\n              \"m{z\",\n              {\n                \"mc\": \"<=24\"\n              }\n            ]\n          }\n        ]\n      },\n      \"url\": \"https://o95x4-ptjy.96olxbpwa2kpurn.4bfyx0c0u92ylr2-z682d56kqtrkltlql.bbxjz\",\n      \"info\": \"\"\n    }\n  },\n  {\n    \"title\": \"block sample 9\",\n    \"value\": {\n      \"name\": \"V$]G\\\\\",\n      \"ay\": 1950,\n      \"satisfy\": [\n        \"[\",\n        {\n          \"or\": [\n            {\n              \"mc\": \">=8\"\n            }\n          ]\n        },\n        {\n          \"mc\": \"<=8\"\n        },\n        {\n          \"and\": [\n            {\n              \"or\": [\n                {\n                  \"and\": []\n                },\n                {\n                  \"or\": [\n                    {\n                      \"mc\": \"<=61\"\n                    },\n                    {\n                      \"and\": []\n                    },\n                    {\n                      \"or\": [\n                        \"OJen|%\\\"Z7M\",\n                        \"=*aRN7.Cw=\"\n                      ]\n                    },\n                    \"P9X_x \"\n                  ]\n                },\n                \"eb^\"\n              ]\n            },\n            {\n              \"mc\": \">=101\"\n            },\n            \"+OUS8\",\n            {\n              \"mc\": \"<=168\"\n            },\n            \"[\"\n          ]\n        }\n      ],\n      \"url\": \"http://vypehsz7c5gvt6xjclvzq-dr4xq16cldzhq1jk6cv.4198wqiklynlozxf6cjxa5qq13kv7rlpjhkwref9bsjucarxruga6-s.pmwy/gZI66%F1%99%8D%B2Yd/d77gbC\",\n      \"info\": \"*Q9[C@\"\n    }\n  }\n]",
              "code": "fast_check_1.sample(index_test_2.block, 10).forEach((sample, i) => addContext_1.default(this, {\n    title: `block sample ${i}`,\n    value: sample,\n}));\nreturn fast_check_1.assert(fast_check_1.property(index_test_2.block, ajvValidate));",
              "err": {},
              "uuid": "c35083fe-a34d-4bad-af25-b5338836e95c",
              "parentUUID": "6f64e6d3-5a87-464c-99ee-594d51d5f253",
              "isHook": false,
              "skipped": false
            },
            {
              "title": "should not validate non-object",
              "fullTitle": "blockSchema should not validate non-object",
              "timedOut": false,
              "duration": 9,
              "state": "passed",
              "speed": "fast",
              "pass": true,
              "fail": false,
              "pending": false,
              "context": null,
              "code": "const error = {\n    instancePath: \"\",\n    message: \"block should be an object\",\n};\nisInvalidBlock(null, error);\nisInvalidBlock(undefined, error);\nisInvalidBlock(10, error);\nisInvalidBlock([12, 24], error);\nisInvalidBlock(\"abc\", error);",
              "err": {},
              "uuid": "64315e40-d055-4c88-94c0-c4b2f4befa50",
              "parentUUID": "6f64e6d3-5a87-464c-99ee-594d51d5f253",
              "isHook": false,
              "skipped": false
            },
            {
              "title": "should not validate block with invalid properties",
              "fullTitle": "blockSchema should not validate block with invalid properties",
              "timedOut": false,
              "duration": 1,
              "state": "passed",
              "speed": "fast",
              "pass": true,
              "fail": false,
              "pending": false,
              "context": null,
              "code": "isInvalidBlock({\n        name: { foo: \"bar\" },\n        ay: -1000,\n        assign: {},\n        match: 1,\n        satisfy: 2,\n        url: { abc: \"def\" },\n        info: 42,\n    }, { instancePath: \"/name\", message: \"property 'name' should be a string\" }, {\n        instancePath: \"/ay\",\n        message: \"property 'ay' should be a positive integer\",\n    }, {\n        instancePath: \"/assign\",\n        message: \"property 'assign' should be either a block ID or an array of block IDs\",\n    }, {\n        instancePath: \"/match\",\n        message: \"property 'match' should be either a match rule or an array of match rules\",\n    }, {\n        instancePath: \"/satisfy\",\n        message: \"property 'satisfy' should be either a satisfy rule or an array of satisfy rules\",\n    }, { instancePath: \"/url\", message: \"property 'url' should be a string\" }, { instancePath: \"/info\", message: \"property 'info' should be a string\" })",
              "err": {},
              "uuid": "3067ab33-6db9-4ff8-9891-6fe3316d3aa2",
              "parentUUID": "6f64e6d3-5a87-464c-99ee-594d51d5f253",
              "isHook": false,
              "skipped": false
            }
          ],
          "suites": [],
          "passes": [
            "c35083fe-a34d-4bad-af25-b5338836e95c",
            "64315e40-d055-4c88-94c0-c4b2f4befa50",
            "3067ab33-6db9-4ff8-9891-6fe3316d3aa2"
          ],
          "failures": [],
          "pending": [],
          "skipped": [],
          "duration": 226,
          "root": false,
          "rootEmpty": false,
          "_timeout": 2000
        },
        {
          "uuid": "c8846d66-0660-4d0c-97be-b3e8e5dbef13",
          "title": "patternSchema",
          "fullFile": "/home/runner/work/planwithus-lib/planwithus-lib/src/matchRule/pattern/schemas.test.ts",
          "file": "/src/matchRule/pattern/schemas.test.ts",
          "beforeHooks": [],
          "afterHooks": [],
          "tests": [
            {
              "title": "should validate non-empty pattern composed of A-Z, 0-9, x or *",
              "fullTitle": "patternSchema should validate non-empty pattern composed of A-Z, 0-9, x or *",
              "timedOut": false,
              "duration": 2,
              "state": "passed",
              "speed": "fast",
              "pass": true,
              "fail": false,
              "pending": false,
              "context": "[\n  {\n    \"title\": \"pattern sample 0\",\n    \"value\": \"YRD3*\"\n  },\n  {\n    \"title\": \"pattern sample 1\",\n    \"value\": \"UUZ5\"\n  },\n  {\n    \"title\": \"pattern sample 2\",\n    \"value\": \"KM619\"\n  },\n  {\n    \"title\": \"pattern sample 3\",\n    \"value\": \"KSQ3x\"\n  },\n  {\n    \"title\": \"pattern sample 4\",\n    \"value\": \"BYX1\"\n  },\n  {\n    \"title\": \"pattern sample 5\",\n    \"value\": \"BK60F\"\n  },\n  {\n    \"title\": \"pattern sample 6\",\n    \"value\": \"KJ2U\"\n  },\n  {\n    \"title\": \"pattern sample 7\",\n    \"value\": \"VP5xE\"\n  },\n  {\n    \"title\": \"pattern sample 8\",\n    \"value\": \"HH62R\"\n  },\n  {\n    \"title\": \"pattern sample 9\",\n    \"value\": \"HMH50xS\"\n  }\n]",
              "code": "fast_check_1.sample(index_test_2.pattern, 10).forEach((sample, i) => addContext_1.default(this, {\n    title: `pattern sample ${i}`,\n    value: sample,\n}));\nreturn fast_check_1.assert(fast_check_1.property(index_test_2.pattern, ajvValidate), {\n    examples: [[\"*\"], [\"ACC1002\"], [\"IS1103\"], [\"CS1231S\"], [\"MA1102R\"]],\n});",
              "err": {},
              "uuid": "6024161d-f1d8-44e0-9df9-0a81068ce8d6",
              "parentUUID": "c8846d66-0660-4d0c-97be-b3e8e5dbef13",
              "isHook": false,
              "skipped": false
            },
            {
              "title": "should not validate empty pattern",
              "fullTitle": "patternSchema should not validate empty pattern",
              "timedOut": false,
              "duration": 0,
              "state": "passed",
              "speed": "fast",
              "pass": true,
              "fail": false,
              "pending": false,
              "context": null,
              "code": "isInvalidPattern(\"\")",
              "err": {},
              "uuid": "c0376e66-0916-4f54-b7ba-2b843ebd61d4",
              "parentUUID": "c8846d66-0660-4d0c-97be-b3e8e5dbef13",
              "isHook": false,
              "skipped": false
            },
            {
              "title": "should not validate pattern with invalid characters",
              "fullTitle": "patternSchema should not validate pattern with invalid characters",
              "timedOut": false,
              "duration": 1,
              "state": "passed",
              "speed": "fast",
              "pass": true,
              "fail": false,
              "pending": false,
              "context": null,
              "code": "[\"AB123a\", \"Ac123a\", \"AB123^S\", \"AB1*3^S\", \"$A1*3^S\", \"/A1x33S\"].forEach(isInvalidPattern)",
              "err": {},
              "uuid": "e020c5e2-aae8-4b6b-a646-3005efb16c37",
              "parentUUID": "c8846d66-0660-4d0c-97be-b3e8e5dbef13",
              "isHook": false,
              "skipped": false
            }
          ],
          "suites": [],
          "passes": [
            "6024161d-f1d8-44e0-9df9-0a81068ce8d6",
            "c0376e66-0916-4f54-b7ba-2b843ebd61d4",
            "e020c5e2-aae8-4b6b-a646-3005efb16c37"
          ],
          "failures": [],
          "pending": [],
          "skipped": [],
          "duration": 3,
          "root": false,
          "rootEmpty": false,
          "_timeout": 2000
        },
        {
          "uuid": "02e90706-08bd-4d0b-b754-8cbdc9023750",
          "title": "matchRuleSchema",
          "fullFile": "/home/runner/work/planwithus-lib/planwithus-lib/src/matchRule/schemas.test.ts",
          "file": "/src/matchRule/schemas.test.ts",
          "beforeHooks": [],
          "afterHooks": [],
          "tests": [
            {
              "title": "should validate match rule with valid pattern",
              "fullTitle": "matchRuleSchema should validate match rule with valid pattern",
              "timedOut": false,
              "duration": 1,
              "state": "passed",
              "speed": "fast",
              "pass": true,
              "fail": false,
              "pending": false,
              "context": "[\n  {\n    \"title\": \"pattern sample 0\",\n    \"value\": \"CZ60\"\n  },\n  {\n    \"title\": \"pattern sample 1\",\n    \"value\": \"BZ587xC\"\n  },\n  {\n    \"title\": \"pattern sample 2\",\n    \"value\": \"ANx\"\n  },\n  {\n    \"title\": \"pattern sample 3\",\n    \"value\": \"MS6797\"\n  },\n  {\n    \"title\": \"pattern sample 4\",\n    \"value\": \"FDV0\"\n  },\n  {\n    \"title\": \"pattern sample 5\",\n    \"value\": \"MU42B\"\n  },\n  {\n    \"title\": \"pattern sample 6\",\n    \"value\": \"GQLx963\"\n  },\n  {\n    \"title\": \"pattern sample 7\",\n    \"value\": \"PL66U\"\n  },\n  {\n    \"title\": \"pattern sample 8\",\n    \"value\": \"XQ55x9\"\n  },\n  {\n    \"title\": \"pattern sample 9\",\n    \"value\": \"SE8752\"\n  }\n]",
              "code": "fast_check_1.sample(index_test_3.pattern, 10).forEach((sample, i) => addContext_1.default(this, {\n    title: `pattern sample ${i}`,\n    value: sample,\n}));\nreturn fast_check_1.assert(fast_check_1.property(index_test_3.pattern, ajvValidate));",
              "err": {},
              "uuid": "822ea0d0-5969-41b3-af8a-13b8ca09bcb4",
              "parentUUID": "02e90706-08bd-4d0b-b754-8cbdc9023750",
              "isHook": false,
              "skipped": false
            },
            {
              "title": "should validate match rules with valid pattern, exclude and info",
              "fullTitle": "matchRuleSchema should validate match rules with valid pattern, exclude and info",
              "timedOut": false,
              "duration": 4,
              "state": "passed",
              "speed": "fast",
              "pass": true,
              "fail": false,
              "pending": false,
              "context": "[\n  {\n    \"title\": \"patternMatchRule sample 0\",\n    \"value\": {\n      \"pattern\": \"AF4990\",\n      \"exclude\": \"NQ277xF\",\n      \"info\": \"|%&\"\n    }\n  },\n  {\n    \"title\": \"patternMatchRule sample 1\",\n    \"value\": {\n      \"pattern\": \"ET62\",\n      \"info\": \"tA\"\n    }\n  },\n  {\n    \"title\": \"patternMatchRule sample 2\",\n    \"value\": {\n      \"pattern\": \"RRI42U\",\n      \"exclude\": [\n        \"WH46\"\n      ],\n      \"info\": \"\"\n    }\n  },\n  {\n    \"title\": \"patternMatchRule sample 3\",\n    \"value\": {\n      \"pattern\": \"OF3\",\n      \"exclude\": \"PJ417\",\n      \"info\": \"lA(h-8rUJi\"\n    }\n  },\n  {\n    \"title\": \"patternMatchRule sample 4\",\n    \"value\": {\n      \"pattern\": \"EZ750\",\n      \"exclude\": \"BYL7\"\n    }\n  },\n  {\n    \"title\": \"patternMatchRule sample 5\",\n    \"value\": {\n      \"pattern\": \"GU2O\",\n      \"exclude\": [\n        \"MB682\",\n        \"GCU6M\",\n        \"DI4x63F\",\n        \"NA7*8T\",\n        \"VTB3B\"\n      ],\n      \"info\": \"u9%b~<\"\n    }\n  },\n  {\n    \"title\": \"patternMatchRule sample 6\",\n    \"value\": {\n      \"pattern\": \"GS89\",\n      \"exclude\": \"CN5T\",\n      \"info\": \"|z{_%}~\"\n    }\n  },\n  {\n    \"title\": \"patternMatchRule sample 7\",\n    \"value\": {\n      \"pattern\": \"NU10\",\n      \"exclude\": \"HZ3\",\n      \"info\": \"$\\\"?`\\\"!1$\"\n    }\n  },\n  {\n    \"title\": \"patternMatchRule sample 8\",\n    \"value\": {\n      \"pattern\": \"AP7R\",\n      \"exclude\": [\n        \"BCM14\",\n        \"IJ*22\"\n      ],\n      \"info\": \"fA9@iP\"\n    }\n  },\n  {\n    \"title\": \"patternMatchRule sample 9\",\n    \"value\": {\n      \"pattern\": \"LWT915\",\n      \"info\": \"f&\"\n    }\n  }\n]",
              "code": "fast_check_1.sample(index_test_2.patternMatchRule, 10).forEach((sample, i) => addContext_1.default(this, {\n    title: `patternMatchRule sample ${i}`,\n    value: sample,\n}));\nreturn fast_check_1.assert(fast_check_1.property(index_test_2.patternMatchRule, ajvValidate));",
              "err": {},
              "uuid": "988faeac-a990-4b90-af86-00a7234cf09d",
              "parentUUID": "02e90706-08bd-4d0b-b754-8cbdc9023750",
              "isHook": false,
              "skipped": false
            },
            {
              "title": "should validate valid recursive match rules",
              "fullTitle": "matchRuleSchema should validate valid recursive match rules",
              "timedOut": false,
              "duration": 8,
              "state": "passed",
              "speed": "fast",
              "pass": true,
              "fail": false,
              "pending": false,
              "context": "[\n  {\n    \"title\": \"matchRule sample 0\",\n    \"value\": \"FB6754A\"\n  },\n  {\n    \"title\": \"matchRule sample 1\",\n    \"value\": {\n      \"and\": [\n        {\n          \"pattern\": \"RW*\",\n          \"exclude\": [\n            \"VI58x3N\"\n          ],\n          \"info\": \"\"\n        },\n        {\n          \"and\": [\n            \"JK6\"\n          ]\n        },\n        \"XVA**8*\"\n      ]\n    }\n  },\n  {\n    \"title\": \"matchRule sample 2\",\n    \"value\": \"NB955\"\n  },\n  {\n    \"title\": \"matchRule sample 3\",\n    \"value\": {\n      \"pattern\": \"NOP7\",\n      \"exclude\": \"XH3624\",\n      \"info\": \"i-Pf)cCZ\"\n    }\n  },\n  {\n    \"title\": \"matchRule sample 4\",\n    \"value\": \"RV5H\"\n  },\n  {\n    \"title\": \"matchRule sample 5\",\n    \"value\": {\n      \"and\": [\n        {\n          \"and\": [\n            \"II7x36V\",\n            \"OO62\"\n          ]\n        },\n        {\n          \"and\": []\n        },\n        \"BZ51\"\n      ]\n    }\n  },\n  {\n    \"title\": \"matchRule sample 6\",\n    \"value\": \"UKU0\"\n  },\n  {\n    \"title\": \"matchRule sample 7\",\n    \"value\": {\n      \"or\": [\n        {\n          \"or\": [\n            \"XOMx9\"\n          ]\n        }\n      ]\n    }\n  },\n  {\n    \"title\": \"matchRule sample 8\",\n    \"value\": {\n      \"pattern\": \"MO53M\",\n      \"info\": \"&\"\n    }\n  },\n  {\n    \"title\": \"matchRule sample 9\",\n    \"value\": \"EMF4C\"\n  }\n]",
              "code": "fast_check_1.sample(index_test_2.matchRule, 10).forEach((sample, i) => addContext_1.default(this, {\n    title: `matchRule sample ${i}`,\n    value: sample,\n}));\nreturn fast_check_1.assert(fast_check_1.property(index_test_2.matchRule, ajvValidate));",
              "err": {},
              "uuid": "c7778024-6ac0-4ebb-9ed6-63d41e9a644f",
              "parentUUID": "02e90706-08bd-4d0b-b754-8cbdc9023750",
              "isHook": false,
              "skipped": false
            },
            {
              "title": "should not validate non-string/object",
              "fullTitle": "matchRuleSchema should not validate non-string/object",
              "timedOut": false,
              "duration": 1,
              "state": "passed",
              "speed": "fast",
              "pass": true,
              "fail": false,
              "pending": false,
              "context": null,
              "code": "const error = {\n    instancePath: \"\",\n    message: \"match rule should be either a string or an object\",\n};\nisInvalidRule(null, error);\nisInvalidRule(undefined, error);\nisInvalidRule(10, error);\nisInvalidRule([12, 24], error);",
              "err": {},
              "uuid": "bc17ff5e-2b03-49be-bc6e-d18e664a09f2",
              "parentUUID": "02e90706-08bd-4d0b-b754-8cbdc9023750",
              "isHook": false,
              "skipped": false
            },
            {
              "title": "should not validate match rules with extra properties",
              "fullTitle": "matchRuleSchema should not validate match rules with extra properties",
              "timedOut": false,
              "duration": 1,
              "state": "passed",
              "speed": "fast",
              "pass": true,
              "fail": false,
              "pending": false,
              "context": null,
              "code": "isInvalidRule({\n        and: [{ or: [{ pattern: \"CS2103T\", info2: \"foobar\" }], abc: \"def\" }],\n        mno: \"pqr\",\n    }, {\n        instancePath: \"/and/0/or/0\",\n        message: \"pattern match rule should have properties 'pattern', 'exclude' (optional) and 'info' (optional) only\",\n    }, {\n        instancePath: \"/and/0\",\n        message: \"or match rule should have property 'or' only\",\n    }, {\n        instancePath: \"\",\n        message: \"and match rule should have property 'and' only\",\n    })",
              "err": {},
              "uuid": "c3bfeb16-5276-40a6-b03c-376f5a80f8e6",
              "parentUUID": "02e90706-08bd-4d0b-b754-8cbdc9023750",
              "isHook": false,
              "skipped": false
            },
            {
              "title": "should not validate ambiguous match rules",
              "fullTitle": "matchRuleSchema should not validate ambiguous match rules",
              "timedOut": false,
              "duration": 0,
              "state": "passed",
              "speed": "fast",
              "pass": true,
              "fail": false,
              "pending": false,
              "context": null,
              "code": "const message = \"match rule should have only one of properties 'pattern', 'and', 'or'\";\nisInvalidRule({\n    or: [\n        { pattern: \"CS1231\", and: [] },\n        { pattern: \"CS1231\", or: [] },\n        { and: [{ and: [\"abc\"], or: [\"def\"] }] },\n    ],\n}, { instancePath: \"/or/0\", message }, { instancePath: \"/or/1\", message }, { instancePath: \"/or/2/and/0\", message });",
              "err": {},
              "uuid": "0f176bae-ce82-458b-9f49-6d64622a2047",
              "parentUUID": "02e90706-08bd-4d0b-b754-8cbdc9023750",
              "isHook": false,
              "skipped": false
            },
            {
              "title": "should not validate pattern match rule with invalid patterns",
              "fullTitle": "matchRuleSchema should not validate pattern match rule with invalid patterns",
              "timedOut": false,
              "duration": 1,
              "state": "passed",
              "speed": "fast",
              "pass": true,
              "fail": false,
              "pending": false,
              "context": null,
              "code": "const message = \"pattern should be a non-empty string composed of A-Z, 0-9, x or *\";\nisInvalidRule({\n    and: [\n        \"CS210c\",\n        { pattern: \"CS2100\", exclude: \"CS1231s\" },\n        { pattern: \"CS210#T\", exclude: [\"CS1231\", \"CS21%\"] },\n    ],\n}, { instancePath: \"/and/0\", message }, { instancePath: \"/and/1/exclude\", message }, { instancePath: \"/and/2/pattern\", message }, { instancePath: \"/and/2/exclude/1\", message });",
              "err": {},
              "uuid": "add02636-65f6-4252-8f88-a75402ca9c25",
              "parentUUID": "02e90706-08bd-4d0b-b754-8cbdc9023750",
              "isHook": false,
              "skipped": false
            },
            {
              "title": "should not validate pattern match rule with non-string/array exclude",
              "fullTitle": "matchRuleSchema should not validate pattern match rule with non-string/array exclude",
              "timedOut": false,
              "duration": 1,
              "state": "passed",
              "speed": "fast",
              "pass": true,
              "fail": false,
              "pending": false,
              "context": null,
              "code": "const message = \"property 'exclude' should be either a pattern or an array of patterns\";\nisInvalidRule({\n    or: [\n        { pattern: \"CS2101\", exclude: {} },\n        { pattern: \"CS2101\", exclude: 5 },\n    ],\n}, { instancePath: \"/or/0/exclude\", message }, { instancePath: \"/or/1/exclude\", message });",
              "err": {},
              "uuid": "1e053e60-6be9-437e-a296-8a0545feab33",
              "parentUUID": "02e90706-08bd-4d0b-b754-8cbdc9023750",
              "isHook": false,
              "skipped": false
            },
            {
              "title": "should not validate pattern match rule with non-string info",
              "fullTitle": "matchRuleSchema should not validate pattern match rule with non-string info",
              "timedOut": false,
              "duration": 0,
              "state": "passed",
              "speed": "fast",
              "pass": true,
              "fail": false,
              "pending": false,
              "context": null,
              "code": "const message = \"property 'info' should be a string\";\nisInvalidRule({ pattern: \"CS2101\", info: 42 }, { instancePath: \"/info\", message });",
              "err": {},
              "uuid": "f0de640b-7bb0-4ee5-8f7c-796256cfe667",
              "parentUUID": "02e90706-08bd-4d0b-b754-8cbdc9023750",
              "isHook": false,
              "skipped": false
            },
            {
              "title": "should not validate and match rules with non-array property",
              "fullTitle": "matchRuleSchema should not validate and match rules with non-array property",
              "timedOut": false,
              "duration": 1,
              "state": "passed",
              "speed": "fast",
              "pass": true,
              "fail": false,
              "pending": false,
              "context": null,
              "code": "const message = \"property 'and' should be an array of match rules\";\nisInvalidRule({ or: [{ and: {} }, { or: [{ and: 3 }] }] }, { instancePath: \"/or/0/and\", message }, { instancePath: \"/or/1/or/0/and\", message });",
              "err": {},
              "uuid": "f7498fa7-9e88-4aa0-8451-292f2050ecb7",
              "parentUUID": "02e90706-08bd-4d0b-b754-8cbdc9023750",
              "isHook": false,
              "skipped": false
            },
            {
              "title": "should not validate or match rules with non-array property",
              "fullTitle": "matchRuleSchema should not validate or match rules with non-array property",
              "timedOut": false,
              "duration": 0,
              "state": "passed",
              "speed": "fast",
              "pass": true,
              "fail": false,
              "pending": false,
              "context": null,
              "code": "const message = \"property 'or' should be an array of match rules\";\nisInvalidRule({ or: [{ or: {} }, { and: [{ or: 3 }] }] }, { instancePath: \"/or/0/or\", message }, { instancePath: \"/or/1/and/0/or\", message });",
              "err": {},
              "uuid": "c2566f37-909a-4f1b-973b-0e743315a67d",
              "parentUUID": "02e90706-08bd-4d0b-b754-8cbdc9023750",
              "isHook": false,
              "skipped": false
            }
          ],
          "suites": [],
          "passes": [
            "822ea0d0-5969-41b3-af8a-13b8ca09bcb4",
            "988faeac-a990-4b90-af86-00a7234cf09d",
            "c7778024-6ac0-4ebb-9ed6-63d41e9a644f",
            "bc17ff5e-2b03-49be-bc6e-d18e664a09f2",
            "c3bfeb16-5276-40a6-b03c-376f5a80f8e6",
            "0f176bae-ce82-458b-9f49-6d64622a2047",
            "add02636-65f6-4252-8f88-a75402ca9c25",
            "1e053e60-6be9-437e-a296-8a0545feab33",
            "f0de640b-7bb0-4ee5-8f7c-796256cfe667",
            "f7498fa7-9e88-4aa0-8451-292f2050ecb7",
            "c2566f37-909a-4f1b-973b-0e743315a67d"
          ],
          "failures": [],
          "pending": [],
          "skipped": [],
          "duration": 18,
          "root": false,
          "rootEmpty": false,
          "_timeout": 2000
        },
        {
          "uuid": "d08ff1c0-8a71-4982-a6a8-bdabef7ba85b",
          "title": "inequalitySchema",
          "fullFile": "/home/runner/work/planwithus-lib/planwithus-lib/src/satisfyRule/inequality/schemas.test.ts",
          "file": "/src/satisfyRule/inequality/schemas.test.ts",
          "beforeHooks": [],
          "afterHooks": [],
          "tests": [
            {
              "title": "should validate inequality in the form <=n or >=n",
              "fullTitle": "inequalitySchema should validate inequality in the form <=n or >=n",
              "timedOut": false,
              "duration": 1,
              "state": "passed",
              "speed": "fast",
              "pass": true,
              "fail": false,
              "pending": false,
              "context": "[\n  {\n    \"title\": \"inequality sample 0\",\n    \"value\": \">=132\"\n  },\n  {\n    \"title\": \"inequality sample 1\",\n    \"value\": \"<=5\"\n  },\n  {\n    \"title\": \"inequality sample 2\",\n    \"value\": \"<=162\"\n  },\n  {\n    \"title\": \"inequality sample 3\",\n    \"value\": \"<=198\"\n  },\n  {\n    \"title\": \"inequality sample 4\",\n    \"value\": \"<=3\"\n  },\n  {\n    \"title\": \"inequality sample 5\",\n    \"value\": \"<=195\"\n  },\n  {\n    \"title\": \"inequality sample 6\",\n    \"value\": \"<=62\"\n  },\n  {\n    \"title\": \"inequality sample 7\",\n    \"value\": \"<=39\"\n  },\n  {\n    \"title\": \"inequality sample 8\",\n    \"value\": \"<=115\"\n  },\n  {\n    \"title\": \"inequality sample 9\",\n    \"value\": \"<=84\"\n  }\n]",
              "code": "fast_check_1.sample(index_test_2.inequality, 10).forEach((sample, i) => addContext_1.default(this, {\n    title: `inequality sample ${i}`,\n    value: sample,\n}));\nreturn fast_check_1.assert(fast_check_1.property(index_test_2.inequality, ajvValidate));",
              "err": {},
              "uuid": "e19389be-f434-4842-8f4b-1e5650b1aadf",
              "parentUUID": "d08ff1c0-8a71-4982-a6a8-bdabef7ba85b",
              "isHook": false,
              "skipped": false
            },
            {
              "title": "should not validate inequality of invalid form",
              "fullTitle": "inequalitySchema should not validate inequality of invalid form",
              "timedOut": false,
              "duration": 2,
              "state": "passed",
              "speed": "fast",
              "pass": true,
              "fail": false,
              "pending": false,
              "context": null,
              "code": "[\n        \"\",\n        \"==23\",\n        \"23\",\n        \"<23\",\n        \">23\",\n        \"<=-1\",\n        \">=-1\",\n        \"<= 2\",\n        \">= 1\",\n        \"> 3\",\n        \"< 3\",\n        \"<=3a\",\n        \">=3a\",\n        \"a<=3\",\n        \"a>=3\",\n    ].forEach(isInvalidInequality)",
              "err": {},
              "uuid": "bba74d26-488a-497e-a553-a217e821d3a2",
              "parentUUID": "d08ff1c0-8a71-4982-a6a8-bdabef7ba85b",
              "isHook": false,
              "skipped": false
            }
          ],
          "suites": [],
          "passes": [
            "e19389be-f434-4842-8f4b-1e5650b1aadf",
            "bba74d26-488a-497e-a553-a217e821d3a2"
          ],
          "failures": [],
          "pending": [],
          "skipped": [],
          "duration": 3,
          "root": false,
          "rootEmpty": false,
          "_timeout": 2000
        },
        {
          "uuid": "477b7aa5-dd13-4ba9-a9ba-b3ae9326647b",
          "title": "satisfyRuleSchema",
          "fullFile": "/home/runner/work/planwithus-lib/planwithus-lib/src/satisfyRule/schemas.test.ts",
          "file": "/src/satisfyRule/schemas.test.ts",
          "beforeHooks": [],
          "afterHooks": [],
          "tests": [
            {
              "title": "should validate satisfy rule with valid block id",
              "fullTitle": "satisfyRuleSchema should validate satisfy rule with valid block id",
              "timedOut": false,
              "duration": 1,
              "state": "passed",
              "speed": "fast",
              "pass": true,
              "fail": false,
              "pending": false,
              "context": null,
              "code": "fast_check_1.assert(fast_check_1.property(fast_check_1.string(), ajvValidate)",
              "err": {},
              "uuid": "e661d0b5-585d-4b0b-a1d0-4b3fbe590980",
              "parentUUID": "477b7aa5-dd13-4ba9-a9ba-b3ae9326647b",
              "isHook": false,
              "skipped": false
            },
            {
              "title": "should validate satisfy rules with valid mc",
              "fullTitle": "satisfyRuleSchema should validate satisfy rules with valid mc",
              "timedOut": false,
              "duration": 2,
              "state": "passed",
              "speed": "fast",
              "pass": true,
              "fail": false,
              "pending": false,
              "context": "[\n  {\n    \"title\": \"mcSatisfyRule sample 0\",\n    \"value\": {\n      \"mc\": \">=112\"\n    }\n  },\n  {\n    \"title\": \"mcSatisfyRule sample 1\",\n    \"value\": {\n      \"mc\": \"<=5\"\n    }\n  },\n  {\n    \"title\": \"mcSatisfyRule sample 2\",\n    \"value\": {\n      \"mc\": \"<=5\"\n    }\n  },\n  {\n    \"title\": \"mcSatisfyRule sample 3\",\n    \"value\": {\n      \"mc\": \"<=6\"\n    }\n  },\n  {\n    \"title\": \"mcSatisfyRule sample 4\",\n    \"value\": {\n      \"mc\": \">=185\"\n    }\n  },\n  {\n    \"title\": \"mcSatisfyRule sample 5\",\n    \"value\": {\n      \"mc\": \">=94\"\n    }\n  },\n  {\n    \"title\": \"mcSatisfyRule sample 6\",\n    \"value\": {\n      \"mc\": \"<=165\"\n    }\n  },\n  {\n    \"title\": \"mcSatisfyRule sample 7\",\n    \"value\": {\n      \"mc\": \">=200\"\n    }\n  },\n  {\n    \"title\": \"mcSatisfyRule sample 8\",\n    \"value\": {\n      \"mc\": \">=5\"\n    }\n  },\n  {\n    \"title\": \"mcSatisfyRule sample 9\",\n    \"value\": {\n      \"mc\": \"<=174\"\n    }\n  }\n]",
              "code": "fast_check_1.sample(index_test_2.mcSatisfyRule, 10).forEach((sample, i) => addContext_1.default(this, {\n    title: `mcSatisfyRule sample ${i}`,\n    value: sample,\n}));\nreturn fast_check_1.assert(fast_check_1.property(index_test_2.mcSatisfyRule, ajvValidate));",
              "err": {},
              "uuid": "71c3afce-5412-427a-b9d2-b29f7bab7c53",
              "parentUUID": "477b7aa5-dd13-4ba9-a9ba-b3ae9326647b",
              "isHook": false,
              "skipped": false
            },
            {
              "title": "should validate valid recursive satisfy rules",
              "fullTitle": "satisfyRuleSchema should validate valid recursive satisfy rules",
              "timedOut": false,
              "duration": 4,
              "state": "passed",
              "speed": "fast",
              "pass": true,
              "fail": false,
              "pending": false,
              "context": "[\n  {\n    \"title\": \"satisfyRule sample 0\",\n    \"value\": {\n      \"and\": [\n        {\n          \"mc\": \"<=53\"\n        }\n      ]\n    }\n  },\n  {\n    \"title\": \"satisfyRule sample 1\",\n    \"value\": \"&\"\n  },\n  {\n    \"title\": \"satisfyRule sample 2\",\n    \"value\": \"KeqIv@\"\n  },\n  {\n    \"title\": \"satisfyRule sample 3\",\n    \"value\": {\n      \"mc\": \">=41\"\n    }\n  },\n  {\n    \"title\": \"satisfyRule sample 4\",\n    \"value\": {\n      \"or\": [\n        \"7R\"\n      ]\n    }\n  },\n  {\n    \"title\": \"satisfyRule sample 5\",\n    \"value\": {\n      \"or\": [\n        {\n          \"and\": [\n            \"<:G~g1\",\n            {\n              \"and\": []\n            }\n          ]\n        }\n      ]\n    }\n  },\n  {\n    \"title\": \"satisfyRule sample 6\",\n    \"value\": {\n      \"mc\": \">=194\"\n    }\n  },\n  {\n    \"title\": \"satisfyRule sample 7\",\n    \"value\": \"C&^j|I~%\"\n  },\n  {\n    \"title\": \"satisfyRule sample 8\",\n    \"value\": {\n      \"and\": [\n        {\n          \"mc\": \">=7\"\n        },\n        \" [!y\",\n        \"C$$y#J \",\n        {\n          \"or\": [\n            {\n              \"and\": [\n                \"6\",\n                \"T8tY~WQ0\",\n                {\n                  \"mc\": \">=77\"\n                }\n              ]\n            },\n            \"5\\\\: J1h\"\n          ]\n        }\n      ]\n    }\n  },\n  {\n    \"title\": \"satisfyRule sample 9\",\n    \"value\": {\n      \"mc\": \">=195\"\n    }\n  }\n]",
              "code": "fast_check_1.sample(index_test_2.satisfyRule, 10).forEach((sample, i) => addContext_1.default(this, {\n    title: `satisfyRule sample ${i}`,\n    value: sample,\n}));\nreturn fast_check_1.assert(fast_check_1.property(index_test_2.satisfyRule, ajvValidate));",
              "err": {},
              "uuid": "55fb62e6-bd05-4f99-9184-ea7b334c8292",
              "parentUUID": "477b7aa5-dd13-4ba9-a9ba-b3ae9326647b",
              "isHook": false,
              "skipped": false
            },
            {
              "title": "should not validate non-string/object",
              "fullTitle": "satisfyRuleSchema should not validate non-string/object",
              "timedOut": false,
              "duration": 1,
              "state": "passed",
              "speed": "fast",
              "pass": true,
              "fail": false,
              "pending": false,
              "context": null,
              "code": "const error = {\n    instancePath: \"\",\n    message: \"satisfy rule should be either a string or an object\",\n};\nisInvalidRule(null, error);\nisInvalidRule(undefined, error);\nisInvalidRule(10, error);\nisInvalidRule([12, 24], error);",
              "err": {},
              "uuid": "365a655f-14dc-4831-afcf-105604f436b6",
              "parentUUID": "477b7aa5-dd13-4ba9-a9ba-b3ae9326647b",
              "isHook": false,
              "skipped": false
            },
            {
              "title": "should not validate satisfy rules with extra properties",
              "fullTitle": "satisfyRuleSchema should not validate satisfy rules with extra properties",
              "timedOut": false,
              "duration": 0,
              "state": "passed",
              "speed": "fast",
              "pass": true,
              "fail": false,
              "pending": false,
              "context": null,
              "code": "isInvalidRule({\n        and: [\n            { or: [\"2k\"], abc: \"def\" },\n            { mc: 8, ghi: \"jkl\" },\n        ],\n        mno: \"pqr\",\n    }, {\n        instancePath: \"/and/0\",\n        message: \"or satisfy rule should have property 'or' only\",\n    }, {\n        instancePath: \"/and/1\",\n        message: \"MC satisfy rule should have property 'mc' only\",\n    }, {\n        instancePath: \"\",\n        message: \"and satisfy rule should have property 'and' only\",\n    })",
              "err": {},
              "uuid": "e032721f-a4ef-4ca7-ab32-56fc37ddccd6",
              "parentUUID": "477b7aa5-dd13-4ba9-a9ba-b3ae9326647b",
              "isHook": false,
              "skipped": false
            },
            {
              "title": "should not validate ambiguous satisfy rules",
              "fullTitle": "satisfyRuleSchema should not validate ambiguous satisfy rules",
              "timedOut": false,
              "duration": 0,
              "state": "passed",
              "speed": "fast",
              "pass": true,
              "fail": false,
              "pending": false,
              "context": null,
              "code": "const message = \"satisfy rule should have only one of properties 'mc', 'and', 'or'\";\nisInvalidRule({\n    or: [\n        { mc: 5, and: [\"CS2040\"] },\n        { and: [{ and: [\"abc\"], or: [\"def\"] }] },\n    ],\n}, { instancePath: \"/or/0\", message }, { instancePath: \"/or/1/and/0\", message });",
              "err": {},
              "uuid": "98d02e38-fc9b-4e68-9cc0-7f5f44d024ad",
              "parentUUID": "477b7aa5-dd13-4ba9-a9ba-b3ae9326647b",
              "isHook": false,
              "skipped": false
            },
            {
              "title": "should not validate and satisfy rules with non-array property",
              "fullTitle": "satisfyRuleSchema should not validate and satisfy rules with non-array property",
              "timedOut": false,
              "duration": 1,
              "state": "passed",
              "speed": "fast",
              "pass": true,
              "fail": false,
              "pending": false,
              "context": null,
              "code": "const message = \"property 'and' should be an array of satisfy rules\";\nisInvalidRule({ or: [{ and: {} }, { or: [{ and: 3 }] }] }, { instancePath: \"/or/0/and\", message }, { instancePath: \"/or/1/or/0/and\", message });",
              "err": {},
              "uuid": "b2b3a49b-67b5-4bb0-939f-90aca987010c",
              "parentUUID": "477b7aa5-dd13-4ba9-a9ba-b3ae9326647b",
              "isHook": false,
              "skipped": false
            },
            {
              "title": "should not validate or satisfy rules with non-array property",
              "fullTitle": "satisfyRuleSchema should not validate or satisfy rules with non-array property",
              "timedOut": false,
              "duration": 0,
              "state": "passed",
              "speed": "fast",
              "pass": true,
              "fail": false,
              "pending": false,
              "context": null,
              "code": "const message = \"property 'or' should be an array of satisfy rules\";\nisInvalidRule({ and: [{ or: {} }, { and: [{ or: 3 }] }] }, { instancePath: \"/and/0/or\", message }, { instancePath: \"/and/1/and/0/or\", message });",
              "err": {},
              "uuid": "6528bb63-6177-4824-88d1-e1d1ffed0b74",
              "parentUUID": "477b7aa5-dd13-4ba9-a9ba-b3ae9326647b",
              "isHook": false,
              "skipped": false
            }
          ],
          "suites": [],
          "passes": [
            "e661d0b5-585d-4b0b-a1d0-4b3fbe590980",
            "71c3afce-5412-427a-b9d2-b29f7bab7c53",
            "55fb62e6-bd05-4f99-9184-ea7b334c8292",
            "365a655f-14dc-4831-afcf-105604f436b6",
            "e032721f-a4ef-4ca7-ab32-56fc37ddccd6",
            "98d02e38-fc9b-4e68-9cc0-7f5f44d024ad",
            "b2b3a49b-67b5-4bb0-939f-90aca987010c",
            "6528bb63-6177-4824-88d1-e1d1ffed0b74"
          ],
          "failures": [],
          "pending": [],
          "skipped": [],
          "duration": 9,
          "root": false,
          "rootEmpty": false,
          "_timeout": 2000
        }
      ],
      "passes": [],
      "failures": [],
      "pending": [],
      "skipped": [],
      "duration": 0,
      "root": true,
      "rootEmpty": true,
      "_timeout": 2000
    }
  ],
  "meta": {
    "mocha": {
      "version": "9.0.1"
    },
    "mochawesome": {
      "options": {
        "quiet": false,
        "reportFilename": "mochawesome",
        "saveHtml": true,
        "saveJson": true,
        "consoleReporter": "spec",
        "useInlineDiffs": false,
        "code": true
      },
      "version": "6.2.2"
    },
    "marge": {
      "options": {
        "reportDir": "docs"
      },
      "version": "5.2.0"
    }
  }
}