{
  "stats": {
    "suites": 10,
    "tests": 48,
    "passes": 48,
    "pending": 0,
    "failures": 0,
    "start": "2022-01-06T01:45:53.255Z",
    "end": "2022-01-06T01:45:53.533Z",
    "duration": 278,
    "testsRegistered": 48,
    "passPercent": 100,
    "pendingPercent": 0,
    "other": 0,
    "hasOther": false,
    "skipped": 0,
    "hasSkipped": false
  },
  "results": [
    {
      "uuid": "66173689-dc97-4309-8a1f-8c19faf0a4fa",
      "title": "",
      "fullFile": "",
      "file": "",
      "beforeHooks": [],
      "afterHooks": [],
      "tests": [],
      "suites": [
        {
          "uuid": "26874e3c-ddba-4c4b-bec8-60deab8431de",
          "title": "initDirectories",
          "fullFile": "/home/runner/work/planwithus-lib/planwithus-lib/src/block/schemas.test.ts",
          "file": "/src/block/schemas.test.ts",
          "beforeHooks": [],
          "afterHooks": [],
          "tests": [
            {
              "title": "should parse all blocks with no errors",
              "fullTitle": "initDirectories should parse all blocks with no errors",
              "timedOut": false,
              "duration": 3,
              "state": "passed",
              "speed": "fast",
              "pass": true,
              "fail": false,
              "pending": false,
              "context": null,
              "code": "_1.initDirectories.should.not.throw()",
              "err": {},
              "uuid": "4afaf87f-c2f2-4383-9350-27bb086e8e39",
              "parentUUID": "26874e3c-ddba-4c4b-bec8-60deab8431de",
              "isHook": false,
              "skipped": false
            },
            {
              "title": "should produce primary, second & minor directories",
              "fullTitle": "initDirectories should produce primary, second & minor directories",
              "timedOut": false,
              "duration": 2,
              "state": "passed",
              "speed": "fast",
              "pass": true,
              "fail": false,
              "pending": false,
              "context": null,
              "code": "const directories = (0, _1.initDirectories)();\ndirectories.should.have.property(\"primary\");\ndirectories.should.have.property(\"second\");\ndirectories.should.have.property(\"minor\");",
              "err": {},
              "uuid": "2b5ba6f2-dff6-42db-9534-436f4bb9cac2",
              "parentUUID": "26874e3c-ddba-4c4b-bec8-60deab8431de",
              "isHook": false,
              "skipped": false
            }
          ],
          "suites": [],
          "passes": [
            "4afaf87f-c2f2-4383-9350-27bb086e8e39",
            "2b5ba6f2-dff6-42db-9534-436f4bb9cac2"
          ],
          "failures": [],
          "pending": [],
          "skipped": [],
          "duration": 5,
          "root": false,
          "rootEmpty": false,
          "_timeout": 2000
        },
        {
          "uuid": "f86ec735-a629-46ce-96aa-50c8838c8858",
          "title": "blockSchema",
          "fullFile": "/home/runner/work/planwithus-lib/planwithus-lib/src/block/schemas.test.ts",
          "file": "/src/block/schemas.test.ts",
          "beforeHooks": [],
          "afterHooks": [],
          "tests": [
            {
              "title": "should validate valid block",
              "fullTitle": "blockSchema should validate valid block",
              "timedOut": false,
              "duration": 161,
              "state": "passed",
              "speed": "slow",
              "pass": true,
              "fail": false,
              "pending": false,
              "context": "[\n  {\n    \"title\": \"block sample 0\",\n    \"value\": {\n      \"name\": \"%5${\",\n      \"ay\": 2012,\n      \"assign\": \"v\",\n      \"match\": {\n        \"or\": [\n          {\n            \"pattern\": \"JHKx*\",\n            \"exclude\": \"ET53N\"\n          }\n        ]\n      },\n      \"satisfy\": {\n        \"and\": [\n          \"l\"\n        ]\n      },\n      \"url\": \"https://a.7g.yb\",\n      \"info\": \"H|]L\"\n    }\n  },\n  {\n    \"title\": \"block sample 1\",\n    \"value\": {\n      \"name\": \"\",\n      \"ay\": 1988,\n      \"match\": {\n        \"and\": [\n          {\n            \"and\": [\n              {\n                \"and\": [\n                  {\n                    \"or\": [\n                      \"BQA3K\",\n                      {\n                        \"or\": [\n                          \"CBW1\",\n                          \"JQ5341\"\n                        ]\n                      }\n                    ]\n                  }\n                ]\n              }\n            ]\n          },\n          {\n            \"or\": [\n              \"YSN4*8H\",\n              \"GJK3876D\",\n              \"EY17\"\n            ]\n          },\n          {\n            \"pattern\": \"CCM2\",\n            \"exclude\": [\n              \"NCX166\",\n              \"TO9U\",\n              \"ZLP367\"\n            ]\n          },\n          {\n            \"pattern\": \"FQ08\",\n            \"exclude\": [\n              \"GV4\",\n              \"RZ419X\",\n              \"TZ15N\"\n            ],\n            \"info\": \"%He~~%\"\n          }\n        ]\n      },\n      \"satisfy\": \"~zX`\\\"\",\n      \"url\": \"https://i.dzyshjw4.be.yueixsis7975vfrkvggqqqtfhkm98eg5x233lgwt1eo9.jnqvky/o32%F3%83%A2%AF//jNL4\",\n      \"info\": \"zz}\",\n      \"isSelectable\": true\n    }\n  },\n  {\n    \"title\": \"block sample 2\",\n    \"value\": {\n      \"name\": \"C\",\n      \"ay\": 2007,\n      \"assign\": [\n        \"E\",\n        \"h<$5<2U\",\n        \"\",\n        \"%Y9S\"\n      ],\n      \"match\": [\n        {\n          \"and\": [\n            {\n              \"pattern\": \"TAB85L\",\n              \"exclude\": \"RL63C\",\n              \"info\": \"2;a\"\n            },\n            \"MK15*0I\"\n          ]\n        },\n        {\n          \"pattern\": \"CF*\",\n          \"exclude\": \"IVS944\",\n          \"info\": \"&\\\"||z\"\n        },\n        {\n          \"and\": [\n            {\n              \"pattern\": \"WD2*x8\",\n              \"exclude\": [],\n              \"info\": \"n,U\"\n            },\n            {\n              \"and\": [\n                {\n                  \"or\": [\n                    {\n                      \"pattern\": \"KGG*x0\",\n                      \"exclude\": \"WQB37\",\n                      \"info\": \"K,\"\n                    },\n                    \"SH8x\",\n                    {\n                      \"and\": [\n                        \"JK0479\",\n                        \"NLR45H\"\n                      ]\n                    },\n                    \"CE09\"\n                  ]\n                },\n                {\n                  \"pattern\": \"YHxx69\",\n                  \"info\": \"x.5ud\"\n                },\n                \"TJ1*4\"\n              ]\n            },\n            {\n              \"and\": [\n                \"BQUx12R\",\n                \"UC65*\"\n              ]\n            },\n            {\n              \"and\": []\n            },\n            {\n              \"or\": [\n                \"JTNx970\",\n                {\n                  \"pattern\": \"AOB08S\",\n                  \"exclude\": [\n                    \"UFAxS\",\n                    \"HMK394Z\",\n                    \"ZCQ00\",\n                    \"UX684\",\n                    \"WLV7x\"\n                  ],\n                  \"info\": \"BRT\"\n                }\n              ]\n            }\n          ]\n        }\n      ],\n      \"satisfy\": {\n        \"mc\": \"<=200\"\n      },\n      \"url\": \"http://cukig4xpxavt20j6b8o7dihzblzxzcn04if-9x-oye6z5am01uh2lqyfte.dddfp.ez/ix&-TbFQ/)/aY\",\n      \"info\": \"\\\"$,\",\n      \"v$\": {\n        \"name\": \"jz\",\n        \"ay\": 1973,\n        \"assign\": \"&~\",\n        \"satisfy\": {\n          \"or\": [\n            {\n              \"or\": [\n                {\n                  \"mc\": \"<=158\"\n                },\n                {\n                  \"or\": [\n                    \"e#HqPgat:=\",\n                    {\n                      \"or\": [\n                        {\n                          \"or\": [\n                            \"ebP~7fW&iH\",\n                            {\n                              \"or\": [\n                                \"6]_Q\",\n                                \"astWo\"\n                              ]\n                            },\n                            \"^IF.AG\",\n                            \"Cv?Cb<,%V\"\n                          ]\n                        }\n                      ]\n                    },\n                    {\n                      \"and\": [\n                        \"Sn/_\",\n                        \"(\",\n                        {\n                          \"mc\": \"<=18\"\n                        }\n                      ]\n                    },\n                    {\n                      \"mc\": \">=95\"\n                    }\n                  ]\n                },\n                \";d],}/t}{\",\n                {\n                  \"and\": [\n                    {\n                      \"and\": []\n                    },\n                    \"RJbY<-p\\\"\",\n                    \"+bm+\\\\+#!\"\n                  ]\n                },\n                {\n                  \"and\": [\n                    \"Phma{rLJw^\",\n                    {\n                      \"mc\": \">=7\"\n                    },\n                    {\n                      \"mc\": \"<=151\"\n                    },\n                    {\n                      \"mc\": \">=15\"\n                    },\n                    \"q?1\\\"ci\"\n                  ]\n                }\n              ]\n            },\n            \"HY-l myY\\\\\",\n            \"\",\n            {\n              \"or\": [\n                {\n                  \"and\": [\n                    \"]kDc2\",\n                    \"MGqCH0$\",\n                    {\n                      \"and\": [\n                        \"#jW\"\n                      ]\n                    },\n                    \"\",\n                    \"gN\"\n                  ]\n                },\n                \"trNn-M\",\n                {\n                  \"mc\": \"<=128\"\n                },\n                \"W=6XSaEK\",\n                \"SO~Tw2w2O&\"\n              ]\n            },\n            {\n              \"or\": [\n                \"R|`kJ9FA,\"\n              ]\n            }\n          ]\n        },\n        \"url\": \"http://n.g-pg5fhd8ebwluazo.9oqbis72bsmbe8p9i.2.izl9h2ypf60meotqgzxpq79uibxifkjhgky4zouabj.avcbd//dF/8h%F2%85%A3%B2\",\n        \"info\": \"mWv\",\n        \"isSelectable\": true\n      },\n      \" XwFgF}9,*\": {\n        \"name\": \"%&\",\n        \"ay\": 1950,\n        \"assign\": [\n          \"+z\"\n        ],\n        \"match\": [\n          {\n            \"or\": [\n              {\n                \"and\": [\n                  {\n                    \"and\": [\n                      \"JEL9971\",\n                      \"LD0C\",\n                      \"RB9F\"\n                    ]\n                  },\n                  \"LT9P\"\n                ]\n              },\n              {\n                \"or\": [\n                  \"YPY9X\",\n                  \"GQ62\",\n                  \"FER793\",\n                  {\n                    \"and\": [\n                      \"QHK753U\",\n                      \"KH4\",\n                      {\n                        \"and\": [\n                          {\n                            \"and\": [\n                              {\n                                \"or\": []\n                              }\n                            ]\n                          },\n                          \"JF999\",\n                          {\n                            \"or\": [\n                              \"AA1*\",\n                              {\n                                \"pattern\": \"CY5J\",\n                                \"exclude\": \"OU8938I\",\n                                \"info\": \"Q:#<Ep\"\n                              },\n                              \"PJN8758\"\n                            ]\n                          }\n                        ]\n                      }\n                    ]\n                  }\n                ]\n              }\n            ]\n          },\n          {\n            \"and\": [\n              {\n                \"or\": [\n                  {\n                    \"or\": [\n                      \"HKHxQ\",\n                      \"SIY7\"\n                    ]\n                  },\n                  \"CRX2F\"\n                ]\n              }\n            ]\n          }\n        ],\n        \"satisfy\": \"J(\",\n        \"url\": \"https://ckp8vgm6jcfh.ydaeyhwze/rZ,%F4%8A%BB%8DLeE%F1%BB%87%B20/Q.oLWGe/%F1%88%AB%8560c/nF;Lgvy6g_/Cb8%F1%B6%91%B5dG!/o;xT%F1%AE%8A%B4tF/6/4/993\",\n        \"isSelectable\": true,\n        \"$*~?k\\\"\": {\n          \"name\": \"\",\n          \"ay\": 1962,\n          \"assign\": \",vnPjjKQ\",\n          \"match\": [\n            {\n              \"or\": [\n                {\n                  \"or\": [\n                    \"SGS049\"\n                  ]\n                },\n                {\n                  \"pattern\": \"NB*C\",\n                  \"exclude\": [\n                    \"BY1\",\n                    \"HD21S\",\n                    \"KU6Q\",\n                    \"NNT*E\",\n                    \"XZM0\"\n                  ],\n                  \"info\": \"O6#40\"\n                },\n                {\n                  \"pattern\": \"SSX*Y\",\n                  \"exclude\": [\n                    \"GXL7\"\n                  ],\n                  \"info\": \"niQV\"\n                }\n              ]\n            },\n            \"LRV4\",\n            {\n              \"and\": [\n                {\n                  \"pattern\": \"MM9\",\n                  \"exclude\": \"XO4V\",\n                  \"info\": \"FqaM(wE\"\n                },\n                \"KUL6433H\"\n              ]\n            },\n            {\n              \"or\": [\n                \"UIR3x11\",\n                {\n                  \"pattern\": \"ZPx1N\",\n                  \"exclude\": \"QS4\",\n                  \"info\": \"!y7>{\"\n                },\n                {\n                  \"pattern\": \"ARx\",\n                  \"exclude\": [\n                    \"LA2x4P\",\n                    \"IGZ*2\"\n                  ]\n                },\n                {\n                  \"and\": [\n                    \"EH6851\",\n                    \"JL8\",\n                    \"HP556x\"\n                  ]\n                },\n                {\n                  \"and\": [\n                    {\n                      \"pattern\": \"JZ*P\",\n                      \"exclude\": [],\n                      \"info\": \"j}W:xd_Y\"\n                    },\n                    \"PNI5474\",\n                    {\n                      \"pattern\": \"FZP24xx\",\n                      \"exclude\": \"JOx095\"\n                    }\n                  ]\n                }\n              ]\n            },\n            {\n              \"or\": [\n                {\n                  \"pattern\": \"ISA40\",\n                  \"exclude\": [\n                    \"VRx76\",\n                    \"TF89\",\n                    \"QV35\",\n                    \"ZDM8*\",\n                    \"NOJ147\"\n                  ],\n                  \"info\": \"x'\"\n                },\n                {\n                  \"or\": [\n                    \"TEV0\"\n                  ]\n                },\n                {\n                  \"pattern\": \"MU2\",\n                  \"exclude\": \"XROx501\",\n                  \"info\": \">\"\n                },\n                \"OY4B\",\n                \"MK626F\"\n              ]\n            }\n          ],\n          \"satisfy\": [\n            {\n              \"mc\": \"<=188\"\n            },\n            \"@u%+Q4U\"\n          ],\n          \"url\": \"https://ogkxfnwncjfx6c59b-jrsc0jtufy.ypvlubvlnp//F+0y/N+(*)8VyW/a3(/~3lbHnR@%F0%B4%A8%85d\",\n          \"info\": \"\",\n          \"isSelectable\": true\n        },\n        \"J%5\\\"7MD^?8\": {\n          \"name\": \"He1:\\\"oto\",\n          \"ay\": 1961,\n          \"assign\": \"bj[K)f^\",\n          \"match\": [\n            {\n              \"or\": [\n                {\n                  \"pattern\": \"LQH02O\"\n                },\n                {\n                  \"pattern\": \"DY302D\",\n                  \"info\": \"9#P9\"\n                },\n                {\n                  \"and\": [\n                    \"VR7\",\n                    \"SOL26A\",\n                    {\n                      \"or\": [\n                        \"EB6351\",\n                        \"DBR6*I\",\n                        {\n                          \"or\": [\n                            {\n                              \"pattern\": \"NVM85H\",\n                              \"exclude\": [\n                                \"YWG65C\",\n                                \"YR9*\"\n                              ],\n                              \"info\": \"v\\\"_\\\"\\\\FX=\"\n                            },\n                            \"CC2\",\n                            \"KFA910A\",\n                            {\n                              \"or\": [\n                                \"PL311x\"\n                              ]\n                            }\n                          ]\n                        },\n                        \"QIN2W\"\n                      ]\n                    },\n                    \"VL4x\"\n                  ]\n                },\n                {\n                  \"and\": [\n                    \"QK940\",\n                    {\n                      \"or\": [\n                        {\n                          \"pattern\": \"JK8774R\",\n                          \"exclude\": \"RV5054R\",\n                          \"info\": \"7f iDok;6z\"\n                        },\n                        \"JA57\",\n                        \"EGY340*T\",\n                        {\n                          \"pattern\": \"SHQ9435\",\n                          \"exclude\": [\n                            \"SHV*00\",\n                            \"MVB282R\",\n                            \"XI5\",\n                            \"SA72*7D\",\n                            \"XH1765\"\n                          ],\n                          \"info\": \"Cf3;:wT\"\n                        }\n                      ]\n                    },\n                    {\n                      \"pattern\": \"PQ7*\",\n                      \"exclude\": \"DBY7*9*\",\n                      \"info\": \"Y\"\n                    },\n                    {\n                      \"and\": [\n                        {\n                          \"and\": [\n                            \"EXx\",\n                            \"ER9x3C\",\n                            \"ZQ27\"\n                          ]\n                        },\n                        \"VPP49A\",\n                        {\n                          \"or\": []\n                        },\n                        \"PMO78R\"\n                      ]\n                    }\n                  ]\n                }\n              ]\n            },\n            \"WA25J\",\n            {\n              \"and\": [\n                {\n                  \"or\": [\n                    \"FT41A\",\n                    \"DR64\",\n                    \"SH27D\"\n                  ]\n                },\n                \"RGT550Y\"\n              ]\n            },\n            {\n              \"and\": [\n                \"ENW844\",\n                \"LX41\"\n              ]\n            },\n            {\n              \"or\": [\n                {\n                  \"and\": [\n                    \"JLN791U\",\n                    \"OAO24\",\n                    \"TDR86W\"\n                  ]\n                },\n                \"QGB44\",\n                {\n                  \"pattern\": \"AD81P\",\n                  \"exclude\": [],\n                  \"info\": \"0u+L71@\"\n                },\n                {\n                  \"and\": [\n                    \"DFU0x*7\",\n                    \"MG375\"\n                  ]\n                }\n              ]\n            }\n          ],\n          \"satisfy\": [\n            {\n              \"and\": [\n                {\n                  \"and\": [\n                    \"SQN Hp\\\\M\",\n                    \"@Lsa\\\\'\",\n                    \"\",\n                    \"{\"\n                  ]\n                },\n                \"?Pn\",\n                {\n                  \"or\": [\n                    \"i~wC\",\n                    \"HM#^\",\n                    \"YK@w*CD\",\n                    \"zw~s3~\"\n                  ]\n                },\n                {\n                  \"mc\": \"<=6\"\n                },\n                {\n                  \"or\": []\n                }\n              ]\n            }\n          ],\n          \"url\": \"https://3ecbm1ev0f0mv4fh0qk9i.ybb/Ho%F2%87%8C%8C1lf/BO:hYOHd/t/R~KE1/em*.,R@:,/vWD*/,@w-pM9/gR*:5*1AY/9~jK_Cem\",\n          \"info\": \"|U.R5x+\",\n          \"isSelectable\": true\n        },\n        \"\": {\n          \"name\": \"<bBY%nq-s \",\n          \"ay\": 1982,\n          \"assign\": [],\n          \"match\": {\n            \"and\": []\n          },\n          \"satisfy\": [],\n          \"url\": \"http://h-2zclfc1.bi1o0nd32u1pld8sraxr6jf6osq0v5r9jkp3k6-v0.h1fhhq.bw34rx0z69y08wsw3xfpps9u81mjawv6q7vey8tnccf.kxqkkvoj/zZ!N0,$*t(/s/A%F3%B6%A3%BB,/fY\"\n        }\n      }\n    }\n  },\n  {\n    \"title\": \"block sample 3\",\n    \"value\": {\n      \"name\": \"._y~\",\n      \"ay\": 1955,\n      \"assign\": \". z\",\n      \"match\": [\n        {\n          \"pattern\": \"AI101L\",\n          \"exclude\": \"BK1B\",\n          \"info\": \"s/~ooCl\"\n        },\n        \"AI86\",\n        \"NO83\"\n      ],\n      \"satisfy\": {\n        \"or\": []\n      },\n      \"url\": \"http://d.fbtvj7l392eu176do0pzllxzt98josc71iftbm83ela4p2iu9ib4.sl/@b/D45B9ti8h/%28%32G/g=%2a/Xq8%F2%99%AD%B8a\",\n      \"info\": \"$QU#+n\",\n      \"isSelectable\": true,\n      \"2wR\": {\n        \"name\": \"R\",\n        \"ay\": 1987,\n        \"assign\": \"\\\"\",\n        \"info\": \"{ACKVE_.0,\",\n        \"isSelectable\": true,\n        \"LY\": {\n          \"name\": \"l~)Aka}sd\",\n          \"ay\": 1986,\n          \"assign\": \"?U`P',\",\n          \"match\": {\n            \"pattern\": \"CJ*3F\",\n            \"exclude\": [\n              \"KD287\",\n              \"PKx4S\",\n              \"KM7888\"\n            ],\n            \"info\": \"@.bM+P\"\n          },\n          \"satisfy\": [\n            {\n              \"mc\": \"<=132\"\n            },\n            \"NJ%\\\\\",\n            {\n              \"or\": [\n                {\n                  \"and\": [\n                    \"5!*a\",\n                    \"o7^N!'iH\",\n                    {\n                      \"and\": [\n                        \"Nvv(\\\\\",\n                        \"\"\n                      ]\n                    },\n                    {\n                      \"and\": [\n                        \"bzo-663ufR\",\n                        \"jQVgD?n6\",\n                        \"8:\"\n                      ]\n                    }\n                  ]\n                },\n                {\n                  \"mc\": \"<=187\"\n                },\n                {\n                  \"mc\": \">=150\"\n                },\n                {\n                  \"mc\": \"<=111\"\n                },\n                {\n                  \"mc\": \">=149\"\n                }\n              ]\n            },\n            {\n              \"and\": [\n                {\n                  \"or\": [\n                    \"t~1to(5&\",\n                    {\n                      \"mc\": \"<=130\"\n                    }\n                  ]\n                },\n                {\n                  \"mc\": \">=134\"\n                },\n                {\n                  \"mc\": \"<=94\"\n                },\n                {\n                  \"mc\": \">=193\"\n                }\n              ]\n            },\n            \"nC\\\\JVr \"\n          ],\n          \"url\": \"https://y.lr4a-psw8ba.nmtxe\",\n          \"info\": \"4;u4WNp\\\"y\"\n        },\n        \"y'nUk#Y\": {\n          \"name\": \"K57+\",\n          \"ay\": 1973,\n          \"assign\": \"{A\",\n          \"match\": [],\n          \"url\": \"http://mtdjgfzdnwd34-hc6mj5olsr-6u0cwnkt71l9.p.w7kp899rd4kpezc.skz/cQP!KMKng/:l&Z;t~/PRJ,;JbW;/A7J//'/=\",\n          \"info\": \"u$.JX.t\",\n          \"isSelectable\": true,\n          \"n?0(;\": {\n            \"name\": \"hj4B<y:Ml\",\n            \"ay\": 1992,\n            \"assign\": [],\n            \"info\": \"\",\n            \"isSelectable\": true\n          },\n          \"\": {\n            \"name\": \"B-3IFnRb\",\n            \"ay\": 1978,\n            \"assign\": [\n              \"6Kj\",\n              \"exhR<B?\",\n              \"m(r2uO\"\n            ],\n            \"match\": {\n              \"pattern\": \"KX1522\",\n              \"exclude\": [\n                \"JRYx19\"\n              ],\n              \"info\": \"NC\"\n            },\n            \"satisfy\": [\n              {\n                \"or\": [\n                  {\n                    \"and\": [\n                      {\n                        \"and\": [\n                          {\n                            \"and\": [\n                              {\n                                \"or\": [\n                                  \"?Cr[&E2N\",\n                                  {\n                                    \"or\": [\n                                      \"H+ArPv)\"\n                                    ]\n                                  },\n                                  \"\\\\?j>AO%IN\"\n                                ]\n                              },\n                              {\n                                \"and\": [\n                                  \"4S0pyI\"\n                                ]\n                              }\n                            ]\n                          },\n                          {\n                            \"and\": [\n                              {\n                                \"mc\": \"<=170\"\n                              },\n                              \"\"\n                            ]\n                          }\n                        ]\n                      }\n                    ]\n                  },\n                  \"1De%\",\n                  {\n                    \"or\": [\n                      {\n                        \"and\": [\n                          {\n                            \"and\": [\n                              {\n                                \"mc\": \">=16\"\n                              }\n                            ]\n                          },\n                          {\n                            \"or\": [\n                              {\n                                \"and\": [\n                                  \"j1AWX3\",\n                                  \"y>\",\n                                  \"deX&(lq\",\n                                  \"o}\"\n                                ]\n                              }\n                            ]\n                          }\n                        ]\n                      }\n                    ]\n                  },\n                  \"\"\n                ]\n              },\n              {\n                \"and\": [\n                  {\n                    \"mc\": \"<=63\"\n                  },\n                  {\n                    \"or\": []\n                  },\n                  \"L\"\n                ]\n              }\n            ],\n            \"url\": \"http://pnz3ql7f4uopwjuots2dvn2wgft8oibbef0jexhha7af42xtgtxxd3a3724e2.1bko4bcdqsthssh3.thx9g4k01x0zxqhykd7mhppk9w.52ejk18ip6d.trmg/@@v/Q_+twxi:2G/BAd-/I39wQ4/BT,1oU:/$JnM\",\n            \"info\": \"z\",\n            \"isSelectable\": true\n          },\n          \"Z_#3$Kr,\": {\n            \"name\": \"\",\n            \"ay\": 1979,\n            \"assign\": \"pLCS;f~\",\n            \"match\": {\n              \"and\": [\n                {\n                  \"or\": []\n                }\n              ]\n            },\n            \"url\": \"http://4---onm5j2bx77g2ggzskksmersw0pigpkspd.u5818qo.dwpemm/R5P/NVAtJ%F2%B2%8A%897N/~pI%F2%A2%94%B1142/%E8%A2%82n-oP!/mWSNO/z3-x5P%F2%9F%B8%ADh/%F0%AA%B1%8C;1v9DC%F2%AD%85%8A\",\n            \"info\": \"T,AQJ$lfeA\",\n            \"isSelectable\": true\n          }\n        },\n        \"2=F\": {\n          \"name\": \"\",\n          \"ay\": 1981,\n          \"assign\": [\n            \"J)\"\n          ],\n          \"match\": {\n            \"or\": [\n              {\n                \"and\": [\n                  \"QEx062C\"\n                ]\n              },\n              \"IK3J\",\n              {\n                \"or\": [\n                  \"VBZ0\",\n                  {\n                    \"and\": [\n                      {\n                        \"and\": [\n                          {\n                            \"or\": [\n                              \"BDQ03E\",\n                              \"PSZ3\"\n                            ]\n                          },\n                          \"YH*9\",\n                          {\n                            \"or\": []\n                          }\n                        ]\n                      },\n                      \"PGV9028\"\n                    ]\n                  },\n                  \"MJS4\",\n                  \"VHN6\",\n                  {\n                    \"or\": [\n                      \"DXG9\",\n                      {\n                        \"or\": [\n                          {\n                            \"pattern\": \"EXT7973\",\n                            \"exclude\": [\n                              \"GCE7\",\n                              \"QJU5**\",\n                              \"NO*x\"\n                            ],\n                            \"info\": \"87JX@&\\\"1KM\"\n                          },\n                          {\n                            \"or\": [\n                              \"GNZ27F\",\n                              \"XYU243\"\n                            ]\n                          },\n                          \"QTY43L\",\n                          \"EEO31A\",\n                          \"TB9094V\"\n                        ]\n                      }\n                    ]\n                  }\n                ]\n              },\n              {\n                \"pattern\": \"IYP7J\",\n                \"exclude\": [\n                  \"RN017Z\",\n                  \"TCE449F\",\n                  \"KA*4\"\n                ],\n                \"info\": \"v\\\"&^KMCv-2\"\n              }\n            ]\n          },\n          \"satisfy\": [\n            {\n              \"and\": [\n                \";v-*{hLMJB\",\n                {\n                  \"or\": [\n                    \"fCg\"\n                  ]\n                }\n              ]\n            },\n            \"d\",\n            {\n              \"and\": [\n                \"_LkuB<\",\n                {\n                  \"and\": [\n                    {\n                      \"or\": []\n                    },\n                    {\n                      \"and\": [\n                        {\n                          \"or\": [\n                            \"TX<3h;hJ\",\n                            {\n                              \"mc\": \">=45\"\n                            }\n                          ]\n                        },\n                        \"\"\n                      ]\n                    },\n                    \"oeo$\",\n                    \"\",\n                    {\n                      \"mc\": \">=22\"\n                    }\n                  ]\n                },\n                {\n                  \"and\": []\n                }\n              ]\n            },\n            \" .vx<&^\",\n            \"{1\"\n          ],\n          \"url\": \"https://jci3o6j-c0z43evttjuz8.y8rnr8wnuenqog159qquwzcxmbj2yb-k9awsuepz0hn3h3yxc02f.ub4p847zfdwda-zetpsf-5wdv4q.xcr/)R%F2%BF%AE%8Efygy\",\n          \"info\": \"0\",\n          \"isSelectable\": true\n        },\n        \"+kGMh)hx\": {\n          \"name\": \"txS'c+ba\",\n          \"ay\": 1989,\n          \"assign\": [\n            \"<:\"\n          ],\n          \"match\": {\n            \"pattern\": \"YSK*1K\",\n            \"exclude\": [\n              \"KS2120Q\",\n              \"NIR0708Z\",\n              \"FDB4x10\",\n              \"HK539\"\n            ],\n            \"info\": \"iE\"\n          },\n          \"satisfy\": {\n            \"mc\": \"<=116\"\n          },\n          \"url\": \"http://b11y6he9gcwqoqeadlg145kkjg3iqe7k5be4zke-r22umwcb.0cylq24rn8mw0r5mk1.j5qd4mozk7lnquteoiey4kkhh20fdjzxkebmq317u4uxlgejl9ph8ikboh2.wnnhposss/=R=@+/Mc//i\",\n          \"info\": \"=\",\n          \"isSelectable\": true,\n          \"|q<`?=\": {\n            \"name\": \"!qk>5kYW\",\n            \"ay\": 1969,\n            \"assign\": \"\",\n            \"satisfy\": {\n              \"and\": [\n                {\n                  \"and\": [\n                    \"t/45\\\"18+S|\",\n                    \"B8S\",\n                    {\n                      \"or\": [\n                        {\n                          \"and\": [\n                            \"1{'9%k\",\n                            \"\"\n                          ]\n                        },\n                        {\n                          \"and\": [\n                            \"QF#.cI'\\\"&\",\n                            \"Qu@[]\",\n                            \"8K=WfB\",\n                            \"cHb_Jtic/~\"\n                          ]\n                        },\n                        {\n                          \"mc\": \">=192\"\n                        },\n                        \"[jNtE\",\n                        \"\"\n                      ]\n                    }\n                  ]\n                },\n                \"mj\",\n                \"G@q\"\n              ]\n            },\n            \"url\": \"https://237cy0jgzmgwrs5-bubens2ki07.oydr9n91bvgspnkouptzrhclf.eni3d.n.x.mwspkidv/P5iW/pj2bTK3cN\",\n            \"info\": \"Km`s\",\n            \"isSelectable\": true\n          },\n          \"o(Te\": {\n            \"name\": \"\",\n            \"ay\": 1998,\n            \"assign\": \"}#,9MuE\",\n            \"match\": {\n              \"pattern\": \"WIx11X\",\n              \"exclude\": \"DML0B\",\n              \"info\": \"5D!\"\n            },\n            \"satisfy\": [\n              {\n                \"and\": [\n                  \"UI=aP\",\n                  {\n                    \"mc\": \">=183\"\n                  },\n                  \"s7n-\",\n                  {\n                    \"and\": [\n                      \"2A~\",\n                      \"\",\n                      \"E\",\n                      \"U7\",\n                      \"j_zCI:}J^\"\n                    ]\n                  },\n                  {\n                    \"or\": [\n                      \"')C!_W&WX\",\n                      \"\",\n                      \"Y8;9GQjb:c\",\n                      {\n                        \"and\": [\n                          \"X6Gzv<\",\n                          \"Y.d.pCP\",\n                          \".)$5Uo\",\n                          \"FT#3sZr\",\n                          {\n                            \"or\": [\n                              {\n                                \"mc\": \"<=35\"\n                              },\n                              {\n                                \"mc\": \"<=38\"\n                              }\n                            ]\n                          }\n                        ]\n                      }\n                    ]\n                  }\n                ]\n              },\n              {\n                \"or\": [\n                  {\n                    \"or\": [\n                      \"2I\",\n                      {\n                        \"mc\": \">=188\"\n                      },\n                      {\n                        \"or\": [\n                          \"K=q\",\n                          {\n                            \"and\": [\n                              \"_{Du^o,K(K\",\n                              \"5,d>n@#6z\"\n                            ]\n                          },\n                          \"Gt/ZQ \",\n                          \"\",\n                          \"l\"\n                        ]\n                      },\n                      \"7 :dl>\"\n                    ]\n                  },\n                  {\n                    \"or\": [\n                      \"qY7mdh\",\n                      \"AsJ!<S<\"\n                    ]\n                  }\n                ]\n              },\n              {\n                \"and\": []\n              },\n              {\n                \"mc\": \"<=24\"\n              }\n            ],\n            \"url\": \"http://b.baxnwen/h0n4R9YN;/X%F0%95%95%8FN%F3%89%90%A864:/Xe3@kx/v%EA%9A%81q/C,RZ/nhUf2Y/R/\",\n            \"info\": \"(5SD4s$Fz'\",\n            \"isSelectable\": true,\n            \"X*7\": {\n              \"name\": \"O=N/\\\"CAG\",\n              \"ay\": 1976,\n              \"assign\": [\n                \"J6tnIXb\",\n                \"kEsz0<\",\n                \"J\"\n              ],\n              \"info\": \"nI[!}e\",\n              \"isSelectable\": true\n            },\n            \"CmX|im\": {\n              \"name\": \"\",\n              \"assign\": [\n                \"6BM bPLI\",\n                \"fA`7\"\n              ],\n              \"match\": [\n                {\n                  \"or\": [\n                    \"UQX03O\",\n                    {\n                      \"and\": [\n                        \"HU562W\",\n                        \"KH578D\",\n                        \"MSH38xS\",\n                        {\n                          \"or\": [\n                            \"NG23\",\n                            {\n                              \"or\": []\n                            },\n                            \"GU*5*0\",\n                            \"UT715O\"\n                          ]\n                        }\n                      ]\n                    }\n                  ]\n                },\n                {\n                  \"pattern\": \"KV57B\",\n                  \"exclude\": [\n                    \"XLQ9822\",\n                    \"ZQ1A\",\n                    \"SGP1\"\n                  ],\n                  \"info\": \"s6#oQj\"\n                },\n                {\n                  \"and\": [\n                    \"NZ4A\",\n                    {\n                      \"or\": [\n                        {\n                          \"pattern\": \"WL476\",\n                          \"exclude\": \"LRx4K\",\n                          \"info\": \"Se_1~Q=u^\"\n                        },\n                        {\n                          \"and\": [\n                            \"YP**C\",\n                            \"OE679*\",\n                            {\n                              \"pattern\": \"FHG75x\",\n                              \"exclude\": \"JNC9*\",\n                              \"info\": \"~z>5ep7p,+\"\n                            }\n                          ]\n                        },\n                        \"OAV685\"\n                      ]\n                    },\n                    {\n                      \"and\": [\n                        \"GW877\",\n                        \"VK0*6\",\n                        {\n                          \"or\": [\n                            {\n                              \"and\": [\n                                \"XNG7x*4\",\n                                \"ZQ6658\",\n                                {\n                                  \"or\": [\n                                    {\n                                      \"pattern\": \"PPx376\",\n                                      \"exclude\": [\n                                        \"IWF6*60W\"\n                                      ],\n                                      \"info\": \"fekUy1m~%\"\n                                    },\n                                    \"FV8*\"\n                                  ]\n                                },\n                                \"SJC32H\",\n                                \"PA3**1\"\n                              ]\n                            }\n                          ]\n                        },\n                        {\n                          \"and\": [\n                            \"ZY71*C\",\n                            \"HO2841\",\n                            {\n                              \"or\": [\n                                {\n                                  \"and\": [\n                                    \"BX301\",\n                                    \"ZCV9082\",\n                                    \"TM2*9M\",\n                                    {\n                                      \"or\": [\n                                        \"PRE44M\"\n                                      ]\n                                    }\n                                  ]\n                                }\n                              ]\n                            },\n                            {\n                              \"or\": [\n                                \"NGK6503\",\n                                \"IFR67F\"\n                              ]\n                            }\n                          ]\n                        },\n                        {\n                          \"and\": [\n                            {\n                              \"pattern\": \"WUE236\",\n                              \"exclude\": [\n                                \"LFx860\",\n                                \"ZBJx8\",\n                                \"PR71xW\",\n                                \"PW722Q\"\n                              ],\n                              \"info\": \"7Q!-D2K@\"\n                            },\n                            {\n                              \"or\": [\n                                \"XN98*\",\n                                \"BO8R\",\n                                \"ZT255C\"\n                              ]\n                            },\n                            {\n                              \"and\": [\n                                \"PL157\",\n                                \"FL270R\"\n                              ]\n                            },\n                            \"SEV4\",\n                            \"RQ4357K\"\n                          ]\n                        }\n                      ]\n                    }\n                  ]\n                },\n                {\n                  \"or\": [\n                    {\n                      \"pattern\": \"FYW8703\",\n                      \"exclude\": [\n                        \"ZDCx1U\",\n                        \"KG1\",\n                        \"LJ67G\",\n                        \"XBX*5*9\"\n                      ],\n                      \"info\": \"\"\n                    },\n                    {\n                      \"pattern\": \"NXC1556\",\n                      \"exclude\": \"MX3\",\n                      \"info\": \"}\"\n                    },\n                    {\n                      \"and\": [\n                        \"QXP51P\",\n                        {\n                          \"and\": [\n                            \"RAM160N\",\n                            \"DMU749\",\n                            \"KNx\",\n                            {\n                              \"and\": [\n                                \"XDx8\",\n                                \"PME861\",\n                                \"WI5\",\n                                \"WJ9\"\n                              ]\n                            },\n                            {\n                              \"and\": [\n                                \"EZA91\",\n                                \"SUZ9W\"\n                              ]\n                            }\n                          ]\n                        },\n                        \"PSQ2506B\",\n                        {\n                          \"pattern\": \"TX0*8Y\",\n                          \"exclude\": \"VCC6x\",\n                          \"info\": \"+:VW2go\"\n                        },\n                        \"QQR461\"\n                      ]\n                    },\n                    {\n                      \"or\": [\n                        {\n                          \"and\": [\n                            {\n                              \"or\": [\n                                \"GE6G\",\n                                \"WTX00\",\n                                {\n                                  \"and\": [\n                                    \"NB694xA\",\n                                    \"YT566P\"\n                                  ]\n                                }\n                              ]\n                            }\n                          ]\n                        },\n                        {\n                          \"pattern\": \"QWO256U\",\n                          \"exclude\": [],\n                          \"info\": \"HW\"\n                        },\n                        \"QCB386K\"\n                      ]\n                    },\n                    {\n                      \"or\": [\n                        {\n                          \"or\": []\n                        },\n                        {\n                          \"or\": [\n                            {\n                              \"or\": []\n                            },\n                            \"SGHx319K\",\n                            \"GKW4\",\n                            {\n                              \"and\": []\n                            }\n                          ]\n                        },\n                        {\n                          \"and\": []\n                        }\n                      ]\n                    }\n                  ]\n                },\n                {\n                  \"and\": [\n                    {\n                      \"and\": []\n                    },\n                    {\n                      \"or\": []\n                    },\n                    {\n                      \"and\": []\n                    },\n                    \"YH66G\"\n                  ]\n                }\n              ],\n              \"satisfy\": {\n                \"or\": [\n                  {\n                    \"mc\": \">=9\"\n                  },\n                  {\n                    \"and\": [\n                      {\n                        \"mc\": \"<=118\"\n                      },\n                      {\n                        \"and\": [\n                          {\n                            \"mc\": \"<=47\"\n                          },\n                          \"\",\n                          \";x\",\n                          \"S\",\n                          \"r}>p\"\n                        ]\n                      }\n                    ]\n                  },\n                  {\n                    \"mc\": \">=186\"\n                  },\n                  {\n                    \"and\": [\n                      {\n                        \"mc\": \"<=67\"\n                      },\n                      \"\"\n                    ]\n                  },\n                  \"/]\"\n                ]\n              },\n              \"url\": \"http://8sg-d82sam8fbpfichoy31ebhkb2et-z318ebg5o54rkmoi94l4ske01w.p5vpmgmy15sqlljfj00pui4gm4pemn0swwhwat6du3d94lz92.qsgzgrhb/JC&0,;Xm4A/%F2%81%BF%AEvX1)%F0%BA%AB%960M/Mhz~OQ%F0%92%AB%9C%F0%AB%87%81%F3%B7%B5%AAY/d+/Qz/Q%F2%B1%A3%9AL%F0%AD%86%B1O/c(@/1\",\n              \"info\": \")V@1U7T\",\n              \"isSelectable\": true\n            },\n            \"E!W<Q\": {\n              \"name\": \"q:|_sE\",\n              \"assign\": [\n                \"!qcfc0w\",\n                \"a]\\\\K'\\\\\"\n              ],\n              \"match\": [],\n              \"satisfy\": {\n                \"mc\": \"<=147\"\n              },\n              \"url\": \"http://5.ekhqbu/DL)K~6n'Xx\",\n              \"info\": \":!\",\n              \"isSelectable\": true\n            }\n          }\n        },\n        \"K-\\\\4bm\": {\n          \"name\": \"J\",\n          \"ay\": 1999,\n          \"assign\": [\n            \"3@@j\",\n            \"2upF/\\\"\",\n            \"ch5\"\n          ],\n          \"match\": {\n            \"and\": [\n              {\n                \"and\": [\n                  \"SD1\"\n                ]\n              },\n              {\n                \"or\": [\n                  \"VG3L\",\n                  \"NI039L\",\n                  \"TOJ778\",\n                  \"JZH7J\",\n                  \"JM3x*O\"\n                ]\n              },\n              {\n                \"pattern\": \"IRGx63Q\",\n                \"exclude\": [],\n                \"info\": \"I,9/V,)DW-\"\n              },\n              {\n                \"or\": [\n                  \"UET832M\",\n                  {\n                    \"pattern\": \"OW2K\",\n                    \"exclude\": [\n                      \"OS3352\"\n                    ],\n                    \"info\": \"(h)\"\n                  },\n                  \"VY48I\"\n                ]\n              },\n              {\n                \"or\": []\n              }\n            ]\n          },\n          \"satisfy\": [\n            {\n              \"or\": [\n                {\n                  \"or\": [\n                    {\n                      \"and\": [\n                        \"c0bp.xG>|\",\n                        \"^Z;a\",\n                        {\n                          \"and\": [\n                            \"xTg[(yq\",\n                            \"o\\\"Uzf2\"\n                          ]\n                        },\n                        {\n                          \"or\": [\n                            \"pv\",\n                            \"\",\n                            \"LbjM\",\n                            \"EWW.'Tl<jo\"\n                          ]\n                        },\n                        \"\"\n                      ]\n                    }\n                  ]\n                }\n              ]\n            },\n            {\n              \"mc\": \"<=12\"\n            }\n          ],\n          \"url\": \"https://7.0ypqxiehcxz4.rivb1a.l9pj74dzf7nq-duo9iiuoqed0od3eatp1mrqoz-atb7xbi8lstmpb630fic01.rbixxqtgy7r8tl5fd.tgabwpxu/23h/1U&%F2%83%A4%BD%F3%8B%A6%8C%F2%90%98%8D/%F3%AC%90%A1;I/O*GHUa/n&gw)\",\n          \"info\": \"L]=8YdMrMd\",\n          \"isSelectable\": true\n        }\n      },\n      \"{!.>MM3Qb\": {\n        \"name\": \";\",\n        \"ay\": 2028,\n        \"assign\": \"[-;7tJak<<\",\n        \"match\": {\n          \"pattern\": \"HAF62T\",\n          \"exclude\": [\n            \"DF6\",\n            \"OM367J\",\n            \"PZ4x\",\n            \"VLx55\",\n            \"DGX3\"\n          ],\n          \"info\": \"y\"\n        },\n        \"satisfy\": {\n          \"mc\": \">=5\"\n        },\n        \"url\": \"http://p3oneqsvxbuw7c3eon4uu52louujbnkp9q2gkjxj5ngtj7y82a.bzwx/(e=e7%F3%B8%8C%B9%2Cb/\",\n        \"info\": \"{$x{!{x\\\"\",\n        \"isSelectable\": true\n      },\n      \"_${q*0\": {\n        \"name\": \"\\\\\\\" <\",\n        \"ay\": 2005,\n        \"assign\": \"\",\n        \"match\": [],\n        \"satisfy\": [\n          {\n            \"or\": [\n              {\n                \"mc\": \"<=11\"\n              },\n              {\n                \"mc\": \"<=197\"\n              },\n              {\n                \"or\": [\n                  {\n                    \"and\": [\n                      {\n                        \"or\": [\n                          \"y+i&]]j\",\n                          \"J\",\n                          {\n                            \"mc\": \"<=24\"\n                          },\n                          \"*vDtYRzR\",\n                          \"!\"\n                        ]\n                      },\n                      \"5mq?]TY\",\n                      \"K@T\",\n                      {\n                        \"and\": []\n                      },\n                      \": 06fBUz]\"\n                    ]\n                  },\n                  \"i{rHNymh\",\n                  {\n                    \"mc\": \"<=182\"\n                  },\n                  {\n                    \"or\": [\n                      \"H \",\n                      {\n                        \"mc\": \"<=119\"\n                      }\n                    ]\n                  },\n                  {\n                    \"and\": [\n                      {\n                        \"and\": [\n                          {\n                            \"and\": [\n                              \"r+z+L\",\n                              \"#`i \",\n                              \"oS,J%ck\",\n                              {\n                                \"and\": [\n                                  {\n                                    \"or\": [\n                                      \"-fZ`hk\",\n                                      \"<pqULz\"\n                                    ]\n                                  },\n                                  \"=LJ\",\n                                  \"[`KXsN\"\n                                ]\n                              }\n                            ]\n                          },\n                          \"zg\"\n                        ]\n                      },\n                      {\n                        \"or\": [\n                          {\n                            \"or\": [\n                              \"k\\\"3!U+jsg\",\n                              \"T]\",\n                              \"^g?<}U*CQ\",\n                              \"Q)B\",\n                              \"Lc_i r;\"\n                            ]\n                          },\n                          {\n                            \"mc\": \">=116\"\n                          },\n                          \"V0M\",\n                          \",\",\n                          {\n                            \"mc\": \">=26\"\n                          }\n                        ]\n                      },\n                      {\n                        \"and\": [\n                          {\n                            \"or\": []\n                          },\n                          \"n_Y(U\"\n                        ]\n                      },\n                      \"Cad>!vQ\"\n                    ]\n                  }\n                ]\n              },\n              \"BI\",\n              {\n                \"and\": [\n                  {\n                    \"mc\": \">=34\"\n                  }\n                ]\n              }\n            ]\n          },\n          \"\"\n        ],\n        \"url\": \"http://iue8.npsnh/%F2%A5%81%81vu.KYUHR4/e%E4%B1%8FN&4s/svMC!u1/~x3yX:E%F0%96%93%A2b/wR-~/SnmN4%F1%BA%96%BD*/nc,SxwTr/Vm&Y2%F3%87%8B%B6j0\",\n        \"isSelectable\": true\n      },\n      \"\": {\n        \"name\": \"#\",\n        \"ay\": 2029,\n        \"assign\": [\n          \"_nw\",\n          \"%^=r]\"\n        ],\n        \"satisfy\": [\n          {\n            \"and\": []\n          }\n        ],\n        \"url\": \"http://oqf.bv7e-x-acio5y-8d-6sf5aohucfcfck6vw0868ft8a5v5bs68b.u4ysn67s095ea-oyfsadwgdwkvuba07rbk6va5axwv05sql2so-z28hagrka9.auh9ojqgc525g.sxc/C%F2%93%88%BFRH5F%F1%A5%A2%B6/P/,wlEJ/f);/~y%F2%93%94%A9\",\n        \"info\": \"|!D\",\n        \"isSelectable\": true\n      }\n    }\n  },\n  {\n    \"title\": \"block sample 4\",\n    \"value\": {\n      \"name\": \"w|(,\",\n      \"ay\": 2005,\n      \"assign\": \"35f|P|l||t\",\n      \"url\": \"http://u4b9arvjysi1ucfsmgza193139jolcccpgi2pi3.sqxpfuim61trnenhakqm7i.oev4s1yb3ehyje5yqm4tb922q6k.x7m7mgy354ygdynp10m1wqkg7rpmnxox3pcn6br9bykk1l7wwfpa7q9.7bat63uxb971wtixlet56uusuts210inpdpdzql3ha.vvkixejngu/zqr/(HXjK%F1%96%BF%93/HyOOGlvXJ%F2%B0%96%91/9A49)g%F1%89%9D%A9TJ%F1%B2%89%83/h%F2%82%B1%A2rCWKhlg/bST7/SJ@/'/%F3%85%BC%AB%F0%93%A4%A1@vY\",\n      \"info\": \"`lr=AF/9\",\n      \"isSelectable\": true,\n      \"Uw1Ny@@Ph\": {\n        \"ay\": 1956,\n        \"assign\": [\n          \" KQ\"\n        ],\n        \"match\": [],\n        \"satisfy\": {\n          \"and\": [\n            {\n              \"or\": [\n                {\n                  \"or\": [\n                    \"=U;\",\n                    {\n                      \"or\": [\n                        \"cC[(=gib2K\",\n                        \"=l\\\\ReH[\",\n                        {\n                          \"mc\": \"<=54\"\n                        },\n                        \":0\"\n                      ]\n                    },\n                    \"$j#1#\\\"u8\",\n                    \"xu\",\n                    \"Bsj8CsWF\"\n                  ]\n                }\n              ]\n            }\n          ]\n        },\n        \"info\": \"?<cDJh.^.>\",\n        \"isSelectable\": true\n      },\n      \"Y\": {\n        \"name\": \"%\",\n        \"ay\": 1953,\n        \"assign\": \"YKp\",\n        \"match\": [\n          {\n            \"and\": []\n          },\n          {\n            \"pattern\": \"JW*84\",\n            \"info\": \"%\"\n          }\n        ],\n        \"satisfy\": {\n          \"mc\": \">=200\"\n        },\n        \"info\": \"f&\",\n        \"isSelectable\": true\n      },\n      \"9$ \": {\n        \"name\": \"O\",\n        \"ay\": 1950,\n        \"assign\": \"b\",\n        \"match\": [\n          \"VQE5\",\n          {\n            \"pattern\": \"ZJ25\",\n            \"exclude\": [\n              \"TGAx91\",\n              \"ANF0L\",\n              \"NQ467\",\n              \"XP6707L\"\n            ],\n            \"info\": \"@'s\"\n          },\n          \"TG26\"\n        ],\n        \"satisfy\": [\n          \"|9\",\n          \"U)ggj3s|\\\"\",\n          \"\",\n          {\n            \"mc\": \"<=193\"\n          }\n        ],\n        \"url\": \"http://7oe152960571dmre-vsn0vtyjvdvo7xryklzckdc99aq6z.b5le1k9v6ifueh2exrxotclffieu8f29x-0.vcsmm/WW&w/j9\",\n        \"info\": \"S3Mlg,\",\n        \"isSelectable\": true\n      },\n      \"m Bv\": {\n        \"name\": \"a!$\",\n        \"ay\": 1966,\n        \"assign\": [\n          \"!yt2He?Y$C\",\n          \"&$B8-#}\"\n        ],\n        \"match\": [\n          \"CCX5\"\n        ],\n        \"satisfy\": [],\n        \"url\": \"https://5.df.cvlbc/tB0os/Wl%F3%B3%8E%8Bn2aW\",\n        \"isSelectable\": true\n      },\n      \"hZi~iX\": {\n        \"name\": \"xy~dK{7{k\",\n        \"ay\": 1955,\n        \"assign\": [\n          \"%\",\n          \")z \",\n          \"\",\n          \"\",\n          \"#S\"\n        ],\n        \"match\": {\n          \"pattern\": \"DO1\",\n          \"exclude\": [],\n          \"info\": \"gVc?\"\n        },\n        \"satisfy\": {\n          \"and\": [\n            {\n              \"and\": [\n                \"(X6*}r\"\n              ]\n            },\n            \"\",\n            {\n              \"and\": [\n                \"{g!\",\n                \"@{AL{W\"\n              ]\n            },\n            \"K%@5y%\",\n            {\n              \"mc\": \"<=179\"\n            }\n          ]\n        },\n        \"url\": \"https://2baf-pb8-6rmbccf5ffa2f7qveba9h-6-ebh4.tgb/:S;Ju//ne@a@ge1\",\n        \"info\": \"!Cn\",\n        \"isSelectable\": true,\n        \"bAI*:>mM:\": {\n          \"name\": \"r[<d:naHW-\",\n          \"ay\": 1952,\n          \"assign\": \"fNb<V\",\n          \"match\": [\n            {\n              \"or\": [\n                \"HI6L\",\n                {\n                  \"and\": []\n                },\n                {\n                  \"pattern\": \"XAP77x5\",\n                  \"exclude\": [\n                    \"KK07L\",\n                    \"YX2L\"\n                  ],\n                  \"info\": \"}xd6-43m\"\n                }\n              ]\n            },\n            {\n              \"or\": [\n                {\n                  \"pattern\": \"FMxE\",\n                  \"exclude\": [\n                    \"ILD647\",\n                    \"JIP67\",\n                    \"XF326*Z\"\n                  ],\n                  \"info\": \"}5mw~w9j/k\"\n                },\n                {\n                  \"and\": [\n                    {\n                      \"and\": [\n                        \"HV28V\"\n                      ]\n                    },\n                    \"DF775P\",\n                    {\n                      \"or\": [\n                        {\n                          \"or\": [\n                            {\n                              \"and\": []\n                            },\n                            {\n                              \"or\": [\n                                \"MFJx175\"\n                              ]\n                            }\n                          ]\n                        },\n                        {\n                          \"pattern\": \"OJV431\",\n                          \"exclude\": [\n                            \"FHPx42T\",\n                            \"UEP935U\",\n                            \"TN6\"\n                          ],\n                          \"info\": \"Ge\"\n                        }\n                      ]\n                    }\n                  ]\n                }\n              ]\n            },\n            \"VU*0E\",\n            {\n              \"and\": [\n                {\n                  \"or\": [\n                    \"KIGx0I\",\n                    \"TGN9R\",\n                    {\n                      \"or\": [\n                        \"DSP878x\",\n                        \"NW7840\"\n                      ]\n                    },\n                    \"BB*0\",\n                    \"HJ6G\"\n                  ]\n                },\n                {\n                  \"and\": [\n                    \"BJ*V\",\n                    {\n                      \"and\": [\n                        \"YCJ71*P\",\n                        {\n                          \"or\": [\n                            \"QNO*08P\",\n                            \"AHA6497V\",\n                            {\n                              \"pattern\": \"GEx7V\",\n                              \"exclude\": [],\n                              \"info\": \"c\\\\4 ESFu<\"\n                            },\n                            \"FPB3W\",\n                            {\n                              \"and\": [\n                                {\n                                  \"pattern\": \"TV43*H\",\n                                  \"exclude\": \"BO*M\",\n                                  \"info\": \"797,.S\"\n                                },\n                                \"SBP6Q\"\n                              ]\n                            }\n                          ]\n                        }\n                      ]\n                    },\n                    {\n                      \"or\": [\n                        {\n                          \"and\": [\n                            \"KY5*52\",\n                            {\n                              \"and\": [\n                                \"YEJ62*M\",\n                                \"YE7\",\n                                \"DBW5A\",\n                                {\n                                  \"pattern\": \"TM92\",\n                                  \"exclude\": \"IP9x6B\",\n                                  \"info\": \"p-3p-\"\n                                }\n                              ]\n                            }\n                          ]\n                        }\n                      ]\n                    },\n                    \"FM7\"\n                  ]\n                },\n                {\n                  \"or\": [\n                    {\n                      \"pattern\": \"ZW5353\",\n                      \"exclude\": [\n                        \"QX945K\",\n                        \"ZUO398\",\n                        \"YAQ9M\",\n                        \"LHF6*8O\"\n                      ],\n                      \"info\": \"IjWx\"\n                    }\n                  ]\n                },\n                {\n                  \"or\": []\n                }\n              ]\n            },\n            {\n              \"pattern\": \"SMF51*N\",\n              \"exclude\": [\n                \"IVS0x0Q\",\n                \"NC3\",\n                \"DCD364x\",\n                \"NMY802\"\n              ]\n            }\n          ],\n          \"satisfy\": [\n            {\n              \"or\": []\n            },\n            \"6$yWps,c=t\",\n            {\n              \"and\": [\n                {\n                  \"mc\": \">=86\"\n                },\n                \"0XRl#Y|\"\n              ]\n            },\n            {\n              \"or\": [\n                {\n                  \"or\": [\n                    \"`d1KE`i\",\n                    {\n                      \"and\": [\n                        \"`}(1'\\\\Xh\",\n                        \"koRi49-<D\",\n                        \"QQ|m@c\",\n                        \"y*>#zJ\"\n                      ]\n                    },\n                    {\n                      \"and\": [\n                        \"dbQOJ8jat\"\n                      ]\n                    },\n                    \"p\",\n                    {\n                      \"mc\": \">=18\"\n                    }\n                  ]\n                },\n                {\n                  \"or\": [\n                    \"8,{m\"\n                  ]\n                }\n              ]\n            }\n          ],\n          \"url\": \"https://ukcmrf00c8os5ggxmapo.f8yu-be-e5ii85o73ra0ni48f3evk5yu.o4-velxyh3toxrn1s6lokx440p6qhdx18bwf9j84wx.luii/JIz=%F3%92%AE%9ANbiiY/f\",\n          \"info\": \"!r+D\",\n          \"isSelectable\": true\n        },\n        \"U~``Gs1\": {\n          \"name\": \"lLl|\",\n          \"ay\": 2002,\n          \"assign\": [\n            \"6?U6~qOMh\"\n          ],\n          \"match\": {\n            \"and\": [\n              \"WKR9\",\n              \"ROP4L\",\n              {\n                \"pattern\": \"EN23W\",\n                \"exclude\": \"GU03*G\",\n                \"info\": \"|F2HOB8y\"\n              }\n            ]\n          },\n          \"satisfy\": {\n            \"or\": [\n              {\n                \"mc\": \"<=172\"\n              },\n              {\n                \"or\": [\n                  {\n                    \"mc\": \">=50\"\n                  }\n                ]\n              },\n              {\n                \"mc\": \">=180\"\n              }\n            ]\n          },\n          \"url\": \"http://41enzfndfdhlri8zb6q.k8brg.4n47u59e2ks2qqit9oz1zndxlvcdkqbq-1hsk789vbjxql14j4fefcdlo5.9n7cqqqnyg1v-8d-pd9iy17s5wzwdyuz2u0pi6is3.ozph7te5jfxp5a0hw4588n0rvvdg0uw2coid-4dcw4kyok2zbmiaqnc4mt9x303.lilr/;w.F2~CArL/zHR/k/IdXfZSngj/p/;@7d%F2%9F%B5%BD\",\n          \"info\": \"NB^\"\n        },\n        \"=)duOS\": {\n          \"name\": \"}\\\\($7Mw\",\n          \"ay\": 2016,\n          \"assign\": [\n            \"Y|w\",\n            \"C{xiP%2]\",\n            \"CR4^Rr?Z\",\n            \"\",\n            \"Qtu>)L.&\"\n          ],\n          \"match\": [\n            {\n              \"pattern\": \"WK2xx*\",\n              \"exclude\": [\n                \"IM41\",\n                \"YJ9A\"\n              ],\n              \"info\": \"]Jh3awL\"\n            },\n            {\n              \"or\": [\n                {\n                  \"or\": [\n                    {\n                      \"and\": [\n                        {\n                          \"or\": [\n                            \"KL11\",\n                            \"WP1540\",\n                            \"SSW*\"\n                          ]\n                        },\n                        \"FYPx41H\",\n                        \"WT4W\"\n                      ]\n                    },\n                    \"VZH90F\",\n                    {\n                      \"and\": []\n                    },\n                    \"AZK9T\"\n                  ]\n                },\n                {\n                  \"and\": [\n                    \"HEZ4R\",\n                    {\n                      \"or\": [\n                        \"QRW3Z\",\n                        \"ZAx7x1V\",\n                        \"NTV1\"\n                      ]\n                    },\n                    {\n                      \"pattern\": \"AX7\",\n                      \"exclude\": \"MNO07*xX\",\n                      \"info\": \"aM?x\"\n                    }\n                  ]\n                }\n              ]\n            }\n          ],\n          \"satisfy\": [\n            {\n              \"and\": [\n                {\n                  \"or\": [\n                    {\n                      \"and\": [\n                        {\n                          \"and\": [\n                            {\n                              \"or\": [\n                                \"N\"\n                              ]\n                            },\n                            \"Ms\",\n                            \"\\\"\"\n                          ]\n                        },\n                        \",!m_E\"\n                      ]\n                    },\n                    \"M93RVE`!>8\"\n                  ]\n                },\n                {\n                  \"mc\": \"<=7\"\n                },\n                {\n                  \"mc\": \"<=120\"\n                }\n              ]\n            },\n            {\n              \"and\": [\n                {\n                  \"mc\": \">=71\"\n                },\n                {\n                  \"mc\": \">=42\"\n                },\n                {\n                  \"or\": [\n                    {\n                      \"or\": [\n                        {\n                          \"or\": [\n                            {\n                              \"or\": [\n                                \"`M 9b\",\n                                \"THA:[qJ7&'\"\n                              ]\n                            },\n                            {\n                              \"mc\": \"<=89\"\n                            },\n                            \"5JCY}A\"\n                          ]\n                        }\n                      ]\n                    },\n                    \"Bs\",\n                    \"EY%*_vLh&\",\n                    {\n                      \"mc\": \"<=23\"\n                    }\n                  ]\n                }\n              ]\n            }\n          ],\n          \"url\": \"http://b-t824l67.e.roqcf.9.xxqrayelf/%F1%AA%97%88~P/%F2%80%82%AC/jS)=pdyz/d2O5=aT\",\n          \"info\": \"\"\n        },\n        \"<4H_-wL\": {\n          \"ay\": 1996,\n          \"assign\": [\n            \"64\",\n            \"hD@\",\n            \"Ymh{}(\"\n          ],\n          \"match\": [\n            {\n              \"or\": []\n            },\n            \"OHH276\"\n          ],\n          \"satisfy\": \"1KUeYNmR\",\n          \"url\": \"http://9ofijtrbsv1c5avdyu1rmjdx9u-pn090xb78z3.gnciabmj/;9&%F4%80%B1%9ANn,cl/wc_/m5h2'/a(/+9;W/%F2%B4%A6%B5kpKX8/V%F3%AF%AC%A1c7,;/GRl'uI-fbn/N%F3%81%B2%A7I=%F0%AC%BE%ADSAa\",\n          \"info\": \"=)\\\\)S5Jj\"\n        }\n      }\n    }\n  },\n  {\n    \"title\": \"block sample 5\",\n    \"value\": {\n      \"ay\": 2024,\n      \"assign\": [\n        \"%=~\",\n        \"dt'QCF2[s5\"\n      ],\n      \"match\": [\n        {\n          \"pattern\": \"QF69\",\n          \"exclude\": \"TSB79xQ\",\n          \"info\": \"s\\\\$2vA\"\n        },\n        {\n          \"or\": [\n            {\n              \"or\": []\n            },\n            {\n              \"or\": [\n                \"IXP534\",\n                \"TDB4x5\"\n              ]\n            }\n          ]\n        },\n        {\n          \"pattern\": \"TS4\",\n          \"exclude\": \"EWZx750\",\n          \"info\": \" K\"\n        },\n        \"ELL0T\"\n      ],\n      \"satisfy\": [],\n      \"url\": \"http://sgk4ndufnnwvr9yh8vv08kifiwzj46zhl0bq7wsrslqyr24kvbx08l-em6k7.t53nftimhu0yx3im8xhbnhbbtjae9gmhnxnpsu9a43yyxalkgxse.mjl/vgC;Gd/JootceQbw;/xj%F2%9D%AB%AB3ghh-=/yS)8zHF%F3%9D%8A%B2:/Ee9MP3/%F3%A6%AE%BB//,j:3%F1%8C%95%ABo/wV9\",\n      \"info\": \"WWV|F,\",\n      \"isSelectable\": true\n    }\n  },\n  {\n    \"title\": \"block sample 6\",\n    \"value\": {\n      \"name\": \"lqy~FN\",\n      \"ay\": 1951,\n      \"assign\": [\n        \"\",\n        \"|QQV\",\n        \"_S-n.&\"\n      ],\n      \"match\": [],\n      \"url\": \"https://4gfwynnn1.bbnqmj/o_E3LZy/DU$bKINM/e/*/.K&Pa%F3%A2%A2%BF4I1/gVk+yr4)\",\n      \"info\": \"\",\n      \"isSelectable\": true,\n      \"~48lUzUJ;J\": {\n        \"name\": \"]E(J:}D*=Q\",\n        \"ay\": 2026,\n        \"assign\": \"x\",\n        \"match\": {\n          \"or\": [\n            {\n              \"and\": [\n                \"XHM5683\",\n                \"LH398\",\n                {\n                  \"pattern\": \"ERZ*7\",\n                  \"exclude\": [\n                    \"EE5906A\",\n                    \"NVR0232W\",\n                    \"OA7439\",\n                    \"OG8*51\"\n                  ],\n                  \"info\": \"OGK\"\n                },\n                {\n                  \"pattern\": \"SX7xY\",\n                  \"exclude\": [\n                    \"XHY36\"\n                  ],\n                  \"info\": \"9W=zen(dR\"\n                }\n              ]\n            }\n          ]\n        },\n        \"satisfy\": {\n          \"mc\": \">=194\"\n        },\n        \"info\": \"u-!)Ielf8x\",\n        \"isSelectable\": true,\n        \"IMo4J*Lbd\": {\n          \"name\": \"y5j\",\n          \"assign\": [\n            \"#v/q )T3S\"\n          ],\n          \"satisfy\": [\n            \"TVRgP,UU\",\n            {\n              \"and\": [\n                {\n                  \"or\": [\n                    \";|y1\",\n                    {\n                      \"and\": []\n                    },\n                    {\n                      \"mc\": \"<=148\"\n                    },\n                    {\n                      \"or\": [\n                        {\n                          \"mc\": \"<=165\"\n                        }\n                      ]\n                    }\n                  ]\n                },\n                {\n                  \"mc\": \"<=128\"\n                },\n                {\n                  \"mc\": \">=27\"\n                },\n                \"XQuh\"\n              ]\n            },\n            {\n              \"and\": [\n                {\n                  \"and\": []\n                },\n                \"Ze1&g8\"\n              ]\n            },\n            {\n              \"mc\": \">=150\"\n            },\n            \"8\"\n          ],\n          \"url\": \"https://1sxvqxj6l1106by07odkbupcsl4rgs-rrrxkm4p2epjptzbl.00-a0tasf2r3u9hzoj2ritiyhi8sut0-y897e2gs.2.pa67b5w1e-pkf.5akurwq-q--ea75b-xhi5luhuypprrn5or32z49tjph.wgst/hY%F1%98%BF%95TAg/X6E*\",\n          \"info\": \"o>\\\\\",\n          \"isSelectable\": true\n        },\n        \"og\\\\\": {\n          \"name\": \"Z\",\n          \"ay\": 2022,\n          \"assign\": \"m KNX\",\n          \"match\": {\n            \"or\": [\n              {\n                \"and\": []\n              },\n              {\n                \"or\": [\n                  {\n                    \"or\": [\n                      \"QKV20\"\n                    ]\n                  },\n                  \"BZ731\",\n                  {\n                    \"or\": [\n                      {\n                        \"pattern\": \"OSAx\",\n                        \"exclude\": \"RPQx4*F\",\n                        \"info\": \"\"\n                      },\n                      \"PG4055X\",\n                      \"CJPx3*5\",\n                      \"DUD443B\",\n                      \"OS93V\"\n                    ]\n                  },\n                  \"MV564T\",\n                  \"NTV2976\"\n                ]\n              },\n              {\n                \"or\": [\n                  \"SS0469Q\",\n                  \"JX492\",\n                  {\n                    \"and\": [\n                      \"EN*3H\",\n                      {\n                        \"or\": [\n                          \"EFG5\",\n                          \"ATJ3V\",\n                          \"KMR890xR\",\n                          \"WRV61xxM\",\n                          \"LDH58R\"\n                        ]\n                      },\n                      \"IO0649I\"\n                    ]\n                  },\n                  \"VZ3059\"\n                ]\n              },\n              {\n                \"or\": [\n                  \"ZJ6Q\"\n                ]\n              },\n              \"FM7*Y\"\n            ]\n          },\n          \"satisfy\": [\n            {\n              \"or\": [\n                \"H\",\n                {\n                  \"mc\": \">=56\"\n                }\n              ]\n            }\n          ],\n          \"url\": \"https://zbsm-pi3a0aqnxg06pw05-cyptny2cby8xul6j5.mmsciwuzgt/\"\n        },\n        \"*\": {\n          \"name\": \"}!RYd\\\"}J<\",\n          \"ay\": 2004,\n          \"match\": {\n            \"or\": []\n          },\n          \"satisfy\": {\n            \"and\": [\n              {\n                \"or\": [\n                  \"J%]d\",\n                  {\n                    \"or\": [\n                      \"?0-\"\n                    ]\n                  },\n                  \"C\",\n                  {\n                    \"and\": [\n                      \"\",\n                      {\n                        \"or\": [\n                          \"-nC2VSP\",\n                          \"D\"\n                        ]\n                      },\n                      {\n                        \"mc\": \"<=149\"\n                      },\n                      \"\",\n                      \"2/SFmp\"\n                    ]\n                  },\n                  {\n                    \"mc\": \"<=104\"\n                  }\n                ]\n              },\n              {\n                \"or\": [\n                  \"}^q|{\\\\\",\n                  \"jBm=xP3t\",\n                  {\n                    \"mc\": \">=30\"\n     
[...]
              "timedOut": false,
              "duration": 1,
              "state": "passed",
              "speed": "fast",
              "pass": true,
              "fail": false,
              "pending": false,
              "context": null,
              "code": "const satisfier = (0, satisfiers_1.inequalitySatisfier)(ref, \"<=32\");\nsatisfier.should.have.property(\"filter\");\nconst { filter } = satisfier;\nisCorrectFilter(filter, modulesList1, modulesList1.map(([moduleStr]) => moduleStr));",
              "err": {},
              "uuid": "f3b7e0f8-0804-4fd3-80a7-f3918fc0f5d7",
              "parentUUID": "57acf869-ff1c-47b9-a7fe-de73eef9ff65",
              "isHook": false,
              "skipped": false
            },
            {
              "title": "should truncate list of modules with upper bound of MCs at exact cutoff if total MC count is higher and there exists some starting sequence with exact MC count",
              "fullTitle": "inequalitySatisfier should truncate list of modules with upper bound of MCs at exact cutoff if total MC count is higher and there exists some starting sequence with exact MC count",
              "timedOut": false,
              "duration": 0,
              "state": "passed",
              "speed": "fast",
              "pass": true,
              "fail": false,
              "pending": false,
              "context": null,
              "code": "const satisfier = (0, satisfiers_1.inequalitySatisfier)(ref, \"<=16\");\nsatisfier.should.have.property(\"filter\");\nconst { filter } = satisfier;\nisCorrectFilter(filter, modulesList1, [\n    \"CS2100\",\n    \"GER1000\",\n    \"CS2040S\",\n    \"ST2131\",\n]);",
              "err": {},
              "uuid": "6e8b8c66-4da2-45f0-9b04-e0de121fd341",
              "parentUUID": "57acf869-ff1c-47b9-a7fe-de73eef9ff65",
              "isHook": false,
              "skipped": false
            },
            {
              "title": "should truncate list of modules with upper bound of MCs, cutting off at the minimum starting sequence that exceeds upper bound, if total MC count is higher and there exists no starting sequence with exact MC count",
              "fullTitle": "inequalitySatisfier should truncate list of modules with upper bound of MCs, cutting off at the minimum starting sequence that exceeds upper bound, if total MC count is higher and there exists no starting sequence with exact MC count",
              "timedOut": false,
              "duration": 0,
              "state": "passed",
              "speed": "fast",
              "pass": true,
              "fail": false,
              "pending": false,
              "context": null,
              "code": "const satisfier = (0, satisfiers_1.inequalitySatisfier)(ref, \"<=17\");\nsatisfier.should.have.property(\"filter\");\nconst { filter } = satisfier;\nisCorrectFilter(filter, modulesList1, [\n    \"CS2100\",\n    \"GER1000\",\n    \"CS2040S\",\n    \"ST2131\",\n    \"MA1521\",\n]);",
              "err": {},
              "uuid": "2ccbf7f8-4b00-4b2d-93f1-63dfa120adee",
              "parentUUID": "57acf869-ff1c-47b9-a7fe-de73eef9ff65",
              "isHook": false,
              "skipped": false
            }
          ],
          "suites": [],
          "passes": [
            "487952fb-6381-4a0a-99c0-3198acfbb28c",
            "83ba5193-8769-4ebe-a598-4b1838c60c20",
            "1d6a4a01-e665-40fa-ac3e-a1ff63263c8a",
            "7daceecb-c817-4b3f-bd53-adae42e38344",
            "f3b7e0f8-0804-4fd3-80a7-f3918fc0f5d7",
            "6e8b8c66-4da2-45f0-9b04-e0de121fd341",
            "2ccbf7f8-4b00-4b2d-93f1-63dfa120adee"
          ],
          "failures": [],
          "pending": [],
          "skipped": [],
          "duration": 2,
          "root": false,
          "rootEmpty": false,
          "_timeout": 2000
        },
        {
          "uuid": "e2960cfb-a43a-4dba-9fc0-6b78dc878637",
          "title": "inequalitySchema",
          "fullFile": "/home/runner/work/planwithus-lib/planwithus-lib/src/satisfyRule/inequality/schemas.test.ts",
          "file": "/src/satisfyRule/inequality/schemas.test.ts",
          "beforeHooks": [],
          "afterHooks": [],
          "tests": [
            {
              "title": "should validate inequality in the form <=n or >=n",
              "fullTitle": "inequalitySchema should validate inequality in the form <=n or >=n",
              "timedOut": false,
              "duration": 1,
              "state": "passed",
              "speed": "fast",
              "pass": true,
              "fail": false,
              "pending": false,
              "context": "[\n  {\n    \"title\": \"inequality sample 0\",\n    \"value\": \">=181\"\n  },\n  {\n    \"title\": \"inequality sample 1\",\n    \"value\": \"<=81\"\n  },\n  {\n    \"title\": \"inequality sample 2\",\n    \"value\": \"<=8\"\n  },\n  {\n    \"title\": \"inequality sample 3\",\n    \"value\": \">=197\"\n  },\n  {\n    \"title\": \"inequality sample 4\",\n    \"value\": \"<=4\"\n  },\n  {\n    \"title\": \"inequality sample 5\",\n    \"value\": \">=89\"\n  },\n  {\n    \"title\": \"inequality sample 6\",\n    \"value\": \">=196\"\n  },\n  {\n    \"title\": \"inequality sample 7\",\n    \"value\": \"<=8\"\n  },\n  {\n    \"title\": \"inequality sample 8\",\n    \"value\": \"<=3\"\n  },\n  {\n    \"title\": \"inequality sample 9\",\n    \"value\": \"<=173\"\n  }\n]",
              "code": "(0, fast_check_1.sample)(index_test_2.inequality, 10).forEach((sample, i) => (0, addContext_1.default)(this, {\n    title: `inequality sample ${i}`,\n    value: sample,\n}));\nreturn (0, fast_check_1.assert)((0, fast_check_1.property)(index_test_2.inequality, ajvValidate));",
              "err": {},
              "uuid": "64f0bc2d-4022-4bb7-9228-85294a6b1472",
              "parentUUID": "e2960cfb-a43a-4dba-9fc0-6b78dc878637",
              "isHook": false,
              "skipped": false
            },
            {
              "title": "should not validate inequality of invalid form",
              "fullTitle": "inequalitySchema should not validate inequality of invalid form",
              "timedOut": false,
              "duration": 1,
              "state": "passed",
              "speed": "fast",
              "pass": true,
              "fail": false,
              "pending": false,
              "context": null,
              "code": "[\n        \"\",\n        \"==23\",\n        \"23\",\n        \"<23\",\n        \">23\",\n        \"<=-1\",\n        \">=-1\",\n        \"<= 2\",\n        \">= 1\",\n        \"> 3\",\n        \"< 3\",\n        \"<=3a\",\n        \">=3a\",\n        \"a<=3\",\n        \"a>=3\",\n    ].forEach(isInvalidInequality)",
              "err": {},
              "uuid": "ceaade0e-e501-4c77-a3ba-92f35a78bc71",
              "parentUUID": "e2960cfb-a43a-4dba-9fc0-6b78dc878637",
              "isHook": false,
              "skipped": false
            }
          ],
          "suites": [],
          "passes": [
            "64f0bc2d-4022-4bb7-9228-85294a6b1472",
            "ceaade0e-e501-4c77-a3ba-92f35a78bc71"
          ],
          "failures": [],
          "pending": [],
          "skipped": [],
          "duration": 2,
          "root": false,
          "rootEmpty": false,
          "_timeout": 2000
        },
        {
          "uuid": "0ae832c0-c4ef-46fe-b1d4-9957e32b6ac8",
          "title": "satisfyRuleSchema",
          "fullFile": "/home/runner/work/planwithus-lib/planwithus-lib/src/satisfyRule/schemas.test.ts",
          "file": "/src/satisfyRule/schemas.test.ts",
          "beforeHooks": [],
          "afterHooks": [],
          "tests": [
            {
              "title": "should validate satisfy rule with valid block id",
              "fullTitle": "satisfyRuleSchema should validate satisfy rule with valid block id",
              "timedOut": false,
              "duration": 1,
              "state": "passed",
              "speed": "fast",
              "pass": true,
              "fail": false,
              "pending": false,
              "context": null,
              "code": "0, fast_check_1.assert)((0, fast_check_1.property)((0, fast_check_1.string)(), ajvValidate)",
              "err": {},
              "uuid": "fa0677e9-f1e5-4298-b13c-740ba080ad15",
              "parentUUID": "0ae832c0-c4ef-46fe-b1d4-9957e32b6ac8",
              "isHook": false,
              "skipped": false
            },
            {
              "title": "should validate satisfy rules with valid mc",
              "fullTitle": "satisfyRuleSchema should validate satisfy rules with valid mc",
              "timedOut": false,
              "duration": 1,
              "state": "passed",
              "speed": "fast",
              "pass": true,
              "fail": false,
              "pending": false,
              "context": "[\n  {\n    \"title\": \"mcSatisfyRule sample 0\",\n    \"value\": {\n      \"mc\": \">=35\"\n    }\n  },\n  {\n    \"title\": \"mcSatisfyRule sample 1\",\n    \"value\": {\n      \"mc\": \"<=169\"\n    }\n  },\n  {\n    \"title\": \"mcSatisfyRule sample 2\",\n    \"value\": {\n      \"mc\": \">=148\"\n    }\n  },\n  {\n    \"title\": \"mcSatisfyRule sample 3\",\n    \"value\": {\n      \"mc\": \"<=117\"\n    }\n  },\n  {\n    \"title\": \"mcSatisfyRule sample 4\",\n    \"value\": {\n      \"mc\": \">=142\"\n    }\n  },\n  {\n    \"title\": \"mcSatisfyRule sample 5\",\n    \"value\": {\n      \"mc\": \">=101\"\n    }\n  },\n  {\n    \"title\": \"mcSatisfyRule sample 6\",\n    \"value\": {\n      \"mc\": \">=196\"\n    }\n  },\n  {\n    \"title\": \"mcSatisfyRule sample 7\",\n    \"value\": {\n      \"mc\": \">=4\"\n    }\n  },\n  {\n    \"title\": \"mcSatisfyRule sample 8\",\n    \"value\": {\n      \"mc\": \"<=147\"\n    }\n  },\n  {\n    \"title\": \"mcSatisfyRule sample 9\",\n    \"value\": {\n      \"mc\": \"<=199\"\n    }\n  }\n]",
              "code": "(0, fast_check_1.sample)(index_test_2.mcSatisfyRule, 10).forEach((sample, i) => (0, addContext_1.default)(this, {\n    title: `mcSatisfyRule sample ${i}`,\n    value: sample,\n}));\nreturn (0, fast_check_1.assert)((0, fast_check_1.property)(index_test_2.mcSatisfyRule, ajvValidate));",
              "err": {},
              "uuid": "a0d3015f-cc39-48e7-83ed-585c9d3864b5",
              "parentUUID": "0ae832c0-c4ef-46fe-b1d4-9957e32b6ac8",
              "isHook": false,
              "skipped": false
            },
            {
              "title": "should validate valid recursive satisfy rules",
              "fullTitle": "satisfyRuleSchema should validate valid recursive satisfy rules",
              "timedOut": false,
              "duration": 3,
              "state": "passed",
              "speed": "fast",
              "pass": true,
              "fail": false,
              "pending": false,
              "context": "[\n  {\n    \"title\": \"satisfyRule sample 0\",\n    \"value\": {\n      \"mc\": \">=42\"\n    }\n  },\n  {\n    \"title\": \"satisfyRule sample 1\",\n    \"value\": {\n      \"mc\": \">=5\"\n    }\n  },\n  {\n    \"title\": \"satisfyRule sample 2\",\n    \"value\": {\n      \"mc\": \"<=189\"\n    }\n  },\n  {\n    \"title\": \"satisfyRule sample 3\",\n    \"value\": \"!y${ \\\"\"\n  },\n  {\n    \"title\": \"satisfyRule sample 4\",\n    \"value\": {\n      \"and\": [\n        {\n          \"or\": []\n        }\n      ]\n    }\n  },\n  {\n    \"title\": \"satisfyRule sample 5\",\n    \"value\": {\n      \"or\": [\n        \"Edb@pO@\\\\\\\"6\",\n        {\n          \"or\": [\n            {\n              \"and\": [\n                \"D)Y4`sfT=\",\n                \"\",\n                \"\",\n                \".uX9\"\n              ]\n            },\n            \"4V*dxd=q*r\",\n            \"/\"\n          ]\n        },\n        \"Xs1\",\n        {\n          \"or\": [\n            {\n              \"or\": [\n                \"TGA$=*\",\n                \"m/s8\",\n                \"Wtrf\",\n                \"\\\"+JTCFHU,#\",\n                {\n                  \"or\": []\n                }\n              ]\n            },\n            {\n              \"and\": [\n                \"'@ LWC9\"\n              ]\n            }\n          ]\n        }\n      ]\n    }\n  },\n  {\n    \"title\": \"satisfyRule sample 6\",\n    \"value\": \"w4p%\\\\}eAv4\"\n  },\n  {\n    \"title\": \"satisfyRule sample 7\",\n    \"value\": {\n      \"and\": []\n    }\n  },\n  {\n    \"title\": \"satisfyRule sample 8\",\n    \"value\": {\n      \"mc\": \"<=76\"\n    }\n  },\n  {\n    \"title\": \"satisfyRule sample 9\",\n    \"value\": {\n      \"or\": [\n        {\n          \"and\": [\n            \"\"\n          ]\n        },\n        \"369E~C6v\",\n        {\n          \"and\": [\n            \"?0z!;\",\n            {\n              \"or\": [\n                \"6{I;QH,Q\",\n                {\n                  \"and\": []\n                },\n                \"?X\"\n              ]\n            }\n          ]\n        },\n        {\n          \"mc\": \">=64\"\n        }\n      ]\n    }\n  }\n]",
              "code": "(0, fast_check_1.sample)(index_test_2.satisfyRule, 10).forEach((sample, i) => (0, addContext_1.default)(this, {\n    title: `satisfyRule sample ${i}`,\n    value: sample,\n}));\nreturn (0, fast_check_1.assert)((0, fast_check_1.property)(index_test_2.satisfyRule, ajvValidate));",
              "err": {},
              "uuid": "83aa3fc6-b304-40af-8190-6478fd69be7f",
              "parentUUID": "0ae832c0-c4ef-46fe-b1d4-9957e32b6ac8",
              "isHook": false,
              "skipped": false
            },
            {
              "title": "should not validate non-string/object",
              "fullTitle": "satisfyRuleSchema should not validate non-string/object",
              "timedOut": false,
              "duration": 1,
              "state": "passed",
              "speed": "fast",
              "pass": true,
              "fail": false,
              "pending": false,
              "context": null,
              "code": "const error = {\n    instancePath: \"\",\n    message: \"satisfy rule should be either a string or an object\",\n};\nisInvalidRule(null, error);\nisInvalidRule(undefined, error);\nisInvalidRule(10, error);\nisInvalidRule([12, 24], error);",
              "err": {},
              "uuid": "f318433f-af0c-4618-98bc-ecc7d1d0889e",
              "parentUUID": "0ae832c0-c4ef-46fe-b1d4-9957e32b6ac8",
              "isHook": false,
              "skipped": false
            },
            {
              "title": "should not validate satisfy rules with extra properties",
              "fullTitle": "satisfyRuleSchema should not validate satisfy rules with extra properties",
              "timedOut": false,
              "duration": 0,
              "state": "passed",
              "speed": "fast",
              "pass": true,
              "fail": false,
              "pending": false,
              "context": null,
              "code": "isInvalidRule({\n        and: [\n            { or: [\"2k\"], abc: \"def\" },\n            { mc: 8, ghi: \"jkl\" },\n        ],\n        mno: \"pqr\",\n    }, {\n        instancePath: \"/and/0\",\n        message: \"or satisfy rule should have property 'or' only\",\n    }, {\n        instancePath: \"/and/1\",\n        message: \"MC satisfy rule should have property 'mc' only\",\n    }, {\n        instancePath: \"\",\n        message: \"and satisfy rule should have property 'and' only\",\n    })",
              "err": {},
              "uuid": "89638780-350f-4914-8c4f-84d277c48b2e",
              "parentUUID": "0ae832c0-c4ef-46fe-b1d4-9957e32b6ac8",
              "isHook": false,
              "skipped": false
            },
            {
              "title": "should not validate ambiguous satisfy rules",
              "fullTitle": "satisfyRuleSchema should not validate ambiguous satisfy rules",
              "timedOut": false,
              "duration": 0,
              "state": "passed",
              "speed": "fast",
              "pass": true,
              "fail": false,
              "pending": false,
              "context": null,
              "code": "const message = \"satisfy rule should have only one of properties 'mc', 'and', 'or'\";\nisInvalidRule({\n    or: [\n        { mc: 5, and: [\"CS2040\"] },\n        { and: [{ and: [\"abc\"], or: [\"def\"] }] },\n    ],\n}, { instancePath: \"/or/0\", message }, { instancePath: \"/or/1/and/0\", message });",
              "err": {},
              "uuid": "ebb2a707-a0e9-4b37-991d-c80df4d25a12",
              "parentUUID": "0ae832c0-c4ef-46fe-b1d4-9957e32b6ac8",
              "isHook": false,
              "skipped": false
            },
            {
              "title": "should not validate and satisfy rules with non-array property",
              "fullTitle": "satisfyRuleSchema should not validate and satisfy rules with non-array property",
              "timedOut": false,
              "duration": 0,
              "state": "passed",
              "speed": "fast",
              "pass": true,
              "fail": false,
              "pending": false,
              "context": null,
              "code": "const message = \"property 'and' should be an array of satisfy rules\";\nisInvalidRule({ or: [{ and: {} }, { or: [{ and: 3 }] }] }, { instancePath: \"/or/0/and\", message }, { instancePath: \"/or/1/or/0/and\", message });",
              "err": {},
              "uuid": "8db6e87b-65d6-48b7-8558-b2c0ceff4fa5",
              "parentUUID": "0ae832c0-c4ef-46fe-b1d4-9957e32b6ac8",
              "isHook": false,
              "skipped": false
            },
            {
              "title": "should not validate or satisfy rules with non-array property",
              "fullTitle": "satisfyRuleSchema should not validate or satisfy rules with non-array property",
              "timedOut": false,
              "duration": 1,
              "state": "passed",
              "speed": "fast",
              "pass": true,
              "fail": false,
              "pending": false,
              "context": null,
              "code": "const message = \"property 'or' should be an array of satisfy rules\";\nisInvalidRule({ and: [{ or: {} }, { and: [{ or: 3 }] }] }, { instancePath: \"/and/0/or\", message }, { instancePath: \"/and/1/and/0/or\", message });",
              "err": {},
              "uuid": "0b95b0c5-f369-47fb-9896-20aa6b717527",
              "parentUUID": "0ae832c0-c4ef-46fe-b1d4-9957e32b6ac8",
              "isHook": false,
              "skipped": false
            }
          ],
          "suites": [],
          "passes": [
            "fa0677e9-f1e5-4298-b13c-740ba080ad15",
            "a0d3015f-cc39-48e7-83ed-585c9d3864b5",
            "83aa3fc6-b304-40af-8190-6478fd69be7f",
            "f318433f-af0c-4618-98bc-ecc7d1d0889e",
            "89638780-350f-4914-8c4f-84d277c48b2e",
            "ebb2a707-a0e9-4b37-991d-c80df4d25a12",
            "8db6e87b-65d6-48b7-8558-b2c0ceff4fa5",
            "0b95b0c5-f369-47fb-9896-20aa6b717527"
          ],
          "failures": [],
          "pending": [],
          "skipped": [],
          "duration": 7,
          "root": false,
          "rootEmpty": false,
          "_timeout": 2000
        }
      ],
      "passes": [],
      "failures": [],
      "pending": [],
      "skipped": [],
      "duration": 0,
      "root": true,
      "rootEmpty": true,
      "_timeout": 2000
    }
  ],
  "meta": {
    "mocha": {
      "version": "9.1.2"
    },
    "mochawesome": {
      "options": {
        "quiet": false,
        "reportFilename": "mochawesome",
        "saveHtml": true,
        "saveJson": true,
        "consoleReporter": "spec",
        "useInlineDiffs": false,
        "code": true
      },
      "version": "7.0.1"
    },
    "marge": {
      "options": {
        "reportDir": "docs"
      },
      "version": "6.0.1"
    }
  }
}