{
  "stats": {
    "suites": 10,
    "tests": 48,
    "passes": 48,
    "pending": 0,
    "failures": 0,
    "start": "2022-01-18T05:44:07.762Z",
    "end": "2022-01-18T05:44:08.092Z",
    "duration": 330,
    "testsRegistered": 48,
    "passPercent": 100,
    "pendingPercent": 0,
    "other": 0,
    "hasOther": false,
    "skipped": 0,
    "hasSkipped": false
  },
  "results": [
    {
      "uuid": "607f3567-b608-41f8-83ad-5a6eeacbed5b",
      "title": "",
      "fullFile": "",
      "file": "",
      "beforeHooks": [],
      "afterHooks": [],
      "tests": [],
      "suites": [
        {
          "uuid": "1c673653-e8f4-45f2-971f-169be9b2990c",
          "title": "initDirectories",
          "fullFile": "/home/runner/work/planwithus-lib/planwithus-lib/src/block/schemas.test.ts",
          "file": "/src/block/schemas.test.ts",
          "beforeHooks": [],
          "afterHooks": [],
          "tests": [
            {
              "title": "should parse all blocks with no errors",
              "fullTitle": "initDirectories should parse all blocks with no errors",
              "timedOut": false,
              "duration": 3,
              "state": "passed",
              "speed": "fast",
              "pass": true,
              "fail": false,
              "pending": false,
              "context": null,
              "code": "_1.initDirectories.should.not.throw()",
              "err": {},
              "uuid": "6af0fc0c-50be-4bda-a7df-37a391d1d5a8",
              "parentUUID": "1c673653-e8f4-45f2-971f-169be9b2990c",
              "isHook": false,
              "skipped": false
            },
            {
              "title": "should produce primary, second & minor directories",
              "fullTitle": "initDirectories should produce primary, second & minor directories",
              "timedOut": false,
              "duration": 2,
              "state": "passed",
              "speed": "fast",
              "pass": true,
              "fail": false,
              "pending": false,
              "context": null,
              "code": "const directories = (0, _1.initDirectories)();\ndirectories.should.have.property(\"primary\");\ndirectories.should.have.property(\"second\");\ndirectories.should.have.property(\"minor\");",
              "err": {},
              "uuid": "dfedcf7c-be16-4fa1-9a89-457412c1f322",
              "parentUUID": "1c673653-e8f4-45f2-971f-169be9b2990c",
              "isHook": false,
              "skipped": false
            }
          ],
          "suites": [],
          "passes": [
            "6af0fc0c-50be-4bda-a7df-37a391d1d5a8",
            "dfedcf7c-be16-4fa1-9a89-457412c1f322"
          ],
          "failures": [],
          "pending": [],
          "skipped": [],
          "duration": 5,
          "root": false,
          "rootEmpty": false,
          "_timeout": 2000
        },
        {
          "uuid": "46d00192-1ed5-4273-9650-598d563e0001",
          "title": "blockSchema",
          "fullFile": "/home/runner/work/planwithus-lib/planwithus-lib/src/block/schemas.test.ts",
          "file": "/src/block/schemas.test.ts",
          "beforeHooks": [],
          "afterHooks": [],
          "tests": [
            {
              "title": "should validate valid block",
              "fullTitle": "blockSchema should validate valid block",
              "timedOut": false,
              "duration": 180,
              "state": "passed",
              "speed": "slow",
              "pass": true,
              "fail": false,
              "pending": false,
              "context": "[\n  {\n    \"title\": \"block sample 0\",\n    \"value\": {\n      \"name\": \"o`fn\",\n      \"ay\": 2029,\n      \"assign\": [\n        \"Y\",\n        \"9|3+~\",\n        \"Cc/I};^b?E\",\n        \"|{\"\n      ],\n      \"satisfy\": [\n        \"Rr{!W[1Lu\",\n        {\n          \"or\": [\n            {\n              \"or\": [\n                \"zvO|]~Z\",\n                \"n6@`f%T.|<\"\n              ]\n            },\n            {\n              \"or\": [\n                \"&M$f\",\n                {\n                  \"or\": [\n                    \"6u@\",\n                    \";\"\n                  ]\n                },\n                \"v_%?=\",\n                \"S`m)w;+>;\",\n                {\n                  \"or\": [\n                    {\n                      \"mc\": \"<=29\"\n                    },\n                    \"\",\n                    {\n                      \"or\": [\n                        \"fkX'*J#P /\",\n                        \"H+lws7/\"\n                      ]\n                    },\n                    {\n                      \"and\": []\n                    },\n                    \"^T\"\n                  ]\n                }\n              ]\n            },\n            \"dqzrR~\",\n            \"&4v\",\n            {\n              \"and\": [\n                \"aj%NZ%0d\"\n              ]\n            }\n          ]\n        },\n        {\n          \"and\": [\n            {\n              \"and\": [\n                {\n                  \"and\": [\n                    \"V\",\n                    \"k>lQF<\",\n                    \"~q[?k3m;*]\",\n                    \"YFh^}t;|\",\n                    \"PaU!\\\\Y\"\n                  ]\n                },\n                \"c^D\",\n                {\n                  \"mc\": \">=14\"\n                },\n                {\n                  \"mc\": \">=73\"\n                },\n                \"wvq\\\"O]9|~~\"\n              ]\n            },\n            {\n              \"and\": [\n                \"(%,6;5\",\n                {\n                  \"and\": [\n                    {\n                      \"and\": [\n                        \"C3ohg4[iE8\",\n                        \"Sm[\",\n                        \"0XeEHP\",\n                        \"\",\n                        {\n                          \"and\": [\n                            {\n                              \"mc\": \"<=24\"\n                            },\n                            \"RTR@$|(\",\n                            \"mBM6f)\",\n                            \"He*E3T-\",\n                            {\n                              \"and\": []\n                            }\n                          ]\n                        }\n                      ]\n                    },\n                    \"\\\"<?W.@.1P\",\n                    {\n                      \"mc\": \">=9\"\n                    },\n                    \"0FF{E\\\"\"\n                  ]\n                },\n                \"\",\n                {\n                  \"and\": [\n                    \"d[-TJ(\",\n                    {\n                      \"and\": [\n                        \"I`:2gh\",\n                        {\n                          \"mc\": \">=85\"\n                        },\n                        \"Ts93q\\\\\",\n                        \"NN\\\"\",\n                        \"Y\"\n                      ]\n                    },\n                    {\n                      \"mc\": \"<=64\"\n                    },\n                    \",'{3Gy\"\n                  ]\n                }\n              ]\n            },\n            {\n              \"or\": [\n                \"~@,daaP\",\n                \"Zb]\"\n              ]\n            },\n            {\n              \"mc\": \">=126\"\n            }\n          ]\n        },\n        {\n          \"and\": [\n            {\n              \"mc\": \">=184\"\n            },\n            {\n              \"mc\": \"<=162\"\n            }\n          ]\n        },\n        {\n          \"and\": [\n            \"0_r<0e~t\",\n            {\n              \"mc\": \">=93\"\n            },\n            \"w\\\"\",\n            {\n              \"mc\": \"<=101\"\n            },\n            {\n              \"or\": [\n                \"\",\n                \"\"\n              ]\n            }\n          ]\n        }\n      ],\n      \"url\": \"https://meznoqhiw7v08gz1my84hfaoi-c57.freq8gqpsrgnen8uch0.tczkxw5huipza23dzm4f0arbnzvocegpugmfygnyucsnzipzpu6xz0bu4pkha0.ig/8~fE/%F3%B6%92%B0ZHA\",\n      \"info\": \" \",\n      \"isSelectable\": true,\n      \"v./EwJ\": {\n        \"name\": \"S~%~>\",\n        \"ay\": 2007,\n        \"assign\": \"G|\",\n        \"match\": [\n          {\n            \"and\": [\n              {\n                \"and\": [\n                  {\n                    \"pattern\": \"VQ627D\",\n                    \"exclude\": \"PSJ7*4W\"\n                  },\n                  {\n                    \"and\": [\n                      {\n                        \"or\": [\n                          \"RKH7I\",\n                          {\n                            \"or\": [\n                              \"OW3Q\"\n                            ]\n                          },\n                          {\n                            \"or\": [\n                              \"WOF*2\",\n                              \"XB4896M\",\n                              \"PF43Q\"\n                            ]\n                          }\n                        ]\n                      },\n                      \"TWO215\",\n                      \"GVH7xF\",\n                      {\n                        \"or\": [\n                          {\n                            \"or\": [\n                              \"ITX7\",\n                              {\n                                \"and\": [\n                                  \"TE*1\",\n                                  \"IQN020L\",\n                                  \"DNW31\"\n                                ]\n                              },\n                              \"GHA3379\",\n                              \"YD1\",\n                              \"RSS11\"\n                            ]\n                          },\n                          {\n                            \"or\": [\n                              \"OHx**V\",\n                              \"NS476\",\n                              \"BUG6Y\",\n                              \"RT51\"\n                            ]\n                          },\n                          \"ET3\",\n                          \"EL387\"\n                        ]\n                      },\n                      {\n                        \"or\": [\n                          \"QT*Z\",\n                          \"FLV26\",\n                          \"ENB006\",\n                          \"DU7014B\"\n                        ]\n                      }\n                    ]\n                  },\n                  {\n                    \"and\": [\n                      \"SJGx677\",\n                      \"LM9U\"\n                    ]\n                  },\n                  \"UBF2119\"\n                ]\n              }\n            ]\n          },\n          \"HSO29\",\n          {\n            \"pattern\": \"BL98\",\n            \"exclude\": \"PIYx964Y\",\n            \"info\": \"J~S`O?e5Al\"\n          },\n          {\n            \"pattern\": \"IOV*2E\",\n            \"exclude\": \"JWG287\",\n            \"info\": \"[\"\n          }\n        ],\n        \"satisfy\": {\n          \"mc\": \"<=199\"\n        },\n        \"info\": \"[xR\\\\&N\",\n        \"isSelectable\": true,\n        \"8K3M]\": {\n          \"name\": \" ._$/\",\n          \"ay\": 1955,\n          \"assign\": \"@lSo(3\",\n          \"match\": \"TP5J\",\n          \"url\": \"http://wf4co.gispq/=m/Ra\",\n          \"info\": \"\",\n          \"isSelectable\": true,\n          \"l*)\": {\n            \"name\": \"PpegT\",\n            \"ay\": 2023,\n            \"assign\": [\n              \"86u{YsS>\",\n              \"l7}{*0r\"\n            ],\n            \"match\": [\n              {\n                \"pattern\": \"TY84O\",\n                \"exclude\": \"YI27x\"\n              },\n              \"MIG3*77\"\n            ],\n            \"satisfy\": [\n              {\n                \"or\": [\n                  {\n                    \"and\": [\n                      \"S\",\n                      {\n                        \"mc\": \"<=20\"\n                      },\n                      \"hF\",\n                      \"@#:!65RW$8\"\n                    ]\n                  },\n                  \"4h\"\n                ]\n              },\n              \"^SerHF\",\n              {\n                \"and\": []\n              },\n              \"pS5,\",\n              {\n                \"and\": [\n                  \"o.x*a\",\n                  \";Q&#&K}?D\",\n                  {\n                    \"or\": [\n                      \"#?5kX{-\",\n                      {\n                        \"or\": [\n                          \"v\\\\x].WSh?\\\\\",\n                          {\n                            \"or\": [\n                              {\n                                \"and\": [\n                                  \";2n3KYPs!,\"\n                                ]\n                              },\n                              \"Wy4hlo\",\n                              \"!}Tr0_7+\"\n                            ]\n                          },\n                          {\n                            \"mc\": \">=117\"\n                          },\n                          \"S1 hJqI\",\n                          \"m*\"\n                        ]\n                      },\n                      \"H\",\n                      {\n                        \"or\": [\n                          \"\",\n                          \"LeI%L\",\n                          \"VYQ`3(*F\",\n                          \"?54j0Pv\"\n                        ]\n                      }\n                    ]\n                  },\n                  {\n                    \"or\": []\n                  },\n                  {\n                    \"or\": [\n                      \"` aq;1(G$\",\n                      \"iF\",\n                      {\n                        \"and\": [\n                          \"7w5qbWm\",\n                          \"\",\n                          \"!z3hykM\",\n                          \"*u.J\"\n                        ]\n                      }\n                    ]\n                  }\n                ]\n              }\n            ],\n            \"url\": \"https://7oq1xusi367kwajo79y3e.a4xa5slxz1agonq9d25.ddksujfoqszcmzkuz6s5alb50yd.olipcjs/!/!Nxu//0Y_O/G-IBLtKr%F2%BA%84%99W/5nSa/xM0C/%F3%B7%8B%9B1!0kYFwbR/@\",\n            \"isSelectable\": true\n          }\n        },\n        \"Z\": {\n          \"ay\": 1990,\n          \"assign\": \"0ICt\",\n          \"match\": {\n            \"and\": [\n              {\n                \"and\": []\n              },\n              {\n                \"or\": [\n                  \"LO*O\",\n                  {\n                    \"pattern\": \"JY*D\",\n                    \"exclude\": [\n                      \"EQ5Z\"\n                    ],\n                    \"info\": \"O\"\n                  }\n                ]\n              },\n              \"CO45\",\n              {\n                \"pattern\": \"DND0486\",\n                \"exclude\": []\n              }\n            ]\n          },\n          \"satisfy\": [\n            \"qvav'RymJ\",\n            {\n              \"or\": [\n                {\n                  \"mc\": \">=200\"\n                },\n                {\n                  \"or\": [\n                    \"9D\",\n                    {\n                      \"or\": [\n                        \"\"\n                      ]\n                    },\n                    \"(\",\n                    {\n                      \"and\": [\n                        \"Dn^QdwG].v\",\n                        \"1Z}f\",\n                        \")7DCDSkW\",\n                        {\n                          \"and\": [\n                            {\n                              \"and\": [\n                                \"~0X0TF\",\n                                \"Iyk-\"\n                              ]\n                            },\n                            \"4]AX$#Xm\\\"\",\n                            \"Nj\",\n                            \"4H\"\n                          ]\n                        },\n                        \"nj;?~XVwZ\"\n                      ]\n                    },\n                    \"q(!|Gzu#9\"\n                  ]\n                },\n                \"<=0MF5\",\n                {\n                  \"mc\": \">=187\"\n                },\n                {\n                  \"and\": [\n                    {\n                      \"and\": [\n                        {\n                          \"mc\": \">=68\"\n                        },\n                        \"\",\n                        \"]Y\\\\KrJA\",\n                        \"s 6X<bTCX\",\n                        \"*y)E\"\n                      ]\n                    }\n                  ]\n                }\n              ]\n            },\n            {\n              \"and\": [\n                \"X\\\\8/p\"\n              ]\n            },\n            {\n              \"and\": [\n                {\n                  \"mc\": \"<=146\"\n                },\n                {\n                  \"mc\": \">=130\"\n                },\n                {\n                  \"mc\": \">=156\"\n                },\n                {\n                  \"and\": [\n                    {\n                      \"mc\": \">=140\"\n                    },\n                    \"PQAi:\",\n                    {\n                      \"and\": [\n                        \"3a&2gc_\",\n                        \"*Uy~!{Ex?'\"\n                      ]\n                    },\n                    \"cagV9jc{\"\n                  ]\n                }\n              ]\n            },\n            {\n              \"or\": [\n                {\n                  \"and\": [\n                    \"c1hph\",\n                    \"?gL{_+</B\",\n                    \"A>\"\n                  ]\n                },\n                {\n                  \"and\": [\n                    \"(:P\",\n                    \"36>eCMpn'\",\n                    {\n                      \"or\": [\n                        \"'e*I\",\n                        \"cc1HyS<\"\n                      ]\n                    }\n                  ]\n                },\n                {\n                  \"and\": []\n                }\n              ]\n            }\n          ],\n          \"url\": \"https://9x3xbqxykrjks.azxzzm/'Uzvze/=/&uWBc!5\",\n          \"info\": \"!\",\n          \"isSelectable\": true\n        }\n      },\n      \"D$.*hZ\": {\n        \"ay\": 2028,\n        \"assign\": \"&f \",\n        \"match\": [],\n        \"satisfy\": [\n          {\n            \"or\": [\n              \"7=b}fQj\",\n              \"LPRw*o'\\\"\",\n              {\n                \"or\": [\n                  {\n                    \"and\": [\n                      {\n                        \"or\": [\n                          \"fG0>%-\"\n                        ]\n                      },\n                      {\n                        \"mc\": \"<=159\"\n                      },\n                      \":I2j+TRq$r\",\n                      \"]s{$,:W\\\"N{\"\n                    ]\n                  },\n                  \"TK0bEO\",\n                  {\n                    \"and\": [\n                      {\n                        \"or\": [\n                          \"5`cjowa6R:\",\n                          {\n                            \"or\": [\n                              {\n                                \"mc\": \"<=11\"\n                              },\n                              {\n                                \"mc\": \"<=22\"\n                              },\n                              \"u{|Hb\\\\y\",\n                              \"VZ\",\n                              \"(7tu\"\n                            ]\n                          },\n                          \"Nm\",\n                          {\n                            \"mc\": \">=156\"\n                          }\n                        ]\n                      }\n                    ]\n                  }\n                ]\n              }\n            ]\n          }\n        ],\n        \"url\": \"https://d8ob6hy-s3714prgogh4sakq00nu8o5ydw4szywec8tvdffs1wnibkm3.z2s44mlhlbx7.u5csv4pv6acb1upkvlp18pyd608dvcs.a.w.fprzykzmx/UJE0\",\n        \"info\": \"!ko\"\n      }\n    }\n  },\n  {\n    \"title\": \"block sample 1\",\n    \"value\": {\n      \"name\": \"9FJ]jYh\",\n      \"ay\": 1997,\n      \"assign\": \"<:SIr=\",\n      \"match\": {\n        \"and\": [\n          {\n            \"and\": [\n              {\n                \"or\": [\n                  \"IWG5xx\",\n                  {\n                    \"pattern\": \"QCD4x7\",\n                    \"exclude\": \"HG1539H\",\n                    \"info\": \"\"\n                  },\n                  \"CWx113\",\n                  \"YPX935\"\n                ]\n              },\n              \"HV*x49\",\n              {\n                \"or\": [\n                  {\n                    \"and\": [\n                      \"PKM51\",\n                      \"JA66\",\n                      \"OIx63\",\n                      \"OXG26\"\n                    ]\n                  },\n                  {\n                    \"or\": [\n                      \"GCD22\",\n                      \"WE29\",\n                      {\n                        \"and\": [\n                          \"TV4\",\n                          \"CB53\",\n                          \"ZB30\"\n                        ]\n                      },\n                      \"YF5\"\n                    ]\n                  },\n                  {\n                    \"and\": [\n                      \"UU17\",\n                      \"LJ8285C\",\n                      \"POZ97P\",\n                      \"JZU21\",\n                      \"MEV2P\"\n                    ]\n                  },\n                  \"XV7I\",\n                  \"LJ81U\"\n                ]\n              }\n            ]\n          },\n          \"RDSx\"\n        ]\n      },\n      \"url\": \"https://olnpoq6f2e7og8ds7l4g2zv4bdkl9q24k8c04m.u3rqbvli1wns9g8c762p79ykm7ivi3.csn8jsgvt.rdf-qu4utvi8-ub5n-gh5p.21gmnx3sllg9orw-6rnx3dy6tn.hatdw\",\n      \"info\": \"I+;ab\",\n      \"isSelectable\": true,\n      \"q\": {\n        \"ay\": 1953,\n        \"assign\": \"G\\\\!TyN7wq \",\n        \"match\": [\n          {\n            \"or\": []\n          }\n        ],\n        \"satisfy\": {\n          \"and\": []\n        },\n        \"url\": \"https://va5df8enasf4fcleafbko56598nbdb.0jzf-cef7mg95.vtlbvzd/9x0c.TM/L,5b/!Lg7T;\",\n        \"info\": \"*E x5\",\n        \"isSelectable\": true\n      },\n      \"V!) \": {\n        \"name\": \"\",\n        \"ay\": 1953,\n        \"assign\": \"K{ 628\",\n        \"match\": \"ZEL0I\",\n        \"satisfy\": {\n          \"mc\": \">=195\"\n        },\n        \"isSelectable\": true\n      },\n      \"f*6qQyC]\": {\n        \"name\": \"OPeUZs}\",\n        \"ay\": 1969,\n        \"match\": [\n          {\n            \"pattern\": \"KQ9xC\",\n            \"info\": \"3n-CG2,\"\n          }\n        ],\n        \"satisfy\": {\n          \"or\": [\n            {\n              \"or\": [\n                \"I@R \",\n                {\n                  \"and\": [\n                    {\n                      \"mc\": \"<=121\"\n                    },\n                    \"=;2;j\",\n                    \"\",\n                    \"gwp3bg\",\n                    \"y0\"\n                  ]\n                },\n                \"+3-\",\n                \"N'M9\"\n              ]\n            },\n            {\n              \"mc\": \"<=181\"\n            },\n            {\n              \"mc\": \">=197\"\n            },\n            {\n              \"or\": [\n                {\n                  \"or\": [\n                    {\n                      \"or\": [\n                        \"Q\\\\f)S+\",\n                        \"mm\"\n                      ]\n                    },\n                    \"'aR0w[~XIV\"\n                  ]\n                }\n              ]\n            },\n            {\n              \"mc\": \"<=89\"\n            }\n          ]\n        },\n        \"url\": \"http://3svnhm15kowc-0.7.hc9o6fn074f58-p5zublq74ha6iluh1x53k.4.m.wqaz/yTOs/4V%F2%B2%BE%BA8)ZG/L0T4f/s\",\n        \"info\": \"o\",\n        \"isSelectable\": true,\n        \"7HuAJg\": {\n          \"name\": \"\",\n          \"ay\": 2026,\n          \"assign\": \"#)#zy\",\n          \"satisfy\": {\n            \"mc\": \">=26\"\n          },\n          \"url\": \"http://nro9u-dn1oplg4gqqryn7xn4w8lgzp-3izog79uilb9meeym-w5u.573ehvwsdf.9f1gj4.avfwte/T~-C,g\",\n          \"info\": \"/\",\n          \"isSelectable\": true,\n          \"xg%\": {\n            \"name\": \"E\\\"ax6}\",\n            \"assign\": \"7F@/F &]\",\n            \"info\": \"\"\n          },\n          \"cWYuc\": {\n            \"name\": \"\",\n            \"ay\": 1953,\n            \"assign\": \"h$y\",\n            \"satisfy\": [\n              \"Kv~1X\",\n              \"6u)+},,Hg'\"\n            ],\n            \"url\": \"http://ylv-buq5s4.z.kmp3h5cmpktmrhbvwq4f2zqhwhe1p33-hag.fp7riaaurtw2-7nhfi689.o.ytpfbmj/Czz//%F3%9F%AD%8CKL34X3_//,..;Hm7/wcs9ML!*/O%F3%BB%B1%A4JJq@Za/s7kc.:M/r~\",\n            \"info\": \"gN\",\n            \"isSelectable\": true\n          }\n        },\n        \"y'9?`E*bFv\": {\n          \"name\": \"\",\n          \"ay\": 1996,\n          \"assign\": \"$}\",\n          \"match\": [\n            {\n              \"and\": [\n                {\n                  \"and\": [\n                    {\n                      \"pattern\": \"VJLx2S\",\n                      \"info\": \"nwT\"\n                    },\n                    \"CL95\",\n                    {\n                      \"pattern\": \"IU623N\",\n                      \"exclude\": [\n                        \"FAG43I\",\n                        \"QAL978R\",\n                        \"XPL74x*K\",\n                        \"FB37\"\n                      ],\n                      \"info\": \",W\"\n                    }\n                  ]\n                },\n                \"XQ5*7\",\n                {\n                  \"or\": [\n                    \"IGO8*\",\n                    \"EMJ4K\"\n                  ]\n                }\n              ]\n            },\n            \"MY02\",\n            {\n              \"pattern\": \"WI*551Z\",\n              \"exclude\": [\n                \"UY641\",\n                \"LDC25*5P\",\n                \"LJ03\",\n                \"NA7\",\n                \"AK16*R\"\n              ],\n              \"info\": \"Re&gCVa\"\n            },\n            {\n              \"and\": []\n            }\n          ],\n          \"satisfy\": [\n            {\n              \"or\": [\n                {\n                  \"mc\": \">=68\"\n                },\n                \"8ot+\",\n                \"2 B\",\n                {\n                  \"and\": [\n                    {\n                      \"and\": []\n                    },\n                    {\n                      \"mc\": \">=92\"\n                    }\n                  ]\n                },\n                {\n                  \"mc\": \"<=176\"\n                }\n              ]\n            }\n          ],\n          \"info\": \"Yn\",\n          \"isSelectable\": true\n        },\n        \"q5;\": {\n          \"name\": \"} $ u/~\",\n          \"ay\": 1952,\n          \"match\": [],\n          \"satisfy\": {\n            \"or\": [\n              {\n                \"mc\": \"<=20\"\n              }\n            ]\n          },\n          \"url\": \"http://ffz.ya1fa86zc38d25k9a5u7fea4d0-c1dbf16e2dap7z5f1kbid.b9be8ap81s8mm-cdebkdfa9pg5ai9gaq-7edyxbeaeroy0918af9l9bwba5c8-s.vv38fssvjzqgaqjgfnyfu13zx8n6krt-mv3b44lx5s5hgr6n2trc.bgugd.dfrx/9dTdwZu/wI%E1%95%94,JFrv/k'K/_4,dWh:E/X\",\n          \"info\": \"9;D*\",\n          \"Ms\": {\n            \"name\": \"z0W#\",\n            \"ay\": 1954,\n            \"assign\": [\n              \"\",\n              \"% JK6h\"\n            ],\n            \"match\": [],\n            \"url\": \"https://6grbrzffr0lyhiupq0s1pzh6d.46xalwnk6z20ctorx5d8xswh0nfldk05fsy1793pg1pqppx4fnccw9rolh5sd8.b15dr56sewvm4t-ucftx-abuqs2xi-ym968fa6bq-p8.xmcy/~%F3%B2%8F%A5/W7@ps//e!WoW%F1%AF%B1%AB/2@d!+7!;/t@pn2)YH/s=9%F1%9A%BC%A2D/0cru'0/vb2+e)z9h6/3;\",\n            \"info\": \"RpcEFY\",\n            \"isSelectable\": true\n          },\n          \"c9EU;\": {\n            \"name\": \"z\",\n            \"ay\": 1953,\n            \"match\": \"CK30\",\n            \"satisfy\": {\n              \"mc\": \"<=167\"\n            },\n            \"info\": \"\",\n            \"isSelectable\": true\n          }\n        },\n        \"Va\": {\n          \"name\": \"vtu ~L\",\n          \"ay\": 2030,\n          \"match\": {\n            \"pattern\": \"LO1H\",\n            \"exclude\": [\n              \"ZRU6\",\n              \"HA57\",\n              \"TX6\"\n            ],\n            \"info\": \"S&\"\n          },\n          \"satisfy\": {\n            \"mc\": \"<=6\"\n          },\n          \"url\": \"http://4i2sqifptur26gdc6itvlws2enn3ikeat0fypkau530l6h-cibrpa5bk.7ea-3.6s79.vdsc/,q&/8ue//F(=p%F4%88%A1%85\",\n          \"info\": \"\",\n          \"isSelectable\": true\n        },\n        \"\": {\n          \"name\": \"!?\",\n          \"ay\": 2025,\n          \"match\": [\n            {\n              \"or\": [\n                {\n                  \"or\": [\n                    \"YVS0x\",\n                    {\n                      \"pattern\": \"CN39\",\n                      \"exclude\": \"UN*9S\"\n                    },\n                    {\n                      \"pattern\": \"PSE3\",\n                      \"exclude\": \"OA38\",\n                      \"info\": \"%K3ox\"\n                    }\n                  ]\n                }\n              ]\n            },\n            {\n              \"and\": [\n                {\n                  \"and\": [\n                    {\n                      \"or\": [\n                        \"PH5293\",\n                        {\n                          \"or\": [\n                            \"WTP814xD\",\n                            \"UAU127\",\n                            \"XER4x*xO\"\n                          ]\n                        },\n                        \"CGx77\",\n                        \"DO40\"\n                      ]\n                    },\n                    {\n                      \"pattern\": \"YQD*\",\n                      \"exclude\": [\n                        \"QR*Q\",\n                        \"TD99xxF\"\n                      ],\n                      \"info\": \"^=E=\"\n                    }\n                  ]\n                }\n              ]\n            }\n          ],\n          \"url\": \"https://34ujp8neluih4wrb-9gnvprbvo41nmwfncl3hej.q4.bras4et7g0cb8r6fc7i4p1dfkjkywhjv.iiaeli4z4ydj2l3a6381hp.fn//k/%F4%8E%B8%B9s'\",\n          \"info\": \"VwC\\\"}&lj\",\n          \"isSelectable\": true\n        }\n      },\n      \";b\": {\n        \"name\": \"\",\n        \"ay\": 1950,\n        \"match\": {\n          \"or\": [\n            {\n              \"and\": []\n            },\n            {\n              \"and\": [\n                {\n                  \"or\": []\n                },\n                \"HI074\",\n                \"IZI5073\",\n                \"DE0418\"\n              ]\n            }\n          ]\n        },\n        \"satisfy\": [],\n        \"url\": \"https://8tlzbvgl8jlkb80t5.2.f0qjhkvn9ffwhywijflrv3e6wu2l.aa37p4xigvmeupiwabkk94oyd65l2f4ixy848mak6opz.ijblt/Y&Ph/oz%EA%91%A67F/17_W/-ZO:UT\",\n        \"info\": \"%)$\",\n        \"isSelectable\": true,\n        \"\": {\n          \"ay\": 1958,\n          \"assign\": \"Uo\",\n          \"match\": \"DFKx36\",\n          \"info\": \"*\",\n          \"isSelectable\": true\n        },\n        \"{fj\": {\n          \"name\": \"3/}hF~tTK\",\n          \"assign\": \"a1\",\n          \"match\": \"SA*1\",\n          \"satisfy\": {\n            \"mc\": \"<=135\"\n          },\n          \"url\": \"https://j.ertaj3po-wkf7w2c67v0zp4jsirjqpdlvugj813585jmf2s991ff3mdx7.relkvw6gk4st.0-irfw618bi35.s.ofcd/F\",\n          \"info\": \"*Joh/W\\\"\",\n          \"isSelectable\": true\n        },\n        \"X^Q4rmA.l}\": {\n          \"name\": \"=,`vF\",\n          \"ay\": 1973,\n          \"assign\": \"WRtA\",\n          \"match\": [\n            \"QDB4*\",\n            {\n              \"pattern\": \"CYX5294\",\n              \"exclude\": [\n                \"ON*9\",\n                \"YKDx5xC\",\n                \"JJK5\"\n              ],\n              \"info\": \";1C[#xCz%\"\n            },\n            \"ZQH0K\",\n            {\n              \"pattern\": \"QGT5*\",\n              \"exclude\": [\n                \"RC8C\",\n                \"PQ251S\",\n                \"UI8472Q\"\n              ],\n              \"info\": \"Kt\"\n            },\n            \"IMA894\"\n          ],\n          \"info\": \"i\",\n          \"isSelectable\": true\n        }\n      }\n    }\n  },\n  {\n    \"title\": \"block sample 2\",\n    \"value\": {\n      \"name\": \"S*L/v+u2\",\n      \"ay\": 1950,\n      \"assign\": [\n        \"-!V7~}y\",\n        \")&?ci[l\",\n        \"_{[~\"\n      ],\n      \"match\": {\n        \"and\": [\n          {\n            \"pattern\": \"HB24\",\n            \"exclude\": [\n              \"MWM7D\",\n              \"BU0x8\",\n              \"RD1x3V\",\n              \"PNS09\",\n              \"XXxE\"\n            ],\n            \"info\": \"x}~zmx&x_\"\n          },\n          {\n            \"or\": [\n              \"NK**x1R\"\n            ]\n          }\n        ]\n      },\n      \"satisfy\": \"b^#P\",\n      \"url\": \"https://4f0h3d3pq4e8.8hgefk.5am5.bezd/0Vvw3LUX%F4%8B%97%AB$/hsF.(\",\n      \"info\": \"!#}+uyK }Q\"\n    }\n  },\n  {\n    \"title\": \"block sample 3\",\n    \"value\": {\n      \"name\": \"nF{U\",\n      \"ay\": 1954,\n      \"assign\": \"`bz\",\n      \"match\": \"BP68H\",\n      \"satisfy\": {\n        \"or\": []\n      },\n      \"url\": \"http://w2zxnryrzuhlb69lnbajhpjbk.u40i96i9k-k4vdrmigd0finoft.s6ieumeeb6y-i1jrs9ix8x7b44y-6vz6gbpeidwciz162rma9oosaerpf4b.psmpqaqgr8w2rrx7da6ywh1j7wk-2ow8rrdiatjk00b3.8lfcx6siprzo5yly7r6coumqd6cfsuo92xd0to7d4g0x2m.eebks/BGUW/e/'X=z*:/5AVX/765%EB%B6%B1)hn/vLSgMFh/k/!uIq%F1%8B%97%AB/\",\n      \"info\": \"ycw13>5}1\",\n      \"isSelectable\": true,\n      \"EU]m[&47Y\": {\n        \"name\": \"rw+;LmW\",\n        \"ay\": 2005,\n        \"assign\": [\n          \"sY^+36_Yk\",\n          \"M^\",\n          \"rHaO7nF=S7\"\n        ],\n        \"match\": {\n          \"and\": [\n            {\n              \"or\": []\n            },\n            {\n              \"and\": [\n                \"AMS285*Y\",\n                {\n                  \"pattern\": \"FPT0Q\",\n                  \"info\": \"!(`=qen:e\"\n                },\n                {\n                  \"or\": [\n                    {\n                      \"or\": [\n                        \"HD0X\",\n                        \"LCX5x4*\",\n                        {\n                          \"pattern\": \"AZAx144\",\n                          \"info\": \"\"\n                        },\n                        {\n                          \"and\": [\n                            \"CQZ3R\",\n                            \"UHE629xV\",\n                            {\n                              \"and\": [\n                                \"KM99x2\",\n                                \"XVM6M\",\n                                \"KLx3\",\n                                \"WJ31\"\n                              ]\n                            }\n                          ]\n                        },\n                        {\n                          \"pattern\": \"YFQ0\",\n                          \"exclude\": \"RK9*\",\n                          \"info\": \"\"\n                        }\n                      ]\n                    }\n                  ]\n                },\n                {\n                  \"and\": [\n                    \"AB116xW\",\n                    {\n                      \"and\": [\n                        \"AC*106\"\n                      ]\n                    },\n                    {\n                      \"pattern\": \"EZ233\",\n                      \"exclude\": \"NGP11\",\n                      \"info\": \"h^HPet@m&\"\n                    }\n                  ]\n                }\n              ]\n            }\n          ]\n        },\n        \"satisfy\": [],\n        \"url\": \"https://yj94lejuiczm7si6a6pxdmg43r.wrq.vqvtshjc/%F2%84%A4%95v*/~i3gW/E,%E7%BF%ACS%F3%A1%B4%85/m%F3%98%A9%BA7+%F2%AA%92%A8/DhH4lHMg%F2%93%A5%BE%E5%9F%8B/fDUc-/\",\n        \"info\": \"b\",\n        \"isSelectable\": true\n      }\n    }\n  },\n  {\n    \"title\": \"block sample 4\",\n    \"value\": {\n      \"name\": \"C}9~_D*N\",\n      \"ay\": 1955,\n      \"assign\": [\n        \"2Bo\",\n        \" \"\n      ],\n      \"match\": {\n        \"pattern\": \"ZR29\",\n        \"info\": \"d+1Z=*\"\n      },\n      \"satisfy\": {\n        \"mc\": \">=199\"\n      },\n      \"info\": \"@r!{vz:{\",\n      \"isSelectable\": true\n    }\n  },\n  {\n    \"title\": \"block sample 5\",\n    \"value\": {\n      \"name\": \"F%E\",\n      \"ay\": 2024,\n      \"assign\": [\n        \"\",\n        \"217*aFGV;\",\n        \"M|1=\"\n      ],\n      \"url\": \"https://63qph2e.gktmxb97u5b-l8cs8imzn-l1-z0.eyo/@/uo5//gn,odM/g~%F2%B5%94%BF_z/Jdg/%34/%F3%9F%BB%A9/94j%F3%96%86%82$T%F1%B4%9A%97E%F1%B7%80%A83/b@\",\n      \"info\": \"[V\",\n      \"isSelectable\": true\n    }\n  },\n  {\n    \"title\": \"block sample 6\",\n    \"value\": {\n      \"ay\": 1954,\n      \"assign\": [\n        \"x% %0:\",\n        \"A\"\n      ],\n      \"match\": [\n        {\n          \"and\": [\n            {\n              \"pattern\": \"OGSx6B\",\n              \"exclude\": [\n                \"VO4\",\n                \"UEOx\",\n                \"CVQx5\",\n                \"EU940\"\n              ],\n              \"info\": \"XCSj\"\n            },\n            {\n              \"pattern\": \"DMP8\",\n              \"info\": \"c~O\"\n            },\n            {\n              \"pattern\": \"KGJ1*0\",\n              \"exclude\": [\n                \"UVJ18x\",\n                \"KNB44\",\n                \"CI8x6\"\n              ],\n              \"info\": \"X\"\n            },\n            {\n              \"or\": [\n                {\n                  \"and\": [\n                    \"WCT00xZ\"\n                  ]\n                },\n                {\n                  \"pattern\": \"KS2P\",\n                  \"exclude\": \"XU073\",\n                  \"info\": \"og\"\n                }\n              ]\n            }\n          ]\n        },\n        {\n          \"or\": [\n            \"ZVV7R\"\n          ]\n        },\n        {\n          \"pattern\": \"BCC98W\",\n          \"exclude\": \"FJ1*\",\n          \"info\": \"UG Fj^\"\n        }\n      ],\n      \"satisfy\": \"zBW&!#z&9\",\n      \"url\": \"https://5-cbbqe-95ba6bfnaama.cf16pc9cdag7dw9dceq7jule5ffcf76ad6cq7bpsi9cde37vr.396l92ec-d1dcr91de.aec0-x3-trb.qfw/TeH)As/D&gpm5T;/)*/%F1%AF%92%ABQ%E4%93%9F!;8bMNV/l/7UyyDC\",\n      \"info\": \"=?s6|U%\",\n      \"WFFom_vG\": {\n        \"name\": \"~_d%IK/q8\",\n        \"ay\": 1977,\n        \"assign\": [\n          \"A2y0MSCE6\"\n        ],\n        \"match\": [\n          \"VMZ866xM\",\n          {\n            \"and\": []\n          }\n        ],\n        \"satisfy\": {\n          \"or\": []\n        },\n        \"info\": \"W|?|^:Ki]\",\n        \"isSelectable\": true\n      },\n      \"<uV\": {\n        \"name\": \",+18UX1v\",\n        \"ay\": 2005,\n        \"assign\": [\n          \"Ziyr=>\",\n          \"P'\",\n          \"7)\",\n          \"<B[*.z\",\n          \"3\"\n        ],\n        \"satisfy\": \"/n_1QoDZ\",\n        \"url\": \"http://6eiqvu0b1abcoihcu3hpn74y8vckgrqsa-pu--lfukx99.9jhm7k7h5odq16ogedavtl892hr0ke33hl93nbjrocxmrhq46lcq8ec.igmjvpmsbl/n%F0%9C%B6%88p\",\n        \"info\": \"]hD4Q\",\n        \"isSelectable\": true\n      },\n      \"9g$^\\\\$B{Lz\": {\n        \"name\": \"J_@[qMqha{\",\n        \"ay\": 2029,\n        \"assign\": \"TxitVTRk\",\n        \"satisfy\": {\n          \"or\": []\n        },\n        \"url\": \"https://5yqqo24be50mdaudgj2139xz6o9soq69f8b9puiutg-6tu2lypac8.wrqxb9teslebj239setaubczw.t4-vsroyfd3c.qp3vcpzsw35fay110ghso1mwraw9dpdvmtnw5qt6hqwx.myqmm/eZ/_iQqKEVt5/J%F2%B3%83%8F'vxWY0l/G%F2%BB%93%A9%F4%85%BF%8B:p%F2%91%9F%AB%F2%90%BC%A8/APmZvfZRS/H//6s0TrT\",\n        \"info\": \"]z7ey@`\",\n        \"isSelectable\": true\n      }\n    }\n  },\n  {\n    \"title\": \"block sample 7\",\n    \"value\": {\n      \"name\": \"r\",\n      \"ay\": 1969,\n      \"match\": {\n        \"or\": [\n          {\n            \"and\": [\n              {\n                \"and\": [\n                  {\n                    \"and\": []\n                  },\n                  \"PTH307*P\",\n                  {\n                    \"pattern\": \"MA6x9\",\n                    \"exclude\": \"VL3K\",\n                    \"info\": \"SKmL\"\n                  }\n                ]\n              },\n              \"CU*8\",\n              \"QZI4690E\",\n              {\n                \"and\": [\n                  {\n                    \"and\": [\n                      \"UKS568Q\",\n                      \"GKUx96\",\n                      \"LXC69X\",\n                      \"XEY3151\",\n                      \"AV0340\"\n                    ]\n                  }\n                ]\n              }\n            ]\n          },\n          {\n            \"and\": [\n              {\n                \"and\": [\n                  \"NUF*4xD\",\n                  \"PKP72L\",\n                  \"FYJ9x6\",\n                  \"SW2xR\"\n                ]\n              },\n              {\n                \"and\": [\n                  {\n                    \"or\": []\n                  },\n                  {\n                    \"pattern\": \"QMN580S\",\n                    \"exclude\": [\n                      \"EQ2\",\n                      \"NS8710J\",\n                      \"QWJ*0\",\n                      \"PDP361N\"\n                    ],\n                    \"info\": \">vO^&K}L 4\"\n                  },\n                  {\n                    \"and\": [\n                      \"VJJ*\"\n                    ]\n                  }\n                ]\n              },\n              \"MEI8H\",\n              \"VCXx\"\n            ]\n          },\n          \"SS2V\",\n          {\n            \"pattern\": \"XGY7\",\n            \"exclude\": \"CEG88*A\",\n            \"info\": \"MS\"\n          }\n        ]\n      },\n      \"satisfy\": {\n        \"and\": [\n          {\n            \"mc\": \">=6\"\n          },\n          {\n            \"and\": [\n              {\n                \"mc\": \"<=169\"\n              }\n            ]\n          }\n        ]\n      },\n      \"url\": \"http://b14ysnqs79579xiu8sjpna1r-ugmq-ppr761pv80ua.413wb3k0ukwrx0bpff5ll99s3a7hqub.pk1s2ipzu-qlhohq8s-sldg78pzddml1olyjllejscnjlvistc8v1w3wxxg5hc.abryv40hgl12oefo-8ja2n9m1uy.okwa/eG(Q=)%F0%9A%8F%95/YcAIFmo%F0%90%8A%BC%F1%87%AB%89O/gBw/oGC80V%F3%8B%AC%83F/%F4%8E%92%A3e@ht%F3%A3%BA%A0\",\n      \"info\": \"S}'Kc>WR\",\n      \"isSelectable\": true,\n      \"PYu\": {\n        \"name\": \"oCL$;A\",\n        \"ay\": 2001,\n        \"assign\": \"\\\\\",\n        \"match\": {\n          \"pattern\": \"BF4498\",\n          \"exclude\": [],\n          \"info\": \"XR >ULqNx\"\n        },\n        \"url\": \"https://7u68uw.tw19jqrj0au6gn3zr-nmmuftwyg5-fq5718md8tbqau6xvotoyz6zbk6i.jmtowjkvi/4fy%F4%8C%86%AA/Z/KP/,53F%F1%B7%B7%95!/~Z8e%F3%84%A9%B1v9Ety/g5u78aE/D_M9s//5:t%F1%87%B4%B8j=%F1%80%B1%B7MBc\",\n        \"info\": \"iq6/k\",\n        \"isSelectable\": true\n      },\n      \"gW%F4)*<}\": {\n        \"name\": \"Qm{`t$te/\",\n        \"ay\": 1991,\n        \"assign\": \"o2[A~26_dz\",\n        \"match\": {\n          \"and\": [\n            {\n              \"and\": [\n                {\n                  \"or\": [\n                    \"VD1I\"\n                  ]\n                },\n                {\n                  \"and\": [\n                    {\n                      \"and\": [\n                        {\n                          \"or\": [\n                            \"TEB9N\"\n                          ]\n                        }\n                      ]\n                    },\n                    {\n                      \"or\": []\n                    },\n                    {\n                      \"or\": [\n                        \"KUL438\",\n                        \"XC36O\",\n                        {\n                          \"and\": [\n                            \"EM1Y\",\n                            \"UZ0*Y\",\n                            \"TUGx7\"\n                          ]\n                        },\n                        \"KIW76*\"\n                      ]\n                    }\n                  ]\n                },\n                \"PMJ1*X\",\n                \"QM1\",\n                \"DA48\"\n              ]\n            },\n            {\n              \"and\": [\n                \"HV6x8V\",\n                {\n                  \"or\": [\n                    {\n                      \"and\": [\n                        {\n                          \"or\": [\n                            \"JCX8X\",\n                            \"MXW*\"\n                          ]\n                        },\n                        {\n                          \"and\": []\n                        },\n                        \"QZA3022\",\n                        {\n                          \"pattern\": \"FP52\",\n                          \"exclude\": \"CF4\",\n                          \"info\": \"SvR\"\n                        },\n                        \"TC973S\"\n                      ]\n                    },\n                    \"FLN46\",\n                    \"BDO2016\"\n                  ]\n                },\n                {\n                  \"pattern\": \"UES*4*9H\",\n                  \"exclude\": [\n                    \"EW*756P\",\n                    \"RKA7*x\",\n                    \"FID05\",\n                    \"IS3x0\"\n                  ]\n                },\n                {\n                  \"pattern\": \"PHJ6M\",\n                  \"exclude\": \"XV807\"\n                }\n              ]\n            },\n            {\n              \"pattern\": \"VT584\",\n              \"exclude\": \"RYZ9x1I\",\n              \"info\": \"d*x\\\"_|\"\n            }\n          ]\n        },\n        \"satisfy\": {\n          \"and\": [\n            {\n              \"or\": []\n            }\n          ]\n        },\n        \"info\": \"t\\\";>+5=(&\"\n      },\n      \"u-gO\": {\n        \"name\": \"Jb1NX^>PU\",\n        \"ay\": 1978,\n        \"assign\": [\n          \"m!m;w\",\n          \"I<I]]3-^o\",\n          \"j[?$SN\",\n          \"T3%<kdL\"\n        ],\n        \"satisfy\": [\n          {\n            \"mc\": \"<=11\"\n          }\n        ],\n        \"url\": \"http://l23.s231jo5icryeg5hy.2rbs0cot7k3em5uv24it0qf4-i8wj0.klhzqsj\",\n        \"info\": \"uD*sW=\",\n        \"isSelectable\": true\n      }\n    }\n  },\n  {\n    \"title\": \"block sample 8\",\n    \"value\": {\n      \"name\": \"g\",\n      \"ay\": 1956,\n      \"assign\": \"e#\",\n      \"match\": {\n        \"and\": [\n          {\n            \"and\": []\n          },\n          {\n            \"or\": [\n              \"TEI9184C\",\n              {\n                \"pattern\": \"PRL521\",\n                \"exclude\": []\n              },\n              {\n                \"or\": [\n                  \"CLR414V\",\n                  \"YO*6\",\n                  \"EE49X\",\n                  {\n                    \"pattern\": \"LEUx19Y\",\n                    \"exclude\": \"TR7H\",\n                    \"info\": \")sBs\\\\U;\"\n                  },\n                  {\n                    \"and\": [\n                      \"UMQ6054S\",\n                      {\n                        \"and\": [\n                          \"HAZ2*0\",\n                          \"XTV90F\",\n                          {\n                            \"and\": [\n                              \"UFS4Y\",\n                              {\n                                \"or\": [\n                                  \"QCC367\",\n                                  \"YNU17\",\n                                  \"YAK0x\",\n                                  \"WB2K\",\n                                  \"XD309C\"\n                                ]\n                              }\n                            ]\n                          },\n                          \"EH9\"\n                        ]\n                      },\n                      \"QPT*7\",\n                      \"VV187M\"\n                    ]\n                  }\n                ]\n              },\n              \"FT085G\",\n              {\n                \"pattern\": \"DRG4xT\",\n                \"exclude\": \"JPY4L\"\n              }\n            ]\n          },\n          {\n            \"or\": []\n          },\n          {\n            \"or\": [\n              \"XVD15V\"\n            ]\n          }\n        ]\n      },\n      \"satisfy\": {\n        \"mc\": \"<=5\"\n      },\n      \"url\": \"https://7o1k1tqq8p9zbxj0kzanpwo5r07tzjt8qxpyyria3d7.98fb.ckhud\",\n      \"info\": \"~Y*Z\",\n      \"isSelectable\": true,\n      \"LIQZ\": {\n        \"name\": \"SvZQ\",\n        \"ay\": 1962,\n        \"assign\": [],\n        \"match\": [\n          {\n            \"and\": [\n              {\n                \"and\": [\n                  {\n                    \"pattern\": \"ES55\",\n                    \"exclude\": [\n                      \"XZK648\",\n                      \"UZ281M\",\n                      \"JIN8A\",\n                      \"QTK5\"\n                    ]\n                  }\n                ]\n              },\n              {\n                \"or\": []\n              }\n            ]\n          },\n          {\n            \"pattern\": \"QG152Y\",\n            \"exclude\": [\n              \"YHC997\",\n              \"OV0x\"\n            ],\n            \"info\": \"PY1^y\"\n          },\n          {\n            \"and\": [\n              {\n                \"and\": [\n                  \"UYZ*05x\"\n                ]\n              },\n              {\n                \"and\": [\n                  \"FKN697K\",\n                  {\n                    \"and\": [\n                      \"TY*791M\",\n                      \"LTV715\",\n                      \"EZ1C\",\n                      \"RCS*2Y\"\n                    ]\n                  }\n                ]\n              },\n              {\n                \"and\": [\n                  {\n                    \"pattern\": \"JJV2\",\n                    \"exclude\": [\n                      \"IOW8\"\n                    ],\n                    \"info\": \"}9Uv\"\n                  },\n                  {\n                    \"and\": [\n                      \"XH9000N\",\n                      \"PY96D\",\n                      \"JMK01xW\",\n                      {\n                        \"pattern\": \"DU5570S\",\n                        \"exclude\": [],\n                        \"info\": \"0xB5<2\"\n                      },\n                      {\n                        \"pattern\": \"MNY8J\",\n                        \"exclude\": [\n                          \"CPZ11P\",\n                          \"ID6x1B\",\n                          \"VCC7825\"\n                        ]\n                      }\n                    ]\n                  },\n                  \"WQN3C\",\n                  \"YVZ73\",\n                  {\n                    \"and\": []\n                  }\n                ]\n              },\n              {\n                \"and\": [\n                  \"GKF94x\",\n                  {\n                    \"or\": [\n                      {\n                        \"pattern\": \"GIx13\",\n                        \"exclude\": [\n                          \"AAC7C\"\n                        ],\n                        \"info\": \"o]?$g\"\n                      },\n                      {\n                        \"or\": [\n                          {\n                            \"and\": []\n                          },\n                          {\n                            \"or\": [\n                              {\n                                \"pattern\": \"ME727\",\n                                \"exclude\": \"WQ79\",\n                                \"info\": \"iy\"\n                              },\n                              \"TD8*L\",\n                              \"DNC3\",\n                              \"IHW1*14\",\n                              \"RXC*7\"\n                            ]\n                          },\n                          {\n                            \"and\": [\n                              \"ADVxS\",\n                              \"NFD7599X\",\n                              \"RC5045N\",\n                              {\n                                \"and\": []\n                              }\n                            ]\n                          },\n                          {\n                            \"pattern\": \"GL557E\",\n                            \"exclude\": \"NRM*96\",\n                            \"info\": \"<[+{Yi{\"\n                          }\n                        ]\n                      },\n                      \"JI14\"\n                    ]\n                  },\n                  \"VOW83T\",\n                  {\n                    \"and\": [\n                      {\n                        \"pattern\": \"MX746\",\n                        \"exclude\": \"CBP23*K\",\n                        \"info\": \"M\\\"JMEXz)\"\n                      }\n                    ]\n                  }\n                ]\n              },\n              {\n                \"and\": [\n                  {\n                    \"or\": []\n                  },\n                  \"LCB3S\"\n                ]\n              }\n            ]\n          }\n        ],\n        \"url\": \"https://40m6hbjv93p4nttubmfq2wod94l6r-zxep4avjzmkq0b5xd1s4tdh8jr948p.l.mwrw/WPq'%F1%BF%90%A6omY%F2%89%AB%84C\",\n        \"info\": \"]z4`<AkW8\",\n        \"isSelectable\": true\n      },\n      \"J>Ye*Ywf1s\": {\n        \"assign\": \"]sEBN\",\n        \"match\": \"ZYT177xM\",\n        \"satisfy\": {\n          \"mc\": \">=23\"\n        },\n        \"isSelectable\": true\n      },\n      \"fmO7A3<Q\": {\n        \"name\": \"\",\n        \"ay\": 1983,\n        \"assign\": \"ft^n^Vo!\",\n        \"match\": {\n          \"and\": [\n            {\n              \"or\": []\n            }\n          ]\n        },\n        \"satisfy\": {\n          \"and\": [\n            \"f-AdWR\",\n            {\n              \"and\": [\n                \"QRH'Sv\",\n                {\n                  \"mc\": \"<=24\"\n                }\n              ]\n            },\n            {\n              \"and\": [\n                {\n                  \"mc\": \"<=156\"\n                },\n                {\n                  \"or\": [\n                    {\n                      \"mc\": \">=150\"\n                    },\n                    {\n                      \"or\": [\n                        \"Sav[,Z\",\n                        \"YhNBCo?w\",\n                        \"\",\n                        \"B\"\n                      ]\n                    },\n                    {\n                      \"or\": [\n                        \"f6h+hID\",\n                        \"h^],?IL\",\n                        \"8}%-b0\",\n                        \"Hk.\",\n                        \"\"\n                      ]\n                    }\n                  ]\n                },\n                {\n                  \"and\": []\n                },\n                {\n                  \"and\": [\n                    \"w5_!u`E\",\n                    {\n                      \"or\": [\n                        \"= C[(h\",\n                        \"rvOSV~S\",\n                        \"'@P_*\",\n                        \"fh aec,\"\n                      ]\n                    },\n                    \"\\\"6\",\n                    \"{av0Ko\",\n                    \"C1\"\n                  ]\n                },\n                \"OoyXx7C\"\n              ]\n            }\n          ]\n        },\n        \"url\": \"https://3p0p3ik6j9n1ngukh6zcj.5qjf0vcztlsogmtsvf1s6p821hi7jrv6luscabz4b5ojesl7f3ob3lgba0mxysv.jsu2v5jk7.lifd/@///D/&(w\",\n        \"info\": \"4Ec/k|GEsU\"\n      },\n      \"Wp\": {\n        \"name\": \"0OtA0'mv\",\n        \"ay\": 1985,\n        \"assign\": [],\n        \"match\": {\n          \"and\": [\n            {\n              \"and\": []\n            },\n            {\n              \"or\": []\n            },\n            \"LA4\",\n            {\n              \"pattern\": \"EV8\",\n              \"info\": \"F6q\"\n            },\n            {\n              \"or\": [\n                \"MU7\",\n                \"QH70x3\",\n                {\n                  \"pattern\": \"CEUx049\",\n                  \"exclude\": \"TDx59\",\n                  \"info\": \"57G!\"\n                }\n              ]\n            }\n          ]\n        },\n        \"satisfy\": {\n          \"and\": [\n            {\n              \"or\": [\n                {\n                  \"and\": [\n                    {\n                      \"or\": [\n                        {\n                          \"and\": [\n                            \"djapmL\",\n                            \"\"\n                          ]\n                        },\n                        \"Gj0.8\",\n                        \"05\\\"8\",\n                        \"#IKgwau!v=\"\n                      ]\n                    },\n                    \";FJm14IE\"\n                  ]\n                }\n              ]\n            },\n            {\n              \"or\": [\n                {\n                  \"mc\": \">=17\"\n                },\n                \"\",\n                \"A-H\"\n              ]\n            },\n            {\n              \"or\": []\n            }\n          ]\n        },\n        \"url\": \"http://7.eof8fcg2r47omuqnanqugjij627r8evwnp.bqygp41iwi6bj7s9lks5ozv14mcretqi81kssmt8bt0uqshj6h.ng//%F4%87%B5%94svCB%F3%B2%A8%9FS/-~+\",\n        \"info\": \"~eM`hi\",\n        \"isSelectable\": true,\n        \"\": {\n          \"name\": \"\",\n          \"assign\": \"zFt]lJZ!6\",\n          \"match\": {\n            \"and\": [\n              {\n                \"or\": [\n                  \"EC497\"\n                ]\n              },\n              \"LSV0x1\",\n              {\n                \"and\": [\n                  {\n                    \"pattern\": \"EGG0\",\n                    \"info\": \"E8QI(T\"\n                  },\n                  {\n                    \"and\": [\n                      \"SQ*8D\",\n                      \"LOY716\",\n                      \"GLO62x\",\n                      {\n                        \"pattern\": \"JK9J\",\n                        \"exclude\": \"COx650C\",\n                        \"info\": \"\"\n                      },\n                      {\n                        \"or\": []\n                      }\n                    ]\n                  },\n                  {\n                    \"and\": [\n                      \"TWO4x*Y\",\n                      \"JC4195\",\n                      \"PHC*x2Y\"\n                    ]\n                  },\n                  {\n                    \"pattern\": \"RZD*A\",\n                    \"exclude\": \"OE25*7X\",\n                    \"info\": \"]g~GO\"\n                  }\n                ]\n              },\n              {\n                \"pattern\": \"ME3L\",\n                \"exclude\": \"LOJ*\",\n                \"info\": \"rrQL.?fy\"\n              },\n              {\n                \"or\": [\n                  \"KU7Y\"\n                ]\n              }\n            ]\n          },\n          \"satisfy\": \"}8|#hj\\\"\",\n          \"url\": \"http://dly--8wtpvtiigrjqlq5awgy3.ymnti3giekg89t9nwsdga2da0g96pj122w2ae0j04g4qyk7i781sy5qqj.meutcp/k,y//m~%F2%BA%BA%A1c/e86g=*~+p%F1%8D%8C%AC/16H%F2%83%A8%B9%F3%8A%A3%B2O%F2%BC%9A%85;\",\n          \"isSelectable\": true\n        }\n      },\n      \" (-DQ0\": {\n        \"name\": \"?_sW4w'V\",\n        \"assign\": [\n          \"6:GTDb1\",\n          \"B&ImC7F6\",\n          \"s>]wGdP|\"\n        ],\n        \"match\": [\n          {\n            \"pattern\": \"JOF07*C\",\n            \"exclude\": \"GKH5033M\",\n            \"info\": \"W7EzqGCTg7\"\n          },\n          {\n            \"pattern\": \"KIK*442\",\n            \"exclude\": \"TN4\",\n            \"info\": \"m<Vt\"\n          }\n        ],\n        \"satisfy\": [\n          \"9A(3\"\n        ],\n        \"url\": \"https://tojpr036sujkzls-oc711paazu08k1wdzvge1vo5y3igr5n8tdzx5nl5bny1gmi.3w119sxfz1btoajcd51g6x.lowvneqw6o3bimq.rd77zmwt9i0jpe7-8kr2v4.zdbklvhlzs/e0'x/k=I%F1%9D%95%9FuPB/+s/+/Uw@K\",\n        \"info\": \"ZW=M!w\",\n        \"isSelectable\": true,\n        \"GZ(\": {\n          \"name\": \"1\",\n          \"ay\": 2015,\n          \"assign\": [\n            \"+/l\"\n          ],\n          \"match\": [\n            {\n              \"or\": [\n                \"OO2\"\n              ]\n            }\n          ],\n          \"satisfy\": [\n            {\n              \"mc\": \"<=55\"\n            },\n            \"*\"\n          ],\n          \"url\": \"http://0xa90zheiqg66na9vskyxhl9xcja4lk1wo4ao7tzssf83unkm12hhhctpj83.bwwkiy-7n58dg.fukydx/!/S1BQkI_U/1G!,t/&z,!F0//QMZEh11/G/x/%F2%96%BF%B1/%F4%89%85%A0=uge,K\",\n          \"isSelectable\": true\n        },\n        \"D>i\\\\d%w?8\": {\n          \"name\": \"T:,_Q\",\n          \"ay\": 2027,\n          \"assign\": [\n            \"/.k\\\"skT\",\n            \"pm\",\n            \"&\\\\b\",\n            \"2]Vb-m\",\n            \"UVL,F=sD[\"\n          ],\n          \"match\": [],\n          \"satisfy\": {\n            \"mc\": \">=144\"\n          },\n          \"url\": \"https://0.bk/+DN9om/WT%F2%9E%98%8Am/sagG%F3%87%AF%9D/Y*g4%F4%8C%85%8C%F1%A3%9C%B2//l$%F1%B4%A2%BBYa4%F1%9C%AE%A85/eytiJ'-8/8hFGuU=I/;ZUaU5PST/(\",\n          \"info\": \"lAHxB:'oz\",\n          \"isSelectable\": true\n        }\n      }\n    }\n  },\n  {\n    \"title\": \"block sample 9\",\n    \"value\": {\n      \"name\": \";?ja\\\\x^5\",\n      \"ay\": 1954,\n      \"assign\": [\n        \"}SB$\"\n      ],\n      \"match\": [\n        {\n          \"pattern\": \"RZR694\",\n          \"exclude\": [\n            \"YJ7I\"\n          ],\n          \"info\": \"L#zH8 o\"\n        },\n        {\n          \"or\": [\n            \"UT*x\"\n          ]\n        },\n        {\n          \"pattern\": \"DDx73xG\",\n          \"info\": \"Bj$(\"\n        },\n        {\n          \"or\": [\n            \"FCP28xC\",\n            \"OFT01\",\n            {\n              \"and\": [\n                \"BE9295\"\n              ]\n            },\n            {\n              \"and\": [\n                {\n                  \"pattern\": \"YP254\",\n                  \"exclude\": \"GBO478G\",\n                  \"info\": \"\"\n                },\n                \"OTF8352\",\n                {\n                  \"and\": [\n                    {\n                      \"pattern\": \"BRK677X\",\n                      \"exclude\": [\n                        \"CS3\",\n                        \"NEG8617\",\n                        \"KM740L\",\n                        \"CN9243U\",\n                        \"WIS9*U\"\n                      ]\n                    },\n                    {\n                      \"pattern\": \"XIH84I\",\n                      \"info\": \"~A<:?\"\n                    },\n                    \"JPVx61\",\n                    \"UY15\"\n                  ]\n                },\n                \"UF*9Z\",\n                {\n                  \"or\": [\n                    \"ZI5\",\n                    \"CH91C\",\n                    {\n                      \"and\": [\n                        \"VUA46E\"\n                      ]\n                    },\n                    {\n                      \"pattern\": \"FXI011I\",\n                      \"exclude\": [\n                        \"KOD2J\",\n                        \"OFR5283\"\n                      ],\n                      \"info\": \"U\"\n                    },\n                    {\n                      \"or\": [\n                        \"HV3T\",\n                        \"UT9951W\",\n                        {\n                          \"pattern\": \"JZP98x8Y\",\n                          \"exclude\": [\n                            \"RZQ21H\"\n                          ]\n                        },\n                        \"PBE194\",\n                        \"RYT5225\"\n                      ]\n                    }\n                  ]\n                }\n              ]\n            }\n          ]\n        },\n        {\n          \"or\": [\n            \"LOG055\",\n            {\n              \"pattern\": \"YW715xV\",\n              \"exclude\": [\n                \"BD75\"\n              ],\n              \"info\": \"Ji>E\"\n            }\n          ]\n        }\n      ],\n      \"satisfy\": {\n        \"or\": [\n          \"\",\n          {\n            \"mc\": \"<=69\"\n          }\n        ]\n      },\n      \"url\": \"http://s.vbvgoo//A)Z%F0%B5%89%8BAd1P/jBE$E/55/%F4%80%9F%8C,pvbj/o/9j+(AnR0%F4%86%9F%97(/M*.8(p,\",\n      \"info\": \"\",\n      \"isSelectable\": true\n    }\n  }\n]",
              "code": "(0, fast_check_1.sample)(index_test_2.block, 10).forEach((sample, i) => (0, addContext_1.default)(this, {\n    title: `block sample ${i}`,\n    value: sample,\n}));\nreturn (0, fast_check_1.assert)((0, fast_check_1.property)(index_test_2.block, ajvValidate));",
              "err": {},
              "uuid": "b7b0e107-267d-4dba-a443-6738e15069fa",
              "parentUUID": "46d00192-1ed5-4273-9650-598d563e0001",
              "isHook": false,
              "skipped": false
            },
            {
              "title": "should not validate non-object",
              "fullTitle": "blockSchema should not validate non-object",
              "timedOut": false,
              "duration": 1,
              "state": "passed",
              "speed": "fast",
              "pass": true,
              "fail": false,
              "pending": false,
              "context": null,
              "code": "const error = {\n    instancePath: \"\",\n    message: \"block should be an object\",\n};\nisInvalidBlock(null, error);\nisInvalidBlock(undefined, error);\nisInvalidBlock(10, error);\nisInvalidBlock([12, 24], error);\nisInvalidBlock(\"abc\", error);",
              "err": {},
              "uuid": "a6bf8d59-32c7-42db-a746-d5b1aa3af2e3",
              "parentUUID": "46d00192-1ed5-4273-9650-598d563e0001",
              "isHook": false,
              "skipped": false
            },
            {
              "title": "should not validate block with invalid properties",
              "fullTitle": "blockSchema should not validate block with invalid properties",
              "timedOut": false,
              "duration": 0,
              "state": "passed",
              "speed": "fast",
              "pass": true,
              "fail": false,
              "pending": false,
              "context": null,
              "code": "isInvalidBlock({\n        name: { foo: \"bar\" },\n        ay: -1000,\n        assign: {},\n        match: 1,\n        satisfy: 2,\n        url: { abc: \"def\" },\n        info: 42,\n        isSelectable: 32,\n    }, { instancePath: \"/name\", message: \"property 'name' should be a string\" }, {\n        instancePath: \"/ay\",\n        message: \"property 'ay' should be a positive integer\",\n    }, {\n        instancePath: \"/assign\",\n        message: \"property 'assign' should be either a block ID or an array of block IDs\",\n    }, {\n        instancePath: \"/match\",\n        message: \"property 'match' should be either a match rule or an array of match rules\",\n    }, {\n        instancePath: \"/satisfy\",\n        message: \"property 'satisfy' should be either a satisfy rule or an array of satisfy rules\",\n    }, { instancePath: \"/url\", message: \"property 'url' should be a string\" }, { instancePath: \"/info\", message: \"property 'info' should be a string\" }, {\n        instancePath: \"/isSelectable\",\n        message: \"property 'isSelectable' should be a boolean\",\n    })",
              "err": {},
              "uuid": "ea242f3a-711d-4884-8877-774ac60dfa56",
              "parentUUID": "46d00192-1ed5-4273-9650-598d563e0001",
              "isHook": false,
              "skipped": false
            }
          ],
          "suites": [],
          "passes": [
            "b7b0e107-267d-4dba-a443-6738e15069fa",
            "a6bf8d59-32c7-42db-a746-d5b1aa3af2e3",
            "ea242f3a-711d-4884-8877-774ac60dfa56"
          ],
          "failures": [],
          "pending": [],
          "skipped": [],
          "duration": 181,
          "root": false,
          "rootEmpty": false,
          "_timeout": 2000
        },
        {
          "uuid": "ada41db0-5da8-4d0b-9570-99bcd86f1494",
          "title": "patternToRE",
          "fullFile": "/home/runner/work/planwithus-lib/planwithus-lib/src/matchRule/pattern/satisfiers.test.ts",
          "file": "/src/matchRule/pattern/satisfiers.test.ts",
          "beforeHooks": [],
          "afterHooks": [],
          "tests": [
            {
              "title": "should match valid modules with a single pattern",
              "fullTitle": "patternToRE should match valid modules with a single pattern",
              "timedOut": false,
              "duration": 12,
              "state": "passed",
              "speed": "fast",
              "pass": true,
              "fail": false,
              "pending": false,
              "context": "[\n  {\n    \"title\": \"patternExampleList sample 0\",\n    \"value\": [\n      \"JJT*K\",\n      [\n        \"JJTVBK\",\n        \"JJTJG8K\",\n        \"JJTY94KVK\",\n        \"JJTQF1SC7LK\",\n        \"JJTNK\"\n      ]\n    ]\n  },\n  {\n    \"title\": \"patternExampleList sample 1\",\n    \"value\": [\n      \"OR*\",\n      [\n        \"OR\",\n        \"ORD0\",\n        \"OR9\",\n        \"ORV\"\n      ]\n    ]\n  },\n  {\n    \"title\": \"patternExampleList sample 2\",\n    \"value\": [\n      \"NXW447*S\",\n      [\n        \"NXW4479QL2US\",\n        \"NXW4475S\",\n        \"NXW4475DI31S\"\n      ]\n    ]\n  },\n  {\n    \"title\": \"patternExampleList sample 3\",\n    \"value\": [\n      \"BE9\",\n      [\n        \"BE9\"\n      ]\n    ]\n  },\n  {\n    \"title\": \"patternExampleList sample 4\",\n    \"value\": [\n      \"GW3548Z\",\n      [\n        \"GW3548Z\"\n      ]\n    ]\n  },\n  {\n    \"title\": \"patternExampleList sample 5\",\n    \"value\": [\n      \"DL1\",\n      [\n        \"DL1\"\n      ]\n    ]\n  },\n  {\n    \"title\": \"patternExampleList sample 6\",\n    \"value\": [\n      \"QV*\",\n      [\n        \"QV9I57R8VE\",\n        \"QV\"\n      ]\n    ]\n  },\n  {\n    \"title\": \"patternExampleList sample 7\",\n    \"value\": [\n      \"PE39B\",\n      [\n        \"PE39B\"\n      ]\n    ]\n  },\n  {\n    \"title\": \"patternExampleList sample 8\",\n    \"value\": [\n      \"DH7U\",\n      [\n        \"DH7U\"\n      ]\n    ]\n  },\n  {\n    \"title\": \"patternExampleList sample 9\",\n    \"value\": [\n      \"VY008R\",\n      [\n        \"VY008R\"\n      ]\n    ]\n  }\n]",
              "code": "(0, fast_check_1.sample)(index_test_1.patternExampleList, 10).forEach((sample, i) => (0, addContext_1.default)(this, {\n    title: `patternExampleList sample ${i}`,\n    value: sample,\n}));\nreturn (0, fast_check_1.assert)((0, fast_check_1.property)(index_test_1.patternExampleList, ([patternStr, examples]) => {\n    const re = (0, _1.patternToRE)(patternStr);\n    return examples.every(re.test.bind(re));\n}));",
              "err": {},
              "uuid": "7f640928-238b-48e7-810e-854abac36017",
              "parentUUID": "ada41db0-5da8-4d0b-9570-99bcd86f1494",
              "isHook": false,
              "skipped": false
            },
            {
              "title": "should match valid modules with multiple patterns",
              "fullTitle": "patternToRE should match valid modules with multiple patterns",
              "timedOut": false,
              "duration": 71,
              "state": "passed",
              "speed": "medium",
              "pass": true,
              "fail": false,
              "pending": false,
              "context": "[\n  {\n    \"title\": \"patternExampleListArray sample 0\",\n    \"value\": [\n      [\n        \"HC6*\",\n        [\n          \"HC64J\",\n          \"HC6K2PUN\",\n          \"HC6\",\n          \"HC6ZU\"\n        ]\n      ]\n    ]\n  },\n  {\n    \"title\": \"patternExampleListArray sample 1\",\n    \"value\": [\n      [\n        \"VY*808\",\n        [\n          \"VYGMI808\",\n          \"VYXJ808\",\n          \"VYANE3UB808\",\n          \"VY5GNP5808\",\n          \"VYZRIV2808\",\n          \"VYGSCZ47C1808\",\n          \"VYRN808\",\n          \"VYE7R808\",\n          \"VY808\"\n        ]\n      ],\n      [\n        \"VY97J\",\n        [\n          \"VY97J\"\n        ]\n      ],\n      [\n        \"WFD34\",\n        [\n          \"WFD34\"\n        ]\n      ],\n      [\n        \"HT3*A\",\n        [\n          \"HT3A\",\n          \"HT3EJMA\",\n          \"HT3NJ19LNWA\",\n          \"HT3EA\",\n          \"HT3GO66JA\",\n          \"HT30ELA\",\n          \"HT3SAA\",\n          \"HT3WRA\",\n          \"HT3PS1A\",\n          \"HT3IHRA\",\n          \"HT3T3EA\"\n        ]\n      ],\n      [\n        \"FE7\",\n        [\n          \"FE7\"\n        ]\n      ],\n      [\n        \"CI8\",\n        [\n          \"CI8\"\n        ]\n      ],\n      [\n        \"IH573K\",\n        [\n          \"IH573K\"\n        ]\n      ],\n      [\n        \"XDL56\",\n        [\n          \"XDL56\"\n        ]\n      ]\n    ]\n  },\n  {\n    \"title\": \"patternExampleListArray sample 2\",\n    \"value\": [\n      [\n        \"ITS04*0\",\n        [\n          \"ITS04LYBU0R10\",\n          \"ITS046MU20\",\n          \"ITS04Z5HX0Q0\",\n          \"ITS04U30\",\n          \"ITS042Q960\",\n          \"ITS040OMNY0X0\",\n          \"ITS04UZQ840\",\n          \"ITS047296TG0\",\n          \"ITS04Y9I0\",\n          \"ITS0438RYF7Q30\",\n          \"ITS04TH330\"\n        ]\n      ],\n      [\n        \"VQU7x28\",\n        [\n          \"VQU7628\",\n          \"VQU7828\",\n          \"VQU7928\",\n          \"VQU7128\",\n          \"VQU7428\",\n          \"VQU7228\",\n          \"VQU7728\",\n          \"VQU7328\"\n        ]\n      ],\n      [\n        \"QSN23\",\n        [\n          \"QSN23\"\n        ]\n      ],\n      [\n        \"WN441G\",\n        [\n          \"WN441G\"\n        ]\n      ],\n      [\n        \"PDRx7R\",\n        [\n          \"PDR17R\",\n          \"PDR87R\",\n          \"PDR67R\",\n          \"PDR37R\",\n          \"PDR57R\",\n          \"PDR97R\",\n          \"PDR27R\",\n          \"PDR07R\",\n          \"PDR47R\",\n          \"PDR77R\"\n        ]\n      ]\n    ]\n  },\n  {\n    \"title\": \"patternExampleListArray sample 3\",\n    \"value\": [\n      [\n        \"YU3D\",\n        [\n          \"YU3D\"\n        ]\n      ],\n      [\n        \"HEQ*F\",\n        [\n          \"HEQZF\",\n          \"HEQLJEOF\",\n          \"HEQRI2V6XE1F\"\n        ]\n      ],\n      [\n        \"SM0\",\n        [\n          \"SM0\"\n        ]\n      ],\n      [\n        \"WAE6I\",\n        [\n          \"WAE6I\"\n        ]\n      ],\n      [\n        \"CKV1x\",\n        [\n          \"CKV19\"\n        ]\n      ]\n    ]\n  },\n  {\n    \"title\": \"patternExampleListArray sample 4\",\n    \"value\": [\n      [\n        \"EVS7\",\n        [\n          \"EVS7\"\n        ]\n      ],\n      [\n        \"WZQx95\",\n        [\n          \"WZQ295\",\n          \"WZQ495\",\n          \"WZQ195\",\n          \"WZQ695\",\n          \"WZQ095\"\n        ]\n      ],\n      [\n        \"ULP9545\",\n        [\n          \"ULP9545\"\n        ]\n      ],\n      [\n        \"BJ9190\",\n        [\n          \"BJ9190\"\n        ]\n      ],\n      [\n        \"RL*\",\n        [\n          \"RLQQHRDQX\",\n          \"RLYZDRH\",\n          \"RLCDD8PAV\",\n          \"RL8ZK\",\n          \"RLD\",\n          \"RL6II6MAS\",\n          \"RLNBXO\",\n          \"RLNBVFFDJ\",\n          \"RL8OMRJ8ZD\",\n          \"RLJI2XY39\",\n          \"RL2FWY9\"\n        ]\n      ],\n      [\n        \"QJ77\",\n        [\n          \"QJ77\"\n        ]\n      ],\n      [\n        \"WU8*6\",\n        [\n          \"WU86Z6\",\n          \"WU88CS76\",\n          \"WU846\",\n          \"WU80BRIZMZ6\",\n          \"WU86\",\n          \"WU8A2137IM86\",\n          \"WU8DK87HM96\",\n          \"WU83GMTR66\",\n          \"WU8S796\",\n          \"WU8JV6\"\n        ]\n      ]\n    ]\n  },\n  {\n    \"title\": \"patternExampleListArray sample 5\",\n    \"value\": [\n      [\n        \"EI0x\",\n        [\n          \"EI05\",\n          \"EI06\"\n        ]\n      ],\n      [\n        \"FNC83S\",\n        [\n          \"FNC83S\"\n        ]\n      ],\n      [\n        \"DOY0X\",\n        [\n          \"DOY0X\"\n        ]\n      ],\n      [\n        \"MH78*5V\",\n        [\n          \"MH780V45V\",\n          \"MH78D5V\",\n          \"MH78Y5PON5V\"\n        ]\n      ],\n      [\n        \"NG*283\",\n        [\n          \"NGXI283\",\n          \"NG8SJWFR283\"\n        ]\n      ],\n      [\n        \"OAZ44Q\",\n        [\n          \"OAZ44Q\"\n        ]\n      ],\n      [\n        \"WY3\",\n        [\n          \"WY3\"\n        ]\n      ],\n      [\n        \"PO3*V\",\n        [\n          \"PO3OWFX3GWV\",\n          \"PO39R4AEJJV\",\n          \"PO3Y4U5V\",\n          \"PO3U3QV\",\n          \"PO30V\",\n          \"PO3SCPF2V\"\n        ]\n      ]\n    ]\n  },\n  {\n    \"title\": \"patternExampleListArray sample 6\",\n    \"value\": [\n      [\n        \"WHZ3E\",\n        [\n          \"WHZ3E\"\n        ]\n      ],\n      [\n        \"MC9H\",\n        [\n          \"MC9H\"\n        ]\n      ],\n      [\n        \"SA6\",\n        [\n          \"SA6\"\n        ]\n      ]\n    ]\n  },\n  {\n    \"title\": \"patternExampleListArray sample 7\",\n    \"value\": [\n      [\n        \"WCV4\",\n        [\n          \"WCV4\"\n        ]\n      ],\n      [\n        \"TKG76\",\n        [\n          \"TKG76\"\n        ]\n      ],\n      [\n        \"VO61F\",\n        [\n          \"VO61F\"\n        ]\n      ]\n    ]\n  },\n  {\n    \"title\": \"patternExampleListArray sample 8\",\n    \"value\": [\n      [\n        \"KDL5618\",\n        [\n          \"KDL5618\"\n        ]\n      ],\n      [\n        \"PE4\",\n        [\n          \"PE4\"\n        ]\n      ],\n      [\n        \"QG2*12M\",\n        [\n          \"QG2N6UORQ12M\",\n          \"QG2EPNS2KPJ12M\",\n          \"QG2Q12M\",\n          \"QG2E12M\"\n        ]\n      ],\n      [\n
[...]
              "code": "const satisfier = (0, satisfiers_1.inequalitySatisfier)(ref, \"<=32\");\nsatisfier.should.have.property(\"filter\");\nconst { filter } = satisfier;\nisCorrectFilter(filter, modulesList1, modulesList1.map(([moduleStr]) => moduleStr));",
              "err": {},
              "uuid": "3f226029-99de-4e94-95d5-bd73e85564a2",
              "parentUUID": "ea200d8d-961e-45a5-8b5e-8bd5973070f6",
              "isHook": false,
              "skipped": false
            },
            {
              "title": "should truncate list of modules with upper bound of MCs at exact cutoff if total MC count is higher and there exists some starting sequence with exact MC count",
              "fullTitle": "inequalitySatisfier should truncate list of modules with upper bound of MCs at exact cutoff if total MC count is higher and there exists some starting sequence with exact MC count",
              "timedOut": false,
              "duration": 0,
              "state": "passed",
              "speed": "fast",
              "pass": true,
              "fail": false,
              "pending": false,
              "context": null,
              "code": "const satisfier = (0, satisfiers_1.inequalitySatisfier)(ref, \"<=16\");\nsatisfier.should.have.property(\"filter\");\nconst { filter } = satisfier;\nisCorrectFilter(filter, modulesList1, [\n    \"CS2100\",\n    \"GER1000\",\n    \"CS2040S\",\n    \"ST2131\",\n]);",
              "err": {},
              "uuid": "83ef4698-a1c3-4dba-93b2-123dafd0396d",
              "parentUUID": "ea200d8d-961e-45a5-8b5e-8bd5973070f6",
              "isHook": false,
              "skipped": false
            },
            {
              "title": "should truncate list of modules with upper bound of MCs, cutting off at the minimum starting sequence that exceeds upper bound, if total MC count is higher and there exists no starting sequence with exact MC count",
              "fullTitle": "inequalitySatisfier should truncate list of modules with upper bound of MCs, cutting off at the minimum starting sequence that exceeds upper bound, if total MC count is higher and there exists no starting sequence with exact MC count",
              "timedOut": false,
              "duration": 1,
              "state": "passed",
              "speed": "fast",
              "pass": true,
              "fail": false,
              "pending": false,
              "context": null,
              "code": "const satisfier = (0, satisfiers_1.inequalitySatisfier)(ref, \"<=17\");\nsatisfier.should.have.property(\"filter\");\nconst { filter } = satisfier;\nisCorrectFilter(filter, modulesList1, [\n    \"CS2100\",\n    \"GER1000\",\n    \"CS2040S\",\n    \"ST2131\",\n    \"MA1521\",\n]);",
              "err": {},
              "uuid": "6bfdafca-e1ba-460e-940c-d8eae6faaead",
              "parentUUID": "ea200d8d-961e-45a5-8b5e-8bd5973070f6",
              "isHook": false,
              "skipped": false
            }
          ],
          "suites": [],
          "passes": [
            "b578c1f5-146f-4774-8b67-90aab80740cd",
            "29c6cfd6-826c-4fb3-9b66-2f24da1a725d",
            "f1aec7b4-101b-48ea-b4ad-7519b0a97ff6",
            "51e0d64d-e0a3-4654-b192-f049275c0a2c",
            "3f226029-99de-4e94-95d5-bd73e85564a2",
            "83ef4698-a1c3-4dba-93b2-123dafd0396d",
            "6bfdafca-e1ba-460e-940c-d8eae6faaead"
          ],
          "failures": [],
          "pending": [],
          "skipped": [],
          "duration": 3,
          "root": false,
          "rootEmpty": false,
          "_timeout": 2000
        },
        {
          "uuid": "447347f7-f32f-4d4a-ad12-872286b3131e",
          "title": "inequalitySchema",
          "fullFile": "/home/runner/work/planwithus-lib/planwithus-lib/src/satisfyRule/inequality/schemas.test.ts",
          "file": "/src/satisfyRule/inequality/schemas.test.ts",
          "beforeHooks": [],
          "afterHooks": [],
          "tests": [
            {
              "title": "should validate inequality in the form <=n or >=n",
              "fullTitle": "inequalitySchema should validate inequality in the form <=n or >=n",
              "timedOut": false,
              "duration": 0,
              "state": "passed",
              "speed": "fast",
              "pass": true,
              "fail": false,
              "pending": false,
              "context": "[\n  {\n    \"title\": \"inequality sample 0\",\n    \"value\": \">=1\"\n  },\n  {\n    \"title\": \"inequality sample 1\",\n    \"value\": \"<=193\"\n  },\n  {\n    \"title\": \"inequality sample 2\",\n    \"value\": \">=53\"\n  },\n  {\n    \"title\": \"inequality sample 3\",\n    \"value\": \"<=6\"\n  },\n  {\n    \"title\": \"inequality sample 4\",\n    \"value\": \"<=1\"\n  },\n  {\n    \"title\": \"inequality sample 5\",\n    \"value\": \"<=132\"\n  },\n  {\n    \"title\": \"inequality sample 6\",\n    \"value\": \">=5\"\n  },\n  {\n    \"title\": \"inequality sample 7\",\n    \"value\": \"<=7\"\n  },\n  {\n    \"title\": \"inequality sample 8\",\n    \"value\": \"<=15\"\n  },\n  {\n    \"title\": \"inequality sample 9\",\n    \"value\": \"<=26\"\n  }\n]",
              "code": "(0, fast_check_1.sample)(index_test_2.inequality, 10).forEach((sample, i) => (0, addContext_1.default)(this, {\n    title: `inequality sample ${i}`,\n    value: sample,\n}));\nreturn (0, fast_check_1.assert)((0, fast_check_1.property)(index_test_2.inequality, ajvValidate));",
              "err": {},
              "uuid": "bef40ac5-514c-4e58-8fe3-14a521c6fb42",
              "parentUUID": "447347f7-f32f-4d4a-ad12-872286b3131e",
              "isHook": false,
              "skipped": false
            },
            {
              "title": "should not validate inequality of invalid form",
              "fullTitle": "inequalitySchema should not validate inequality of invalid form",
              "timedOut": false,
              "duration": 1,
              "state": "passed",
              "speed": "fast",
              "pass": true,
              "fail": false,
              "pending": false,
              "context": null,
              "code": "[\n        \"\",\n        \"==23\",\n        \"23\",\n        \"<23\",\n        \">23\",\n        \"<=-1\",\n        \">=-1\",\n        \"<= 2\",\n        \">= 1\",\n        \"> 3\",\n        \"< 3\",\n        \"<=3a\",\n        \">=3a\",\n        \"a<=3\",\n        \"a>=3\",\n    ].forEach(isInvalidInequality)",
              "err": {},
              "uuid": "9cca8f82-2fe5-47ca-a152-9345a832699c",
              "parentUUID": "447347f7-f32f-4d4a-ad12-872286b3131e",
              "isHook": false,
              "skipped": false
            }
          ],
          "suites": [],
          "passes": [
            "bef40ac5-514c-4e58-8fe3-14a521c6fb42",
            "9cca8f82-2fe5-47ca-a152-9345a832699c"
          ],
          "failures": [],
          "pending": [],
          "skipped": [],
          "duration": 1,
          "root": false,
          "rootEmpty": false,
          "_timeout": 2000
        },
        {
          "uuid": "45ce4048-a122-4340-b5f9-8e3492ad1c18",
          "title": "satisfyRuleSchema",
          "fullFile": "/home/runner/work/planwithus-lib/planwithus-lib/src/satisfyRule/schemas.test.ts",
          "file": "/src/satisfyRule/schemas.test.ts",
          "beforeHooks": [],
          "afterHooks": [],
          "tests": [
            {
              "title": "should validate satisfy rule with valid block id",
              "fullTitle": "satisfyRuleSchema should validate satisfy rule with valid block id",
              "timedOut": false,
              "duration": 1,
              "state": "passed",
              "speed": "fast",
              "pass": true,
              "fail": false,
              "pending": false,
              "context": null,
              "code": "0, fast_check_1.assert)((0, fast_check_1.property)((0, fast_check_1.string)(), ajvValidate)",
              "err": {},
              "uuid": "890e72a7-9d71-484e-b9c5-f3f027062af5",
              "parentUUID": "45ce4048-a122-4340-b5f9-8e3492ad1c18",
              "isHook": false,
              "skipped": false
            },
            {
              "title": "should validate satisfy rules with valid mc",
              "fullTitle": "satisfyRuleSchema should validate satisfy rules with valid mc",
              "timedOut": false,
              "duration": 1,
              "state": "passed",
              "speed": "fast",
              "pass": true,
              "fail": false,
              "pending": false,
              "context": "[\n  {\n    \"title\": \"mcSatisfyRule sample 0\",\n    \"value\": {\n      \"mc\": \"<=5\"\n    }\n  },\n  {\n    \"title\": \"mcSatisfyRule sample 1\",\n    \"value\": {\n      \"mc\": \">=2\"\n    }\n  },\n  {\n    \"title\": \"mcSatisfyRule sample 2\",\n    \"value\": {\n      \"mc\": \"<=1\"\n    }\n  },\n  {\n    \"title\": \"mcSatisfyRule sample 3\",\n    \"value\": {\n      \"mc\": \">=186\"\n    }\n  },\n  {\n    \"title\": \"mcSatisfyRule sample 4\",\n    \"value\": {\n      \"mc\": \">=2\"\n    }\n  },\n  {\n    \"title\": \"mcSatisfyRule sample 5\",\n    \"value\": {\n      \"mc\": \"<=8\"\n    }\n  },\n  {\n    \"title\": \"mcSatisfyRule sample 6\",\n    \"value\": {\n      \"mc\": \"<=5\"\n    }\n  },\n  {\n    \"title\": \"mcSatisfyRule sample 7\",\n    \"value\": {\n      \"mc\": \">=6\"\n    }\n  },\n  {\n    \"title\": \"mcSatisfyRule sample 8\",\n    \"value\": {\n      \"mc\": \">=170\"\n    }\n  },\n  {\n    \"title\": \"mcSatisfyRule sample 9\",\n    \"value\": {\n      \"mc\": \">=197\"\n    }\n  }\n]",
              "code": "(0, fast_check_1.sample)(index_test_2.mcSatisfyRule, 10).forEach((sample, i) => (0, addContext_1.default)(this, {\n    title: `mcSatisfyRule sample ${i}`,\n    value: sample,\n}));\nreturn (0, fast_check_1.assert)((0, fast_check_1.property)(index_test_2.mcSatisfyRule, ajvValidate));",
              "err": {},
              "uuid": "da552d4e-9b6f-4988-a396-2cc59fdd0c39",
              "parentUUID": "45ce4048-a122-4340-b5f9-8e3492ad1c18",
              "isHook": false,
              "skipped": false
            },
            {
              "title": "should validate valid recursive satisfy rules",
              "fullTitle": "satisfyRuleSchema should validate valid recursive satisfy rules",
              "timedOut": false,
              "duration": 3,
              "state": "passed",
              "speed": "fast",
              "pass": true,
              "fail": false,
              "pending": false,
              "context": "[\n  {\n    \"title\": \"satisfyRule sample 0\",\n    \"value\": {\n      \"and\": [\n        {\n          \"or\": [\n            {\n              \"and\": [\n                \"\",\n                \"N+k *v ce\",\n                {\n                  \"or\": [\n                    \"`Px{G\",\n                    \"W&V](8Wf&>\",\n                    \"\"\n                  ]\n                },\n                \"v\",\n                \"A`[a\"\n              ]\n            }\n          ]\n        },\n        {\n          \"mc\": \"<=156\"\n        },\n        {\n          \"or\": [\n            \",L1fo\",\n            {\n              \"mc\": \">=158\"\n            },\n            \"\",\n            \" H\"\n          ]\n        },\n        {\n          \"mc\": \">=186\"\n        }\n      ]\n    }\n  },\n  {\n    \"title\": \"satisfyRule sample 1\",\n    \"value\": \"tAJM\"\n  },\n  {\n    \"title\": \"satisfyRule sample 2\",\n    \"value\": {\n      \"and\": [\n        \"+u2e1c8\",\n        {\n          \"mc\": \">=9\"\n        }\n      ]\n    }\n  },\n  {\n    \"title\": \"satisfyRule sample 3\",\n    \"value\": {\n      \"mc\": \">=100\"\n    }\n  },\n  {\n    \"title\": \"satisfyRule sample 4\",\n    \"value\": {\n      \"or\": [\n        {\n          \"or\": [\n            \"/XCA(,\",\n            {\n              \"or\": []\n            },\n            {\n              \"mc\": \"<=191\"\n            }\n          ]\n        },\n        {\n          \"mc\": \"<=160\"\n        },\n        {\n          \"mc\": \">=32\"\n        },\n        {\n          \"and\": [\n            {\n              \"or\": [\n                \"q(Z<k\",\n                {\n                  \"and\": [\n                    \"\",\n                    \"&kvQU$z;\"\n                  ]\n                },\n                \"nK-!.'I{~\\\\\",\n                \"2S9VPHI@VI\",\n                \"L?(_H\"\n              ]\n            },\n            {\n              \"mc\": \">=53\"\n            }\n          ]\n        },\n        {\n          \"and\": []\n        }\n      ]\n    }\n  },\n  {\n    \"title\": \"satisfyRule sample 5\",\n    \"value\": {\n      \"mc\": \">=2\"\n    }\n  },\n  {\n    \"title\": \"satisfyRule sample 6\",\n    \"value\": {\n      \"mc\": \"<=45\"\n    }\n  },\n  {\n    \"title\": \"satisfyRule sample 7\",\n    \"value\": \"0,tuq\"\n  },\n  {\n    \"title\": \"satisfyRule sample 8\",\n    \"value\": {\n      \"or\": []\n    }\n  },\n  {\n    \"title\": \"satisfyRule sample 9\",\n    \"value\": \"\"\n  }\n]",
              "code": "(0, fast_check_1.sample)(index_test_2.satisfyRule, 10).forEach((sample, i) => (0, addContext_1.default)(this, {\n    title: `satisfyRule sample ${i}`,\n    value: sample,\n}));\nreturn (0, fast_check_1.assert)((0, fast_check_1.property)(index_test_2.satisfyRule, ajvValidate));",
              "err": {},
              "uuid": "a47c8551-4ef0-43c2-805f-f465afc03c39",
              "parentUUID": "45ce4048-a122-4340-b5f9-8e3492ad1c18",
              "isHook": false,
              "skipped": false
            },
            {
              "title": "should not validate non-string/object",
              "fullTitle": "satisfyRuleSchema should not validate non-string/object",
              "timedOut": false,
              "duration": 2,
              "state": "passed",
              "speed": "fast",
              "pass": true,
              "fail": false,
              "pending": false,
              "context": null,
              "code": "const error = {\n    instancePath: \"\",\n    message: \"satisfy rule should be either a string or an object\",\n};\nisInvalidRule(null, error);\nisInvalidRule(undefined, error);\nisInvalidRule(10, error);\nisInvalidRule([12, 24], error);",
              "err": {},
              "uuid": "2a9f434d-f52a-4a55-b134-76640f3c68b1",
              "parentUUID": "45ce4048-a122-4340-b5f9-8e3492ad1c18",
              "isHook": false,
              "skipped": false
            },
            {
              "title": "should not validate satisfy rules with extra properties",
              "fullTitle": "satisfyRuleSchema should not validate satisfy rules with extra properties",
              "timedOut": false,
              "duration": 0,
              "state": "passed",
              "speed": "fast",
              "pass": true,
              "fail": false,
              "pending": false,
              "context": null,
              "code": "isInvalidRule({\n        and: [\n            { or: [\"2k\"], abc: \"def\" },\n            { mc: 8, ghi: \"jkl\" },\n        ],\n        mno: \"pqr\",\n    }, {\n        instancePath: \"/and/0\",\n        message: \"or satisfy rule should have property 'or' only\",\n    }, {\n        instancePath: \"/and/1\",\n        message: \"MC satisfy rule should have property 'mc' only\",\n    }, {\n        instancePath: \"\",\n        message: \"and satisfy rule should have property 'and' only\",\n    })",
              "err": {},
              "uuid": "0c17ce81-324a-429e-b170-382145a11966",
              "parentUUID": "45ce4048-a122-4340-b5f9-8e3492ad1c18",
              "isHook": false,
              "skipped": false
            },
            {
              "title": "should not validate ambiguous satisfy rules",
              "fullTitle": "satisfyRuleSchema should not validate ambiguous satisfy rules",
              "timedOut": false,
              "duration": 1,
              "state": "passed",
              "speed": "fast",
              "pass": true,
              "fail": false,
              "pending": false,
              "context": null,
              "code": "const message = \"satisfy rule should have only one of properties 'mc', 'and', 'or'\";\nisInvalidRule({\n    or: [\n        { mc: 5, and: [\"CS2040\"] },\n        { and: [{ and: [\"abc\"], or: [\"def\"] }] },\n    ],\n}, { instancePath: \"/or/0\", message }, { instancePath: \"/or/1/and/0\", message });",
              "err": {},
              "uuid": "f28aa1ad-6699-46a8-99bb-ea5fc3737242",
              "parentUUID": "45ce4048-a122-4340-b5f9-8e3492ad1c18",
              "isHook": false,
              "skipped": false
            },
            {
              "title": "should not validate and satisfy rules with non-array property",
              "fullTitle": "satisfyRuleSchema should not validate and satisfy rules with non-array property",
              "timedOut": false,
              "duration": 0,
              "state": "passed",
              "speed": "fast",
              "pass": true,
              "fail": false,
              "pending": false,
              "context": null,
              "code": "const message = \"property 'and' should be an array of satisfy rules\";\nisInvalidRule({ or: [{ and: {} }, { or: [{ and: 3 }] }] }, { instancePath: \"/or/0/and\", message }, { instancePath: \"/or/1/or/0/and\", message });",
              "err": {},
              "uuid": "a2c1ee72-84e5-4dad-888c-5e358c40ae4e",
              "parentUUID": "45ce4048-a122-4340-b5f9-8e3492ad1c18",
              "isHook": false,
              "skipped": false
            },
            {
              "title": "should not validate or satisfy rules with non-array property",
              "fullTitle": "satisfyRuleSchema should not validate or satisfy rules with non-array property",
              "timedOut": false,
              "duration": 0,
              "state": "passed",
              "speed": "fast",
              "pass": true,
              "fail": false,
              "pending": false,
              "context": null,
              "code": "const message = \"property 'or' should be an array of satisfy rules\";\nisInvalidRule({ and: [{ or: {} }, { and: [{ or: 3 }] }] }, { instancePath: \"/and/0/or\", message }, { instancePath: \"/and/1/and/0/or\", message });",
              "err": {},
              "uuid": "4a934744-e494-462e-ad4f-9d1a43a5a58f",
              "parentUUID": "45ce4048-a122-4340-b5f9-8e3492ad1c18",
              "isHook": false,
              "skipped": false
            }
          ],
          "suites": [],
          "passes": [
            "890e72a7-9d71-484e-b9c5-f3f027062af5",
            "da552d4e-9b6f-4988-a396-2cc59fdd0c39",
            "a47c8551-4ef0-43c2-805f-f465afc03c39",
            "2a9f434d-f52a-4a55-b134-76640f3c68b1",
            "0c17ce81-324a-429e-b170-382145a11966",
            "f28aa1ad-6699-46a8-99bb-ea5fc3737242",
            "a2c1ee72-84e5-4dad-888c-5e358c40ae4e",
            "4a934744-e494-462e-ad4f-9d1a43a5a58f"
          ],
          "failures": [],
          "pending": [],
          "skipped": [],
          "duration": 8,
          "root": false,
          "rootEmpty": false,
          "_timeout": 2000
        }
      ],
      "passes": [],
      "failures": [],
      "pending": [],
      "skipped": [],
      "duration": 0,
      "root": true,
      "rootEmpty": true,
      "_timeout": 2000
    }
  ],
  "meta": {
    "mocha": {
      "version": "9.1.2"
    },
    "mochawesome": {
      "options": {
        "quiet": false,
        "reportFilename": "mochawesome",
        "saveHtml": true,
        "saveJson": true,
        "consoleReporter": "spec",
        "useInlineDiffs": false,
        "code": true
      },
      "version": "7.0.1"
    },
    "marge": {
      "options": {
        "reportDir": "docs"
      },
      "version": "6.0.1"
    }
  }
}