{
  "stats": {
    "suites": 6,
    "tests": 29,
    "passes": 29,
    "pending": 0,
    "failures": 0,
    "start": "2021-07-06T03:08:52.738Z",
    "end": "2021-07-06T03:08:53.050Z",
    "duration": 312,
    "testsRegistered": 29,
    "passPercent": 100,
    "pendingPercent": 0,
    "other": 0,
    "hasOther": false,
    "skipped": 0,
    "hasSkipped": false
  },
  "results": [
    {
      "uuid": "3fddd812-0190-433b-bc17-0e5b3c871d7b",
      "title": "",
      "fullFile": "",
      "file": "",
      "beforeHooks": [],
      "afterHooks": [],
      "tests": [],
      "suites": [
        {
          "uuid": "74fdbc47-644c-4395-a7cf-3bceb01863f5",
          "title": "initDirectories",
          "fullFile": "/home/runner/work/planwithus-lib/planwithus-lib/src/block/schemas.test.ts",
          "file": "/src/block/schemas.test.ts",
          "beforeHooks": [],
          "afterHooks": [],
          "tests": [
            {
              "title": "should parse all blocks with no errors",
              "fullTitle": "initDirectories should parse all blocks with no errors",
              "timedOut": false,
              "duration": 3,
              "state": "passed",
              "speed": "fast",
              "pass": true,
              "fail": false,
              "pending": false,
              "context": null,
              "code": "_1.initDirectories.should.not.throw()",
              "err": {},
              "uuid": "06e4486b-1692-42f0-b5f6-843e38786bb8",
              "parentUUID": "74fdbc47-644c-4395-a7cf-3bceb01863f5",
              "isHook": false,
              "skipped": false
            },
            {
              "title": "should produce primary, second & minor directories",
              "fullTitle": "initDirectories should produce primary, second & minor directories",
              "timedOut": false,
              "duration": 53,
              "state": "passed",
              "speed": "medium",
              "pass": true,
              "fail": false,
              "pending": false,
              "context": null,
              "code": "const directories = await _1.initDirectories();\ndirectories.should.have.property(\"primary\");\ndirectories.should.have.property(\"second\");\ndirectories.should.have.property(\"minor\");",
              "err": {},
              "uuid": "9fefe7b4-6780-4422-9e8b-5c196233a3fd",
              "parentUUID": "74fdbc47-644c-4395-a7cf-3bceb01863f5",
              "isHook": false,
              "skipped": false
            }
          ],
          "suites": [],
          "passes": [
            "06e4486b-1692-42f0-b5f6-843e38786bb8",
            "9fefe7b4-6780-4422-9e8b-5c196233a3fd"
          ],
          "failures": [],
          "pending": [],
          "skipped": [],
          "duration": 56,
          "root": false,
          "rootEmpty": false,
          "_timeout": 2000
        },
        {
          "uuid": "7119af16-1a43-489b-9932-41a655ea7264",
          "title": "blockSchema",
          "fullFile": "/home/runner/work/planwithus-lib/planwithus-lib/src/block/schemas.test.ts",
          "file": "/src/block/schemas.test.ts",
          "beforeHooks": [],
          "afterHooks": [],
          "tests": [
            {
              "title": "should validate valid block",
              "fullTitle": "blockSchema should validate valid block",
              "timedOut": false,
              "duration": 195,
              "state": "passed",
              "speed": "slow",
              "pass": true,
              "fail": false,
              "pending": false,
              "context": "[\n  {\n    \"title\": \"block sample 0\",\n    \"value\": {\n      \"name\": \"(\",\n      \"ay\": 2010,\n      \"assign\": [],\n      \"match\": {\n        \"or\": [\n          \"TYL7A\",\n          \"LV6L\"\n        ]\n      },\n      \"satisfy\": {\n        \"mc\": \"<=4\"\n      },\n      \"url\": \"http://crmlao6j35b.n19rf9mddt5taohupkcvbdshkq6gqwkrs6onno3q47i78mfc9914idckfzcwoy.vyrxnrrnuehwa-yjg1qh8s2jpae0d9c58w7ax6d0spf.aret/$!0/C%F3%94%9B%B9:-~BaA8/iEMZ;\",\n      \"info\": \"l0p>%2 8Z\",\n      \"0ZdkD(H\": {\n        \"name\": \"k}$% \",\n        \"assign\": [\n          \"`Yod?ev'\"\n        ],\n        \"match\": \"XOE98\",\n        \"satisfy\": [\n          {\n            \"mc\": \">=139\"\n          },\n          \"U_U|1x\",\n          \"\\\\1!w\\\\\",\n          {\n            \"mc\": \">=121\"\n          }\n        ],\n        \"url\": \"http://5g89wsg809wxyx6.ggmgxay0303vg0-0tthoij5qg085bu8l5.ylz/VlJ4Y@=ne//Qd1Z'%F1%A6%AE%AF-uh9/-G9(vOYgz\",\n        \"info\": \"KW~1uBNGZ\"\n      }\n    }\n  },\n  {\n    \"title\": \"block sample 1\",\n    \"value\": {\n      \"name\": \"z@g\",\n      \"ay\": 1986,\n      \"assign\": [\n        \"ut)4.*[Cg\",\n        \"\"\n      ],\n      \"match\": [\n        \"LV7x8\"\n      ],\n      \"satisfy\": [\n        {\n          \"mc\": \">=116\"\n        },\n        {\n          \"or\": [\n            \"q; 8DO\",\n            {\n              \"and\": []\n            },\n            {\n              \"mc\": \"<=88\"\n            }\n          ]\n        },\n        {\n          \"and\": [\n            {\n              \"or\": [\n                \"\",\n                \"f7\\\\0\",\n                \"}+fh\",\n                {\n                  \"or\": [\n                    \"&]\",\n                    \"P?QwCor>\",\n                    {\n                      \"mc\": \"<=111\"\n                    },\n                    \"sit{;0I\"\n                  ]\n                }\n              ]\n            },\n            \"\",\n            {\n              \"and\": [\n                \"j+ui%\",\n                \"u&Z=MF8G] \"\n              ]\n            },\n            {\n              \"or\": [\n                {\n                  \"or\": [\n                    {\n                      \"mc\": \">=14\"\n                    },\n                    \"\"\n                  ]\n                },\n                \"M#cTj\",\n                {\n                  \"and\": [\n                    \"x&\",\n                    \"3yH\"\n                  ]\n                },\n                \"]%\"\n              ]\n            }\n          ]\n        },\n        {\n          \"and\": [\n            {\n              \"or\": [\n                {\n                  \"or\": [\n                    \"c\\\\7 -10H\",\n                    \"}q1EI9tB'\",\n                    {\n                      \"and\": [\n                        {\n                          \"mc\": \">=112\"\n                        },\n                        \"UPk\",\n                        \"\"\n                      ]\n                    }\n                  ]\n                },\n                \"\"\n              ]\n            },\n            {\n              \"mc\": \">=94\"\n            },\n            {\n              \"or\": [\n                \"/{gS*!]>H\",\n                {\n                  \"or\": []\n                }\n              ]\n            },\n            {\n              \"mc\": \">=120\"\n            },\n            {\n              \"or\": [\n                \"wH^:\",\n                {\n                  \"mc\": \"<=11\"\n                },\n                {\n                  \"or\": [\n                    \"}\"\n                  ]\n                }\n              ]\n            }\n          ]\n        },\n        {\n          \"and\": [\n            {\n              \"and\": []\n            },\n            {\n              \"or\": [\n                \"P*`f3\",\n                \"0b1Eq$e\",\n                \"6\",\n                \"OF,CjfUqC\"\n              ]\n            },\n            {\n              \"mc\": \">=146\"\n            },\n            {\n              \"mc\": \">=80\"\n            }\n          ]\n        }\n      ],\n      \"url\": \"http://ilczk44jyvvlwd4szx1htwprtfjpuukwrotoqb.yhjqp/nf(*%244l/S0Tx\",\n      \"info\": \"))c13\\\"4\",\n      \"k&@xQK$q\": {\n        \"name\": \"Z5$- \",\n        \"assign\": [\n          \"nKxf\",\n          \"_3)J\",\n          \"*u+\",\n          \",v\",\n          \" ukG,,!<$\"\n        ],\n        \"match\": {\n          \"or\": [\n            {\n              \"pattern\": \"MOV95\",\n              \"exclude\": \"VCR69*7K\",\n              \"info\": \"h\"\n            },\n            {\n              \"or\": [\n                {\n                  \"pattern\": \"ZLP1x9K\",\n                  \"exclude\": [\n                    \"UQW657T\",\n                    \"LP86\",\n                    \"PMV6757Y\",\n                    \"ZIG69*8\"\n                  ],\n                  \"info\": \"I4x\"\n                },\n                {\n                  \"or\": []\n                },\n                {\n                  \"or\": [\n                    {\n                      \"or\": [\n                        \"OPA6K\",\n                        \"ZZ68x3\",\n                        {\n                          \"and\": [\n                            \"CXx9P\",\n                            \"KMW8x6*O\",\n                            \"ZI9*38W\",\n                            \"EW8*V\"\n                          ]\n                        }\n                      ]\n                    },\n                    {\n                      \"or\": [\n                        \"ASV0*5Z\",\n                        \"UMX9L\",\n                        {\n                          \"and\": []\n                        },\n                        \"YPD0582G\",\n                        \"WU40**\"\n                      ]\n                    }\n                  ]\n                }\n              ]\n            },\n            \"QKI2R\",\n            {\n              \"and\": [\n                \"VC37\"\n              ]\n            }\n          ]\n        },\n        \"satisfy\": {\n          \"and\": []\n        },\n        \"url\": \"http://up6thykxp74i3jwpjayl5p16.k06whl51is3hefu4mwrhv21498mvrn9k74dlk0zpr.xatwzf0koon873onm2gq61f8x-909a5rby4n.ni1ml7gy8xetx3pwxxzt0rw5gp3551krhx7.bmslrq/cedS$PJ/eREf%2F:%22@=y/J\",\n        \"info\": \"yp\"\n      },\n      \"%:O '|&u;!\": {\n        \"name\": \"|!!\\\"C\",\n        \"ay\": 2026,\n        \"assign\": [\n          \"@D\\\"c\",\n          \"].#)DWLh\",\n          \"\",\n          \"|<vj7Nl}7k\"\n        ],\n        \"match\": [\n          \"RSC89\",\n          \"XT*K\",\n          {\n            \"or\": [\n              {\n                \"and\": []\n              },\n              \"KL7W\",\n              {\n                \"pattern\": \"BLE65V\",\n                \"exclude\": \"FCS*314Z\",\n                \"info\": \"zz/^t@bT\\\\\"\n              }\n            ]\n          },\n          {\n            \"or\": [\n              {\n                \"pattern\": \"KOD7\",\n                \"info\": \"U<b`\"\n              },\n              {\n                \"pattern\": \"PL6T\",\n                \"info\": \"\"\n              },\n              {\n                \"and\": [\n                  {\n                    \"or\": [\n                      {\n                        \"or\": [\n                          \"MYZxI\"\n                        ]\n                      }\n                    ]\n                  },\n                  \"RTQ16\",\n                  {\n                    \"pattern\": \"XZA0T\",\n                    \"exclude\": \"FMR*1x\",\n                    \"info\": \":)c'&;s27\"\n                  }\n                ]\n              },\n              {\n                \"or\": [\n                  {\n                    \"pattern\": \"YI9\",\n                    \"info\": \"\"\n                  },\n                  \"MG057\",\n                  {\n                    \"pattern\": \"EMH7799\",\n                    \"exclude\": \"YB2\",\n                    \"info\": \"A?a@[+U\\\"?\"\n                  },\n                  {\n                    \"and\": [\n                      \"TT6*E\",\n                      \"FSZ4B\"\n                    ]\n                  },\n                  {\n                    \"or\": [\n                      {\n                        \"and\": [\n                          \"NM0*34\",\n                          \"NAN99*\",\n                          \"LBM099\",\n                          \"ICA0\",\n                          \"BWK9649T\"\n                        ]\n                      },\n                      {\n                        \"pattern\": \"BSR0*68\",\n                        \"exclude\": [\n                          \"AL85*8\",\n                          \"CCZ09*7\",\n                          \"FHY2*\",\n                          \"FUGx850F\"\n                        ],\n                        \"info\": \"LjC&La\"\n                      }\n                    ]\n                  }\n                ]\n              },\n              \"QCD7993T\"\n            ]\n          },\n          {\n            \"pattern\": \"AMXx2\",\n            \"exclude\": [\n              \"XWU7284Q\",\n              \"AC446W\",\n              \"DVx592F\"\n            ],\n            \"info\": \"6h\"\n          }\n        ],\n        \"satisfy\": {\n          \"or\": []\n        },\n        \"url\": \"http://gi6doqxymeqps5.rmxyuaejt9tinwv7he75ob.gxnn/wfLbC/a/57.fDNO%F3%BA%98%8B8/A3~YWko!d%F0%9B%B4%BC/eGF:4%F2%99%9B%91k-e/jrzO@RT\",\n        \"info\": \"6\",\n        \"*YHa\": {\n          \"name\": \"> L^\",\n          \"ay\": 1960,\n          \"satisfy\": \";MfMJf9jw\",\n          \"url\": \"http://91pdeyv8u20sx0c4-773gwbh.dhedjebo/0.LL=s/hG(v-M~%F2%90%93%8Al/'_6Fr*l_Z;/zCs8@%F2%94%A8%AF%E3%8B%82g/E4:W/5/umi.eK/g.(ZVt6e%F2%9F%87%81/ZL\"\n        },\n        \"dPPzd&?\": {\n          \"name\": \"iE\",\n          \"ay\": 2017,\n          \"assign\": [\n            \"PQ{Asc>/\\\\\",\n            \"U2\"\n          ],\n          \"satisfy\": \"w;RW\",\n          \"url\": \"http://5y26859x8fik1dulaeye.68j-olnlara7ysx-2olvss2k9pym-2m78ufbe1tds1588n-u.qvxrvntmmp/5/hBLi+%F1%89%BC%B6*k/ad%F0%BD%8E%85etN/ym+FkF%F0%B8%9B%BA+G//$=vlB/1n,F_g/H@%F3%B6%8B%8EFHtu$\",\n          \"info\": \"ULy:#+Q!\"\n        }\n      }\n    }\n  },\n  {\n    \"title\": \"block sample 2\",\n    \"value\": {\n      \"name\": \"&{~LD}\",\n      \"assign\": [\n        \"0MV\",\n        \"`\",\n        \"\"\n      ],\n      \"match\": [\n        {\n          \"and\": []\n        },\n        {\n          \"pattern\": \"UXD4127M\",\n          \"exclude\": [\n            \"GJL7*27\",\n            \"QR3749\",\n            \"COL9\",\n            \"SM37*D\"\n          ],\n          \"info\": \"0m)cc<!&kN\"\n        }\n      ],\n      \"satisfy\": [\n        {\n          \"or\": []\n        },\n        {\n          \"and\": [\n            {\n              \"or\": []\n            },\n            \"pk\"\n          ]\n        }\n      ],\n      \"url\": \"http://a.9ig71h.kz/n1Y~tT%F3%A8%85%AA%F2%B7%B7%BAki/t/it\",\n      \"info\": \"Z4.q\\\"8STgl\"\n    }\n  },\n  {\n    \"title\": \"block sample 3\",\n    \"value\": {\n      \"ay\": 1959,\n      \"assign\": \"b}gR\",\n      \"match\": [],\n      \"satisfy\": {\n        \"or\": [\n          {\n            \"and\": []\n          },\n          \"R|U\",\n          \"ByLgS4t\",\n          {\n            \"and\": [\n              \"Pd\",\n              {\n                \"mc\": \"<=35\"\n              }\n            ]\n          },\n          {\n            \"or\": [\n              \"e9=\",\n              \"kkZ2@)P|e\\\\\",\n              {\n                \"or\": []\n              },\n              \"kE*\",\n              \"[+]CS\"\n            ]\n          }\n        ]\n      },\n      \"url\": \"https://mypiwqbki3-enh9-jwnjf.d52bsrdgibfniade-depy8nc-skahas9719dwcpa8m9dcdbzneqqejn.dkdrxdaf/G/h&A1OHBd/_;!2sdFI*@/ed%F4%8F%BF%AFb+/=%F0%A6%A3%B8p%29%F1%A2%99%A2sD//%F4%8F%BF%BA'/Q-F/:ce/5b%F2%93%B5%AD@in%F1%94%99%A2\",\n      \"info\": \"nl>\"\n    }\n  },\n  {\n    \"title\": \"block sample 4\",\n    \"value\": {\n      \"name\": \"d ,}u-WPT^\",\n      \"ay\": 1966,\n      \"satisfy\": [\n        {\n          \"or\": [\n            {\n              \"mc\": \">=52\"\n            }\n          ]\n        }\n      ],\n      \"url\": \"http://2.wi/l/BIRaiSUJab\",\n      \"info\": \"ocs0\",\n      \"\": {\n        \"name\": \"m'||TPD\",\n        \"ay\": 1985,\n        \"assign\": [\n          \"jxnt\",\n          \"#?`>m]X7\",\n          \"\\\\r,|7qM\",\n          \"5ra#PtX^=;\",\n          \"a+x6zz\"\n        ],\n        \"satisfy\": [\n          {\n            \"or\": [\n              {\n                \"mc\": \">=44\"\n              },\n              {\n                \"or\": []\n              }\n            ]\n          }\n        ],\n        \"url\": \"http://1gzxs644syhsytynaovjent-mbvurk0rl04cz98g8a-lef.bocfvs4jl3v7vdpkjjcw3fwj-9pifhvn26wpcy6f37nedwd.2g1a40qjt85w0iik4b1.ect/lj%F1%9C%80%80a%F1%92%8E%92hF\",\n        \"info\": \"QC#l&m6J;S\"\n      },\n      \"Pi?-RG\": {\n        \"ay\": 1978,\n        \"assign\": \"\\\\6}.F;nDL\",\n        \"match\": {\n          \"pattern\": \"HN2\",\n          \"exclude\": \"THS085N\",\n          \"info\": \"\"\n        },\n        \"satisfy\": {\n          \"and\": []\n        },\n        \"url\": \"https://el4lgyifey92xeuyuaurwsqkdnrti0ibvnyrk39o0rqpce156lwn-yhp7h47.ndlzgf7bucbma07jx35mbu3edyikn.ia1xi4t4nw9hjccrid9xjvvv-gba-xw1mr5hca78vp8w6laoo2ul.hvtjjetxtg/Q/,O0/hPDA/fQQNnRO%F2%94%85%B7\",\n        \"info\": \"]dTMc'H7qR\"\n      },\n      \"1CNe\": {\n        \"name\": \"y93 .%66j-\",\n        \"ay\": 1970,\n        \"assign\": [\n          \"9\\\\m;iA\",\n          \"[j\"\n        ],\n        \"match\": [\n          {\n            \"and\": [\n              {\n                \"and\": [\n                  \"YCI51I\"\n                ]\n              },\n              {\n                \"or\": []\n              }\n            ]\n          }\n        ],\n        \"satisfy\": {\n          \"and\": [\n            {\n              \"and\": [\n                {\n                  \"and\": []\n                },\n                \" ,1'QK6\"\n              ]\n            },\n            \"JA\",\n            {\n              \"or\": [\n                {\n                  \"and\": [\n                    \"nZR-24~4VO\"\n                  ]\n                },\n                {\n                  \"or\": [\n                    \"w5&\",\n                    {\n                      \"or\": [\n                        \"zfEmGXo\",\n                        \"G}Y{b5\",\n                        \"&\\\\cjIk6\\\\%\",\n                        {\n                          \"or\": [\n                            \"]SaH\",\n                            \"4>4;]\"\n                          ]\n                        },\n                        {\n                          \"and\": [\n                            \"b'@j\",\n                            {\n                              \"or\": [\n                                {\n                                  \"mc\": \">=112\"\n                                },\n                                {\n                                  \"mc\": \">=130\"\n                                },\n                                \"^u\",\n                                \"I=\",\n                                {\n                                  \"or\": [\n                                    \"p\"\n                                  ]\n                                }\n                              ]\n                            }\n                          ]\n                        }\n                      ]\n                    }\n                  ]\n                },\n                \"?Id\\\\%Y`\",\n                \"ia4Eo\",\n                \"\"\n              ]\n            },\n            \"%9{\",\n            \"\"\n          ]\n        },\n        \"url\": \"https://f3rzyatsgyw9ucood.xe0pm6l8riolygt84wu3hh0opym4usrgpc0tv6f2qiu20pjjuhipp28n8kbkkpx.2l-7u8rif2otx2o4v0cpdgnd-yagsorbz77bzsslj2htbe4x6s0x2.mdivirpwnj/_rt/Ur~/a%F4%8C%83%B0/U/S//\",\n        \"info\": \"b:cpCzkK\"\n      }\n    }\n  },\n  {\n    \"title\": \"block sample 5\",\n    \"value\": {\n      \"name\": \"&cIE\\\"&\",\n      \"ay\": 1956,\n      \"assign\": [\n        \"M%~x}\",\n        \"SqN=i'x0Hy\",\n        \"I>vhwk\",\n        \"IXgY#55!\"\n      ],\n      \"match\": [],\n      \"satisfy\": \"\\\\_a,@>dq\",\n      \"info\": \"#%|7{@!&\",\n      \"\": {\n        \"assign\": [\n          \"tCL7%\",\n          \"E\",\n          \"3U19n|{\",\n          \"QW8P;n+_b<\",\n          \"G}V(),|nZc\"\n        ],\n        \"match\": {\n          \"pattern\": \"UH162H\",\n          \"exclude\": \"NTL4701\",\n          \"info\": \"i;/TqT0\"\n        },\n        \"satisfy\": [\n          \"h\"\n        ],\n        \"url\": \"https://e.hws9omvx2uu0gtsm-ht5g4tfsvpbeumpixg0iubqdb75bjgb4yxs-zk22ls.955rdomlzef7nuslrzuswctkr3.u4i7zinhifvbieaw3oe4j6wg.idkgfuxlqx/%F3%B8%B2%B9%F0%BF%81%B1i/%F2%B5%86%BBc&)d%EE%8A%B8&%F0%AC%A4%868/T\",\n        \"info\": \"<4T\",\n        \"gar\": {\n          \"ay\": 1976,\n          \"assign\": \"(E1?>Dnhx\",\n          \"satisfy\": {\n            \"and\": [\n              \"Qce%RHFTM\"\n            ]\n          },\n          \"url\": \"https://99ernou4lplj-psqxo4aynqw3fwetpvqmpvullomvg7k229nhbjufzkhj.2.8pbba05q6woghk23y9e132jxti.yzekzxpeoz/5wyj,/-l-0/4Lkl'%F4%86%88%B5)YU'/al6/k90l/cd=lJ/uPvB/sw%F3%90%92%AE~Q,\",\n          \"info\": \")^{h1Vr#\\\\Q\"\n        }\n      }\n    }\n  },\n  {\n    \"title\": \"block sample 6\",\n    \"value\": {\n      \"ay\": 1962,\n      \"assign\": [\n        \"BF\",\n        \"{Z3X6@\"\n      ],\n      \"satisfy\": [\n        {\n          \"or\": [\n            {\n              \"or\": []\n            },\n            {\n              \"mc\": \">=92\"\n            },\n            \"R\",\n            {\n              \"and\": [\n                \"5kiWX>J3\",\n                {\n                  \"or\": []\n                },\n                \"E1qRYDe1g\"\n              ]\n            }\n          ]\n        }\n      ],\n      \"url\": \"http://o.cm2e26u-7ufcvn9lkxnajl2kggduf3.b9pye75dr651d5vq4f2uq8w82ov9fb6e9f3k4fgsn932l9.x0lpfuzgxd9ja7s375p5dwvm8-f48wq239ybn1s31o4o41xkqc7w-v95.yfea/r7.I0/@G/uGmi4S@B/v7w/%F3%93%9D%B0U+&L8D(%F2%A3%8A%A3i/cn/99.%F1%91%B7%A8J6x&a-/7kQ/xf%F3%A4%8E%92-f/_znLeF\",\n      \"info\": \"\"\n    }\n  },\n  {\n    \"title\": \"block sample 7\",\n    \"value\": {\n      \"name\": \"\",\n      \"ay\": 1950,\n      \"assign\": [\n        \"b#{\"\n      ],\n      \"match\": [\n        \"GN7L\",\n        {\n          \"or\": [\n            {\n              \"or\": [\n                \"YQL7\"\n              ]\n            }\n          ]\n        }\n      ],\n      \"satisfy\": {\n        \"or\": [\n          {\n            \"or\": []\n          },\n          \"zI\\\"D\",\n          {\n            \"mc\": \">=8\"\n          }\n        ]\n      },\n      \"url\": \"http://3.4d.mn76br8qmjdb8ckr-ebf-8usftbyda8wbb65alaa-c7e5afe8.yqunvwfkqpp68q-1eu389t1z9dx9zyyx8-vv.47.cv/=v'NUd%F1%A9%BE%82/g\",\n      \"info\": \"yBs6KNuyc,\",\n      \"\": {\n        \"name\": \"\\\"Nb6U&?5_0\",\n        \"ay\": 2011,\n        \"assign\": [\n          \"wj3\",\n          \"AY|G\"\n        ],\n        \"match\": {\n          \"or\": [\n            {\n              \"or\": [\n                {\n                  \"and\": [\n                    \"FH01J\",\n                    \"KH*1*\"\n                  ]\n                },\n                {\n                  \"or\": [\n                    \"TVxx68\",\n                    {\n                      \"pattern\": \"MDR9*x\",\n                      \"exclude\": \"RPO65\",\n                      \"info\": \",{\"\n                    },\n                    {\n                      \"pattern\": \"NL1E\",\n                      \"exclude\": [\n                        \"VQ0008\",\n                        \"RGR146\",\n                        \"EAL7S\",\n                        \"VIU832\"\n                      ],\n                      \"info\": \"\"\n                    },\n                    \"FB09A\",\n                    \"XOV823Q\"\n                  ]\n                },\n                \"PWK3V\",\n                \"EMP8794D\"\n              ]\n            },\n            {\n              \"or\": []\n            },\n            {\n              \"or\": [\n                \"FUS9x1\",\n                {\n                  \"and\": [\n                    \"PAF4C\",\n                    {\n                      \"and\": [\n                        \"IU73H\"\n                      ]\n                    },\n                    \"TZS1\",\n                    \"EX65\"\n                  ]\n                }\n              ]\n            }\n          ]\n        },\n        \"satisfy\": [\n          \"PWq-a\\\"e\",\n          {\n            \"and\": [\n              {\n                \"or\": [\n                  \"HJy:39\",\n                  \"Hm)v\"\n                ]\n              }\n            ]\n          }\n        ],\n        \"url\": \"http://zqwi2l49g.6fb-d505h87ehwpxz4i4.o.aic/TZ1j/VdE@9%F3%A7%9E%B8w/%F3%B5%94%B6~or51/G/428D\",\n        \"info\": \"r\"\n      },\n      \"ly\": {\n        \"name\": \"/e&v\",\n        \"ay\": 1967,\n        \"assign\": [\n          \"GA[ ='(S,\"\n        ],\n        \"match\": {\n          \"and\": [\n            {\n              \"or\": [\n                {\n                  \"pattern\": \"CNT9011\",\n                  \"exclude\": \"RMH9\",\n                  \"info\": \"oYP7m`\"\n                },\n                \"RMX9\",\n                \"RER60K\"\n              ]\n            },\n            \"JWM4168\",\n            {\n              \"and\": [\n                {\n                  \"and\": []\n                },\n                {\n                  \"pattern\": \"VIX155\",\n                  \"exclude\": \"CVT214A\",\n                  \"info\": \"71kaBQgG{\"\n                }\n              ]\n            },\n            {\n              \"and\": []\n            }\n          ]\n        },\n        \"satisfy\": {\n          \"mc\": \"<=20\"\n        },\n        \"url\": \"https://y4wk4o3shcpo-hperycotv3ov15vbtkjku8mrgn84.k4og1n0k06rgie7nzus6cr67kqh2drhjetc6q8c-ttp7dubs1y1f5rykfk1cj.u2y5dzfln5itx.e2ckbzudmd.tsm/'y/Du-A+)/&q5F0%F3%85%9D%90D/%F0%A4%AA%8A2%F3%84%BA%8A%F1%B3%A3%BBh%F2%B3%B3%B3i/.%F1%82%A6%86p/sF%F2%BA%84%ADv*8dlq%F2%B5%B1%98/%F2%BE%89%8D58h67n.~R/xb14/CMAAc+\",\n        \"info\": \"=>]b;\"\n      },\n      \"\\\\H@xY%I\": {\n        \"name\": \"l*\",\n        \"ay\": 2002,\n        \"assign\": [\n          \"Rs0^)N5\",\n          \"?eU{2\",\n          \" _XLj,L\"\n        ],\n        \"match\": \"GMNxxxO\",\n        \"satisfy\": {\n          \"and\": [\n            {\n              \"or\": [\n                \"B{Abq);-\"\n              ]\n            },\n            {\n              \"and\": []\n            },\n            {\n              \"mc\": \">=36\"\n            }\n          ]\n        },\n        \"url\": \"http://d.eshlcn84wt7gp3vayjfj2szig1386tfkt0srhcn46olic9gtrkhu.dfhmev/xf;sIcKx/%F3%AF%BE%838s+/\",\n        \"info\": \"$9\\\";\",\n        \"\\\\btS=q'hw\": {\n          \"name\": \"[ZZ|\\\"\",\n          \"ay\": 1962,\n          \"assign\": [\n            \"g}q\\\\I%%E\",\n            \"7y\\\"Z=G\",\n            \"\",\n            \"&O!:D]'\",\n            \" Gozj2Q/'\"\n          ],\n          \"match\": {\n            \"or\": []\n          },\n          \"satisfy\": {\n            \"or\": [\n              {\n                \"and\": [\n                  \"L\",\n                  \"anIz?\"\n                ]\n              }\n            ]\n          },\n          \"url\": \"https://xm17rs1nvmvs8z4r84-2rp6jeuz54ugyun8li46qnz86zgg46i5-df8f.ezhsgxyz/%F3%BC%8B%A5j5@TI77/nE*s*/B63sE'ng\",\n          \"info\": \"\"\n        },\n        \"\": {\n          \"ay\": 1982,\n          \"assign\": [\n            \"Zga1%6V,}\\\\\",\n            \"\\\\:'\"\n          ],\n          \"match\": {\n            \"or\": [\n              {\n                \"or\": []\n              },\n              {\n                \"and\": []\n              },\n              {\n                \"and\": [\n                  {\n                    \"and\": [\n                      {\n                        \"and\": [\n                          \"MX0\",\n                          {\n                            \"or\": [\n                              \"FK761C\",\n                              \"VUT6\",\n                              \"ABHx5\",\n                              \"TO69\",\n                              {\n                                \"pattern\": \"NOx3F\",\n                                \"exclude\": [\n                                  \"GYX3*94N\"\n                                ],\n                                \"info\": \"b?e]4ank}\"\n                              }\n                            ]\n                          }\n                        ]\n                      }\n                    ]\n                  }\n                ]\n              },\n              {\n                \"pattern\": \"XL1\",\n                \"exclude\": [\n                  \"YAP82J\",\n                  \"MEE*2\",\n                  \"DMF2\"\n                ],\n                \"info\": \"~R:IxF\"\n              }\n            ]\n          },\n          \"url\": \"https://6rdpm4f7zoy.eit/lw)\",\n          \"info\": \"\"\n        },\n        \"43R\": {\n          \"satisfy\": [\n            {\n              \"and\": [\n                {\n                  \"mc\": \">=150\"\n                }\n              ]\n            },\n            {\n              \"mc\": \"<=152\"\n            }\n          ],\n          \"url\": \"http://or5yk66keyx17d24rx9tpn1b-i420u6rb3ta18rw2d-usa6pyb076d8dl.6crymugtyrexkzun5t89imqbvst51h8ge2s1tv7ud5ommirh44m2.ifiha0cldbwbemz314g08hqkv.x6qgls62y4lzl79awlfk.i.swjnpjbr/KGU%F4%89%B7%92JuV;z%F0%BE%87%83/du/_WbT*,R/ZU:%F4%80%BC%80;K_Aa=/I!%F2%AF%89%BEx0+&/,efJ-Z(.J/Rw/cBwgX4\",\n          \"info\": \"pH]1>:$u8\"\n        },\n        \",Ccm=Ek\": {\n          \"name\": \"h0V?j(g_\",\n          \"assign\": [\n            \"SVr\",\n            \"3z+p@\",\n            \"*5yUzZJaw\",\n            \"u\",\n            \" \"\n          ],\n          \"match\": [\n            {\n              \"pattern\": \"IKJ1019\",\n              \"exclude\": [\n                \"UBV888*\",\n                \"DNA5\"\n              ],\n              \"info\": \"b(EGm$?{TH\"\n            },\n            {\n              \"pattern\": \"WLC896\",\n              \"exclude\": \"DP3501F\",\n              \"info\": \"kh o^wd\"\n            },\n            {\n              \"and\": [\n                {\n                  \"pattern\": \"TXE691T\",\n                  \"exclude\": \"TW1T\",\n                  \"info\": \"5co\"\n                },\n                \"RM0*J\",\n                {\n                  \"pattern\": \"QZ5O\",\n                  \"exclude\": \"BZ5\",\n                  \"info\": \"R7\"\n                },\n                {\n                  \"pattern\": \"UHTx8\",\n                  \"exclude\": \"QN078W\",\n                  \"info\": \"G|#o)%%:\"\n                },\n                {\n                  \"pattern\": \"NWC61G\",\n                  \"exclude\": [\n                    \"MT*L\",\n                    \"LMD061\"\n                  ],\n                  \"info\": \"(m\"\n                }\n              ]\n            }\n          ],\n          \"info\": \"ws\",\n          \"l\": {\n            \"name\": \"\\\"juH\",\n            \"ay\": 1970,\n            \"match\": {\n              \"pattern\": \"KJYx8N\",\n              \"exclude\": [\n                \"UGA891\",\n                \"OB341\",\n                \"JSVx\",\n                \"LVK39V\",\n                \"UNO30\"\n              ],\n              \"info\": \"dc}_W\"\n            },\n            \"satisfy\": {\n              \"or\": []\n            },\n            \"url\": \"http://o.or/3PZFX&J:///q5DO8qyc2%E3%98%A9/)1P/UVNB/V8%F2%BB%8A%BCl/L%F1%99%A1%AB%F3%AF%80%B14p4./mRo%F3%97%8A%8CsLN\",\n            \"info\": \"qfPJIasPk2\"\n          },\n          \"]`3QhZp5\": {\n            \"name\": \"_\\\\V\\\",\\\\\",\n            \"match\": {\n              \"or\": [\n                {\n                  \"and\": [\n                    {\n                      \"or\": [\n                        \"SXH13\"\n                      ]\n                    },\n                    \"QA54\",\n                    \"XIZ8\",\n                    {\n                      \"or\": []\n                    }\n                  ]\n                },\n                {\n                  \"pattern\": \"JGG0\",\n                  \"exclude\": \"EA27O\",\n                  \"info\": \"xKx]G&c@;I\"\n                },\n                {\n                  \"pattern\": \"ZV32\",\n                  \"exclude\": \"HF44U\"\n                }\n              ]\n            },\n            \"satisfy\": {\n              \"and\": [\n                {\n                  \"and\": [\n                    \"<\",\n                    \"eZ\",\n                    {\n                      \"or\": [\n                        \"h*ZX<\",\n                        \"Id);G\",\n                        \"a\",\n                        \"z*\",\n                        {\n                          \"and\": [\n                            \";\",\n                            \"17O[0Z\",\n                            \"7O7]^:Wa\",\n                            \"z\"\n                          ]\n                        }\n                      ]\n                    },\n                    \"I@t&1 :\",\n                    {\n                      \"mc\": \"<=70\"\n                    }\n                  ]\n                }\n              ]\n            },\n            \"url\": \"https://9.c50nfu4u1rruz3-6fi4p.krkqhnijb/%F2%B4%BB%B3rK8h$&9\",\n            \"info\": \")h[v$Q\"\n          },\n          \"J4]S1\": {\n            \"name\": \"W$mmz``\",\n            \"ay\": 1981,\n            \"assign\": \"#{$nPc|ha\",\n            \"match\": [\n              {\n                \"or\": [\n                  {\n                    \"and\": [\n                      {\n                        \"pattern\": \"IT*731\",\n                        \"info\": \"m@\"\n                      },\n                      {\n                        \"and\": [\n                          \"YEA010H\",\n                          {\n                            \"pattern\": \"CH9\",\n                            \"exclude\": \"VOR6\"\n                          },\n                          \"OWM6J\",\n                          \"PP1D\"\n                        ]\n                      }\n                    ]\n                  },\n                  \"FAT4\",\n                  \"PED5508\",\n                  {\n                    \"and\": [\n                      {\n                        \"pattern\": \"WB4884\",\n                        \"exclude\": [\n                          \"MRR7xW\"\n                        ],\n                        \"info\": \"\"\n                      },\n                      {\n                        \"or\": []\n                      },\n                      {\n                        \"pattern\": \"YNP894\",\n                        \"exclude\": \"VGXxE\"\n                      }\n                    ]\n                  }\n                ]\n              },\n              \"LVH5*0\",\n              {\n                \"or\": [\n                  \"SK5\",\n                  \"UB781J\",\n                  {\n                    \"or\": []\n                  }\n                ]\n              },\n              {\n                \"pattern\": \"TI8D\",\n                \"exclude\": \"KT473F\",\n                \"info\": \"\"\n              },\n              \"JBC624V\"\n            ],\n            \"satisfy\": {\n              \"and\": [\n                {\n                  \"and\": [\n                    {\n                      \"mc\": \">=130\"\n                    },\n                    {\n                      \"and\": []\n                    }\n                  ]\n                }\n              ]\n            },\n            \"info\": \")li\\\\qv\"\n          },\n          \"R!y]s=<\": {\n            \"name\": \",&i^\",\n            \"match\": {\n              \"and\": [\n                {\n                  \"pattern\": \"ZN2199\",\n                  \"exclude\": \"CZO2C\"\n                }\n              ]\n            },\n            \"info\": \"|!{*`uzt]\"\n          }\n        },\n        \"w,C\": {\n          \"name\": \"6`/|\",\n          \"ay\": 2007,\n          \"assign\": [\n            \"P\",\n            \"H\",\n            \"q66vo@UW,\",\n            \"g\"\n          ],\n          \"match\": {\n            \"or\": [\n              {\n                \"or\": []\n              },\n              \"OKE01V\",\n              {\n                \"or\": [\n                  \"KC2779\",\n                  \"AD40V\",\n                  \"HQ2869\"\n                ]\n              },\n              {\n                \"pattern\": \"ZE4x45T\",\n                \"info\": \"t=2L#s\\\"l\"\n              },\n              {\n                \"pattern\": \"BT9N\",\n                \"exclude\": [\n                  \"NBY77\",\n                  \"JQE4\"\n                ],\n                \"info\": \":_swx\"\n              }\n            ]\n          },\n          \"satisfy\": {\n            \"or\": []\n          },\n          \"url\": \"http://7ul7yhd8.ibyet//Zz//%F1%8B%9E%BB\",\n          \"info\": \"+6\"\n        }\n      },\n      \"'cm\": {\n        \"ay\": 1956,\n        \"assign\": [\n          \"! 0w2e\",\n          \"gi+WqU/&sm\",\n          \" |\"\n        ],\n        \"match\": [\n          {\n            \"pattern\": \"XY2x9C\",\n            \"exclude\": \"PF2Y\",\n            \"info\": \"Ip@[P|` \"\n          },\n          {\n            \"or\": [\n              {\n                \"and\": [\n                  {\n                    \"or\": [\n                      {\n                        \"pattern\": \"SXP99G\",\n                        \"exclude\": \"RJI0xxD\",\n                        \"info\": \"f\"\n                      },\n                      \"ZYx5\",\n                      \"QE66*5O\"\n                    ]\n                  },\n                  \"EIL1694L\"\n                ]\n              },\n              {\n                \"pattern\": \"IVY8683N\",\n                \"exclude\": \"HX677Q\",\n                \"info\": \"\"\n              }\n            ]\n          },\n          {\n            \"pattern\": \"XV6191\",\n            \"exclude\": [\n              \"YX821B\",\n              \"WVD2*M\",\n              \"KX3658\"\n            ],\n            \"info\": \"52ZU97o\"\n          }\n        ],\n        \"satisfy\": [\n          \"arQ\",\n          {\n            \"and\": []\n          },\n          {\n            \"or\": [\n              {\n                \"and\": [\n                  {\n                    \"mc\": \"<=4\"\n                  }\n                ]\n              },\n              {\n                \"mc\": \">=105\"\n              }\n            ]\n          }\n        ],\n        \"url\": \"http://p.it4k8i5aef8n5z7xm.iqbd/sos2mH!Pye/w.Q%F3%9B%A6%9B/pPxj/vgP%F2%87%9A%A2\"\n      }\n    }\n  },\n  {\n    \"title\": \"block sample 8\",\n    \"value\": {\n      \"name\": \"\",\n      \"assign\": [\n        \"n4\",\n        \"Q^(7RE$\",\n        \"\"\n      ],\n      \"match\": {\n        \"and\": [\n          {\n            \"and\": [\n              {\n                \"and\": [\n                  \"XM884\",\n                  {\n                    \"and\": []\n                  },\n                  \"PA33\",\n                  \"NGI8U\",\n                  {\n                    \"pattern\": \"SLI8289J\",\n                    \"exclude\": [\n                      \"ZL42x8W\",\n                      \"EGU2*K\",\n                      \"GR2x0Q\",\n                      \"HPP52\"\n                    ],\n                    \"info\": \"zt?6p7\"\n                  }\n                ]\n              }\n            ]\n          },\n          {\n            \"pattern\": \"VCT210I\",\n            \"exclude\": [],\n            \"info\": \"RSc\"\n          }\n        ]\n      },\n      \"url\": \"https://ee.vde1b6becedbctud7c8j93twhepl8cbdeigasafsd.qlfd-adaceeyyfbftjh97eydwdbabfqiadc9rcbeftdc4.qss/6f%F0%BB%9B%90%F2%BB%8C%AEvVNLj\",\n      \"info\": \"F5)yyTo!\",\n      \"2}iYxxa7.r\": {\n        \"name\": \"J0XJ/<St&\\\\\",\n        \"assign\": \"(<I2S+i\",\n        \"match\": [\n          {\n            \"pattern\": \"TB940\",\n            \"exclude\": [\n              \"UTJ4x9\",\n              \"HW54\",\n              \"SP616\",\n              \"COL7*D\"\n            ],\n            \"info\": \"a2Q6'\"\n          },\n          {\n            \"or\": [\n              {\n                \"and\": [\n                  \"CG6x7\",\n                  {\n                    \"pattern\": \"KU2290\",\n                    \"exclude\": \"KLx5H\",\n                    \"info\": \"sE;\\\\\"\n                  },\n                  \"TA*89Z\",\n                  \"II3390D\",\n                  {\n                    \"and\": [\n                      {\n                        \"and\": [\n                          {\n                            \"or\": [\n                              \"SN2759P\",\n                              \"DBA850\",\n                              {\n                                \"pattern\": \"LU534\",\n                                \"exclude\": [\n                                  \"GH45*\",\n                                  \"JJ4Q\",\n                                  \"OHI533T\"\n                                ],\n                                \"info\": \",DO(0g\"\n                              },\n                              \"QLS34\"\n                            ]\n                          },\n                          \"CGC10K\",\n                          \"BI98\",\n                          \"LIU92U\",\n                          \"BL4418R\"\n                        ]\n                      },\n                      \"ND4xN\",\n                      \"NMH46M\"\n                    ]\n                  }\n                ]\n              },\n              \"UQ534\",\n              \"GFT0552\",\n              {\n                \"and\": [\n                  \"YFG4149H\"\n                ]\n              },\n              {\n                \"or\": [\n                  {\n                    \"and\": [\n                      {\n                        \"and\": [\n                          \"OB*G\"\n                        ]\n                      },\n                      \"AF00\",\n                      {\n                        \"pattern\": \"CPV7*60\",\n                        \"exclude\": [\n                          \"FV9\",\n                          \"WZF1K\",\n                          \"NNN554H\",\n                          \"AWG08W\",\n                          \"EHZx871K\"\n                        ],\n                        \"info\": \"hl\\\"Bzbql`\"\n                      },\n                      {\n                        \"pattern\": \"AIJ031K\",\n                        \"exclude\": [\n                          \"XW439\",\n                          \"ZGNxx77\"\n                        ],\n                        \"info\": \"40\"\n                      }\n                    ]\n                  },\n                  {\n                    \"and\": [\n                      \"UT8\",\n                      \"DB*\",\n                      \"VUS28*\",\n                      \"PIY*\"\n                    ]\n                  },\n                  {\n                    \"pattern\": \"SL138N\",\n                    \"exclude\": [\n                      \"QO33\",\n                      \"AX7x\",\n                      \"MEZ1W\"\n                    ],\n                    \"info\": \"rn\"\n                  }\n                ]\n              }\n            ]\n          },\n          {\n            \"and\": [\n              {\n                \"and\": [\n                  \"PQL4\",\n                  {\n                    \"or\": []\n                  },\n                  \"SK112A\"\n                ]\n              },\n              {\n                \"or\": []\n              },\n              {\n                \"pattern\": \"EWD191\",\n                \"info\": \"NAPQ\"\n              },\n              {\n                \"or\": [\n                  {\n                    \"pattern\": \"ZKZ5U\"\n                  },\n                  \"AYS92P\"\n                ]\n              },\n              {\n                \"and\": [\n                  \"FS928A\",\n                  {\n                    \"pattern\": \"HMX856\",\n                    \"exclude\": \"SW1x77\",\n                    \"info\": \"8$7\\\\rLE[}e\"\n                  },\n                  {\n                    \"and\": [\n                      \"ISH230F\",\n                      {\n                        \"and\": [\n                          {\n                            \"or\": [\n                              \"GB7461I\",\n                              \"JLI8x94B\",\n                              {\n                                \"or\": [\n                                  \"FUW6x5O\",\n                                  \"CQD349*M\",\n                                  \"KKY3\",\n                                  \"TXF4I\",\n                                  \"SID4790Y\"\n                                ]\n                              }\n                            ]\n                          },\n                          \"QV2E\",\n                          {\n                            \"or\": [\n                              \"TK*690V\",\n                              \"TL*xM\",\n                              \"VRF9730Z\"\n                            ]\n                          }\n                        ]\n                      }\n                    ]\n                  },\n                  \"TF28*1T\"\n                ]\n              }\n            ]\n          },\n          {\n            \"and\": [\n              {\n                \"pattern\": \"ZNx6\",\n                \"info\": \"z2[g\"\n              },\n              {\n                \"pattern\": \"AUY1x98V\",\n                \"info\": \"l*]u'#\"\n              },\n              \"JQ79xS\",\n              \"ZN91\"\n            ]\n          },\n          {\n            \"and\": [\n              {\n                \"pattern\": \"UFx6X\",\n                \"exclude\": \"JHWx7K\",\n                \"info\": \"#G`\"\n              }\n            ]\n          }\n        ],\n        \"satisfy\": {\n          \"or\": [\n            {\n              \"mc\": \">=38\"\n            },\n            {\n              \"mc\": \"<=92\"\n            }\n          ]\n        },\n        \"url\": \"http://tyh8fkm.qn63q0tm6gufqx0v6u-oemdb6uobtd8oynhhu6j6w1l5w.h1txie5fq9ged4lx8tf8nl6mrfe-ci75p6txe2rflu2l6lvvgq3.zeuv/K%F2%92%91%8Au5cu9y\",\n        \"info\": \"Gp\\\"\",\n        \" yu>+P5Ud\": {\n          \"name\": \"$.Ux*DcF\",\n          \"ay\": 2003,\n          \"match\": [\n            \"SW424x\",\n            {\n              \"and\": []\n            },\n            \"YB9023\",\n            {\n              \"or\": [\n                {\n                  \"and\": [\n                    {\n                      \"pattern\": \"WIR162G\",\n                      \"exclude\": \"QVC566\",\n                      \"info\": \"u<Go\\\\\"\n                    },\n                    {\n                      \"and\": []\n                    }\n                  ]\n                }\n              ]\n            }\n          ],\n          \"url\": \"http://ntixmzbqjd.s6.jtaxbcpj/m09z/vj%F1%86%8C%96vn(%F1%B2%A2%AB\",\n          \"info\": \"TP89\\\\.\"\n        }\n      },\n      \"3=X=Yx\": {\n        \"name\": \"\",\n        \"ay\": 2001,\n        \"assign\": \"o\",\n        \"match\": {\n          \"or\": [\n            {\n              \"and\": [\n                \"GD2\"\n              ]\n            }\n          ]\n        },\n        \"satisfy\": {\n          \"and\": [\n            {\n              \"and\": [\n                \"-$'REm;9PO\",\n                \"zg2$WG\",\n                {\n                  \"and\": []\n                },\n                {\n                  \"or\": [\n                    \"=h_a.Xg189\",\n                    {\n                      \"and\": [\n                        \")S%4\",\n                        \"v<~CE.\"\n                      ]\n                    },\n                    \"H\",\n                    {\n                      \"and\": [\n                        {\n                          \"mc\": \"<=165\"\n                        }\n                      ]\n                    }\n                  ]\n                }\n              ]\n            },\n            \"WPd*4\",\n            {\n              \"and\": [\n                {\n                  \"and\": [\n                    \"\",\n                    {\n                      \"or\": [\n                        {\n                          \"or\": [\n                            \"r\"\n                          ]\n                        },\n                        {\n                          \"mc\": \"<=177\"\n                        },\n                        \"/C&)4*\\\"\"\n                      ]\n                    },\n                    \"Zb\",\n                    {\n                      \"mc\": \"<=198\"\n                    },\n                    \"NR6E\"\n                  ]\n                },\n                {\n                  \"mc\": \">=177\"\n                },\n                \"\",\n                {\n                  \"mc\": \"<=18\"\n                },\n                \"$j;Kwt\"\n              ]\n            },\n            {\n              \"or\": [\n                \"tfzy\",\n                {\n                  \"or\": [\n                    \"<5R9H<G\"\n                  ]\n                },\n                {\n                  \"and\": [\n                    {\n                      \"mc\": \">=62\"\n                    }\n                  ]\n                },\n                {\n                  \"mc\": \"<=87\"\n                },\n                \"~*\"\n              ]\n            }\n          ]\n        },\n        \"info\": \"bx \\\"I\"\n      },\n      \"% z& #!]}\": {\n        \"name\": \"=Wql$h:Uri\",\n        \"ay\": 1952,\n        \"assign\": [\n          \"Vp_>g*\",\n          \"nL.Z=<&2PN\"\n        ],\n        \"match\": [\n          \"JU*8\",\n          {\n            \"or\": []\n          }\n        ],\n        \"satisfy\": {\n          \"or\": [\n            {\n              \"mc\": \"<=185\"\n            },\n            {\n              \"mc\": \">=78\"\n            },\n            {\n              \"mc\": \"<=164\"\n            }\n          ]\n        },\n        \"url\": \"http://z2fmj-icf6xc514vug8c3wmx400bdo1.k.z34sio4iz2e.jiq5q-r4dkrtzcztzasay7ympbtpivtc28ciwvahem0o0n07ay0gfu65gna.guf0nm541h1v5ajdrr655kzp9awzc995jycs-8lqjra2bw8updoahf8rwktqurz.xpawjsb\",\n        \"info\": \"bTbwpnM\",\n        \"x2m#-5^\": {\n          \"name\": \"Se ' R\",\n          \"ay\": 1990,\n          \"assign\": \"KtbL!6'St_\",\n          \"match\": \"YSD*1\",\n          \"url\": \"https://xk5z0zutu81blslvzqe0iq20r.163ci57n0ko88p.9km9-x6lwyk.h-2slzs.zscos/)cZ/%F1%9F%A2%86A%F1%81%85%87H2q/x+:bUO1YK1/NFv//7mXE7T/%F3%B0%94%98kX/T$0(s9ptT\",\n          \"info\": \"0[g\"\n        },\n        \"Q\": {\n          \"name\": \"c\\\"i=:y2\",\n          \"ay\": 1963,\n          \"assign\": [\n            \"^*\\\\-W\",\n            \";i\",\n            \"usfw yTz\",\n            \"U\"\n          ],\n          \"match\": [],\n          \"satisfy\": [\n            {\n              \"and\": [\n                \"\",\n                {\n                  \"or\": [\n                    {\n                      \"mc\": \">=119\"\n                    },\n                    {\n                      \"or\": [\n                        \"8>f.1;/w\",\n                        \"#\",\n                        \"T\",\n                        \":&\"\n                      ]\n                    }\n                  ]\n                },\n                {\n                  \"or\": [\n                    {\n                      \"mc\": \">=6\"\n                    },\n                    {\n                      \"or\": []\n                    },\n                    \"OG+.>( <\",\n                    {\n                      \"mc\": \">=182\"\n                    },\n                    \"x~i\"\n                  ]\n                },\n                {\n                  \"mc\": \">=9\"\n                },\n                {\n                  \"or\": [\n                    {\n                      \"mc\": \"<=132\"\n                    },\n                    \"[5\",\n                    {\n                      \"mc\": \"<=146\"\n                    },\n                    \"v Lq`rW<3^\"\n                  ]\n                }\n              ]\n            }\n          ],\n          \"url\": \"http://2st27wf8qxfd2uo5e7yz8c3y0plh68.wl7k9563stm24uy5vocchvyt.pbr6hcd26536saeq7ebdoqfiloaa7s48hf8s0u5dm6iqwyzzrt9rczvfs.xavyjk/Qle-,_/Uf%F0%9A%8F%B24H\",\n          \"info\": \"+ZC\"\n        },\n        \"R\": {\n          \"name\": \"=S` !o\",\n          \"ay\": 2009,\n          \"assign\": \"ZrG9k&\",\n          \"match\": [],\n          \"satisfy\": {\n            \"and\": [\n              {\n                \"mc\": \"<=91\"\n              },\n              {\n                \"mc\": \">=112\"\n              },\n              {\n                \"or\": []\n              },\n              \"M76&){Z8#1\",\n              \"P\"\n            ]\n          },\n          \"url\": \"https://4z0s9d38tjbkzroxacggsv9gz19y0f0gl6326jbo.zkrs/3I%F4%8C%BA%98wq$*n/E4%F2%8A%9D%A2:/MLPp\",\n          \"info\": \"[\",\n          \"8f508\\\")KC\": {\n            \"name\": \"\",\n            \"assign\": [\n              \"f\",\n              \"q6A>o\",\n              \"^P\",\n              \"\"\n            ],\n            \"match\": {\n              \"and\": [\n                {\n                  \"pattern\": \"KMx4D\",\n                  \"info\": \"y\\\"v&)F[F3W\"\n                },\n                {\n                  \"and\": [\n                    {\n                      \"and\": [\n                        \"TDW45x3Q\",\n                        \"PAZ1041\",\n                        \"VTBx14\",\n                        {\n                          \"and\": [\n                            \"KSV9I\",\n                            \"OQ2\",\n                            \"YJ*65\",\n                            \"INL7575J\"\n                          ]\n                        }\n                      ]\n                    },\n                    {\n                      \"pattern\": \"WK220\",\n                      \"exclude\": [\n                        \"YOY63Z\",\n                        \"CI75\",\n                        \"PTX13T\",\n                        \"DO9N\"\n                      ],\n                      \"info\": \"\"\n                    }\n                  ]\n                },\n                {\n                  \"or\": [\n                    {\n                      \"and\": [\n                        \"YR760B\",\n                        {\n                          \"or\": [\n                            \"IFD315I\",\n                            \"UXV*W\",\n                            \"JNA0\",\n                            \"SA7O\",\n                            \"YX420V\"\n                          ]\n                        },\n                        \"VYE0507D\",\n                        \"OSx5\"\n                      ]\n                    },\n                    \"CIx8B\",\n                    \"IJW958Q\"\n                  ]\n                },\n                {\n                  \"or\": [\n                    {\n                      \"and\": [\n                        \"GA9\",\n                        \"OX2Y\",\n                        {\n                          \"or\": [\n                            \"FMN290\",\n                            \"PCS*\",\n                            \"TP4x2R\",\n                            \"LAC4294\",\n                            \"HG6138\"\n                          ]\n                        },\n                        {\n                          \"or\": [\n                            \"ST864\"\n                          ]\n                        },\n                        \"WG49C\"\n                      ]\n                    },\n                    \"DKT5096O\",\n                    {\n                      \"pattern\": \"PZA9686H\",\n                      \"exclude\": [\n                        \"SOM8*7K\",\n                        \"HF0J\",\n                        \"YT3482\"\n                      ],\n                      \"info\": \"FwS8V\"\n                    }\n                  ]\n                }\n              ]\n            },\n            \"satisfy\": {\n              \"or\": []\n            },\n            \"url\": \"http://h4jxcr13la9muk0dy7l3u-qmhjimxraz3lvq9.7enxxu-x.bak4a6pnlpbo7yt-y0a8h8joiz3kwa7wf7-o3s37ckfn7984r.qisegjcat/ut;+K0-%E9%8F%B2/T/-5OOW%F0%AD%9E%BFb/mh&Ur%F4%86%A9%9C/DF5\",\n            \"info\": \"|\",\n            \"e5_+}$\": {\n              \"name\": \"#\\\\Z/U:0L,\",\n              \"ay\": 1974,\n              \"assign\": [\n                \"\",\n                \"X{El@P:o\"\n              ],\n              \"match\": [\n                {\n                  \"and\": [\n                    {\n                      \"or\": [\n                        \"CJG5x92D\",\n                        {\n                          \"and\": [\n                            {\n                              \"pattern\": \"AXF9*2K\",\n                              \"info\": \" Fii\"\n                            },\n                            \"AI7**\",\n                            {\n                              \"and\": [\n                                \"UOY66*T\",\n                                \"SN*2xK\"\n                              ]\n                            },\n                            \"RB97C\"\n                          ]\n                        }\n                      ]\n                    },\n                    {\n                      \"or\": [\n                        \"KAY1\"\n                      ]\n                    }\n                  ]\n                },\n                {\n                  \"pattern\": \"QZ06\",\n                  \"exclude\": \"IAD0\",\n                  \"info\": \"1`<UXU6PrG\"\n                },\n                {\n                  \"and\": [\n                    {\n                      \"or\": [\n                        \"UN13Z\",\n                        \"DOU72G\",\n                        \"LW775\",\n                        {\n                          \"or\": [\n                            {\n                              \"pattern\": \"OHA*0\",\n                              \"exclude\": \"LZ74F\",\n                              \"info\": \"rL\"\n                            },\n                            {\n                              \"pattern\": \"VVU0\",\n                              \"exclude\": \"AAB3*U\",\n                              \"info\": \"a\"\n                            },\n                            {\n                              \"and\": [\n                                \"RA6H\",\n                                \"ORZ31\",\n                                \"QZ792\",\n                                {\n                                  \"or\": []\n                                },\n                                \"RPQ86\"\n                              ]\n                            },\n                            {\n                              \"pattern\": \"VFIx0\",\n                              \"info\": \"v4*@[x@L~:\"\n                            },\n                            \"HFF6938\"\n                          ]\n                        }\n                      ]\n                    },\n                    {\n                      \"pattern\": \"PBF8Z\",\n                      \"exclude\": [\n                        \"NO2O\",\n                        \"IW0Y\",\n                        \"ZYO11V\",\n                        \"SHG06*3N\"\n                      ],\n                      \"info\": \"Y\"\n                    },\n                    {\n                      \"or\": [\n                        {\n                          \"and\": [\n                            \"QT2533\",\n                            {\n                              \"pattern\": \"FB643G\",\n                              \"info\": \"*\"\n                            }\n                          ]\n                        },\n                        \"ILD86xC\"\n                      ]\n                    },\n                    {\n                      \"and\": [\n                        \"DG31A\",\n                        {\n                          \"and\": []\n                        }\n                      ]\n                    }\n                  ]\n                }\n              ],\n              \"satisfy\": [],\n              \"info\": \"\"\n            },\n            \"0DyUw7\\\"\": {\n              \"name\": \"c4b\",\n              \"ay\": 2021,\n              \"assign\": \"ZM/WDe\",\n              \"match\": {\n                \"pattern\": \"ATWx2\",\n                \"exclude\": [\n                  \"RCA587x\"\n                ],\n                \"info\": \"Yuv8Nx\"\n              },\n              \"satisfy\": \"SU4b0\\\"JY\\\\M\",\n              \"url\": \"https://jqwt.4jco51dewwhu8s3k1pydtfkk2p5fpjkfxfnjxlo4l.f.wrwc65odi2t6xpnbb3imznzd32xrdsflho2puk4f6fskgxy3d.hfegwonc/\",\n              \"info\": \"z7'MA13y\"\n            },\n            \"31:U~B4C\": {\n              \"name\": \"Nuwoo%u\",\n              \"ay\": 1973,\n              \"assign\": \"1\",\n              \"match\": {\n                \"or\": [\n                  {\n                    \"and\": [\n                      {\n                        \"pattern\": \"YGQ97D\",\n                        \"exclude\": \"FA3\",\n                        \"info\": \"oJ0\"\n                      }\n                    ]\n                  }\n                ]\n              },\n              \"satisfy\": {\n                \"mc\": \">=182\"\n              },\n              \"url\": \"https://kkn-gbuk0lsqyglikxs6jfhwgbo-2equvwvrg513-c4leo.bhe83by5u1y4h22ptxetbiiq4znuq921aaf38rvqmzjgvs77vyne6lw.et-p4hyuw1sm6y63d-o0fi-4yjbg7bp7ud2l2per64uef4h.6c2hrbh26vyouaafinirtftrgw.cyjw/W%F2%93%B8%A1HD~LWl/w//mzB\",\n              \"info\": \"K>A{K\"\n            }\n          }\n        }\n      },\n      \">UM\": {\n        \"name\": \"H\",\n        \"ay\": 2030,\n        \"match\": [\n          {\n            \"and\": [\n              \"HLM549O\",\n              \"CM8Q\",\n              {\n                \"pattern\": \"XF274\",\n                \"exclude\": \"DJ074K\",\n                \"info\": \"a_BEQ`:\"\n              }\n            ]\n          },\n          {\n            \"and\": [\n              {\n                \"or\": [\n                  \"YJY*D\",\n                  {\n                    \"and\": []\n                  },\n                  {\n                    \"and\": [\n                      {\n                        \"and\": [\n                          \"TGK60*\"\n                        ]\n                      },\n                      \"LP96\"\n                    ]\n                  }\n                ]\n              },\n              {\n                \"pattern\": \"SKx18*Y\",\n                \"exclude\": [\n                  \"RYOx0R\",\n                  \"DFF71x\",\n                  \"NAB77\",\n                  \"WO414\"\n                ],\n                \"info\": \"|3iz\"\n              },\n              {\n                \"pattern\": \"XX11\",\n                \"info\": \" *O~:$k\"\n              },\n              {\n                \"or\": [\n                  \"NE8\",\n                  {\n                    \"or\": [\n                      {\n                        \"pattern\": \"GHJ414\",\n                        \"exclude\": [],\n                        \"info\": \"N9_~Rn'S\"\n                      },\n                      {\n                        \"and\": []\n                      },\n                      \"YQO792xQ\",\n                      {\n                        \"pattern\": \"DGRxF\",\n                        \"exclude\": \"UDF9*T\",\n                        \"info\": \"R.^g\"\n                      }\n                    ]\n                  },\n                  {\n                    \"and\": [\n                      \"JLY166\",\n                      \"BGL*4xL\"\n                    ]\n                  }\n                ]\n              }\n            ]\n          },\n          {\n            \"or\": [\n              {\n                \"or\": [\n                  \"MCS0478\"\n                ]\n              },\n              {\n                \"pattern\": \"ZR**J\",\n                \"exclude\": [\n                  \"JNK1**3U\"\n                ]\n              }\n            ]\n          },\n          {\n            \"or\": [\n              {\n                \"pattern\": \"MR0\",\n                \"exclude\": \"HO0\",\n                \"info\": \"4sh\"\n              },\n              {\n                \"and\": [\n                  {\n                    \"pattern\": \"YC8758\",\n                    \"exclude\": [\n                      \"PJR9*Y\",\n                      \"KJM42Z\",\n                      \"MV2Q\",\n                      \"DHY52\"\n                    ],\n                    \"info\": \"m\"\n                  },\n                  \"MHWx53\",\n                  {\n                    \"and\": [\n                      \"JW8\",\n                      {\n                        \"pattern\": \"LKI*47*R\",\n                        \"exclude\": \"VLB44\",\n                        \"info\": \"6\\\"^&rVx&;\"\n                      },\n                      \"OF67\"\n                    ]\n                  },\n                  \"DAHx9B\",\n                  {\n                    \"or\": [\n                      {\n                        \"and\": [\n                          \"SQD7*R\",\n                          \"RCx*67\",\n                          {\n                            \"or\": [\n                              \"SN283\"\n                            ]\n                          }\n                        ]\n                      },\n                      {\n                        \"and\": [\n                          {\n                            \"pattern\": \"NF78\",\n                            \"exclude\": \"DUM2044G\",\n                            \"info\": \" //9=O8\"\n                          },\n                          \"IF61W\",\n                          {\n                            \"pattern\": \"XXQ805\",\n                            \"exclude\": [\n                              \"IKO3*W\",\n                              \"ZE7R\",\n                              \"FT76\",\n                              \"ZTYx232\"\n                            ],\n                            \"info\": \"ojgRY?S\"\n                          }\n                        ]\n                      },\n                      \"LF631xA\",\n                      {\n                        \"pattern\": \"CJS5486\",\n                        \"exclude\": [\n                          \"WN39\",\n                          \"DRX0B\",\n                          \"RFQ7\"\n                        ],\n                        \"info\": \"WAK$$?\"\n                      }\n                    ]\n                  }\n                ]\n              },\n              {\n                \"and\": [\n                  {\n                    \"or\": [\n                      \"VO13xK\",\n                      {\n                        \"and\": [\n                          \"TF3x7\"\n                        ]\n                      }\n                    ]\n                  },\n                  \"WY9*6I\",\n                  {\n                    \"pattern\": \"YEZ4C\",\n                    \"exclude\": \"SZN8J\",\n                    \"info\": \"\"\n                  },\n                  \"ECY4031L\",\n                  {\n                    \"pattern\": \"TBE6884\",\n                    \"exclude\": \"LL70*3S\",\n                    \"info\": \"o\"\n                  }\n                ]\n              }\n            ]\n          },\n          {\n            \"and\": [\n              {\n                \"or\": [\n                  \"REN1226N\"\n                ]\n              },\n              {\n                \"and\": []\n              },\n              \"IKJ88I\"\n            ]\n          }\n        ],\n        \"satisfy\": {\n          \"or\": []\n        },\n        \"url\": \"http://f05hbyw404pqi3msjvx5m-yypkshd314-i4ra1vszzici5q0.qbnxogq/omMP//M80*Yd/P1c/%F2%BF%BB%857/)4r%F2%91%8A%BEqEHs/c+fbU%F4%8F%BF%BDKp,c/0i%F3%92%96%84c\",\n        \"info\": \"~]%*)[!ih\",\n        \"6gyMtIC_6l\": {\n          \"name\": \"3gKX\",\n          \"ay\": 1996,\n          \"assign\": \"!ugh.tnb%*\",\n          \"match\": \"QV80N\",\n          \"satisfy\": [\n            {\n              \"mc\": \">=140\"\n            },\n            {\n              \"and\": [\n                {\n                  \"mc\": \">=90\"\n                },\n                {\n                  \"or\": [\n                    {\n                      \"mc\": \"<=188\"\n                    }\n                  ]\n                },\n                {\n                  \"or\": [\n                    {\n                      \"or\": [\n                        \"E`\",\n                        \"Gg\",\n                        \"a2W\\\"\"\n                      ]\n                    },\n                    {\n                      \"mc\": \">=110\"\n                    }\n                  ]\n                },\n                {\n                  \"or\": [\n                    {\n                      \"and\": [\n                        \"<7'ePh\",\n                        \"/c\",\n                        {\n                          \"or\": [\n                            \"E9qm?\",\n                            \"\",\n                            \"/q[9vu\\\"Cq}\",\n                            \"Q(97cE(A\"\n                          ]\n                        },\n                        \"R$/_}y!K/\",\n                        {\n                          \"or\": [\n                            \",aN=3G7\",\n                            \"eNfem[.$\"\n                          ]\n                        }\n                      ]\n                    },\n                    {\n                      \"or\": [\n                        \"1\"\n                      ]\n                    },\n                    {\n                      \"or\": []\n                    }\n                  ]\n                },\n                {\n                  \"or\": []\n                }\n              ]\n            },\n            {\n              \"or\": [\n                \"DEY\\\\\"\n              ]\n            },\n            {\n              \"or\": []\n            },\n            {\n              \"mc\": \"<=35\"\n            }\n          ],\n          \"url\": \"http://bv84s6vxjr8ykkp3jd8jzzflw83j3ew4p6itvrsx88k1n2zmxzxy3r.c0dqbol1elvyr9t69q21ukvsymnouubxhb.c6pxqc.e.zhusv/Lc%F1%91%BD%AAi)/W%F2%8C%BF%B4/5vF&\",\n          \"info\": \"\"\n        },\n        \"6F]!log}\": {\n          \"ay\": 1955,\n          \"assign\": \",6\",\n          \"match\": {\n            \"and\": [\n              {\n                \"pattern\": \"OAE7T\",\n                \"exclude\": \"ZMK9L\",\n                \"info\": \"&o_oGD\"\n              },\n              {\n                \"pattern\": \"AN7*0*\",\n                \"exclude\": [\n                  \"TXX7T\",\n                  \"YB1\",\n                  \"YJQ1U\",\n                  \"RRA865*Z\"\n                ],\n                \"info\": \"=\"\n              }\n            ]\n          },\n          \"url\": \"https://p.llk--fld52m2bzhr836bhzy4gi3mo8d-s8iej9ecan.79zvdkydwdb.mzg2fvdfx1q8d5vrnitj3lzhxpliux.vwy26pszwf5gmiuwn6lw51riv9vs5-gai55q.ytxnj/MD(XH/4VBKaX)DZ/uY%F2%B5%90%BFR/q//gn)lkcH/gf4KC8%F1%BF%93%B25J&\",\n          \"info\": \"R8V'(\"\n        },\n        \"/QToL8a4\": {\n          \"name\": \"AJP)i]A'~\",\n          \"ay\": 2008,\n          \"match\": {\n            \"and\": []\n          },\n          \"satisfy\": {\n            \"mc\": \">=161\"\n          },\n          \"url\": \"http://u4agu2sd0ulaw92saeyu1xeiuwq.uugxkuy/RZE%F3%B6%9C%B0%F3%BF%BE%A5v/nOq/q%F3%90%86%AFJMH//qKPp3G+X//Ghs/=/$/c\",\n          \"info\": \"y\"\n        }\n      }\n    }\n  },\n  {\n    \"title\": \"block sample 9\",\n    \"value\": {\n      \"name\": \"N~{1\\\"~vA?!\",\n      \"ay\": 2027,\n      \"match\": [],\n      \"satisfy\": {\n        \"and\": []\n      },\n      \"url\": \"http://9hs6q5hymt922exxssw2795cwg9td.b2xe9v6v83xpibzzxqb9r1xg-k0ose49lvugm6t3mtd.t.vsbkns/Bi!rdhj%F3%9F%91%AAe/@:@V)UTr7/.y*-D'((//H6USs/QgDxw%F3%97%BE%B4Wl%F0%BC%9E%93u\",\n      \"info\": \"\\\";E_yR}/}0\",\n      \"e!NGP;46\": {\n        \"name\": \"]\",\n        \"ay\": 1951,\n        \"assign\": [],\n        \"match\": \"GPY30\",\n        \"satisfy\": [\n          {\n            \"and\": [\n              {\n                \"or\": [\n                  \"UIa]p<#\"\n                ]\n              },\n              {\n                \"mc\": \"<=5\"\n              }\n            ]\n          },\n          {\n            \"mc\": \">=78\"\n          },\n          {\n            \"or\": [\n              {\n                \"mc\": \"<=32\"\n              }\n            ]\n          },\n          {\n            \"and\": [\n              {\n                \"mc\": \">=184\"\n              },\n              {\n                \"and\": [\n                  \"\",\n                  \"iDQ\",\n                  {\n                    \"or\": [\n                      \"+e{wq\"\n                    ]\n                  },\n                  {\n                    \"and\": [\n                      \"\\\\\",\n                      \"1j%q8-Ty\",\n                      \"Yv\",\n                      \"VzC\",\n                      \"p\"\n                    ]\n                  }\n                ]\n              }\n            ]\n          }\n        ],\n        \"url\": \"https://mu13c.0geytv3pvuc31tbzt2i62b8d7i9f5m.fzqi55w6yhfn5t8bj6raeqp2uch76dkof8jk2.db0mzsq-9mys9vl84zd-ktpvsa17mk2m8b3jn.qh/J%F2%80%B8%B4%F0%B7%BB%8E@*%F2%B5%A6%875/iPE3bQZ%F1%BF%96%B9/%F0%B7%B0%8F~R%F1%83%9B%90s:495Y\",\n        \"info\": \"2(R\"\n      },\n      \"/#yY\": {\n        \"name\": \"CH^f\",\n        \"ay\": 2010,\n        \"assign\": [\n          \"\",\n          \"Yq/7XX\",\n          \"}kUe[;)\",\n          \"w}wmz>W\\\\j)\",\n          \"\"\n        ],\n        \"satisfy\": {\n          \"or\": [\n            {\n              \"and\": [\n                {\n                  \"mc\": \"<=181\"\n                },\n                {\n                  \"or\": [\n                    \",oN\",\n                    {\n                      \"and\": [\n                        \"LM8^z5Aa\",\n                        \"j2\",\n                        {\n                          \"mc\": \">=119\"\n                        }\n                      ]\n                    }\n                  ]\n                },\n                \"\",\n                \"UD5`5k]%\",\n                {\n                  \"or\": [\n                    \"38C\",\n                    \"I0\",\n                    \"D\"\n                  ]\n                }\n              ]\n            }\n          ]\n        },\n        \"url\": \"http://n0zy8gfk7atoe3bkdhhx39mqoenr6i-y4su77gz6z0gt1ga.y.axnl3omoc9d1x-wwedfns-jpgyfab9fajjhglw8d2ohnaiajt0dr7q.vvk8f.jdnb4gqql-uugdm59vjt241fv79w9icj-d5o-dzhi4wxi9o6z0l.xetm/(E/r=pUB_Qca//TK/tmet%F1%97%A2%BF%E0%AE%B8Bi\",\n        \"info\": \"7'\",\n        \"R\": {\n          \"ay\": 1965,\n          \"assign\": \"UDRaz[:.\",\n          \"match\": [],\n          \"url\": \"http://x2qyrpypow7ij7ylmfc3kwqwk.4yvjzvd6mpw.2tr8u2ejo2s-dil7--f5iu.135jku6v637i6wamnoeofd-abnvepo9ot2x69.bfrmwud/Pz//wi%F3%BA%BC%975fizQ%F1%B3%AA%B2O/o@8)PL3(/XPN-%F1%93%AA%96Wiu/@D/%F0%B8%86%95l60PYbv//5/EjI@GuT\",\n          \"info\": \"TKHS9 `udK\"\n        },\n        \"Ja\": {\n          \"ay\": 2027,\n          \"assign\": \"~!&%9|w3\",\n          \"match\": {\n            \"and\": [\n              {\n                \"and\": [\n                  \"YJ0X\",\n                  {\n                    \"or\": [\n                      \"EDV21T\",\n                      \"OKN*26x\",\n                      {\n                        \"or\": [\n                          \"EWR5852V\",\n                          \"YVQ39*F\",\n                          {\n                            \"or\": [\n                              {\n                                \"or\": [\n                                  \"WKU82\",\n                                  \"SOT050R\",\n                                  \"VY46\",\n                                  \"LVY532\",\n                                  \"NV7x7\"\n                                ]\n                              },\n                              \"DCQ088\",\n                              \"WT162x\",\n                              \"AI0R\",\n                              \"NH5*8L\"\n                            ]\n                          }\n                        ]\n                      },\n                      \"YR14\",\n                      {\n                        \"or\": [\n                          \"RK58F\",\n                          \"HXO5343\"\n                        ]\n                      }\n                    ]\n                  }\n                ]\n              },\n              {\n                \"or\": [\n                  \"TYO1\"\n                ]\n              },\n              {\n                \"and\": [\n                  {\n                    \"and\": []\n                  },\n                  \"ER4D\",\n                  \"BCU8826V\",\n                  \"IUx50X\",\n                  \"OK9890\"\n                ]\n              }\n            ]\n          },\n          \"satisfy\": \"asf1d\",\n          \"info\": \"3&Sm}Uq`\"\n        },\n        \"\": {\n          \"name\": \"x\",\n          \"ay\": 1974,\n          \"assign\": \"6|\",\n          \"match\": {\n            \"pattern\": \"OB73\",\n            \"exclude\": [\n              \"ABQ568O\",\n              \"ATW24X\",\n              \"FRx32N\",\n              \"ERU008*I\"\n            ],\n            \"info\": \"4ag9Q3@QL\"\n          },\n          \"url\": \"https://fdj9h65b8rf6jlag57snj4cjy.kzj6bn43k9juqbh5secbg-z8i7j74g6zk9dl4pf4bc2qw5ckt6.669n4ugotuv-hwwcdiguf6skonu896uh4q4pto07dbk6-ma3rplxpa7137p5c8f.19ltczo0hzk0237iknuliay797h8e-lt5hbngzl8pxgq-45w6khear.eejiwaaz/-;F/MFy;rtzQ/K28JirG5/.:acNA6z/ok3&\",\n       
[...]
              "fullTitle": "matchRuleSchema should not validate pattern match rule with non-string info",
              "timedOut": false,
              "duration": 1,
              "state": "passed",
              "speed": "fast",
              "pass": true,
              "fail": false,
              "pending": false,
              "context": null,
              "code": "const message = \"property 'info' should be a string\";\nisInvalidRule({ pattern: \"CS2101\", info: 42 }, { instancePath: \"/info\", message });",
              "err": {},
              "uuid": "0aba1f28-3783-4443-ab5f-bdc4154b18d0",
              "parentUUID": "a4979412-dff3-44ed-a6e3-e4b53b31ea51",
              "isHook": false,
              "skipped": false
            },
            {
              "title": "should not validate and match rules with non-array property",
              "fullTitle": "matchRuleSchema should not validate and match rules with non-array property",
              "timedOut": false,
              "duration": 0,
              "state": "passed",
              "speed": "fast",
              "pass": true,
              "fail": false,
              "pending": false,
              "context": null,
              "code": "const message = \"property 'and' should be an array of match rules\";\nisInvalidRule({ or: [{ and: {} }, { or: [{ and: 3 }] }] }, { instancePath: \"/or/0/and\", message }, { instancePath: \"/or/1/or/0/and\", message });",
              "err": {},
              "uuid": "92c53f97-6f05-4b3c-850a-3485d08431a5",
              "parentUUID": "a4979412-dff3-44ed-a6e3-e4b53b31ea51",
              "isHook": false,
              "skipped": false
            },
            {
              "title": "should not validate or match rules with non-array property",
              "fullTitle": "matchRuleSchema should not validate or match rules with non-array property",
              "timedOut": false,
              "duration": 1,
              "state": "passed",
              "speed": "fast",
              "pass": true,
              "fail": false,
              "pending": false,
              "context": null,
              "code": "const message = \"property 'or' should be an array of match rules\";\nisInvalidRule({ or: [{ or: {} }, { and: [{ or: 3 }] }] }, { instancePath: \"/or/0/or\", message }, { instancePath: \"/or/1/and/0/or\", message });",
              "err": {},
              "uuid": "5f140549-1eb0-4295-a6ca-e0b15e3421e7",
              "parentUUID": "a4979412-dff3-44ed-a6e3-e4b53b31ea51",
              "isHook": false,
              "skipped": false
            }
          ],
          "suites": [],
          "passes": [
            "7ca53dd2-705d-430e-ac47-08f0053bbf68",
            "252238ff-3c86-4cc5-accf-c3bbbd52bb19",
            "da936383-1a86-48c3-918c-9e658c81366d",
            "74141b0e-12b8-40c4-816e-026a5a4a49ee",
            "c26708e5-231d-4732-82cc-c69127c2246e",
            "d87eb279-c1ac-465e-9df4-2e1ff9bca47e",
            "a7bf01fb-a299-4de9-b0d0-ad67de0ceff0",
            "786f9b62-a519-49b6-b9dc-50f5334a046e",
            "0aba1f28-3783-4443-ab5f-bdc4154b18d0",
            "92c53f97-6f05-4b3c-850a-3485d08431a5",
            "5f140549-1eb0-4295-a6ca-e0b15e3421e7"
          ],
          "failures": [],
          "pending": [],
          "skipped": [],
          "duration": 14,
          "root": false,
          "rootEmpty": false,
          "_timeout": 2000
        },
        {
          "uuid": "7660a10f-b544-4659-8098-8d4a893088bc",
          "title": "inequalitySchema",
          "fullFile": "/home/runner/work/planwithus-lib/planwithus-lib/src/satisfyRule/inequality/schemas.test.ts",
          "file": "/src/satisfyRule/inequality/schemas.test.ts",
          "beforeHooks": [],
          "afterHooks": [],
          "tests": [
            {
              "title": "should validate inequality in the form <=n or >=n",
              "fullTitle": "inequalitySchema should validate inequality in the form <=n or >=n",
              "timedOut": false,
              "duration": 1,
              "state": "passed",
              "speed": "fast",
              "pass": true,
              "fail": false,
              "pending": false,
              "context": "[\n  {\n    \"title\": \"inequality sample 0\",\n    \"value\": \">=5\"\n  },\n  {\n    \"title\": \"inequality sample 1\",\n    \"value\": \">=5\"\n  },\n  {\n    \"title\": \"inequality sample 2\",\n    \"value\": \"<=4\"\n  },\n  {\n    \"title\": \"inequality sample 3\",\n    \"value\": \">=90\"\n  },\n  {\n    \"title\": \"inequality sample 4\",\n    \"value\": \">=51\"\n  },\n  {\n    \"title\": \"inequality sample 5\",\n    \"value\": \"<=1\"\n  },\n  {\n    \"title\": \"inequality sample 6\",\n    \"value\": \">=6\"\n  },\n  {\n    \"title\": \"inequality sample 7\",\n    \"value\": \"<=12\"\n  },\n  {\n    \"title\": \"inequality sample 8\",\n    \"value\": \"<=199\"\n  },\n  {\n    \"title\": \"inequality sample 9\",\n    \"value\": \">=152\"\n  }\n]",
              "code": "fast_check_1.sample(index_test_2.inequality, 10).forEach((sample, i) => addContext_1.default(this, {\n    title: `inequality sample ${i}`,\n    value: sample,\n}));\nreturn fast_check_1.assert(fast_check_1.property(index_test_2.inequality, ajvValidate));",
              "err": {},
              "uuid": "364ad4ea-d484-45e7-ae4c-4c7d2dca47fe",
              "parentUUID": "7660a10f-b544-4659-8098-8d4a893088bc",
              "isHook": false,
              "skipped": false
            },
            {
              "title": "should not validate inequality of invalid form",
              "fullTitle": "inequalitySchema should not validate inequality of invalid form",
              "timedOut": false,
              "duration": 2,
              "state": "passed",
              "speed": "fast",
              "pass": true,
              "fail": false,
              "pending": false,
              "context": null,
              "code": "[\n        \"\",\n        \"==23\",\n        \"23\",\n        \"<23\",\n        \">23\",\n        \"<=-1\",\n        \">=-1\",\n        \"<= 2\",\n        \">= 1\",\n        \"> 3\",\n        \"< 3\",\n        \"<=3a\",\n        \">=3a\",\n        \"a<=3\",\n        \"a>=3\",\n    ].forEach(isInvalidInequality)",
              "err": {},
              "uuid": "107a378b-9af1-4476-ac17-59303514b47c",
              "parentUUID": "7660a10f-b544-4659-8098-8d4a893088bc",
              "isHook": false,
              "skipped": false
            }
          ],
          "suites": [],
          "passes": [
            "364ad4ea-d484-45e7-ae4c-4c7d2dca47fe",
            "107a378b-9af1-4476-ac17-59303514b47c"
          ],
          "failures": [],
          "pending": [],
          "skipped": [],
          "duration": 3,
          "root": false,
          "rootEmpty": false,
          "_timeout": 2000
        },
        {
          "uuid": "5780ef83-2efe-49b4-8e56-3f6ae13faf08",
          "title": "satisfyRuleSchema",
          "fullFile": "/home/runner/work/planwithus-lib/planwithus-lib/src/satisfyRule/schemas.test.ts",
          "file": "/src/satisfyRule/schemas.test.ts",
          "beforeHooks": [],
          "afterHooks": [],
          "tests": [
            {
              "title": "should validate satisfy rule with valid block id",
              "fullTitle": "satisfyRuleSchema should validate satisfy rule with valid block id",
              "timedOut": false,
              "duration": 1,
              "state": "passed",
              "speed": "fast",
              "pass": true,
              "fail": false,
              "pending": false,
              "context": null,
              "code": "fast_check_1.assert(fast_check_1.property(fast_check_1.string(), ajvValidate)",
              "err": {},
              "uuid": "4d0b6e5c-7d03-4ce8-90ee-f7d31fe32431",
              "parentUUID": "5780ef83-2efe-49b4-8e56-3f6ae13faf08",
              "isHook": false,
              "skipped": false
            },
            {
              "title": "should validate satisfy rules with valid mc",
              "fullTitle": "satisfyRuleSchema should validate satisfy rules with valid mc",
              "timedOut": false,
              "duration": 3,
              "state": "passed",
              "speed": "fast",
              "pass": true,
              "fail": false,
              "pending": false,
              "context": "[\n  {\n    \"title\": \"mcSatisfyRule sample 0\",\n    \"value\": {\n      \"mc\": \">=8\"\n    }\n  },\n  {\n    \"title\": \"mcSatisfyRule sample 1\",\n    \"value\": {\n      \"mc\": \">=66\"\n    }\n  },\n  {\n    \"title\": \"mcSatisfyRule sample 2\",\n    \"value\": {\n      \"mc\": \"<=199\"\n    }\n  },\n  {\n    \"title\": \"mcSatisfyRule sample 3\",\n    \"value\": {\n      \"mc\": \"<=131\"\n    }\n  },\n  {\n    \"title\": \"mcSatisfyRule sample 4\",\n    \"value\": {\n      \"mc\": \">=22\"\n    }\n  },\n  {\n    \"title\": \"mcSatisfyRule sample 5\",\n    \"value\": {\n      \"mc\": \"<=196\"\n    }\n  },\n  {\n    \"title\": \"mcSatisfyRule sample 6\",\n    \"value\": {\n      \"mc\": \"<=195\"\n    }\n  },\n  {\n    \"title\": \"mcSatisfyRule sample 7\",\n    \"value\": {\n      \"mc\": \"<=116\"\n    }\n  },\n  {\n    \"title\": \"mcSatisfyRule sample 8\",\n    \"value\": {\n      \"mc\": \">=129\"\n    }\n  },\n  {\n    \"title\": \"mcSatisfyRule sample 9\",\n    \"value\": {\n      \"mc\": \"<=67\"\n    }\n  }\n]",
              "code": "fast_check_1.sample(index_test_2.mcSatisfyRule, 10).forEach((sample, i) => addContext_1.default(this, {\n    title: `mcSatisfyRule sample ${i}`,\n    value: sample,\n}));\nreturn fast_check_1.assert(fast_check_1.property(index_test_2.mcSatisfyRule, ajvValidate));",
              "err": {},
              "uuid": "0b326a53-7a91-4720-8b72-5e600e0753ec",
              "parentUUID": "5780ef83-2efe-49b4-8e56-3f6ae13faf08",
              "isHook": false,
              "skipped": false
            },
            {
              "title": "should validate valid recursive satisfy rules",
              "fullTitle": "satisfyRuleSchema should validate valid recursive satisfy rules",
              "timedOut": false,
              "duration": 3,
              "state": "passed",
              "speed": "fast",
              "pass": true,
              "fail": false,
              "pending": false,
              "context": "[\n  {\n    \"title\": \"satisfyRule sample 0\",\n    \"value\": {\n      \"mc\": \"<=3\"\n    }\n  },\n  {\n    \"title\": \"satisfyRule sample 1\",\n    \"value\": {\n      \"and\": []\n    }\n  },\n  {\n    \"title\": \"satisfyRule sample 2\",\n    \"value\": {\n      \"mc\": \"<=56\"\n    }\n  },\n  {\n    \"title\": \"satisfyRule sample 3\",\n    \"value\": {\n      \"mc\": \">=137\"\n    }\n  },\n  {\n    \"title\": \"satisfyRule sample 4\",\n    \"value\": {\n      \"mc\": \">=157\"\n    }\n  },\n  {\n    \"title\": \"satisfyRule sample 5\",\n    \"value\": {\n      \"and\": [\n        {\n          \"and\": [\n            \"-6K'{\",\n            {\n              \"or\": [\n                \"~y}\",\n                {\n                  \"or\": [\n                    \"RUapGx%\",\n                    \"_)K`\",\n                    \",|*lj}oq\",\n                    \"M-\"\n                  ]\n                },\n                \"<I,aKw;+.!\",\n                {\n                  \"and\": [\n                    \"[V3 [nw\",\n                    \"j;!$?\",\n                    {\n                      \"or\": [\n                        {\n                          \"mc\": \">=79\"\n                        },\n                        \"-_@%A2 w\"\n                      ]\n                    },\n                    \"B?>&\"\n                  ]\n                },\n                {\n                  \"mc\": \">=105\"\n                }\n              ]\n            },\n            {\n              \"and\": []\n            }\n          ]\n        },\n        {\n          \"and\": [\n            {\n              \"and\": [\n                {\n                  \"and\": [\n                    \"NDG\"\n                  ]\n                },\n                {\n                  \"or\": [\n                    {\n                      \"mc\": \"<=159\"\n                    },\n                    {\n                      \"mc\": \">=87\"\n                    },\n                    \"h\\\\(p\"\n                  ]\n                },\n                \"\"\n              ]\n            },\n            {\n              \"mc\": \"<=13\"\n            },\n            \"x+.ezrIsx\"\n          ]\n        },\n        \"m=ev6J}4K\",\n        \"J+X~r7S+?\"\n      ]\n    }\n  },\n  {\n    \"title\": \"satisfyRule sample 6\",\n    \"value\": {\n      \"mc\": \"<=2\"\n    }\n  },\n  {\n    \"title\": \"satisfyRule sample 7\",\n    \"value\": {\n      \"mc\": \">=178\"\n    }\n  },\n  {\n    \"title\": \"satisfyRule sample 8\",\n    \"value\": {\n      \"and\": []\n    }\n  },\n  {\n    \"title\": \"satisfyRule sample 9\",\n    \"value\": {\n      \"mc\": \">=165\"\n    }\n  }\n]",
              "code": "fast_check_1.sample(index_test_2.satisfyRule, 10).forEach((sample, i) => addContext_1.default(this, {\n    title: `satisfyRule sample ${i}`,\n    value: sample,\n}));\nreturn fast_check_1.assert(fast_check_1.property(index_test_2.satisfyRule, ajvValidate));",
              "err": {},
              "uuid": "df496c10-a874-4d72-99dd-9aa566456f8f",
              "parentUUID": "5780ef83-2efe-49b4-8e56-3f6ae13faf08",
              "isHook": false,
              "skipped": false
            },
            {
              "title": "should not validate non-string/object",
              "fullTitle": "satisfyRuleSchema should not validate non-string/object",
              "timedOut": false,
              "duration": 0,
              "state": "passed",
              "speed": "fast",
              "pass": true,
              "fail": false,
              "pending": false,
              "context": null,
              "code": "const error = {\n    instancePath: \"\",\n    message: \"satisfy rule should be either a string or an object\",\n};\nisInvalidRule(null, error);\nisInvalidRule(undefined, error);\nisInvalidRule(10, error);\nisInvalidRule([12, 24], error);",
              "err": {},
              "uuid": "a340a0c5-99e3-4be1-a8cb-71827ebd7b70",
              "parentUUID": "5780ef83-2efe-49b4-8e56-3f6ae13faf08",
              "isHook": false,
              "skipped": false
            },
            {
              "title": "should not validate satisfy rules with extra properties",
              "fullTitle": "satisfyRuleSchema should not validate satisfy rules with extra properties",
              "timedOut": false,
              "duration": 0,
              "state": "passed",
              "speed": "fast",
              "pass": true,
              "fail": false,
              "pending": false,
              "context": null,
              "code": "isInvalidRule({\n        and: [\n            { or: [\"2k\"], abc: \"def\" },\n            { mc: 8, ghi: \"jkl\" },\n        ],\n        mno: \"pqr\",\n    }, {\n        instancePath: \"/and/0\",\n        message: \"or satisfy rule should have property 'or' only\",\n    }, {\n        instancePath: \"/and/1\",\n        message: \"MC satisfy rule should have property 'mc' only\",\n    }, {\n        instancePath: \"\",\n        message: \"and satisfy rule should have property 'and' only\",\n    })",
              "err": {},
              "uuid": "cde32cc0-0ebf-4d98-b117-4a7fe927c1c7",
              "parentUUID": "5780ef83-2efe-49b4-8e56-3f6ae13faf08",
              "isHook": false,
              "skipped": false
            },
            {
              "title": "should not validate ambiguous satisfy rules",
              "fullTitle": "satisfyRuleSchema should not validate ambiguous satisfy rules",
              "timedOut": false,
              "duration": 1,
              "state": "passed",
              "speed": "fast",
              "pass": true,
              "fail": false,
              "pending": false,
              "context": null,
              "code": "const message = \"satisfy rule should have only one of properties 'mc', 'and', 'or'\";\nisInvalidRule({\n    or: [\n        { mc: 5, and: [\"CS2040\"] },\n        { and: [{ and: [\"abc\"], or: [\"def\"] }] },\n    ],\n}, { instancePath: \"/or/0\", message }, { instancePath: \"/or/1/and/0\", message });",
              "err": {},
              "uuid": "31aa0a2b-cb48-4438-b43b-a509815ac266",
              "parentUUID": "5780ef83-2efe-49b4-8e56-3f6ae13faf08",
              "isHook": false,
              "skipped": false
            },
            {
              "title": "should not validate and satisfy rules with non-array property",
              "fullTitle": "satisfyRuleSchema should not validate and satisfy rules with non-array property",
              "timedOut": false,
              "duration": 0,
              "state": "passed",
              "speed": "fast",
              "pass": true,
              "fail": false,
              "pending": false,
              "context": null,
              "code": "const message = \"property 'and' should be an array of satisfy rules\";\nisInvalidRule({ or: [{ and: {} }, { or: [{ and: 3 }] }] }, { instancePath: \"/or/0/and\", message }, { instancePath: \"/or/1/or/0/and\", message });",
              "err": {},
              "uuid": "d30760ba-6c36-401b-97ab-8fccfc5552b9",
              "parentUUID": "5780ef83-2efe-49b4-8e56-3f6ae13faf08",
              "isHook": false,
              "skipped": false
            },
            {
              "title": "should not validate or satisfy rules with non-array property",
              "fullTitle": "satisfyRuleSchema should not validate or satisfy rules with non-array property",
              "timedOut": false,
              "duration": 1,
              "state": "passed",
              "speed": "fast",
              "pass": true,
              "fail": false,
              "pending": false,
              "context": null,
              "code": "const message = \"property 'or' should be an array of satisfy rules\";\nisInvalidRule({ and: [{ or: {} }, { and: [{ or: 3 }] }] }, { instancePath: \"/and/0/or\", message }, { instancePath: \"/and/1/and/0/or\", message });",
              "err": {},
              "uuid": "35035d92-0c32-4f81-82db-8c6352775a0d",
              "parentUUID": "5780ef83-2efe-49b4-8e56-3f6ae13faf08",
              "isHook": false,
              "skipped": false
            }
          ],
          "suites": [],
          "passes": [
            "4d0b6e5c-7d03-4ce8-90ee-f7d31fe32431",
            "0b326a53-7a91-4720-8b72-5e600e0753ec",
            "df496c10-a874-4d72-99dd-9aa566456f8f",
            "a340a0c5-99e3-4be1-a8cb-71827ebd7b70",
            "cde32cc0-0ebf-4d98-b117-4a7fe927c1c7",
            "31aa0a2b-cb48-4438-b43b-a509815ac266",
            "d30760ba-6c36-401b-97ab-8fccfc5552b9",
            "35035d92-0c32-4f81-82db-8c6352775a0d"
          ],
          "failures": [],
          "pending": [],
          "skipped": [],
          "duration": 9,
          "root": false,
          "rootEmpty": false,
          "_timeout": 2000
        }
      ],
      "passes": [],
      "failures": [],
      "pending": [],
      "skipped": [],
      "duration": 0,
      "root": true,
      "rootEmpty": true,
      "_timeout": 2000
    }
  ],
  "meta": {
    "mocha": {
      "version": "9.0.2"
    },
    "mochawesome": {
      "options": {
        "quiet": false,
        "reportFilename": "mochawesome",
        "saveHtml": true,
        "saveJson": true,
        "consoleReporter": "spec",
        "useInlineDiffs": false,
        "code": true
      },
      "version": "6.2.2"
    },
    "marge": {
      "options": {
        "reportDir": "docs"
      },
      "version": "5.2.0"
    }
  }
}