{
  "stats": {
    "suites": 10,
    "tests": 48,
    "passes": 48,
    "pending": 0,
    "failures": 0,
    "start": "2022-01-18T05:44:31.172Z",
    "end": "2022-01-18T05:44:31.540Z",
    "duration": 368,
    "testsRegistered": 48,
    "passPercent": 100,
    "pendingPercent": 0,
    "other": 0,
    "hasOther": false,
    "skipped": 0,
    "hasSkipped": false
  },
  "results": [
    {
      "uuid": "83f8fb83-89bb-4da3-bec5-98fbe6e20189",
      "title": "",
      "fullFile": "",
      "file": "",
      "beforeHooks": [],
      "afterHooks": [],
      "tests": [],
      "suites": [
        {
          "uuid": "b607ecbf-1439-4708-9a7d-73c79882028f",
          "title": "initDirectories",
          "fullFile": "/home/runner/work/planwithus-lib/planwithus-lib/src/block/schemas.test.ts",
          "file": "/src/block/schemas.test.ts",
          "beforeHooks": [],
          "afterHooks": [],
          "tests": [
            {
              "title": "should parse all blocks with no errors",
              "fullTitle": "initDirectories should parse all blocks with no errors",
              "timedOut": false,
              "duration": 2,
              "state": "passed",
              "speed": "fast",
              "pass": true,
              "fail": false,
              "pending": false,
              "context": null,
              "code": "_1.initDirectories.should.not.throw()",
              "err": {},
              "uuid": "c08a025b-53ba-43fd-9960-b69f743daff9",
              "parentUUID": "b607ecbf-1439-4708-9a7d-73c79882028f",
              "isHook": false,
              "skipped": false
            },
            {
              "title": "should produce primary, second & minor directories",
              "fullTitle": "initDirectories should produce primary, second & minor directories",
              "timedOut": false,
              "duration": 2,
              "state": "passed",
              "speed": "fast",
              "pass": true,
              "fail": false,
              "pending": false,
              "context": null,
              "code": "const directories = (0, _1.initDirectories)();\ndirectories.should.have.property(\"primary\");\ndirectories.should.have.property(\"second\");\ndirectories.should.have.property(\"minor\");",
              "err": {},
              "uuid": "a277325e-c6e4-4045-9570-98bbee73e986",
              "parentUUID": "b607ecbf-1439-4708-9a7d-73c79882028f",
              "isHook": false,
              "skipped": false
            }
          ],
          "suites": [],
          "passes": [
            "c08a025b-53ba-43fd-9960-b69f743daff9",
            "a277325e-c6e4-4045-9570-98bbee73e986"
          ],
          "failures": [],
          "pending": [],
          "skipped": [],
          "duration": 4,
          "root": false,
          "rootEmpty": false,
          "_timeout": 2000
        },
        {
          "uuid": "c467922d-bac2-4116-87ba-e41a1429118c",
          "title": "blockSchema",
          "fullFile": "/home/runner/work/planwithus-lib/planwithus-lib/src/block/schemas.test.ts",
          "file": "/src/block/schemas.test.ts",
          "beforeHooks": [],
          "afterHooks": [],
          "tests": [
            {
              "title": "should validate valid block",
              "fullTitle": "blockSchema should validate valid block",
              "timedOut": false,
              "duration": 199,
              "state": "passed",
              "speed": "slow",
              "pass": true,
              "fail": false,
              "pending": false,
              "context": "[\n  {\n    \"title\": \"block sample 0\",\n    \"value\": {\n      \"0\": {\n        \"name\": \"?3~#j=\",\n        \"ay\": 1987,\n        \"match\": [],\n        \"satisfy\": [\n          \"kj\",\n          {\n            \"mc\": \">=140\"\n          },\n          \"Ln.\",\n          {\n            \"mc\": \">=139\"\n          }\n        ],\n        \"url\": \"https://gara4ie-m9xmuuq3788yx728msn6i.8s0cybhaovct6gpabyqpl5xx0y.x1vnyl8ehevggurfb52c8xcpidxcz-m2xgq94j5tlkldurszmtb.380x9knl1pxjonvsji08hsvo92dgjqxc06ddbhdy7kim0j3p6m4ip.vqsdq/=:jq26/n7y'BF/Lo$r@3Jyh=/.K/J1eC\",\n        \"info\": \"FZ\",\n        \"isSelectable\": true\n      },\n      \"name\": \"@\",\n      \"ay\": 1954,\n      \"assign\": \" MQ8?D3.U\",\n      \"match\": \"ST26N\",\n      \"satisfy\": [],\n      \"url\": \"https://7fmzrhq6ei06mw-fnkl9wopvuypgvi.bhyocyh7mxdhu0eddqshnryw1dmbm8gia55po0q9rl2k2svz8siaoqvwfnm9.bol13a-t90iukab.ytksdm\",\n      \"info\": \"%\",\n      \"%F/\": {\n        \"ay\": 1987,\n        \"assign\": [\n          \"\",\n          \"Vpr7#\",\n          \"_Xn*M{)*J}\",\n          \":t=A)H\"\n        ],\n        \"satisfy\": {\n          \"mc\": \">=130\"\n        },\n        \"url\": \"http://3klnbjculptriswksk-su5fytlg-4sgq54k.rcszqt/Z/.lN/:&T_:PsMQ/FA/.%F0%B3%B5%9B=\",\n        \"info\": \"d#bss!2|\",\n        \"/:*eC+\": {\n          \"name\": \"flf`\",\n          \"ay\": 1951,\n          \"assign\": \"$LMUhzeOa\",\n          \"satisfy\": [\n            \"M#{x:AsZ%\"\n          ],\n          \"url\": \"https://rnkx5u75r1am0pefn5o.abaekw4mwvddj3zg9-1i8-47uiwqwkpczc8q0abtmonyd2tde-ptjbsf1yeyp-7.7h.0.04chihw8dyf8nt3eiadb27vqkk917ffs84.bcucx\",\n          \"info\": \"S\",\n          \"isSelectable\": true\n        },\n        \"/(jrQt*N5$\": {\n          \"name\": \"mj\",\n          \"match\": {\n            \"or\": [\n              {\n                \"and\": [\n                  {\n                    \"and\": [\n                      \"YP8W\",\n                      \"WJL14I\"\n                    ]\n                  },\n                  \"CO4Z\",\n                  {\n                    \"or\": [\n                      \"ZJV1*R\"\n                    ]\n                  },\n                  \"BZJ07\",\n                  {\n                    \"or\": [\n                      \"CAG06*2\",\n                      {\n                        \"pattern\": \"PFZx\"\n                      },\n                      \"TM*4H\",\n                      \"YDQ1*5\",\n                      \"FTO302xN\"\n                    ]\n                  }\n                ]\n              },\n              {\n                \"and\": [\n                  \"PO2G\",\n                  \"DS0\"\n                ]\n              }\n            ]\n          },\n          \"info\": \"CI]%k\",\n          \"isSelectable\": true\n        }\n      },\n      \"\": {\n        \"ay\": 1955,\n        \"match\": {\n          \"pattern\": \"KTU3C\",\n          \"exclude\": [\n            \"YI932\",\n            \"YWO620xG\",\n            \"YDL7\",\n            \"XE1171V\",\n            \"SA5*\"\n          ],\n          \"info\": \"7 :m;BJ\"\n        },\n        \"satisfy\": [\n          \"D\",\n          {\n            \"and\": [\n              {\n                \"and\": [\n                  \"\",\n                  {\n                    \"mc\": \">=45\"\n                  }\n                ]\n              },\n              {\n                \"or\": [\n                  \"s(\"\n                ]\n              }\n            ]\n          },\n          {\n            \"mc\": \"<=48\"\n          }\n        ],\n        \"url\": \"http://594xk8ibtwi8-77qaf75-cjuot8lkdlv9hi3il.52bvz0-qcxq43tas4dfuyw5nrmwf-iwg.h7efbg581oi4oi7-5giwuj-v0-o2370c78f4y16.azb/Np%F2%90%90%9Db=//%F0%90%A5%B4f)Id7y/$T2p/9nhjlX$%F2%81%B4%80B(/9HKb\",\n        \"info\": \"u$w(sVvSs\",\n        \"isSelectable\": true,\n        \",af7L*;\": {\n          \"name\": \"bT/tV\",\n          \"ay\": 1953,\n          \"assign\": \"m76\",\n          \"match\": [\n            {\n              \"pattern\": \"OG90M\",\n              \"exclude\": \"TL2087I\",\n              \"info\": \"]&QP]x'_-\"\n            },\n            \"UEC9\",\n            {\n              \"or\": [\n                {\n                  \"pattern\": \"HXE6*C\",\n                  \"exclude\": [\n                    \"NMT593\",\n                    \"ZEX0439A\",\n                    \"FK8x\"\n                  ],\n                  \"info\": \"&?\"\n                },\n                {\n                  \"pattern\": \"LP03xV\",\n                  \"exclude\": [\n                    \"SHI1\",\n                    \"GL9106\",\n                    \"GQ234\",\n                    \"NM28\",\n                    \"PWA800E\"\n                  ],\n                  \"info\": \"5\\\"-U{j&\"\n                },\n                {\n                  \"or\": [\n                    {\n                      \"or\": [\n                        \"VUQ92xZ\",\n                        {\n                          \"and\": [\n                            \"WN509*\",\n                            \"XVKx\"\n                          ]\n                        }\n                      ]\n                    }\n                  ]\n                },\n                {\n                  \"and\": [\n                    \"DS03T\",\n                    {\n                      \"and\": [\n                        \"WUA9D\",\n                        \"MIX34\",\n                        {\n                          \"pattern\": \"US62P\",\n                          \"exclude\": \"AAE2574M\",\n                          \"info\": \"\\\"No2\"\n                        },\n                        {\n                          \"and\": []\n                        }\n                      ]\n                    },\n                    \"LZGx\",\n                    {\n                      \"or\": [\n                        \"COI82\",\n                        \"VK60\",\n                        {\n                          \"and\": []\n                        },\n                        \"KB051K\",\n                        {\n                          \"pattern\": \"IXE18\",\n                          \"exclude\": [\n                            \"QM139W\",\n                            \"VRx\",\n                            \"RPV1\",\n                            \"QS8561W\",\n                            \"VJS8M\"\n                          ],\n                          \"info\": \"uy;\"\n                        }\n                      ]\n                    }\n                  ]\n                },\n                \"UXJ1\"\n              ]\n            }\n          ],\n          \"satisfy\": {\n            \"or\": [\n              {\n                \"and\": [\n                  {\n                    \"and\": [\n                      \"J3OU\",\n                      \"Zs\\\\Nkn\"\n                    ]\n                  },\n                  {\n                    \"mc\": \"<=4\"\n                  }\n                ]\n              },\n              {\n                \"mc\": \"<=74\"\n              },\n              {\n                \"and\": [\n                  {\n                    \"mc\": \"<=63\"\n                  }\n                ]\n              },\n              \"Yjf3,E6>.u\"\n            ]\n          },\n          \"url\": \"https://dvbley4ps6nkzh05ahjybf8w1774awpq4p1l243r.s.w.9vfg5pakwu9v74z7lgb0o0jbstns94gfuaihe1.n.kbmj/ztj1TPhO/Sc(e@g/t9/@jt%F4%87%BA%BD%F2%A2%9F%A4p%F1%A1%BD%97d)Q/f3;/f:ugw_G=&/r/3ow//\",\n          \"info\": \"WeZq\",\n          \"isSelectable\": true\n        },\n        \"7A!W\": {\n          \"ay\": 2006,\n          \"assign\": [\n            \"l\",\n            \"(:)s7\"\n          ],\n          \"match\": {\n            \"or\": [\n              {\n                \"and\": [\n                  \"YBB6x\",\n                  {\n                    \"pattern\": \"CG1893Q\",\n                    \"info\": \"Bui]\"\n                  },\n                  {\n                    \"and\": [\n                      {\n                        \"or\": [\n                          \"DF5\",\n                          \"LTW5G\",\n                          \"MBT0E\",\n                          {\n                            \"and\": []\n                          },\n                          {\n                            \"or\": [\n                              {\n                                \"or\": [\n                                  \"MSY96F\",\n                                  \"SQW629\",\n                                  \"ZCM210\",\n                                  \"LH033R\",\n                                  \"BVD52\"\n                                ]\n                              },\n                              \"RWK6H\",\n                              \"QTX868C\"\n                            ]\n                          }\n                        ]\n                      },\n                      \"XBI15\",\n                      {\n                        \"and\": [\n                          \"YL839F\"\n                        ]\n                      },\n                      \"KA61\",\n                      {\n                        \"pattern\": \"ZHW4R\",\n                        \"exclude\": \"RNx4x5\",\n                        \"info\": \";Y7b[`\"\n                      }\n                    ]\n                  },\n                  \"GC05W\",\n                  \"FL6\"\n                ]\n              },\n              {\n                \"or\": [\n                  \"IJ578*\"\n                ]\n              },\n              {\n                \"and\": [\n                  \"MMP*106O\",\n                  \"JS1971Q\",\n                  {\n                    \"and\": [\n                      \"QEE630B\",\n                      {\n                        \"or\": []\n                      }\n                    ]\n                  },\n                  \"JCK20P\"\n                ]\n              },\n              \"AKx56\"\n            ]\n          },\n          \"satisfy\": {\n            \"mc\": \">=114\"\n          },\n          \"info\": \"\",\n          \"isSelectable\": true\n        },\n        \"\": {\n          \"name\": \"Ypa\",\n          \"ay\": 1998,\n          \"assign\": [\n            \"8y0/(\",\n            \"v0E(-=E|\",\n            \"BpJ,2m\"\n          ],\n          \"match\": {\n            \"and\": [\n              {\n                \"pattern\": \"JJ00*V\",\n                \"exclude\": [\n                  \"XD28\",\n                  \"ROK2x99P\",\n                  \"HJO8x62E\"\n                ],\n                \"info\": \"_\"\n              }\n            ]\n          },\n          \"satisfy\": [\n            \"\",\n            {\n              \"or\": [\n                {\n                  \"and\": []\n                },\n                {\n                  \"and\": []\n                },\n                \"bc`io^w.c\",\n                {\n                  \"and\": [\n                    \"=3?&~\",\n                    {\n                      \"mc\": \">=141\"\n                    },\n                    \"B'b\\\"H\",\n                    {\n                      \"and\": [\n                        \"^\",\n                        {\n                          \"mc\": \"<=185\"\n                        },\n                        \"d \",\n                        \"3Xuc\"\n                      ]\n                    },\n                    \")e2\"\n                  ]\n                },\n                {\n                  \"or\": [\n                    {\n                      \"or\": [\n                        \"Ppm;$6hABJ\"\n                      ]\n                    }\n                  ]\n                }\n              ]\n            },\n            {\n              \"or\": [\n                {\n                  \"or\": []\n                }\n              ]\n            }\n          ],\n          \"url\": \"https://hkun7im0-8mdfn8jhb99lstm1ppgb8ju7zn6zz4p5tp0rc723o-uv49lzt.a32obgrh4mezzhc7s8v5fdzq7c3ynof5.hasw/%F0%90%8F%BA//'vv&6E//qvn;V9B)@\",\n          \"info\": \"\\\\S~\\\"FXa\",\n          \"isSelectable\": true\n        }\n      },\n      \"]/Z!%\": {\n        \"ay\": 2004,\n        \"assign\": \"\",\n        \"match\": {\n          \"and\": [\n            {\n              \"pattern\": \"XTG*79M\",\n              \"exclude\": [],\n              \"info\": \"N@8C\"\n            },\n            {\n              \"and\": [\n                {\n                  \"and\": [\n                    {\n                      \"and\": []\n                    }\n                  ]\n                },\n                \"VJY27\",\n                \"APH5K\"\n              ]\n            },\n            {\n              \"or\": [\n                \"CG2H\",\n                {\n                  \"pattern\": \"GNP957xJ\",\n                  \"exclude\": \"GX*H\",\n                  \"info\": \"fX\"\n                }\n              ]\n            }\n          ]\n        },\n        \"satisfy\": {\n          \"mc\": \">=94\"\n        },\n        \"url\": \"http://073bivyuog88tvrour38k8v3-upcykic3jxzeaj0mi8zpa3juf1l40.stoqhaw06y-lldwwxog9yjw2n9wuy855b2wjnncc2ayhkdwfky2eccmxq.dys8kegex59pal3lhet03dpwbf.k.ssedhbqkt/W!arR2T%F0%9D%90%8C)%F1%A5%97%9F/73Te%F2%88%BA%98x-//uX4=tnE1\",\n        \"info\": \",RaTTjWgW\",\n        \"isSelectable\": true,\n        \"\": {\n          \"name\": \"\",\n          \"ay\": 1975,\n          \"assign\": [],\n          \"match\": [\n            {\n              \"pattern\": \"AP2*\",\n              \"exclude\": [\n                \"TPM1xx\",\n                \"YC0\",\n                \"JG03U\"\n              ]\n            }\n          ],\n          \"satisfy\": {\n            \"and\": [\n              {\n                \"or\": []\n              },\n              {\n                \"mc\": \">=36\"\n              }\n            ]\n          },\n          \"info\": \"3hFEpiR/\",\n          \"\": {\n            \"name\": \".6i\\\\GE\",\n            \"ay\": 1996,\n            \"match\": [\n              {\n                \"or\": [\n                  {\n                    \"and\": [\n                      \"UYP*66I\",\n                      \"DR78*\",\n                      {\n                        \"or\": [\n                          \"DA10R\",\n                          \"SR983P\",\n                          {\n                            \"pattern\": \"CKV5970\"\n                          },\n                          {\n                            \"or\": [\n                              \"SBM4xF\"\n                            ]\n                          }\n                        ]\n                      },\n                      \"SE5041\",\n                      {\n                        \"and\": [\n                          \"JKS680H\",\n                          \"GEP2485\",\n                          \"MT736\",\n                          \"ASJ6425Q\"\n                        ]\n                      }\n                    ]\n                  },\n                  {\n                    \"pattern\": \"FYx360\",\n                    \"exclude\": [\n                      \"OLS258U\",\n                      \"IA9876\",\n                      \"XQI79\",\n                      \"BYU7811\",\n                      \"DN345L\"\n                    ],\n                    \"info\": \"3m)\"\n                  },\n                  {\n                    \"pattern\": \"SUQ*0Z\",\n                    \"info\": \"Mq_H,Y\"\n                  },\n                  {\n                    \"and\": [\n                      {\n                        \"or\": [\n                          {\n                            \"and\": [\n                              \"IEO2U\"\n                            ]\n                          },\n                          \"HJx*\"\n                        ]\n                      }\n                    ]\n                  },\n                  {\n                    \"and\": [\n                      {\n                        \"and\": []\n                      }\n                    ]\n                  }\n                ]\n              }\n            ],\n            \"satisfy\": {\n              \"and\": [\n                {\n                  \"and\": [\n                    {\n                      \"mc\": \"<=48\"\n                    },\n                    {\n                      \"mc\": \">=198\"\n                    }\n                  ]\n                },\n                \"Z\\\\4qt$\",\n                {\n                  \"or\": []\n                },\n                {\n                  \"and\": [\n                    {\n                      \"mc\": \"<=31\"\n                    },\n                    {\n                      \"and\": [\n                        \"ul\",\n                        {\n                          \"or\": [\n                            \"8M{\",\n                            {\n                              \"mc\": \">=38\"\n                            }\n                          ]\n                        },\n                        {\n                          \"and\": [\n                            \"\",\n                            {\n                              \"and\": [\n                                \"J\\\\~ [\",\n                                \"\\\\ZD'Xu\\\"!Q!\",\n                                \"qU.zBgokkN\",\n                                \"mw|AHi;\"\n                              ]\n                            },\n                            \"\\\":&ir\",\n                            {\n                              \"mc\": \"<=24\"\n                            },\n                            \"\"\n                          ]\n                        },\n                        {\n                          \"or\": [\n                            {\n                              \"mc\": \">=155\"\n                            },\n                            \"\",\n                            \"\",\n                            \"DI\"\n                          ]\n                        },\n                        \",/K\"\n                      ]\n                    },\n                    \"o>\"\n                  ]\n                },\n                \"$_R2[\"\n              ]\n            },\n            \"url\": \"https://2041hzgox8zxiydd.ykbqbyu/%F3%A0%BB%A6%F1%BA%87%98eFk,v%F0%AD%B5%AF//&XmPs%F1%96%96%B8=@/=u,kMt/.+F%F1%B9%B8%ACK/vwMe8%F2%B4%A7%AA/gqlb7*//+:5s\",\n            \"info\": \"?8Dq/'q\",\n            \"isSelectable\": true\n          },\n          \"HmM~W)'\": {\n            \"name\": \"-ZJHuAI6Z1\",\n            \"ay\": 2024,\n            \"assign\": \")!\",\n            \"match\": {\n              \"or\": [\n                {\n                  \"pattern\": \"GN153M\",\n                  \"exclude\": \"LE20V\",\n                  \"info\": \"4pn4!\"\n                },\n                {\n                  \"or\": [\n                    \"KZ8A\"\n                  ]\n                },\n                {\n                  \"pattern\": \"UHX18\",\n                  \"exclude\": [\n                    \"CO71\",\n                    \"RSGx77\"\n                  ],\n                  \"info\": \"I[m=b_{\"\n                },\n                {\n                  \"pattern\": \"BB*307C\",\n                  \"exclude\": \"LT099\",\n                  \"info\": \"*xu\"\n                }\n              ]\n            },\n            \"satisfy\": {\n              \"and\": [\n                \"OP1(\",\n                \"&4<#Q-U:\"\n              ]\n            },\n            \"url\": \"https://d-io0g-x-vbls0ebls.iqg8f-47vltrmq7m2afmm3him16y8wwgamkdwmz-w8zz3zgm0p98p38n8kucxnn.af.kj200qx0kryto8oac9icflt7c8vlwzkpyyzpb9cntcviszme92.v.johoocoo/BB%F0%B3%AF%ABT,5%F2%AF%BB%91r_i/V!5t%F2%BA%87%AB!.R\",\n            \"isSelectable\": true\n          },\n          \"NX$\": {\n            \"name\": \"#T5;\",\n            \"match\": \"CHS*\",\n            \"satisfy\": {\n              \"mc\": \"<=135\"\n            },\n            \"info\": \".J!Dz30|jO\",\n            \"isSelectable\": true\n          }\n        },\n        \"Da\": {\n          \"name\": \"C:B\",\n          \"ay\": 2026,\n          \"match\": [],\n          \"satisfy\": [\n            \"'_/M7!uH\",\n            {\n              \"and\": [\n                {\n                  \"and\": [\n                    {\n                      \"and\": [\n                        {\n                          \"mc\": \"<=56\"\n                        },\n                        \"0`!}%\",\n                        \"&Vjg&#\",\n                        \" dEN`\",\n                        \"IG\"\n                      ]\n                    },\n                    \"q\",\n                    {\n                      \"and\": []\n                    },\n                    \"E\",\n                    \"\"\n                  ]\n                },\n                {\n                  \"or\": [\n                    {\n                      \"or\": [\n                        \"T\",\n                        {\n                          \"mc\": \"<=199\"\n                        },\n                        {\n                          \"or\": [\n                            \"\",\n                            \"kl`#\",\n                            \"I!NI1t@#[\",\n                            \"_xPi\"\n                          ]\n                        },\n                        \"3@U8\"\n                      ]\n                    },\n                    \"O_\\\\vHeR<V \",\n                    \"%G\"\n                  ]\n                },\n                \"2T\\\\z2z\\\"\",\n                {\n                  \"mc\": \"<=182\"\n                }\n              ]\n            }\n          ],\n          \"url\": \"http://11sa-h.j4ik.ntmijwp/BFA%F3%9C%A6%866~4Z/,/%F1%85%A2%B5QoaIp33,$/QO=j9V/,/:h9HXS3/hv3/vM\",\n          \"info\": \"$ZNH\",\n          \"isSelectable\": true\n        }\n      },\n      \"WITFV\": {\n        \"name\": \"uzs/IUY!PF\",\n        \"ay\": 2024,\n        \"assign\": \"mBL}:-a\",\n        \"satisfy\": {\n          \"mc\": \">=69\"\n        },\n        \"url\": \"http://xvp1dogys3cn-eek71yn08qhkycthsvbjwmvry2b3i76mg0hk5iv9rytykv44en.1p5ucabglrw-5q7p151-o-etlidcbrg3901dzo10frvql-ew019wdgmozgedq.xnbs/riD%E5%BB%A3/=o//hy7X=NXY87/M_U~-w:pZ/IufA7&/f=%EF%9E%A9BNs~94m/f%F4%8B%83%82J2/dH;+/%F2%8A%A5%B3$@\",\n        \"isSelectable\": true,\n        \"{g\\\\Q\": {\n          \"name\": \"\",\n          \"assign\": [\n            \"J>T\",\n            \"a]-BM|6H\",\n            \"\",\n            \"Yp6Aps:&\"\n          ],\n          \"match\": \"QHS1\",\n          \"url\": \"https://qs-zzpjehcv36cnpsq4yl-ylwks.s.9if-yxmu71s.l.4wfox--b-vm5q03oq.efcxswa/%F2%91%AB%9EU_,//4o=WUDm)/%F0%B4%BE%A7M5W%EE%86%B2E%F0%A9%8A%89/%F4%86%93%956C/R_uH/u:E//:\",\n          \"info\": \"\",\n          \"FpxGG\": {\n            \"name\": \"vS.$qw?Im\",\n            \"ay\": 1991,\n            \"assign\": \"*~)&13\",\n            \"match\": [\n              {\n                \"or\": [\n                  {\n                    \"or\": [\n                      \"HMQx84U\",\n                      {\n                        \"and\": [\n                          \"CFS5360\"\n                        ]\n                      },\n                      {\n                        \"or\": [\n                          \"VVX93x8L\",\n                          \"TLS344\",\n                          \"KO26C\",\n                          \"FK226\",\n                          \"EN2\"\n                        ]\n                      },\n                      {\n                        \"and\": [\n                          \"RAN7x\",\n                          \"IBC8175N\",\n                          {\n                            \"pattern\": \"HF2N\",\n                            \"exclude\": \"TC762\",\n                            \"info\": \"Ym'*y(Ts\"\n                          },\n                          {\n                            \"and\": []\n                          }\n                        ]\n                      }\n                    ]\n                  }\n                ]\n              },\n              {\n                \"pattern\": \"KQP*77W\",\n                \"exclude\": \"MC5*26\",\n                \"info\": \"g$W>\\\"s~.2 \"\n              },\n              {\n                \"pattern\": \"AO0x3\",\n                \"exclude\": [\n                  \"YP0Y\",\n                  \"VUN1226N\",\n                  \"MI0xY\"\n                ]\n              }\n            ],\n            \"satisfy\": \"'&\",\n            \"url\": \"https://ukqj5w77h9vfy0qe1503bfqa6em30q9e4lckcrx9wny28dvjedrn8uh8vs.ikx-91ftvez3.d4u8grlrqwa0dr2o82teoir-7ku52pe3rq899a7yr7-f0r08z1.g4oyia9xxfjijoiy929e-ts1yoyydxt29o3br5qm075pv86vpb-i0b.wlrmpukpeb/a-e%F2%B3%86%A3$n%F3%9B%87%98WD/vI8%F0%B5%92%AC%F1%83%8E%B87l/3kvYQ@%F3%AA%AF%89/qDEwJh5/u9s%F3%AD%BA%98k/!Km-Y_*%F0%BE%8D%871\",\n            \"info\": \"a\"\n          },\n          \"=8W\": {\n            \"name\": \"?lL\",\n            \"ay\": 2021,\n            \"assign\": \"rYN>?!|\",\n            \"match\": [\n              \"HYZ5x6J\",\n              {\n                \"and\": [\n                  {\n                    \"or\": [\n                      \"CU*27\",\n                      {\n                        \"pattern\": \"LXY6\",\n                        \"exclude\": \"QNB**1\",\n                        \"info\": \"k`[2\"\n                      }\n                    ]\n                  },\n                  {\n                    \"or\": []\n                  },\n                  {\n                    \"pattern\": \"DPx649B\",\n                    \"info\": \"u{w<\"\n                  }\n                ]\n              },\n              {\n                \"or\": []\n              }\n            ],\n            \"satisfy\": [\n              \"};jo\\\\L\"\n            ]\n          },\n          \"\": {\n            \"name\": \"Q0ke|v4t_\",\n            \"ay\": 1959,\n            \"assign\": [\n              \"6}uh\",\n              \"0~4K{\",\n              \"{bG\\\\%:<\"\n            ],\n            \"match\": [\n              {\n                \"pattern\": \"YAK55B\",\n                \"info\": \"`&*H\"\n              },\n              {\n                \"pattern\": \"VKD**53\",\n                \"exclude\": [\n                  \"GUx0\",\n                  \"KOO0\"\n                ]\n              }\n            ],\n            \"satisfy\": [\n              {\n                \"mc\": \">=42\"\n              }\n            ],\n            \"url\": \"http://eywfaexdp55qa97alfb7xqduewod3xo5qx7p45wsiv8kn.x1v53u08a9dk5h5d6tpp6t5drfwg95sjc6q8wt3lappnb2s8rsgs7vm2bl4h833.wqlu0teh3r6e3prdrjhkkh321uo2t2k3ieaix5.d1hnpkezdgijyjm4chtww2y0f5l.umepkc13m1q5ei-2zpsqm.sx\",\n            \"info\": \"?I;Z\"\n          }\n        }\n      }\n    }\n  },\n  {\n    \"title\": \"block sample 1\",\n    \"value\": {\n      \"name\": \"O?O\",\n      \"ay\": 2025,\n      \"assign\": [\n        \" r6.\",\n        \"pv\"\n      ],\n      \"match\": [],\n      \"satisfy\": \")!5Di\",\n      \"url\": \"https://es1pq7i4kp-c1q5iulm3f-3izl2etduta.b97b-ij71rssw4hav3wzr71u09wysd2fo1.6-c7aadrt22c7w6cdpqx8r279dvq8us.nbclhoyrwp/9mltc%F3%8E%88%8EnW/m+cdyQ./%F0%BA%A4%AEr/%F3%BB%BA%A3/3'iU_MUM/mu%F3%80%87%8Dm=mD!/n0B&C%EF%92%BDH4,u/%F1%BA%91%A6.d'n16~\",\n      \"isSelectable\": true,\n      \"R)Bl:\": {\n        \"ay\": 1982,\n        \"assign\": [\n          \"\\\"F]#dh\",\n          \"mxDr<T\",\n          \"scF' \"\n        ],\n        \"match\": {\n          \"pattern\": \"GV6626M\",\n          \"exclude\": [\n            \"RT7425\",\n            \"QX25\",\n            \"TT4\"\n          ],\n          \"info\": \"0\"\n        },\n        \"satisfy\": [\n          \"bmKQ9\"\n        ],\n        \"url\": \"https://ws687kqsxdkszbs0d8gq-47m3kfs2mkvk5377ql1y.rzazoeasqf/s-Ic$(//-;J%F1%9C%84%83\",\n        \"info\": \"+U2ku:\"\n      },\n      \"mwyFIY-;98\": {\n        \"name\": \"8IVy\",\n        \"ay\": 2005,\n        \"assign\": \"Vr/`fV>\",\n        \"match\": [\n          {\n            \"pattern\": \"DBGx29W\",\n            \"exclude\": \"RQU639*V\",\n            \"info\": \"Aw94[XFeR\"\n          }\n        ],\n        \"satisfy\": {\n          \"mc\": \">=121\"\n        },\n        \"info\": \"yf,rP>%p\",\n        \"isSelectable\": true\n      },\n      \"?U]\": {\n        \"name\": \"\",\n        \"assign\": \"CK)6bHU82E\",\n        \"satisfy\": {\n          \"mc\": \"<=143\"\n        },\n        \"url\": \"http://8lvfq3i587c-l2wfcpalyt8vri3j9ryqg5walabhjd-tiy.nnqnswpyls/\",\n        \"info\": \"u\",\n        \"isSelectable\": true,\n        \"D@NMnU\": {\n          \"name\": \"J`s\\\\^#R\",\n          \"ay\": 1992,\n          \"assign\": \" )37\",\n          \"match\": [\n            {\n              \"or\": [\n                {\n                  \"pattern\": \"RXJ26\",\n                  \"exclude\": [\n                    \"QCZ8G\",\n                    \"TYE0\",\n                    \"XCR63*\"\n                  ],\n                  \"info\": \"/#L-n2\"\n                },\n                {\n                  \"pattern\": \"QK115*C\",\n                  \"exclude\": \"HVM9Z\",\n                  \"info\": \"Gq/*7}'I \"\n                }\n              ]\n            }\n          ],\n          \"satisfy\": {\n            \"or\": [\n              {\n                \"and\": [\n                  {\n                    \"or\": [\n                      {\n                        \"and\": [\n                          \"C0^e,]\\\"nX\",\n                          {\n                            \"and\": [\n                              \"xQg!SP\",\n                              \"^!\",\n                              \"\",\n                              \">\",\n                              \"s!B!VK\"\n                            ]\n                          }\n                        ]\n                      },\n                      \"w!)f5\",\n                      {\n                        \"or\": [\n                          \"-9+EmdRR\",\n                          {\n                            \"or\": [\n                              \"&]t\\\"3\",\n                              \"\\\\\"\n                            ]\n                          },\n                          \"SP)C]lm;T#\"\n                        ]\n                      },\n                      \")'d{;;*\"\n                    ]\n                  },\n                  {\n                    \"or\": [\n                      \":bp0;lnJ\"\n                    ]\n                  }\n                ]\n              },\n              \"^g&w0\",\n              \"Ww+IiG|\",\n              {\n                \"or\": [\n                  \"yS09e$8\"\n                ]\n              }\n            ]\n          },\n          \"url\": \"http://819r4ahg6by13bc1sg-k2qo0q5.1uk1-4yxbq19iudwnnl6lga.4a5wjg6rn6gu38nj8q3w72bz4d2.ebkvxzilk/%F2%B9%BE%AE~/cZR%F3%95%BA%95/\",\n          \"info\": \"IK_KQ&1|u\",\n          \"isSelectable\": true\n        },\n        \"*?*j9'\": {\n          \"name\": \"i\\\"\",\n          \"ay\": 1974,\n          \"assign\": \"9_)c\",\n          \"match\": {\n            \"pattern\": \"GCZ306\",\n            \"exclude\": [\n              \"LD2*8F\",\n              \"GYQ50x7\",\n              \"CB9\",\n              \"HO1J\"\n            ],\n            \"info\": \"]QtmL\"\n          },\n          \"satisfy\": [\n            {\n              \"mc\": \"<=120\"\n            }\n          ],\n          \"url\": \"http://u0ej524u6ew.edfcfox/LU-Y\",\n          \"info\": \"?iO)05D\",\n          \"isSelectable\": true\n        },\n        \"]\": {\n          \"name\": \"^\",\n          \"ay\": 2015,\n          \"assign\": [\n            \"9T4,`sQx\",\n            \"XUEc\",\n            \"G,$v1D.p\",\n            \"n\"\n          ],\n          \"satisfy\": {\n            \"mc\": \">=193\"\n          },\n          \"info\": \"<)P{D/fjk!\",\n          \"isSelectable\": true\n        }\n      }\n    }\n  },\n  {\n    \"title\": \"block sample 2\",\n    \"value\": {\n      \"name\": \"p_mwU+g1\",\n      \"ay\": 1950,\n      \"match\": [\n        {\n          \"pattern\": \"MIC2744\",\n          \"exclude\": [\n            \"SUB4*06\",\n            \"SZ4\",\n            \"GDG6W\"\n          ],\n          \"info\": \"k.N1qJ\"\n        },\n        \"NXP*0\"\n      ],\n      \"satisfy\": {\n        \"or\": [\n          {\n            \"mc\": \">=193\"\n          },\n          \"\",\n          {\n            \"and\": [\n              \"xKJ-E%#Z\",\n              {\n                \"mc\": \">=127\"\n              },\n              \"Osfa:\",\n              {\n                \"and\": [\n                  \"\\\"i\\\"(D8\",\n                  \"2|lO&ka\",\n                  {\n                    \"mc\": \">=105\"\n                  }\n                ]\n              }\n            ]\n          },\n          \"B`'nAz\"\n        ]\n      },\n      \"url\": \"https://1yal53ikld0fbb1f7z481uzh.wkz9kevlvg-78yoyp14vxb-4lzt9a.m1eszrb784qq-y9n7jrbcj1zdbqpxleswevesfaj-denws6p.ptawtwuis5p9mc0mwe2anjrx2wywync86td76t.12l8-nf4wvnc-ip7a0zs5y1iobzg-jj5x03-avf5vb69w7brqp-4ta186v.zawwpbiket\",\n      \"isSelectable\": true,\n      \"0y\\\"%,h~|\": {\n        \"name\": \"[\",\n        \"ay\": 1954,\n        \"assign\": [],\n        \"match\": {\n          \"or\": [\n            \"PK8\"\n          ]\n        },\n        \"satisfy\": [\n          {\n            \"mc\": \">=155\"\n          },\n          \"_!y\",\n          {\n            \"or\": [\n              \" 'D/;W\",\n              {\n                \"and\": []\n              },\n              {\n                \"and\": [\n                  {\n                    \"or\": [\n                      \"7s\"\n                    ]\n                  }\n                ]\n              },\n              {\n                \"or\": [\n                  {\n                    \"mc\": \"<=182\"\n                  }\n                ]\n              },\n              {\n                \"mc\": \"<=87\"\n              }\n            ]\n          }\n        ],\n        \"info\": \"R,,76jB/,\",\n        \"isSelectable\": true\n      }\n    }\n  },\n  {\n    \"title\": \"block sample 3\",\n    \"value\": {\n      \"name\": \"|?y\",\n      \"ay\": 1966,\n      \"assign\": \"<Aak=Z7>\\\"R\",\n      \"satisfy\": [\n        \"Q:T0\",\n        \"\"\n      ],\n      \"url\": \"http://hpn73ixbvol2e8mbkdzbw-xj7zfy7-o6azf8pwknr.0m08-dsf5n68vqembwd1ht2831v673efcv0ldge.w.brruufp\",\n      \"info\": \"]E2dCJ'P\",\n      \"isSelectable\": true\n    }\n  },\n  {\n    \"title\": \"block sample 4\",\n    \"value\": {\n      \"name\": \"!b\\\"%B~ x8\",\n      \"ay\": 2009,\n      \"assign\": [\n        \"}}zwV5CMs.\",\n        \"P8P\",\n        \"}l@vr}.T=\"\n      ],\n      \"match\": {\n        \"pattern\": \"PD15A\",\n        \"info\": \"GlzYNP`;\"\n      },\n      \"satisfy\": {\n        \"mc\": \"<=53\"\n      },\n      \"url\": \"http://r.0pwo1tozb3gljrqzl49-wd9qg4fvmfxjq5z-zy7hu4i0gb62lv68gp.yazopbgba/~/L%EA%9B%8ECM*/3ta'%F2%8D%94%94%F3%BC%8C%A6p~/c/r/s/*G\",\n      \"info\": \"|eA7[g/Yh|\"\n    }\n  },\n  {\n    \"title\": \"block sample 5\",\n    \"value\": {\n      \"name\": \"XqS2U[\",\n      \"ay\": 1956,\n      \"assign\": \"\",\n      \"match\": [],\n      \"satisfy\": \"\",\n      \"isSelectable\": true,\n      \"e}C y%%+\\\"\": {\n        \"name\": \"&0{\",\n        \"ay\": 1956,\n        \"assign\": \"\",\n        \"match\": {\n          \"pattern\": \"EG83K\",\n          \"exclude\": [\n            \"ED206\"\n          ],\n          \"info\": \"]Kz!\"\n        },\n        \"satisfy\": {\n          \"mc\": \">=7\"\n        },\n        \"url\": \"http://971e923e4iun3w7ub0sxxgo2u3jngtu7p0otg-59cxzlfvdlhxbw3on-jq.gyc/(/zm(r/*/J&Hb/n-4:V%F1%9A%8A%80N7jG\",\n        \"info\": \"#6M~\",\n        \"isSelectable\": true,\n        \"M`R\": {\n          \"name\": \"\\\\FreD-&l`;\",\n          \"ay\": 1952,\n          \"assign\": \"<i!9*\",\n          \"match\": [\n            {\n              \"and\": []\n            },\n            {\n              \"or\": []\n            },\n            {\n              \"pattern\": \"RXS8U\",\n              \"exclude\": \"NYM1F\",\n              \"info\": \"Jw*A-|\"\n            },\n            {\n              \"pattern\": \"LC*60P\",\n              \"exclude\": \"XMx14S\",\n              \"info\": \"irWb\"\n            }\n          ],\n          \"satisfy\": \"Zz`'\",\n          \"url\": \"https://355w4qh9s-zpe4r2gcsxm29ix-t2xfwqbi0581y.obudayeu/=Dg/,G/ilOwjw.g9/V%F1%B7%BC%834~xTU/@dw%F3%8D%87%B8QQP/)z.eMW8o4:/LWNsZ1$/l:J/4%F2%B1%BE%BAqB!:1%F3%88%81%A1m\",\n          \"info\": \"\"\n        }\n      },\n      \"SH\": {\n        \"name\": \" \\\"V\",\n        \"ay\": 1983,\n        \"assign\": \"\",\n        \"match\": \"PT*547O\",\n        \"satisfy\": [\n          {\n            \"or\": [\n              \"<8R$fN\",\n              {\n                \"or\": [\n                  {\n                    \"and\": [\n                      {\n                        \"mc\": \">=125\"\n                      },\n                      {\n                        \"and\": [\n                          \"h\\\"?`1OR#ZE\",\n                          {\n                            \"mc\": \">=130\"\n                          },\n                          \"mz\",\n                          \"XE!T_\",\n                          \"8; DQ,/4\\\\o\"\n                        ]\n                      },\n                      {\n                        \"or\": [\n                          \"4:*\",\n                          \"gQ!xENGR`\",\n                          \"~+%`9q!fJ\"\n                        ]\n                      },\n                      \"Uzm75b(Cqp\"\n                    ]\n                  },\n                  \"?%G2\",\n                  \"\",\n                  {\n                    \"or\": [\n                      \"h6lf}2\"\n                    ]\n                  },\n                  \"O3pH\"\n                ]\n              }\n            ]\n          },\n          {\n            \"or\": [\n              {\n                \"and\": [\n                  {\n                    \"mc\": \"<=122\"\n                  },\n                  {\n                    \"or\": [\n                      {\n                        \"or\": []\n                      },\n                      \"L&1bf\\\\y\"\n                    ]\n                  },\n                  {\n                    \"or\": [\n                      {\n                        \"and\": [\n                          {\n                            \"mc\": \"<=144\"\n                          },\n                          {\n                            \"or\": [\n                              {\n                                \"or\": []\n                              }\n                            ]\n                          }\n                        ]\n                      },\n                      \"a3Ye\"\n                    ]\n                  },\n                  \"DYR)&}\"\n                ]\n              },\n              {\n                \"and\": []\n              }\n            ]\n          }\n        ],\n        \"info\": \"]IaBFH?5?\",\n        \"isSelectable\": true\n      },\n      \"g\\\"BTQ}t8+\": {\n        \"name\": \"VU&&x&Q!\",\n        \"ay\": 2028,\n        \"assign\": [\n          \":o~>*:\"\n        ],\n        \"match\": [\n          {\n            \"or\": []\n          },\n          \"TS532\"\n        ],\n        \"satisfy\": \"!\",\n        \"url\": \"https://xr.1z371zxmr23yhdvuf3i1ypetvt9enp4ot-jwv903rih9l79x1xcsvi.ve/nml5z&ji/:a\",\n        \"info\": \"x &#\",\n        \"isSelectable\": true,\n        \"mp#\": {\n          \"ay\": 1961,\n          \"assign\": [\n            \"RI\",\n            \"XFFe4 ?N*\"\n          ],\n          \"match\": {\n            \"and\": [\n              {\n                \"pattern\": \"EO09\",\n                \"exclude\": \"IP717\",\n                \"info\": \"\"\n              }\n            ]\n          },\n          \"satisfy\": [\n            {\n              \"mc\": \">=23\"\n            },\n            \",XzpNSn\"\n          ],\n          \"url\": \"http://n.bgmxofn215x9ku-mldu3zv6l11w85tzo-51tio96rjufgvoi9y5.vsmjdslx/,l6k3q%F1%90%AE%84h//,p!_!/*=A8Q~=/1f/MDv%F3%B0%9B%ACBW9LuY\",\n          \"info\": \"w7\",\n          \"isSelectable\": true\n        },\n        \"J~sr9`c\": {\n          \"name\": \"w\",\n          \"ay\": 2027,\n          \"assign\": \"g&qcx!?!\",\n          \"match\": [\n            \"NLN9590\"\n          ],\n          \"satisfy\": [\n            {\n              \"and\": [\n                {\n                  \"or\": [\n                    {\n                      \"and\": [\n                        {\n                          \"and\": []\n                        },\n                        \"&INm()%x>\",\n                        {\n                          \"or\": [\n                            \">?7:GLCHG \",\n                            \"<\",\n                            {\n                              \"and\": [\n                                \"6'Q]@s(Bv\",\n                                \"\",\n                                \"TT@}FVc\",\n                                \"S4HAIi;#\",\n                                \"<TZ}74a=\"\n                              ]\n                            }\n                          ]\n                        },\n                        {\n                          \"or\": [\n                            \"'\",\n                            \"twwOZnuok\",\n                            \"73|4[gQ@uy\"\n                          ]\n                        }\n                      ]\n                    },\n                    {\n                      \"mc\": \"<=49\"\n                    }\n                  ]\n                },\n                {\n                  \"and\": [\n                    {\n                      \"mc\": \"<=132\"\n                    },\n                    \"19mk)}9o\",\n                    \" lHvrr>\",\n                    {\n                      \"and\": [\n                        {\n                          \"mc\": \">=200\"\n                        },\n                        \"I.#P\"\n                      ]\n                    }\n                  ]\n                },\n                {\n                  \"and\": [\n                    \"g*>IAX\",\n                    {\n                      \"and\": [\n                        \"$NH\",\n                        \"&C@8\",\n                        {\n                          \"and\": [\n                            \"]\"\n                          ]\n                        }\n                      ]\n                    },\n                    \"e7\"\n                  ]\n                },\n                {\n                  \"or\": [\n                    {\n                      \"and\": [\n                        {\n                          \"mc\": \"<=125\"\n                        },\n                        \"g'f?]*\",\n                        \"6J%C=z\"\n                      ]\n                    },\n                    \"i:BY/\",\n                    {\n                      \"and\": [\n                        \"d$Nu)M\\\"W\",\n                        {\n                          \"or\": [\n                            \"Qx@d\",\n                            \"ft%k&y\",\n                            {\n                              \"or\": [\n                                \"z2\\\"^H%59[^\"\n                              ]\n                            }\n                          ]\n                        },\n                        \"B~GfZyfk'T\",\n                        {\n                          \"or\": [\n                            \"&F\",\n                            {\n                              \"and\": [\n                                \"Ml\",\n                                \"(W|c6k9OnZ\",\n                                \"tjY9{K=R\",\n                                {\n                                  \"mc\": \">=161\"\n                                },\n                                \"P;zGOVp\"\n                              ]\n                            },\n                            {\n                              \"and\": []\n                            }\n                          ]\n                        },\n                        {\n                          \"or\": [\n                            \"w.1/J.H?9u\",\n                            \"%UdPo\",\n                            \"e#y\\\":_j]Q\",\n                            \"F@SgS>a\"\n                          ]\n                        }\n                      ]\n                    },\n                    {\n                      \"and\": []\n                    },\n                    {\n                      \"mc\": \">=188\"\n                    }\n                  ]\n                }\n              ]\n            }\n          ],\n          \"url\": \"https://5y1ryxiipo76pef-zqaon1px.rmqwsezqrc9y38ayc9518xo9bbnp9z4eekdvzjvuq4sucneq82yxek2v22f.nqgginf9lg7griywvwdof4n3eq0071vi0zozqbdl0-s.ja81eamnrdfi2e1h56b6.p6tmbk4yw.liogzcfhfh\",\n          \"info\": \"~\",\n          \"isSelectable\": true,\n          \"{==\": {\n            \"name\": \"Jy2\",\n            \"ay\": 1973,\n            \"assign\": \"@\",\n            \"match\": [\n              {\n                \"or\": [\n                  {\n                    \"and\": []\n                  },\n                  {\n                    \"pattern\": \"YTR3G\",\n                    \"exclude\": [\n                      \"PIW6\",\n                      \"GE66xG\",\n                      \"HF13*L\"\n                    ],\n                    \"info\": \"p<RHYN<|Ah\"\n                  }\n                ]\n              },\n              {\n                \"pattern\": \"BL0*81\",\n                \"exclude\": [\n                  \"ZIS*661O\",\n                  \"WGN324*\",\n                  \"IES0078\",\n                  \"EQO171\"\n                ],\n                \"info\": \"+ce{[Dc\"\n              },\n              {\n                \"and\": [\n                  {\n                    \"or\": [\n                      \"RU2338S\",\n                      {\n                        \"and\": [\n                          {\n                            \"pattern\": \"WRIx4\",\n                            \"exclude\": [\n                              \"MOF84\"\n                            ],\n                            \"info\": \")d/U@*\"\n                          },\n                          \"PI493J\",\n                          {\n                            \"pattern\": \"ZFI2144R\",\n                            \"exclude\": \"ST91x\",\n                            \"info\": \"\"\n                          }\n                        ]\n                      }\n                    ]\n                  },\n                  \"OLP12x\",\n                  {\n                    \"or\": [\n                      {\n                        \"or\": [\n                          \"LQ8A\",\n                          \"XO1677H\",\n                          {\n                            \"pattern\": \"GTU*V\",\n                            \"exclude\": \"SN2469H\",\n                            \"info\": \"\"\n                          },\n                          \"WWN7376\",\n                          \"NJ804\"\n                        ]\n                      },\n                      {\n                        \"and\": [\n                          \"NEx6R\",\n                          \"GU723\",\n                          \"YN88*3\",\n                          \"LID1H\"\n                        ]\n                      }\n                    ]\n                  }\n                ]\n              }\n            ],\n            \"satisfy\": {\n              \"and\": [\n                {\n                  \"mc\": \">=22\"\n                },\n                {\n                  \"or\": []\n                },\n                \"a:&VH*_U&\",\n                \"/\"\n              ]\n            },\n            \"info\": \"%QI'27:=4\",\n            \"isSelectable\": true\n          },\n          \"TP|$#!\\\"&M\": {\n            \"ay\": 2007,\n            \"match\": {\n              \"pattern\": \"QE3\",\n              \"exclude\": [\n                \"VTV4009\"\n              ]\n            },\n            \"satisfy\": [\n              \"<QR`ix$Peu\",\n              {\n                \"and\": []\n              }\n            ],\n            \"url\": \"https://jziufn70ry40lq7gjme5saywhchnt3f.91ww6mtigh9ftzbx7mwu8vlmlu7sog74zqt36e9dldmvr9z6bpmzi0f1b73vum.brhrk/l!kDXB)Z/x\",\n            \"info\": \"iRXWZ\",\n            \"isSelectable\": true\n          },\n          \"33>q2\": {\n            \"name\": \"JB5\",\n            \"ay\": 2030,\n            \"assign\": \"k+<vn1\",\n            \"match\": {\n              \"pattern\": \"IR1x\",\n              \"exclude\": \"SQ5*4*\",\n              \"info\": \"Zop[cR\"\n            },\n            \"satisfy\": [\n              {\n                \"mc\": \"<=176\"\n              },\n              \"\",\n              \"u\\\\\",\n              {\n                \"mc\": \">=109\"\n              },\n              {\n                \"mc\": \"<=16\"\n              }\n            ],\n            \"url\": \"http://agq36uzily2zg7uhpysx6zszhh61dvweeyd.d.zczz/.g/%2ac237TIc/%31\",\n            \"info\": \"\",\n            \"isSelectable\": true\n          }\n        }\n      },\n      \"1Z,CIi\": {\n        \"name\": \"%nY#v(Om\",\n        \"ay\": 2024,\n        \"assign\": \"$\",\n        \"match\": {\n          \"pattern\": \"LU116\",\n          \"exclude\": \"UVF9\",\n          \"info\": \"{{z\\\"}!\\\"o\"\n        },\n        \"satisfy\": {\n          \"and\": [\n            {\n              \"and\": []\n            }\n          ]\n        },\n        \"info\": \"d4\",\n        \"isSelectable\": true,\n        \"\": {\n          \"name\": \"C >~~zca*\",\n          \"ay\": 2002,\n          \"assign\": [],\n          \"match\": {\n            \"pattern\": \"QW31*\"\n          },\n          \"satisfy\": \"G%\",\n          \"url\": \"https://jctg11kxt.vdwxnkwze/lW%F1%91%B9%88Md0(/%F0%A8%98%91eI/;%F1%93%AD%B0\",\n          \"info\": \"\",\n          \"isSelectable\": true\n        },\n        \"\\\"\": {\n          \"name\": \"f&y~!\",\n          \"ay\": 1973,\n          \"assign\": \"pbv6\",\n          \"match\": [\n            {\n              \"pattern\": \"BTC1*2\",\n              \"info\": \"bLm&)id[\"\n            },\n            \"BABx1*\"\n          ],\n          \"satisfy\": {\n            \"or\": [\n              {\n                \"mc\": \"<=5\"\n              },\n              \"1Tp=A\\\\Y`=\"\n            ]\n          },\n          \"url\": \"http://7ebbh6fbmihao5edijgoafc9fabsd4.qnkz6mrczlgnhn97klsn2chtd.ieea/a;:ie/;\",\n          \"isSelectable\": true\n        },\n        \"+`\": {\n          \"name\": \"L\",\n          \"ay\": 1954,\n          \"assign\": [\n            \"!55\",\n            \"\"\n          ],\n          \"match\": {\n            \"pattern\": \"MXQ42H\",\n            \"exclude\": \"VF*\",\n            \"info\": \"k{sucX$\"\n          },\n          \"satisfy\": {\n            \"and\": [\n              \")A\",\n              {\n                \"or\": [\n                  \"aF8.G \\\"'<`\",\n                  \"H*d$z<[xD0\"\n                ]\n              }\n            ]\n          },\n          \"url\": \"https://eutd0pjtxo4ysgta63t7s17d.d.aqdecli21kn-xsgli5efqyjvx37luq1u9.ml\",\n          \"info\": \"$~$ST\"\n        },\n        \"##!\": {\n          \"name\": \"!\\\"\\\"m!&'##z\",\n          \"ay\": 2027,\n          \"assign\": \"!\",\n          \"url\": \"http://krbvu-rhl3ik50fc-5uf0g2rikqwvmj8sp0q82fxm.df6awei65g4h.mobuv55ilr0gfvqhycj8xfcfg38syz3ob1iy8bk-k.i55u3wc7gofy2x58phn9z8xdrgjza28v-rr4qdwq1dral7cr7qy42lq23-0yux.y4d2t1lcm5rpsw4jrgt9hytp068vde713sazawttobi.zy/weLg\",\n          \"info\": \"86b;&\",\n          \"isSelectable\": true\n        }\n      }\n    }\n  },\n  {\n    \"title\": \"block sample 6\",\n    \"value\": {\n      \"ay\": 1950,\n      \"assign\": \"De[\",\n      \"match\": [\n        {\n          \"or\": []\n        },\n        {\n          \"pattern\": \"MLG7M\",\n          \"exclude\": [\n            \"JT19*\"\n          ],\n          \"info\": \".qz`<v<\"\n        },\n        {\n          \"or\": [\n            {\n              \"and\": [\n                {\n                  \"pattern\": \"ME451P\",\n                  \"exclude\": [\n                    \"FT53\",\n                    \"SDL*\",\n                    \"AFQ2K\",\n                    \"RN430F\"\n                  ]\n                },\n                \"UV2x\",\n                {\n                  \"and\": [\n                    \"QAM*27\",\n                    \"KFB500*Y\",\n                    \"AFx3x\",\n                    {\n                      \"and\": [\n                        \"PVM9x\",\n                        \"SAU678\"\n                      ]\n                    },\n                    {\n                      \"and\": [\n                        \"VOC9x2B\",\n                        \"XWQ924D\"\n                      ]\n                    }\n                  ]\n                },\n                {\n                  \"and\": [\n                    \"LLC03xL\"\n                  ]\n                }\n              ]\n            },\n            {\n              \"pattern\": \"YGF2\",\n              \"exclude\": [],\n              \"info\": \":NV<~?\"\n            }\n          ]\n        },\n        {\n          \"pattern\": \"QO3770\",\n          \"info\": \"D\"\n        },\n        {\n          \"or\": []\n        }\n      ],\n      \"satisfy\": {\n        \"or\": [\n          \"|Q0,-\",\n          {\n            \"mc\": \">=142\"\n          },\n          {\n            \"mc\": \"<=104\"\n          }\n        ]\n      },\n      \"url\": \"http://3xah36qdqay8fd5c3r5p5f9.bvcs/-O%F1%A9%9A%8C%F1%A4%B4%99QE/2vPK/$w/WE/jv;O0i\",\n      \"info\": \"s)Z\",\n      \"isSelectable\": true\n    }\n  },\n  {\n    \"title\": \"block sample 7\",\n    \"value\": {\n      \"name\": \"\",\n      \"ay\": 1950,\n      \"assign\": \"Szd2'>0U4\",\n      \"match\": {\n        \"pattern\": \"GJ*x\",\n        \"exclude\": [\n          \"JSx\",\n          \"IM8Z\",\n          \"SL241C\",\n          \"ILB*28\",\n          \"ZA3G\"\n        ],\n        \"info\": \"Y!\"\n      },\n      \"satisfy\": \"I&J\",\n      \"url\": \"http://9bs9je7.evxiv/oEm5/a*GJ@E/%F0%BF%AB%88/XhrtW2f%F4%8C%A7%89/GWh!/e=&1%F3%B2%AB%A9/Rwk/T(\",\n      \"info\": \"1\",\n      \"isSelectable\": true\n    }\n  },\n  {\n    \"title\": \"block sample 8\",\n    \"value\": {\n      \"name\": \"UW6{:\",\n      \"ay\": 1953,\n      \"assign\": \"S#\\\\\",\n      \"match\": {\n        \"or\": [\n          {\n            \"or\": []\n          }\n        ]\n      },\n      \"url\": \"https://zv28e41k0fsg3rpgv.fu5vhzjksje54gfs53hxc71tem2g9rdssy88sk7gh-6gl-6rlydxh5e93.yxxa/b:d7b/6=@&d;~cd\",\n      \"info\": \"m?D.P\",\n      \"isSelectable\": true\n    }\n  },\n  {\n    \"title\": \"block sample 9\",\n    \"value\": {\n      \"name\": \"18} y%Y\",\n      \"ay\": 1950,\n      \"assign\": \"ac\",\n      \"satisfy\": \"&jbrzV[M\",\n      \"url\": \"http://r1uad.d0.c.sfhfwcjg/;y/l'hMM//&y&r/owJouK%F1%B5%B9%90bnE/Bod%F1%AF%8C%A2G)S/%EF%AE%8Fz/C/Og%F1%8C%8B%97=\",\n      \"info\": \"8X\",\n      \"isSelectable\": true,\n      \"'{F\": {\n        \"name\": \"b4!f~|H0\",\n        \"ay\": 1980,\n        \"assign\": \"7VhodLI2r\",\n        \"match\": [\n          \"HQ30G\",\n          {\n            \"pattern\": \"WK0\",\n            \"exclude\": \"JZVxF\",\n            \"info\": \"&\"\n          },\n          {\n            \"or\": [\n              {\n                \"or\": [\n                  \"ZN24Y\",\n                  {\n                    \"or\": [\n                      \"AC8*6U\",\n                      \"AE4Y\",\n                      {\n                        \"or\": [\n                          \"OB26x5X\",\n                          \"KT3761\",\n                          \"EAM009*\",\n                          \"XN41S\"\n                        ]\n                      },\n                      \"HAA7674\",\n                      \"YG47J\"\n                    ]\n                  },\n                  \"TTJx*1\"\n                ]\n              },\n              {\n                \"and\": [\n                  \"GRU8J\",\n                  {\n                    \"and\": [\n                      \"TUX1B\"\n                    ]\n                  },\n                  {\n                    \"pattern\": \"GF9G\",\n                    \"exclude\": [\n                      \"LM1\",\n                      \"MRT65\",\n                      \"MQ44D\",\n                      \"QYB839R\"\n                    ],\n                    \"info\": \"<'9\\\"'B0&\"\n                  },\n                  \"WMO1\"\n                ]\n              },\n              \"MYN9G\",\n              {\n                \"and\": [\n                  \"JH5\"\n                ]\n              }\n            ]\n          },\n          {\n            \"and\": [\n              {\n                \"and\": [\n                  {\n                    \"pattern\": \"YBQ4489U\",\n                    \"exclude\": [\n                      \"SW3\",\n                      \"OVT185\"\n                    ]\n                  },\n                  \"SC6*13\",\n                  {\n                    \"pattern\": \"NOOxx93\",\n                    \"exclude\": \"XD8\",\n                    \"info\": \"di'_'4xMe \"\n                  },\n                  {\n                    \"and\": [\n                      \"TV3576\"\n                    ]\n                  }\n                ]\n              },\n              \"AH1x81\"\n            ]\n          },\n          \"SIZ0853\"\n        ],\n        \"satisfy\": [\n          {\n            \"or\": [\n              {\n                \"and\": [\n                  \"1e+;I\",\n                  {\n                    \"mc\": \"<=9\"\n                  },\n                  \"Jf^_w\"\n                ]\n              },\n              \"&8W'v\",\n              {\n                \"or\": [\n                  {\n                    \"mc\": \">=15\"\n                  },\n                  \"1:@u-_,\"\n                ]\n              }\n            ]\n          }\n        ],\n        \"url\": \"https://lx3mr6nv9kvbz9w28ein5d8.dkici-wg8ibehmlwbvhrqawl2mz1roy7avgmanjs81gjf2xbj8ovdfwz7fn29d.lyfdm8lpe3xhledt.xnics/P=&%F1%9E%B3%957%F3%94%94%93z\",\n        \"info\": \"'<\",\n        \"isSelectable\": true,\n        \"h\": {\n          \"name\": \"*IvAt\",\n          \"assign\": [\n            \"C9xPafPF#F\",\n            \"\",\n            \"/f\"\n          ],\n          \"match\": {\n            \"or\": []\n          },\n          \"isSelectable\": true\n        }\n      }\n    }\n  }\n]",
              "code": "(0, fast_check_1.sample)(index_test_2.block, 10).forEach((sample, i) => (0, addContext_1.default)(this, {\n    title: `block sample ${i}`,\n    value: sample,\n}));\nreturn (0, fast_check_1.assert)((0, fast_check_1.property)(index_test_2.block, ajvValidate));",
              "err": {},
              "uuid": "bf5fa0b5-3f89-4556-b8de-be8e0a538a97",
              "parentUUID": "c467922d-bac2-4116-87ba-e41a1429118c",
              "isHook": false,
              "skipped": false
            },
            {
              "title": "should not validate non-object",
              "fullTitle": "blockSchema should not validate non-object",
              "timedOut": false,
              "duration": 2,
              "state": "passed",
              "speed": "fast",
              "pass": true,
              "fail": false,
              "pending": false,
              "context": null,
              "code": "const error = {\n    instancePath: \"\",\n    message: \"block should be an object\",\n};\nisInvalidBlock(null, error);\nisInvalidBlock(undefined, error);\nisInvalidBlock(10, error);\nisInvalidBlock([12, 24], error);\nisInvalidBlock(\"abc\", error);",
              "err": {},
              "uuid": "5ca46f78-2c18-4546-92c4-5db5839eb763",
              "parentUUID": "c467922d-bac2-4116-87ba-e41a1429118c",
              "isHook": false,
              "skipped": false
            },
            {
              "title": "should not validate block with invalid properties",
              "fullTitle": "blockSchema should not validate block with invalid properties",
              "timedOut": false,
              "duration": 1,
              "state": "passed",
              "speed": "fast",
              "pass": true,
              "fail": false,
              "pending": false,
              "context": null,
              "code": "isInvalidBlock({\n        name: { foo: \"bar\" },\n        ay: -1000,\n        assign: {},\n        match: 1,\n        satisfy: 2,\n        url: { abc: \"def\" },\n        info: 42,\n        isSelectable: 32,\n    }, { instancePath: \"/name\", message: \"property 'name' should be a string\" }, {\n        instancePath: \"/ay\",\n        message: \"property 'ay' should be a positive integer\",\n    }, {\n        instancePath: \"/assign\",\n        message: \"property 'assign' should be either a block ID or an array of block IDs\",\n    }, {\n        instancePath: \"/match\",\n        message: \"property 'match' should be either a match rule or an array of match rules\",\n    }, {\n        instancePath: \"/satisfy\",\n        message: \"property 'satisfy' should be either a satisfy rule or an array of satisfy rules\",\n    }, { instancePath: \"/url\", message: \"property 'url' should be a string\" }, { instancePath: \"/info\", message: \"property 'info' should be a string\" }, {\n        instancePath: \"/isSelectable\",\n        message: \"property 'isSelectable' should be a boolean\",\n    })",
              "err": {},
              "uuid": "961abc42-b285-4469-af69-e53b1f1d84ce",
              "parentUUID": "c467922d-bac2-4116-87ba-e41a1429118c",
              "isHook": false,
              "skipped": false
            }
          ],
          "suites": [],
          "passes": [
            "bf5fa0b5-3f89-4556-b8de-be8e0a538a97",
            "5ca46f78-2c18-4546-92c4-5db5839eb763",
            "961abc42-b285-4469-af69-e53b1f1d84ce"
          ],
          "failures": [],
          "pending": [],
          "skipped": [],
          "duration": 202,
          "root": false,
          "rootEmpty": false,
          "_timeout": 2000
        },
        {
          "uuid": "93cbc9aa-bff3-4bef-ba55-0ff3afc06295",
          "title": "patternToRE",
          "fullFile": "/home/runner/work/planwithus-lib/planwithus-lib/src/matchRule/pattern/satisfiers.test.ts",
          "file": "/src/matchRule/pattern/satisfiers.test.ts",
          "beforeHooks": [],
          "afterHooks": [],
          "tests": [
            {
              "title": "should match valid modules with a single pattern",
              "fullTitle": "patternToRE should match valid modules with a single pattern",
              "timedOut": false,
              "duration": 14,
              "state": "passed",
              "speed": "fast",
              "pass": true,
              "fail": false,
              "pending": false,
              "context": "[\n  {\n    \"title\": \"patternExampleList sample 0\",\n    \"value\": [\n      \"JW85\",\n      [\n        \"JW85\"\n      ]\n    ]\n  },\n  {\n    \"title\": \"patternExampleList sample 1\",\n    \"value\": [\n      \"OFR95\",\n      [\n        \"OFR95\"\n      ]\n    ]\n  },\n  {\n    \"title\": \"patternExampleList sample 2\",\n    \"value\": [\n      \"AU086\",\n      [\n        \"AU086\"\n      ]\n    ]\n  },\n  {\n    \"title\": \"patternExampleList sample 3\",\n    \"value\": [\n      \"WLQ57*\",\n      [\n        \"WLQ57G\",\n        \"WLQ57\",\n        \"WLQ57IMU\",\n        \"WLQ57I4T\",\n        \"WLQ574\"\n      ]\n    ]\n  },\n  {\n    \"title\": \"patternExampleList sample 4\",\n    \"value\": [\n      \"RPK3*\",\n      [\n        \"RPK3MWCEUL3\",\n        \"RPK3BA\",\n        \"RPK3VMT\",\n        \"RPK3JPB2I8\",\n        \"RPK3\",\n        \"RPK32DWD6\",\n        \"RPK34J\",\n        \"RPK3JRTT\",\n        \"RPK3WNW43P\",\n        \"RPK3367LVVX\"\n      ]\n    ]\n  },\n  {\n    \"title\": \"patternExampleList sample 5\",\n    \"value\": [\n      \"PCX30J\",\n      [\n        \"PCX30J\"\n      ]\n    ]\n  },\n  {\n    \"title\": \"patternExampleList sample 6\",\n    \"value\": [\n      \"AU8\",\n      [\n        \"AU8\"\n      ]\n    ]\n  },\n  {\n    \"title\": \"patternExampleList sample 7\",\n    \"value\": [\n      \"CT543\",\n      [\n        \"CT543\"\n      ]\n    ]\n  },\n  {\n    \"title\": \"patternExampleList sample 8\",\n    \"value\": [\n      \"NG857\",\n      [\n        \"NG857\"\n      ]\n    ]\n  },\n  {\n    \"title\": \"patternExampleList sample 9\",\n    \"value\": [\n      \"EZF2\",\n      [\n        \"EZF2\"\n      ]\n    ]\n  }\n]",
              "code": "(0, fast_check_1.sample)(index_test_1.patternExampleList, 10).forEach((sample, i) => (0, addContext_1.default)(this, {\n    title: `patternExampleList sample ${i}`,\n    value: sample,\n}));\nreturn (0, fast_check_1.assert)((0, fast_check_1.property)(index_test_1.patternExampleList, ([patternStr, examples]) => {\n    const re = (0, _1.patternToRE)(patternStr);\n    return examples.every(re.test.bind(re));\n}));",
              "err": {},
              "uuid": "dbb8f7c4-e60e-4c60-a06b-0ed1d9e7085f",
              "parentUUID": "93cbc9aa-bff3-4bef-ba55-0ff3afc06295",
              "isHook": false,
              "skipped": false
            },
            {
              "title": "should match valid modules with multiple patterns",
              "fullTitle": "patternToRE should match valid modules with multiple patterns",
              "timedOut": false,
              "duration": 79,
              "state": "passed",
              "speed": "slow",
              "pass": true,
              "fail": false,
              "pending": false,
              "context": "[\n  {\n    \"title\": \"patternExampleListArray sample 0\",\n    \"value\": [\n      [\n        \"EASx3xJ\",\n        [\n          \"EAS038J\",\n          \"EAS236J\"\n        ]\n      ]\n    ]\n  },\n  {\n    \"title\": \"patternExampleListArray sample 1\",\n    \"value\": [\n      [\n        \"PTI657\",\n        [\n          \"PTI657\"\n        ]\n      ],\n      [\n        \"KXI4383I\",\n        [\n          \"KXI4383I\"\n        ]\n      ],\n      [\n        \"QF3Q\",\n        [\n          \"QF3Q\"\n        ]\n      ],\n      [\n        \"SQ56\",\n        [\n          \"SQ56\"\n        ]\n      ],\n      [\n        \"SS2\",\n        [\n          \"SS2\"\n        ]\n      ],\n      [\n        \"SJA88A\",\n        [\n          \"SJA88A\"\n        ]\n      ],\n      [\n        \"VDE30x\",\n        [\n          \"VDE300\"\n        ]\n      ],\n      [\n        \"AB*68\",\n        [\n          \"AB4SQTMFK68\",\n          \"AB68\",\n          \"AB181K8TC68\",\n          \"AB7RS6XOM68\",\n          \"ABJ0PJ0COX68\",\n          \"ABIOB68\",\n          \"ABHO68\",\n          \"ABQ74US4K68\",\n          \"ABL2GP8VEL68\"\n        ]\n      ]\n    ]\n  },\n  {\n    \"title\": \"patternExampleListArray sample 2\",\n    \"value\": [\n      [\n        \"IY41\",\n        [\n          \"IY41\"\n        ]\n      ],\n      [\n        \"XS4*41\",\n        [\n          \"XS4Q41\",\n          \"XS4YGWT41\",\n          \"XS49Q41\"\n        ]\n      ],\n      [\n        \"JCQ6136\",\n        [\n          \"JCQ6136\"\n        ]\n      ],\n      [\n        \"QCG727*\",\n        [\n          \"QCG727TBAMLTF\",\n          \"QCG7277B\",\n          \"QCG727SW\",\n          \"QCG7275\",\n          \"QCG727KP2\",\n          \"QCG7274CERK0M\",\n          \"QCG727W9YK2JSN\",\n          \"QCG727HV\",\n          \"QCG727W\",\n          \"QCG727YU\",\n          \"QCG727GCJ71RCM\",\n          \"QCG727Q\"\n        ]\n      ],\n      [\n        \"HE709\",\n        [\n          \"HE709\"\n        ]\n      ],\n      [\n        \"RLV376\",\n        [\n          \"RLV376\"\n        ]\n      ],\n      [\n        \"KT96L\",\n        [\n          \"KT96L\"\n        ]\n      ],\n      [\n        \"DWG0\",\n        [\n          \"DWG0\"\n        ]\n      ],\n      [\n        \"TZY5\",\n        [\n          \"TZY5\"\n        ]\n      ],\n      [\n        \"MB96*\",\n        [\n          \"MB968786FW4Z\",\n          \"MB963\",\n          \"MB96SB5ZLJ\"\n        ]\n      ],\n      [\n        \"KD06\",\n        [\n          \"KD06\"\n        ]\n      ]\n    ]\n  },\n  {\n    \"title\": \"patternExampleListArray sample 3\",\n    \"value\": [\n      [\n        \"BP9885\",\n        [\n          \"BP9885\"\n        ]\n      ],\n      [\n        \"AL4xK\",\n        [\n          \"AL47K\",\n          \"AL44K\",\n          \"AL41K\",\n          \"AL48K\",\n          \"AL43K\",\n          \"AL46K\",\n          \"AL40K\",\n          \"AL45K\",\n          \"AL49K\"\n        ]\n      ],\n      [\n        \"MJ6866\",\n        [\n          \"MJ6866\"\n        ]\n      ],\n      [\n        \"WNG244\",\n        [\n          \"WNG244\"\n        ]\n      ],\n      [\n        \"IZMx5J\",\n        [\n          \"IZM75J\",\n          \"IZM05J\"\n        ]\n      ],\n      [\n        \"QFR8406\",\n        [\n          \"QFR8406\"\n        ]\n      ],\n      [\n        \"JJ5645G\",\n        [\n          \"JJ5645G\"\n        ]\n      ],\n      [\n        \"RS18\",\n        [\n          \"RS18\"\n        ]\n      ],\n      [\n        \"GG1*\",\n        [\n          \"GG1BI8\",\n          \"GG1\",\n          \"GG13YI0AV\",\n          \"GG1J\",\n          \"GG1C\",\n          \"GG1Z2\"\n        ]\n      ],\n      [\n        \"MC9N\",\n        [\n          \"MC9N\"\n        ]\n      ]\n    ]\n  },\n  {\n    \"title\": \"patternExampleListArray sample 4\",\n    \"value\": [\n      [\n        \"OTB68O\",\n        [\n          \"OTB68O\"\n        ]\n      ]\n    ]\n  },\n  {\n    \"title\": \"patternExampleListArray sample 5\",\n    \"value\": [\n      [\n        \"ORK7586\",\n        [\n          \"ORK7586\"\n        ]\n      ],\n      [\n        \"XX3769\",\n        [\n          \"XX3769\"\n        ]\n      ],\n      [\n        \"VDZ3W\",\n        [\n          \"VDZ3W\"\n        ]\n      ],\n      [\n        \"GG9E\",\n        [\n          \"GG9E\"\n        ]\n      ]\n    ]\n  },\n  {\n    \"title\": \"patternExampleListArray sample 6\",\n    \"value\": [\n      [\n        \"AOI6x\",\n        [\n          \"AOI69\",\n          \"AOI67\",\n          \"AOI62\",\n          \"AOI66\",\n          \"AOI65\"\n        ]\n      ],\n      [\n        \"KH9*\",\n        [\n          \"KH9YLNA\",\n          \"KH966\",\n          \"KH9GWO\",\n          \"KH9T0NP6E\",\n          \"KH98NDVI\",\n          \"KH93IHOJ\",\n          \"KH96RFEZZ\",\n          \"KH9\",\n          \"KH9KIF\",\n          \"KH95\"\n        ]\n      ],\n      [\n        \"QXM826\",\n        [\n          \"QXM826\"\n        ]\n      ],\n      [\n        \"SYM4xQ\",\n        [\n          \"SYM43Q\",\n          \"SYM47Q\",\n          \"SYM45Q\",\n          \"SYM41Q\",\n          \"SYM44Q\",\n          \"SYM48Q\",\n          \"SYM42Q\",\n          \"SYM40Q\",\n          \"SYM49Q\",\n          \"SYM46Q\"\n        ]\n      ],\n      [\n        \"SH7031M\",\n        [\n          \"SH7031M\"\n        ]\n      ],\n      [\n        \"PPK23\",\n        [\n          \"PPK23\"\n        ]\n      ],\n      [\n        \"TYQ52\",\n        [\n          \"TYQ52\"\n        ]\n      ],\n      [\n        \"FEG*3S\",\n        [\n          \"FEG7EFCXL3S\",\n          \"FEGX53S\",\n          \"FEGLT93S\",\n          \"FEGLKN3S\",\n          \"FEGW2AQ7BN93S\",\n          \"FEGRLD3S\"\n        ]\n      ]\n    ]\n  },\n  {\n    \"title\": \"patternExampleListArray sample 7\",\n    \"value\": [\n      [\n        \"OUVxE\",\n        [\n          \"OUV8E\"\n        ]\n      ],\n      [\n        \"OMxF\",\n        [\n          \"OM9F\",\n          \"OM5F\",\n          \"OM7F\",\n          \"OM6F\",\n          \"OM0F\",\n          \"OM3F\",\n          \"OM8F\"\n        ]\n      ]\n    ]\n  },\n  {\n    \"title\": \"patternExampleListArray sample 8\",\n    \"value\": [\n      [\n        \"GP52R\",\n        [\n          \"GP52R\"\n        ]\n      ],\n      [\n        \"PB79xM\",\n        [\n          \"PB793M\",\n          \"PB799M\",\n          \"PB792M\",\n          \"PB795M\",\n          \"PB796M\",\n          \"PB798M\",\n          \"PB794M\",\n          \"PB791M\",\n          \"PB797M\"\n        ]\n      ],\n      [\n        \"POR51x3\",\n        [\n          \"POR5123\",\n          \"POR5173\",\n          \"POR5153\"\n        ]\n      ],\n      [\n        \"NO5*Z\",\n        [\n          \"NO5BY9IDZ\",\n          \"NO5RO21Z\",\n          \"NO5Z\",\n          \"NO53EZ\"\n        ]\n      ],\n      [\n        \"YWK3*3T\",\n        [\n          \"YWK3R740JS3T\"\n        ]\n      ],\n      [\n        \"FRZ1X\",\n        [\n          \"FRZ1X\"\n        ]\n      ],\n      [\n        \"FE815N\",\n        [\n          \"FE815N\"\n        ]\n      ]\n    ]\n  },\n  {\n    \"title\": \"patternExampleListArray sample 9\",\n    \"value\": [\n      [\n        \"ZJX337\",\n        [\n          \"ZJX337\"\n        ]\n      ],\n      [\n        \"JAO*3x2K\",\n        [\n          \"JAO0342K\",\n          \"JAOBIGB312K\",\n          \"JAOIX2U382K\",\n          \"JAO3N3XL392K\",\n          \"JAO4GLKO28B332K\",\n          \"JAOR50V7X312K\",\n          \"JAOETUE302K\",\n          \"JAO9352K\"\n        ]\n      ],\n      [\n        \"HGL1*7K\",\n        [\n          \"HGL196H7K\",\n          \"HGL17K\",\n          \"HGL1Q7K\",\n          \"HGL1EFUVYMN7K\",\n          \"HGL1E7K\",\n          \"HGL1AN0HNLV77K\",\n          \"HGL1Y97K\",\n          \"HGL1SCVO7K\",\n          \"HGL197K\",\n          \"HGL167K\",\n          \"HGL1RUV7K\"\n        ]\n      ],\n      [\n        \"CTX74*D\",\n        [\n          \"CTX74UBZZMGNVD\",\n          \"CTX74RYD\",\n          \"CTX74ARD\",\n          \"CTX74D\",\n          \"CTX7480ED\",\n          \"CTX744D\",\n          \"CTX740PBWVRD\"\n        ]\n      ],\n      [\n        \"UYI89\",\n        [\n          \"UYI89\"\n        ]\n      ],\n      [\n        \"QF7561J\",\n        [\n          \"QF7561J\"\n        ]\n      ],\n      [\n        \"FHY6\",\n        [\n          \"FHY6\"\n        ]\n      ],\n      [\n        \"TH229*\",\n        [\n          \"TH229PIRN\",\n          \"TH229QW\",\n          \"TH229GC3\",\n          \"TH229RLSD1\",\n          \"TH229D\",\n          \"TH229BXJI91\"\n        ]\n      ],\n      [\n        \"KM77U\",\n        [\n          \"KM77U\"\n        ]\n      ],\n      [\n        \"VNDx0P\",\n        [\n          \"VND40P\",\n          \"VND30P\",\n          \"VND50P\",\n          \"VND10P\",\n          \"VND70P\",\n          \"VND90P\",\n          \"VND60P\",\n          \"VND20P\",\n          \"VND80P\",\n          \"VND00P\"\n        ]\n      ]\n    ]\n  }\n]",
[...]
              "parentUUID": "3b6c59ac-e82f-4ce8-8799-fde781c5134a",
              "isHook": false,
              "skipped": false
            },
            {
              "title": "should preserve list of modules with upper bound of MCs if total MC count is lower",
              "fullTitle": "inequalitySatisfier should preserve list of modules with upper bound of MCs if total MC count is lower",
              "timedOut": false,
              "duration": 1,
              "state": "passed",
              "speed": "fast",
              "pass": true,
              "fail": false,
              "pending": false,
              "context": null,
              "code": "const satisfier = (0, satisfiers_1.inequalitySatisfier)(ref, \"<=32\");\nsatisfier.should.have.property(\"filter\");\nconst { filter } = satisfier;\nisCorrectFilter(filter, modulesList1, modulesList1.map(([moduleStr]) => moduleStr));",
              "err": {},
              "uuid": "4c2a425a-ce64-4e3f-9b28-b851cef20788",
              "parentUUID": "3b6c59ac-e82f-4ce8-8799-fde781c5134a",
              "isHook": false,
              "skipped": false
            },
            {
              "title": "should truncate list of modules with upper bound of MCs at exact cutoff if total MC count is higher and there exists some starting sequence with exact MC count",
              "fullTitle": "inequalitySatisfier should truncate list of modules with upper bound of MCs at exact cutoff if total MC count is higher and there exists some starting sequence with exact MC count",
              "timedOut": false,
              "duration": 0,
              "state": "passed",
              "speed": "fast",
              "pass": true,
              "fail": false,
              "pending": false,
              "context": null,
              "code": "const satisfier = (0, satisfiers_1.inequalitySatisfier)(ref, \"<=16\");\nsatisfier.should.have.property(\"filter\");\nconst { filter } = satisfier;\nisCorrectFilter(filter, modulesList1, [\n    \"CS2100\",\n    \"GER1000\",\n    \"CS2040S\",\n    \"ST2131\",\n]);",
              "err": {},
              "uuid": "ab0557a4-07d9-45f2-b139-ccfdd773fd92",
              "parentUUID": "3b6c59ac-e82f-4ce8-8799-fde781c5134a",
              "isHook": false,
              "skipped": false
            },
            {
              "title": "should truncate list of modules with upper bound of MCs, cutting off at the minimum starting sequence that exceeds upper bound, if total MC count is higher and there exists no starting sequence with exact MC count",
              "fullTitle": "inequalitySatisfier should truncate list of modules with upper bound of MCs, cutting off at the minimum starting sequence that exceeds upper bound, if total MC count is higher and there exists no starting sequence with exact MC count",
              "timedOut": false,
              "duration": 0,
              "state": "passed",
              "speed": "fast",
              "pass": true,
              "fail": false,
              "pending": false,
              "context": null,
              "code": "const satisfier = (0, satisfiers_1.inequalitySatisfier)(ref, \"<=17\");\nsatisfier.should.have.property(\"filter\");\nconst { filter } = satisfier;\nisCorrectFilter(filter, modulesList1, [\n    \"CS2100\",\n    \"GER1000\",\n    \"CS2040S\",\n    \"ST2131\",\n    \"MA1521\",\n]);",
              "err": {},
              "uuid": "4293111e-756c-4b10-9eb9-57d509ce06af",
              "parentUUID": "3b6c59ac-e82f-4ce8-8799-fde781c5134a",
              "isHook": false,
              "skipped": false
            }
          ],
          "suites": [],
          "passes": [
            "8d77d6a2-0c8f-422d-a5fc-483ee0ac286e",
            "17b8f196-d36d-486b-bf2e-7341b80744e2",
            "a2b276ea-70c9-4b1f-94e5-5db08e7b16fd",
            "e47dd78c-d701-45b0-9bfe-59ccae350f9e",
            "4c2a425a-ce64-4e3f-9b28-b851cef20788",
            "ab0557a4-07d9-45f2-b139-ccfdd773fd92",
            "4293111e-756c-4b10-9eb9-57d509ce06af"
          ],
          "failures": [],
          "pending": [],
          "skipped": [],
          "duration": 3,
          "root": false,
          "rootEmpty": false,
          "_timeout": 2000
        },
        {
          "uuid": "49c898e5-17d4-4562-acb2-30046db12572",
          "title": "inequalitySchema",
          "fullFile": "/home/runner/work/planwithus-lib/planwithus-lib/src/satisfyRule/inequality/schemas.test.ts",
          "file": "/src/satisfyRule/inequality/schemas.test.ts",
          "beforeHooks": [],
          "afterHooks": [],
          "tests": [
            {
              "title": "should validate inequality in the form <=n or >=n",
              "fullTitle": "inequalitySchema should validate inequality in the form <=n or >=n",
              "timedOut": false,
              "duration": 1,
              "state": "passed",
              "speed": "fast",
              "pass": true,
              "fail": false,
              "pending": false,
              "context": "[\n  {\n    \"title\": \"inequality sample 0\",\n    \"value\": \">=8\"\n  },\n  {\n    \"title\": \"inequality sample 1\",\n    \"value\": \">=93\"\n  },\n  {\n    \"title\": \"inequality sample 2\",\n    \"value\": \">=112\"\n  },\n  {\n    \"title\": \"inequality sample 3\",\n    \"value\": \"<=6\"\n  },\n  {\n    \"title\": \"inequality sample 4\",\n    \"value\": \"<=193\"\n  },\n  {\n    \"title\": \"inequality sample 5\",\n    \"value\": \"<=194\"\n  },\n  {\n    \"title\": \"inequality sample 6\",\n    \"value\": \">=7\"\n  },\n  {\n    \"title\": \"inequality sample 7\",\n    \"value\": \">=199\"\n  },\n  {\n    \"title\": \"inequality sample 8\",\n    \"value\": \"<=4\"\n  },\n  {\n    \"title\": \"inequality sample 9\",\n    \"value\": \">=137\"\n  }\n]",
              "code": "(0, fast_check_1.sample)(index_test_2.inequality, 10).forEach((sample, i) => (0, addContext_1.default)(this, {\n    title: `inequality sample ${i}`,\n    value: sample,\n}));\nreturn (0, fast_check_1.assert)((0, fast_check_1.property)(index_test_2.inequality, ajvValidate));",
              "err": {},
              "uuid": "0235708e-3c13-40ef-bd36-e31a879b7566",
              "parentUUID": "49c898e5-17d4-4562-acb2-30046db12572",
              "isHook": false,
              "skipped": false
            },
            {
              "title": "should not validate inequality of invalid form",
              "fullTitle": "inequalitySchema should not validate inequality of invalid form",
              "timedOut": false,
              "duration": 1,
              "state": "passed",
              "speed": "fast",
              "pass": true,
              "fail": false,
              "pending": false,
              "context": null,
              "code": "[\n        \"\",\n        \"==23\",\n        \"23\",\n        \"<23\",\n        \">23\",\n        \"<=-1\",\n        \">=-1\",\n        \"<= 2\",\n        \">= 1\",\n        \"> 3\",\n        \"< 3\",\n        \"<=3a\",\n        \">=3a\",\n        \"a<=3\",\n        \"a>=3\",\n    ].forEach(isInvalidInequality)",
              "err": {},
              "uuid": "4b5ca7a6-e2f0-4b08-995c-62cb13931263",
              "parentUUID": "49c898e5-17d4-4562-acb2-30046db12572",
              "isHook": false,
              "skipped": false
            }
          ],
          "suites": [],
          "passes": [
            "0235708e-3c13-40ef-bd36-e31a879b7566",
            "4b5ca7a6-e2f0-4b08-995c-62cb13931263"
          ],
          "failures": [],
          "pending": [],
          "skipped": [],
          "duration": 2,
          "root": false,
          "rootEmpty": false,
          "_timeout": 2000
        },
        {
          "uuid": "2b0be03d-63e3-4171-9456-9a00cfbe9f07",
          "title": "satisfyRuleSchema",
          "fullFile": "/home/runner/work/planwithus-lib/planwithus-lib/src/satisfyRule/schemas.test.ts",
          "file": "/src/satisfyRule/schemas.test.ts",
          "beforeHooks": [],
          "afterHooks": [],
          "tests": [
            {
              "title": "should validate satisfy rule with valid block id",
              "fullTitle": "satisfyRuleSchema should validate satisfy rule with valid block id",
              "timedOut": false,
              "duration": 1,
              "state": "passed",
              "speed": "fast",
              "pass": true,
              "fail": false,
              "pending": false,
              "context": null,
              "code": "0, fast_check_1.assert)((0, fast_check_1.property)((0, fast_check_1.string)(), ajvValidate)",
              "err": {},
              "uuid": "ad0979cf-939a-4ffd-9d73-6de95c3c15ad",
              "parentUUID": "2b0be03d-63e3-4171-9456-9a00cfbe9f07",
              "isHook": false,
              "skipped": false
            },
            {
              "title": "should validate satisfy rules with valid mc",
              "fullTitle": "satisfyRuleSchema should validate satisfy rules with valid mc",
              "timedOut": false,
              "duration": 1,
              "state": "passed",
              "speed": "fast",
              "pass": true,
              "fail": false,
              "pending": false,
              "context": "[\n  {\n    \"title\": \"mcSatisfyRule sample 0\",\n    \"value\": {\n      \"mc\": \">=45\"\n    }\n  },\n  {\n    \"title\": \"mcSatisfyRule sample 1\",\n    \"value\": {\n      \"mc\": \">=52\"\n    }\n  },\n  {\n    \"title\": \"mcSatisfyRule sample 2\",\n    \"value\": {\n      \"mc\": \"<=197\"\n    }\n  },\n  {\n    \"title\": \"mcSatisfyRule sample 3\",\n    \"value\": {\n      \"mc\": \"<=3\"\n    }\n  },\n  {\n    \"title\": \"mcSatisfyRule sample 4\",\n    \"value\": {\n      \"mc\": \">=195\"\n    }\n  },\n  {\n    \"title\": \"mcSatisfyRule sample 5\",\n    \"value\": {\n      \"mc\": \"<=103\"\n    }\n  },\n  {\n    \"title\": \"mcSatisfyRule sample 6\",\n    \"value\": {\n      \"mc\": \"<=63\"\n    }\n  },\n  {\n    \"title\": \"mcSatisfyRule sample 7\",\n    \"value\": {\n      \"mc\": \"<=94\"\n    }\n  },\n  {\n    \"title\": \"mcSatisfyRule sample 8\",\n    \"value\": {\n      \"mc\": \">=187\"\n    }\n  },\n  {\n    \"title\": \"mcSatisfyRule sample 9\",\n    \"value\": {\n      \"mc\": \"<=171\"\n    }\n  }\n]",
              "code": "(0, fast_check_1.sample)(index_test_2.mcSatisfyRule, 10).forEach((sample, i) => (0, addContext_1.default)(this, {\n    title: `mcSatisfyRule sample ${i}`,\n    value: sample,\n}));\nreturn (0, fast_check_1.assert)((0, fast_check_1.property)(index_test_2.mcSatisfyRule, ajvValidate));",
              "err": {},
              "uuid": "5a87e052-b30d-4cf0-811e-66fb877970e2",
              "parentUUID": "2b0be03d-63e3-4171-9456-9a00cfbe9f07",
              "isHook": false,
              "skipped": false
            },
            {
              "title": "should validate valid recursive satisfy rules",
              "fullTitle": "satisfyRuleSchema should validate valid recursive satisfy rules",
              "timedOut": false,
              "duration": 3,
              "state": "passed",
              "speed": "fast",
              "pass": true,
              "fail": false,
              "pending": false,
              "context": "[\n  {\n    \"title\": \"satisfyRule sample 0\",\n    \"value\": {\n      \"and\": [\n        {\n          \"mc\": \"<=126\"\n        }\n      ]\n    }\n  },\n  {\n    \"title\": \"satisfyRule sample 1\",\n    \"value\": {\n      \"mc\": \">=161\"\n    }\n  },\n  {\n    \"title\": \"satisfyRule sample 2\",\n    \"value\": {\n      \"mc\": \">=19\"\n    }\n  },\n  {\n    \"title\": \"satisfyRule sample 3\",\n    \"value\": \" x %!~!k \"\n  },\n  {\n    \"title\": \"satisfyRule sample 4\",\n    \"value\": {\n      \"or\": [\n        {\n          \"or\": [\n            {\n              \"or\": []\n            },\n            \"4cqYS?dLq\",\n            \"I^+n\\\\[DfU\",\n            \"W\"\n          ]\n        },\n        {\n          \"and\": [\n            \"G\"\n          ]\n        },\n        {\n          \"mc\": \">=24\"\n        },\n        {\n          \"or\": [\n            {\n              \"or\": []\n            },\n            {\n              \"mc\": \">=151\"\n            },\n            \"%=_2\"\n          ]\n        },\n        {\n          \"or\": [\n            \"`#2P\",\n            {\n              \"and\": [\n                {\n                  \"or\": [\n                    \"&\"\n                  ]\n                },\n                \"~\"\n              ]\n            }\n          ]\n        }\n      ]\n    }\n  },\n  {\n    \"title\": \"satisfyRule sample 5\",\n    \"value\": \"|yr{e~yx},\"\n  },\n  {\n    \"title\": \"satisfyRule sample 6\",\n    \"value\": {\n      \"mc\": \">=196\"\n    }\n  },\n  {\n    \"title\": \"satisfyRule sample 7\",\n    \"value\": {\n      \"mc\": \"<=3\"\n    }\n  },\n  {\n    \"title\": \"satisfyRule sample 8\",\n    \"value\": {\n      \"or\": [\n        \"T.fD^@T\",\n        \"i9)&\"\n      ]\n    }\n  },\n  {\n    \"title\": \"satisfyRule sample 9\",\n    \"value\": {\n      \"mc\": \"<=40\"\n    }\n  }\n]",
              "code": "(0, fast_check_1.sample)(index_test_2.satisfyRule, 10).forEach((sample, i) => (0, addContext_1.default)(this, {\n    title: `satisfyRule sample ${i}`,\n    value: sample,\n}));\nreturn (0, fast_check_1.assert)((0, fast_check_1.property)(index_test_2.satisfyRule, ajvValidate));",
              "err": {},
              "uuid": "92d7003d-58e2-4af8-b740-ab57f407296f",
              "parentUUID": "2b0be03d-63e3-4171-9456-9a00cfbe9f07",
              "isHook": false,
              "skipped": false
            },
            {
              "title": "should not validate non-string/object",
              "fullTitle": "satisfyRuleSchema should not validate non-string/object",
              "timedOut": false,
              "duration": 1,
              "state": "passed",
              "speed": "fast",
              "pass": true,
              "fail": false,
              "pending": false,
              "context": null,
              "code": "const error = {\n    instancePath: \"\",\n    message: \"satisfy rule should be either a string or an object\",\n};\nisInvalidRule(null, error);\nisInvalidRule(undefined, error);\nisInvalidRule(10, error);\nisInvalidRule([12, 24], error);",
              "err": {},
              "uuid": "8bac6a98-6fb3-42ce-8ba3-52a2b1db9a14",
              "parentUUID": "2b0be03d-63e3-4171-9456-9a00cfbe9f07",
              "isHook": false,
              "skipped": false
            },
            {
              "title": "should not validate satisfy rules with extra properties",
              "fullTitle": "satisfyRuleSchema should not validate satisfy rules with extra properties",
              "timedOut": false,
              "duration": 0,
              "state": "passed",
              "speed": "fast",
              "pass": true,
              "fail": false,
              "pending": false,
              "context": null,
              "code": "isInvalidRule({\n        and: [\n            { or: [\"2k\"], abc: \"def\" },\n            { mc: 8, ghi: \"jkl\" },\n        ],\n        mno: \"pqr\",\n    }, {\n        instancePath: \"/and/0\",\n        message: \"or satisfy rule should have property 'or' only\",\n    }, {\n        instancePath: \"/and/1\",\n        message: \"MC satisfy rule should have property 'mc' only\",\n    }, {\n        instancePath: \"\",\n        message: \"and satisfy rule should have property 'and' only\",\n    })",
              "err": {},
              "uuid": "ea28a232-04df-4250-a9f4-e6402814c092",
              "parentUUID": "2b0be03d-63e3-4171-9456-9a00cfbe9f07",
              "isHook": false,
              "skipped": false
            },
            {
              "title": "should not validate ambiguous satisfy rules",
              "fullTitle": "satisfyRuleSchema should not validate ambiguous satisfy rules",
              "timedOut": false,
              "duration": 0,
              "state": "passed",
              "speed": "fast",
              "pass": true,
              "fail": false,
              "pending": false,
              "context": null,
              "code": "const message = \"satisfy rule should have only one of properties 'mc', 'and', 'or'\";\nisInvalidRule({\n    or: [\n        { mc: 5, and: [\"CS2040\"] },\n        { and: [{ and: [\"abc\"], or: [\"def\"] }] },\n    ],\n}, { instancePath: \"/or/0\", message }, { instancePath: \"/or/1/and/0\", message });",
              "err": {},
              "uuid": "0d84266c-d750-46fa-a446-92fa5c3aed54",
              "parentUUID": "2b0be03d-63e3-4171-9456-9a00cfbe9f07",
              "isHook": false,
              "skipped": false
            },
            {
              "title": "should not validate and satisfy rules with non-array property",
              "fullTitle": "satisfyRuleSchema should not validate and satisfy rules with non-array property",
              "timedOut": false,
              "duration": 0,
              "state": "passed",
              "speed": "fast",
              "pass": true,
              "fail": false,
              "pending": false,
              "context": null,
              "code": "const message = \"property 'and' should be an array of satisfy rules\";\nisInvalidRule({ or: [{ and: {} }, { or: [{ and: 3 }] }] }, { instancePath: \"/or/0/and\", message }, { instancePath: \"/or/1/or/0/and\", message });",
              "err": {},
              "uuid": "3613fa04-bf0a-496c-872f-05b617aca793",
              "parentUUID": "2b0be03d-63e3-4171-9456-9a00cfbe9f07",
              "isHook": false,
              "skipped": false
            },
            {
              "title": "should not validate or satisfy rules with non-array property",
              "fullTitle": "satisfyRuleSchema should not validate or satisfy rules with non-array property",
              "timedOut": false,
              "duration": 0,
              "state": "passed",
              "speed": "fast",
              "pass": true,
              "fail": false,
              "pending": false,
              "context": null,
              "code": "const message = \"property 'or' should be an array of satisfy rules\";\nisInvalidRule({ and: [{ or: {} }, { and: [{ or: 3 }] }] }, { instancePath: \"/and/0/or\", message }, { instancePath: \"/and/1/and/0/or\", message });",
              "err": {},
              "uuid": "4aa4ee9b-e615-4358-bafe-b729b7c6e004",
              "parentUUID": "2b0be03d-63e3-4171-9456-9a00cfbe9f07",
              "isHook": false,
              "skipped": false
            }
          ],
          "suites": [],
          "passes": [
            "ad0979cf-939a-4ffd-9d73-6de95c3c15ad",
            "5a87e052-b30d-4cf0-811e-66fb877970e2",
            "92d7003d-58e2-4af8-b740-ab57f407296f",
            "8bac6a98-6fb3-42ce-8ba3-52a2b1db9a14",
            "ea28a232-04df-4250-a9f4-e6402814c092",
            "0d84266c-d750-46fa-a446-92fa5c3aed54",
            "3613fa04-bf0a-496c-872f-05b617aca793",
            "4aa4ee9b-e615-4358-bafe-b729b7c6e004"
          ],
          "failures": [],
          "pending": [],
          "skipped": [],
          "duration": 6,
          "root": false,
          "rootEmpty": false,
          "_timeout": 2000
        }
      ],
      "passes": [],
      "failures": [],
      "pending": [],
      "skipped": [],
      "duration": 0,
      "root": true,
      "rootEmpty": true,
      "_timeout": 2000
    }
  ],
  "meta": {
    "mocha": {
      "version": "9.1.2"
    },
    "mochawesome": {
      "options": {
        "quiet": false,
        "reportFilename": "mochawesome",
        "saveHtml": true,
        "saveJson": true,
        "consoleReporter": "spec",
        "useInlineDiffs": false,
        "code": true
      },
      "version": "7.0.1"
    },
    "marge": {
      "options": {
        "reportDir": "docs"
      },
      "version": "6.0.1"
    }
  }
}