{
  "stats": {
    "suites": 10,
    "tests": 48,
    "passes": 48,
    "pending": 0,
    "failures": 0,
    "start": "2021-11-30T06:37:24.866Z",
    "end": "2021-11-30T06:37:25.199Z",
    "duration": 333,
    "testsRegistered": 48,
    "passPercent": 100,
    "pendingPercent": 0,
    "other": 0,
    "hasOther": false,
    "skipped": 0,
    "hasSkipped": false
  },
  "results": [
    {
      "uuid": "cab2e6bd-b439-40ec-b796-c2a788618e7f",
      "title": "",
      "fullFile": "",
      "file": "",
      "beforeHooks": [],
      "afterHooks": [],
      "tests": [],
      "suites": [
        {
          "uuid": "eed82758-8ecf-46dd-837e-79e654cef44d",
          "title": "initDirectories",
          "fullFile": "/home/runner/work/planwithus-lib/planwithus-lib/src/block/schemas.test.ts",
          "file": "/src/block/schemas.test.ts",
          "beforeHooks": [],
          "afterHooks": [],
          "tests": [
            {
              "title": "should parse all blocks with no errors",
              "fullTitle": "initDirectories should parse all blocks with no errors",
              "timedOut": false,
              "duration": 3,
              "state": "passed",
              "speed": "fast",
              "pass": true,
              "fail": false,
              "pending": false,
              "context": null,
              "code": "_1.initDirectories.should.not.throw()",
              "err": {},
              "uuid": "cdcfa254-c556-4807-b1fe-ba9ee6fabfab",
              "parentUUID": "eed82758-8ecf-46dd-837e-79e654cef44d",
              "isHook": false,
              "skipped": false
            },
            {
              "title": "should produce primary, second & minor directories",
              "fullTitle": "initDirectories should produce primary, second & minor directories",
              "timedOut": false,
              "duration": 3,
              "state": "passed",
              "speed": "fast",
              "pass": true,
              "fail": false,
              "pending": false,
              "context": null,
              "code": "const directories = (0, _1.initDirectories)();\ndirectories.should.have.property(\"primary\");\ndirectories.should.have.property(\"second\");\ndirectories.should.have.property(\"minor\");",
              "err": {},
              "uuid": "3d5e5308-3a85-4c96-a5af-1afaa2005e33",
              "parentUUID": "eed82758-8ecf-46dd-837e-79e654cef44d",
              "isHook": false,
              "skipped": false
            }
          ],
          "suites": [],
          "passes": [
            "cdcfa254-c556-4807-b1fe-ba9ee6fabfab",
            "3d5e5308-3a85-4c96-a5af-1afaa2005e33"
          ],
          "failures": [],
          "pending": [],
          "skipped": [],
          "duration": 6,
          "root": false,
          "rootEmpty": false,
          "_timeout": 2000
        },
        {
          "uuid": "77eda619-0bbd-4a7d-9062-267c85232132",
          "title": "blockSchema",
          "fullFile": "/home/runner/work/planwithus-lib/planwithus-lib/src/block/schemas.test.ts",
          "file": "/src/block/schemas.test.ts",
          "beforeHooks": [],
          "afterHooks": [],
          "tests": [
            {
              "title": "should validate valid block",
              "fullTitle": "blockSchema should validate valid block",
              "timedOut": false,
              "duration": 198,
              "state": "passed",
              "speed": "slow",
              "pass": true,
              "fail": false,
              "pending": false,
              "context": "[\n  {\n    \"title\": \"block sample 0\",\n    \"value\": {\n      \"name\": \"Z\\\\kp=\",\n      \"ay\": 2029,\n      \"assign\": [\n        \"gs\\\\J>>Jv:U\",\n        \"ELl-9G\"\n      ],\n      \"satisfy\": [\n        {\n          \"mc\": \"<=196\"\n        }\n      ],\n      \"url\": \"https://24uuwf6f8srgdry6-ip9o9h94oy-gr717rb.sna0ymyvmpnlgc2in.l4ajsfgdvyo8k1qt627j2cnuaw9kqz0pt2h6wsl7zmgbmiupwd2.w.etd/%F2%8A%86%A2@c/Y!%F1%A6%9B%96,Hlayd//2TMK/,\",\n      \"info\": \";a\"\n    }\n  },\n  {\n    \"title\": \"block sample 1\",\n    \"value\": {\n      \"name\": \"&E \",\n      \"ay\": 2027,\n      \"assign\": \"$&\",\n      \"match\": [\n        {\n          \"or\": [\n            \"MMI04\",\n            \"IF57\",\n            {\n              \"pattern\": \"MO4\",\n              \"exclude\": \"DWx\",\n              \"info\": \"n\"\n            }\n          ]\n        },\n        \"VG*79\"\n      ],\n      \"satisfy\": {\n        \"mc\": \"<=200\"\n      },\n      \"url\": \"http://lqd-hqyjyvthgkuj81iu6uectoq035l3mg2uh2k9873.6ga3x0r04oy46te42x8fik4rnjk6o8sfy08w1n740d9g4kc-5cabkcomy62wefc.z8sjsxnuv3b-whr12qowy50bjpmefo3hnyzhxamdz2yf-4b1yvgug7e.hcvgtudyfzmgr3.mnrzkd/4&%F3%B2%82%8CL-S_J/w%F1%8E%BB%A72lRGV/x'q\",\n      \"isSelectable\": true\n    }\n  },\n  {\n    \"title\": \"block sample 2\",\n    \"value\": {\n      \"name\": \"\",\n      \"ay\": 1986,\n      \"assign\": [\n        \"!#\"\n      ],\n      \"match\": [],\n      \"satisfy\": {\n        \"and\": [\n          {\n            \"or\": []\n          },\n          \"~e]>T\\\\ENi\",\n          {\n            \"or\": [\n              {\n                \"and\": [\n                  \"jn1?!KI\",\n                  {\n                    \"mc\": \"<=20\"\n                  },\n                  \"K^/\",\n                  \"9~\",\n                  {\n                    \"or\": [\n                      \"X;=n\"\n                    ]\n                  }\n                ]\n              }\n            ]\n          },\n          \"J6m#tB=\",\n          {\n            \"and\": [\n              {\n                \"or\": [\n                  {\n                    \"mc\": \"<=83\"\n                  },\n                  {\n                    \"or\": [\n                      \"\\\\F7L\",\n                      \"i6\\\\u\",\n                      \"X}\"\n                    ]\n                  }\n                ]\n              },\n              {\n                \"and\": []\n              },\n              {\n                \"mc\": \">=101\"\n              },\n              {\n                \"or\": [\n                  \"\\\"6<R%f\",\n                  \"(\",\n                  {\n                    \"or\": [\n                      {\n                        \"mc\": \">=59\"\n                      },\n                      \"$_T\",\n                      \"(D\",\n                      \"~:*^Wu\\\"1,\"\n                    ]\n                  },\n                  \"P\",\n                  {\n                    \"and\": [\n                      {\n                        \"or\": [\n                          {\n                            \"and\": [\n                              \"]78%`?sIB3\",\n                              \"%C\",\n                              \"X&q_Il\",\n                              {\n                                \"and\": [\n                                  \"yrY35WK7!\",\n                                  {\n                                    \"or\": [\n                                      \"<}n\"\n                                    ]\n                                  },\n                                  \"\",\n                                  \";#^*\",\n                                  \"@ BwT\"\n                                ]\n                              }\n                            ]\n                          },\n                          \"RB\",\n                          {\n                            \"mc\": \">=181\"\n                          }\n                        ]\n                      },\n                      \"S_VWByMU\",\n                      \"3JIK` pb0\",\n                      {\n                        \"or\": [\n                          \"9%#M\",\n                          \"]kh_:f'\",\n                          \"rt0ei@Y\"\n                        ]\n                      },\n                      \"IlGCuG\"\n                    ]\n                  }\n                ]\n              },\n              \"y:zi< s\"\n            ]\n          }\n        ]\n      },\n      \"url\": \"https://0l372q2e475ts6yo7mx-b12m-f.yyvzeba\",\n      \"isSelectable\": true\n    }\n  },\n  {\n    \"title\": \"block sample 3\",\n    \"value\": {\n      \"name\": \"\",\n      \"ay\": 1956,\n      \"assign\": [],\n      \"match\": [\n        {\n          \"pattern\": \"ER33Z\",\n          \"exclude\": \"FX68*8\"\n        },\n        {\n          \"or\": [\n            \"II0688Y\",\n            {\n              \"or\": [\n                \"IUC0X\",\n                {\n                  \"and\": [\n                    \"AA7814E\",\n                    {\n                      \"and\": [\n                        \"LB*429\",\n                        \"PE72\",\n                        \"CUI0644R\"\n                      ]\n                    },\n                    {\n                      \"pattern\": \"RCO7x7\",\n                      \"info\": \"\"\n                    },\n                    \"CBI2821N\",\n                    \"IT*37\"\n                  ]\n                }\n              ]\n            },\n            \"EV5U\"\n          ]\n        },\n        \"UR63\",\n        {\n          \"and\": [\n            {\n              \"or\": [\n                {\n                  \"or\": [\n                    \"OQG54O\",\n                    {\n                      \"pattern\": \"EV1\",\n                      \"exclude\": [\n                        \"JLKx*1Z\",\n                        \"QE*\",\n                        \"GF2017P\",\n                        \"VFK630E\"\n                      ]\n                    },\n                    \"VA3\",\n                    {\n                      \"or\": []\n                    },\n                    \"ZWY17\"\n                  ]\n                }\n              ]\n            }\n          ]\n        },\n        {\n          \"or\": []\n        }\n      ],\n      \"url\": \"https://a08m6-m1hp0jfe8edg9m9oblb35uwldfcr48ib810rqa5hv8nji4ah.firpgvgcpv\",\n      \"info\": \"}\",\n      \"isSelectable\": true\n    }\n  },\n  {\n    \"title\": \"block sample 4\",\n    \"value\": {\n      \"name\": \",y1\",\n      \"ay\": 1951,\n      \"match\": \"KY617\",\n      \"satisfy\": [\n        \"61o`+,1iJN\",\n        {\n          \"mc\": \"<=135\"\n        },\n        {\n          \"or\": [\n            {\n              \"or\": []\n            },\n            \"SN1:-\\\\YF7\",\n            {\n              \"and\": [\n                {\n                  \"and\": [\n                    {\n                      \"and\": [\n                        \"gLy<N^~Pq\",\n                        \"yY|\"\n                      ]\n                    },\n                    {\n                      \"or\": []\n                    },\n                    {\n                      \"or\": [\n                        {\n                          \"mc\": \"<=127\"\n                        },\n                        {\n                          \"mc\": \"<=161\"\n                        },\n                        \"Fvx{.\",\n                        \"1;3l[]Z?a\",\n                        \"7a>kqsqHp\"\n                      ]\n                    },\n                    {\n                      \"or\": [\n                        \"v.v(`+K\",\n                        {\n                          \"and\": []\n                        },\n                        \"lx\",\n                        \"i]e')xT9\"\n                      ]\n                    },\n                    \"hZuEmE\"\n                  ]\n                },\n                {\n                  \"or\": [\n                    {\n                      \"or\": []\n                    },\n                    \"=5O\\\"a)~qc\",\n                    {\n                      \"and\": [\n                        \"~(hz!rWo\",\n                        \"k0\",\n                        \"^zK6u7h1|\"\n                      ]\n                    },\n                    \"F3'\"\n                  ]\n                },\n                \"sh\\\\\"\n              ]\n            },\n            {\n              \"mc\": \"<=63\"\n            }\n          ]\n        },\n        \"ivt\"\n      ],\n      \"url\": \"http://e8e.7.ew/0aP4ZY/QH8nO0&%F3%95%B8%84)%F4%89%83%95/*y%F3%B2%8E%85a&pf/cN~%F2%96%AB%B0/N7n/+&%F0%A1%8C%ACTV/1z/a',~/Y2/NJ%F1%8D%97%88o\",\n      \"info\": \"$m\",\n      \"isSelectable\": true\n    }\n  },\n  {\n    \"title\": \"block sample 5\",\n    \"value\": {\n      \"name\": \"w=\\\"++\",\n      \"ay\": 2008,\n      \"assign\": [\n        \"iJ\",\n        \"4CWhp\",\n        \"czIUiZE\",\n        \"$`!:-i&A\"\n      ],\n      \"match\": {\n        \"or\": [\n          {\n            \"or\": []\n          },\n          {\n            \"and\": [\n              {\n                \"and\": [\n                  {\n                    \"or\": []\n                  },\n                  \"HMK4*34\"\n                ]\n              },\n              {\n                \"and\": [\n                  {\n                    \"pattern\": \"WRG346O\",\n                    \"exclude\": \"QCC809\",\n                    \"info\": \".:P~Nuj>G\"\n                  },\n                  \"MBQ9*72\",\n                  \"ZQM3\",\n                  {\n                    \"pattern\": \"BZ2963S\",\n                    \"exclude\": [\n                      \"FLY0L\",\n                      \"UHO3C\"\n                    ],\n                    \"info\": \"rZA%5~ kAu\"\n                  }\n                ]\n              },\n              {\n                \"pattern\": \"QM5098\",\n                \"exclude\": [\n                  \"LK48xE\",\n                  \"JG1452R\",\n                  \"SER42\"\n                ],\n                \"info\": \"Xz]{TX\"\n              },\n              \"GV4946\"\n            ]\n          }\n        ]\n      },\n      \"satisfy\": [\n        {\n          \"or\": [\n            \"FV~;oWEf)T\",\n            \"^9$Hs6j+ZV\",\n            {\n              \"or\": [\n                \"Zx[)!\\\"CNWA\",\n                {\n                  \"or\": [\n                    {\n                      \"and\": [\n                        \"(&W^5J{~_\",\n                        \")vTB12\"\n                      ]\n                    },\n                    \"G@)$C\",\n                    \"GnP \",\n                    \"x>9\"\n                  ]\n                },\n                {\n                  \"mc\": \"<=179\"\n                }\n              ]\n            },\n            {\n              \"or\": [\n                {\n                  \"mc\": \"<=116\"\n                },\n                \"iamQ\",\n                {\n                  \"or\": []\n                }\n              ]\n            }\n          ]\n        },\n        {\n          \"and\": [\n            \"i9*PL2\",\n            {\n              \"or\": [\n                {\n                  \"and\": [\n                    \"g(1#X)/)y\"\n                  ]\n                },\n                {\n                  \"and\": [\n                    \"\",\n                    {\n                      \"or\": [\n                        \"jwpt\",\n                        \";$f9f}aJPk\"\n                      ]\n                    },\n                    {\n                      \"or\": [\n                        \"_y-\"\n                      ]\n                    },\n                    \"9Q^##:\"\n                  ]\n                }\n              ]\n            },\n            \"}\"\n          ]\n        }\n      ],\n      \"url\": \"http://lmi5yszkud0-gdo6nong7tjys4q-mfj-c06cm6e7ki8idrfkus0.7m8a-1-953oajwunuedpoe4dm-y3y5j1los9v.mq7tjpan6oo071k-w5l1xi0oor3qejn23rpzq2-0yqg7.uks/qz%F0%BC%B5%8Ew*F5=/arCFRF/pW\",\n      \"info\": \"!\",\n      \"isSelectable\": true,\n      \"#z+YM\": {\n        \"name\": \".\",\n        \"ay\": 1991,\n        \"assign\": \" 2\",\n        \"match\": {\n          \"pattern\": \"FE7\",\n          \"exclude\": [\n            \"UU25\"\n          ],\n          \"info\": \"ng\"\n        },\n        \"satisfy\": [\n          {\n            \"and\": [\n              \"%&Z/yPH\"\n            ]\n          },\n          {\n            \"and\": [\n              {\n                \"and\": [\n                  {\n                    \"or\": [\n                      \"j}9P9y\"\n                    ]\n                  },\n                  {\n                    \"mc\": \">=154\"\n                  },\n                  \"]Aoyef9>>P\",\n                  \"\",\n                  {\n                    \"mc\": \">=15\"\n                  }\n                ]\n              },\n              {\n                \"and\": [\n                  \",@MW`$Z+\",\n                  {\n                    \"or\": [\n                      \"gGryoBs\"\n                    ]\n                  },\n                  \"f\",\n                  \"3_t6\"\n                ]\n              },\n              {\n                \"mc\": \">=180\"\n              },\n              {\n                \"or\": [\n                  \"jdQ>bhl\"\n                ]\n              },\n              \"\"\n            ]\n          }\n        ],\n        \"info\": \"\",\n        \"isSelectable\": true\n      },\n      \"9w\": {\n        \"ay\": 2024,\n        \"assign\": [\n          \"& hl4kc)?\"\n        ],\n        \"match\": [\n          \"XT8*18\"\n        ],\n        \"satisfy\": [\n          {\n            \"mc\": \">=110\"\n          },\n          {\n            \"or\": [\n              {\n                \"and\": [\n                  {\n                    \"or\": [\n                      \"-2aS<lV\",\n                      \"$\",\n                      {\n                        \"and\": [\n                          \"\\\"]hC$6Ny`i\"\n                        ]\n                      },\n                      {\n                        \"and\": [\n                          \"}n2k\"\n                        ]\n                      },\n                      \"%-!N\\\"\"\n                    ]\n                  },\n                  \"iY7.\\\\^\",\n                  {\n                    \"and\": [\n                      {\n                        \"and\": []\n                      },\n                      \"y]\",\n                      \"?Bq3yXQO\"\n                    ]\n                  }\n                ]\n              },\n              {\n                \"mc\": \"<=44\"\n              },\n              {\n                \"and\": [\n                  {\n                    \"and\": [\n                      \"><\",\n                      \"Hf{iI!\",\n                      \"u\"\n                    ]\n                  }\n                ]\n              },\n              \"\",\n              {\n                \"mc\": \">=35\"\n              }\n            ]\n          },\n          {\n            \"or\": [\n              {\n                \"mc\": \"<=89\"\n              },\n              {\n                \"and\": [\n                  \"Gv?qcw\"\n                ]\n              },\n              \".OcM\"\n            ]\n          },\n          \"I_\"\n        ],\n        \"url\": \"http://2r8e.n.7lp610w9htbzec4z0bs9888aeop3sr9mub9kgllbyf52crn141.udahcac//%F2%B2%B5%BA%F3%93%8B%95KQ1lss)/FHo9,H:xa/%F3%A7%97%8CN.h\",\n        \"info\": \"%\",\n        \"isSelectable\": true\n      },\n      \"\": {\n        \"name\": \"b\",\n        \"assign\": [\n          \"CoN{%\"\n        ],\n        \"match\": [\n          \"YV14F\"\n        ],\n        \"satisfy\": [\n          \"/\",\n          {\n            \"or\": [\n              {\n                \"and\": [\n                  {\n                    \"or\": []\n                  }\n                ]\n              },\n              \"v$\"\n            ]\n          }\n        ],\n        \"url\": \"http://yr8qt93xsvna5dzlw9amczbe8.o.akaj/F./\",\n        \"info\": \"$ *-i;%\",\n        \"isSelectable\": true\n      }\n    }\n  },\n  {\n    \"title\": \"block sample 6\",\n    \"value\": {\n      \"name\": \"$F}\",\n      \"ay\": 1953,\n      \"assign\": \"A:@d*}O*\",\n      \"match\": [\n        {\n          \"or\": [\n            {\n              \"and\": [\n                {\n                  \"and\": [\n                    {\n                      \"pattern\": \"GC6\",\n                      \"exclude\": [\n                        \"OPT064\",\n                        \"EOA54\",\n                        \"RCI204\",\n                        \"ZBT2964\",\n                        \"DHV792Z\"\n                      ],\n                      \"info\": \"'dCgTZ\"\n                    },\n                    {\n                      \"pattern\": \"JPH7R\",\n                      \"exclude\": [\n                        \"CQG497\",\n                        \"ZQTx\",\n                        \"UD1*47\",\n                        \"JHG7*6A\"\n                      ]\n                    },\n                    {\n                      \"pattern\": \"MREx7*0\",\n                      \"exclude\": \"AR04\",\n                      \"info\": \"4[GRxZ{\"\n                    }\n                  ]\n                },\n                {\n                  \"or\": []\n                },\n                \"XH8x18\",\n                \"ZH2x\",\n                {\n                  \"or\": [\n                    {\n                      \"and\": []\n                    },\n                    {\n                      \"and\": [\n                        \"GDx7\",\n                        {\n                          \"or\": [\n                            \"LR21\",\n                            \"YL6122Z\"\n                          ]\n                        },\n                        \"KOL568\",\n                        {\n                          \"and\": [\n                            \"IO*\",\n                            \"UI*x\",\n                            \"GI72\"\n                          ]\n                        }\n                      ]\n                    },\n                    \"TCO6259D\",\n                    {\n                      \"and\": [\n                        {\n                          \"pattern\": \"KO01\",\n                          \"exclude\": [\n                            \"RC532*O\",\n                            \"PT1\",\n                            \"QK073\"\n                          ],\n                          \"info\": \"<\"\n                        },\n                        \"SF891\",\n                        \"FHO3xM\",\n                        \"FW930I\"\n                      ]\n                    },\n                    \"BHE5S\"\n                  ]\n                }\n              ]\n            },\n            \"KHx141O\",\n            {\n              \"pattern\": \"PT*\",\n              \"exclude\": [\n                \"XCP22D\",\n                \"OI1xx1U\"\n              ],\n              \"info\": \"D,(ID*\"\n            },\n            \"HH1G\"\n          ]\n        },\n        {\n          \"and\": [\n            \"UH2962J\",\n            {\n              \"pattern\": \"WY5918\",\n              \"exclude\": [\n                \"ZGU88K\",\n                \"NUJ*27\",\n                \"RRA40\",\n                \"OL3P\",\n                \"ICN1\"\n              ]\n            },\n            {\n              \"and\": [\n                \"YXL47\",\n                {\n                  \"pattern\": \"SZX4*3\",\n                  \"exclude\": \"UCV37H\",\n                  \"info\": \"$y>d:+Ve7\"\n                },\n                {\n                  \"pattern\": \"YQM7T\",\n                  \"exclude\": \"SYA20\",\n                  \"info\": \"B\"\n                }\n              ]\n            },\n            {\n              \"or\": [\n                {\n                  \"pattern\": \"GML12G\",\n                  \"exclude\": [],\n                  \"info\": \"(\"\n                },\n                {\n                  \"and\": [\n                    {\n                      \"or\": [\n                        \"DOJ*\",\n                        \"MO5437J\",\n                        \"IWW1B\",\n                        \"ON8616\"\n                      ]\n                    },\n                    \"ANN**87\",\n                    {\n                      \"and\": [\n                        \"AB**7D\",\n                        \"DFQ3751\",\n                        {\n                          \"or\": [\n                            \"CXY3*6\",\n                            \"YK097*\",\n                            {\n                              \"pattern\": \"KLR5\",\n                              \"exclude\": \"PY4U\",\n                              \"info\": \"lZ<]9@~05Q\"\n                            }\n                          ]\n                        }\n                      ]\n                    },\n                    {\n                      \"pattern\": \"PI867C\",\n                      \"exclude\": [\n                        \"LBL6\",\n                        \"RO498W\",\n                        \"YYR947T\",\n                        \"MFH496\"\n                      ],\n                      \"info\": \"b\"\n                    },\n                    {\n                      \"and\": [\n                        \"XXJ7I\",\n                        \"JW3552Q\"\n                      ]\n                    }\n                  ]\n                }\n              ]\n            },\n            {\n              \"or\": [\n                \"XD64H\",\n                \"XAC93\",\n                {\n                  \"or\": [\n                    \"QJUxM\",\n                    {\n                      \"and\": [\n                        \"WPO0159U\",\n                        \"WE38V\",\n                        \"APQ8342K\"\n                      ]\n                    },\n                    {\n                      \"and\": [\n                        \"OGO*4\",\n                        \"QE193xG\",\n                        \"BIP0745I\",\n                        \"FU545J\",\n                        \"TZ09T\"\n                      ]\n                    },\n                    {\n                      \"or\": [\n                        \"ET61\",\n                        \"YLO47\",\n                        \"GAN0*\",\n                        \"KTx34\"\n                      ]\n                    },\n                    {\n                      \"and\": [\n                        {\n                          \"and\": [\n                            \"KMF*6*S\"\n                          ]\n                        },\n                        {\n                          \"pattern\": \"AS*E\",\n                          \"info\": \"Z\\\\,\"\n                        }\n                      ]\n                    }\n                  ]\n                },\n                {\n                  \"and\": [\n                    \"FXN80P\",\n                    \"FJO47T\"\n                  ]\n                },\n                \"UM7023\"\n              ]\n            }\n          ]\n        }\n      ],\n      \"url\": \"https://ewzkeqf719x.d.da5f.bxzqcumm/:FK=/8qqHt%F1%83%9D%A5!%F3%BE%B8%83zO/a9DBo%F2%84%A0%92%F4%89%BE%AA'/_yuj%F2%90%B2%B6/M8f(,,%F1%91%B9%98/v+uc%F0%A6%BC%82Id/%F2%AC%B3%91Po%F1%99%98%A1O/3QJXkzk2;//(LF40W%EF%B1%881V\",\n      \"info\": \"%<i%AJ$OjY\",\n      \"isSelectable\": true\n    }\n  },\n  {\n    \"title\": \"block sample 7\",\n    \"value\": {\n      \"ay\": 2026,\n      \"match\": [\n        {\n          \"or\": [\n            {\n              \"or\": [\n                {\n                  \"or\": [\n                    \"XUF1*6\"\n                  ]\n                },\n                {\n                  \"and\": [\n                    \"TN6V\",\n                    \"JJF9\",\n                    {\n                      \"or\": [\n                        \"ILL855*\",\n                        \"DO53\",\n                        \"BXX730L\"\n                      ]\n                    },\n                    \"TA064A\"\n                  ]\n                },\n                {\n                  \"and\": [\n                    {\n                      \"pattern\": \"PL622R\",\n                      \"exclude\": \"NHK756E\",\n                      \"info\": \"eqY0`*e}\"\n                    },\n                    {\n                      \"and\": [\n                        \"ZO61G\",\n                        \"TK6\",\n                        {\n                          \"and\": [\n                            \"MS95*\"\n                          ]\n                        }\n                      ]\n                    }\n                  ]\n                },\n                {\n                  \"and\": [\n                    \"YW8*2*B\",\n                    {\n                      \"or\": [\n                        {\n                          \"pattern\": \"HO559F\",\n                          \"exclude\": \"IQ9762\"\n                        }\n                      ]\n                    }\n                  ]\n                },\n                {\n                  \"and\": []\n                }\n              ]\n            }\n          ]\n        },\n        \"VM06C\",\n        {\n          \"pattern\": \"OYL66Y\",\n          \"info\": \"mu\"\n        },\n        {\n          \"and\": [\n            \"RAQ04\",\n            \"NHB*06\"\n          ]\n        }\n      ],\n      \"satisfy\": {\n        \"mc\": \">=130\"\n      },\n      \"info\": \">\",\n      \"isSelectable\": true\n    }\n  },\n  {\n    \"title\": \"block sample 8\",\n    \"value\": {\n      \"name\": \" YJ\",\n      \"assign\": [\n        \"L\",\n        \"D}bluM\",\n        \"+ZIH2T)\",\n        \";|CT\",\n        \"ScYq@1U\"\n      ],\n      \"match\": [\n        {\n          \"pattern\": \"EUL0*4\",\n          \"info\": \"A!\"\n        }\n      ],\n      \"satisfy\": [\n        {\n          \"and\": [\n            {\n              \"or\": [\n                \"1\\\"_ }1~Ct[\",\n                \"x#WrND\",\n                {\n                  \"or\": []\n                },\n                \"Tmy\\\"|\",\n                {\n                  \"or\": []\n                }\n              ]\n            }\n          ]\n        },\n        {\n          \"or\": [\n            {\n              \"mc\": \"<=1\"\n            },\n            \"T$||!\",\n            \"Vz_Q;\",\n            \"xC!cDD=+k)\"\n          ]\n        },\n        \"{|Z%\",\n        {\n          \"mc\": \"<=63\"\n        },\n        {\n          \"mc\": \"<=121\"\n        }\n      ],\n      \"url\": \"http://dfwcv8pivhcuzhc2ovqdw3ef7i438m7d3py-v73mqlrlsnmubovp7.benw-wu6lmf8paq6rvfmwhma4lz5p6nl7n2vv-xmdy6ue0vr6tj-hvbr6pu.dcnrbw.384ipmm2bgnqx4z11ozq7dm9tyj17b-h8kq71ig20lyc.bcddpay//dbucWZAg%2F//eG.U.fF//RAS-.//8+\",\n      \"info\": \"$9|d\",\n      \"isSelectable\": true,\n      \"/^L^\": {\n        \"name\": \";_Q\\\"~VY?@#\",\n        \"assign\": \"-rq\",\n        \"match\": [\n          \"AD83Y\",\n          {\n            \"or\": []\n          },\n          {\n            \"or\": [\n              {\n                \"and\": []\n              },\n              {\n                \"or\": [\n                  \"YGB97C\"\n                ]\n              }\n            ]\n          }\n        ],\n        \"satisfy\": [\n          {\n            \"or\": [\n              {\n                \"and\": []\n              },\n              {\n                \"mc\": \"<=85\"\n              },\n              {\n                \"or\": [\n                  {\n                    \"and\": [\n                      {\n                        \"mc\": \"<=13\"\n                      },\n                      \"jwSPL\",\n                      \"J1W\",\n                      {\n                        \"and\": [\n                          \">~\",\n                          \"Ts\",\n                          \"M\\\"\"\n                        ]\n                      },\n                      {\n                        \"or\": [\n                          \"\\\">%M`\",\n                          \"^\",\n                          \"lU\",\n                          \"YWfDfT(F/+\",\n                          \"-:Sb\\\"\"\n                        ]\n                      }\n                    ]\n                  },\n                  \"uG\",\n                  \"\",\n                  {\n                    \"or\": [\n                      {\n                        \"and\": [\n                          \"44y5A|PzY\"\n                        ]\n                      },\n                      \"n{\",\n                      \"^b:]I&C\"\n                    ]\n                  },\n                  {\n                    \"and\": [\n                      \"RfU#7G\\\\/n}\",\n                      \"]1t3!b!\\\\k\",\n                      \"gX|\",\n                      \"{[t_K\"\n                    ]\n                  }\n                ]\n              },\n              \"yX+<\",\n              {\n                \"mc\": \">=124\"\n              }\n            ]\n          }\n        ],\n        \"info\": \"7fgM\",\n        \"isSelectable\": true\n      }\n    }\n  },\n  {\n    \"title\": \"block sample 9\",\n    \"value\": {\n      \"name\": \"RQF\",\n      \"ay\": 1954,\n      \"satisfy\": [\n        \"jH^eh#\"\n      ],\n      \"info\": \"%,~ad]\\\\hx\",\n      \"isSelectable\": true\n    }\n  }\n]",
              "code": "(0, fast_check_1.sample)(index_test_2.block, 10).forEach((sample, i) => (0, addContext_1.default)(this, {\n    title: `block sample ${i}`,\n    value: sample,\n}));\nreturn (0, fast_check_1.assert)((0, fast_check_1.property)(index_test_2.block, ajvValidate));",
              "err": {},
              "uuid": "056244fb-d2c1-4ce1-8de7-56b18be40c04",
              "parentUUID": "77eda619-0bbd-4a7d-9062-267c85232132",
              "isHook": false,
              "skipped": false
            },
            {
              "title": "should not validate non-object",
              "fullTitle": "blockSchema should not validate non-object",
              "timedOut": false,
              "duration": 1,
              "state": "passed",
              "speed": "fast",
              "pass": true,
              "fail": false,
              "pending": false,
              "context": null,
              "code": "const error = {\n    instancePath: \"\",\n    message: \"block should be an object\",\n};\nisInvalidBlock(null, error);\nisInvalidBlock(undefined, error);\nisInvalidBlock(10, error);\nisInvalidBlock([12, 24], error);\nisInvalidBlock(\"abc\", error);",
              "err": {},
              "uuid": "e46811fb-a927-4b8a-88d2-2ebeecc7b4fc",
              "parentUUID": "77eda619-0bbd-4a7d-9062-267c85232132",
              "isHook": false,
              "skipped": false
            },
            {
              "title": "should not validate block with invalid properties",
              "fullTitle": "blockSchema should not validate block with invalid properties",
              "timedOut": false,
              "duration": 0,
              "state": "passed",
              "speed": "fast",
              "pass": true,
              "fail": false,
              "pending": false,
              "context": null,
              "code": "isInvalidBlock({\n        name: { foo: \"bar\" },\n        ay: -1000,\n        assign: {},\n        match: 1,\n        satisfy: 2,\n        url: { abc: \"def\" },\n        info: 42,\n        isSelectable: 32,\n    }, { instancePath: \"/name\", message: \"property 'name' should be a string\" }, {\n        instancePath: \"/ay\",\n        message: \"property 'ay' should be a positive integer\",\n    }, {\n        instancePath: \"/assign\",\n        message: \"property 'assign' should be either a block ID or an array of block IDs\",\n    }, {\n        instancePath: \"/match\",\n        message: \"property 'match' should be either a match rule or an array of match rules\",\n    }, {\n        instancePath: \"/satisfy\",\n        message: \"property 'satisfy' should be either a satisfy rule or an array of satisfy rules\",\n    }, { instancePath: \"/url\", message: \"property 'url' should be a string\" }, { instancePath: \"/info\", message: \"property 'info' should be a string\" }, {\n        instancePath: \"/isSelectable\",\n        message: \"property 'isSelectable' should be a boolean\",\n    })",
              "err": {},
              "uuid": "58b05070-d4e7-41a1-88ae-453e94f4ce31",
              "parentUUID": "77eda619-0bbd-4a7d-9062-267c85232132",
              "isHook": false,
              "skipped": false
            }
          ],
          "suites": [],
          "passes": [
            "056244fb-d2c1-4ce1-8de7-56b18be40c04",
            "e46811fb-a927-4b8a-88d2-2ebeecc7b4fc",
            "58b05070-d4e7-41a1-88ae-453e94f4ce31"
          ],
          "failures": [],
          "pending": [],
          "skipped": [],
          "duration": 199,
          "root": false,
          "rootEmpty": false,
          "_timeout": 2000
        },
        {
          "uuid": "8c07dd26-0f2d-4513-9bf2-07fe2ea5b4d5",
          "title": "patternToRE",
          "fullFile": "/home/runner/work/planwithus-lib/planwithus-lib/src/matchRule/pattern/satisfiers.test.ts",
          "file": "/src/matchRule/pattern/satisfiers.test.ts",
          "beforeHooks": [],
          "afterHooks": [],
          "tests": [
            {
              "title": "should match valid modules with a single pattern",
              "fullTitle": "patternToRE should match valid modules with a single pattern",
              "timedOut": false,
              "duration": 14,
              "state": "passed",
              "speed": "fast",
              "pass": true,
              "fail": false,
              "pending": false,
              "context": "[\n  {\n    \"title\": \"patternExampleList sample 0\",\n    \"value\": [\n      \"JHP2\",\n      [\n        \"JHP2\"\n      ]\n    ]\n  },\n  {\n    \"title\": \"patternExampleList sample 1\",\n    \"value\": [\n      \"RJ9R\",\n      [\n        \"RJ9R\"\n      ]\n    ]\n  },\n  {\n    \"title\": \"patternExampleList sample 2\",\n    \"value\": [\n      \"AY1\",\n      [\n        \"AY1\"\n      ]\n    ]\n  },\n  {\n    \"title\": \"patternExampleList sample 3\",\n    \"value\": [\n      \"JS54\",\n      [\n        \"JS54\"\n      ]\n    ]\n  },\n  {\n    \"title\": \"patternExampleList sample 4\",\n    \"value\": [\n      \"WV0*\",\n      [\n        \"WV0\",\n        \"WV0G9\",\n        \"WV059XVVLA\",\n        \"WV0FE63\",\n        \"WV0MMZ26\",\n        \"WV0L0HKV\",\n        \"WV0QOZWDQPY\",\n        \"WV06ZBI\",\n        \"WV0CG\",\n        \"WV02T3RD43T\",\n        \"WV0SNRZFVA\",\n        \"WV0CN9IIZN\"\n      ]\n    ]\n  },\n  {\n    \"title\": \"patternExampleList sample 5\",\n    \"value\": [\n      \"RI6969\",\n      [\n        \"RI6969\"\n      ]\n    ]\n  },\n  {\n    \"title\": \"patternExampleList sample 6\",\n    \"value\": [\n      \"BRC365\",\n      [\n        \"BRC365\"\n      ]\n    ]\n  },\n  {\n    \"title\": \"patternExampleList sample 7\",\n    \"value\": [\n      \"CD*9P\",\n      [\n        \"CDH9P\",\n        \"CDGAXDD9P\",\n        \"CDU2R28DWX9P\",\n        \"CDXC59P\",\n        \"CDHBQ50NG9P\",\n        \"CD724Q4Y9P\",\n        \"CDN9P\",\n        \"CDTERUXHH9P\"\n      ]\n    ]\n  },\n  {\n    \"title\": \"patternExampleList sample 8\",\n    \"value\": [\n      \"TSA07\",\n      [\n        \"TSA07\"\n      ]\n    ]\n  },\n  {\n    \"title\": \"patternExampleList sample 9\",\n    \"value\": [\n      \"XT4\",\n      [\n        \"XT4\"\n      ]\n    ]\n  }\n]",
              "code": "(0, fast_check_1.sample)(index_test_1.patternExampleList, 10).forEach((sample, i) => (0, addContext_1.default)(this, {\n    title: `patternExampleList sample ${i}`,\n    value: sample,\n}));\nreturn (0, fast_check_1.assert)((0, fast_check_1.property)(index_test_1.patternExampleList, ([patternStr, examples]) => {\n    const re = (0, _1.patternToRE)(patternStr);\n    return examples.every(re.test.bind(re));\n}));",
              "err": {},
              "uuid": "aef9005a-a16d-4152-ad67-957fa83313b5",
              "parentUUID": "8c07dd26-0f2d-4513-9bf2-07fe2ea5b4d5",
              "isHook": false,
              "skipped": false
            },
            {
              "title": "should match valid modules with multiple patterns",
              "fullTitle": "patternToRE should match valid modules with multiple patterns",
              "timedOut": false,
              "duration": 62,
              "state": "passed",
              "speed": "medium",
              "pass": true,
              "fail": false,
              "pending": false,
              "context": "[\n  {\n    \"title\": \"patternExampleListArray sample 0\",\n    \"value\": [\n      [\n        \"MVC282U\",\n        [\n          \"MVC282U\"\n        ]\n      ],\n      [\n        \"TI6x25\",\n        [\n          \"TI6525\",\n          \"TI6825\",\n          \"TI6325\",\n          \"TI6225\",\n          \"TI6025\"\n        ]\n      ]\n    ]\n  },\n  {\n    \"title\": \"patternExampleListArray sample 1\",\n    \"value\": [\n      [\n        \"RKFx0*\",\n        [\n          \"RKF30AE87\",\n          \"RKF70CV6H4S\",\n          \"RKF70L\",\n          \"RKF70NOP88CF\",\n          \"RKF005KNQFD4\",\n          \"RKF30JKGZ\",\n          \"RKF90TI2Q4UQ\"\n        ]\n      ],\n      [\n        \"YQ0\",\n        [\n          \"YQ0\"\n        ]\n      ],\n      [\n        \"PBG39\",\n        [\n          \"PBG39\"\n        ]\n      ],\n      [\n        \"IBCx49\",\n        [\n          \"IBC149\",\n          \"IBC849\",\n          \"IBC049\",\n          \"IBC649\",\n          \"IBC449\",\n          \"IBC949\",\n          \"IBC749\",\n          \"IBC549\"\n        ]\n      ],\n      [\n        \"XTH757\",\n        [\n          \"XTH757\"\n        ]\n      ],\n      [\n        \"FZQ9155\",\n        [\n          \"FZQ9155\"\n        ]\n      ],\n      [\n        \"DD*3\",\n        [\n          \"DDCYN7YPOJ3\",\n          \"DD1TY3\"\n        ]\n      ],\n      [\n        \"VF9x54\",\n        [\n          \"VF9354\",\n          \"VF9754\",\n          \"VF9554\",\n          \"VF9654\"\n        ]\n      ],\n      [\n        \"DI9*Y\",\n        [\n          \"DI9Y\",\n          \"DI9WZCNT3Y\",\n          \"DI90NTL2WY\",\n          \"DI9OY\"\n        ]\n      ],\n      [\n        \"HVFxx4L\",\n        [\n          \"HVF454L\",\n          \"HVF644L\",\n          \"HVF214L\",\n          \"HVF774L\",\n          \"HVF124L\",\n          \"HVF394L\",\n          \"HVF324L\"\n        ]\n      ]\n    ]\n  },\n  {\n    \"title\": \"patternExampleListArray sample 2\",\n    \"value\": [\n      [\n        \"VC8G\",\n        [\n          \"VC8G\"\n        ]\n      ]\n    ]\n  },\n  {\n    \"title\": \"patternExampleListArray sample 3\",\n    \"value\": [\n      [\n        \"WXW561x\",\n        [\n          \"WXW5616\",\n          \"WXW5611\",\n          \"WXW5619\"\n        ]\n      ],\n      [\n        \"DHZ92T\",\n        [\n          \"DHZ92T\"\n        ]\n      ],\n      [\n        \"ZCJ86V\",\n        [\n          \"ZCJ86V\"\n        ]\n      ],\n      [\n        \"EEP29\",\n        [\n          \"EEP29\"\n        ]\n      ],\n      [\n        \"IAEx4V\",\n        [\n          \"IAE24V\",\n          \"IAE84V\",\n          \"IAE74V\",\n          \"IAE94V\"\n        ]\n      ],\n      [\n        \"UMI599O\",\n        [\n          \"UMI599O\"\n        ]\n      ]\n    ]\n  },\n  {\n    \"title\": \"patternExampleListArray sample 4\",\n    \"value\": [\n      [\n        \"PM5x*\",\n        [\n          \"PM598KUNDXD\",\n          \"PM58\"\n        ]\n      ]\n    ]\n  },\n  {\n    \"title\": \"patternExampleListArray sample 5\",\n    \"value\": [\n      [\n        \"EDB09Q\",\n        [\n          \"EDB09Q\"\n        ]\n      ],\n      [\n        \"BHCx\",\n        [\n          \"BHC5\",\n          \"BHC0\",\n          \"BHC9\"\n        ]\n      ],\n      [\n        \"XSS5A\",\n        [\n          \"XSS5A\"\n        ]\n      ],\n      [\n        \"LHS3x83I\",\n        [\n          \"LHS3083I\"\n        ]\n      ],\n      [\n        \"MPx25xU\",\n        [\n          \"MP7258U\",\n          \"MP9250U\",\n          \"MP9254U\",\n          \"MP6257U\",\n          \"MP1255U\",\n          \"MP0251U\",\n          \"MP9251U\",\n          \"MP5258U\",\n          \"MP9257U\",\n          \"MP1256U\",\n          \"MP9258U\",\n          \"MP3257U\"\n        ]\n      ],\n      [\n        \"JGK7Q\",\n        [\n          \"JGK7Q\"\n        ]\n      ],\n      [\n        \"LRU2\",\n        [\n          \"LRU2\"\n        ]\n      ],\n      [\n        \"QR45G\",\n        [\n          \"QR45G\"\n        ]\n      ],\n      [\n        \"CU98A\",\n        [\n          \"CU98A\"\n        ]\n      ],\n      [\n        \"HVP511\",\n        [\n          \"HVP511\"\n        ]\n      ],\n      [\n        \"DG6*1\",\n        [\n          \"DG6QX4J9AP1\",\n          \"DG69N71\",\n          \"DG6VB01\",\n          \"DG6SDTRGW1\",\n          \"DG6WJ8L1\",\n          \"DG6F1\",\n          \"DG6TH2P1\",\n          \"DG61\"\n        ]\n      ]\n    ]\n  },\n  {\n    \"title\": \"patternExampleListArray sample 6\",\n    \"value\": [\n      [\n        \"YYW94\",\n        [\n          \"YYW94\"\n        ]\n      ],\n      [\n        \"JW509\",\n        [\n          \"JW509\"\n        ]\n      ],\n      [\n        \"OEU94\",\n        [\n          \"OEU94\"\n        ]\n      ],\n      [\n        \"YBT311\",\n        [\n          \"YBT311\"\n        ]\n      ]\n    ]\n  },\n  {\n    \"title\": \"patternExampleListArray sample 7\",\n    \"value\": [\n      [\n        \"CZ88P\",\n        [\n          \"CZ88P\"\n        ]\n      ],\n      [\n        \"WTH767\",\n        [\n          \"WTH767\"\n        ]\n      ],\n      [\n        \"XLF4841I\",\n        [\n          \"XLF4841I\"\n        ]\n      ],\n      [\n        \"IVG*47\",\n        [\n          \"IVG747\",\n          \"IVGO3X47\",\n          \"IVGXEICPB47\"\n        ]\n      ],\n      [\n        \"IC27Q\",\n        [\n          \"IC27Q\"\n        ]\n      ],\n      [\n        \"YG*Q\",\n        [\n          \"YGISSQVEQ\",\n          \"YGD7DMVXQ\",\n          \"YGEQQPQ\",\n          \"YGXRC21FQ\",\n          \"YGVQ\",\n          \"YGMDAPJ20Q\",\n          \"YGWQ\",\n          \"YGZEPQ\",\n          \"YGD8YAWFN5Q\",\n          \"YG8BWF2MIQ\",\n          \"YG96Q\",\n          \"YGQ\"\n        ]\n      ],\n      [\n        \"FWZ3*97X\",\n        [\n          \"FWZ3IOXI897X\",\n          \"FWZ3JGY97X\",\n          \"FWZ397X\",\n          \"FWZ3XRNUPSZ97X\",\n          \"FWZ3T97X\",\n          \"FWZ3S1V97X\",\n          \"FWZ3TIQIAO3D97X\",\n          \"FWZ360997X\",\n          \"FWZ39A9797X\",\n          \"FWZ3WASJHYS97X\",\n          \"FWZ38HQ97X\"\n        ]\n      ],\n      [\n        \"RN52*2\",\n        [\n          \"RN521XPFP3H2\",\n          \"RN522\",\n          \"RN525TYRTS2\",\n          \"RN52L2QRHW2\",\n          \"RN52UAZSBMW2\",\n          \"RN520Y2\",\n          \"RN52PF2\",\n          \"RN52LOT00E262\",\n          \"RN525QRNSN2\",\n          \"RN52V8OS492\",\n          \"RN52DV12\",\n          \"RN52AVR2\"\n        ]\n      ],\n      [\n        \"LE12\",\n        [\n          \"LE12\"\n        ]\n      ]\n    ]\n  },\n  {\n    \"title\": \"patternExampleListArray sample 8\",\n    \"value\": [\n      [\n        \"JAH2\",\n        [\n          \"JAH2\"\n        ]\n      ],\n      [\n        \"YKH439\",\n        [\n          \"YKH439\"\n        ]\n      ],\n      [\n        \"UD77x\",\n        [\n          \"UD772\",\n          \"UD773\",\n          \"UD771\",\n          \"UD775\",\n          \"UD776\",\n          \"UD777\",\n          \"UD779\",\n          \"UD774\",\n          \"UD770\",\n          \"UD778\"\n        ]\n      ],\n      [\n        \"PIV5A\",\n        [\n          \"PIV5A\"\n        ]\n      ],\n      [\n        \"YKM757D\",\n        [\n          \"YKM757D\"\n        ]\n      ]\n    ]\n  },\n  {\n    \"title\": \"patternExampleListArray sample 9\",\n    \"value\": [\n      [\n        \"LO0*x1\",\n        [\n          \"LO0YACX31\",\n          \"LO0Z91\",\n          \"LO0NQP51\"\n        ]\n      ],\n      [\n        \"IKE5N\",\n        [\n          \"IKE5N\"\n        ]\n      ],\n      [\n        \"PA84*K\",\n        [\n          \"PA845DX8VAK\",\n          \"PA84XBFK\",\n          \"PA840RK\",\n          \"PA84QSIMCVP7K\",\n          \"PA84RXYC0K\",\n          \"PA84EK5K\",\n          \"PA84PB0H3K\",\n          \"PA84YZ1MAQVK\",\n          \"PA845WCHXK\",\n          \"PA84K\",\n          \"PA84EOLRGK\"\n        ]\n      ],\n      [\n        \"UN5xL\",\n        [\n          \"UN55L\",\n          \"UN53L\",\n          \"UN56L\",\n          \"UN52L\",\n          \"UN58L\",\n          \"UN54L\",\n          \"UN51L\",\n          \"UN59L\",\n          \"UN50L\",\n          \"UN57L\"\n        ]\n      ]\n    ]\n  }\n]",
              "code": "const patternExampleListArray = (0, fast_check_1.array)(index_test_1.patternExampleList, { minLength: 1 });\n(0, fast_check_1.sample)(patternExampleListArray, 10).forEach((sample, i) => (0, addContext_1.default)(this, {\n    title: `patternExampleListArray sample ${i}`,\n    value: sample,\n}));\nreturn (0, fast_check_1.assert)((0, fast_check_1.property)(patternExampleListArray, (ts) => {\n    const re = (0, _1.patternToRE)(...ts.map(([patternStr]) => patternStr));\n    return ts\n        .map(([, examples]) => examples)\n        .flat()\n        .every(re.test.bind(re));\n}));",
              "err": {},
              "uuid": "dc4ff32c-e611-428d-b765-367d49829bef",
              "parentUUID": "8c07dd26-0f2d-4513-9bf2-07fe2ea5b4d5",
              "isHook": false,
              "skipped": false
            },
            {
              "title": "should not match x to non-number",
              "fullTitle": "patternToRE should not match x to non-number",
              "timedOut": false,
              "duration": 1,
              "state": "passed",
              "speed": "fast",
              "pass": true,
              "fail": false,
              "pending": false,
              "context": null,
              "code": "const re = (0, _1.patternToRE)(\"x\");\n[\"A\", \"Z\", \"c\", \"#\"].forEach((example) => isInvalidExample(re, example));",
              "err": {},
              "uuid": "56fbd91d-03b2-4f04-b803-5fe8ba242ad2",
              "parentUUID": "8c07dd26-0f2d-4513-9bf2-07fe2ea5b4d5",
              "isHook": false,
              "skipped": false
            },
            {
              "title": "should not match * to a substring composed of characters other than A-Z and 0-9",
              "fullTitle": "patternToRE should not match * to a substring composed of characters other than A-Z and 0-9",
              "timedOut": false,
              "duration": 1,
              "state": "passed",
              "speed": "fast",
              "pass": true,
              "fail": false,
              "pending": false,
              "context": null,
              "code": "const re = (0, _1.patternToRE)(\"*\");\n[\"c\", \"Ac\", \"cA\", \"0Ax\", \"x0A\", \"BA#\", \"#AB\"].forEach((example) => isInvalidExample(re, example));",
              "err": {},
              "uuid": "b076dfa7-54e4-4ff3-a887-fbe0648d767c",
              "parentUUID": "8c07dd26-0f2d-4513-9bf2-07fe2ea5b4d5",
              "isHook": false,
              "skipped": false
            },
            {
              "title": "should not match substrings",
              "fullTitle": "patternToRE should not match substrings",
              "timedOut": false,
              "duration": 1,
              "state": "passed",
              "speed": "fast",
              "pass": true,
              "fail": false,
              "pending": false,
              "context": null,
              "code": "const re = (0, _1.patternToRE)(\"A*xC\");\n[\"A1CZ\", \"AC1CZ\", \"ZA1C\", \"ZAC1C\", \"ZA1CZ\", \"ZAC1CZ\"].forEach((example) => isInvalidExample(re, example));",
              "err": {},
              "uuid": "07b254a8-6c39-4988-a5a1-93bd469c9f82",
              "parentUUID": "8c07dd26-0f2d-4513-9bf2-07fe2ea5b4d5",
              "isHook": false,
              "skipped": false
            }
          ],
          "suites": [],
          "passes": [
            "aef9005a-a16d-4152-ad67-957fa83313b5",
            "dc4ff32c-e611-428d-b765-367d49829bef",
            "56fbd91d-03b2-4f04-b803-5fe8ba242ad2",
            "b076dfa7-54e4-4ff3-a887-fbe0648d767c",
            "07b254a8-6c39-4988-a5a1-93bd469c9f82"
          ],
          "failures": [],
          "pending": [],
          "skipped": [],
          "duration": 79,
          "root": false,
          "rootEmpty": false,
          "_timeout": 2000
        },
        {
          "uuid": "49b06406-6fa5-4bf8-b1c0-d8cb4f942496",
          "title": "patternSatisfier",
          "fullFile": "/home/runner/work/planwithus-lib/planwithus-lib/src/matchRule/pattern/satisfiers.test.ts",
          "file": "/src/matchRule/pattern/satisfiers.test.ts",
          "beforeHooks": [],
          "afterHooks": [],
          "tests": [
            {
              "title": "should assign all modules with *",
              "fullTitle": "patternSatisfier should assign all modules with *",
              "timedOut": false,
              "duration": 1,
              "state": "passed",
              "speed": "fast",
              "pass": true,
              "fail": false,
              "pending": false,
              "context": null,
              "code": "const { assign } = (0, satisfiers_1.patternSatisfier)(ref, \"*\");\nisCorrectAssign(assign, modulesList1, modulesList1.map(([moduleStr]) => moduleStr));",
              "err": {},
              "uuid": "66ebabd0-564a-4b84-8175-7a4b23f20b69",
              "parentUUID": "49b06406-6fa5-4bf8-b1c0-d8cb4f942496",
              "isHook": false,
              "skipped": false
            },
            {
              "title": "should assign only valid modules with pattern containing *",
              "fullTitle": "patternSatisfier should assign only valid modules with pattern containing *",
              "timedOut": false,
              "duration": 0,
              "state": "passed",
              "speed": "fast",
              "pass": true,
              "fail": false,
              "pending": false,
              "context": null,
              "code": "const { assign } = (0, satisfiers_1.patternSatisfier)(ref, \"CS2*\");\nisCorrectAssign(assign, modulesList1, [\"CS2100\", \"CS2040S\", \"CS2030\"]);",
              "err": {},
              "uuid": "2bea5e65-1b04-415b-950b-bb612bae6eb1",
              "parentUUID": "49b06406-6fa5-4bf8-b1c0-d8cb4f942496",
              "isHook": false,
              "skipped": false
            },
            {
              "title": "should assign only valid modules with pattern containing x",
              "fullTitle": "patternSatisfier should assign only valid modules with pattern containing x",
              "timedOut": false,
              "duration": 1,
              "state": "passed",
              "speed": "fast",
              "pass": true,
              "fail": false,
              "pending": false,
              "context": null,
              "code": "const { assign } = (0, satisfiers_1.patternSatisfier)(ref, \"CS20xx\");\nisCorrectAssign(assign, modulesList1, [\"CS2030\"]);",
              "err": {},
              "uuid": "f981a776-870d-47ea-991a-638a78c7427d",
              "parentUUID": "49b06406-6fa5-4bf8-b1c0-d8cb4f942496",
              "isHook": false,
              "skipped": false
            },
            {
              "title": "should assign only valid modules with pattern containing x and *",
              "fullTitle": "patternSatisfier should assign only valid modules with pattern containing x and *",
              "timedOut": false,
              "duration": 0,
              "state": "passed",
              "speed": "fast",
              "pass": true,
              "fail": false,
              "pending": false,
              "context": null,
              "code": "const { assign } = (0, satisfiers_1.patternSatisfier)(ref, \"CS20xx*\");\nisCorrectAssign(assign, modulesList1, [\"CS2040S\", \"CS2030\"]);",
              "err": {},
              "uuid": "ebb78606-6d83-4961-899c-84c2cd82595f",
              "parentUUID": "49b06406-6fa5-4bf8-b1c0-d8cb4f942496",
              "isHook": false,
              "skipped": false
            }
          ],
          "suites": [],
          "passes": [
            "66ebabd0-564a-4b84-8175-7a4b23f20b69",
            "2bea5e65-1b04-415b-950b-bb612bae6eb1",
            "f981a776-870d-47ea-991a-638a78c7427d",
            "ebb78606-6d83-4961-899c-84c2cd82595f"
          ],
          "failures": [],
          "pending": [],
          "skipped": [],
          "duration": 2,
          "root": false,
          "rootEmpty": false,
          "_timeout": 2000
        },
        {
          "uuid": "b96548dd-c1ed-47ec-803f-9fabf102336d",
          "title": "patternSchema",
          "fullFile": "/home/runner/work/planwithus-lib/planwithus-lib/src/matchRule/pattern/schemas.test.ts",
          "file": "/src/matchRule/pattern/schemas.test.ts",
          "beforeHooks": [],
          "afterHooks": [],
          "tests": [
            {
              "title": "should validate non-empty pattern composed of A-Z, 0-9, x or *",
              "fullTitle": "patternSchema should validate non-empty pattern composed of A-Z, 0-9, x or *",
              "timedOut": false,
              "duration": 1,
              "state": "passed",
              "speed": "fast",
              "pass": true,
              "fail": false,
              "pending": false,
              "context": "[\n  {\n    \"title\": \"pattern sample 0\",\n    \"value\": \"IBZ13*6\"\n  },\n  {\n    \"title\": \"pattern sample 1\",\n    \"value\": \"YW2x\"\n  },\n  {\n    \"title\": \"pattern sample 2\",\n    \"value\": \"RQR*9*\"\n  },\n  {\n    \"title\": \"pattern sample 3\",\n    \"value\": \"XZ*C\"\n  },\n  {\n    \"title\": \"pattern sample 4\",\n    \"value\": \"TC**6Q\"\n  },\n  {\n    \"title\": \"pattern sample 5\",\n    \"value\": \"ZWC196\"\n  },\n  {\n    \"title\": \"pattern sample 6\",\n    \"value\": \"OZ3247\"\n  },\n  {\n    \"title\": \"pattern sample 7\",\n    \"value\": \"MU466\"\n  },\n  {\n    \"title\": \"pattern sample 8\",\n    \"value\": \"VV7\"\n  },\n  {\n    \"title\": \"pattern sample 9\",\n    \"value\": \"PHY*13\"\n  }\n]",
              "code": "(0, fast_check_1.sample)(index_test_2.pattern, 10).forEach((sample, i) => (0, addContext_1.default)(this, {\n    title: `pattern sample ${i}`,\n    value: sample,\n}));\nreturn (0, fast_check_1.assert)((0, fast_check_1.property)(index_test_2.pattern, ajvValidate), {\n    examples: [[\"*\"], [\"ACC1002\"], [\"IS1103\"], [\"CS1231S\"], [\"MA1102R\"]],\n});",
              "err": {},
              "uuid": "c3b14d5a-becb-4d6f-9c8a-a1211bba4866",
              "parentUUID": "b96548dd-c1ed-47ec-803f-9fabf102336d",
              "isHook": false,
              "skipped": false
            },
            {
              "title": "should not validate empty pattern",
              "fullTitle": "patternSchema should not validate empty pattern",
              "timedOut": false,
              "duration": 1,
              "state": "passed",
              "speed": "fast",
              "pass": true,
              "fail": false,
              "pending": false,
              "context": null,
              "code": "isInvalidPattern(\"\")",
              "err": {},
              "uuid": "59d9a005-eff7-41f9-9bb3-68c1c821934b",
              "parentUUID": "b96548dd-c1ed-47ec-803f-9fabf102336d",
              "isHook": false,
              "skipped": false
            },
            {
              "title": "should not validate pattern with invalid characters",
              "fullTitle": "patternSchema should not validate pattern with invalid characters",
              "timedOut": false,
              "duration": 1,
              "state": "passed",
              "speed": "fast",
              "pass": true,
              "fail": false,
              "pending": false,
              "context": null,
              "code": "[\"AB123a\", \"Ac123a\", \"AB123^S\", \"AB1*3^S\", \"$A1*3^S\", \"/A1x33S\"].forEach(isInvalidPattern)",
              "err": {},
              "uuid": "18c4c522-2fb8-456d-a64e-c66a38d1312f",
              "parentUUID": "b96548dd-c1ed-47ec-803f-9fabf102336d",
              "isHook": false,
              "skipped": false
            }
          ],
          "suites": [],
          "passes": [
            "c3b14d5a-becb-4d6f-9c8a-a1211bba4866",
            "59d9a005-eff7-41f9-9bb3-68c1c821934b",
            "18c4c522-2fb8-456d-a64e-c66a38d1312f"
          ],
          "failures": [],
          "pending": [],
          "skipped": [],
          "duration": 3,
          "root": false,
          "rootEmpty": false,
          "_timeout": 2000
        },
        {
          "uuid": "a8aecc82-b618-41ae-8db4-a3dc2aa3d27d",
          "title": "patternMatchRuleSatisfier",
          "fullFile": "/home/runner/work/planwithus-lib/planwithus-lib/src/matchRule/satisfiers.test.ts",
          "file": "/src/matchRule/satisfiers.test.ts",
          "beforeHooks": [],
          "afterHooks": [],
          "tests": [
            {
              "title": "should assign only valid modules with pattern match rule containing no exclude patterns",
              "fullTitle": "patternMatchRuleSatisfier should assign only valid modules with pattern match rule containing no exclude patterns",
              "timedOut": false,
              "duration": 0,
              "state": "passed",
              "speed": "fast",
              "pass": true,
              "fail": false,
              "pending": false,
              "context": null,
              "code": "const { assign } = (0, satisfiers_1.patternMatchRuleSatisfier)(ref, { pattern: \"CS1xxx*\" });\nisCorrectAssign(assign, modulesList1, [\"CS1231\", \"CS1231S\"]);",
              "err": {},
              "uuid": "14c1d920-58c7-4da4-8570-8001753b4050",
              "parentUUID": "a8aecc82-b618-41ae-8db4-a3dc2aa3d27d",
              "isHook": false,
              "skipped": false
            },
            {
              "title": "should assign only valid modules with pattern match rule containing an exclude pattern",
              "fullTitle": "patternMatchRuleSatisfier should assign only valid modules with pattern match rule containing an exclude pattern",
              "timedOut": false,
              "duration": 0,
              "state": "passed",
              "speed": "fast",
              "pass": true,
              "fail": false,
              "pending": false,
              "context": null,
              "code": "const { assign } = (0, satisfiers_1.patternMatchRuleSatisfier)(ref, {\n    pattern: \"MA1xxx*\",\n    exclude: \"MA15xx\",\n});\nisCorrectAssign(assign, modulesList1, [\n    \"MA1100\",\n    \"MA1101R\",\n    \"MA1102R\",\n    \"MA1511A\",\n]);",
              "err": {},
              "uuid": "b4045d65-2291-47b3-8d92-4b55a3704612",
              "parentUUID": "a8aecc82-b618-41ae-8db4-a3dc2aa3d27d",
              "isHook": false,
              "skipped": false
            },
            {
              "title": "should assign only valid modules with pattern match rule containing multiple exclude patterns",
              "fullTitle": "patternMatchRuleSatisfier should assign only valid modules with pattern match rule containing multiple exclude patterns",
              "timedOut": false,
              "duration": 0,
              "state": "passed",
              "speed": "fast",
              "pass": true,
              "fail": false,
              "pending": false,
              "context": null,
              "code": "const { assign } = (0, satisfiers_1.patternMatchRuleSatisfier)(ref, {\n    pattern: \"MA*\",\n    exclude: [\"MA151x*\", \"MA2xxx\"],\n});\nisCorrectAssign(assign, modulesList1, [\n    \"MA1100\",\n    \"MA1101R\",\n    \"MA1102R\",\n    \"MA1507\",\n    \"MA1521\",\n    \"MA2101S\",\n]);",
              "err": {},
              "uuid": "fdec24df-6b2b-4125-b59c-1faa37df1b82",
              "parentUUID": "a8aecc82-b618-41ae-8db4-a3dc2aa3d27d",
              "isHook": false,
              "skipped": false
            }
          ],
          "suites": [],
          "passes": [
            "14c1d920-58c7-4da4-8570-8001753b4050",
            "b4045d65-2291-47b3-8d92-4b55a3704612",
            "fdec24df-6b2b-4125-b59c-1faa37df1b82"
          ],
          "failures": [],
          "pending": [],
          "skipped": [],
          "duration": 0,
          "root": false,
          "rootEmpty": false,
          "_timeout": 2000
        },
        {
          "uuid": "aaff57b4-7556-465d-a881-bb3bbaba134a",
          "title": "matchRuleSchema",
          "fullFile": "/home/runner/work/planwithus-lib/planwithus-lib/src/matchRule/schemas.test.ts",
          "file": "/src/matchRule/schemas.test.ts",
          "beforeHooks": [],
          "afterHooks": [],
          "tests": [
            {
              "title": "should validate match rule with valid pattern",
              "fullTitle": "matchRuleSchema should validate match rule with valid pattern",
              "timedOut": false,
              "duration": 1,
              "state": "passed",
              "speed": "fast",
              "pass": true,
              "fail": false,
              "pending": false,
              "context": "[\n  {\n    \"title\": \"pattern sample 0\",\n    \"value\": \"GQ25\"\n  },\n  {\n    \"title\": \"pattern sample 1\",\n    \"value\": \"IG805\"\n  },\n  {\n    \"title\": \"pattern sample 2\",\n    \"value\": \"DBx\"\n  },\n  {\n    \"title\": \"pattern sample 3\",\n    \"value\": \"SHC10\"\n  },\n  {\n    \"title\": \"pattern sample 4\",\n    \"value\": \"YR2C\"\n  },\n  {\n    \"title\": \"pattern sample 5\",\n    \"value\": \"FWB266\"\n  },\n  {\n    \"title\": \"pattern sample 6\",\n    \"value\": \"CH2\"\n  },\n  {\n    \"title\": \"pattern sample 7\",\n    \"value\": \"GE36\"\n  },\n  {\n    \"title\": \"pattern sample 8\",\n    \"value\": \"DF2x99D\"\n  },\n  {\n    \"title\": \"pattern sample 9\",\n    \"value\": \"XR27xL\"\n  }\n]",
              "code": "(0, fast_check_1.sample)(index_test_3.pattern, 10).forEach((sample, i) => (0, addContext_1.default)(this, {\n    title: `pattern sample ${i}`,\n    value: sample,\n}));\nreturn (0, fast_check_1.assert)((0, fast_check_1.property)(index_test_3.pattern, ajvValidate));",
              "err": {},
              "uuid": "d884f28c-42d9-4607-92ae-5422b59db98f",
              "parentUUID": "aaff57b4-7556-465d-a881-bb3bbaba134a",
              "isHook": false,
              "skipped": false
            },
            {
              "title": "should validate match rules with valid pattern, exclude and info",
              "fullTitle": "matchRuleSchema should validate match rules with valid pattern, exclude and info",
              "timedOut": false,
              "duration": 2,
              "state": "passed",
              "speed": "fast",
              "pass": true,
              "fail": false,
              "pending": false,
              "context": "[\n  {\n    \"title\": \"patternMatchRule sample 0\",\n    \"value\": {\n      \"pattern\": \"HF*X\",\n      \"exclude\": \"SJI1\",\n      \"info\": \"Us\"\n    }\n  },\n  {\n    \"title\": \"patternMatchRule sample 1\",\n    \"value\": {\n      \"pattern\": \"IP2\",\n      \"exclude\": \"AH7A\"\n    }\n  },\n  {\n    \"title\": \"patternMatchRule sample 2\",\n    \"value\": {\n      \"pattern\": \"FQL56P\",\n      \"exclude\": [\n        \"OR099\",\n        \"MIV0x4\",\n        \"DGYxN\",\n        \"MQIx*L\"\n      ]\n    }\n  },\n  {\n    \"title\": \"patternMatchRule sample 3\",\n    \"value\": {\n      \"pattern\": \"EME433\",\n      \"info\": \"\"\n    }\n  },\n  {\n    \"title\": \"patternMatchRule sample 4\",\n    \"value\": {\n      \"pattern\": \"QGH8M\",\n      \"exclude\": [\n        \"WRH65*\",\n        \"TP00\",\n        \"RD43\",\n        \"CXL8\"\n      ],\n      \"info\": \"#zL|3m4&%\"\n    }\n  },\n  {\n    \"title\": \"patternMatchRule sample 5\",\n    \"value\": {\n      \"pattern\": \"FXxx*\",\n      \"exclude\": [\n        \"YVR06I\",\n        \"GXY5x1C\"\n      ],\n      \"info\": \"?Fu\"\n    }\n  },\n  {\n    \"title\": \"patternMatchRule sample 6\",\n    \"value\": {\n      \"pattern\": \"IPU480\",\n      \"info\": \"&\"\n    }\n  },\n  {\n    \"title\": \"patternMatchRule sample 7\",\n    \"value\": {\n      \"pattern\": \"DE47*G\",\n      \"exclude\": \"QU*437L\",\n      \"info\": \"FVfv\\\"r\"\n    }\n  },\n  {\n    \"title\": \"patternMatchRule sample 8\",\n    \"value\": {\n      \"pattern\": \"SM81G\",\n      \"exclude\": \"HS*\"\n    }\n  },\n  {\n    \"title\": \"patternMatchRule sample 9\",\n    \"value\": {\n      \"pattern\": \"VAW0\"\n    }\n  }\n]",
              "code": "(0, fast_check_1.sample)(index_test_2.patternMatchRule, 10).forEach((sample, i) => (0, addContext_1.default)(this, {\n    title: `patternMatchRule sample ${i}`,\n    value: sample,\n}));\nreturn (0, fast_check_1.assert)((0, fast_check_1.property)(index_test_2.patternMatchRule, ajvValidate));",
              "err": {},
              "uuid": "5de53b6a-45b0-4cb2-abdb-367ae14b727c",
              "parentUUID": "aaff57b4-7556-465d-a881-bb3bbaba134a",
              "isHook": false,
              "skipped": false
            },
            {
              "title": "should validate valid recursive match rules",
              "fullTitle": "matchRuleSchema should validate valid recursive match rules",
              "timedOut": false,
              "duration": 5,
              "state": "passed",
              "speed": "fast",
              "pass": true,
              "fail": false,
              "pending": false,
              "context": "[\n  {\n    \"title\": \"matchRule sample 0\",\n    \"value\": {\n      \"and\": [\n        {\n          \"pattern\": \"CE46*xJ\",\n          \"exclude\": [\n            \"MY78N\",\n            \"KPQ84\",\n            \"ZGE81Z\"\n          ],\n          \"info\": \"ioPv:kd$\"\n        },\n        {\n          \"and\": [\n            {\n              \"or\": []\n            }\n          ]\n        },\n        {\n          \"pattern\": \"PAM10\",\n          \"info\": \"G15\"\n        },\n        \"VAZ9\"\n      ]\n    }\n  },\n  {\n    \"title\": \"matchRule sample 1\",\n    \"value\": {\n      \"and\": [\n        {\n          \"or\": [\n            \"SJH75X\"\n          ]\n        },\n        {\n          \"or\": [\n            {\n              \"or\": [\n                {\n                  \"and\": [\n                    {\n                      \"and\": [\n                        \"RBx0\",\n                        \"TQ0\",\n                        \"GGF1*6U\",\n                        \"WL0x0C\",\n                        \"BD0108\"\n                      ]\n                    },\n                    \"HXN4\",\n                    {\n                      \"or\": [\n                        \"FGV58*x\",\n                        \"XQF2\",\n                        \"LC6O\",\n                        {\n                          \"and\": [\n                            \"VWV517*\",\n                            \"AO9742\"\n                          ]\n                        },\n                        \"FKM046xF\"\n                      ]\n                    },\n                    {\n                      \"and\": [\n                        \"QN0X\",\n                        \"ECP496U\"\n                      ]\n                    }\n                  ]\n                }\n              ]\n            }\n          ]\n        }\n      ]\n    }\n  },\n  {\n    \"title\": \"matchRule sample 2\",\n    \"value\": \"DJ8192\"\n  },\n  {\n    \"title\": \"matchRule sample 3\",\n    \"value\": {\n      \"pattern\": \"ZJ6V\",\n      \"exclude\": [\n        \"KN*H\",\n        \"SYJ*74\",\n        \"UD3\",\n        \"RM*\",\n        \"GT090G\"\n      ],\n      \"info\": \"B4\"\n    }\n  },\n  {\n    \"title\": \"matchRule sample 4\",\n    \"value\": \"KDS3x2O\"\n  },\n  {\n    \"title\": \"matchRule sample 5\",\n    \"value\": \"AJW7L\"\n  },\n  {\n    \"title\": \"matchRule sample 6\",\n    \"value\": {\n      \"pattern\": \"GPx2\",\n      \"info\": \"\\\"\"\n    }\n  },\n  {\n    \"title\": \"matchRule sample 7\",\n    \"value\": {\n      \"and\": [\n        {\n          \"and\": [\n            \"KR063*\",\n            {\n              \"pattern\": \"EZWx*17\",\n              \"exclude\": \"KDQ*J\"\n            }\n          ]\n        }\n      ]\n    }\n  },\n  {\n    \"title\": \"matchRule sample 8\",\n    \"value\": {\n      \"or\": [\n        {\n          \"and\": [\n            {\n              \"and\": [\n                \"IH8\",\n                \"RPV*xX\",\n                {\n                  \"or\": [\n                    \"OTxL\",\n                    {\n                      \"and\": [\n                        \"PQ870\",\n                        \"LLY69W\",\n                        \"VQ574\"\n                      ]\n                    }\n                  ]\n                }\n              ]\n            },\n            \"SEO9\"\n          ]\n        },\n        {\n          \"pattern\": \"PXx83\",\n          \"exclude\": [\n            \"QU6\",\n            \"TPQ7*2\",\n            \"SY2x\",\n            \"UH4D\"\n          ],\n          \"info\": \"U?\\\"\"\n        }\n      ]\n    }\n  },\n  {\n    \"title\": \"matchRule sample 9\",\n    \"value\": \"UI29E\"\n  }\n]",
              "code": "(0, fast_check_1.sample)(index_test_2.matchRule, 10).forEach((sample, i) => (0, addContext_1.default)(this, {\n    title: `matchRule sample ${i}`,\n    value: sample,\n}));\nreturn (0, fast_check_1.assert)((0, fast_check_1.property)(index_test_2.matchRule, ajvValidate));",
              "err": {},
              "uuid": "e7a83c1b-88d0-4e5a-a6bf-f310741bf6da",
              "parentUUID": "aaff57b4-7556-465d-a881-bb3bbaba134a",
              "isHook": false,
              "skipped": false
            },
            {
              "title": "should not validate non-string/object",
              "fullTitle": "matchRuleSchema should not validate non-string/object",
              "timedOut": false,
              "duration": 1,
              "state": "passed",
              "speed": "fast",
              "pass": true,
              "fail": false,
              "pending": false,
              "context": null,
              "code": "const error = {\n    instancePath: \"\",\n    message: \"match rule should be either a string or an object\",\n};\nisInvalidRule(null, error);\nisInvalidRule(undefined, error);\nisInvalidRule(10, error);\nisInvalidRule([12, 24], error);",
              "err": {},
              "uuid": "1a941947-d63f-463d-8f64-b698abf438e3",
              "parentUUID": "aaff57b4-7556-465d-a881-bb3bbaba134a",
              "isHook": false,
              "skipped": false
            },
            {
              "title": "should not validate match rules with extra properties",
              "fullTitle": "matchRuleSchema should not validate match rules with extra properties",
              "timedOut": false,
              "duration": 0,
              "state": "passed",
              "speed": "fast",
              "pass": true,
              "fail": false,
              "pending": false,
              "context": null,
              "code": "isInvalidRule({\n        and: [{ or: [{ pattern: \"CS2103T\", info2: \"foobar\" }], abc: \"def\" }],\n        mno: \"pqr\",\n    }, {\n        instancePath: \"/and/0/or/0\",\n        message: \"pattern match rule should have properties 'pattern', 'exclude' (optional) and 'info' (optional) only\",\n    }, {\n        instancePath: \"/and/0\",\n        message: \"or match rule should have property 'or' only\",\n    }, {\n        instancePath: \"\",\n        message: \"and match rule should have property 'and' only\",\n    })",
              "err": {},
              "uuid": "3b0de414-c04f-4d2a-88dd-14d6008749db",
              "parentUUID": "aaff57b4-7556-465d-a881-bb3bbaba134a",
              "isHook": false,
              "skipped": false
            },
            {
              "title": "should not validate ambiguous match rules",
              "fullTitle": "matchRuleSchema should not validate ambiguous match rules",
              "timedOut": false,
              "duration": 0,
              "state": "passed",
              "speed": "fast",
              "pass": true,
              "fail": false,
              "pending": false,
              "context": null,
              "code": "const message = \"match rule should have only one of properties 'pattern', 'and', 'or'\";\nisInvalidRule({\n    or: [\n        { pattern: \"CS1231\", and: [] },\n        { pattern: \"CS1231\", or: [] },\n        { and: [{ and: [\"abc\"], or: [\"def\"] }] },\n    ],\n}, { instancePath: \"/or/0\", message }, { instancePath: \"/or/1\", message }, { instancePath: \"/or/2/and/0\", message });",
              "err": {},
              "uuid": "12963c28-143f-48b0-b829-d03835810042",
              "parentUUID": "aaff57b4-7556-465d-a881-bb3bbaba134a",
              "isHook": false,
              "skipped": false
            },
            {
              "title": "should not validate pattern match rule with invalid patterns",
              "fullTitle": "matchRuleSchema should not validate pattern match rule with invalid patterns",
              "timedOut": false,
              "duration": 1,
              "state": "passed",
              "speed": "fast",
              "pass": true,
              "fail": false,
              "pending": false,
              "context": null,
              "code": "const message = \"pattern should be a non-empty string composed of A-Z, 0-9, x or *\";\nisInvalidRule({\n    and: [\n        \"CS210c\",\n        { pattern: \"CS2100\", exclude: \"CS1231s\" },\n        { pattern: \"CS210#T\", exclude: [\"CS1231\", \"CS21%\"] },\n    ],\n}, { instancePath: \"/and/0\", message }, { instancePath: \"/and/1/exclude\", message }, { instancePath: \"/and/2/pattern\", message }, { instancePath: \"/and/2/exclude/1\", message });",
              "err": {},
              "uuid": "c528f29e-9f9f-476d-912b-7b80fe8bd2cc",
              "parentUUID": "aaff57b4-7556-465d-a881-bb3bbaba134a",
              "isHook": false,
              "skipped": false
            },
            {
              "title": "should not validate pattern match rule with non-string/array exclude",
              "fullTitle": "matchRuleSchema should not validate pattern match rule with non-string/array exclude",
              "timedOut": false,
              "duration": 0,
              "state": "passed",
              "speed": "fast",
              "pass": true,
              "fail": false,
              "pending": false,
              "context": null,
              "code": "const message = \"property 'exclude' should be either a pattern or an array of patterns\";\nisInvalidRule({\n    or: [\n        { pattern: \"CS2101\", exclude: {} },\n        { pattern: \"CS2101\", exclude: 5 },\n    ],\n}, { instancePath: \"/or/0/exclude\", message }, { instancePath: \"/or/1/exclude\", message });",
              "err": {},
              "uuid": "daf73f8f-7fd9-410d-8cc0-4903aea9f7a0",
              "parentUUID": "aaff57b4-7556-465d-a881-bb3bbaba134a",
[...]
              "fail": false,
              "pending": false,
              "context": null,
              "code": "const satisfier = (0, satisfiers_1.inequalitySatisfier)(ref, \"<=32\");\nsatisfier.should.have.property(\"filter\");\nconst { filter } = satisfier;\nisCorrectFilter(filter, modulesList1, modulesList1.map(([moduleStr]) => moduleStr));",
              "err": {},
              "uuid": "4c4d7d34-4bb1-4dc9-a44d-cf5e1ff857a9",
              "parentUUID": "90fd6b95-bf47-4966-bf1f-48b50ac8adbc",
              "isHook": false,
              "skipped": false
            },
            {
              "title": "should truncate list of modules with upper bound of MCs at exact cutoff if total MC count is higher and there exists some starting sequence with exact MC count",
              "fullTitle": "inequalitySatisfier should truncate list of modules with upper bound of MCs at exact cutoff if total MC count is higher and there exists some starting sequence with exact MC count",
              "timedOut": false,
              "duration": 0,
              "state": "passed",
              "speed": "fast",
              "pass": true,
              "fail": false,
              "pending": false,
              "context": null,
              "code": "const satisfier = (0, satisfiers_1.inequalitySatisfier)(ref, \"<=16\");\nsatisfier.should.have.property(\"filter\");\nconst { filter } = satisfier;\nisCorrectFilter(filter, modulesList1, [\n    \"CS2100\",\n    \"GER1000\",\n    \"CS2040S\",\n    \"ST2131\",\n]);",
              "err": {},
              "uuid": "1a040479-5bf1-4894-befb-2def206f1a26",
              "parentUUID": "90fd6b95-bf47-4966-bf1f-48b50ac8adbc",
              "isHook": false,
              "skipped": false
            },
            {
              "title": "should truncate list of modules with upper bound of MCs, cutting off at the minimum starting sequence that exceeds upper bound, if total MC count is higher and there exists no starting sequence with exact MC count",
              "fullTitle": "inequalitySatisfier should truncate list of modules with upper bound of MCs, cutting off at the minimum starting sequence that exceeds upper bound, if total MC count is higher and there exists no starting sequence with exact MC count",
              "timedOut": false,
              "duration": 0,
              "state": "passed",
              "speed": "fast",
              "pass": true,
              "fail": false,
              "pending": false,
              "context": null,
              "code": "const satisfier = (0, satisfiers_1.inequalitySatisfier)(ref, \"<=17\");\nsatisfier.should.have.property(\"filter\");\nconst { filter } = satisfier;\nisCorrectFilter(filter, modulesList1, [\n    \"CS2100\",\n    \"GER1000\",\n    \"CS2040S\",\n    \"ST2131\",\n    \"MA1521\",\n]);",
              "err": {},
              "uuid": "497b8466-d6e9-4615-8628-571a4110cf30",
              "parentUUID": "90fd6b95-bf47-4966-bf1f-48b50ac8adbc",
              "isHook": false,
              "skipped": false
            }
          ],
          "suites": [],
          "passes": [
            "161c7230-fa51-4b02-ac44-729639519f56",
            "fc5524a5-f165-4eab-8218-ae4820e068e5",
            "de2f3ad6-a3f1-4d54-9ab7-31d45373a9ee",
            "c30bf8b8-b405-4cbe-a208-95c1207bc3b0",
            "4c4d7d34-4bb1-4dc9-a44d-cf5e1ff857a9",
            "1a040479-5bf1-4894-befb-2def206f1a26",
            "497b8466-d6e9-4615-8628-571a4110cf30"
          ],
          "failures": [],
          "pending": [],
          "skipped": [],
          "duration": 2,
          "root": false,
          "rootEmpty": false,
          "_timeout": 2000
        },
        {
          "uuid": "06bf3eec-4e74-4a95-acbb-a6db0d0610c9",
          "title": "inequalitySchema",
          "fullFile": "/home/runner/work/planwithus-lib/planwithus-lib/src/satisfyRule/inequality/schemas.test.ts",
          "file": "/src/satisfyRule/inequality/schemas.test.ts",
          "beforeHooks": [],
          "afterHooks": [],
          "tests": [
            {
              "title": "should validate inequality in the form <=n or >=n",
              "fullTitle": "inequalitySchema should validate inequality in the form <=n or >=n",
              "timedOut": false,
              "duration": 1,
              "state": "passed",
              "speed": "fast",
              "pass": true,
              "fail": false,
              "pending": false,
              "context": "[\n  {\n    \"title\": \"inequality sample 0\",\n    \"value\": \"<=99\"\n  },\n  {\n    \"title\": \"inequality sample 1\",\n    \"value\": \"<=4\"\n  },\n  {\n    \"title\": \"inequality sample 2\",\n    \"value\": \"<=37\"\n  },\n  {\n    \"title\": \"inequality sample 3\",\n    \"value\": \"<=4\"\n  },\n  {\n    \"title\": \"inequality sample 4\",\n    \"value\": \">=195\"\n  },\n  {\n    \"title\": \"inequality sample 5\",\n    \"value\": \"<=50\"\n  },\n  {\n    \"title\": \"inequality sample 6\",\n    \"value\": \"<=166\"\n  },\n  {\n    \"title\": \"inequality sample 7\",\n    \"value\": \">=137\"\n  },\n  {\n    \"title\": \"inequality sample 8\",\n    \"value\": \"<=163\"\n  },\n  {\n    \"title\": \"inequality sample 9\",\n    \"value\": \"<=21\"\n  }\n]",
              "code": "(0, fast_check_1.sample)(index_test_2.inequality, 10).forEach((sample, i) => (0, addContext_1.default)(this, {\n    title: `inequality sample ${i}`,\n    value: sample,\n}));\nreturn (0, fast_check_1.assert)((0, fast_check_1.property)(index_test_2.inequality, ajvValidate));",
              "err": {},
              "uuid": "cce5dfde-a497-4e5f-aea9-994179ba02ac",
              "parentUUID": "06bf3eec-4e74-4a95-acbb-a6db0d0610c9",
              "isHook": false,
              "skipped": false
            },
            {
              "title": "should not validate inequality of invalid form",
              "fullTitle": "inequalitySchema should not validate inequality of invalid form",
              "timedOut": false,
              "duration": 1,
              "state": "passed",
              "speed": "fast",
              "pass": true,
              "fail": false,
              "pending": false,
              "context": null,
              "code": "[\n        \"\",\n        \"==23\",\n        \"23\",\n        \"<23\",\n        \">23\",\n        \"<=-1\",\n        \">=-1\",\n        \"<= 2\",\n        \">= 1\",\n        \"> 3\",\n        \"< 3\",\n        \"<=3a\",\n        \">=3a\",\n        \"a<=3\",\n        \"a>=3\",\n    ].forEach(isInvalidInequality)",
              "err": {},
              "uuid": "1a35d2b0-0531-4718-9981-debe4ab24b95",
              "parentUUID": "06bf3eec-4e74-4a95-acbb-a6db0d0610c9",
              "isHook": false,
              "skipped": false
            }
          ],
          "suites": [],
          "passes": [
            "cce5dfde-a497-4e5f-aea9-994179ba02ac",
            "1a35d2b0-0531-4718-9981-debe4ab24b95"
          ],
          "failures": [],
          "pending": [],
          "skipped": [],
          "duration": 2,
          "root": false,
          "rootEmpty": false,
          "_timeout": 2000
        },
        {
          "uuid": "9b48909f-31f5-4ac2-bcee-d50addd4499d",
          "title": "satisfyRuleSchema",
          "fullFile": "/home/runner/work/planwithus-lib/planwithus-lib/src/satisfyRule/schemas.test.ts",
          "file": "/src/satisfyRule/schemas.test.ts",
          "beforeHooks": [],
          "afterHooks": [],
          "tests": [
            {
              "title": "should validate satisfy rule with valid block id",
              "fullTitle": "satisfyRuleSchema should validate satisfy rule with valid block id",
              "timedOut": false,
              "duration": 1,
              "state": "passed",
              "speed": "fast",
              "pass": true,
              "fail": false,
              "pending": false,
              "context": null,
              "code": "0, fast_check_1.assert)((0, fast_check_1.property)((0, fast_check_1.string)(), ajvValidate)",
              "err": {},
              "uuid": "7030fa3b-2cdc-4761-b23c-8d212afff041",
              "parentUUID": "9b48909f-31f5-4ac2-bcee-d50addd4499d",
              "isHook": false,
              "skipped": false
            },
            {
              "title": "should validate satisfy rules with valid mc",
              "fullTitle": "satisfyRuleSchema should validate satisfy rules with valid mc",
              "timedOut": false,
              "duration": 1,
              "state": "passed",
              "speed": "fast",
              "pass": true,
              "fail": false,
              "pending": false,
              "context": "[\n  {\n    \"title\": \"mcSatisfyRule sample 0\",\n    \"value\": {\n      \"mc\": \">=182\"\n    }\n  },\n  {\n    \"title\": \"mcSatisfyRule sample 1\",\n    \"value\": {\n      \"mc\": \"<=1\"\n    }\n  },\n  {\n    \"title\": \"mcSatisfyRule sample 2\",\n    \"value\": {\n      \"mc\": \">=196\"\n    }\n  },\n  {\n    \"title\": \"mcSatisfyRule sample 3\",\n    \"value\": {\n      \"mc\": \"<=186\"\n    }\n  },\n  {\n    \"title\": \"mcSatisfyRule sample 4\",\n    \"value\": {\n      \"mc\": \">=7\"\n    }\n  },\n  {\n    \"title\": \"mcSatisfyRule sample 5\",\n    \"value\": {\n      \"mc\": \">=22\"\n    }\n  },\n  {\n    \"title\": \"mcSatisfyRule sample 6\",\n    \"value\": {\n      \"mc\": \"<=4\"\n    }\n  },\n  {\n    \"title\": \"mcSatisfyRule sample 7\",\n    \"value\": {\n      \"mc\": \"<=200\"\n    }\n  },\n  {\n    \"title\": \"mcSatisfyRule sample 8\",\n    \"value\": {\n      \"mc\": \">=196\"\n    }\n  },\n  {\n    \"title\": \"mcSatisfyRule sample 9\",\n    \"value\": {\n      \"mc\": \">=65\"\n    }\n  }\n]",
              "code": "(0, fast_check_1.sample)(index_test_2.mcSatisfyRule, 10).forEach((sample, i) => (0, addContext_1.default)(this, {\n    title: `mcSatisfyRule sample ${i}`,\n    value: sample,\n}));\nreturn (0, fast_check_1.assert)((0, fast_check_1.property)(index_test_2.mcSatisfyRule, ajvValidate));",
              "err": {},
              "uuid": "855e2b64-ade7-439f-9e46-63abb4ed04b2",
              "parentUUID": "9b48909f-31f5-4ac2-bcee-d50addd4499d",
              "isHook": false,
              "skipped": false
            },
            {
              "title": "should validate valid recursive satisfy rules",
              "fullTitle": "satisfyRuleSchema should validate valid recursive satisfy rules",
              "timedOut": false,
              "duration": 3,
              "state": "passed",
              "speed": "fast",
              "pass": true,
              "fail": false,
              "pending": false,
              "context": "[\n  {\n    \"title\": \"satisfyRule sample 0\",\n    \"value\": \"T{Mo1hX;\"\n  },\n  {\n    \"title\": \"satisfyRule sample 1\",\n    \"value\": \"7H&}sa\"\n  },\n  {\n    \"title\": \"satisfyRule sample 2\",\n    \"value\": {\n      \"mc\": \">=8\"\n    }\n  },\n  {\n    \"title\": \"satisfyRule sample 3\",\n    \"value\": {\n      \"or\": [\n        {\n          \"and\": [\n            \".(\\\\!\",\n            \"FTgpg\",\n            {\n              \"mc\": \"<=74\"\n            },\n            \"0%7roZy\"\n          ]\n        },\n        {\n          \"and\": [\n            \"x\"\n          ]\n        },\n        \"uNb!/6\\\"DFh\",\n        {\n          \"or\": [\n            \"5\"\n          ]\n        },\n        \"\"\n      ]\n    }\n  },\n  {\n    \"title\": \"satisfyRule sample 4\",\n    \"value\": {\n      \"mc\": \"<=8\"\n    }\n  },\n  {\n    \"title\": \"satisfyRule sample 5\",\n    \"value\": {\n      \"and\": []\n    }\n  },\n  {\n    \"title\": \"satisfyRule sample 6\",\n    \"value\": {\n      \"and\": [\n        {\n          \"and\": [\n            \"hN8\",\n            {\n              \"and\": [\n                \"\\\"N]P:^y\",\n                \"O6sg%8rsuA\",\n                {\n                  \"mc\": \">=12\"\n                },\n                \"U%N\",\n                \"u$]3 3C\"\n              ]\n            },\n            {\n              \"and\": [\n                {\n                  \"and\": [\n                    \"e\",\n                    \"~{\",\n                    \"Nb3|\"\n                  ]\n                },\n                {\n                  \"and\": [\n                    \"&AjV+[)&\"\n                  ]\n                }\n              ]\n            }\n          ]\n        },\n        {\n          \"and\": [\n            \"68V~Hpz6w\",\n            {\n              \"and\": [\n                \"\"\n              ]\n            },\n            \"^g:Ub{W!z\"\n          ]\n        }\n      ]\n    }\n  },\n  {\n    \"title\": \"satisfyRule sample 7\",\n    \"value\": {\n      \"mc\": \"<=82\"\n    }\n  },\n  {\n    \"title\": \"satisfyRule sample 8\",\n    \"value\": {\n      \"and\": [\n        {\n          \"mc\": \"<=83\"\n        },\n        {\n          \"mc\": \">=55\"\n        },\n        {\n          \"mc\": \">=156\"\n        }\n      ]\n    }\n  },\n  {\n    \"title\": \"satisfyRule sample 9\",\n    \"value\": {\n      \"and\": []\n    }\n  }\n]",
              "code": "(0, fast_check_1.sample)(index_test_2.satisfyRule, 10).forEach((sample, i) => (0, addContext_1.default)(this, {\n    title: `satisfyRule sample ${i}`,\n    value: sample,\n}));\nreturn (0, fast_check_1.assert)((0, fast_check_1.property)(index_test_2.satisfyRule, ajvValidate));",
              "err": {},
              "uuid": "78356213-68a0-44f0-a841-88ce84f3e21c",
              "parentUUID": "9b48909f-31f5-4ac2-bcee-d50addd4499d",
              "isHook": false,
              "skipped": false
            },
            {
              "title": "should not validate non-string/object",
              "fullTitle": "satisfyRuleSchema should not validate non-string/object",
              "timedOut": false,
              "duration": 1,
              "state": "passed",
              "speed": "fast",
              "pass": true,
              "fail": false,
              "pending": false,
              "context": null,
              "code": "const error = {\n    instancePath: \"\",\n    message: \"satisfy rule should be either a string or an object\",\n};\nisInvalidRule(null, error);\nisInvalidRule(undefined, error);\nisInvalidRule(10, error);\nisInvalidRule([12, 24], error);",
              "err": {},
              "uuid": "14d39854-98a9-4aef-ae82-45a795fbf41a",
              "parentUUID": "9b48909f-31f5-4ac2-bcee-d50addd4499d",
              "isHook": false,
              "skipped": false
            },
            {
              "title": "should not validate satisfy rules with extra properties",
              "fullTitle": "satisfyRuleSchema should not validate satisfy rules with extra properties",
              "timedOut": false,
              "duration": 0,
              "state": "passed",
              "speed": "fast",
              "pass": true,
              "fail": false,
              "pending": false,
              "context": null,
              "code": "isInvalidRule({\n        and: [\n            { or: [\"2k\"], abc: \"def\" },\n            { mc: 8, ghi: \"jkl\" },\n        ],\n        mno: \"pqr\",\n    }, {\n        instancePath: \"/and/0\",\n        message: \"or satisfy rule should have property 'or' only\",\n    }, {\n        instancePath: \"/and/1\",\n        message: \"MC satisfy rule should have property 'mc' only\",\n    }, {\n        instancePath: \"\",\n        message: \"and satisfy rule should have property 'and' only\",\n    })",
              "err": {},
              "uuid": "5e986e2d-2bbb-4695-90b3-0f3eeb8d13ac",
              "parentUUID": "9b48909f-31f5-4ac2-bcee-d50addd4499d",
              "isHook": false,
              "skipped": false
            },
            {
              "title": "should not validate ambiguous satisfy rules",
              "fullTitle": "satisfyRuleSchema should not validate ambiguous satisfy rules",
              "timedOut": false,
              "duration": 1,
              "state": "passed",
              "speed": "fast",
              "pass": true,
              "fail": false,
              "pending": false,
              "context": null,
              "code": "const message = \"satisfy rule should have only one of properties 'mc', 'and', 'or'\";\nisInvalidRule({\n    or: [\n        { mc: 5, and: [\"CS2040\"] },\n        { and: [{ and: [\"abc\"], or: [\"def\"] }] },\n    ],\n}, { instancePath: \"/or/0\", message }, { instancePath: \"/or/1/and/0\", message });",
              "err": {},
              "uuid": "9edc978e-0a6b-444d-aa9c-a951bf0e4f42",
              "parentUUID": "9b48909f-31f5-4ac2-bcee-d50addd4499d",
              "isHook": false,
              "skipped": false
            },
            {
              "title": "should not validate and satisfy rules with non-array property",
              "fullTitle": "satisfyRuleSchema should not validate and satisfy rules with non-array property",
              "timedOut": false,
              "duration": 0,
              "state": "passed",
              "speed": "fast",
              "pass": true,
              "fail": false,
              "pending": false,
              "context": null,
              "code": "const message = \"property 'and' should be an array of satisfy rules\";\nisInvalidRule({ or: [{ and: {} }, { or: [{ and: 3 }] }] }, { instancePath: \"/or/0/and\", message }, { instancePath: \"/or/1/or/0/and\", message });",
              "err": {},
              "uuid": "28bf94ee-e9a3-4f81-add1-e71585cccb93",
              "parentUUID": "9b48909f-31f5-4ac2-bcee-d50addd4499d",
              "isHook": false,
              "skipped": false
            },
            {
              "title": "should not validate or satisfy rules with non-array property",
              "fullTitle": "satisfyRuleSchema should not validate or satisfy rules with non-array property",
              "timedOut": false,
              "duration": 1,
              "state": "passed",
              "speed": "fast",
              "pass": true,
              "fail": false,
              "pending": false,
              "context": null,
              "code": "const message = \"property 'or' should be an array of satisfy rules\";\nisInvalidRule({ and: [{ or: {} }, { and: [{ or: 3 }] }] }, { instancePath: \"/and/0/or\", message }, { instancePath: \"/and/1/and/0/or\", message });",
              "err": {},
              "uuid": "535f4a51-54e0-41f4-b6ba-1c298f21cc81",
              "parentUUID": "9b48909f-31f5-4ac2-bcee-d50addd4499d",
              "isHook": false,
              "skipped": false
            }
          ],
          "suites": [],
          "passes": [
            "7030fa3b-2cdc-4761-b23c-8d212afff041",
            "855e2b64-ade7-439f-9e46-63abb4ed04b2",
            "78356213-68a0-44f0-a841-88ce84f3e21c",
            "14d39854-98a9-4aef-ae82-45a795fbf41a",
            "5e986e2d-2bbb-4695-90b3-0f3eeb8d13ac",
            "9edc978e-0a6b-444d-aa9c-a951bf0e4f42",
            "28bf94ee-e9a3-4f81-add1-e71585cccb93",
            "535f4a51-54e0-41f4-b6ba-1c298f21cc81"
          ],
          "failures": [],
          "pending": [],
          "skipped": [],
          "duration": 8,
          "root": false,
          "rootEmpty": false,
          "_timeout": 2000
        }
      ],
      "passes": [],
      "failures": [],
      "pending": [],
      "skipped": [],
      "duration": 0,
      "root": true,
      "rootEmpty": true,
      "_timeout": 2000
    }
  ],
  "meta": {
    "mocha": {
      "version": "9.1.2"
    },
    "mochawesome": {
      "options": {
        "quiet": false,
        "reportFilename": "mochawesome",
        "saveHtml": true,
        "saveJson": true,
        "consoleReporter": "spec",
        "useInlineDiffs": false,
        "code": true
      },
      "version": "6.3.0"
    },
    "marge": {
      "options": {
        "reportDir": "docs"
      },
      "version": "5.2.0"
    }
  }
}