{
  "stats": {
    "suites": 10,
    "tests": 48,
    "passes": 48,
    "pending": 0,
    "failures": 0,
    "start": "2021-08-22T08:39:52.368Z",
    "end": "2021-08-22T08:39:52.710Z",
    "duration": 342,
    "testsRegistered": 48,
    "passPercent": 100,
    "pendingPercent": 0,
    "other": 0,
    "hasOther": false,
    "skipped": 0,
    "hasSkipped": false
  },
  "results": [
    {
      "uuid": "5ee8d030-1800-48ff-a1be-5d2f2f75a404",
      "title": "",
      "fullFile": "",
      "file": "",
      "beforeHooks": [],
      "afterHooks": [],
      "tests": [],
      "suites": [
        {
          "uuid": "00ec0f30-2593-4925-aea0-c41f3d125803",
          "title": "initDirectories",
          "fullFile": "/home/runner/work/planwithus-lib/planwithus-lib/src/block/schemas.test.ts",
          "file": "/src/block/schemas.test.ts",
          "beforeHooks": [],
          "afterHooks": [],
          "tests": [
            {
              "title": "should parse all blocks with no errors",
              "fullTitle": "initDirectories should parse all blocks with no errors",
              "timedOut": false,
              "duration": 3,
              "state": "passed",
              "speed": "fast",
              "pass": true,
              "fail": false,
              "pending": false,
              "context": null,
              "code": "_1.initDirectories.should.not.throw()",
              "err": {},
              "uuid": "6293fb8c-bc09-4f1f-a2d2-c1228788cb11",
              "parentUUID": "00ec0f30-2593-4925-aea0-c41f3d125803",
              "isHook": false,
              "skipped": false
            },
            {
              "title": "should produce primary, second & minor directories",
              "fullTitle": "initDirectories should produce primary, second & minor directories",
              "timedOut": false,
              "duration": 2,
              "state": "passed",
              "speed": "fast",
              "pass": true,
              "fail": false,
              "pending": false,
              "context": null,
              "code": "const directories = _1.initDirectories();\ndirectories.should.have.property(\"primary\");\ndirectories.should.have.property(\"second\");\ndirectories.should.have.property(\"minor\");",
              "err": {},
              "uuid": "dd64ca7e-a253-4b6c-b059-5fcebf9f8004",
              "parentUUID": "00ec0f30-2593-4925-aea0-c41f3d125803",
              "isHook": false,
              "skipped": false
            }
          ],
          "suites": [],
          "passes": [
            "6293fb8c-bc09-4f1f-a2d2-c1228788cb11",
            "dd64ca7e-a253-4b6c-b059-5fcebf9f8004"
          ],
          "failures": [],
          "pending": [],
          "skipped": [],
          "duration": 5,
          "root": false,
          "rootEmpty": false,
          "_timeout": 2000
        },
        {
          "uuid": "21ff99dc-a26e-4494-a6e7-874233d56dd4",
          "title": "blockSchema",
          "fullFile": "/home/runner/work/planwithus-lib/planwithus-lib/src/block/schemas.test.ts",
          "file": "/src/block/schemas.test.ts",
          "beforeHooks": [],
          "afterHooks": [],
          "tests": [
            {
              "title": "should validate valid block",
              "fullTitle": "blockSchema should validate valid block",
              "timedOut": false,
              "duration": 208,
              "state": "passed",
              "speed": "slow",
              "pass": true,
              "fail": false,
              "pending": false,
              "context": "[\n  {\n    \"title\": \"block sample 0\",\n    \"value\": {\n      \"name\": \"O@O}lT#\",\n      \"ay\": 2009,\n      \"assign\": [\n        \"}m\",\n        \"W\",\n        \" ^&#z!}\",\n        \"|\",\n        \"5Vz\"\n      ],\n      \"match\": [],\n      \"satisfy\": [\n        {\n          \"and\": [\n            {\n              \"and\": [\n                {\n                  \"mc\": \">=118\"\n                }\n              ]\n            }\n          ]\n        }\n      ],\n      \"url\": \"https://5.yd/c.G0vQ/5.p)AyF\",\n      \"info\": \"x|+x\",\n      \"isSelectable\": true\n    }\n  },\n  {\n    \"title\": \"block sample 1\",\n    \"value\": {\n      \"name\": \"I&~\",\n      \"ay\": 1973,\n      \"assign\": [\n        \"9\",\n        \"-mu5RX|W9\"\n      ],\n      \"match\": \"HHS6\",\n      \"satisfy\": [],\n      \"url\": \"https://etlwdmthxglna5.ddbvz/&.L*=/4M@;//89=u4vqcpc/a0/BzdVFR3//\",\n      \"isSelectable\": true\n    }\n  },\n  {\n    \"title\": \"block sample 2\",\n    \"value\": {\n      \"ay\": 1976,\n      \"match\": [\n        {\n          \"or\": [\n            \"CZ*74P\",\n            {\n              \"and\": [\n                \"CQ*x1*H\"\n              ]\n            },\n            {\n              \"and\": [\n                {\n                  \"or\": [\n                    \"DY7\",\n                    \"SZZ6Y\",\n                    {\n                      \"and\": [\n                        \"ME75*7\"\n                      ]\n                    },\n                    {\n                      \"and\": [\n                        \"QPD4600J\",\n                        \"PES0056S\"\n                      ]\n                    }\n                  ]\n                }\n              ]\n            },\n            \"AV8\",\n            \"KR3\"\n          ]\n        },\n        {\n          \"or\": [\n            {\n              \"or\": [\n                \"UVY1**3T\",\n                \"CDO515\",\n                \"GVA*9P\",\n                {\n                  \"and\": [\n                    \"IQx9N\",\n                    {\n                      \"pattern\": \"PZ259F\",\n                      \"info\": \"!}%)n>k<\"\n                    },\n                    \"ZJ*N\",\n                    \"YYK7\"\n                  ]\n                }\n              ]\n            },\n            {\n              \"and\": [\n                {\n                  \"pattern\": \"BX9748\",\n                  \"exclude\": []\n                },\n                \"OR84*\"\n              ]\n            }\n          ]\n        },\n        {\n          \"pattern\": \"GZW59O\",\n          \"exclude\": \"ICA9\",\n          \"info\": \"! +\"\n        }\n      ],\n      \"satisfy\": {\n        \"or\": [\n          {\n            \"and\": [\n              {\n                \"mc\": \"<=29\"\n              },\n              \"]<iBFL\"\n            ]\n          },\n          \"0 # UQ\"\n        ]\n      },\n      \"info\": \"_|zY&Mc3\",\n      \"isSelectable\": true\n    }\n  },\n  {\n    \"title\": \"block sample 3\",\n    \"value\": {\n      \"ay\": 2023,\n      \"assign\": \"\",\n      \"match\": [\n        \"SIN9\",\n        \"MZV01\",\n        {\n          \"and\": [\n            {\n              \"pattern\": \"RX289Y\",\n              \"exclude\": [],\n              \"info\": \"j$Awa'+\"\n            },\n            \"XAQ7453\",\n            {\n              \"or\": [\n                \"OLQ5740N\",\n                \"UI70\"\n              ]\n            }\n          ]\n        },\n        {\n          \"pattern\": \"IN40\",\n          \"exclude\": [],\n          \"info\": \"f%.^Y\"\n        },\n        {\n          \"and\": [\n            \"YDU3H\",\n            {\n              \"and\": [\n                \"FYN2xU\",\n                {\n                  \"pattern\": \"RN749*\",\n                  \"exclude\": [\n                    \"NC378N\",\n                    \"DFF*x3T\",\n                    \"UA1*F\",\n                    \"IDA4K\"\n                  ],\n                  \"info\": \"moG\"\n                }\n              ]\n            },\n            {\n              \"or\": [\n                \"DOS68H\",\n                {\n                  \"pattern\": \"JD18\",\n                  \"exclude\": [\n                    \"ZAF*83I\",\n                    \"FE946Z\",\n                    \"POW1D\",\n                    \"BY2614\",\n                    \"IID9\"\n                  ],\n                  \"info\": \"FF3(wgb\\\\#N\"\n                },\n                {\n                  \"or\": [\n                    \"SEO5x\"\n                  ]\n                },\n                {\n                  \"or\": [\n                    {\n                      \"and\": []\n                    }\n                  ]\n                }\n              ]\n            },\n            {\n              \"or\": [\n                {\n                  \"or\": [\n                    {\n                      \"or\": [\n                        \"FHA7\",\n                        \"GS03M\",\n                        {\n                          \"or\": [\n                            \"JAZ7\",\n                            {\n                              \"pattern\": \"IQ7616D\",\n                              \"exclude\": \"ZUL7D\",\n                              \"info\": \"o#h_>\"\n                            },\n                            \"TI*x3\"\n                          ]\n                        },\n                        \"BU2492T\"\n                      ]\n                    },\n                    \"ZRX015\",\n                    {\n                      \"or\": [\n                        \"LDC5\",\n                        {\n                          \"pattern\": \"IM8R\",\n                          \"exclude\": \"HAT275x\",\n                          \"info\": \"e9U,i4^z\"\n                        }\n                      ]\n                    },\n                    {\n                      \"and\": [\n                        \"QAX00X\",\n                        \"HWD0x4\",\n                        {\n                          \"or\": []\n                        }\n                      ]\n                    },\n                    \"QCZ*xU\"\n                  ]\n                },\n                {\n                  \"pattern\": \"OU326R\",\n                  \"exclude\": [\n                    \"HT8224\"\n                  ],\n                  \"info\": \"cA''\"\n                },\n                {\n                  \"or\": [\n                    {\n                      \"and\": [\n                        \"RUZ4767\",\n                        {\n                          \"pattern\": \"TUC0\",\n                          \"exclude\": \"MH343\",\n                          \"info\": \"0!hqjM\"\n                        },\n                        \"TL6\",\n                        \"SR671xN\",\n                        \"FA5M\"\n                      ]\n                    },\n                    \"QDX646H\",\n                    {\n                      \"and\": [\n                        \"LUF45J\",\n                        \"UN700\",\n                        \"MEXx095Y\"\n                      ]\n                    },\n                    {\n                      \"and\": []\n                    }\n                  ]\n                },\n                \"RUZ01\"\n              ]\n            }\n          ]\n        }\n      ],\n      \"satisfy\": [\n        {\n          \"and\": [\n            {\n              \"mc\": \"<=133\"\n            }\n          ]\n        }\n      ],\n      \"url\": \"https://gy6tuh1bup0oqzyf8lqtz61x18l1z0bl.chpda/B.t$r1+@E/z\",\n      \"info\": \"\",\n      \"isSelectable\": true\n    }\n  },\n  {\n    \"title\": \"block sample 4\",\n    \"value\": {\n      \"name\": \"HB3`bJ\",\n      \"ay\": 1962,\n      \"assign\": [\n        \"A$9v[MBZJ\",\n        \"(d[b[&-)\",\n        \"4Z$n.V}!Y\"\n      ],\n      \"match\": {\n        \"pattern\": \"PK2409\",\n        \"exclude\": [\n          \"GDM020D\",\n          \"HH97\"\n        ],\n        \"info\": \",5w&\"\n      },\n      \"satisfy\": \" z7y%uts\",\n      \"url\": \"https://8payc63.998xhc7v24rroxifdauchtu-1wp2snn13hwt9lzogjdfsd8xs6q77v.lpo9e-zwsjf.zktwrlawn8ysf9es23-nf6fvhvkoz63xyw1.60.bwtpcyyacz/kbPG/&fJ4,I4%F1%AE%83%8CH/9=)K2/J'%F0%A0%9D%BA/(/@wr/8%F3%A9%98%83,tWNb1\",\n      \"info\": \";):R*AzZ\"\n    }\n  },\n  {\n    \"title\": \"block sample 5\",\n    \"value\": {\n      \"name\": \"#\\\"%d\",\n      \"ay\": 2026,\n      \"match\": [\n        \"QI9x14A\",\n        {\n          \"and\": [\n            {\n              \"pattern\": \"DJG83G\",\n              \"exclude\": \"WMP4\",\n              \"info\": \"\"\n            },\n            {\n              \"or\": [\n                {\n                  \"and\": [\n                    {\n                      \"pattern\": \"HZ32\"\n                    },\n                    \"IT9\",\n                    \"WY*8\",\n                    {\n                      \"or\": [\n                        {\n                          \"and\": [\n                            \"JN268\",\n                            \"OD8948Q\",\n                            \"NB577\",\n                            \"ET*73\",\n                            {\n                              \"pattern\": \"JMF*13\",\n                              \"exclude\": [\n                                \"UE8*4\",\n                                \"DHU0x3\"\n                              ]\n                            }\n                          ]\n                        },\n                        \"UW6\"\n                      ]\n                    },\n                    {\n                      \"pattern\": \"SP*4A\",\n                      \"exclude\": [\n                        \"UFX348\",\n                        \"AOT7697\"\n                      ],\n                      \"info\": \"F='P\"\n                    }\n                  ]\n                },\n                {\n                  \"and\": [\n                    {\n                      \"pattern\": \"FNV*336S\",\n                      \"info\": \"z3mX<\\\"G\"\n                    },\n                    {\n                      \"or\": [\n                        \"VI0944A\",\n                        \"LOW3T\"\n                      ]\n                    }\n                  ]\n                },\n                \"CDN*1\",\n                {\n                  \"pattern\": \"SD63x3\",\n                  \"exclude\": [\n                    \"SYQ9*55\",\n                    \"RXB84E\",\n                    \"TV834\",\n                    \"HCS37x6\"\n                  ],\n                  \"info\": \"uzWSFcN~\"\n                }\n              ]\n            },\n            {\n              \"and\": [\n                {\n                  \"and\": [\n                    \"GG61V\",\n                    \"RTU3651A\",\n                    \"XUU83\",\n                    \"PS3627\",\n                    \"BN52\"\n                  ]\n                }\n              ]\n            }\n          ]\n        }\n      ],\n      \"satisfy\": \"\",\n      \"url\": \"http://b.sk7lymtmp9-sg1ody7fq6xq99vbf48wl3.lgwe/.//h%F2%AC%93%ADLIGc'/DV1+/j1f2/N03C2(bVn/0/LCL/GHbp6JIF/%F1%86%BC%9BOv=71\",\n      \"isSelectable\": true,\n      \"-zZ4#Lk4\": {\n        \"match\": {\n          \"pattern\": \"VUI618Z\",\n          \"exclude\": [\n            \"DEV71\",\n            \"NJN947N\",\n            \"UKT0395D\",\n            \"GRC99K\"\n          ],\n          \"info\": \"?X)983C=hH\"\n        },\n        \"satisfy\": {\n          \"or\": [\n            {\n              \"or\": []\n            },\n            {\n              \"and\": [\n                {\n                  \"mc\": \">=124\"\n                }\n              ]\n            },\n            {\n              \"or\": [\n                {\n                  \"or\": [\n                    {\n                      \"or\": [\n                        \"}`;S:kE@\"\n                      ]\n                    },\n                    \"8;%(f\\\\\",\n                    {\n                      \"mc\": \">=193\"\n                    },\n                    \")XXG\",\n                    \"/S)S+d9\"\n                  ]\n                }\n              ]\n            },\n            \"qlhc}\",\n            {\n              \"mc\": \"<=159\"\n            }\n          ]\n        },\n        \"url\": \"http://7.oxjrpvx/J!GK/tKaAg/eA-J)%F2%81%A7%87S)T/7OWqK\"\n      }\n    }\n  },\n  {\n    \"title\": \"block sample 6\",\n    \"value\": {\n      \"9\": {\n        \"name\": \")}7?pUl`\",\n        \"ay\": 2025,\n        \"assign\": [\n          \"}EVuzczYG;\",\n          \">wiT\",\n          \"f\"\n        ],\n        \"satisfy\": {\n          \"and\": []\n        },\n        \"url\": \"http://o.a26ruzqg9jsq0bn9jwsd8t63h9bosbr18fytuoyoa33blb6zkzb1vaf4z4295o.i8rpj9jlrmjv1vrl821w5-2mgjqdklsl.2xc3rck4rbghvr133959flwpxpivjyms3a4yurby12mesgm39czokpa7b622vif.coa5ytrjhwzedemh71n3f69l791tj.nwudphfu\",\n        \"info\": \"\",\n        \"isSelectable\": true\n      },\n      \"name\": \"42@C`G\",\n      \"ay\": 2027,\n      \"assign\": [],\n      \"match\": [\n        {\n          \"and\": [\n            {\n              \"or\": [\n                {\n                  \"pattern\": \"XM32\",\n                  \"exclude\": \"FBS44W\",\n                  \"info\": \" p\"\n                }\n              ]\n            },\n            {\n              \"pattern\": \"CSE9\",\n              \"exclude\": [\n                \"QWDx66x\",\n                \"NLZ73B\",\n                \"ZQ*32N\"\n              ],\n              \"info\": \"/>BU!U\"\n            }\n          ]\n        },\n        \"SZ8P\",\n        {\n          \"pattern\": \"YO60*6\",\n          \"info\": \"\"\n        },\n        {\n          \"pattern\": \"OY0\",\n          \"exclude\": [\n            \"OTx7\",\n            \"XB653\"\n          ],\n          \"info\": \"2@rHlekr*b\"\n        }\n      ],\n      \"satisfy\": [\n        {\n          \"or\": []\n        },\n        {\n          \"or\": [\n            {\n              \"mc\": \">=88\"\n            },\n            \"nQ3[jpoY\",\n            {\n              \"or\": [\n                \"\",\n                {\n                  \"or\": [\n                    \"=k<Dh\",\n                    {\n                      \"and\": [\n                        \"\",\n                        \"?\\\"Oo7(\",\n                        \"pvSBn~+7d\",\n                        \"(@G\",\n                        {\n                          \"or\": [\n                            \"g\"\n                          ]\n                        }\n                      ]\n                    },\n                    {\n                      \"mc\": \">=161\"\n                    },\n                    \"15e17,n:_e\"\n                  ]\n                }\n              ]\n            },\n            \"x8Pb75_TDh\",\n            \":3NB@\"\n          ]\n        },\n        \"L#iVl@eq{\",\n        {\n          \"or\": [\n            \"\\\\a,z#8!\"\n          ]\n        },\n        {\n          \"or\": [\n            {\n              \"mc\": \"<=1\"\n            },\n            {\n              \"or\": [\n                \"Uy(y3}yFh\",\n                \"a>\",\n                \"+K0\",\n                \"1H]\"\n              ]\n            },\n            {\n              \"mc\": \">=165\"\n            }\n          ]\n        }\n      ],\n      \"url\": \"https://3vbp0.x87d5426usu7i4s07aclbb-xh26sb86-da99ta9l8od8s26.evybmdk/D4zFECe/b@,c8b=/8/6%F2%8F%91%9Dr_.VBb/cmg/~gBah;e/GPvj4N/Yk_u*/84D)/JP%E7%80%88\",\n      \"info\": \"+\",\n      \"isSelectable\": true\n    }\n  },\n  {\n    \"title\": \"block sample 7\",\n    \"value\": {\n      \"1\": {\n        \"name\": \"]gqj:r,f\",\n        \"assign\": [\n          \"w\",\n          \";\"\n        ],\n        \"match\": [\n          \"JPO89Z\",\n          {\n            \"or\": [\n              {\n                \"pattern\": \"UDO**05\",\n                \"exclude\": \"MT73\",\n                \"info\": \"n])D\"\n              },\n              {\n                \"and\": [\n                  \"OVx6Y\"\n                ]\n              },\n              \"ZRW58\",\n              {\n                \"and\": [\n                  \"YW1**3\",\n                  {\n                    \"or\": [\n                      {\n                        \"or\": []\n                      },\n                      {\n                        \"or\": [\n                          {\n                            \"pattern\": \"VES8917\",\n                            \"exclude\": [\n                              \"ZBN1453F\",\n                              \"JZE4*7V\"\n                            ],\n                            \"info\": \"^\"\n                          },\n                          \"QVM5A\",\n                          {\n                            \"pattern\": \"JS785\",\n                            \"exclude\": \"LY025*\",\n                            \"info\": \"p2sT!X\"\n                          },\n                          \"TL1\",\n                          \"RE0\"\n                        ]\n                      },\n                      {\n                        \"and\": [\n                          \"FM19\"\n                        ]\n                      }\n                    ]\n                  },\n                  \"VQ2\"\n                ]\n              },\n              {\n                \"or\": [\n                  {\n                    \"and\": [\n                      {\n                        \"pattern\": \"YEL7\",\n                        \"exclude\": [\n                          \"IY0002\"\n                        ]\n                      },\n                      \"YA402U\",\n                      {\n                        \"and\": [\n                          \"BA107\",\n                          \"TJ09A\"\n                        ]\n                      }\n                    ]\n                  },\n                  {\n                    \"pattern\": \"TO8D\",\n                    \"exclude\": \"TK2\",\n                    \"info\": \"HnY\"\n                  }\n                ]\n              }\n            ]\n          }\n        ],\n        \"satisfy\": \"* v%*OX*te\",\n        \"url\": \"https://55dm.x.ra11d1-19ebq782p55heufxnc7opt87jtqhor5nxx5cerkqxqjxrnnavsx.euyi/=y)\",\n        \"info\": \"\",\n        \"isSelectable\": true,\n        \"<o1bN4`\\\"`\": {\n          \"assign\": \"$8a_nst\",\n          \"match\": [\n            {\n              \"and\": [\n                {\n                  \"or\": [\n                    \"HOR4*M\"\n                  ]\n                },\n                {\n                  \"or\": [\n                    \"WX39I\",\n                    \"JZA697\",\n                    {\n                      \"and\": [\n                        \"OLV7N\",\n                        \"IY**\",\n                        \"MR5x27\",\n                        \"FKQ862Z\"\n                      ]\n                    }\n                  ]\n                }\n              ]\n            }\n          ],\n          \"url\": \"https://aq63sn0hxd05nm3gbv2c8455393s6ynmj8rh-p6s12pfbhb1ajxdm.pqfu/aQd%F2%AF%BA%A4%E8%97%BEBrqoN//_Xz%F3%A4%91%AE%F1%AA%9A%94&lbLX/!=zgoZ/q:%F2%95%A5%B9p9Ckm/4tv0js5/$nV=/%F3%89%8A%93x=T*jAf/XkF/w\",\n          \"info\": \"9Cb#aWBY\",\n          \"isSelectable\": true\n        },\n        \")&3:Q^)I\": {\n          \"ay\": 1998,\n          \"assign\": \"U(7]\",\n          \"match\": [],\n          \"satisfy\": {\n            \"or\": []\n          },\n          \"url\": \"https://t0z6w9b3r.vblh0e3vtcaky7rj3z9wgsiw1wwchwhwpv0rukr.aouzjt/z%F3%B7%95%89;/NLy73%F2%8F%8F%80sAm/8%F1%B2%B4%B4_w%E3%8F%A7U*z%F0%AF%90%8B\",\n          \"info\": \"R'bJsK@\",\n          \"isSelectable\": true\n        }\n      },\n      \"name\": \"2~$!#00\",\n      \"assign\": \"6\",\n      \"match\": {\n        \"pattern\": \"TM5\",\n        \"exclude\": \"XPZ5xK\",\n        \"info\": \"\"\n      },\n      \"satisfy\": {\n        \"and\": [\n          \"4F}\",\n          \"CGFbkJ&eq\"\n        ]\n      },\n      \"url\": \"https://a.cv5xkm9hsl.ac6bccycd8t9a4875nfte-6ss4.dfl/!/Kn0/Iws/mUXt%F1%B7%A9%AB/%F3%8C%A1%9Et%F2%95%AD%896/8Um/HQe.lNns/%F3%A8%A5%A2wd.\",\n      \"info\": \"\",\n      \"isSelectable\": true,\n      \"ZMGe\": {\n        \"name\": \",xwEp@\\\"\",\n        \"ay\": 1961,\n        \"assign\": [\n          \".;wYG\",\n          \"Z$lW<M\\\"N\",\n          \"Hz)i)pAR\"\n        ],\n        \"match\": {\n          \"pattern\": \"VR5*8X\",\n          \"exclude\": [\n            \"AWF581\",\n            \"QZT00\",\n            \"VH8003S\",\n            \"GJ7K\",\n            \"ZP44\"\n          ],\n          \"info\": \"\"\n        },\n        \"satisfy\": [\n          {\n            \"and\": [\n              {\n                \"and\": [\n                  {\n                    \"mc\": \">=70\"\n                  },\n                  {\n                    \"and\": []\n                  },\n                  \"\",\n                  \"7:gonHzc U\"\n                ]\n              }\n            ]\n          },\n          \"guM.\",\n          \"\"\n        ],\n        \"url\": \"http://jzfvvk455fil9eqxx3uh4ldriein-03beo3tdc-u-0tmvdpg5sp22wb.ignns/BUL%EA%96%B086./u$lU%F1%B3%9D%9Ff/ztop&n\",\n        \"info\": \"1>SHRbq\",\n        \"isSelectable\": true,\n        \"m63e\": {\n          \"name\": \"<a'_EPlA\",\n          \"assign\": \"<sN8\",\n          \"match\": [\n            \"WA5\"\n          ],\n          \"url\": \"http://aegfe0t5x07uqlc1s2ponrr.aoluidhi17vl1mribqbsej2su511nvkit9uwfplnh5lwvjgernnrkoqzqwn5ov.1tla.uokjdukuz/rP(glox/5%F0%BD%BB%A2I%F2%88%A6%A38kf//%F1%90%89%93/Zr%F3%AB%95%89sFo;/AjO%F1%8D%A6%85p%F3%9F%B3%82DG_/\",\n          \"info\": \"99lR=j t5\",\n          \"isSelectable\": true\n        },\n        \"9B&D ;X~3\": {\n          \"ay\": 1960,\n          \"assign\": [\n            \"\\\"\",\n            \"0xn*Sg4l(\"\n          ],\n          \"match\": [],\n          \"satisfy\": [\n            {\n              \"or\": [\n                {\n                  \"and\": [\n                    \"~nDz2PBE\",\n                    \"J8*5Hr_\",\n                    {\n                      \"and\": [\n                        \"yt&Utz\",\n                        \"xjuc\",\n                        {\n                          \"and\": [\n                            \"<vS:3\",\n                            \"*N_\",\n                            \"g`y ;.,C_L\"\n                          ]\n                        }\n                      ]\n                    },\n                    \"vnAu\",\n                    {\n                      \"and\": [\n                        \"/#iB2SIc}(\",\n                        \"J}@y\",\n                        {\n                          \"and\": [\n                            \"soz!G6m\",\n                            \"m\\\"}W?Ia{\",\n                            {\n                              \"mc\": \"<=18\"\n                            }\n                          ]\n                        },\n                        \"QVePKIJ<+\",\n                        \"\"\n                      ]\n                    }\n                  ]\n                },\n                {\n                  \"or\": [\n                    \"niCa b*Q\"\n                  ]\n                },\n                \"m\",\n                {\n                  \"mc\": \">=179\"\n                }\n              ]\n            },\n            {\n              \"and\": []\n            },\n            {\n              \"mc\": \"<=119\"\n            },\n            {\n              \"and\": [\n                {\n                  \"mc\": \"<=169\"\n                },\n                {\n                  \"and\": [\n                    \"*1BPH.{gzZ\",\n                    {\n                      \"or\": [\n                        {\n                          \"and\": [\n                            \"jV4{M@j\",\n                            \"G)ZrYy\",\n                            {\n                              \"and\": [\n                                \"TdB!%\"\n                              ]\n                            },\n                            \"8b6[%Z*v\",\n                            \"D)Qg\"\n                          ]\n                        },\n                        \"\",\n                        \"'x@~.'^\"\n                      ]\n                    }\n                  ]\n                },\n                {\n                  \"mc\": \"<=189\"\n                },\n                {\n                  \"and\": []\n                }\n              ]\n            }\n          ],\n          \"url\": \"https://ye69hwk4x1upfx2cfeqvhst5em81zsfh26.aelxaxm\",\n          \"info\": \"Zk1V$[,KD\"\n        },\n        \"fKlL\": {\n          \"name\": \" F\",\n          \"ay\": 1959,\n          \"assign\": \"AHan$r(K\",\n          \"match\": [\n            {\n              \"or\": [\n                {\n                  \"pattern\": \"SY1x\",\n                  \"exclude\": \"IZH4\",\n                  \"info\": \"J8%#[U^$y\"\n                },\n                {\n                  \"and\": []\n                }\n              ]\n            }\n          ],\n          \"url\": \"http://a.f855mcgto92olbao-0983kg2zfvt6-i1t4fewz808w.xzf88yxllhfx06tvn51sgjg92wua4-j4yn3w7oj6q-pv.wzmpah-fjtj182abl98-s3g00irmx2hnlrz-5vp7a1k3qero0kvm-koeugd.so1c7u1pjpl.pdovuz/$/zGwl+/kxyd0QqA/j*J%F2%A1%8F%B6J0f/9k*xi!LD/j1!/%F3%BE%A4%AD/,%F0%A8%89%95m/Uz6_F/W8nrly&-%F1%A7%8C%B0\",\n          \"info\": \"Zt=U_)j|\",\n          \"isSelectable\": true\n        }\n      },\n      \"`]R\": {\n        \"name\": \"M2{H\",\n        \"ay\": 1988,\n        \"assign\": \"\",\n        \"satisfy\": [\n          {\n            \"mc\": \">=10\"\n          },\n          {\n            \"or\": [\n              {\n                \"and\": [\n                  {\n                    \"or\": [\n                      \";R<b)~QSCk\",\n                      \"\",\n                      {\n                        \"and\": [\n                          \"{4EO@rq]D\",\n                          {\n                            \"mc\": \"<=121\"\n                          },\n                          \"8*<n~\",\n                          {\n                            \"and\": []\n                          }\n                        ]\n                      },\n                      \" {C}O\"\n                    ]\n                  },\n                  \"\",\n                  \"!UDe|(AfSp\",\n                  {\n                    \"and\": [\n                      \"&4P\",\n                      {\n                        \"mc\": \">=65\"\n                      },\n                      \"ByRO\",\n                      \";X/1P'\"\n                    ]\n                  },\n                  {\n                    \"or\": [\n                      {\n                        \"or\": [\n                          \"/\",\n                          \"}dbBD#z\",\n                          \";HU]\",\n                          \"]|O<\",\n                          \"uU:<@rm\"\n                        ]\n                      },\n                      {\n                        \"mc\": \">=89\"\n                      }\n                    ]\n                  }\n                ]\n              },\n              {\n                \"or\": [\n                  \"/DW\",\n                  {\n                    \"or\": []\n                  }\n                ]\n              },\n              {\n                \"or\": []\n              },\n              {\n                \"mc\": \"<=181\"\n              }\n            ]\n          },\n          \"y\",\n          {\n            \"or\": []\n          },\n          {\n            \"and\": [\n              \"I|1E(d:<Z\",\n              \"rPWd'?q\",\n              {\n                \"mc\": \">=58\"\n              },\n              {\n                \"and\": [\n                  {\n                    \"or\": [\n                      \"6jS|\",\n                      \"Jf\"\n                    ]\n                  },\n                  {\n                    \"and\": [\n                      {\n                        \"or\": []\n                      },\n                      \"\",\n                      \"V=oz\\\"=\",\n                      \"KpQ\",\n                      \"Q\"\n                    ]\n                  },\n                  {\n                    \"mc\": \"<=164\"\n                  }\n                ]\n              }\n            ]\n          }\n        ],\n        \"url\": \"http://6c0too9f3ila4a3mh0b4bqm8wpbtcmo.47zm3b4az5sfmxpk5z33rtxcfua.wnayzjbpps//vmlj.soB&/V/wF%F2%AB%B2%B6a;G/Wj.XdYU%F1%88%AF%8AM!/Vm//sgdM$3/*p/5\",\n        \"info\": \"Pmx}\",\n        \"isSelectable\": true,\n        \"5*\": {\n          \"name\": \".DWf\",\n          \"ay\": 1956,\n          \"assign\": \"wD2,8awp?\",\n          \"match\": [\n            \"RP62xI\",\n            {\n              \"or\": []\n            }\n          ],\n          \"satisfy\": [\n            {\n              \"or\": [\n                \"@K\",\n                \"10=?^\",\n                {\n                  \"mc\": \"<=93\"\n                },\n                {\n                  \"mc\": \"<=168\"\n                },\n                {\n                  \"and\": [\n                    {\n                      \"and\": [\n                        \"H~QD\",\n                        \"/HyIxPPr9\"\n                      ]\n                    },\n                    \"gl!~YMps\",\n                    \"9qI\",\n                    \"dTUwbe)\"\n                  ]\n                }\n              ]\n            },\n            {\n              \"or\": [\n                \"@**6\",\n                \"rOS\",\n                {\n                  \"or\": [\n                    {\n                      \"and\": [\n                        \"8\\\"Mz@\",\n                        {\n                          \"or\": [\n                            \"O\",\n                            \"'.4T2?T=8\"\n                          ]\n                        }\n                      ]\n                    },\n                    {\n                      \"mc\": \">=20\"\n                    },\n                    \"%\\\"S0ERCs\",\n                    \"K\\\\VG>b\\\\RS8\"\n                  ]\n                }\n              ]\n            },\n            \"f;j:*|E\"\n          ],\n          \"url\": \"http://r26w79j5f88cissb0ngckiel3-r617c6qxnegrglqqj.2rbvnc4cet.78dlg-s0.ixrvselih-cxd7vtzw.ok/Lon/r%F3%81%92%873d9e9X/B.,cXo/LxnSiL7D\",\n          \"info\": \"ZC<'S*.`t\",\n          \"isSelectable\": true\n        },\n        \"J\": {\n          \"ay\": 1982,\n          \"assign\": [\n            \"S&J/kAW\",\n            \"}a4v)[Wnh\",\n            \"\"\n          ],\n          \"match\": [],\n          \"satisfy\": {\n            \"mc\": \"<=72\"\n          },\n          \"url\": \"http://yld32lea-63pj-jqzktxjasgsiueaanhnrcndi2e0bwz.tsk.od.u96wsytg9b6131qgcdpr8u5ht.a.glpbyskko/7e*%F1%98%AE%98K=G=/yi)F1%F3%82%89%B0S/$F4o/~J//.%F3%88%81%BC%F1%BA%98%B4WM%F3%A0%8D%8El%F1%88%94%AB/qYHr%F1%9F%96%8Dmf/%F3%A7%98%BEkpcT/\",\n          \"info\": \"yR\",\n          \"isSelectable\": true\n        },\n        \"'do\": {\n          \"name\": \"2\",\n          \"ay\": 1953,\n          \"assign\": [\n            \"'11=n;Q\"\n          ],\n          \"match\": {\n            \"pattern\": \"JE4x*2\",\n            \"exclude\": \"GI23C\"\n          },\n          \"satisfy\": {\n            \"or\": [\n              \"\"\n            ]\n          },\n          \"url\": \"https://txilardc02ri2ucgstrp.57nduvar.ci1tc63uyh35g-beo9heyx6enu7li-w0z16eb6.lotnxiec/%F1%AE%A8%9E-Ig'R/Kief@P%F0%A6%8C%9DE%F1%8F%BC%A2g/cYrK/KwOO%F3%B1%A1%85/Q3T%F1%BE%B1%88A/z9w/LA/6v:l\",\n          \"info\": \"YP8g|P\"\n        },\n        \"1(DuV\": {\n          \"name\": \"qpyaxZR\",\n          \"ay\": 2011,\n          \"assign\": \"J_]%\\\\A4a\",\n          \"match\": \"INV*38\",\n          \"satisfy\": [\n            {\n              \"or\": [\n                {\n                  \"or\": [\n                    \"n0i`/QCM>\\\\\",\n                    \"MG}e\",\n                    {\n                      \"mc\": \"<=89\"\n                    },\n                    {\n                      \"and\": [\n                        {\n                          \"and\": [\n                            {\n                              \"or\": [\n                                \"^,b[aN6U+x\",\n                                \"\",\n                                {\n                                  \"or\": [\n                                    \"7 Pj\",\n                                    {\n                                      \"and\": [\n                                        \"0y3\",\n                                        \"2K\",\n                                        \"6(Me\"\n                                      ]\n                                    },\n                                    \"I+El{q0a\",\n                                    \"NW@\"\n                                  ]\n                                },\n                                {\n                                  \"and\": []\n                                }\n                              ]\n                            },\n                            {\n                              \"mc\": \">=2\"\n                            },\n                            \"\\\"w*f/p\",\n                            \"\",\n                            \"svR\"\n                          ]\n                        },\n                        {\n                          \"or\": []\n                        }\n                      ]\n                    },\n                    {\n                      \"or\": [\n                        \"e<n3=0\"\n                      ]\n                    }\n                  ]\n                },\n                {\n                  \"and\": [\n                    {\n                      \"mc\": \"<=88\"\n                    },\n                    \";\",\n                    {\n                      \"or\": [\n                        \"tEd|?XDLLs\",\n                        \"A|{\",\n                        \" \\\\x\",\n                        \"\"\n                      ]\n                    },\n                    {\n                      \"or\": [\n                        \"m'33|\\\">o^$\",\n                        \"h^R'u,\",\n                        {\n                          \"and\": []\n                        },\n                        \"2O%,Fc\",\n                        \"Kmz1P\"\n                      ]\n                    },\n                    \"p1dG:\"\n                  ]\n                },\n                {\n                  \"mc\": \"<=23\"\n                },\n                \"V*r2m^Bd\",\n                {\n                  \"or\": [\n                    {\n                      \"mc\": \">=1\"\n                    }\n                  ]\n                }\n              ]\n            }\n          ],\n          \"url\": \"https://a.e.4gnmpfckv7n99uqin-61kq8xdrqud7a0dj8cwv6o6p0swfra9m2aw.9t9knw1map1bkzzyowfccy9foez-qmwequiui5.kt0lweuuqgr2n11zqo6ixkyzknpi1c4sq.rzjg/F/T%F2%B5%B2%90iake3/+%F2%BC%80%8Dn$/+c0)eNT&H*/x0O/j%F3%93%85%9Ac/5I%F2%A7%AD%9C0Ko-/3%F3%82%AE%88wZ.1D/Dc$:v\",\n          \"info\": \"vD4'Vf&D_\",\n          \"isSelectable\": true\n        }\n      }\n    }\n  },\n  {\n    \"title\": \"block sample 8\",\n    \"value\": {\n      \"name\": \"z\",\n      \"ay\": 1951,\n      \"assign\": [\n        \"%l\"\n      ],\n      \"match\": [\n        {\n          \"or\": [\n            {\n              \"or\": [\n                \"BFN54\",\n                \"US549\"\n              ]\n            },\n            {\n              \"pattern\": \"ZC6259B\",\n              \"exclude\": \"JO9T\",\n              \"info\": \"4Z\\\"'?>'\"\n            },\n            \"HK08x\",\n            {\n              \"or\": [\n                \"XRV7*27\",\n                \"NF8687C\",\n                \"WJN3*x0D\"\n              ]\n            },\n            \"BLDx1\"\n          ]\n        },\n        {\n          \"or\": [\n            {\n              \"and\": [\n                {\n                  \"pattern\": \"KQ84X\",\n                  \"exclude\": [\n                    \"YY5045\",\n                    \"AJ6\",\n                    \"VID435\",\n                    \"JDN46\"\n                  ],\n                  \"info\": \"1L>hB#[}\"\n                },\n                \"YPxF\",\n                \"CCD14A\"\n              ]\n            },\n            {\n              \"and\": []\n            }\n          ]\n        }\n      ],\n      \"satisfy\": [\n        \"[`pq7\",\n        {\n          \"and\": [\n            \"8DZ%\",\n            \"68X<1\",\n            \"V'[a(\"\n          ]\n        },\n        \"6\\\"s\"\n      ],\n      \"url\": \"http://b.wr89d6kv6wz4s1otqhzh3n3o-1pk4tthncpqsy-7p4p83ryblna2cjmd.9h4qfkcns5rgufkxplz6b7-1jt7u6ra.3mk6-f1h7f2jk2.zmxcvcde/1C/+/'lj/dk2aTv_N\",\n      \"info\": \"%j+GD_d\",\n      \"isSelectable\": true\n    }\n  },\n  {\n    \"title\": \"block sample 9\",\n    \"value\": {\n      \"name\": \"|0}$\",\n      \"ay\": 1960,\n      \"assign\": \"x8O#cR7U&#\",\n      \"satisfy\": \"&psaYtuv\",\n      \"url\": \"https://6fmussoq7-p43zhbudlib53osngvn4vta-cqiaf73qmka-s1x1815ijk43-6w5.d.9.vc5z0oviw76g4-e5mu2z9vv0ur3c9dycdj4ye8k3ls37w-liuvg-j8-l6.jwip/;%F3%A3%A5%9C/P:BsOMDE7\",\n      \"info\": \".W\",\n      \"Dksmo ,s\": {\n        \"name\": \" yjl@Do\",\n        \"ay\": 1996,\n        \"assign\": [\n          \"\",\n          \"G\",\n          \"u?i`T\",\n          \"Ik\\\"hcoyG|:\",\n          \"p+j6gGf\"\n        ],\n        \"match\": [\n          {\n            \"or\": []\n          },\n          \"LWZx*7U\",\n          \"PG45S\"\n        ],\n        \"satisfy\": {\n          \"mc\": \">=176\"\n        },\n        \"info\": \"Q\",\n        \"upu\\\"PvG$\": {\n          \"assign\": [\n            \"dqS\\\\sE\",\n            \"V\",\n            \"8G\",\n            \"$rV^_9)\",\n            \"kPR?vv\"\n          ],\n          \"url\": \"http://768j36yvn-4k-mdvjmroc0dt54vis3c-23qy.ygsyeisrduezkj8hy0djbp2w15em3uod9kdn6qay4gbt65f.eiyljo\",\n          \"info\": \"6N\\\\w%K6E=s\",\n          \"isSelectable\": true,\n          \"z]_fw0cl\": {\n            \"name\": \"FP\",\n            \"ay\": 1988,\n            \"assign\": \" ]`\",\n            \"match\": {\n              \"pattern\": \"FF71x\",\n              \"exclude\": \"OVJ2080\"\n            },\n            \"satisfy\": [\n              {\n                \"mc\": \"<=57\"\n              },\n              {\n                \"mc\": \">=144\"\n              },\n              {\n                \"or\": [\n                  {\n                    \"or\": [\n                      \"I{tpn\",\n                      \"#\",\n                      \"R0)XYUR\"\n                    ]\n                  },\n                  \"XK\",\n                  {\n                    \"and\": [\n                      {\n                        \"mc\": \">=99\"\n                      },\n                      {\n                        \"or\": []\n                      },\n                      {\n                        \"mc\": \"<=90\"\n                      }\n                    ]\n                  },\n                  \"?+s\",\n                  {\n                    \"or\": []\n                  }\n                ]\n              },\n              {\n                \"and\": [\n                  \"7??w>\",\n                  {\n                    \"mc\": \"<=95\"\n                  },\n                  \"fF^?cg>X<\",\n                  {\n                    \"and\": [\n                      {\n                        \"and\": [\n                          \"6}xS;T`^a\"\n                        ]\n                      },\n                      \",h'\",\n                      \"qP=\"\n                    ]\n                  }\n                ]\n              },\n              {\n                \"mc\": \"<=76\"\n              }\n            ],\n            \"url\": \"https://1yymx0t66qd61ebcbuttbdogwxs4n4sbxfl52cvlqre863p-pasmn33f142aama.i.iisphnzzkk//v,/1.I~/fXa%F3%A9%A3%A3%F2%B0%9B%8CNZ\",\n            \"info\": \"4@s\"\n          }\n        },\n        \",`KJa\": {\n          \"name\": \"Wp\",\n          \"ay\": 1980,\n          \"assign\": \"&|\",\n          \"match\": {\n            \"or\": [\n              \"SLI0619\",\n              {\n                \"or\": [\n                  {\n                    \"or\": [\n                      \"CTJ1xA\",\n                      \"YH98U\",\n                      \"DX122\",\n                      \"KF32\",\n                      {\n                        \"or\": []\n                      }\n                    ]\n                  }\n                ]\n              },\n              {\n                \"or\": [\n                  {\n                    \"pattern\": \"OUD2S\",\n                    \"exclude\": [],\n                    \"info\": \"\\\\nw~@LJH'l\"\n                  },\n                  \"WZ64\",\n                  {\n                    \"and\": [\n                      {\n                        \"pattern\": \"OX*170O\",\n                        \"info\": \"qid]v5o\\\\r \"\n                      },\n                      {\n                        \"or\": [\n                          \"FXW9*01F\",\n                          \"FH19M\",\n                          \"IU139L\",\n                          \"LC542D\",\n                          \"TD6084\"\n                        ]\n                      },\n                      \"RX9K\"\n                    ]\n                  },\n                  \"QN1V\"\n                ]\n              },\n              {\n                \"and\": [\n                  \"MM5xx1\",\n                  \"YJJ68\"\n                ]\n              },\n              {\n                \"or\": []\n              }\n            ]\n          },\n          \"satisfy\": [\n            {\n              \"mc\": \"<=133\"\n            }\n          ],\n          \"url\": \"https://520r9eux2zgr93jjia1aj-f0fz4r4t1hzx8nzg721aancm4.x.optn.gl2gngtpmwsfvu6vl8a8zmgvih22x1ssxwalreji25ifio.zo87xk8qremhtikbx18xrd8m9reighjklwyazjzjkwkyu9anluaxk7ynw.uuszuucoxf/6_:G@kAy;/zw/J~s@K@ts/mmh%F4%83%9E%A4g/tuey9%F1%9E%B6%8D/0OOcK=12W/\",\n          \"info\": \"9#9U&\",\n          \"isSelectable\": true\n        }\n      }\n    }\n  }\n]",
              "code": "fast_check_1.sample(index_test_2.block, 10).forEach((sample, i) => addContext_1.default(this, {\n    title: `block sample ${i}`,\n    value: sample,\n}));\nreturn fast_check_1.assert(fast_check_1.property(index_test_2.block, ajvValidate));",
              "err": {},
              "uuid": "484d20e9-e141-462a-b5fb-914541df5bd7",
              "parentUUID": "21ff99dc-a26e-4494-a6e7-874233d56dd4",
              "isHook": false,
              "skipped": false
            },
            {
              "title": "should not validate non-object",
              "fullTitle": "blockSchema should not validate non-object",
              "timedOut": false,
              "duration": 1,
              "state": "passed",
              "speed": "fast",
              "pass": true,
              "fail": false,
              "pending": false,
              "context": null,
              "code": "const error = {\n    instancePath: \"\",\n    message: \"block should be an object\",\n};\nisInvalidBlock(null, error);\nisInvalidBlock(undefined, error);\nisInvalidBlock(10, error);\nisInvalidBlock([12, 24], error);\nisInvalidBlock(\"abc\", error);",
              "err": {},
              "uuid": "9ad8e185-afb5-4276-8bfe-f9efd2b041a0",
              "parentUUID": "21ff99dc-a26e-4494-a6e7-874233d56dd4",
              "isHook": false,
              "skipped": false
            },
            {
              "title": "should not validate block with invalid properties",
              "fullTitle": "blockSchema should not validate block with invalid properties",
              "timedOut": false,
              "duration": 0,
              "state": "passed",
              "speed": "fast",
              "pass": true,
              "fail": false,
              "pending": false,
              "context": null,
              "code": "isInvalidBlock({\n        name: { foo: \"bar\" },\n        ay: -1000,\n        assign: {},\n        match: 1,\n        satisfy: 2,\n        url: { abc: \"def\" },\n        info: 42,\n        isSelectable: 32,\n    }, { instancePath: \"/name\", message: \"property 'name' should be a string\" }, {\n        instancePath: \"/ay\",\n        message: \"property 'ay' should be a positive integer\",\n    }, {\n        instancePath: \"/assign\",\n        message: \"property 'assign' should be either a block ID or an array of block IDs\",\n    }, {\n        instancePath: \"/match\",\n        message: \"property 'match' should be either a match rule or an array of match rules\",\n    }, {\n        instancePath: \"/satisfy\",\n        message: \"property 'satisfy' should be either a satisfy rule or an array of satisfy rules\",\n    }, { instancePath: \"/url\", message: \"property 'url' should be a string\" }, { instancePath: \"/info\", message: \"property 'info' should be a string\" }, {\n        instancePath: \"/isSelectable\",\n        message: \"property 'isSelectable' should be a boolean\",\n    })",
              "err": {},
              "uuid": "b7f37344-71db-494f-86b5-a615776e3d21",
              "parentUUID": "21ff99dc-a26e-4494-a6e7-874233d56dd4",
              "isHook": false,
              "skipped": false
            }
          ],
          "suites": [],
          "passes": [
            "484d20e9-e141-462a-b5fb-914541df5bd7",
            "9ad8e185-afb5-4276-8bfe-f9efd2b041a0",
            "b7f37344-71db-494f-86b5-a615776e3d21"
          ],
          "failures": [],
          "pending": [],
          "skipped": [],
          "duration": 209,
          "root": false,
          "rootEmpty": false,
          "_timeout": 2000
        },
        {
          "uuid": "9d9826a1-843a-44e8-9284-d2729ca1123d",
          "title": "patternToRE",
          "fullFile": "/home/runner/work/planwithus-lib/planwithus-lib/src/matchRule/pattern/satisfiers.test.ts",
          "file": "/src/matchRule/pattern/satisfiers.test.ts",
          "beforeHooks": [],
          "afterHooks": [],
          "tests": [
            {
              "title": "should match valid modules with a single pattern",
              "fullTitle": "patternToRE should match valid modules with a single pattern",
              "timedOut": false,
              "duration": 14,
              "state": "passed",
              "speed": "fast",
              "pass": true,
              "fail": false,
              "pending": false,
              "context": "[\n  {\n    \"title\": \"patternExampleList sample 0\",\n    \"value\": [\n      \"QT*7\",\n      [\n        \"QTMTI7\",\n        \"QTAQ7KA2ZX7\",\n        \"QT7\",\n        \"QTWLW7\",\n        \"QTN7\"\n      ]\n    ]\n  },\n  {\n    \"title\": \"patternExampleList sample 1\",\n    \"value\": [\n      \"QIx\",\n      [\n        \"QI9\",\n        \"QI5\",\n        \"QI8\"\n      ]\n    ]\n  },\n  {\n    \"title\": \"patternExampleList sample 2\",\n    \"value\": [\n      \"UU8\",\n      [\n        \"UU8\"\n      ]\n    ]\n  },\n  {\n    \"title\": \"patternExampleList sample 3\",\n    \"value\": [\n      \"THT7B\",\n      [\n        \"THT7B\"\n      ]\n    ]\n  },\n  {\n    \"title\": \"patternExampleList sample 4\",\n    \"value\": [\n      \"KAC12\",\n      [\n        \"KAC12\"\n      ]\n    ]\n  },\n  {\n    \"title\": \"patternExampleList sample 5\",\n    \"value\": [\n      \"EIxV\",\n      [\n        \"EI2V\",\n        \"EI3V\",\n        \"EI0V\",\n        \"EI9V\",\n        \"EI4V\",\n        \"EI6V\",\n        \"EI7V\",\n        \"EI5V\",\n        \"EI8V\",\n        \"EI1V\"\n      ]\n    ]\n  },\n  {\n    \"title\": \"patternExampleList sample 6\",\n    \"value\": [\n      \"GM2B\",\n      [\n        \"GM2B\"\n      ]\n    ]\n  },\n  {\n    \"title\": \"patternExampleList sample 7\",\n    \"value\": [\n      \"OF5x4L\",\n      [\n        \"OF564L\"\n      ]\n    ]\n  },\n  {\n    \"title\": \"patternExampleList sample 8\",\n    \"value\": [\n      \"UAP0905A\",\n      [\n        \"UAP0905A\"\n      ]\n    ]\n  },\n  {\n    \"title\": \"patternExampleList sample 9\",\n    \"value\": [\n      \"LYT286P\",\n      [\n        \"LYT286P\"\n      ]\n    ]\n  }\n]",
              "code": "fast_check_1.sample(index_test_1.patternExampleList, 10).forEach((sample, i) => addContext_1.default(this, {\n    title: `patternExampleList sample ${i}`,\n    value: sample,\n}));\nreturn fast_check_1.assert(fast_check_1.property(index_test_1.patternExampleList, ([patternStr, examples]) => {\n    const re = _1.patternToRE(patternStr);\n    return examples.every(re.test.bind(re));\n}));",
              "err": {},
              "uuid": "f974fa35-12dd-4fdb-955c-dcaec5cc636e",
              "parentUUID": "9d9826a1-843a-44e8-9284-d2729ca1123d",
              "isHook": false,
              "skipped": false
            },
            {
              "title": "should match valid modules with multiple patterns",
              "fullTitle": "patternToRE should match valid modules with multiple patterns",
              "timedOut": false,
              "duration": 58,
              "state": "passed",
              "speed": "medium",
              "pass": true,
              "fail": false,
              "pending": false,
              "context": "[\n  {\n    \"title\": \"patternExampleListArray sample 0\",\n    \"value\": [\n      [\n        \"ZB6564\",\n        [\n          \"ZB6564\"\n        ]\n      ],\n      [\n        \"OJ1V\",\n        [\n          \"OJ1V\"\n        ]\n      ],\n      [\n        \"VF9133I\",\n        [\n          \"VF9133I\"\n        ]\n      ]\n    ]\n  },\n  {\n    \"title\": \"patternExampleListArray sample 1\",\n    \"value\": [\n      [\n        \"QC2x\",\n        [\n          \"QC24\"\n        ]\n      ],\n      [\n        \"YTY368\",\n        [\n          \"YTY368\"\n        ]\n      ],\n      [\n        \"KJ84*6R\",\n        [\n          \"KJ84D7P6R\",\n          \"KJ849AH00WJX6R\",\n          \"KJ84ESU6R\"\n        ]\n      ],\n      [\n        \"QF6890\",\n        [\n          \"QF6890\"\n        ]\n      ],\n      [\n        \"IR67x\",\n        [\n          \"IR676\",\n          \"IR673\",\n          \"IR679\",\n          \"IR670\",\n          \"IR678\",\n          \"IR674\",\n          \"IR677\",\n          \"IR671\",\n          \"IR672\"\n        ]\n      ],\n      [\n        \"UO94\",\n        [\n          \"UO94\"\n        ]\n      ],\n      [\n        \"OB2x\",\n        [\n          \"OB20\",\n          \"OB29\",\n          \"OB23\",\n          \"OB27\",\n          \"OB24\",\n          \"OB26\"\n        ]\n      ],\n      [\n        \"MF428\",\n        [\n          \"MF428\"\n        ]\n      ]\n    ]\n  },\n  {\n    \"title\": \"patternExampleListArray sample 2\",\n    \"value\": [\n      [\n        \"QCx7\",\n        [\n          \"QC67\",\n          \"QC57\",\n          \"QC97\"\n        ]\n      ],\n      [\n        \"BST0x6\",\n        [\n          \"BST056\",\n          \"BST076\",\n          \"BST016\",\n          \"BST086\",\n          \"BST046\",\n          \"BST036\",\n          \"BST006\",\n          \"BST096\",\n          \"BST026\",\n          \"BST066\"\n        ]\n      ],\n      [\n        \"DW6I\",\n        [\n          \"DW6I\"\n        ]\n      ],\n      [\n        \"JB559G\",\n        [\n          \"JB559G\"\n        ]\n      ]\n    ]\n  },\n  {\n    \"title\": \"patternExampleListArray sample 3\",\n    \"value\": [\n      [\n        \"TB74I\",\n        [\n          \"TB74I\"\n        ]\n      ],\n      [\n        \"XZF23xC\",\n        [\n          \"XZF231C\"\n        ]\n      ],\n      [\n        \"JKY341\",\n        [\n          \"JKY341\"\n        ]\n      ],\n      [\n        \"KMN45\",\n        [\n          \"KMN45\"\n        ]\n      ],\n      [\n        \"RFA7\",\n        [\n          \"RFA7\"\n        ]\n      ],\n      [\n        \"WR88\",\n        [\n          \"WR88\"\n        ]\n      ],\n      [\n        \"OJ68\",\n        [\n          \"OJ68\"\n        ]\n      ],\n      [\n        \"AY2V\",\n        [\n          \"AY2V\"\n        ]\n      ],\n      [\n        \"JKQ5\",\n        [\n          \"JKQ5\"\n        ]\n      ],\n      [\n        \"YV865M\",\n        [\n          \"YV865M\"\n        ]\n      ],\n      [\n        \"IVB44*0\",\n        [\n          \"IVB44U0\",\n          \"IVB440AN4N70\",\n          \"IVB446VJV50\",\n          \"IVB44Z4270\"\n        ]\n      ]\n    ]\n  },\n  {\n    \"title\": \"patternExampleListArray sample 4\",\n    \"value\": [\n      [\n        \"KT1\",\n        [\n          \"KT1\"\n        ]\n      ],\n      [\n        \"AP43T\",\n        [\n          \"AP43T\"\n        ]\n      ],\n      [\n        \"HAI94\",\n        [\n          \"HAI94\"\n        ]\n      ],\n      [\n        \"JFH70C\",\n        [\n          \"JFH70C\"\n        ]\n      ],\n      [\n        \"HMC398\",\n        [\n          \"HMC398\"\n        ]\n      ],\n      [\n        \"MVV96N\",\n        [\n          \"MVV96N\"\n        ]\n      ],\n      [\n        \"OVC3243\",\n        [\n          \"OVC3243\"\n        ]\n      ],\n      [\n        \"UTL3\",\n        [\n          \"UTL3\"\n        ]\n      ],\n      [\n        \"JT6\",\n        [\n          \"JT6\"\n        ]\n      ],\n      [\n        \"PXB9\",\n        [\n          \"PXB9\"\n        ]\n      ],\n      [\n        \"FMI*5*4\",\n        [\n          \"FMI54\",\n          \"FMI4M64LTUP55X5EPF4\",\n          \"FMI936954\",\n          \"FMI2EQ39KB5DS4\",\n          \"FMIDJAW5T7H0B4\",\n          \"FMIAOC85905BD64\",\n          \"FMILKN38U5CPZXO24\",\n          \"FMIW27Z4TRY5DL5GJM4\",\n          \"FMI8K54\",\n          \"FMII8W9JHGO54\"\n        ]\n      ]\n    ]\n  },\n  {\n    \"title\": \"patternExampleListArray sample 5\",\n    \"value\": [\n      [\n        \"XD99*\",\n        [\n          \"XD99GUB3FK1Y\",\n          \"XD99\",\n          \"XD9945\",\n          \"XD99BG2X\"\n        ]\n      ],\n      [\n        \"QDM98Y\",\n        [\n          \"QDM98Y\"\n        ]\n      ],\n      [\n        \"KC4402R\",\n        [\n          \"KC4402R\"\n        ]\n      ]\n    ]\n  },\n  {\n    \"title\": \"patternExampleListArray sample 6\",\n    \"value\": [\n      [\n        \"YC35\",\n        [\n          \"YC35\"\n        ]\n      ],\n      [\n        \"AB354\",\n        [\n          \"AB354\"\n        ]\n      ],\n      [\n        \"TBx195O\",\n        [\n          \"TB3195O\",\n          \"TB4195O\",\n          \"TB9195O\",\n          \"TB2195O\"\n        ]\n      ]\n    ]\n  },\n  {\n    \"title\": \"patternExampleListArray sample 7\",\n    \"value\": [\n      [\n        \"BP839*\",\n        [\n          \"BP839HJ0T\",\n          \"BP839R\",\n          \"BP839SY\",\n          \"BP839Z7I00OM\",\n          \"BP8391A7\",\n          \"BP839WP\",\n          \"BP839\",\n          \"BP839RZLFX\"\n        ]\n      ],\n      [\n        \"FU8xZ\",\n        [\n          \"FU85Z\",\n          \"FU87Z\",\n          \"FU89Z\",\n          \"FU88Z\",\n          \"FU86Z\",\n          \"FU83Z\",\n          \"FU80Z\",\n          \"FU82Z\",\n          \"FU81Z\"\n        ]\n      ],\n      [\n        \"HT29\",\n        [\n          \"HT29\"\n        ]\n      ],\n      [\n        \"JKT26\",\n        [\n          \"JKT26\"\n        ]\n      ],\n      [\n        \"TTX02R\",\n        [\n          \"TTX02R\"\n        ]\n      ]\n    ]\n  },\n  {\n    \"title\": \"patternExampleListArray sample 8\",\n    \"value\": [\n      [\n        \"MT13M\",\n        [\n          \"MT13M\"\n        ]\n      ],\n      [\n        \"QGW276\",\n        [\n          \"QGW276\"\n        ]\n      ],\n      [\n        \"IB4N\",\n        [\n          \"IB4N\"\n        ]\n      ],\n      [\n        \"IM3655X\",\n        [\n          \"IM3655X\"\n        ]\n      ],\n      [\n        \"RK920H\",\n        [\n          \"RK920H\"\n        ]\n      ],\n      [\n        \"TN634X\",\n        [\n          \"TN634X\"\n        ]\n      ],\n      [\n        \"YF328x\",\n        [\n          \"YF3289\",\n          \"YF3282\"\n        ]\n      ],\n      [\n        \"YR894xE\",\n        [\n          \"YR8944E\",\n          \"YR8945E\",\n          \"YR8943E\"\n        ]\n      ]\n    ]\n  },\n  {\n    \"title\": \"patternExampleListArray sample 9\",\n    \"value\": [\n      [\n        \"TBI611*\",\n        [\n          \"TBI61112U3B\",\n          \"TBI611GG276C1O\",\n          \"TBI611Q3PC\",\n          \"TBI611VHTD5\",\n          \"TBI611OX\",\n          \"TBI611YZS\",\n          \"TBI611MCNE\",\n          \"TBI6115WO8Y4O\",\n          \"TBI611444\",\n          \"TBI611D29V0473\"\n        ]\n      ],\n      [\n        \"LY655xA\",\n        [\n          \"LY6556A\",\n          \"LY6552A\",\n          \"LY6553A\"\n        ]\n      ],\n      [\n        \"JYE31xS\",\n        [\n          \"JYE317S\",\n          \"JYE318S\",\n          \"JYE314S\",\n          \"JYE311S\",\n          \"JYE316S\",\n          \"JYE310S\",\n          \"JYE312S\",\n          \"JYE319S\",\n          \"JYE313S\",\n          \"JYE315S\"\n        ]\n      ]\n    ]\n  }\n]",
              "code": "const patternExampleListArray = fast_check_1.array(index_test_1.patternExampleList, { minLength: 1 });\nfast_check_1.sample(patternExampleListArray, 10).forEach((sample, i) => addContext_1.default(this, {\n    title: `patternExampleListArray sample ${i}`,\n    value: sample,\n}));\nreturn fast_check_1.assert(fast_check_1.property(patternExampleListArray, (ts) => {\n    const re = _1.patternToRE(...ts.map(([patternStr]) => patternStr));\n    return ts\n        .map(([, examples]) => examples)\n        .flat()\n        .every(re.test.bind(re));\n}));",
              "err": {},
              "uuid": "0ad59d0a-0d5b-40b5-82dd-5c8f41e596c9",
              "parentUUID": "9d9826a1-843a-44e8-9284-d2729ca1123d",
              "isHook": false,
              "skipped": false
            },
            {
              "title": "should not match x to non-number",
              "fullTitle": "patternToRE should not match x to non-number",
              "timedOut": false,
              "duration": 0,
              "state": "passed",
              "speed": "fast",
              "pass": true,
              "fail": false,
              "pending": false,
              "context": null,
              "code": "const re = _1.patternToRE(\"x\");\n[\"A\", \"Z\", \"c\", \"#\"].forEach((example) => isInvalidExample(re, example));",
              "err": {},
              "uuid": "6beabea8-9b60-4435-9b4f-1f800f2ff15a",
              "parentUUID": "9d9826a1-843a-44e8-9284-d2729ca1123d",
              "isHook": false,
              "skipped": false
            },
            {
              "title": "should not match * to a substring composed of characters other than A-Z and 0-9",
              "fullTitle": "patternToRE should not match * to a substring composed of characters other than A-Z and 0-9",
              "timedOut": false,
              "duration": 0,
              "state": "passed",
              "speed": "fast",
              "pass": true,
              "fail": false,
              "pending": false,
              "context": null,
              "code": "const re = _1.patternToRE(\"*\");\n[\"c\", \"Ac\", \"cA\", \"0Ax\", \"x0A\", \"BA#\", \"#AB\"].forEach((example) => isInvalidExample(re, example));",
              "err": {},
              "uuid": "a63f52b7-cc96-4d59-a7a3-32a1508eae5d",
              "parentUUID": "9d9826a1-843a-44e8-9284-d2729ca1123d",
              "isHook": false,
              "skipped": false
            },
            {
              "title": "should not match substrings",
              "fullTitle": "patternToRE should not match substrings",
              "timedOut": false,
              "duration": 0,
              "state": "passed",
              "speed": "fast",
              "pass": true,
              "fail": false,
              "pending": false,
              "context": null,
              "code": "const re = _1.patternToRE(\"A*xC\");\n[\"A1CZ\", \"AC1CZ\", \"ZA1C\", \"ZAC1C\", \"ZA1CZ\", \"ZAC1CZ\"].forEach((example) => isInvalidExample(re, example));",
              "err": {},
              "uuid": "4b481e3b-18ea-4148-ae15-305b0ef67a0f",
              "parentUUID": "9d9826a1-843a-44e8-9284-d2729ca1123d",
              "isHook": false,
              "skipped": false
            }
          ],
          "suites": [],
          "passes": [
            "f974fa35-12dd-4fdb-955c-dcaec5cc636e",
            "0ad59d0a-0d5b-40b5-82dd-5c8f41e596c9",
            "6beabea8-9b60-4435-9b4f-1f800f2ff15a",
            "a63f52b7-cc96-4d59-a7a3-32a1508eae5d",
            "4b481e3b-18ea-4148-ae15-305b0ef67a0f"
          ],
          "failures": [],
          "pending": [],
          "skipped": [],
          "duration": 72,
          "root": false,
          "rootEmpty": false,
          "_timeout": 2000
        },
        {
          "uuid": "a6626a00-4916-40be-89bc-6ae921bf1a01",
          "title": "patternSatisfier",
          "fullFile": "/home/runner/work/planwithus-lib/planwithus-lib/src/matchRule/pattern/satisfiers.test.ts",
          "file": "/src/matchRule/pattern/satisfiers.test.ts",
          "beforeHooks": [],
          "afterHooks": [],
          "tests": [
            {
              "title": "should assign all modules with *",
              "fullTitle": "patternSatisfier should assign all modules with *",
              "timedOut": false,
              "duration": 1,
              "state": "passed",
              "speed": "fast",
              "pass": true,
              "fail": false,
              "pending": false,
              "context": null,
              "code": "const { assign } = satisfiers_1.patternSatisfier(ref, \"*\");\nisCorrectAssign(assign, modulesList1, modulesList1.map(([moduleStr]) => moduleStr));",
              "err": {},
              "uuid": "4d4f47ec-d0a7-46c9-abf2-937dec58c9c9",
              "parentUUID": "a6626a00-4916-40be-89bc-6ae921bf1a01",
              "isHook": false,
              "skipped": false
            },
            {
              "title": "should assign only valid modules with pattern containing *",
              "fullTitle": "patternSatisfier should assign only valid modules with pattern containing *",
              "timedOut": false,
              "duration": 0,
              "state": "passed",
              "speed": "fast",
              "pass": true,
              "fail": false,
              "pending": false,
              "context": null,
              "code": "const { assign } = satisfiers_1.patternSatisfier(ref, \"CS2*\");\nisCorrectAssign(assign, modulesList1, [\"CS2100\", \"CS2040S\", \"CS2030\"]);",
              "err": {},
              "uuid": "24b2986f-54e2-4a4b-add4-029027bbefae",
              "parentUUID": "a6626a00-4916-40be-89bc-6ae921bf1a01",
              "isHook": false,
              "skipped": false
            },
            {
              "title": "should assign only valid modules with pattern containing x",
              "fullTitle": "patternSatisfier should assign only valid modules with pattern containing x",
              "timedOut": false,
              "duration": 0,
              "state": "passed",
              "speed": "fast",
              "pass": true,
              "fail": false,
              "pending": false,
              "context": null,
              "code": "const { assign } = satisfiers_1.patternSatisfier(ref, \"CS20xx\");\nisCorrectAssign(assign, modulesList1, [\"CS2030\"]);",
              "err": {},
              "uuid": "28024eaa-e2a0-4f3b-b1c2-c7e15f7ba77c",
              "parentUUID": "a6626a00-4916-40be-89bc-6ae921bf1a01",
              "isHook": false,
              "skipped": false
            },
            {
              "title": "should assign only valid modules with pattern containing x and *",
              "fullTitle": "patternSatisfier should assign only valid modules with pattern containing x and *",
              "timedOut": false,
              "duration": 0,
              "state": "passed",
              "speed": "fast",
              "pass": true,
              "fail": false,
              "pending": false,
              "context": null,
              "code": "const { assign } = satisfiers_1.patternSatisfier(ref, \"CS20xx*\");\nisCorrectAssign(assign, modulesList1, [\"CS2040S\", \"CS2030\"]);",
              "err": {},
              "uuid": "31fca53e-7a86-494a-82fa-a70e213ec494",
              "parentUUID": "a6626a00-4916-40be-89bc-6ae921bf1a01",
              "isHook": false,
              "skipped": false
            }
          ],
          "suites": [],
          "passes": [
            "4d4f47ec-d0a7-46c9-abf2-937dec58c9c9",
            "24b2986f-54e2-4a4b-add4-029027bbefae",
            "28024eaa-e2a0-4f3b-b1c2-c7e15f7ba77c",
            "31fca53e-7a86-494a-82fa-a70e213ec494"
          ],
          "failures": [],
          "pending": [],
          "skipped": [],
          "duration": 1,
          "root": false,
          "rootEmpty": false,
          "_timeout": 2000
        },
        {
          "uuid": "9623b76b-1cf8-4700-9dd6-2e06075f43b5",
          "title": "patternSchema",
          "fullFile": "/home/runner/work/planwithus-lib/planwithus-lib/src/matchRule/pattern/schemas.test.ts",
          "file": "/src/matchRule/pattern/schemas.test.ts",
          "beforeHooks": [],
          "afterHooks": [],
          "tests": [
            {
              "title": "should validate non-empty pattern composed of A-Z, 0-9, x or *",
              "fullTitle": "patternSchema should validate non-empty pattern composed of A-Z, 0-9, x or *",
              "timedOut": false,
              "duration": 1,
              "state": "passed",
              "speed": "fast",
              "pass": true,
              "fail": false,
              "pending": false,
              "context": "[\n  {\n    \"title\": \"pattern sample 0\",\n    \"value\": \"QNJ*045\"\n  },\n  {\n    \"title\": \"pattern sample 1\",\n    \"value\": \"ENAx17\"\n  },\n  {\n    \"title\": \"pattern sample 2\",\n    \"value\": \"XW295*\"\n  },\n  {\n    \"title\": \"pattern sample 3\",\n    \"value\": \"PW05*3\"\n  },\n  {\n    \"title\": \"pattern sample 4\",\n    \"value\": \"ZXQ*63\"\n  },\n  {\n    \"title\": \"pattern sample 5\",\n    \"value\": \"HGW4x3\"\n  },\n  {\n    \"title\": \"pattern sample 6\",\n    \"value\": \"PUQ30R\"\n  },\n  {\n    \"title\": \"pattern sample 7\",\n    \"value\": \"PN8E\"\n  },\n  {\n    \"title\": \"pattern sample 8\",\n    \"value\": \"JL43\"\n  },\n  {\n    \"title\": \"pattern sample 9\",\n    \"value\": \"YBE23E\"\n  }\n]",
              "code": "fast_check_1.sample(index_test_2.pattern, 10).forEach((sample, i) => addContext_1.default(this, {\n    title: `pattern sample ${i}`,\n    value: sample,\n}));\nreturn fast_check_1.assert(fast_check_1.property(index_test_2.pattern, ajvValidate), {\n    examples: [[\"*\"], [\"ACC1002\"], [\"IS1103\"], [\"CS1231S\"], [\"MA1102R\"]],\n});",
              "err": {},
              "uuid": "fd2e239e-c0f1-41b8-81c0-c974784d36b6",
              "parentUUID": "9623b76b-1cf8-4700-9dd6-2e06075f43b5",
              "isHook": false,
              "skipped": false
            },
            {
              "title": "should not validate empty pattern",
              "fullTitle": "patternSchema should not validate empty pattern",
              "timedOut": false,
              "duration": 1,
              "state": "passed",
              "speed": "fast",
              "pass": true,
              "fail": false,
              "pending": false,
              "context": null,
              "code": "isInvalidPattern(\"\")",
              "err": {},
              "uuid": "bad69dc6-5468-41d8-a051-21dd9cfaaec0",
              "parentUUID": "9623b76b-1cf8-4700-9dd6-2e06075f43b5",
              "isHook": false,
              "skipped": false
            },
            {
              "title": "should not validate pattern with invalid characters",
              "fullTitle": "patternSchema should not validate pattern with invalid characters",
              "timedOut": false,
              "duration": 0,
              "state": "passed",
              "speed": "fast",
              "pass": true,
              "fail": false,
              "pending": false,
              "context": null,
              "code": "[\"AB123a\", \"Ac123a\", \"AB123^S\", \"AB1*3^S\", \"$A1*3^S\", \"/A1x33S\"].forEach(isInvalidPattern)",
              "err": {},
              "uuid": "b45248a7-186b-46a5-b83d-f31faa391bbf",
              "parentUUID": "9623b76b-1cf8-4700-9dd6-2e06075f43b5",
              "isHook": false,
              "skipped": false
            }
          ],
          "suites": [],
          "passes": [
            "fd2e239e-c0f1-41b8-81c0-c974784d36b6",
            "bad69dc6-5468-41d8-a051-21dd9cfaaec0",
            "b45248a7-186b-46a5-b83d-f31faa391bbf"
          ],
          "failures": [],
          "pending": [],
          "skipped": [],
          "duration": 2,
          "root": false,
          "rootEmpty": false,
          "_timeout": 2000
        },
        {
          "uuid": "ed222d11-9ae4-4e6e-aadc-84d6dcb4dbca",
          "title": "patternMatchRuleSatisfier",
          "fullFile": "/home/runner/work/planwithus-lib/planwithus-lib/src/matchRule/satisfiers.test.ts",
          "file": "/src/matchRule/satisfiers.test.ts",
          "beforeHooks": [],
          "afterHooks": [],
          "tests": [
            {
              "title": "should assign only valid modules with pattern match rule containing no exclude patterns",
              "fullTitle": "patternMatchRuleSatisfier should assign only valid modules with pattern match rule containing no exclude patterns",
              "timedOut": false,
              "duration": 0,
              "state": "passed",
              "speed": "fast",
              "pass": true,
              "fail": false,
              "pending": false,
              "context": null,
              "code": "const { assign } = satisfiers_1.patternMatchRuleSatisfier(ref, { pattern: \"CS1xxx*\" });\nisCorrectAssign(assign, modulesList1, [\"CS1231\", \"CS1231S\"]);",
              "err": {},
              "uuid": "2ba3fdb4-e169-4daa-bb38-13caaa65d8e3",
              "parentUUID": "ed222d11-9ae4-4e6e-aadc-84d6dcb4dbca",
              "isHook": false,
              "skipped": false
            },
            {
              "title": "should assign only valid modules with pattern match rule containing an exclude pattern",
              "fullTitle": "patternMatchRuleSatisfier should assign only valid modules with pattern match rule containing an exclude pattern",
              "timedOut": false,
              "duration": 1,
              "state": "passed",
              "speed": "fast",
              "pass": true,
              "fail": false,
              "pending": false,
              "context": null,
              "code": "const { assign } = satisfiers_1.patternMatchRuleSatisfier(ref, {\n    pattern: \"MA1xxx*\",\n    exclude: \"MA15xx\",\n});\nisCorrectAssign(assign, modulesList1, [\n    \"MA1100\",\n    \"MA1101R\",\n    \"MA1102R\",\n    \"MA1511A\",\n]);",
              "err": {},
              "uuid": "59ef7c25-a9bf-44b5-bcde-b4ad3fad583e",
              "parentUUID": "ed222d11-9ae4-4e6e-aadc-84d6dcb4dbca",
              "isHook": false,
              "skipped": false
            },
            {
              "title": "should assign only valid modules with pattern match rule containing multiple exclude patterns",
              "fullTitle": "patternMatchRuleSatisfier should assign only valid modules with pattern match rule containing multiple exclude patterns",
              "timedOut": false,
              "duration": 0,
              "state": "passed",
              "speed": "fast",
              "pass": true,
              "fail": false,
              "pending": false,
              "context": null,
              "code": "const { assign } = satisfiers_1.patternMatchRuleSatisfier(ref, {\n    pattern: \"MA*\",\n    exclude: [\"MA151x*\", \"MA2xxx\"],\n});\nisCorrectAssign(assign, modulesList1, [\n    \"MA1100\",\n    \"MA1101R\",\n    \"MA1102R\",\n    \"MA1507\",\n    \"MA1521\",\n    \"MA2101S\",\n]);",
              "err": {},
              "uuid": "37ecd3e9-8b3b-400c-ac6b-61422bd14000",
              "parentUUID": "ed222d11-9ae4-4e6e-aadc-84d6dcb4dbca",
              "isHook": false,
              "skipped": false
            }
          ],
          "suites": [],
          "passes": [
            "2ba3fdb4-e169-4daa-bb38-13caaa65d8e3",
            "59ef7c25-a9bf-44b5-bcde-b4ad3fad583e",
            "37ecd3e9-8b3b-400c-ac6b-61422bd14000"
          ],
          "failures": [],
          "pending": [],
          "skipped": [],
          "duration": 1,
          "root": false,
          "rootEmpty": false,
          "_timeout": 2000
        },
        {
          "uuid": "f4f668f5-62fe-4161-8a10-622a7894a312",
          "title": "matchRuleSchema",
          "fullFile": "/home/runner/work/planwithus-lib/planwithus-lib/src/matchRule/schemas.test.ts",
          "file": "/src/matchRule/schemas.test.ts",
          "beforeHooks": [],
          "afterHooks": [],
          "tests": [
            {
              "title": "should validate match rule with valid pattern",
              "fullTitle": "matchRuleSchema should validate match rule with valid pattern",
              "timedOut": false,
              "duration": 2,
              "state": "passed",
              "speed": "fast",
              "pass": true,
              "fail": false,
              "pending": false,
              "context": "[\n  {\n    \"title\": \"pattern sample 0\",\n    \"value\": \"IXB34\"\n  },\n  {\n    \"title\": \"pattern sample 1\",\n    \"value\": \"CMS47D\"\n  },\n  {\n    \"title\": \"pattern sample 2\",\n    \"value\": \"CPx1\"\n  },\n  {\n    \"title\": \"pattern sample 3\",\n    \"value\": \"XC4984\"\n  },\n  {\n    \"title\": \"pattern sample 4\",\n    \"value\": \"CA25*8\"\n  },\n  {\n    \"title\": \"pattern sample 5\",\n    \"value\": \"HM4x87\"\n  },\n  {\n    \"title\": \"pattern sample 6\",\n    \"value\": \"GYC638*C\"\n  },\n  {\n    \"title\": \"pattern sample 7\",\n    \"value\": \"ZG8\"\n  },\n  {\n    \"title\": \"pattern sample 8\",\n    \"value\": \"ST9*\"\n  },\n  {\n    \"title\": \"pattern sample 9\",\n    \"value\": \"OZx7x9\"\n  }\n]",
              "code": "fast_check_1.sample(index_test_3.pattern, 10).forEach((sample, i) => addContext_1.default(this, {\n    title: `pattern sample ${i}`,\n    value: sample,\n}));\nreturn fast_check_1.assert(fast_check_1.property(index_test_3.pattern, ajvValidate));",
              "err": {},
              "uuid": "33580c3d-0475-4595-b412-8d5420c1f0b4",
              "parentUUID": "f4f668f5-62fe-4161-8a10-622a7894a312",
              "isHook": false,
              "skipped": false
            },
            {
              "title": "should validate match rules with valid pattern, exclude and info",
              "fullTitle": "matchRuleSchema should validate match rules with valid pattern, exclude and info",
              "timedOut": false,
              "duration": 3,
              "state": "passed",
              "speed": "fast",
              "pass": true,
              "fail": false,
              "pending": false,
[...]
              "timedOut": false,
              "duration": 1,
              "state": "passed",
              "speed": "fast",
              "pass": true,
              "fail": false,
              "pending": false,
              "context": null,
              "code": "const satisfier = satisfiers_1.inequalitySatisfier(ref, \"<=32\");\nsatisfier.should.have.property(\"filter\");\nconst { filter } = satisfier;\nisCorrectFilter(filter, modulesList1, modulesList1.map(([moduleStr]) => moduleStr));",
              "err": {},
              "uuid": "c00e30a4-3e61-4ae7-8b15-baf8c1a314ab",
              "parentUUID": "15a92225-94af-49f1-a5d1-254f0b2937e9",
              "isHook": false,
              "skipped": false
            },
            {
              "title": "should truncate list of modules with upper bound of MCs at exact cutoff if total MC count is higher and there exists some starting sequence with exact MC count",
              "fullTitle": "inequalitySatisfier should truncate list of modules with upper bound of MCs at exact cutoff if total MC count is higher and there exists some starting sequence with exact MC count",
              "timedOut": false,
              "duration": 0,
              "state": "passed",
              "speed": "fast",
              "pass": true,
              "fail": false,
              "pending": false,
              "context": null,
              "code": "const satisfier = satisfiers_1.inequalitySatisfier(ref, \"<=16\");\nsatisfier.should.have.property(\"filter\");\nconst { filter } = satisfier;\nisCorrectFilter(filter, modulesList1, [\n    \"CS2100\",\n    \"GER1000\",\n    \"CS2040S\",\n    \"ST2131\",\n]);",
              "err": {},
              "uuid": "1f2f107a-3a26-4766-a6bf-aea9670e91a6",
              "parentUUID": "15a92225-94af-49f1-a5d1-254f0b2937e9",
              "isHook": false,
              "skipped": false
            },
            {
              "title": "should truncate list of modules with upper bound of MCs, cutting off at the minimum starting sequence that exceeds upper bound, if total MC count is higher and there exists no starting sequence with exact MC count",
              "fullTitle": "inequalitySatisfier should truncate list of modules with upper bound of MCs, cutting off at the minimum starting sequence that exceeds upper bound, if total MC count is higher and there exists no starting sequence with exact MC count",
              "timedOut": false,
              "duration": 0,
              "state": "passed",
              "speed": "fast",
              "pass": true,
              "fail": false,
              "pending": false,
              "context": null,
              "code": "const satisfier = satisfiers_1.inequalitySatisfier(ref, \"<=17\");\nsatisfier.should.have.property(\"filter\");\nconst { filter } = satisfier;\nisCorrectFilter(filter, modulesList1, [\n    \"CS2100\",\n    \"GER1000\",\n    \"CS2040S\",\n    \"ST2131\",\n    \"MA1521\",\n]);",
              "err": {},
              "uuid": "affd7506-7eb8-4214-99ad-dfdb7c011ebd",
              "parentUUID": "15a92225-94af-49f1-a5d1-254f0b2937e9",
              "isHook": false,
              "skipped": false
            }
          ],
          "suites": [],
          "passes": [
            "fba124ea-1155-4097-b56b-a825f0f78f75",
            "6d408746-2677-4faf-bd3e-3d9585334925",
            "90ba9a78-43ce-46b6-98ce-3139ee9e63d2",
            "fc9224b6-89b8-40a4-aff0-f1621897b088",
            "c00e30a4-3e61-4ae7-8b15-baf8c1a314ab",
            "1f2f107a-3a26-4766-a6bf-aea9670e91a6",
            "affd7506-7eb8-4214-99ad-dfdb7c011ebd"
          ],
          "failures": [],
          "pending": [],
          "skipped": [],
          "duration": 3,
          "root": false,
          "rootEmpty": false,
          "_timeout": 2000
        },
        {
          "uuid": "ed3a1f9b-6cc4-438f-9417-372f7136d2cb",
          "title": "inequalitySchema",
          "fullFile": "/home/runner/work/planwithus-lib/planwithus-lib/src/satisfyRule/inequality/schemas.test.ts",
          "file": "/src/satisfyRule/inequality/schemas.test.ts",
          "beforeHooks": [],
          "afterHooks": [],
          "tests": [
            {
              "title": "should validate inequality in the form <=n or >=n",
              "fullTitle": "inequalitySchema should validate inequality in the form <=n or >=n",
              "timedOut": false,
              "duration": 1,
              "state": "passed",
              "speed": "fast",
              "pass": true,
              "fail": false,
              "pending": false,
              "context": "[\n  {\n    \"title\": \"inequality sample 0\",\n    \"value\": \"<=199\"\n  },\n  {\n    \"title\": \"inequality sample 1\",\n    \"value\": \">=133\"\n  },\n  {\n    \"title\": \"inequality sample 2\",\n    \"value\": \"<=196\"\n  },\n  {\n    \"title\": \"inequality sample 3\",\n    \"value\": \">=96\"\n  },\n  {\n    \"title\": \"inequality sample 4\",\n    \"value\": \">=200\"\n  },\n  {\n    \"title\": \"inequality sample 5\",\n    \"value\": \">=6\"\n  },\n  {\n    \"title\": \"inequality sample 6\",\n    \"value\": \">=167\"\n  },\n  {\n    \"title\": \"inequality sample 7\",\n    \"value\": \"<=131\"\n  },\n  {\n    \"title\": \"inequality sample 8\",\n    \"value\": \">=193\"\n  },\n  {\n    \"title\": \"inequality sample 9\",\n    \"value\": \">=198\"\n  }\n]",
              "code": "fast_check_1.sample(index_test_2.inequality, 10).forEach((sample, i) => addContext_1.default(this, {\n    title: `inequality sample ${i}`,\n    value: sample,\n}));\nreturn fast_check_1.assert(fast_check_1.property(index_test_2.inequality, ajvValidate));",
              "err": {},
              "uuid": "5268b16e-2c3b-4e16-b60f-6f33c52687c0",
              "parentUUID": "ed3a1f9b-6cc4-438f-9417-372f7136d2cb",
              "isHook": false,
              "skipped": false
            },
            {
              "title": "should not validate inequality of invalid form",
              "fullTitle": "inequalitySchema should not validate inequality of invalid form",
              "timedOut": false,
              "duration": 1,
              "state": "passed",
              "speed": "fast",
              "pass": true,
              "fail": false,
              "pending": false,
              "context": null,
              "code": "[\n        \"\",\n        \"==23\",\n        \"23\",\n        \"<23\",\n        \">23\",\n        \"<=-1\",\n        \">=-1\",\n        \"<= 2\",\n        \">= 1\",\n        \"> 3\",\n        \"< 3\",\n        \"<=3a\",\n        \">=3a\",\n        \"a<=3\",\n        \"a>=3\",\n    ].forEach(isInvalidInequality)",
              "err": {},
              "uuid": "c61c9bf3-e042-45da-b643-54d58ed66407",
              "parentUUID": "ed3a1f9b-6cc4-438f-9417-372f7136d2cb",
              "isHook": false,
              "skipped": false
            }
          ],
          "suites": [],
          "passes": [
            "5268b16e-2c3b-4e16-b60f-6f33c52687c0",
            "c61c9bf3-e042-45da-b643-54d58ed66407"
          ],
          "failures": [],
          "pending": [],
          "skipped": [],
          "duration": 2,
          "root": false,
          "rootEmpty": false,
          "_timeout": 2000
        },
        {
          "uuid": "dda37875-f21f-4223-b7f9-b24a9bc4133c",
          "title": "satisfyRuleSchema",
          "fullFile": "/home/runner/work/planwithus-lib/planwithus-lib/src/satisfyRule/schemas.test.ts",
          "file": "/src/satisfyRule/schemas.test.ts",
          "beforeHooks": [],
          "afterHooks": [],
          "tests": [
            {
              "title": "should validate satisfy rule with valid block id",
              "fullTitle": "satisfyRuleSchema should validate satisfy rule with valid block id",
              "timedOut": false,
              "duration": 2,
              "state": "passed",
              "speed": "fast",
              "pass": true,
              "fail": false,
              "pending": false,
              "context": null,
              "code": "fast_check_1.assert(fast_check_1.property(fast_check_1.string(), ajvValidate)",
              "err": {},
              "uuid": "1a168cd3-4b35-41d7-8c83-0590218229d8",
              "parentUUID": "dda37875-f21f-4223-b7f9-b24a9bc4133c",
              "isHook": false,
              "skipped": false
            },
            {
              "title": "should validate satisfy rules with valid mc",
              "fullTitle": "satisfyRuleSchema should validate satisfy rules with valid mc",
              "timedOut": false,
              "duration": 1,
              "state": "passed",
              "speed": "fast",
              "pass": true,
              "fail": false,
              "pending": false,
              "context": "[\n  {\n    \"title\": \"mcSatisfyRule sample 0\",\n    \"value\": {\n      \"mc\": \"<=8\"\n    }\n  },\n  {\n    \"title\": \"mcSatisfyRule sample 1\",\n    \"value\": {\n      \"mc\": \">=195\"\n    }\n  },\n  {\n    \"title\": \"mcSatisfyRule sample 2\",\n    \"value\": {\n      \"mc\": \"<=3\"\n    }\n  },\n  {\n    \"title\": \"mcSatisfyRule sample 3\",\n    \"value\": {\n      \"mc\": \">=107\"\n    }\n  },\n  {\n    \"title\": \"mcSatisfyRule sample 4\",\n    \"value\": {\n      \"mc\": \"<=98\"\n    }\n  },\n  {\n    \"title\": \"mcSatisfyRule sample 5\",\n    \"value\": {\n      \"mc\": \">=7\"\n    }\n  },\n  {\n    \"title\": \"mcSatisfyRule sample 6\",\n    \"value\": {\n      \"mc\": \"<=7\"\n    }\n  },\n  {\n    \"title\": \"mcSatisfyRule sample 7\",\n    \"value\": {\n      \"mc\": \">=142\"\n    }\n  },\n  {\n    \"title\": \"mcSatisfyRule sample 8\",\n    \"value\": {\n      \"mc\": \"<=7\"\n    }\n  },\n  {\n    \"title\": \"mcSatisfyRule sample 9\",\n    \"value\": {\n      \"mc\": \">=196\"\n    }\n  }\n]",
              "code": "fast_check_1.sample(index_test_2.mcSatisfyRule, 10).forEach((sample, i) => addContext_1.default(this, {\n    title: `mcSatisfyRule sample ${i}`,\n    value: sample,\n}));\nreturn fast_check_1.assert(fast_check_1.property(index_test_2.mcSatisfyRule, ajvValidate));",
              "err": {},
              "uuid": "e631106c-6b18-4a6f-b902-d29bf83d18e0",
              "parentUUID": "dda37875-f21f-4223-b7f9-b24a9bc4133c",
              "isHook": false,
              "skipped": false
            },
            {
              "title": "should validate valid recursive satisfy rules",
              "fullTitle": "satisfyRuleSchema should validate valid recursive satisfy rules",
              "timedOut": false,
              "duration": 6,
              "state": "passed",
              "speed": "fast",
              "pass": true,
              "fail": false,
              "pending": false,
              "context": "[\n  {\n    \"title\": \"satisfyRule sample 0\",\n    \"value\": {\n      \"or\": [\n        {\n          \"mc\": \">=151\"\n        },\n        {\n          \"or\": []\n        },\n        {\n          \"and\": [\n            {\n              \"or\": [\n                \"Q1\"\n              ]\n            },\n            \"\\\\}^7M*S_\",\n            \"*~'c\",\n            {\n              \"mc\": \"<=167\"\n            },\n            \"k\"\n          ]\n        },\n        {\n          \"or\": [\n            {\n              \"or\": [\n                {\n                  \"mc\": \">=6\"\n                },\n                {\n                  \"and\": []\n                },\n                \"X#D6Y!\",\n                {\n                  \"mc\": \">=25\"\n                },\n                \"q8ctN\"\n              ]\n            },\n            \"E\"\n          ]\n        }\n      ]\n    }\n  },\n  {\n    \"title\": \"satisfyRule sample 1\",\n    \"value\": {\n      \"and\": [\n        {\n          \"and\": [\n            \"\"\n          ]\n        },\n        \"b-1UfFS \",\n        {\n          \"mc\": \"<=149\"\n        }\n      ]\n    }\n  },\n  {\n    \"title\": \"satisfyRule sample 2\",\n    \"value\": {\n      \"mc\": \">=52\"\n    }\n  },\n  {\n    \"title\": \"satisfyRule sample 3\",\n    \"value\": {\n      \"or\": [\n        {\n          \"and\": [\n            \"t0 8]:L_\",\n            \"K<!P_7a\",\n            \"$\\\"-]Xk\"\n          ]\n        },\n        {\n          \"mc\": \">=12\"\n        },\n        {\n          \"mc\": \">=136\"\n        }\n      ]\n    }\n  },\n  {\n    \"title\": \"satisfyRule sample 4\",\n    \"value\": {\n      \"or\": [\n        \"\\\"\",\n        {\n          \"mc\": \"<=5\"\n        }\n      ]\n    }\n  },\n  {\n    \"title\": \"satisfyRule sample 5\",\n    \"value\": \".3\"\n  },\n  {\n    \"title\": \"satisfyRule sample 6\",\n    \"value\": {\n      \"or\": [\n        {\n          \"mc\": \"<=139\"\n        }\n      ]\n    }\n  },\n  {\n    \"title\": \"satisfyRule sample 7\",\n    \"value\": {\n      \"or\": []\n    }\n  },\n  {\n    \"title\": \"satisfyRule sample 8\",\n    \"value\": {\n      \"mc\": \"<=194\"\n    }\n  },\n  {\n    \"title\": \"satisfyRule sample 9\",\n    \"value\": \"{le \"\n  }\n]",
              "code": "fast_check_1.sample(index_test_2.satisfyRule, 10).forEach((sample, i) => addContext_1.default(this, {\n    title: `satisfyRule sample ${i}`,\n    value: sample,\n}));\nreturn fast_check_1.assert(fast_check_1.property(index_test_2.satisfyRule, ajvValidate));",
              "err": {},
              "uuid": "0cba37e7-d766-4787-a69e-b19fcfecba41",
              "parentUUID": "dda37875-f21f-4223-b7f9-b24a9bc4133c",
              "isHook": false,
              "skipped": false
            },
            {
              "title": "should not validate non-string/object",
              "fullTitle": "satisfyRuleSchema should not validate non-string/object",
              "timedOut": false,
              "duration": 1,
              "state": "passed",
              "speed": "fast",
              "pass": true,
              "fail": false,
              "pending": false,
              "context": null,
              "code": "const error = {\n    instancePath: \"\",\n    message: \"satisfy rule should be either a string or an object\",\n};\nisInvalidRule(null, error);\nisInvalidRule(undefined, error);\nisInvalidRule(10, error);\nisInvalidRule([12, 24], error);",
              "err": {},
              "uuid": "f0c42cbd-324f-4f8f-a693-b284fdec5d47",
              "parentUUID": "dda37875-f21f-4223-b7f9-b24a9bc4133c",
              "isHook": false,
              "skipped": false
            },
            {
              "title": "should not validate satisfy rules with extra properties",
              "fullTitle": "satisfyRuleSchema should not validate satisfy rules with extra properties",
              "timedOut": false,
              "duration": 0,
              "state": "passed",
              "speed": "fast",
              "pass": true,
              "fail": false,
              "pending": false,
              "context": null,
              "code": "isInvalidRule({\n        and: [\n            { or: [\"2k\"], abc: \"def\" },\n            { mc: 8, ghi: \"jkl\" },\n        ],\n        mno: \"pqr\",\n    }, {\n        instancePath: \"/and/0\",\n        message: \"or satisfy rule should have property 'or' only\",\n    }, {\n        instancePath: \"/and/1\",\n        message: \"MC satisfy rule should have property 'mc' only\",\n    }, {\n        instancePath: \"\",\n        message: \"and satisfy rule should have property 'and' only\",\n    })",
              "err": {},
              "uuid": "cbe92504-3a4b-4e8e-a880-a4386eac2a5b",
              "parentUUID": "dda37875-f21f-4223-b7f9-b24a9bc4133c",
              "isHook": false,
              "skipped": false
            },
            {
              "title": "should not validate ambiguous satisfy rules",
              "fullTitle": "satisfyRuleSchema should not validate ambiguous satisfy rules",
              "timedOut": false,
              "duration": 0,
              "state": "passed",
              "speed": "fast",
              "pass": true,
              "fail": false,
              "pending": false,
              "context": null,
              "code": "const message = \"satisfy rule should have only one of properties 'mc', 'and', 'or'\";\nisInvalidRule({\n    or: [\n        { mc: 5, and: [\"CS2040\"] },\n        { and: [{ and: [\"abc\"], or: [\"def\"] }] },\n    ],\n}, { instancePath: \"/or/0\", message }, { instancePath: \"/or/1/and/0\", message });",
              "err": {},
              "uuid": "d3f3187c-9371-428a-972c-9a587961a632",
              "parentUUID": "dda37875-f21f-4223-b7f9-b24a9bc4133c",
              "isHook": false,
              "skipped": false
            },
            {
              "title": "should not validate and satisfy rules with non-array property",
              "fullTitle": "satisfyRuleSchema should not validate and satisfy rules with non-array property",
              "timedOut": false,
              "duration": 1,
              "state": "passed",
              "speed": "fast",
              "pass": true,
              "fail": false,
              "pending": false,
              "context": null,
              "code": "const message = \"property 'and' should be an array of satisfy rules\";\nisInvalidRule({ or: [{ and: {} }, { or: [{ and: 3 }] }] }, { instancePath: \"/or/0/and\", message }, { instancePath: \"/or/1/or/0/and\", message });",
              "err": {},
              "uuid": "f15533f8-b9a0-4528-977b-9245152ad4e6",
              "parentUUID": "dda37875-f21f-4223-b7f9-b24a9bc4133c",
              "isHook": false,
              "skipped": false
            },
            {
              "title": "should not validate or satisfy rules with non-array property",
              "fullTitle": "satisfyRuleSchema should not validate or satisfy rules with non-array property",
              "timedOut": false,
              "duration": 0,
              "state": "passed",
              "speed": "fast",
              "pass": true,
              "fail": false,
              "pending": false,
              "context": null,
              "code": "const message = \"property 'or' should be an array of satisfy rules\";\nisInvalidRule({ and: [{ or: {} }, { and: [{ or: 3 }] }] }, { instancePath: \"/and/0/or\", message }, { instancePath: \"/and/1/and/0/or\", message });",
              "err": {},
              "uuid": "845349ca-353a-4f24-a03b-9009451c0542",
              "parentUUID": "dda37875-f21f-4223-b7f9-b24a9bc4133c",
              "isHook": false,
              "skipped": false
            }
          ],
          "suites": [],
          "passes": [
            "1a168cd3-4b35-41d7-8c83-0590218229d8",
            "e631106c-6b18-4a6f-b902-d29bf83d18e0",
            "0cba37e7-d766-4787-a69e-b19fcfecba41",
            "f0c42cbd-324f-4f8f-a693-b284fdec5d47",
            "cbe92504-3a4b-4e8e-a880-a4386eac2a5b",
            "d3f3187c-9371-428a-972c-9a587961a632",
            "f15533f8-b9a0-4528-977b-9245152ad4e6",
            "845349ca-353a-4f24-a03b-9009451c0542"
          ],
          "failures": [],
          "pending": [],
          "skipped": [],
          "duration": 11,
          "root": false,
          "rootEmpty": false,
          "_timeout": 2000
        }
      ],
      "passes": [],
      "failures": [],
      "pending": [],
      "skipped": [],
      "duration": 0,
      "root": true,
      "rootEmpty": true,
      "_timeout": 2000
    }
  ],
  "meta": {
    "mocha": {
      "version": "9.0.3"
    },
    "mochawesome": {
      "options": {
        "quiet": false,
        "reportFilename": "mochawesome",
        "saveHtml": true,
        "saveJson": true,
        "consoleReporter": "spec",
        "useInlineDiffs": false,
        "code": true
      },
      "version": "6.2.2"
    },
    "marge": {
      "options": {
        "reportDir": "docs"
      },
      "version": "5.2.0"
    }
  }
}