{
  "stats": {
    "suites": 10,
    "tests": 48,
    "passes": 48,
    "pending": 0,
    "failures": 0,
    "start": "2022-01-18T05:46:43.170Z",
    "end": "2022-01-18T05:46:43.571Z",
    "duration": 401,
    "testsRegistered": 48,
    "passPercent": 100,
    "pendingPercent": 0,
    "other": 0,
    "hasOther": false,
    "skipped": 0,
    "hasSkipped": false
  },
  "results": [
    {
      "uuid": "d90ab463-86f2-49f5-acc3-cfc3c022bf48",
      "title": "",
      "fullFile": "",
      "file": "",
      "beforeHooks": [],
      "afterHooks": [],
      "tests": [],
      "suites": [
        {
          "uuid": "e7d4e03c-6c04-4d3f-ac35-b13a24336169",
          "title": "initDirectories",
          "fullFile": "/home/runner/work/planwithus-lib/planwithus-lib/src/block/schemas.test.ts",
          "file": "/src/block/schemas.test.ts",
          "beforeHooks": [],
          "afterHooks": [],
          "tests": [
            {
              "title": "should parse all blocks with no errors",
              "fullTitle": "initDirectories should parse all blocks with no errors",
              "timedOut": false,
              "duration": 4,
              "state": "passed",
              "speed": "fast",
              "pass": true,
              "fail": false,
              "pending": false,
              "context": null,
              "code": "_1.initDirectories.should.not.throw()",
              "err": {},
              "uuid": "d35b922f-2027-4f80-8feb-2f5e1e1b7d4c",
              "parentUUID": "e7d4e03c-6c04-4d3f-ac35-b13a24336169",
              "isHook": false,
              "skipped": false
            },
            {
              "title": "should produce primary, second & minor directories",
              "fullTitle": "initDirectories should produce primary, second & minor directories",
              "timedOut": false,
              "duration": 2,
              "state": "passed",
              "speed": "fast",
              "pass": true,
              "fail": false,
              "pending": false,
              "context": null,
              "code": "const directories = (0, _1.initDirectories)();\ndirectories.should.have.property(\"primary\");\ndirectories.should.have.property(\"second\");\ndirectories.should.have.property(\"minor\");",
              "err": {},
              "uuid": "5449867d-a614-4fbd-96ee-4c355d4d5ea6",
              "parentUUID": "e7d4e03c-6c04-4d3f-ac35-b13a24336169",
              "isHook": false,
              "skipped": false
            }
          ],
          "suites": [],
          "passes": [
            "d35b922f-2027-4f80-8feb-2f5e1e1b7d4c",
            "5449867d-a614-4fbd-96ee-4c355d4d5ea6"
          ],
          "failures": [],
          "pending": [],
          "skipped": [],
          "duration": 6,
          "root": false,
          "rootEmpty": false,
          "_timeout": 2000
        },
        {
          "uuid": "eacd8e05-61d0-4a74-9a41-e55efeb52c7b",
          "title": "blockSchema",
          "fullFile": "/home/runner/work/planwithus-lib/planwithus-lib/src/block/schemas.test.ts",
          "file": "/src/block/schemas.test.ts",
          "beforeHooks": [],
          "afterHooks": [],
          "tests": [
            {
              "title": "should validate valid block",
              "fullTitle": "blockSchema should validate valid block",
              "timedOut": false,
              "duration": 228,
              "state": "passed",
              "speed": "slow",
              "pass": true,
              "fail": false,
              "pending": false,
              "context": "[\n  {\n    \"title\": \"block sample 0\",\n    \"value\": {\n      \"name\": \"/!QXl\",\n      \"ay\": 2012,\n      \"assign\": \"eb0,F 0?$\",\n      \"match\": {\n        \"pattern\": \"MQV0D\",\n        \"exclude\": \"AE85K\",\n        \"info\": \"#\\\"z@\"\n      },\n      \"satisfy\": \">#\",\n      \"url\": \"http://feda.q2.s.zioggj/%F0%AD%B9%B4G5iD/:/4%F0%A6%8C%99B(X\",\n      \"info\": \"rK\\\\^xvTh\",\n      \"isSelectable\": true\n    }\n  },\n  {\n    \"title\": \"block sample 1\",\n    \"value\": {\n      \"name\": \"5Vc\",\n      \"assign\": \"z \\\"\",\n      \"satisfy\": [\n        \"Pa}=9,vq_\"\n      ],\n      \"url\": \"https://88ac5as5qd5.dpvk/zy9u/d!/VscI/l(tKz$e/5X2!hA$@/9XGxDL/.8mWY%F1%83%BB%B9@Q/92\",\n      \"info\": \"$/\",\n      \"isSelectable\": true\n    }\n  },\n  {\n    \"title\": \"block sample 2\",\n    \"value\": {\n      \"name\": \"eczD\",\n      \"match\": [\n        {\n          \"or\": [\n            {\n              \"and\": []\n            }\n          ]\n        },\n        {\n          \"or\": [\n            \"MOK9657\",\n            {\n              \"pattern\": \"QO2x97R\",\n              \"exclude\": \"XDT1N\"\n            },\n            {\n              \"and\": []\n            },\n            {\n              \"and\": [\n                {\n                  \"pattern\": \"MTJ042H\",\n                  \"exclude\": \"PW44x1\",\n                  \"info\": \"qY9K][MuqR\"\n                },\n                \"WXH9\",\n                \"KZ2Y\",\n                {\n                  \"or\": [\n                    \"VKU9x61L\",\n                    {\n                      \"and\": [\n                        {\n                          \"or\": [\n                            \"KBY469\",\n                            \"TI43*\",\n                            \"JH65L\",\n                            \"XP3E\",\n                            \"VT58\"\n                          ]\n                        },\n                        \"BLJ505\",\n                        {\n                          \"or\": [\n                            \"YC4\",\n                            \"WE6Y\"\n                          ]\n                        },\n                        \"SC9\",\n                        {\n                          \"and\": [\n                            {\n                              \"pattern\": \"HJG4*Y\",\n                              \"exclude\": [\n                                \"XSPx2A\",\n                                \"TY645*\",\n                                \"ISJ7085\",\n                                \"RM8424\",\n                                \"LXB24\"\n                              ],\n                              \"info\": \"A6y$D:A3\"\n                            },\n                            \"SC13\",\n                            \"SAV65\",\n                            \"KSJ0Z\"\n                          ]\n                        }\n                      ]\n                    }\n                  ]\n                },\n                \"WGW*O\"\n              ]\n            },\n            {\n              \"or\": [\n                \"ALP914O\"\n              ]\n            }\n          ]\n        }\n      ],\n      \"satisfy\": \"38S}8K6fx\",\n      \"url\": \"https://bgd95xjdhl2qb8zvz9yertggm64boh-0ppn83i5ej743ourvejhw8lfelg89pb5.whqz/z_o\",\n      \"info\": \"<$\",\n      \"isSelectable\": true,\n      \"\": {\n        \"name\": \"\",\n        \"match\": [\n          {\n            \"pattern\": \"LMV2*6C\",\n            \"exclude\": \"YG6x58V\",\n            \"info\": \"&C\"\n          },\n          \"AT7R\",\n          {\n            \"pattern\": \"VY*x\",\n            \"exclude\": \"OOx78D\",\n            \"info\": \"l^yghRFP&\"\n          }\n        ],\n        \"satisfy\": \"/!~\",\n        \"url\": \"https://et2faqh8kyxyqkgvxj-kojjcxqfeoamye5iyf1v39gl9f0ywe.6.osf59c.9.7fdgr.hictcol/\",\n        \"info\": \"\\\"VS Y\",\n        \"isSelectable\": true\n      },\n      \"^\\\\*e`H\": {\n        \"name\": \"{#\",\n        \"ay\": 1983,\n        \"assign\": \"Bp/,#X~T$\\\"\",\n        \"url\": \"http://c3cl2.1qfipkx52z6d-52p9mctux.pyxbr/q\",\n        \"info\": \"\",\n        \"isSelectable\": true,\n        \"e\": {\n          \"name\": \"I/OyIB~y4-\",\n          \"ay\": 1962,\n          \"assign\": [\n            \"\",\n            \"{8uT*C\",\n            \"\"\n          ],\n          \"match\": {\n            \"and\": [\n              {\n                \"or\": [\n                  \"LBC684\"\n                ]\n              },\n              {\n                \"pattern\": \"MWV6\",\n                \"exclude\": [\n                  \"MKG9\"\n                ],\n                \"info\": \"$-IC%q_s{|\"\n              },\n              {\n                \"pattern\": \"HD7J\",\n                \"exclude\": [\n                  \"MF2\",\n                  \"EG4\",\n                  \"XLG650A\",\n                  \"VG5x2*\",\n                  \"ODI299P\"\n                ]\n              }\n            ]\n          },\n          \"satisfy\": {\n            \"mc\": \">=21\"\n          },\n          \"url\": \"https://dt5yh99r1fe7avq78yhq4lgb03sfqv-y9avhp.rr75y-92yhyqtlyub8xz3rvzw2mi0-2a-lr7g4sv9.n25y9mt3euatq0x2r432-hya4fys8.imtdpols/Ru%C2%AA%F4%84%8E%BC%F0%BE%B2%8C\",\n          \"info\": \"K\",\n          \"isSelectable\": true\n        },\n        \"%U\": {\n          \"ay\": 2014,\n          \"assign\": \"\",\n          \"satisfy\": [],\n          \"url\": \"https://gwtj1iz0mekqx8ltjitq1whv.w6oljo4xlqmxrzjq.bu727iea4b3vxke4i1b8i0h1vdr3p2-p655au054klygev.sgk4merrzs5n51e8v64s75wua1jvsoffvshds-3gbcebry1qko7cc9bsyzpf.d7jykyl-77y-6eg1.upqkagdk/y+NF!h,p%F2%A6%9C%B3_/cl+%F1%81%8F%91q8'm/dXd%F1%B3%88%8D(U%F3%B1%92%96ZKP/mRp!/Y;%F1%A9%95%AFq~&/Zf~e%F1%AF%8C%98/znTFf\",\n          \"info\": \"|m1ADh~f):\"\n        }\n      },\n      \"%j&\": {\n        \"name\": \"#D\",\n        \"ay\": 1956,\n        \"match\": {\n          \"pattern\": \"VQ88F\",\n          \"exclude\": \"IOQ5897\"\n        },\n        \"satisfy\": [\n          \"$%i#\"\n        ],\n        \"url\": \"http://ca.ct/o=%F3%9D%B5%81F'eNt/y:3/c\",\n        \"info\": \"dOntz\",\n        \"isSelectable\": true,\n        \"%\": {\n          \"name\": \"x!z9k\\\"&\",\n          \"ay\": 1965,\n          \"assign\": [\n            \"NC .[\"\n          ],\n          \"satisfy\": [\n            {\n              \"mc\": \"<=132\"\n            },\n            {\n              \"mc\": \">=126\"\n            },\n            {\n              \"and\": [\n                {\n                  \"mc\": \"<=172\"\n                },\n                {\n                  \"or\": [\n                    {\n                      \"and\": [\n                        \"(6uH/J\",\n                        {\n                          \"or\": []\n                        },\n                        \"j7\"\n                      ]\n                    },\n                    {\n                      \"or\": [\n                        \"(paF*d\",\n                        {\n                          \"mc\": \">=10\"\n                        },\n                        {\n                          \"or\": [\n                            \".dc/\",\n                            \"1e<Ew_{\",\n                            {\n                              \"mc\": \"<=91\"\n                            },\n                            {\n                              \"and\": [\n                                \"7zY\",\n                                \"\",\n                                {\n                                  \"and\": [\n                                    \"'hzy^?\",\n                                    \"|\\\\.Q|\",\n                                    \"\",\n                                    \"\"\n                                  ]\n                                },\n                                \"y6h<\",\n                                {\n                                  \"mc\": \">=69\"\n                                }\n                              ]\n                            },\n                            \"`\"\n                          ]\n                        }\n                      ]\n                    },\n                    {\n                      \"mc\": \">=2\"\n                    },\n                    {\n                      \"mc\": \">=18\"\n                    },\n                    {\n                      \"and\": [\n                        \"(3\",\n                        \"}?9% aDzg9\",\n                        \"w[`t\"\n                      ]\n                    }\n                  ]\n                }\n              ]\n            },\n            {\n              \"and\": [\n                {\n                  \"and\": [\n                    {\n                      \"and\": [\n                        {\n                          \"or\": [\n                            \"S9|u;4dXT\",\n                            \"\",\n                            \"Rv?gc\"\n                          ]\n                        },\n                        \"I@uYxN;z\",\n                        {\n                          \"and\": [\n                            \"\\\"vDr1\",\n                            \"_~ID\",\n                            \"v4Mk>G>$}'\"\n                          ]\n                        },\n                        \"w[G/dH\"\n                      ]\n                    }\n                  ]\n                },\n                \"UD\",\n                \"zCx@i@\",\n                {\n                  \"and\": [\n                    {\n                      \"or\": []\n                    },\n                    {\n                      \"and\": [\n                        {\n                          \"mc\": \">=15\"\n                        }\n                      ]\n                    },\n                    {\n                      \"and\": [\n                        {\n                          \"or\": [\n                            \"&phX\\\"EJ\",\n                            \"!v\",\n                            \"5(\\\\+kI\",\n                            \"/_\",\n                            \"ZTl#o\"\n                          ]\n                        },\n                        {\n                          \"and\": [\n                            \"}CZ)*?^\"\n                          ]\n                        }\n                      ]\n                    },\n                    {\n                      \"and\": [\n                        {\n                          \"or\": [\n                            \"E}I>cS\\\"\"\n                          ]\n                        }\n                      ]\n                    },\n                    \"= \"\n                  ]\n                }\n              ]\n            }\n          ],\n          \"info\": \"0emIc/Rc\",\n          \"isSelectable\": true\n        },\n        \"%M&\": {\n          \"name\": \"\",\n          \"ay\": 2004,\n          \"assign\": \"k>3)wuzc#\",\n          \"match\": [\n            {\n              \"and\": [\n                {\n                  \"pattern\": \"XDN570K\",\n                  \"exclude\": [\n                    \"FK*\",\n                    \"AFI5W\"\n                  ],\n                  \"info\": \"VqH5|\"\n                },\n                {\n                  \"or\": [\n                    {\n                      \"or\": [\n                        {\n                          \"pattern\": \"ICWx2*\",\n                          \"info\": \"OO.b@Yld\"\n                        }\n                      ]\n                    },\n                    {\n                      \"pattern\": \"UZZ0*H\",\n                      \"exclude\": \"KTx5\",\n                      \"info\": \"@\\\"Bg##I`D\"\n                    },\n                    \"MZ17\",\n                    \"FUO57\",\n                    \"ZM*30\"\n                  ]\n                },\n                {\n                  \"and\": [\n                    \"UST2Q\"\n                  ]\n                },\n                {\n                  \"or\": [\n                    \"HRH17V\",\n                    {\n                      \"or\": [\n                        \"TQx*A\",\n                        \"FNC*8\",\n                        \"MBQ48M\",\n                        {\n                          \"pattern\": \"GO9K\"\n                        },\n                        {\n                          \"pattern\": \"EN834\",\n                          \"exclude\": [\n                            \"ZYX581\"\n                          ],\n                          \"info\": \"<WS\"\n                        }\n                      ]\n                    }\n                  ]\n                }\n              ]\n            },\n            {\n              \"pattern\": \"HEN41\",\n              \"exclude\": [\n                \"EJN1\",\n                \"XNQ7I\"\n              ],\n              \"info\": \"$F\"\n            },\n            {\n              \"and\": [\n                {\n                  \"and\": [\n                    \"JZ3*5\"\n                  ]\n                }\n              ]\n            },\n            {\n              \"or\": [\n                {\n                  \"pattern\": \"FWD59\",\n                  \"exclude\": [\n                    \"HYE6\",\n                    \"FYCx1\",\n                    \"RV6V\",\n                    \"WG5593F\"\n                  ],\n                  \"info\": \"EzIg20\"\n                },\n                {\n                  \"pattern\": \"OOE*6\",\n                  \"exclude\": [\n                    \"DF691\",\n                    \"BX8V\",\n                    \"WP*47F\"\n                  ],\n                  \"info\": \"C~,\"\n                },\n                \"ZPC63W\"\n              ]\n            },\n            {\n              \"pattern\": \"HO260\",\n              \"info\": \"S/\"\n            }\n          ],\n          \"satisfy\": \"!!3%}\",\n          \"url\": \"http://xr5mg-4lxievzo76xeg5okxg5sznj.b4atoyw5ewngqfrtmvx2hz5e0trk1.rigk//j/M'%F3%81%BD%83\",\n          \"isSelectable\": true\n        },\n        \"v\\\\eFU'gfGF\": {\n          \"name\": \"`l'\",\n          \"ay\": 2028,\n          \"assign\": \"% zW\",\n          \"match\": [],\n          \"satisfy\": \"=\",\n          \"url\": \"http://0-tpwlpqkzlb50mcd8vjlz00r9kcu9489nhlo322vhkvx.3u8okbgsx3zjyujagpmoxbvfi.ebl2emszc3s98ddhhd.vyx/WFF/M/G%EC%84%A8Vp%F1%B0%9C%B0u,lP/u/TzR$y4jEj_/_c6.Mx-\",\n          \"info\": \"x2WP38\",\n          \"isSelectable\": true\n        },\n        \"\": {\n          \"name\": \"vO?LS-87Y\",\n          \"ay\": 1953,\n          \"assign\": [],\n          \"url\": \"http://e9ab.d7pvsd-bcoc0n4prjm1kwtahlb0io2-a1xta.za.xbeatx//-/!Yv6P/axx/,T9SqN/d0eAK$&zKh/rT%F1%B4%92%BAs4/AnA2/g~Lzcy\",\n          \"info\": \"yk{Kz!6ZO\",\n          \"isSelectable\": true\n        }\n      }\n    }\n  },\n  {\n    \"title\": \"block sample 3\",\n    \"value\": {\n      \"name\": \"k0\",\n      \"ay\": 2026,\n      \"assign\": [\n        \"@I-c_j5NN\"\n      ],\n      \"match\": [\n        {\n          \"and\": [\n            {\n              \"pattern\": \"EAP345O\",\n              \"exclude\": \"KN163\",\n              \"info\": \":PO4!C\"\n            },\n            {\n              \"and\": [\n                {\n                  \"and\": [\n                    \"PH44**\",\n                    \"UK2xW\",\n                    \"RO2708\"\n                  ]\n                },\n                {\n                  \"or\": [\n                    \"VP5*\",\n                    \"NFZ57\",\n                    \"NT99*0\",\n                    \"MBZ06W\",\n                    \"CP3B\"\n                  ]\n                },\n                {\n                  \"pattern\": \"WP368K\",\n                  \"exclude\": [\n                    \"QYS4x\",\n                    \"BSM7D\",\n                    \"GTE4931\",\n                    \"LCx87\"\n                  ],\n                  \"info\": \"e\"\n                }\n              ]\n            },\n            {\n              \"pattern\": \"RF13\",\n              \"exclude\": [],\n              \"info\": \"n,^N\"\n            }\n          ]\n        }\n      ],\n      \"satisfy\": {\n        \"or\": [\n          {\n            \"or\": [\n              {\n                \"mc\": \"<=41\"\n              },\n              {\n                \"mc\": \"<=194\"\n              },\n              {\n                \"and\": [\n                  \">Ao1@S\",\n                  \"Rm!;D=H~\",\n                  {\n                    \"mc\": \">=163\"\n                  },\n                  \"bSg9i v\"\n                ]\n              }\n            ]\n          },\n          {\n            \"and\": [\n              \"}X\",\n              \"[oR@za|/=\"\n            ]\n          },\n          {\n            \"mc\": \"<=5\"\n          }\n        ]\n      },\n      \"url\": \"http://4t0xd57zgstwaj4u4rud6wx7747yw3u-5qlze.66-837qp8dr9-8fycwbd77haodmxc8a9i38acedde7iab4ccfq3.j.4a.weztxnnetd/%F3%B4%B0%A1!fG%F2%AF%A8%9A/,kWH/2%F1%88%81%B4$/d/G%F3%A4%B4%ADB6B+a;g)\",\n      \"info\": \"K_NkX8Ybdw\",\n      \"isSelectable\": true,\n      \"#8\": {\n        \"name\": \"w7G2M\",\n        \"assign\": [\n          \"<e9~~0\\\\Y@9\",\n          \"ov=U\",\n          \")?=`Y%-\",\n          \"hc:\",\n          \"F\"\n        ],\n        \"match\": \"PBR597W\",\n        \"satisfy\": {\n          \"and\": [\n            {\n              \"mc\": \">=133\"\n            },\n            {\n              \"and\": [\n                {\n                  \"mc\": \"<=54\"\n                }\n              ]\n            },\n            {\n              \"or\": [\n                {\n                  \"or\": []\n                },\n                \"3VU(sZ&,\",\n                \"\",\n                \"Q{JM=x\"\n              ]\n            },\n            {\n              \"and\": [\n                \"o)=\"\n              ]\n            }\n          ]\n        },\n        \"url\": \"https://m104502ydbyh08.m93egqllyopi3jg2athgavg6b80nckvqgdshrgxw-607fisj3l4l0.rnao7lg19s1d9pk3bholaf12lo7c9jv7-mvuv40w-hv36.vvf/9Y/E_!'@,/lP~tW+J%F0%AD%99%9E!/b9m\",\n        \"isSelectable\": true\n      },\n      \"x[SB>*gZ\": {\n        \"name\": \"^j8.C\\\"Gk3\",\n        \"ay\": 2002,\n        \"assign\": \"Kjj\",\n        \"match\": \"XMx\",\n        \"satisfy\": {\n          \"or\": []\n        },\n        \"url\": \"http://4.01k900e5xh9cy2vwq75jlrv62aiypf2z2ewvdnpy5u.kamp-wekazgg2nje2k.skxzqbxvzn/HV(%F0%A4%A7%8Eu/x-3)/F,%F3%97%AC%B4eLo9+Mn/=h)63\",\n        \"info\": \"h\",\n        \"isSelectable\": true\n      },\n      \"-6Feq[;K\": {\n        \"name\": \".\",\n        \"ay\": 1997,\n        \"assign\": \"+sM\",\n        \"match\": \"JAXx\",\n        \"satisfy\": [\n          \"dD\"\n        ],\n        \"url\": \"https://ajxqd-vcivyh7uxfcc.u8a8vghzxt6xx97.bn2y36254e.g6-c96bft99gwe4glutge-l.4jq3t6xjcxw1fn3c3y-hb6yfltihff809s-o16pvr.qrehnegau/%F2%AA%91%849/uU.L2%F2%A8%B7%B4/!%F2%84%B6%979uh+z&yg/;mW+Z%F2%87%97%931/2Xm%F3%AC%B5%AD'Y0FmJ/ck69/Lo6E\",\n        \"info\": \")v\",\n        \"isSelectable\": true\n      },\n      \")bz-KAI,.\": {\n        \"name\": \"Pxhg<bp\",\n        \"ay\": 1991,\n        \"assign\": [\n          \"\",\n          \"^E\"\n        ],\n        \"info\": \"dL?|^u.\",\n        \"isSelectable\": true,\n        \"qx[\": {\n          \"name\": \"q<\",\n          \"ay\": 1988,\n          \"assign\": [\n            \"~uwhq\"\n          ],\n          \"match\": {\n            \"and\": [\n              \"XPx*13H\",\n              {\n                \"or\": [\n                  {\n                    \"or\": [\n                      \"NZY*274\",\n                      {\n                        \"or\": [\n                          {\n                            \"and\": [\n                              {\n                                \"pattern\": \"IN2x3J\",\n                                \"info\": \"c7\\\"J&K/g!\"\n                              },\n                              {\n                                \"pattern\": \"XUB8K\",\n                                \"exclude\": \"ZO22\",\n                                \"info\": \"]{=$)KVRG2\"\n                              }\n                            ]\n                          },\n                          {\n                            \"or\": [\n                              \"XY6385H\",\n                              {\n                                \"or\": []\n                              },\n                              \"DPE7x\",\n                              \"IN5x\"\n                            ]\n                          }\n                        ]\n                      },\n                      \"HC1*A\",\n                      {\n                        \"and\": [\n                          {\n                            \"or\": [\n                              \"EW1788\",\n                              \"TG6D\",\n                              \"EAW71x9\",\n                              \"YBB2\"\n                            ]\n                          }\n                        ]\n                      },\n                      \"FA039x\"\n                    ]\n                  },\n                  \"SL4D\",\n                  {\n                    \"pattern\": \"KM90x9\",\n                    \"exclude\": \"YIN2I\",\n                    \"info\": \"]J\"\n                  }\n                ]\n              },\n              {\n                \"pattern\": \"NW8898S\",\n                \"exclude\": [\n                  \"EUZ612\",\n                  \"OIM7S\",\n                  \"FV98x9T\"\n                ],\n                \"info\": \"\"\n              }\n            ]\n          },\n          \"satisfy\": {\n            \"mc\": \"<=120\"\n          },\n          \"url\": \"http://o.d5mhjy0roel3fkpdfznktyax9a1myd8jba5999rllvvbceiow9mw1eq0.j17stf5eb.ymuqeh/e,qb%F1%AE%9A%8A%F2%99%BE%A1=neA/jWODm/3w7,3MJR//)%F1%95%8D%B3;J/%F0%BA%A5%853MF~'w0n/Qjx(V/CTcSP$Nas/MTy%F0%AE%82%91DhjXG3\",\n          \"info\": \"$.G}N(u%H=\",\n          \"isSelectable\": true\n        },\n        \"]l:EwtT1T\": {\n          \"name\": \"}98lL%q\",\n          \"ay\": 2028,\n          \"assign\": \"L/5qN y\",\n          \"satisfy\": {\n            \"or\": [\n              {\n                \"and\": [\n                  \"(8rp\"\n                ]\n              },\n              {\n                \"mc\": \">=121\"\n              },\n              {\n                \"and\": []\n              }\n            ]\n          },\n          \"url\": \"https://xyfa1my5iktzpo8978om86beebabrq.zo6it7l58m3e1g1n-pyv276p7g5tjn7rgva06hb49n.c6eyrpi-7ot-hh2eyru2erx6ob6fd7.khlcnhtpkx/glXv9/M%F1%AA%86%85m/%F3%AD%B3%8C(xa!2ZAp/apk&ZrW85/m)/bI8$MM\",\n          \"info\": \"(6Gc?JW2Is\",\n          \"isSelectable\": true\n        },\n        \"\": {\n          \"name\": \"'1~\",\n          \"ay\": 2006,\n          \"match\": {\n            \"pattern\": \"CUxx\",\n            \"exclude\": [],\n            \"info\": \"\"\n          },\n          \"satisfy\": [\n            {\n              \"or\": [\n                \"90?m\",\n                {\n                  \"or\": [\n                    \"(<+wUz9+\"\n                  ]\n                },\n                {\n                  \"and\": [\n                    \"|UJ=)UOKI9\"\n                  ]\n                },\n                {\n                  \"or\": [\n                    {\n                      \"mc\": \"<=24\"\n                    },\n                    \"y4/Z\",\n                    \"wsQ;/u\"\n                  ]\n                },\n                {\n                  \"mc\": \">=23\"\n                }\n              ]\n            },\n            \")b8fL\",\n            {\n              \"or\": [\n                {\n                  \"and\": [\n                    \"W\\\\\",\n                    \"TCw\"\n                  ]\n                },\n                \"b*~q*~+N2r\",\n                {\n                  \"or\": [\n                    {\n                      \"mc\": \">=172\"\n                    },\n                    {\n                      \"and\": [\n                        \"\",\n                        {\n                          \"or\": [\n                            \"V\",\n                            \"Den7\",\n                            \"W(\",\n                            \"8my&vl'\"\n                          ]\n                        },\n                        {\n                          \"or\": []\n                        },\n                        {\n                          \"and\": [\n                            {\n                              \"mc\": \">=134\"\n                            }\n                          ]\n                        }\n                      ]\n                    },\n                    \"M}<hE$C\"\n                  ]\n                },\n                \"|i_{%c\"\n              ]\n            },\n            \"Vz\",\n            {\n              \"and\": [\n                {\n                  \"and\": [\n                    {\n                      \"and\": [\n                        \"[o}>\",\n                        \"t\"\n                      ]\n                    },\n                    \"0ZU\",\n                    \"G'Ap\"\n                  ]\n                },\n                \"\",\n                {\n                  \"and\": [\n                    {\n                      \"or\": [\n                        \"kHY%f^A\",\n                        \"G}x#}\"\n                      ]\n                    },\n                    \"2yjw\"\n                  ]\n                }\n              ]\n            }\n          ],\n          \"url\": \"https://zi.c654hqtx4mt2zj-ifuj35bzzpx.x.bku3jxmpibt8wv0zu2-4b3kw37oo3dymkx8ee6u97m9ue1j92vilek767kjb.zj36at-6eybqbl7dn3cc5sjvd6czm402-gml0-r6wrz3du3fmj.dfzlxvdre/-.;kx2$;%F3%9E%8B%9F/:CWgNX(7/1%F3%80%85%BDxr9-/xN+CLm&;/;\",\n          \"info\": \"sZ7>0=;1t#\",\n          \"isSelectable\": true\n        },\n        \"S\\\\#z64CZ\": {\n          \"name\": \"fqq\",\n          \"ay\": 1989,\n          \"assign\": \"?`0Zu\",\n          \"match\": [\n            {\n              \"or\": [\n                {\n                  \"pattern\": \"RFT8\",\n                  \"info\": \"/\"\n                }\n              ]\n            }\n          ],\n          \"satisfy\": [\n            {\n              \"or\": [\n                \" N.B+o*\",\n                {\n                  \"and\": []\n                }\n              ]\n            }\n          ],\n          \"url\": \"http://0nl84c8wpxfx8tzi829oqbote0cb1.xyfe.xvykyq/D_$Y-Mm&n8/Eo!CcadF/G:bO\",\n          \"info\": \"-z{ht\",\n          \"isSelectable\": true\n        }\n      }\n    }\n  },\n  {\n    \"title\": \"block sample 4\",\n    \"value\": {\n      \"name\": \"s{w*dJFDj\",\n      \"ay\": 1991,\n      \"assign\": \"-E)e|J\",\n      \"match\": {\n        \"or\": [\n          \"MFX37\",\n          {\n            \"or\": []\n          }\n        ]\n      },\n      \"info\": \"?{B<q(\",\n      \"isSelectable\": true,\n      \"!\": {\n        \"name\": \"\",\n        \"ay\": 1958,\n        \"assign\": \"!\",\n        \"match\": [\n          {\n            \"and\": []\n          },\n          {\n            \"or\": [\n              \"JO8\"\n            ]\n          },\n          \"GXN094D\",\n          {\n            \"or\": [\n              {\n                \"pattern\": \"CID0*13Z\",\n                \"exclude\": \"JHWx4xG\",\n                \"info\": \",s\"\n              },\n              {\n                \"or\": [\n                  \"YA2\"\n                ]\n              },\n              {\n                \"or\": []\n              }\n            ]\n          }\n        ],\n        \"satisfy\": \")\",\n        \"info\": \"06g/%{?%m#\",\n        \"isSelectable\": true\n      },\n      \"\\\"$\": {\n        \"name\": \"$f\",\n        \"ay\": 2010,\n        \"assign\": \"T\",\n        \"satisfy\": {\n          \"or\": [\n            {\n              \"and\": [\n                {\n                  \"or\": [\n                    \"0\",\n                    \"]\",\n                    \"h7dT\"\n                  ]\n                },\n                \"r| DI\",\n                \"W8F\",\n                \"'7o9@[p/\"\n              ]\n            },\n            {\n              \"mc\": \"<=136\"\n            },\n            {\n              \"mc\": \"<=42\"\n            }\n          ]\n        },\n        \"url\": \"http://47vhf3zn3bgwgq0ca4ra7hw-mw3.jgzwjwlang/xL&/HVt%F4%88%A9%BEUt/*T=/k!L70;/N%F3%8E%86%B479i72Q%F2%8B%83%88/%F2%9C%89%83lQOM//pFQErgOC+/$fu\",\n        \"info\": \"0\",\n        \"isSelectable\": true,\n        \"NpK\": {\n          \"ay\": 1951,\n          \"assign\": [\n            \"]8pqF\",\n            \"\",\n            \"UdGvFP\"\n          ],\n          \"match\": [\n            {\n              \"pattern\": \"SL1R\",\n              \"exclude\": \"YF803xG\",\n              \"info\": \"wg\"\n            },\n            {\n              \"pattern\": \"YU3973H\",\n              \"exclude\": [\n                \"BQ530Y\"\n              ],\n              \"info\": \"O)7p\"\n            },\n            {\n              \"and\": [\n                {\n                  \"pattern\": \"EV4x8\",\n                  \"exclude\": [\n                    \"KWD5*\",\n                    \"SJ1\",\n                    \"XBB7xK\",\n                    \"XW49*0Y\"\n                  ]\n                },\n                \"WQ4**5P\",\n                {\n                  \"and\": [\n                    \"RGM804N\",\n                    {\n                      \"and\": [\n                        \"NT*333U\",\n                        \"PKLx58T\",\n                        {\n                          \"pattern\": \"UKK1\",\n                          \"exclude\": [\n                            \"QPW82\"\n                          ],\n                          \"info\": \"\"\n                        },\n                        {\n                          \"or\": [\n                            {\n                              \"and\": [\n                                {\n                                  \"and\": [\n                                    \"HSRx9J\",\n                                    \"XCE140\",\n                                    \"APY43E\",\n                                    {\n                                      \"and\": [\n                                        \"YJRx395\"\n                                      ]\n                                    }\n                                  ]\n                                },\n                                \"UT568\",\n                                {\n                                  \"pattern\": \"TI**30\",\n                                  \"exclude\": [\n                                    \"TS1255\",\n                                    \"UW7083\",\n                                    \"GIW4I\"\n                                  ],\n                                  \"info\": \"0q3#ydf4x.\"\n                                }\n                              ]\n                            },\n                            \"XZ37G\",\n                            \"NZY10Z\",\n                            \"CV73G\"\n                          ]\n                        },\n                        {\n                          \"pattern\": \"GUK18*\",\n                          \"exclude\": \"QL0920\"\n                        }\n                      ]\n                    },\n                    \"VWP11x*\",\n                    {\n                      \"pattern\": \"PM127\",\n                      \"exclude\": [\n                        \"QTL4\",\n                        \"YCE11K\"\n                      ],\n                      \"info\": \"3uz1g\"\n                    },\n                    \"FL386\"\n                  ]\n                },\n                {\n                  \"pattern\": \"PW07*C\",\n                  \"exclude\": [\n                    \"FA186x\",\n                    \"QI1773Q\",\n                    \"BHL729\"\n                  ]\n                },\n                {\n                  \"and\": []\n                }\n              ]\n            },\n            {\n              \"pattern\": \"BXG601B\",\n              \"exclude\": [\n                \"GVH3302\",\n                \"ZCX3X\",\n                \"RMM1x78T\",\n                \"TOC47\",\n                \"KRO2\"\n              ],\n              \"info\": \"<?7[Meq{9w\"\n            }\n          ],\n          \"satisfy\": \"`J9UM\",\n          \"url\": \"https://9i-h25p7ovkrp6i4m1o9wo5hfvld.ijh9j1go-u0kxqsxrjheegi6ocidqvwgj.c.qrofpd/*3/N+%F2%99%9D%ADt(7j'8=/=5zjnk6/@!G2/,P/4Hpy\",\n          \"info\": \"pK&<H\",\n          \"isSelectable\": true\n        }\n      }\n    }\n  },\n  {\n    \"title\": \"block sample 5\",\n    \"value\": {\n      \"name\": \"\\\"\",\n      \"ay\": 1974,\n      \"assign\": \"M% \",\n      \"match\": {\n        \"pattern\": \"KY*\",\n        \"exclude\": [],\n        \"info\": \"{m45WU\"\n      },\n      \"satisfy\": [\n        \"pNulxo`M\",\n        {\n          \"or\": [\n            {\n              \"and\": []\n            }\n          ]\n        }\n      ],\n      \"url\": \"http://6wcfd.ahab\",\n      \"info\": \":<+#b/\",\n      \"isSelectable\": true\n    }\n  },\n  {\n    \"title\": \"block sample 6\",\n    \"value\": {\n      \"name\": \"t+~8ol\",\n      \"ay\": 1951,\n      \"assign\": \"\",\n      \"match\": [\n        \"VX7D\",\n        {\n          \"and\": [\n            \"BDCx\",\n            {\n              \"pattern\": \"QR4\",\n              \"exclude\": \"LAV5610\",\n              \"info\": \"FZ)\"\n            },\n            \"NV*x1\",\n            {\n              \"and\": [\n                \"MNU89*E\",\n                \"DOG*66O\",\n                {\n                  \"pattern\": \"HE81x4Y\",\n                  \"exclude\": \"WE382\",\n                  \"info\": \"}~b6*\"\n                }\n              ]\n            },\n            {\n              \"and\": [\n                \"FP5274U\",\n                \"HYT18H\",\n                {\n                  \"pattern\": \"CXQ5P\",\n                  \"info\": \"BD$D,d4\"\n                },\n                {\n                  \"or\": [\n                    {\n                      \"and\": [\n                        \"QU08\",\n                        \"QIx*0xJ\"\n                      ]\n                    },\n                    {\n                      \"pattern\": \"IJI26\",\n                      \"exclude\": [\n                        \"PCJ860\",\n                        \"EB717\",\n                        \"GQS2433\",\n                        \"JFT5333\",\n                        \"QI14\"\n                      ]\n                    },\n                    \"DVV97J\"\n                  ]\n                },\n                \"PNY6\"\n              ]\n            }\n          ]\n        },\n        {\n          \"and\": []\n        }\n      ],\n      \"satisfy\": {\n        \"and\": []\n      },\n      \"url\": \"http://ulntgki6ei3360es8ong4z7au2kd65twlbb3kjwkt.58mgw1fw6wznzhe5yxo2hzns7vise2-mr8azgt.svtt-sicjaswfa2e919j3dkm68swsdy0meq23wjai183mqsqyldlj3jkgpl.ze/\",\n      \"iR[@j@7|\": {\n        \"name\": \"=$\",\n        \"ay\": 1952,\n        \"assign\": \"kexG;sl\",\n        \"satisfy\": [],\n        \"info\": \".%\\\"\",\n        \"G8\": {\n          \"ay\": 1997,\n          \"assign\": \"\",\n          \"match\": {\n            \"pattern\": \"YE*51R\",\n            \"exclude\": [\n              \"RKEx\",\n              \"XVB188\"\n            ],\n            \"info\": \".{Y.&\"\n          },\n          \"satisfy\": [\n            \"\\\\Mo8h*nI&\",\n            {\n              \"mc\": \"<=171\"\n            },\n            {\n              \"and\": [\n                {\n                  \"mc\": \"<=3\"\n                },\n                {\n                  \"and\": [\n                    {\n                      \"mc\": \">=76\"\n                    }\n                  ]\n                },\n                \"%2AL0LtbM_\",\n                {\n                  \"or\": [\n                    \"#\",\n                    {\n                      \"mc\": \"<=95\"\n                    },\n                    \"0W$VJJQ\",\n                    {\n                      \"and\": [\n                        \"MCGm\",\n                        \"p?C6y.@pW\",\n                        {\n                          \"or\": [\n                            \"8t\",\n                            \"_(\"\n                          ]\n                        },\n                        \"\\\\-\"\n                      ]\n                    },\n                    {\n                      \"mc\": \">=81\"\n                    }\n                  ]\n                },\n                {\n                  \"or\": [\n                    \"m.\",\n                    \"v\",\n                    \"X|:e(9~\",\n                    {\n                      \"or\": [\n                        {\n                          \"or\": []\n                        },\n                        \"8FL/JjXz2\",\n                        \"~4`S3b\"\n                      ]\n                    },\n                    \"y|_tKxWRzg\"\n                  ]\n                }\n              ]\n            }\n          ],\n          \"url\": \"https://ham8id2q-dm27nwinvbpqh6z9jowjnwq0-3q39nojcl7tz09txj5.bpugqxxgh/mYtH8j/k.5Z04q/0;G/%F2%9A%9D%BBZ3U/m&Tv//%F4%84%A2%9E%F3%A8%B8%B9t-%F2%B0%AA%9E5XO/q\",\n          \"info\": \"rcAj\",\n          \"isSelectable\": true\n        },\n        \"h|24)I9\": {\n          \"name\": \"3iihlur\",\n          \"match\": [\n            {\n              \"and\": [\n                \"JO42xW\",\n                {\n                  \"and\": [\n                    {\n                      \"and\": [\n                        {\n                          \"and\": [\n                            \"XC87x\",\n                            \"JZ6X\"\n                          ]\n                        },\n                        \"OM66\",\n                        \"OET054\",\n                        \"QQJ85M\",\n                        \"PE23J\"\n                      ]\n                    },\n                    \"JAL2691\",\n                    {\n                      \"and\": [\n                        \"VYN09U\",\n                        \"WBO5V\"\n                      ]\n                    }\n                  ]\n                },\n                {\n                  \"and\": []\n                },\n                {\n                  \"and\": [\n                    {\n                      \"pattern\": \"THx036\",\n                      \"exclude\": \"JFK41x\",\n                      \"info\": \"\"\n                    },\n                    \"EBW98U\",\n                    {\n                      \"or\": [\n                        \"KKx0C\"\n                      ]\n                    }\n                  ]\n                },\n                \"OYR6517L\"\n              ]\n            }\n          ],\n          \"satisfy\": [\n            \"`{fgYa\",\n            {\n              \"mc\": \"<=82\"\n            }\n          ],\n          \"url\": \"http://66xelc6bicjbww3wcnmw7ub9oywvsc9e6f7j.7a36si.18icuh5cb703wvykquz74wdsqhe6lh7807o2dby704l8uypzmnn-eu4p3io1gni.4.hwr//4/%F2%BD%88%B0ks\",\n          \"info\": \"c=9_;\"\n        },\n        \"CeN422|<k\": {\n          \"name\": \"'oG/E3\",\n          \"assign\": [\n            \"aj#MUM6sy\",\n            \"\",\n            \"F:,V,-y7\",\n            \"S}rn\",\n            \"v\"\n          ],\n          \"match\": [\n            {\n              \"or\": [\n                {\n                  \"and\": [\n                    \"RI489C\"\n                  ]\n                },\n                {\n                  \"and\": []\n                },\n                \"UM6788H\",\n                \"HPS75\",\n                {\n                  \"or\": [\n                    {\n                      \"pattern\": \"FF184x\",\n                      \"exclude\": [\n                        \"EB77*2\",\n                        \"BNR589\"\n                      ],\n                      \"info\": \"1Hk-K&S\"\n                    },\n                    \"NSX2\",\n                    {\n                      \"pattern\": \"GA6\",\n                      \"exclude\": \"SD2025J\",\n                      \"info\": \"+l\\\"h\"\n                    }\n                  ]\n                }\n              ]\n            },\n            {\n              \"or\": [\n                {\n                  \"or\": []\n                },\n                {\n                  \"pattern\": \"IGC45\",\n                  \"exclude\": [\n                    \"QJA14\",\n                    \"QPQ00\"\n                  ],\n                  \"info\": \"Ev%:!olRb(\"\n                }\n              ]\n            },\n            {\n              \"pattern\": \"EGS1x2\",\n              \"exclude\": \"ARJ156\",\n              \"info\": \"\"\n            }\n          ],\n          \"satisfy\": {\n            \"or\": [\n              {\n                \"or\": [\n                  \"t/Z}yy\",\n                  {\n                    \"or\": [\n                      \"& USZYD!G\",\n                      \"Q|2[:4L\",\n                      \"}]^\",\n                      {\n                        \"or\": [\n                          {\n                            \"mc\": \"<=75\"\n                          },\n                          {\n                            \"or\": [\n                              \"+hY/A'v04\",\n                              \"Et\",\n                              {\n                                \"mc\": \"<=61\"\n                              },\n                              \"jfy4U\\\\\"\n                            ]\n                          },\n                          \"R/$xiA;Gk\"\n                        ]\n                      }\n                    ]\n                  }\n                ]\n              },\n              {\n                \"mc\": \">=15\"\n              },\n              \"g_\"\n            ]\n          },\n          \"url\": \"https://3.wvbvs-1wveo-x5ukd1fkslvod2hm.u.ni9aoli7cwjwv3nh7so5j8e-7di9jusx2vy27m3k5do5.qihywrkga/ca/g%F3%BD%BA%ADuI-m%F1%A6%AC%A6K=/86/Z/CQr:Vk-I\",\n          \"info\": \"H\",\n          \"isSelectable\": true\n        }\n      },\n      \"gU$]3T3P)\": {\n        \"name\": \">hYTGu\",\n        \"ay\": 1998,\n        \"assign\": \"1{VJ#GV\",\n        \"match\": {\n          \"pattern\": \"YX412\",\n          \"exclude\": [\n            \"TFP*6*4\",\n            \"CLF0L\",\n            \"IMU26C\"\n          ]\n        },\n        \"satisfy\": [],\n        \"info\": \"3FbtD\",\n        \"isSelectable\": true\n      },\n      \"6ei\": {\n        \"name\": \"S\",\n        \"ay\": 1964,\n        \"assign\": \"(e<_\",\n        \"match\": [\n          \"IH8C\"\n        ],\n        \"satisfy\": \"h-J5\",\n        \"url\": \"https://o9d95kwb7o1ler7ngojmmegtrsv9zqklrmngycxmr7zksc8aggkrhp26io3.597037euqm3m.peo/OB0%F1%93%A0%AE_@/ZysY/W=z7ryk/%F1%89%B0%AFt'1NO,fx=/',aBop/LNE*cM/%F2%B3%B2%B6v%F1%B6%9A%A4BG%F3%83%A1%A8c%F0%95%9F%A6t=\",\n        \"info\": \"$Hi@<R!3!\"\n      }\n    }\n  },\n  {\n    \"title\": \"block sample 7\",\n    \"value\": {\n      \"name\": \"g0|\",\n      \"ay\": 2024,\n      \"assign\": \"B~:xh\",\n      \"match\": {\n        \"and\": []\n      },\n      \"satisfy\": {\n        \"mc\": \"<=52\"\n      },\n      \"url\": \"https://to0e.d2hm7pf7t7bzb.evdvzlu/*g/,e%F3%AA%AC%B5@s/.+n\",\n      \"info\": \"Y~&$U&|! \",\n      \"W\": {\n        \"ay\": 2027,\n        \"assign\": [\n          \"FsA;j\",\n          \"\",\n          \"xmH'\"\n        ],\n        \"satisfy\": [],\n        \"url\": \"https://burtee1vsrjsjvq5b1wzwicou9bxjbgku0bxjv.v6gtbtdnhwvwjpfqet3f9-qsydkn57uj0xn41qas8bcjod0r-t6fpd1ui90g6g.ukb3md8fjw-bi1g4nxdutho2ybtfpq33dm0pk3bhpbdf71758n.mgckvfhwn/b/l%F3%A8%B6%88/=duh\",\n        \"info\": \"][W\",\n        \"isSelectable\": true,\n        \"XaXhEy\": {\n          \"name\": \"gZR}]\",\n          \"assign\": [],\n          \"match\": [\n            {\n              \"pattern\": \"TEJ8K\",\n              \"exclude\": [\n                \"WIM18L\",\n                \"GY8\"\n              ],\n              \"info\": \"s:\"\n            },\n            {\n              \"and\": []\n            },\n            \"PFR1Z\",\n            {\n              \"pattern\": \"TI6Z\",\n              \"info\": \"7&W`MaQ2;5\"\n            },\n            {\n              \"or\": [\n                {\n                  \"pattern\": \"JXx\",\n                  \"exclude\": \"MB8845\",\n                  \"info\": \"\"\n                },\n                {\n                  \"pattern\": \"RZO41\",\n                  \"info\": \"r*\"\n                },\n                {\n                  \"and\": []\n                },\n                {\n                  \"or\": [\n                    {\n                      \"or\": []\n                    }\n                  ]\n                },\n                {\n                  \"and\": [\n                    \"BN1O\",\n                    \"EFx38\",\n                    \"YM4\",\n                    {\n                      \"pattern\": \"VWL260C\",\n                      \"exclude\": [\n                        \"RUZ6\",\n                        \"HR95\",\n                        \"VZL6301\",\n                        \"LWJ175Q\",\n                        \"KR7080N\"\n                      ],\n                      \"info\": \"~m>;u\"\n                    },\n                    \"JE3\"\n                  ]\n                }\n              ]\n            }\n          ],\n          \"satisfy\": {\n            \"mc\": \">=132\"\n          },\n          \"url\": \"https://l1zmi.ffixqv/%F2%B4%B2%B3Ke+cxb\",\n          \"info\": \"F\",\n          \"isSelectable\": true\n        },\n        \"yX x+\\\"#y\": {\n          \"name\": \"\",\n          \"assign\": [\n            \"2pKdE6Am=l\",\n            \"j\\\\Y\\\\w`MQe\",\n            \"n;\"\n          ],\n          \"match\": [],\n          \"satisfy\": [\n            {\n              \"and\": [\n                {\n                  \"and\": []\n                },\n                {\n                  \"mc\": \">=123\"\n                },\n                {\n                  \"mc\": \"<=142\"\n                },\n                {\n                  \"or\": [\n                    {\n                      \"and\": [\n                        {\n                          \"or\": []\n                        }\n                      ]\n                    },\n                    {\n                      \"mc\": \"<=126\"\n                    },\n                    {\n                      \"and\": []\n                    }\n                  ]\n                },\n                \"Av9Nn-1C5\"\n              ]\n            }\n          ],\n          \"url\": \"http://6f.hamad/'z%F1%B7%B7%98'-*CsJ/Is%F1%8F%94%86n_/.Xh/m+B;2M/(6(.I@a7,/LEt\",\n          \"info\": \"!y\",\n          \"isSelectable\": true\n        }\n      },\n      \"o\": {\n        \"name\": \"F\",\n        \"ay\": 1951,\n        \"assign\": [\n          \"lMR`]ppZ=q\",\n          \"{3Y>K2\",\n          \"\",\n          \"X{@#t1=*(s\"\n        ],\n        \"match\": [],\n        \"satisfy\": [\n          {\n            \"and\": [\n              {\n                \"or\": [\n                  \"/z\",\n                  \"pI\",\n                  \"$Q5E#db+\",\n                  \"Bouq\",\n                  \"-_1;H'F*\"\n                ]\n              }\n            ]\n          }\n        ],\n        \"isSelectable\": true,\n        \"R\": {\n          \"name\": \"5l*V\",\n          \"ay\": 1975,\n          \"assign\": \"T#hjH/\",\n          \"satisfy\": {\n            \"mc\": \"<=176\"\n          },\n          \"url\": \"http://585yk7mnks6usrp5cuj4p-9tdzd37.joiuq8svs9uyudewsmsksd0kvf0l-qr40g5y4ysvilyffias40t5k5gs1h0.16optdmhyhzsqmgi157.nvocnfuby/US*C'D9'%F2%A3%B6%A7/'/%F3%8C%99%BF@_//H!%F0%BE%8D%BA4'TR/BrX3/Vfp%F3%BE%89%A4S\",\n          \"info\": \"cMTH|\",\n          \"isSelectable\": true\n        },\n        \"nQ->$-.\": {\n          \"name\": \"x(;mY[\",\n          \"ay\": 1974,\n          \"assign\": \"TNXxZZe[\",\n          \"match\": [],\n          \"url\": \"http://x371tgc-zb0-8hebjj9clf-zu1gnryqiw4g6tny-15bzqmw6va.zwxw8ao44oc6jrmfwxfohs65i50t2wlm9s-vwpiklm2.0a6-qxj9uhuj-nsqrdoyfwe99-t-z54hg.sgzufpq/buU'/&bKVZ%F0%AB%8F%90;!/D93smJbxBU/=/q=l6m)HYe/k6tCOZ%F0%BD%93%B0ib,/%F2%BB%99%B5=C/_/I\",\n          \"info\": \"%CsP\",\n          \"isSelectable\": true,\n          \"H!i\": {\n            \"name\": \"S,=u\",\n            \"ay\": 2027,\n            \"assign\": [\n              \"\",\n              \"hJ$@U\"\n            ],\n            \"match\": {\n              \"and\": [\n                \"GYM*9W\"\n              ]\n            },\n            \"satisfy\": {\n              \"mc\": \"<=9\"\n            },\n            \"url\": \"http://zj-8y031un2.scjnlr/*Tte/3GsMn/%F3%AA%A6%9AD!-QEV6c/d(_)//r0U/s_f1yu6/BFKH/n8rR/\",\n            \"info\": \"M\",\n            \"isSelectable\": true\n          },\n          \"O\": {\n            \"name\": \"Hj\",\n            \"ay\": 1951,\n            \"assign\": [\n              \";?I*UyQ\",\n              \"*}\"\n            ],\n            \"satisfy\": {\n              \"or\": [\n                {\n                  \"or\": [\n                    \">`+_a\",\n                    \"J\"\n                  ]\n                },\n                {\n                  \"or\": [\n                    \"[-\",\n                    {\n                      \"and\": [\n                        {\n                          \"and\": [\n                            {\n                              \"mc\": \">=121\"\n                            },\n                            \"\",\n                            \"MfHDb*Fy-1\",\n                            {\n                              \"mc\": \"<=14\"\n                            }\n                          ]\n                        },\n                        {\n                          \"mc\": \"<=138\"\n                        }\n                      ]\n                    },\n                    {\n                      \"or\": []\n                    }\n                  ]\n                },\n                {\n                  \"mc\": \"<=33\"\n                },\n                \"Z\"\n              ]\n            },\n            \"url\": \"http://89vg9anojqme2id9--al4kvvzb-euf-rge6u0s-6zx1anzaw72bupog418t8bo.to/y.DIt/ijf:u9/'+LcJ/6=2/a\",\n            \"info\": \"ryC~L5A\",\n            \"isSelectable\": true\n          },\n          \"T:QjUg=\": {\n            \"name\": \"5j|d\",\n            \"ay\": 1961,\n            \"assign\": [\n              \"i5sxXO<\",\n              \"\\\\SP\",\n              \"Ls\"\n            ],\n            \"match\": [\n              {\n                \"or\": [\n                  {\n                    \"and\": [\n                      {\n                        \"and\": [\n                          \"GIU316\",\n                          {\n                            \"and\": [\n                              \"JU6021\",\n                              \"MG3x7\",\n                              {\n                                \"or\": [\n                                  \"QRQ2243\",\n                                  \"CY14*3W\",\n                                  \"JN4*E\"\n                                ]\n                              }\n                            ]\n                          },\n                          {\n                            \"and\": [\n                              \"YW26\",\n                              {\n                                \"and\": []\n                              },\n                              {\n                                \"and\": [\n                                  {\n                                    \"or\": [\n                                      \"ESU*J\",\n                                      \"CF8V\",\n                                      \"WS671\"\n                                    ]\n                                  },\n                                  \"QQ919J\",\n                                  \"MX7\"\n                                ]\n                              },\n                              {\n                                \"or\": [\n                                  \"SX*0\",\n                                  {\n                                    \"pattern\": \"FWJ80\",\n                                    \"exclude\": [],\n                                    \"info\": \".[}U)N,-l@\"\n                                  },\n                                  \"WH1x6xA\",\n                                  \"PXS569S\"\n                                ]\n                              },\n                              \"TTx7*0S\"\n                            ]\n                          },\n                          \"APY5851\"\n                        ]\n                      },\n                      \"HPNx92x\",\n                      \"BC64\"\n                    ]\n                  },\n                  \"AVL4x\",\n                  {\n                    \"and\": [\n                      {\n                        \"or\": [\n                          \"YB9\",\n                          {\n                            \"pattern\": \"BFT00\",\n                            \"exclude\": \"YI81C\",\n                            \"info\": \"\"\n                          },\n                          \"KKO8K\"\n                        ]\n                      },\n                      {\n                        \"and\": [\n                          \"UGI*626\",\n                          \"FIx*\",\n                          \"FX6P\"\n                        ]\n                      }\n                    ]\n                  },\n                  \"XCM6111\",\n                  {\n                    \"and\": []\n                  }\n                ]\n              }\n            ],\n            \"satisfy\": [\n              {\n                \"or\": [\n                  {\n                    \"and\": [\n                      \"w=IfrR\",\n                      {\n                        \"mc\": \">=154\"\n                      },\n                      \"&)\\\\p=[&\"\n                    ]\n                  }\n                ]\n              },\n              {\n                \"mc\": \"<=13\"\n              },\n              \"r<AQi\",\n              {\n                \"and\": [\n                  {\n                    \"mc\": \"<=80\"\n                  },\n                  {\n                    \"or\": [\n                      \"<f[b`|ow\",\n                      {\n                        \"or\": [\n                          {\n                            \"mc\": \">=105\"\n                          },\n                          {\n                            \"or\": [\n                              \"}xUlU\",\n                              \"6bEO#Bu?\",\n                              \"Y\",\n                              \";0WLKZ9Yxp\",\n                              \"0f1\"\n                            ]\n                          }\n                        ]\n                      },\n                      {\n                        \"or\": [\n                          \"$)Db.[dz;~\",\n                          \"Bz@T\",\n                          \"x-i0fx} \",\n                          {\n                            \"or\": [\n                              \"HP\",\n                              \"NH\",\n                              {\n                                \"or\": [\n                                  \"w%Pq&J.?\",\n                                  \"n|vu\",\n                                  \"{K$m\",\n                                  \"HklN{Z5\"\n                                ]\n                              }\n                            ]\n                          }\n                        ]\n                      }\n                    ]\n                  }\n                ]\n              }\n            ],\n            \"url\": \"http://y.tw6wdqyuu50e7kipyh49bag6zkd8g46l2z08.2auapsbe2dnlj1vll9.z9jkcfjwcjvlq1jy7hexdsqa73ji6c3q2exkpf.mj42imz6vcxkeb1vo1pjc-vwdmq1kg3-dse-payehs.bsivmq/HY%F3%A0%AC%B5FWV=@E/1dikm0M7/v/%F1%9F%9C%9E7Cy3.\",\n            \"info\": \"\",\n            \"isSelectable\": true\n          }\n        },\n        \"~-7Of+y6*\": {\n          \"name\": \"M\",\n          \"assign\": \"6!~c.Q3Sh\",\n          \"match\": {\n            \"and\": [\n              \"XX3129\"\n            ]\n          },\n          \"url\": \"http://m.30fal4vesn.yhvmw//p7@rYU/hER%F1%AC%92%B9oP+DTW\",\n          \"isSelectable\": true\n        }\n      },\n      \"} #=#{ \": {\n        \"name\": \"xa\",\n        \"ay\": 1991,\n        \"assign\": \"Ys`CE$:MI\",\n        \"satisfy\": {\n          \"or\": [\n            {\n              \"and\": [\n                {\n                  \"and\": [\n                    \",Vy\\\"t\",\n                    {\n                      \"or\": [\n                        \"\",\n                        \"DC'@>N%mk\",\n                        {\n                          \"mc\": \">=56\"\n                        },\n                        {\n                          \"mc\": \"<=98\"\n                        },\n                        \"iD>^\"\n                      ]\n                    },\n                    \"pFY[8Y*t[6\",\n                    \">qEHg4`+*K\"\n                  ]\n                },\n                \")aag~[\"\n              ]\n            }\n          ]\n        },\n        \"url\": \"https://vqqml4zb4yc07qj1otb32o.030b-zz8sp.q.4.vtowcucn/7A%F1%AB%BD%AATf!N/ZG%F3%9D%AA%B3ye/%E7%B0%BAdzV/bBm/)Jw0%F0%B6%A9%A1)*Vqr/9@+R/rBG9oy\",\n        \"info\": \"u;u\",\n        \"isSelectable\": true\n      },\n      \"@%\\\"&\\\"|x{}a\": {\n        \"name\": \"\\\"!(:!\",\n        \"ay\": 2001,\n        \"assign\": [\n          \";4\",\n          \"0zd?H.-\",\n          \"oGM3%,\\\"&L0\",\n          \"^\",\n          \"\"\n        ],\n        \"match\": [\n          {\n            \"pattern\": \"NL98\",\n            \"exclude\": [],\n            \"info\": \"8_)\"\n          },\n          {\n            \"and\": [\n              {\n                \"pattern\": \"FQ4\",\n                \"exclude\": [\n                  \"SR716\"\n                ],\n                \"info\": \".\"\n              }\n            ]\n          }\n        ],\n        \"satisfy\": {\n          \"and\": [\n            \"\",\n            {\n              \"and\": []\n            },\n            {\n              \"and\": [\n                \"P]]-\"\n              ]\n            }\n          ]\n        },\n        \"url\": \"http://b.cczcdki/W&\",\n        \"info\": \"Q\",\n        \"isSelectable\": true,\n        \"g\": {\n          \"match\": [],\n          \"url\": \"https://lbahe.qutphh/%F1%97%90%95,dF.WnL4m/vh%F2%98%B1%BDBEm,\",\n          \"info\": \"}N#*% c&\",\n          \"isSelectable\": true,\n          \"E>Fh^vd\": {\n            \"name\": \"G)\",\n            \"ay\": 1962,\n            \"assign\": [\n              \"h\\\"GK4*^!\"\n            ],\n            \"match\": {\n              \"pattern\": \"VR3x\",\n              \"exclude\": \"VOA001*T\"\n            },\n            \"satisfy\": {\n              \"mc\": \">=199\"\n            },\n            \"url\": \"https://3yig3v8abgcs0q7.qzgmz\",\n            \"info\": \"[y?*Yk\",\n            \"isSelectable\": true\n          },\n          \".&bTP$<+\": {\n            \"name\": \"8\\\"\",\n            \"assign\": \"C\",\n            \"match\": [\n              {\n                \"and\": [\n                  {\n                    \"and\": [\n                      {\n                        \"and\": [\n                          \"RJ24Y\",\n                          {\n                            \"pattern\": \"GIJ*8xR\"\n                          },\n                          \"LNN*7x\"\n                        ]\n                      }\n                    ]\n                  }\n                ]\n              }\n            ],\n            \"satisfy\": {\n              \"or\": [\n                {\n                  \"mc\": \"<=115\"\n                },\n                \"D/|i\",\n                {\n                  \"and\": [\n                    \"\",\n                    \"S6|+\",\n                    \"~3$y482H\"\n                  ]\n                },\n                \"Z\",\n                {\n                  \"or\": [\n                    {\n                      \"mc\": \"<=78\"\n                    },\n                    \"|P[lGiMiJ\"\n                  ]\n                }\n              ]\n            },\n            \"url\": \"https://y5tjl-a2y06z18gp-8upgv3-zrq2pors1ns5r.zvt-6nyftw.kbwy2h1vwh74q4jb6drwlui2ja77qwue1yfa1mw4-4guzvood22l.wkodq/z/rSnrc9OA/x%F0%B4%82%BFLJtRq//v$JCBfw\",\n            \"info\": \"7Wp]j9x\",\n            \"isSelectable\": true,\n            \"^{uL;C%\": {\n              \"name\": \"[\",\n              \"ay\": 1960,\n              \"assign\": \"2Pf+(E\",\n              \"satisfy\": \"2\\\\[\",\n              \"info\": \"ex`a5D+t\",\n              \"isSelectable\": true\n            },\n            \"@)T\": {\n              \"name\": \"dZ@%\",\n              \"ay\": 1955,\n              \"match\": [\n                {\n                  \"or\": [\n                    {\n                      \"and\": [\n                        \"NOM7*\",\n                        \"HPxM\",\n                        \"UN217A\",\n                        \"FWU16xB\",\n                        {\n                          \"and\": [\n                            \"BL05*P\"\n                          ]\n                        }\n                      ]\n                    },\n                    \"RO712x\",\n                    {\n                      \"or\": [\n                        \"PL1057\"\n                      ]\n                    },\n                    {\n                      \"pattern\": \"KRF45\",\n                      \"exclude\": [\n                        \"LO828*\",\n                        \"MZ074\"\n                      ],\n                      \"info\": \">v?\"\n                    }\n                  ]\n                }\n              ],\n              \"satisfy\": [\n                \"\",\n                {\n                  \"and\": [\n                    {\n                      \"and\": [\n                        \"~\",\n                        \"&'F9I)\\\"$2*\",\n                        {\n                          \"or\": [\n                            {\n                              \"mc\": \"<=52\"\n                            },\n                            \"w|F\\\\[# :*M\",\n                            \";lB!P\",\n                            \"|:'pZ*!Y*H\"\n                          ]\n                        },\n                        {\n                          \"or\": [\n                            {\n                              \"and\": [\n                                {\n                                  \"and\": [\n                                    \"1DH+eKUw'W\",\n                                    \"hC@W\",\n                                    {\n                                      \"or\": [\n                                        {\n                                          \"and\": [\n                                            \"j!BkM$}\",\n                                            \"-\",\n                                            \"q{j8\\\">\"\n                                          ]\n                                        },\n                                        \"FX\\\\{j8fo\"\n                                      ]\n                                    }\n                                  ]\n                                },\n                                {\n                                  \"or\": [\n                                    \"Ke;Qf&e{|f\",\n                                    {\n                                      \"mc\": \">=72\"\n                                    },\n                                    \"0\"\n                                  ]\n                                },\n                                \"$Mg:M9\\\\?:P\"\n                              ]\n                            },\n                            \"[>^e~t~DG\",\n                            \"E\"\n                          ]\n                        }\n                      ]\n                    },\n                    {\n                      \"mc\": \">=5\"\n                    },\n                    {\n                      \"mc\": \"<=80\"\n                    }\n                  ]\n                }\n              ],\n              \"url\": \"https://slzs3ixep200tc4dtt6.j.i.gt7hojetodkcz0oyta94fjrrdx-86vj.qrhncchh/BJMP/M_@qkc/lVb%F0%94%9E%B4hA%F3%9A%88%A4r\",\n              \"info\": \"<LzZR>5AH-\",\n              \"isSelectable\": true,\n              \"cRR6[\": {\n                \"name\": \"&3K\",\n                \"assign\": [\n                  \"(aF3z\",\n                  \"'V\",\n                  \"G\\\\U'7.X\"\n                ],\n                \"match\": [\n                  {\n                    \"pattern\": \"JVG298\",\n                    \"exclude\": \"FH0\",\n                    \"info\": \"/%0.@Un\"\n                  },\n                  {\n                    \"and\": [\n                      \"VPZ0**F\"\n                    ]\n                  }\n                ],\n                \"satisfy\": [\n                  {\n                    \"and\": []\n                  },\n                  {\n                    \"mc\": \">=157\"\n                  },\n                  \"I[jS~|f%!\"\n                ],\n                \"url\": \"http://12wkjt87.ns2e76lmns896awf5cek-9l5fvs595gl9eo-a7c3ngexy78pmmz6kuv.2bvadhcudgdpwqgvkjr66ds-uvbb9z-avafrgk0ex11o8.ixz28ycsqw3bgtemciui1-iqb287o22yzzu139.nrewuh/~/ZtK/f2TndpRV%F2%BD%80%B0//wqYsRTZHn/!6%F0%B2%96%A6TFn*ZDC/s_9BCXJ/-hXh'O:TA\",\n                \"info\": \"(z \",\n                \"isSelectable\": true\n              },\n              \"@P\": {\n                \"ay\": 1970,\n                \"assign\": [\n                  \"C'L\",\n                  \"Pm*'$pd\",\n                  \"VMglw5l\",\n                  \"k\"\n                ],\n                \"satisfy\": [\n                  {\n                    \"mc\": \"<=182\"\n                  },\n                  \"w[R|L_vhg%\",\n                  {\n                    \"mc\": \">=102\"\n                  },\n                  {\n                    \"or\": [\n                      {\n                        \"mc\": \"<=112\"\n                      },\n                      {\n                        \"and\": [\n                          \"f\",\n                          \"z<,|M\",\n                          \" \"\n                        ]\n                      },\n                      {\n                        \"or\": [\n                          \"BFj[1~yjc\",\n                          \"w\"\n                        ]\n                      },\n                      \"`\",\n                      {\n                        \"or\": [\n                          {\n                            \"or\": [\n                              {\n                                \"mc\": \">=198\"\n                              },\n                              \"7C\",\n                              {\n                                \"or\": [\n                                  {\n                                    \"and\": [\n                                      \"|-F:T]mY\",\n                                      \": =#\"\n                                    ]\n                                  },\n                                  \";!\",\n                                  \"?iMRjivwp:\"\n                                ]\n                              },\n                              \"!L _8\",\n                              \"d/\"\n                            ]\n                          },\n                          {\n                            \"or\": [\n                              {\n                                \"or\": []\n                              },\n                              \"{hF[ApK!p\",\n                              \"\\\"\",\n                              {\n                                \"mc\": \">=171\"\n                              }\n                            ]\n                          },\n                          {\n                            \"or\": [\n                              {\n                                \"mc\": \"<=77\"\n                              },\n                              \"sC-^r\",\n                              \"w\",\n                              {\n                                \"and\": []\n                              }\n                            ]\n                          },\n                          {\n                            \"or\": [\n                              \"\",\n                              {\n                                \"and\": [\n                                  \"o%<S=\",\n                                  \"+oCw\",\n                                  {\n                                    \"or\": [\n                                      \"4@\\\"Sgkz*#P\",\n                                      \";T:?P\",\n                                      \"i?iB3\",\n                                      \"CJ(K<u\"\n                                    ]\n                                  },\n                                  \"{EY@KC]@\",\n                                  {\n                                    \"or\": []\n                                  }\n                                ]\n                              }\n                            ]\n                          }\n                        ]\n                      }\n                    ]\n                  },\n                  {\n                    \"or\": [\n                      {\n                        \"or\": [\n                          \"gXI\",\n                          \"xO,@yS\\\\\"\n                        ]\n                      }\n                    ]\n                  }\n                ],\n                \"url\": \"https://txclzl6l4l42.6waqtgpbn9tosioq0e7v7d-ub29ewuuhtys6uwchkfa5.idsq/P%F4%8F%A0%BDs%F0%A1%9B%90qk\",\n                \"info\": \"(#MGh\"\n              },\n              \"r;\": {\n                \"name\": \"w0P\",\n                \"ay\": 1999,\n                \"assign\": [\n                  \"nSw~!d70=M\",\n                  \"tmym\",\n                  \"Ee-BWTUg\",\n                  \"=\",\n                  \"\"\n                ],\n                \"match\": {\n                  \"or\": [\n                    {\n                      \"pattern\": \"MMT285A\",\n                      \"info\": \"|$\"\n                    },\n                    {\n                      \"and\": [\n                        {\n                          \"or\": [\n                            \"HGF3521\",\n                            {\n                              \"and\": [\n                                {\n                                  \"and\": [\n                                    {\n                                      \"pattern\": \"RI065\",\n                                      \"exclude\": \"GT8771\",\n                                      \"info\": \"FrQVezI&\"\n                                    },\n                                    \"ZF2952Y\",\n                                    \"HNZ0L\"\n                                  ]\n                                },\n                                \"OKRx444I\",\n                                \"QWI2\",\n                                \"KK1\",\n                                \"SD103\"\n                              ]\n                            }\n                          ]\n                        },\n                        \"QRx5H\",\n                        \"GMR892A\"\n                      ]\n                    },\n                    \"VSD9694\",\n                    \"KI8M\",\n                    \"QT5*\"\n                  ]\n                },\n                \"info\": \"r3GEO\",\n                \"isSelectable\": true\n              },\n              \"\": {\n                \"name\": \"e*d%D)E*WO\",\n                \"ay\": 2002,\n                \"assign\": \"6Vy%Af7\",\n                \"match\": {\n                  \"or\": [\n                    {\n                      \"and\": [\n                        \"PHG438\",\n                        \"QSV2*7\",\n                        {\n                          \"pattern\": \"SY34*H\",\n                          \"exclude\": \"ZWxE\",\n                          \"info\": \"`Hq$LY\"\n                        },\n                        \"CYQ4295\",\n                        {\n                          \"or\": [\n                            {\n                              \"or\": [\n                                \"HJx\",\n                                {\n                                  \"pattern\": \"MKN3904\",\n                                  \"exclude\": [\n                                    \"BH92x\",\n                                    \"LY95xS\",\n                                    \"RU28D\",\n                                    \"KD75\",\n                                    \"YGB70R\"\n                                  ],\n                                  \"info\": \"PS\"\n                                },\n                                \"HK53G\"\n                              ]\n                            },\n                            \"FHK0864N\",\n                            \"RK40\"\n                          ]\n                        }\n                      ]\n                    },\n                    \"EQ*6Q\",\n                    {\n                      \"pattern\": \"BQNx647\",\n                      \"exclude\": \"BBY3131\"\n                    },\n                    {\n                      \"and\": []\n                    },\n                    {\n                      \"or\": []\n                    }\n                  ]\n                },\n                \"satisfy\": [],\n                \"url\": \"http://nf103zt5c.cm/qtiC%F2%AD%A9%911DR/*Q8//bv,\",\n                \"info\": \"Rc'c_F{r\",\n                \"isSelectable\": true\n              },\n              \"33jB\": {\n                \"name\": \"zrtQ\",\n                \"ay\": 2009,\n                \"assign\": \"<\",\n                \"match\": [\n                  \"XOQ93*\",\n                  \"GF5380\",\n                  {\n                    \"or\": [\n                      {\n                        \"or\": [\n                          {\n                            \"pattern\": \"WH49\",\n                            \"exclude\": \"SA2*14X\",\n                            \"info\": \"^=Z\\\\6,}\"\n                          }\n                        ]\n                      },\n                      {\n                        \"pattern\": \"OWI84\",\n                        \"exclude\": \"XE688*\",\n                        \"info\": \"xC*SW_?w$2\"\n                      },\n                      \"AD4804\",\n              
[...]
              "err": {},
              "uuid": "c881540a-f049-4775-9b7c-6c4a777aaefc",
              "parentUUID": "255addfa-0cd1-46c1-ae0e-dda79ca78f56",
              "isHook": false,
              "skipped": false
            },
            {
              "title": "should preserve list of modules with upper bound of MCs if total MC count is lower",
              "fullTitle": "inequalitySatisfier should preserve list of modules with upper bound of MCs if total MC count is lower",
              "timedOut": false,
              "duration": 0,
              "state": "passed",
              "speed": "fast",
              "pass": true,
              "fail": false,
              "pending": false,
              "context": null,
              "code": "const satisfier = (0, satisfiers_1.inequalitySatisfier)(ref, \"<=32\");\nsatisfier.should.have.property(\"filter\");\nconst { filter } = satisfier;\nisCorrectFilter(filter, modulesList1, modulesList1.map(([moduleStr]) => moduleStr));",
              "err": {},
              "uuid": "8499b31f-b108-4a42-8f0d-a1f1decba420",
              "parentUUID": "255addfa-0cd1-46c1-ae0e-dda79ca78f56",
              "isHook": false,
              "skipped": false
            },
            {
              "title": "should truncate list of modules with upper bound of MCs at exact cutoff if total MC count is higher and there exists some starting sequence with exact MC count",
              "fullTitle": "inequalitySatisfier should truncate list of modules with upper bound of MCs at exact cutoff if total MC count is higher and there exists some starting sequence with exact MC count",
              "timedOut": false,
              "duration": 0,
              "state": "passed",
              "speed": "fast",
              "pass": true,
              "fail": false,
              "pending": false,
              "context": null,
              "code": "const satisfier = (0, satisfiers_1.inequalitySatisfier)(ref, \"<=16\");\nsatisfier.should.have.property(\"filter\");\nconst { filter } = satisfier;\nisCorrectFilter(filter, modulesList1, [\n    \"CS2100\",\n    \"GER1000\",\n    \"CS2040S\",\n    \"ST2131\",\n]);",
              "err": {},
              "uuid": "fef846a1-766d-4683-8a90-c744526b7acd",
              "parentUUID": "255addfa-0cd1-46c1-ae0e-dda79ca78f56",
              "isHook": false,
              "skipped": false
            },
            {
              "title": "should truncate list of modules with upper bound of MCs, cutting off at the minimum starting sequence that exceeds upper bound, if total MC count is higher and there exists no starting sequence with exact MC count",
              "fullTitle": "inequalitySatisfier should truncate list of modules with upper bound of MCs, cutting off at the minimum starting sequence that exceeds upper bound, if total MC count is higher and there exists no starting sequence with exact MC count",
              "timedOut": false,
              "duration": 0,
              "state": "passed",
              "speed": "fast",
              "pass": true,
              "fail": false,
              "pending": false,
              "context": null,
              "code": "const satisfier = (0, satisfiers_1.inequalitySatisfier)(ref, \"<=17\");\nsatisfier.should.have.property(\"filter\");\nconst { filter } = satisfier;\nisCorrectFilter(filter, modulesList1, [\n    \"CS2100\",\n    \"GER1000\",\n    \"CS2040S\",\n    \"ST2131\",\n    \"MA1521\",\n]);",
              "err": {},
              "uuid": "03e83955-fd3f-4409-980f-ae37c3863661",
              "parentUUID": "255addfa-0cd1-46c1-ae0e-dda79ca78f56",
              "isHook": false,
              "skipped": false
            }
          ],
          "suites": [],
          "passes": [
            "34f3613b-0f02-4811-a660-50e7c4d1fa63",
            "a0b79b7f-8598-455f-a294-77678686cfe5",
            "99958844-a37d-42a6-b4e8-305dca409359",
            "c881540a-f049-4775-9b7c-6c4a777aaefc",
            "8499b31f-b108-4a42-8f0d-a1f1decba420",
            "fef846a1-766d-4683-8a90-c744526b7acd",
            "03e83955-fd3f-4409-980f-ae37c3863661"
          ],
          "failures": [],
          "pending": [],
          "skipped": [],
          "duration": 1,
          "root": false,
          "rootEmpty": false,
          "_timeout": 2000
        },
        {
          "uuid": "15e1c3b7-dfac-4c3b-b50a-b1ebd0982b97",
          "title": "inequalitySchema",
          "fullFile": "/home/runner/work/planwithus-lib/planwithus-lib/src/satisfyRule/inequality/schemas.test.ts",
          "file": "/src/satisfyRule/inequality/schemas.test.ts",
          "beforeHooks": [],
          "afterHooks": [],
          "tests": [
            {
              "title": "should validate inequality in the form <=n or >=n",
              "fullTitle": "inequalitySchema should validate inequality in the form <=n or >=n",
              "timedOut": false,
              "duration": 2,
              "state": "passed",
              "speed": "fast",
              "pass": true,
              "fail": false,
              "pending": false,
              "context": "[\n  {\n    \"title\": \"inequality sample 0\",\n    \"value\": \">=200\"\n  },\n  {\n    \"title\": \"inequality sample 1\",\n    \"value\": \"<=8\"\n  },\n  {\n    \"title\": \"inequality sample 2\",\n    \"value\": \"<=6\"\n  },\n  {\n    \"title\": \"inequality sample 3\",\n    \"value\": \">=135\"\n  },\n  {\n    \"title\": \"inequality sample 4\",\n    \"value\": \">=4\"\n  },\n  {\n    \"title\": \"inequality sample 5\",\n    \"value\": \">=199\"\n  },\n  {\n    \"title\": \"inequality sample 6\",\n    \"value\": \"<=194\"\n  },\n  {\n    \"title\": \"inequality sample 7\",\n    \"value\": \"<=4\"\n  },\n  {\n    \"title\": \"inequality sample 8\",\n    \"value\": \"<=120\"\n  },\n  {\n    \"title\": \"inequality sample 9\",\n    \"value\": \"<=119\"\n  }\n]",
              "code": "(0, fast_check_1.sample)(index_test_2.inequality, 10).forEach((sample, i) => (0, addContext_1.default)(this, {\n    title: `inequality sample ${i}`,\n    value: sample,\n}));\nreturn (0, fast_check_1.assert)((0, fast_check_1.property)(index_test_2.inequality, ajvValidate));",
              "err": {},
              "uuid": "b8f204b6-394d-4f87-afa9-4b45d67efd44",
              "parentUUID": "15e1c3b7-dfac-4c3b-b50a-b1ebd0982b97",
              "isHook": false,
              "skipped": false
            },
            {
              "title": "should not validate inequality of invalid form",
              "fullTitle": "inequalitySchema should not validate inequality of invalid form",
              "timedOut": false,
              "duration": 2,
              "state": "passed",
              "speed": "fast",
              "pass": true,
              "fail": false,
              "pending": false,
              "context": null,
              "code": "[\n        \"\",\n        \"==23\",\n        \"23\",\n        \"<23\",\n        \">23\",\n        \"<=-1\",\n        \">=-1\",\n        \"<= 2\",\n        \">= 1\",\n        \"> 3\",\n        \"< 3\",\n        \"<=3a\",\n        \">=3a\",\n        \"a<=3\",\n        \"a>=3\",\n    ].forEach(isInvalidInequality)",
              "err": {},
              "uuid": "ed1789cf-7193-48a0-8d0d-8b7fad5b69be",
              "parentUUID": "15e1c3b7-dfac-4c3b-b50a-b1ebd0982b97",
              "isHook": false,
              "skipped": false
            }
          ],
          "suites": [],
          "passes": [
            "b8f204b6-394d-4f87-afa9-4b45d67efd44",
            "ed1789cf-7193-48a0-8d0d-8b7fad5b69be"
          ],
          "failures": [],
          "pending": [],
          "skipped": [],
          "duration": 4,
          "root": false,
          "rootEmpty": false,
          "_timeout": 2000
        },
        {
          "uuid": "04f7e318-6949-4736-ad4d-9f48e2fc139d",
          "title": "satisfyRuleSchema",
          "fullFile": "/home/runner/work/planwithus-lib/planwithus-lib/src/satisfyRule/schemas.test.ts",
          "file": "/src/satisfyRule/schemas.test.ts",
          "beforeHooks": [],
          "afterHooks": [],
          "tests": [
            {
              "title": "should validate satisfy rule with valid block id",
              "fullTitle": "satisfyRuleSchema should validate satisfy rule with valid block id",
              "timedOut": false,
              "duration": 1,
              "state": "passed",
              "speed": "fast",
              "pass": true,
              "fail": false,
              "pending": false,
              "context": null,
              "code": "0, fast_check_1.assert)((0, fast_check_1.property)((0, fast_check_1.string)(), ajvValidate)",
              "err": {},
              "uuid": "219e612c-ee4b-4304-bf79-85ff9e2d2c28",
              "parentUUID": "04f7e318-6949-4736-ad4d-9f48e2fc139d",
              "isHook": false,
              "skipped": false
            },
            {
              "title": "should validate satisfy rules with valid mc",
              "fullTitle": "satisfyRuleSchema should validate satisfy rules with valid mc",
              "timedOut": false,
              "duration": 1,
              "state": "passed",
              "speed": "fast",
              "pass": true,
              "fail": false,
              "pending": false,
              "context": "[\n  {\n    \"title\": \"mcSatisfyRule sample 0\",\n    \"value\": {\n      \"mc\": \"<=88\"\n    }\n  },\n  {\n    \"title\": \"mcSatisfyRule sample 1\",\n    \"value\": {\n      \"mc\": \">=2\"\n    }\n  },\n  {\n    \"title\": \"mcSatisfyRule sample 2\",\n    \"value\": {\n      \"mc\": \">=120\"\n    }\n  },\n  {\n    \"title\": \"mcSatisfyRule sample 3\",\n    \"value\": {\n      \"mc\": \">=4\"\n    }\n  },\n  {\n    \"title\": \"mcSatisfyRule sample 4\",\n    \"value\": {\n      \"mc\": \">=52\"\n    }\n  },\n  {\n    \"title\": \"mcSatisfyRule sample 5\",\n    \"value\": {\n      \"mc\": \"<=4\"\n    }\n  },\n  {\n    \"title\": \"mcSatisfyRule sample 6\",\n    \"value\": {\n      \"mc\": \">=76\"\n    }\n  },\n  {\n    \"title\": \"mcSatisfyRule sample 7\",\n    \"value\": {\n      \"mc\": \"<=184\"\n    }\n  },\n  {\n    \"title\": \"mcSatisfyRule sample 8\",\n    \"value\": {\n      \"mc\": \">=8\"\n    }\n  },\n  {\n    \"title\": \"mcSatisfyRule sample 9\",\n    \"value\": {\n      \"mc\": \">=104\"\n    }\n  }\n]",
              "code": "(0, fast_check_1.sample)(index_test_2.mcSatisfyRule, 10).forEach((sample, i) => (0, addContext_1.default)(this, {\n    title: `mcSatisfyRule sample ${i}`,\n    value: sample,\n}));\nreturn (0, fast_check_1.assert)((0, fast_check_1.property)(index_test_2.mcSatisfyRule, ajvValidate));",
              "err": {},
              "uuid": "e9058138-a5bf-4692-9999-2cb3e886b526",
              "parentUUID": "04f7e318-6949-4736-ad4d-9f48e2fc139d",
              "isHook": false,
              "skipped": false
            },
            {
              "title": "should validate valid recursive satisfy rules",
              "fullTitle": "satisfyRuleSchema should validate valid recursive satisfy rules",
              "timedOut": false,
              "duration": 3,
              "state": "passed",
              "speed": "fast",
              "pass": true,
              "fail": false,
              "pending": false,
              "context": "[\n  {\n    \"title\": \"satisfyRule sample 0\",\n    \"value\": {\n      \"mc\": \">=1\"\n    }\n  },\n  {\n    \"title\": \"satisfyRule sample 1\",\n    \"value\": {\n      \"or\": []\n    }\n  },\n  {\n    \"title\": \"satisfyRule sample 2\",\n    \"value\": \"~ EPz=%\"\n  },\n  {\n    \"title\": \"satisfyRule sample 3\",\n    \"value\": {\n      \"or\": []\n    }\n  },\n  {\n    \"title\": \"satisfyRule sample 4\",\n    \"value\": {\n      \"or\": [\n        \"Z7\",\n        {\n          \"and\": [\n            {\n              \"mc\": \">=130\"\n            }\n          ]\n        },\n        {\n          \"and\": [\n            {\n              \"and\": [\n                \"'~GOJ\\\\\",\n                \"0I\",\n                \"\"\n              ]\n            },\n            {\n              \"or\": [\n                \"3N%Y~Ed[p\"\n              ]\n            },\n            {\n              \"or\": [\n                {\n                  \"or\": [\n                    \"cL\",\n                    {\n                      \"or\": []\n                    },\n                    \"*w\",\n                    \" ~iQ\"\n                  ]\n                }\n              ]\n            }\n          ]\n        }\n      ]\n    }\n  },\n  {\n    \"title\": \"satisfyRule sample 5\",\n    \"value\": {\n      \"mc\": \"<=2\"\n    }\n  },\n  {\n    \"title\": \"satisfyRule sample 6\",\n    \"value\": \"'J\"\n  },\n  {\n    \"title\": \"satisfyRule sample 7\",\n    \"value\": {\n      \"mc\": \"<=5\"\n    }\n  },\n  {\n    \"title\": \"satisfyRule sample 8\",\n    \"value\": {\n      \"mc\": \">=8\"\n    }\n  },\n  {\n    \"title\": \"satisfyRule sample 9\",\n    \"value\": {\n      \"or\": [\n        {\n          \"mc\": \">=3\"\n        }\n      ]\n    }\n  }\n]",
              "code": "(0, fast_check_1.sample)(index_test_2.satisfyRule, 10).forEach((sample, i) => (0, addContext_1.default)(this, {\n    title: `satisfyRule sample ${i}`,\n    value: sample,\n}));\nreturn (0, fast_check_1.assert)((0, fast_check_1.property)(index_test_2.satisfyRule, ajvValidate));",
              "err": {},
              "uuid": "c064f728-1d06-44eb-b1e5-6f9288d29703",
              "parentUUID": "04f7e318-6949-4736-ad4d-9f48e2fc139d",
              "isHook": false,
              "skipped": false
            },
            {
              "title": "should not validate non-string/object",
              "fullTitle": "satisfyRuleSchema should not validate non-string/object",
              "timedOut": false,
              "duration": 3,
              "state": "passed",
              "speed": "fast",
              "pass": true,
              "fail": false,
              "pending": false,
              "context": null,
              "code": "const error = {\n    instancePath: \"\",\n    message: \"satisfy rule should be either a string or an object\",\n};\nisInvalidRule(null, error);\nisInvalidRule(undefined, error);\nisInvalidRule(10, error);\nisInvalidRule([12, 24], error);",
              "err": {},
              "uuid": "893289be-4fb9-41dd-9681-5a136d1665f1",
              "parentUUID": "04f7e318-6949-4736-ad4d-9f48e2fc139d",
              "isHook": false,
              "skipped": false
            },
            {
              "title": "should not validate satisfy rules with extra properties",
              "fullTitle": "satisfyRuleSchema should not validate satisfy rules with extra properties",
              "timedOut": false,
              "duration": 1,
              "state": "passed",
              "speed": "fast",
              "pass": true,
              "fail": false,
              "pending": false,
              "context": null,
              "code": "isInvalidRule({\n        and: [\n            { or: [\"2k\"], abc: \"def\" },\n            { mc: 8, ghi: \"jkl\" },\n        ],\n        mno: \"pqr\",\n    }, {\n        instancePath: \"/and/0\",\n        message: \"or satisfy rule should have property 'or' only\",\n    }, {\n        instancePath: \"/and/1\",\n        message: \"MC satisfy rule should have property 'mc' only\",\n    }, {\n        instancePath: \"\",\n        message: \"and satisfy rule should have property 'and' only\",\n    })",
              "err": {},
              "uuid": "8867dc26-5e74-446f-b503-61a2d26d2c78",
              "parentUUID": "04f7e318-6949-4736-ad4d-9f48e2fc139d",
              "isHook": false,
              "skipped": false
            },
            {
              "title": "should not validate ambiguous satisfy rules",
              "fullTitle": "satisfyRuleSchema should not validate ambiguous satisfy rules",
              "timedOut": false,
              "duration": 0,
              "state": "passed",
              "speed": "fast",
              "pass": true,
              "fail": false,
              "pending": false,
              "context": null,
              "code": "const message = \"satisfy rule should have only one of properties 'mc', 'and', 'or'\";\nisInvalidRule({\n    or: [\n        { mc: 5, and: [\"CS2040\"] },\n        { and: [{ and: [\"abc\"], or: [\"def\"] }] },\n    ],\n}, { instancePath: \"/or/0\", message }, { instancePath: \"/or/1/and/0\", message });",
              "err": {},
              "uuid": "3e7b93a1-55f7-4f47-8693-95c69c5767ab",
              "parentUUID": "04f7e318-6949-4736-ad4d-9f48e2fc139d",
              "isHook": false,
              "skipped": false
            },
            {
              "title": "should not validate and satisfy rules with non-array property",
              "fullTitle": "satisfyRuleSchema should not validate and satisfy rules with non-array property",
              "timedOut": false,
              "duration": 0,
              "state": "passed",
              "speed": "fast",
              "pass": true,
              "fail": false,
              "pending": false,
              "context": null,
              "code": "const message = \"property 'and' should be an array of satisfy rules\";\nisInvalidRule({ or: [{ and: {} }, { or: [{ and: 3 }] }] }, { instancePath: \"/or/0/and\", message }, { instancePath: \"/or/1/or/0/and\", message });",
              "err": {},
              "uuid": "8e1f124a-e2f7-4c29-93c1-ee45444c68d2",
              "parentUUID": "04f7e318-6949-4736-ad4d-9f48e2fc139d",
              "isHook": false,
              "skipped": false
            },
            {
              "title": "should not validate or satisfy rules with non-array property",
              "fullTitle": "satisfyRuleSchema should not validate or satisfy rules with non-array property",
              "timedOut": false,
              "duration": 0,
              "state": "passed",
              "speed": "fast",
              "pass": true,
              "fail": false,
              "pending": false,
              "context": null,
              "code": "const message = \"property 'or' should be an array of satisfy rules\";\nisInvalidRule({ and: [{ or: {} }, { and: [{ or: 3 }] }] }, { instancePath: \"/and/0/or\", message }, { instancePath: \"/and/1/and/0/or\", message });",
              "err": {},
              "uuid": "130b7a54-4fc6-4949-9c3b-7001886d8b64",
              "parentUUID": "04f7e318-6949-4736-ad4d-9f48e2fc139d",
              "isHook": false,
              "skipped": false
            }
          ],
          "suites": [],
          "passes": [
            "219e612c-ee4b-4304-bf79-85ff9e2d2c28",
            "e9058138-a5bf-4692-9999-2cb3e886b526",
            "c064f728-1d06-44eb-b1e5-6f9288d29703",
            "893289be-4fb9-41dd-9681-5a136d1665f1",
            "8867dc26-5e74-446f-b503-61a2d26d2c78",
            "3e7b93a1-55f7-4f47-8693-95c69c5767ab",
            "8e1f124a-e2f7-4c29-93c1-ee45444c68d2",
            "130b7a54-4fc6-4949-9c3b-7001886d8b64"
          ],
          "failures": [],
          "pending": [],
          "skipped": [],
          "duration": 9,
          "root": false,
          "rootEmpty": false,
          "_timeout": 2000
        }
      ],
      "passes": [],
      "failures": [],
      "pending": [],
      "skipped": [],
      "duration": 0,
      "root": true,
      "rootEmpty": true,
      "_timeout": 2000
    }
  ],
  "meta": {
    "mocha": {
      "version": "9.1.2"
    },
    "mochawesome": {
      "options": {
        "quiet": false,
        "reportFilename": "mochawesome",
        "saveHtml": true,
        "saveJson": true,
        "consoleReporter": "spec",
        "useInlineDiffs": false,
        "code": true
      },
      "version": "7.0.1"
    },
    "marge": {
      "options": {
        "reportDir": "docs"
      },
      "version": "6.0.1"
    }
  }
}