{
  "stats": {
    "suites": 10,
    "tests": 48,
    "passes": 48,
    "pending": 0,
    "failures": 0,
    "start": "2021-07-19T15:48:38.287Z",
    "end": "2021-07-19T15:48:38.766Z",
    "duration": 479,
    "testsRegistered": 48,
    "passPercent": 100,
    "pendingPercent": 0,
    "other": 0,
    "hasOther": false,
    "skipped": 0,
    "hasSkipped": false
  },
  "results": [
    {
      "uuid": "11cc71f3-7373-4b97-ade6-663e2c7f767d",
      "title": "",
      "fullFile": "",
      "file": "",
      "beforeHooks": [],
      "afterHooks": [],
      "tests": [],
      "suites": [
        {
          "uuid": "1383999f-d339-4e20-88cb-6d57c393ef9c",
          "title": "initDirectories",
          "fullFile": "/home/runner/work/planwithus-lib/planwithus-lib/src/block/schemas.test.ts",
          "file": "/src/block/schemas.test.ts",
          "beforeHooks": [],
          "afterHooks": [],
          "tests": [
            {
              "title": "should parse all blocks with no errors",
              "fullTitle": "initDirectories should parse all blocks with no errors",
              "timedOut": false,
              "duration": 3,
              "state": "passed",
              "speed": "fast",
              "pass": true,
              "fail": false,
              "pending": false,
              "context": null,
              "code": "_1.initDirectories.should.not.throw()",
              "err": {},
              "uuid": "4f47b6ee-b2db-495c-a0d5-02c68e655528",
              "parentUUID": "1383999f-d339-4e20-88cb-6d57c393ef9c",
              "isHook": false,
              "skipped": false
            },
            {
              "title": "should produce primary, second & minor directories",
              "fullTitle": "initDirectories should produce primary, second & minor directories",
              "timedOut": false,
              "duration": 7,
              "state": "passed",
              "speed": "fast",
              "pass": true,
              "fail": false,
              "pending": false,
              "context": null,
              "code": "const directories = _1.initDirectories();\ndirectories.should.have.property(\"primary\");\ndirectories.should.have.property(\"second\");\ndirectories.should.have.property(\"minor\");",
              "err": {},
              "uuid": "8ff5eda7-3799-4612-a3b1-f2bbcec6c1bf",
              "parentUUID": "1383999f-d339-4e20-88cb-6d57c393ef9c",
              "isHook": false,
              "skipped": false
            }
          ],
          "suites": [],
          "passes": [
            "4f47b6ee-b2db-495c-a0d5-02c68e655528",
            "8ff5eda7-3799-4612-a3b1-f2bbcec6c1bf"
          ],
          "failures": [],
          "pending": [],
          "skipped": [],
          "duration": 10,
          "root": false,
          "rootEmpty": false,
          "_timeout": 2000
        },
        {
          "uuid": "0fbc6261-3c7e-4ff6-b569-a6c5844bf36e",
          "title": "blockSchema",
          "fullFile": "/home/runner/work/planwithus-lib/planwithus-lib/src/block/schemas.test.ts",
          "file": "/src/block/schemas.test.ts",
          "beforeHooks": [],
          "afterHooks": [],
          "tests": [
            {
              "title": "should validate valid block",
              "fullTitle": "blockSchema should validate valid block",
              "timedOut": false,
              "duration": 287,
              "state": "passed",
              "speed": "slow",
              "pass": true,
              "fail": false,
              "pending": false,
              "context": "[\n  {\n    \"title\": \"block sample 0\",\n    \"value\": {\n      \"name\": \"%y4&(\",\n      \"assign\": [],\n      \"match\": [],\n      \"satisfy\": [\n        {\n          \"and\": [\n            \"|F\",\n            {\n              \"or\": [\n                \"7.l)*y\",\n                {\n                  \"mc\": \">=43\"\n                },\n                {\n                  \"and\": [\n                    {\n                      \"or\": [\n                        {\n                          \"and\": [\n                            \"x)UO~_\",\n                            \"a(p\"\n                          ]\n                        },\n                        \"NTHvmt}7\",\n                        {\n                          \"or\": [\n                            \"]?\",\n                            \"~OA~[J;Pj;\",\n                            \"[1`\\\"lwJM#3\",\n                            \"O.\"\n                          ]\n                        },\n                        \"KpKp\"\n                      ]\n                    },\n                    {\n                      \"or\": [\n                        \"sE<,b<n? (\",\n                        \"*E5j\",\n                        \"!WK\",\n                        \"k#eOb4&jS\"\n                      ]\n                    },\n                    \"\",\n                    \"V<J\"\n                  ]\n                },\n                {\n                  \"or\": [\n                    \"ol\",\n                    \"Q*m]m\",\n                    \"\",\n                    {\n                      \"and\": [\n                        \"@bK~\",\n                        \"y\",\n                        \">4V\",\n                        \"r~9[OI/@\"\n                      ]\n                    },\n                    {\n                      \"mc\": \"<=88\"\n                    }\n                  ]\n                },\n                \"q:%j#nkm\"\n              ]\n            },\n            {\n              \"mc\": \">=179\"\n            },\n            {\n              \"or\": [\n                {\n                  \"mc\": \"<=156\"\n                }\n              ]\n            },\n            {\n              \"mc\": \"<=132\"\n            }\n          ]\n        },\n        \"VO:%756QvA\",\n        {\n          \"or\": [\n            {\n              \"and\": [\n                {\n                  \"or\": [\n                    \"Cn\",\n                    \"r\"\n                  ]\n                },\n                \";{K\\\"x3XA)]\"\n              ]\n            },\n            {\n              \"or\": [\n                \"F\",\n                \"dthX\",\n                {\n                  \"mc\": \">=7\"\n                },\n                {\n                  \"and\": [\n                    \"}NXEP,\"\n                  ]\n                }\n              ]\n            },\n            \"ay\",\n            {\n              \"or\": [\n                {\n                  \"mc\": \">=58\"\n                },\n                {\n                  \"mc\": \">=56\"\n                },\n                {\n                  \"and\": []\n                },\n                \"E#oAed\"\n              ]\n            },\n            {\n              \"or\": [\n                {\n                  \"or\": []\n                },\n                {\n                  \"and\": [\n                    {\n                      \"mc\": \">=127\"\n                    }\n                  ]\n                },\n                {\n                  \"or\": [\n                    {\n                      \"and\": [\n                        {\n                          \"and\": []\n                        },\n                        \"hXbZAzK1n\",\n                        \"Dkb\"\n                      ]\n                    },\n                    \"\",\n                    \"Ib)2k{\",\n                    {\n                      \"and\": [\n                        \"45wx_?\"\n                      ]\n                    }\n                  ]\n                },\n                \";}kX_B6$G[\"\n              ]\n            }\n          ]\n        },\n        {\n          \"or\": [\n            {\n              \"mc\": \">=161\"\n            },\n            {\n              \"and\": [\n                \"Ldq%k\",\n                \"{]]DS;\"\n              ]\n            },\n            {\n              \"and\": [\n                \"dgZs|Y_|-\",\n                \"@N0Ao=5CT\"\n              ]\n            },\n            \" \"\n          ]\n        }\n      ],\n      \"url\": \"http://0fb28v8sguv734xr2q7p34fhr5bgo3ckyv164-z4ysl.9uw0i-s60ru73.iccsxrwb\",\n      \"info\": \"j G\",\n      \"isSelectable\": true,\n      \"8`q\": {\n        \"ay\": 1955,\n        \"assign\": \"\\\"$E ?\",\n        \"match\": [\n          {\n            \"pattern\": \"OB11\",\n            \"info\": \"#!\"\n          }\n        ],\n        \"satisfy\": {\n          \"or\": []\n        },\n        \"url\": \"https://i.mzny.c.uo/R,NCesh%F1%AF%A9%B5X/FJ/%EA%90%B2s*hbno/)NOK=h%F3%83%B4%8A\",\n        \"info\": \"\\\">1s7}>M\",\n        \"isSelectable\": true,\n        \"j!j#\": {\n          \"name\": \"\",\n          \"ay\": 1970,\n          \"assign\": \"#!%G\",\n          \"match\": [\n            \"VM4N\"\n          ],\n          \"url\": \"https://ei.aok/K!S/0(a/PN9%F1%B4%AE%94s@H/HiQB/:1KL)-2%F3%B5%B2%B7/*(qwM8mH,*/prJTq+W%F3%A1%A6%B8%F2%B1%AC%85/BV/nP%F3%A8%98%BCdTvv%F0%A4%B1%9Dz/OOfXNr%F3%BB%B4%BE\",\n          \"info\": \"M}wEV[0+&\",\n          \"isSelectable\": true\n        },\n        \"&&;i&pkGB\": {\n          \"name\": \"DUJ\",\n          \"ay\": 1972,\n          \"assign\": [\n            \"uCn#\"\n          ],\n          \"match\": \"MS882B\",\n          \"satisfy\": [\n            {\n              \"and\": [\n                {\n                  \"and\": [\n                    \"z&>D  _zS\"\n                  ]\n                },\n                {\n                  \"or\": [\n                    {\n                      \"and\": [\n                        \"h\",\n                        \"D\",\n                        \"Z!JDzmdCU\",\n                        \"Al,\\\"<:3'u\"\n                      ]\n                    },\n                    \"I]|4Qw*-8\",\n                    {\n                      \"or\": [\n                        \"AB}O\",\n                        \":J\",\n                        \"I\",\n                        \"t@7Y>\",\n                        \"k@Lm#\"\n                      ]\n                    },\n                    \"TA*q\"\n                  ]\n                }\n              ]\n            }\n          ],\n          \"info\": \"}p&24d0B+B\",\n          \"isSelectable\": true\n        },\n        \"l:.F+ `*k\": {\n          \"name\": \"| \",\n          \"ay\": 1960,\n          \"assign\": \"\",\n          \"match\": {\n            \"pattern\": \"LI78\",\n            \"exclude\": \"NA8x\",\n            \"info\": \"\"\n          },\n          \"satisfy\": [\n            \"ak`4\"\n          ],\n          \"url\": \"http://cd8.fq8c9.qkpoazyxvg/z3;I/l+p/yE/%F3%A4%81%99ha%F0%AD%A2%A4t-a5%F2%BF%AA%95l/d/\",\n          \"info\": \"c\",\n          \"isSelectable\": true\n        }\n      }\n    }\n  },\n  {\n    \"title\": \"block sample 1\",\n    \"value\": {\n      \"name\": \"\",\n      \"assign\": \"V 9#n:%x\",\n      \"satisfy\": [\n        \"mXsF\",\n        {\n          \"and\": [\n            {\n              \"or\": [\n                \"s]9\"\n              ]\n            },\n            {\n              \"mc\": \"<=121\"\n            }\n          ]\n        }\n      ],\n      \"url\": \"https://pmwn7p4oqathsrir5wimia8w5txfofv9skuoeqja6ttthe8.s.5jzvw1e9ij4nek2gq9-e5i8r1o7fcmkvmuoalwkx9d8u-zvj9h21.4mlr1m362bmnhzxol.akfurhm6a2f.bagnme/Z@OAV\",\n      \"info\": \"\\\"z\",\n      \"isSelectable\": true\n    }\n  },\n  {\n    \"title\": \"block sample 2\",\n    \"value\": {\n      \"name\": \"\\\";\",\n      \"assign\": [\n        \"\",\n        \"um\"\n      ],\n      \"match\": [\n        {\n          \"or\": []\n        },\n        \"HYR2\"\n      ],\n      \"satisfy\": {\n        \"mc\": \"<=8\"\n      },\n      \"url\": \"https://2.f.9g.d.x5rm6s5j7o24dlwxildmtyxijcv3tx43yb5kc-6rzwuzl6tdhzgo.ceaeibevbd/HnSb\",\n      \"info\": \"\",\n      \"isSelectable\": true\n    }\n  },\n  {\n    \"title\": \"block sample 3\",\n    \"value\": {\n      \"name\": \"@\",\n      \"ay\": 1976,\n      \"assign\": [\n        \"CW\",\n        \"zEen*FB.\"\n      ],\n      \"url\": \"https://6e1xwx2663v2kagfv1mrj6l6m15jyd4y0k8sgym-18w1nan8c.p3z5agepa.z3mpm67uqz7s4cuxox84g75gs3-el1enxojvaaapcyn9-b97kxpg.4.wc.wbbxduv/X!XF/XN//%F3%8E%80%A9A@zBzj/EUbz/Fy3//)+K4%F1%A0%BC%83%F1%8E%B9%83pD+I\",\n      \"info\": \"\",\n      \"isSelectable\": true\n    }\n  },\n  {\n    \"title\": \"block sample 4\",\n    \"value\": {\n      \"name\": \"a%>?'l67o\",\n      \"ay\": 1992,\n      \"assign\": [\n        \"!'Scv/_krD\"\n      ],\n      \"match\": \"LT113xS\",\n      \"url\": \"https://g.p.e-wwa8yyxy1x0c22nbygj7y0.g0i3a7z1jyjcyahmgmsete9t8rru45s8x5r6rz3lglxobmkuo048.ko7d48hf0qrpn0r4ql40qz-w6.uemve/7\",\n      \"info\": \"\",\n      \"isSelectable\": true,\n      \"l\\\\H\": {\n        \"name\": \"c3\",\n        \"assign\": \"r';LL}\",\n        \"match\": {\n          \"and\": [\n            {\n              \"or\": [\n                \"PR97K\",\n                {\n                  \"and\": [\n                    \"IB53J\",\n                    {\n                      \"and\": [\n                        \"IWG*78J\"\n                      ]\n                    },\n                    {\n                      \"and\": [\n                        \"EJK411N\",\n                        {\n                          \"pattern\": \"LHF**83M\",\n                          \"exclude\": \"FS3x41\",\n                          \"info\": \"xmiC(CX@p\"\n                        }\n                      ]\n                    },\n                    \"JH*8O\"\n                  ]\n                },\n                \"JWW5903\"\n              ]\n            },\n            {\n              \"and\": [\n                {\n                  \"pattern\": \"UWU3*\",\n                  \"exclude\": [\n                    \"HIW74I\",\n                    \"UR964S\",\n                    \"UKxF\",\n                    \"UH39S\"\n                  ],\n                  \"info\": \"<\"\n                },\n                {\n                  \"or\": [\n                    \"WJU3242\",\n                    \"UEW71\"\n                  ]\n                },\n                \"XDF69A\",\n                {\n                  \"pattern\": \"VZB51O\",\n                  \"exclude\": \"EKU2\",\n                  \"info\": \"QM/;~>J\"\n                },\n                \"WV9284\"\n              ]\n            },\n            {\n              \"and\": []\n            },\n            \"VV7\"\n          ]\n        },\n        \"satisfy\": \"u\",\n        \"url\": \"http://v.ggaraqx/TUB/XYefem1K/dUKib4/)\",\n        \"info\": \"U')f\",\n        \"isSelectable\": true\n      },\n      \"PKtz2\": {\n        \"name\": \"\",\n        \"assign\": [\n          \"jM;sv`cc\",\n          \"5QKxe@`{)\",\n          \"AZtz\",\n          \"\",\n          \"l-`\"\n        ],\n        \"match\": {\n          \"and\": [\n            {\n              \"pattern\": \"WCP51xI\",\n              \"exclude\": [],\n              \"info\": \"NR*\"\n            },\n            {\n              \"or\": [\n                \"UA599*K\"\n              ]\n            },\n            {\n              \"pattern\": \"VFK3033J\",\n              \"exclude\": [\n                \"ZLx358H\"\n              ],\n              \"info\": \"\"\n            },\n            \"PF54\"\n          ]\n        },\n        \"satisfy\": [\n          {\n            \"and\": []\n          },\n          {\n            \"and\": [\n              {\n                \"or\": [\n                  \"lPg^\\\"/J%y\",\n                  \"ehDx}5\"\n                ]\n              },\n              {\n                \"mc\": \">=155\"\n              },\n              {\n                \"mc\": \"<=93\"\n              }\n            ]\n          },\n          {\n            \"mc\": \"<=34\"\n          },\n          \"$\\\"~\",\n          {\n            \"or\": [\n              {\n                \"and\": [\n                  {\n                    \"mc\": \"<=67\"\n                  }\n                ]\n              },\n              \"h\",\n              {\n                \"mc\": \">=153\"\n              },\n              {\n                \"and\": []\n              }\n            ]\n          }\n        ],\n        \"isSelectable\": true,\n        \"Syl4\": {\n          \"name\": \"&j=\",\n          \"ay\": 1974,\n          \"assign\": \"#92<\",\n          \"match\": [\n            {\n              \"pattern\": \"XR92\",\n              \"exclude\": \"AG220*X\",\n              \"info\": \"w.n]d\"\n            },\n            {\n              \"pattern\": \"TUG78V\",\n              \"exclude\": [\n                \"QKP*7*\",\n                \"NU820\"\n              ],\n              \"info\": \".+2\"\n            },\n            {\n              \"and\": []\n            },\n            {\n              \"and\": []\n            },\n            {\n              \"pattern\": \"TU3\",\n              \"exclude\": [\n                \"MRH710J\"\n              ]\n            }\n          ],\n          \"info\": \"8a'/'a~9\",\n          \"isSelectable\": true\n        },\n        \"\": {\n          \"name\": \"\",\n          \"ay\": 1965,\n          \"assign\": \"|1>H\",\n          \"match\": {\n            \"and\": []\n          },\n          \"satisfy\": \"q[&Q\",\n          \"url\": \"https://hbpuexk4a77p1oefkddq8c.i5db65u1x98lxl3v0.gluadl/wBwW(/98UQj/GQH(GZO%F1%B9%83%B8e/+k+~\",\n          \"info\": \"Kua;f;N%%\",\n          \"isSelectable\": true\n        },\n        \"}e5\": {\n          \"name\": \"@s/oeT\",\n          \"ay\": 1987,\n          \"assign\": [\n            \"OWaxOh02\",\n            \"oL:@wBKP-\",\n            \"y,mK8b\",\n            \"H[tKz3\"\n          ],\n          \"url\": \"http://tl6rc52bygfg0z4lt7krnwzvxsl1etob59ogh2a4iz8l5wvqt.zhsm0.3x6zgo8fk3dwsxsejuv9ehvot-61nxbvjtzf.6d9q.cfsrima4hz3t5gq.hbguacja/tI%F1%B1%BD%B0k~9jmC/q%E8%84%BCtz/%F3%9E%9C%8A/%F3%BE%AD%B4%F0%A8%B5%AEu/(Q:E/(fE/%F0%96%BE%90gHH/h_GeX4h/)5(2/%F1%B0%B8%BFQvD\",\n          \"info\": \"JVH U5< ,n\",\n          \"isSelectable\": true\n        },\n        \"I@\": {\n          \"name\": \"Eo*h\",\n          \"assign\": [\n            \"}fyZYqc\",\n            \".Can\",\n            \"{q!S\"\n          ],\n          \"match\": [\n            \"AOV*254U\"\n          ],\n          \"satisfy\": [\n            {\n              \"mc\": \">=13\"\n            },\n            {\n              \"or\": [\n                {\n                  \"mc\": \"<=33\"\n                },\n                \"IC)zHY2\",\n                {\n                  \"and\": [\n                    {\n                      \"or\": [\n                        \".HX\"\n                      ]\n                    }\n                  ]\n                },\n                {\n                  \"and\": [\n                    {\n                      \"mc\": \">=172\"\n                    },\n                    \"k\",\n                    {\n                      \"and\": [\n                        {\n                          \"mc\": \">=175\"\n                        },\n                        \"x]-$F!{K\"\n                      ]\n                    },\n                    {\n                      \"mc\": \">=122\"\n                    }\n                  ]\n                },\n                {\n                  \"mc\": \"<=166\"\n                }\n              ]\n            },\n            {\n              \"and\": [\n                {\n                  \"mc\": \"<=162\"\n                },\n                {\n                  \"or\": []\n                },\n                \"s6\",\n                {\n                  \"and\": [\n                    \"g7\\\\pRjiSI|\",\n                    {\n                      \"and\": []\n                    },\n                    \"XbbF\\\"\",\n                    {\n                      \"or\": [\n                        {\n                          \"or\": []\n                        }\n                      ]\n                    },\n                    \">U:$z\"\n                  ]\n                }\n              ]\n            },\n            \"yArK:\"\n          ],\n          \"url\": \"http://qi64.xuxyj9yhp2u04vy5d5wkpf6o96t8nvj4px-6qg1.1tn-hgb.a.jkcnci/Pf15y%F2%9E%8C%8C/\",\n          \"info\": \"k\"\n        },\n        \"'z\\\\@\": {\n          \"name\": \"{i9+\",\n          \"ay\": 1996,\n          \"assign\": [\n            \"D8_X\"\n          ],\n          \"match\": \"LG6655N\",\n          \"satisfy\": [\n            {\n              \"mc\": \"<=14\"\n            },\n            {\n              \"and\": [\n                \"ep|\",\n                {\n                  \"and\": [\n                    \"\",\n                    {\n                      \"and\": [\n                        \"F'kh@#\",\n                        \"b95YPQiO\",\n                        \"K\",\n                        \"L^Dp\",\n                        {\n                          \"or\": []\n                        }\n                      ]\n                    }\n                  ]\n                },\n                \"\"\n              ]\n            }\n          ],\n          \"url\": \"http://3elpy0ostsm37vlm9f9ymg38pwke8g3k2mwfnd4kgg8oxaveeve7a.qyp1czwvh8a0pl981zkviz6k4me549h6.6y4ib8g36nur01odss37m7uspj60jdi45yzkq3jlqbhvdolmdfxo.96m207e-vlwl5dq1wbz02rfg-qi.e1vszkleg05b7nwdxewkuxlbfiuld1n721afgsy9fgz.mq/3/J%F4%80%A9%A26Zu/zB.J4u%F0%AF%B7%95/\",\n          \"info\": \":=q1\",\n          \"isSelectable\": true,\n          \"IRM>mf)_tH\": {\n            \"ay\": 1955,\n            \"assign\": \"rn\",\n            \"match\": [],\n            \"satisfy\": \";tj0p`W/C\",\n            \"url\": \"https://deftybdspuaqcwy2pk6yiismgmjmk49b934b-m.c.j-n666z9-3lm2a4m-pvz1bwz0rlhgm4j4swp62jf261c4j.4hkn0a8a6wprhjjdrj5llw2n.26vs679hb.sxlrw/buWnp@/YRy=*-PjSl/LBc/w(0PTI7/ki/%F3%9E%89%B91Pke.wzRk/zw\",\n            \"info\": \"\\\"W=h\",\n            \"isSelectable\": true\n          }\n        }\n      },\n      \"\": {\n        \"name\": \"rL=~! \\\"\",\n        \"ay\": 2021,\n        \"assign\": [],\n        \"match\": [\n          {\n            \"and\": []\n          },\n          \"LA0\",\n          \"MAG0x9O\"\n        ],\n        \"satisfy\": [\n          \"@q8sWSMP\",\n          \"K#}N;Yo\",\n          \"sw:\"\n        ],\n        \"url\": \"http://ciblodjk8e-8e5yoqmj5z.kxpbcj/U%F1%B9%83%A5aXK)/)s7%F3%9B%9B%92K_LFV//O:I%F2%9C%AF%A44/zdYqwTC!k/DdcLD%F3%9C%9E%8BJ%F2%9E%A7%BE/f/r*z/U/=bMi+U%F0%B9%8E%BBs\",\n        \"info\": \"l\",\n        \"tk?c0d>W\": {\n          \"name\": \"HFvr6Z{1\",\n          \"ay\": 1976,\n          \"assign\": \"h|q+s&n0d>\",\n          \"satisfy\": [\n            \"/l<:w<\",\n            {\n              \"or\": [\n                {\n                  \"or\": []\n                },\n                {\n                  \"and\": [\n                    \"t>:kdb#Fk\",\n                    {\n                      \"and\": [\n                        \";\",\n                        \"m.\",\n                        \"Y#0\",\n                        \"R@,AA&CR\",\n                        \"SBv~1\"\n                      ]\n                    }\n                  ]\n                },\n                \"C\"\n              ]\n            }\n          ],\n          \"url\": \"https://svhtfgu7v4ydmyil0imj4g.o.ft1q8hzwe-4pwchm622-zwe9.sij781r7pnl5sqbpcxml-zotossjci23-o3isd.umxyw//%F0%BA%81%ABgn1_%F0%AF%AF%90PLOP\",\n          \"info\": \"\",\n          \"isSelectable\": true,\n          \"xX*1v:!SOt\": {\n            \"name\": \"_2L+CI\",\n            \"ay\": 2025,\n            \"assign\": [\n              \"\\\\] _gZ|-\",\n              \"W\",\n              \"Xo}aqC\"\n            ],\n            \"match\": \"ON0\",\n            \"satisfy\": [\n              {\n                \"and\": [\n                  {\n                    \"and\": [\n                      \"[JvF$Q(+kY\",\n                      {\n                        \"or\": [\n                          \"\"\n                        ]\n                      },\n                      \"^(9rv\",\n                      {\n                        \"or\": [\n                          \"S'5+D!4b`\"\n                        ]\n                      },\n                      \"XH.f'\"\n                    ]\n                  },\n                  {\n                    \"and\": [\n                      \"./\",\n                      \"idhd[g\",\n                      \"GI\",\n                      {\n                        \"and\": []\n                      }\n                    ]\n                  },\n                  \"]\",\n                  {\n                    \"and\": []\n                  }\n                ]\n              },\n              {\n                \"or\": []\n              }\n            ],\n            \"url\": \"https://0lsj-1g14l1izg1cw2byi65tb9b7aecim.wz.3.1.gi/!Y+5Oo%F3%B6%90%88yx%F2%B7%90%99/%EA%93%85iMbRvAi//;/.ED)=\",\n            \"info\": \"4,RC_%0w+\",\n            \"isSelectable\": true\n          },\n          \"=47]\": {\n            \"name\": \"MHKJ|t\",\n            \"ay\": 2001,\n            \"assign\": [\n              \"iN/\",\n              \"]\",\n              \"jRGu}(EI\",\n              \"wyy\"\n            ],\n            \"match\": [],\n            \"satisfy\": \"aaz33Y}\",\n            \"url\": \"https://3geu-pujjumb5nfv0t.2dyn1rx7mkpltg-0laoedfcz1ygxr.j3.4nfhbm5ky971flw-ahvwv3e8-7g4h4z096ob1a8b10lw838n.n5c87suj7xygndr0tyuq.cubp/W*=Y00)Ue/;$H%F0%B8%A7%81x%F1%AF%BD%95Okdd/DZ+&.D,/hD/mRD%F2%A3%9D%B9ouB~//4@~BuhU/@/iP*%F3%9E%AC%B7x\",\n            \"info\": \"7\",\n            \"isSelectable\": true,\n            \"c#\": {\n              \"name\": \"L'`8.8,Bs\",\n              \"ay\": 2030,\n              \"assign\": [\n                \"#0flRji15\",\n                \"T3Zmk?(\",\n                \"\\\\G\",\n                \"@qsY.:cj\\\"\\\\\",\n                \"jX%ayP\"\n              ],\n              \"match\": [\n                {\n                  \"or\": []\n                },\n                {\n                  \"and\": [\n                    {\n                      \"and\": [\n                        \"BZ124\",\n                        \"BXW422B\"\n                      ]\n                    }\n                  ]\n                }\n              ],\n              \"url\": \"https://y.tin/%F2%9E%9D%83I!/kUdZi/m/3/i0B2op%F2%9F%86%988/F=hz9\",\n              \"info\": \"\\\\WV}\",\n              \"isSelectable\": true\n            },\n            \"mY>!;]\": {\n              \"name\": \"\\\"pz\",\n              \"match\": {\n                \"pattern\": \"QC18\",\n                \"exclude\": \"IW4F\",\n                \"info\": \"uqc@UJO[ej\"\n              },\n              \"satisfy\": \"S3\",\n              \"url\": \"http://h22jhq16vgww950topxjpiovigm68wqwdixx3v5uavpw.g.ks-hjk3qdqbjwruofmeqth8ja53esilnban694c5kwtbnxosyssvd7ucey48m.kbuwvsc//%F3%A6%8A%83h0qLy%F3%B2%85%B0C0I/ZIj%F0%9B%87%91P/3p/H:bZ/8+F%F3%94%9B%9BWutt~/'AE.W%F2%A9%BB%AE@/tWHuFV@hO/nIBq%F3%A2%A4%94%F1%99%80%85%E5%AB%ABW%F1%B1%82%A6\",\n              \"info\": \" \\\"\\\\m\",\n              \"isSelectable\": true,\n              \"Q{%Vx|+y 8\": {\n                \"name\": \"HnG\",\n                \"ay\": 1991,\n                \"assign\": [\n                  \"1*i\",\n                  \"-N`\",\n                  \"\",\n                  \"<iMKLW\"\n                ],\n                \"match\": [],\n                \"satisfy\": {\n                  \"or\": [\n                    {\n                      \"or\": [\n                        \"Fz\",\n                        \"w\",\n                        \"kx\\\"pf9_>l@\",\n                        {\n                          \"mc\": \"<=125\"\n                        },\n                        \"%{?wp$-\"\n                      ]\n                    },\n                    {\n                      \"mc\": \"<=14\"\n                    }\n                  ]\n                },\n                \"url\": \"https://k8anrcaesx3var43xl-xcp2y6g3qc4dmmwxnf9i1te.ynif35bqi3ykex8w-u.1a0jwvppbkyv74tngofp8mu2-bmn7g8hyoz042yyx1h.ztbwa4tzgzsan999dm3syqq3350he5dq-3r.al8arr42y7ixk1umxc9hxemd8q2nm4rj1ewrd.ubjo/!c=3*/e%F3%B7%B3%94/f(~K/%F3%B9%AF%95b&%F1%BC%B0%80&8q%F2%94%91%87'/Ix/Ix;D(USLi/!*/%F2%8A%B2%95ZNJ/\",\n                \"info\": \"\",\n                \"isSelectable\": true\n              }\n            },\n            \"j#qB1:i%\": {\n              \"name\": \"=$\",\n              \"ay\": 2003,\n              \"assign\": [\n                \"~35v)3m\",\n                \"G~~)Wg7,B?\",\n                \"\\\"q/KEi\",\n                \"%hDzM\",\n                \"UaQI2\\\"P|Y,\"\n              ],\n              \"match\": [\n                \"GR40*\",\n                {\n                  \"pattern\": \"ZD*5\"\n                }\n              ],\n              \"satisfy\": {\n                \"and\": [\n                  {\n                    \"and\": [\n                      \"\\\"\",\n                      {\n                        \"mc\": \"<=136\"\n                      },\n                      {\n                        \"and\": [\n                          {\n                            \"and\": [\n                              \"#Od|B|\",\n                              \"ODN\\\\\",\n                              \"G'r4dzEXj\",\n                              \".@P:\",\n                              \"\"\n                            ]\n                          },\n                          \"vLuzr{\",\n                          \"2\",\n                          {\n                            \"and\": [\n                              \"E.5 \",\n                              \"'\\\"RyYG\"\n                            ]\n                          }\n                        ]\n                      }\n                    ]\n                  }\n                ]\n              },\n              \"url\": \"https://rqqdew5w58xrf7xgtrsqgifm1987lp632yh69desog0e-kopkz5g.n.p9a4hgh-0h-2ndw2vaf1xq0gccf72ng461vo47xrmjv8a5zhynbtb3x7.26bnx17ffl33ak.wnhmmv/V)$%F0%B9%AF%8EG/!I%F1%9F%B7%BA~%F4%8F%BF%AE/uak/Gkw7/!Bm\",\n              \"info\": \"c\",\n              \"isSelectable\": true\n            }\n          },\n          \"F&KB*\": {\n            \"name\": \"eUCT>l\",\n            \"assign\": [],\n            \"url\": \"https://k0i3ip0cr-fci27qhxcdi0ybfvs5jig1ibz6mixwgywvbjkkik.uherew/q\",\n            \"info\": \"lOxv|@z&x\",\n            \"isSelectable\": true\n          },\n          \"`\": {\n            \"name\": \"-\",\n            \"ay\": 1991,\n            \"assign\": [\n              \"Mwa-F-D&\",\n              \"a8/\",\n              \"[t+N\"\n            ],\n            \"match\": [\n              {\n                \"pattern\": \"LYIx95*\",\n                \"exclude\": [\n                  \"ASS9619D\",\n                  \"FYG9\",\n                  \"NSY38B\",\n                  \"ZX*4xU\",\n                  \"YF6351\"\n                ],\n                \"info\": \"V^\"\n              },\n              {\n                \"or\": [\n                  {\n                    \"or\": [\n                      {\n                        \"pattern\": \"CN6\",\n                        \"info\": \"9VX%.\"\n                      },\n                      \"IUO251*\",\n                      \"YM96x\",\n                      \"UZ2X\",\n                      {\n                        \"pattern\": \"JC13\",\n                        \"exclude\": [\n                          \"AJT6H\",\n                          \"ZSBx827J\",\n                          \"QU0N\"\n                        ],\n                        \"info\": \"<9Ks\"\n                      }\n                    ]\n                  },\n                  {\n                    \"and\": [\n                      \"MVP0J\",\n                      \"EA95\",\n                      {\n                        \"and\": [\n                          \"QBJ362H\"\n                        ]\n                      },\n                      \"JPHx56\"\n                    ]\n                  },\n                  {\n                    \"and\": [\n                      {\n                        \"pattern\": \"FO72\",\n                        \"exclude\": \"NP0C\",\n                        \"info\": \")\"\n                      },\n                      {\n                        \"and\": [\n                          \"KG83N\",\n                          \"WJF16\",\n                          \"LL86U\"\n                        ]\n                      },\n                      \"LSU844\",\n                      \"GF9A\"\n                    ]\n                  }\n                ]\n              }\n            ],\n            \"satisfy\": \")\",\n            \"url\": \"http://rxv2rjvmqsrlpumzn06zkrd1qbetp.tmo4u4-wr8fv95rgyakekmt5x595.m3yb9a5gpxvh68vn8g8pvzje8qcn5r39.0y8pdy9dvlhrhuaa0o1i8s7eog2hno2s4oh628gwbsukikrsk4cg8ydyd45.c83h07rbqxox9i5ad5no.uakm/Jw+d,/Jve/ZN)XApT6I/%F1%A9%A2%AAZ!/W%F3%87%80%90/%F4%82%8E%BAW&/Z%F0%A1%BD%86c@-/oQWc_SA=%F1%A2%99%AFu/CM\",\n            \"info\": \" 7@N'$S\",\n            \"isSelectable\": true\n          },\n          \"1No VH~,av\": {\n            \"name\": \" (+QW~i|(\",\n            \"ay\": 1982,\n            \"assign\": [\n              \"\"\n            ],\n            \"url\": \"http://m32ylojax.m49k6ecg2h3zqzz15mtyf.uoxl-j4pydpjfw76w8s9qv29niq4r2r21in0pwaiwylg2h5vesrz2z8cjoex2is.46slezz7ku5kgbc6ea33ixkndhd6jkjry9ky2tvbkisyb12uudsj7urs6.pxp\",\n            \"isSelectable\": true\n          }\n        },\n        \"\": {\n          \"name\": \"5.1%a^ \",\n          \"ay\": 1970,\n          \"assign\": \"ufa0}Q\",\n          \"match\": \"XT2G\",\n          \"satisfy\": {\n            \"mc\": \">=8\"\n          },\n          \"url\": \"https://nfthbj76buahlyqgwof47zhail1q46l3p57mvekitq32t2bms-szj4ske0y.4xve6ormjb8b31qkwqfhi2ukl.ondme/bH&%F3%A5%97%A9m!v\"\n        }\n      },\n      \"`2zVzQ\": {\n        \"name\": \"hI;fLaC\",\n        \"ay\": 1959,\n        \"assign\": [\n          \"EeNU\",\n          \"r{FR)\\\\(/\"\n        ],\n        \"match\": {\n          \"and\": []\n        },\n        \"url\": \"http://pggl7punynta3g2fufkjppyy5x0gssug-j6vpypze7q-jy55s-1ijkb3ye86cv.r.a.5vycp2.fm6nvo1nhow433apr9i7yqqqgapkb0nsswmuuxect7ldkzg76yasc7op1s3f7.xxvxpcjz/Lb7R.%F0%A5%89%9B/G/3ZEweBFbf/q-2J/d%F1%83%B0%BC%F1%9C%85%96gV%F3%91%A7%B3(q\",\n        \"info\": \"`86|\",\n        \"isSelectable\": true,\n        \"&q@~IeQ(VW\": {\n          \"name\": \"zm:BKnJ\",\n          \"ay\": 2021,\n          \"assign\": \")7k\",\n          \"match\": [\n            {\n              \"or\": [\n                {\n                  \"pattern\": \"TH09*\",\n                  \"exclude\": [\n                    \"LGP5K\",\n                    \"DJJ5\",\n                    \"IEQ16Z\",\n                    \"PK6*7\"\n                  ],\n                  \"info\": \"E\"\n                },\n                {\n                  \"or\": [\n                    \"DRP*3\",\n                    {\n                      \"and\": [\n                        \"DI24\",\n                        \"RBV85*1J\"\n                      ]\n                    }\n                  ]\n                }\n              ]\n            },\n            \"UWB2620B\",\n            {\n              \"pattern\": \"JJJ8476\",\n              \"exclude\": [\n                \"BBQ87T\",\n                \"EWJ53H\",\n                \"FGA8\",\n                \"QQI3*0\"\n              ],\n              \"info\": \"H[G\"\n            },\n            {\n              \"pattern\": \"RNR434*\",\n              \"info\": \"x\"\n            }\n          ],\n          \"satisfy\": [\n            {\n              \"and\": [\n                {\n                  \"and\": []\n                },\n                \"2PTUs4T?=\",\n                {\n                  \"and\": []\n                }\n              ]\n            }\n          ],\n          \"url\": \"https://w1ibidb4hao1n.a.bzfnhwyx8ta2xduoc1byv06ynztygfas.e8c-f6p-h5v5not-3zx0fqaoqw5zn.ajtd/W1.lG/)smGC/l//m*K1\",\n          \"info\": \"IU]\",\n          \"isSelectable\": true\n        }\n      }\n    }\n  },\n  {\n    \"title\": \"block sample 5\",\n    \"value\": {\n      \"name\": \"0\\\"z\",\n      \"ay\": 1987,\n      \"assign\": \"BX]>l\",\n      \"match\": {\n        \"or\": [\n          {\n            \"pattern\": \"IB3463\",\n            \"exclude\": [],\n            \"info\": \"#ky9\"\n          }\n        ]\n      },\n      \"url\": \"http://5xi1g0c6-ve1dg-92x5clyogv7zovtr6ebgabsvnzg4zs053-zcc8rl43.4.od98pt.shssv9p591lpy2l0-qka009t5z4u4gvxm-34.ltiz/d&rjDD/a_VbP.po7%F2%8E%8C%8F/D=%F2%B4%BB%89r@HVzy5/jq*&/%F2%B2%9B%98%F0%A8%81%BE_\",\n      \"info\": \"i\",\n      \"isSelectable\": true\n    }\n  },\n  {\n    \"title\": \"block sample 6\",\n    \"value\": {\n      \"name\": \"~7w\",\n      \"ay\": 1956,\n      \"assign\": [],\n      \"match\": [],\n      \"satisfy\": [\n        {\n          \"mc\": \"<=193\"\n        },\n        {\n          \"or\": [\n            {\n              \"and\": [\n                {\n                  \"or\": [\n                    {\n                      \"or\": [\n                        {\n                          \"mc\": \">=195\"\n                        }\n                      ]\n                    },\n                    {\n                      \"mc\": \">=5\"\n                    }\n                  ]\n                },\n                \"ch(0ga\",\n                {\n                  \"or\": []\n                },\n                \"S*X;l{(zh\",\n                \"\"\n              ]\n            }\n          ]\n        }\n      ],\n      \"url\": \"http://857macd5-xd8ppa2de1-d4a-a2dtp7e0v.xoixi/%F3%A4%8F%ACj/hLSxd(%F1%99%97%B4!4/_zpf5%F0%9A%85%9B%F1%BA%A2%A3\",\n      \"info\": \"$$W%#O\",\n      \"isSelectable\": true\n    }\n  },\n  {\n    \"title\": \"block sample 7\",\n    \"value\": {\n      \"name\": \"qA/\",\n      \"ay\": 1961,\n      \"assign\": \"$\",\n      \"match\": [\n        {\n          \"and\": []\n        }\n      ],\n      \"satisfy\": \"|#{\",\n      \"url\": \"https://w-wbb9dw0x9d769i91n6adbm-17dvcp7.afed.dvxvrlrqd/\",\n      \"info\": \"e3=A@pk:\",\n      \"isSelectable\": true,\n      \"{S#eZ+{\": {\n        \"name\": \"O7h;oyh0\",\n        \"ay\": 1952,\n        \"assign\": \"#o}b%!:\",\n        \"match\": {\n          \"pattern\": \"LTW1134Z\",\n          \"exclude\": \"FD61S\",\n          \"info\": \"KJnh~?\"\n        },\n        \"satisfy\": \"K&}%\",\n        \"url\": \"https://sovo3wocobcd404-q10u1c2nz4q7ik1-ekpc7r7i6uag1emtmqx.ulbcypkl/U$%F2%B9%AB%BB)//,\",\n        \"info\": \"\",\n        \"isSelectable\": true\n      },\n      \"#VHvt.\": {\n        \"name\": \"&]\",\n        \"ay\": 1955,\n        \"match\": [\n          \"CE4\",\n          {\n            \"and\": [\n              \"DW90D\"\n            ]\n          }\n        ],\n        \"satisfy\": {\n          \"and\": [\n            {\n              \"and\": [\n                {\n                  \"and\": [\n                    \"X]Iw_g\"\n                  ]\n                },\n                \"Vn!'@\",\n                {\n                  \"mc\": \">=34\"\n                },\n                \"xNy1eamF4\"\n              ]\n            },\n            {\n              \"mc\": \">=35\"\n            }\n          ]\n        },\n        \"url\": \"http://hxog7czll1e1q1pwu8ql2md6flj8ilx9ag8w3e2a-080jigviu0.cynswgvdkh/aN/;R$.Ofyh@/z0Mjl&\",\n        \"info\": \"}\",\n        \"isSelectable\": true,\n        \"ydBy+U\": {\n          \"name\": \"TIDIoVPQb\",\n          \"ay\": 1963,\n          \"assign\": \"q^)nz4,f'\",\n          \"match\": [\n            {\n              \"and\": [\n                {\n                  \"and\": []\n                }\n              ]\n            },\n            {\n              \"and\": []\n            },\n            {\n              \"pattern\": \"XJ*177\",\n              \"exclude\": \"FNO*0N\"\n            },\n            {\n              \"or\": [\n                {\n                  \"and\": []\n                },\n                {\n                  \"or\": [\n                    {\n                      \"pattern\": \"UF7*\",\n                      \"exclude\": [\n                        \"ZCx*88\",\n                        \"AHQ*99\",\n                        \"DRY815\",\n                        \"DIG*2\"\n                      ],\n                      \"info\": \"A(6-o}c\"\n                    },\n                    \"XI231U\",\n                    \"BA75O\",\n                    {\n                      \"pattern\": \"TD72*\",\n                      \"exclude\": \"RDD2*\"\n                    },\n                    \"RSSx92P\"\n                  ]\n                },\n                {\n                  \"pattern\": \"HW28x6Z\",\n                  \"exclude\": \"UZ05*\",\n                  \"info\": \"a\\\",>!.~G$\"\n                },\n                {\n                  \"pattern\": \"OA6075R\",\n                  \"exclude\": [\n                    \"GM8*41F\",\n                    \"VIU852\",\n                    \"QML*\"\n                  ]\n                }\n              ]\n            }\n          ],\n          \"satisfy\": {\n            \"and\": [\n              {\n                \"or\": [\n                  \"l42rZsm\",\n                  \"*\"\n                ]\n              },\n              {\n                \"mc\": \"<=186\"\n              },\n              {\n                \"mc\": \">=84\"\n              }\n            ]\n          },\n          \"url\": \"http://e6dnlptv533z6tjrg0tz3sefy41jrogtalyneahwfcfig5cjhos3mvln01.u6lawvaxwp1vqjhmdbt5si25x-i1r3kaisnwq8u50fg6jz2ws40u.5g3jx9oao3.vqoqwys0l25-jgjr1xd-prk6jjxeuh95n8fjye2.jtcbkbmh/B3)y~wZlm$\",\n          \"info\": \"\",\n          \"isSelectable\": true\n        },\n        \"G^Mbr+9?bP\": {\n          \"name\": \"va\",\n          \"ay\": 2018,\n          \"assign\": \"&_\",\n          \"match\": [\n            {\n              \"and\": []\n            },\n            {\n              \"pattern\": \"FWT64U\",\n              \"exclude\": [\n                \"TGR*467X\",\n                \"NU4*\",\n                \"CLH704K\"\n              ]\n            },\n            {\n              \"and\": [\n                {\n                  \"pattern\": \"GX6384L\"\n                }\n              ]\n            },\n            {\n              \"pattern\": \"FME60\",\n              \"exclude\": \"SGA19\",\n              \"info\": \",[81T$]bbd\"\n            },\n            \"JPZ9xV\"\n          ],\n          \"satisfy\": [\n            {\n              \"and\": [\n                \"U.wxi\",\n                {\n                  \"or\": [\n                    \"z`9T ,[\",\n                    \"9Tt}\",\n                    {\n                      \"mc\": \">=165\"\n                    },\n                    \"\",\n                    \"D\"\n                  ]\n                },\n                \"5\"\n              ]\n            },\n            \"*DK\\\\ ^=\",\n            \"FAM\"\n          ],\n          \"url\": \"http://zc68lmf1v7j.9.3ecric1s94syyvgwe81vqivl7s6zaniv4cpd8cr5h.dsrpybs/mam%F3%A3%AE%90wrB/F,%F1%BE%8C%93/Ev-//Qu4%F1%A1%BF%99@Z2za~/*x%F1%B4%8A%A3E~FOT/!//)H/ibX~ZooX%F0%93%B6%B3\",\n          \"info\": \"\",\n          \"isSelectable\": true\n        }\n      }\n    }\n  },\n  {\n    \"title\": \"block sample 8\",\n    \"value\": {\n      \"ay\": 1992,\n      \"assign\": \"&tH%c*\",\n      \"satisfy\": [\n        \"aYhx\"\n      ],\n      \"url\": \"https://9bjxc4c.tijg411p-4z9zf19na2vquu7w9qm04w4ths59o.bl3bkica7z8he96fd7mzd9befdgrb5e8wc89dea95bnd4abfd2ykc-7a4.dcbkl//G.J%F0%B9%BA%9D)/;b8D@d8f\",\n      \"info\": \"~\",\n      \"isSelectable\": true\n    }\n  },\n  {\n    \"title\": \"block sample 9\",\n    \"value\": {\n      \"name\": \"\",\n      \"ay\": 2006,\n      \"assign\": \"=dD$V\",\n      \"match\": [],\n      \"satisfy\": {\n        \"mc\": \">=2\"\n      },\n      \"url\": \"http://dup-sec8xsd4xancpwl7fouwg-ihymkqv8l.qqpnapggydyv-p9tx7xny2qi17e6v5nfj5ws4zkxv-m-dmh6cbqncng2y1z.ucabgal/KTh%F1%8A%9E%93%F0%B3%95%AERdBM\",\n      \"info\": \"pIT? \",\n      \"isSelectable\": true\n    }\n  }\n]",
              "code": "fast_check_1.sample(index_test_2.block, 10).forEach((sample, i) => addContext_1.default(this, {\n    title: `block sample ${i}`,\n    value: sample,\n}));\nreturn fast_check_1.assert(fast_check_1.property(index_test_2.block, ajvValidate));",
              "err": {},
              "uuid": "a3c11bc8-8fe5-4b8d-886f-0fb73c025307",
              "parentUUID": "0fbc6261-3c7e-4ff6-b569-a6c5844bf36e",
              "isHook": false,
              "skipped": false
            },
            {
              "title": "should not validate non-object",
              "fullTitle": "blockSchema should not validate non-object",
              "timedOut": false,
              "duration": 7,
              "state": "passed",
              "speed": "fast",
              "pass": true,
              "fail": false,
              "pending": false,
              "context": null,
              "code": "const error = {\n    instancePath: \"\",\n    message: \"block should be an object\",\n};\nisInvalidBlock(null, error);\nisInvalidBlock(undefined, error);\nisInvalidBlock(10, error);\nisInvalidBlock([12, 24], error);\nisInvalidBlock(\"abc\", error);",
              "err": {},
              "uuid": "b24eea8c-8da6-44a0-90f8-bad91937896d",
              "parentUUID": "0fbc6261-3c7e-4ff6-b569-a6c5844bf36e",
              "isHook": false,
              "skipped": false
            },
            {
              "title": "should not validate block with invalid properties",
              "fullTitle": "blockSchema should not validate block with invalid properties",
              "timedOut": false,
              "duration": 1,
              "state": "passed",
              "speed": "fast",
              "pass": true,
              "fail": false,
              "pending": false,
              "context": null,
              "code": "isInvalidBlock({\n        name: { foo: \"bar\" },\n        ay: -1000,\n        assign: {},\n        match: 1,\n        satisfy: 2,\n        url: { abc: \"def\" },\n        info: 42,\n        isSelectable: 32,\n    }, { instancePath: \"/name\", message: \"property 'name' should be a string\" }, {\n        instancePath: \"/ay\",\n        message: \"property 'ay' should be a positive integer\",\n    }, {\n        instancePath: \"/assign\",\n        message: \"property 'assign' should be either a block ID or an array of block IDs\",\n    }, {\n        instancePath: \"/match\",\n        message: \"property 'match' should be either a match rule or an array of match rules\",\n    }, {\n        instancePath: \"/satisfy\",\n        message: \"property 'satisfy' should be either a satisfy rule or an array of satisfy rules\",\n    }, { instancePath: \"/url\", message: \"property 'url' should be a string\" }, { instancePath: \"/info\", message: \"property 'info' should be a string\" }, {\n        instancePath: \"/isSelectable\",\n        message: \"property 'isSelectable' should be a boolean\",\n    })",
              "err": {},
              "uuid": "1517f1b3-6e21-4543-aa9d-f264b91e2a43",
              "parentUUID": "0fbc6261-3c7e-4ff6-b569-a6c5844bf36e",
              "isHook": false,
              "skipped": false
            }
          ],
          "suites": [],
          "passes": [
            "a3c11bc8-8fe5-4b8d-886f-0fb73c025307",
            "b24eea8c-8da6-44a0-90f8-bad91937896d",
            "1517f1b3-6e21-4543-aa9d-f264b91e2a43"
          ],
          "failures": [],
          "pending": [],
          "skipped": [],
          "duration": 295,
          "root": false,
          "rootEmpty": false,
          "_timeout": 2000
        },
        {
          "uuid": "f06bea50-8eec-441d-84c6-c1a3b4fdd72d",
          "title": "patternToRE",
          "fullFile": "/home/runner/work/planwithus-lib/planwithus-lib/src/matchRule/pattern/satisfiers.test.ts",
          "file": "/src/matchRule/pattern/satisfiers.test.ts",
          "beforeHooks": [],
          "afterHooks": [],
          "tests": [
            {
              "title": "should match valid modules with a single pattern",
              "fullTitle": "patternToRE should match valid modules with a single pattern",
              "timedOut": false,
              "duration": 20,
              "state": "passed",
              "speed": "fast",
              "pass": true,
              "fail": false,
              "pending": false,
              "context": "[\n  {\n    \"title\": \"patternExampleList sample 0\",\n    \"value\": [\n      \"NGQ5\",\n      [\n        \"NGQ5\"\n      ]\n    ]\n  },\n  {\n    \"title\": \"patternExampleList sample 1\",\n    \"value\": [\n      \"FUD0K\",\n      [\n        \"FUD0K\"\n      ]\n    ]\n  },\n  {\n    \"title\": \"patternExampleList sample 2\",\n    \"value\": [\n      \"XG66\",\n      [\n        \"XG66\"\n      ]\n    ]\n  },\n  {\n    \"title\": \"patternExampleList sample 3\",\n    \"value\": [\n      \"HW032T\",\n      [\n        \"HW032T\"\n      ]\n    ]\n  },\n  {\n    \"title\": \"patternExampleList sample 4\",\n    \"value\": [\n      \"QT4\",\n      [\n        \"QT4\"\n      ]\n    ]\n  },\n  {\n    \"title\": \"patternExampleList sample 5\",\n    \"value\": [\n      \"GRR70\",\n      [\n        \"GRR70\"\n      ]\n    ]\n  },\n  {\n    \"title\": \"patternExampleList sample 6\",\n    \"value\": [\n      \"JCP9\",\n      [\n        \"JCP9\"\n      ]\n    ]\n  },\n  {\n    \"title\": \"patternExampleList sample 7\",\n    \"value\": [\n      \"XE74\",\n      [\n        \"XE74\"\n      ]\n    ]\n  },\n  {\n    \"title\": \"patternExampleList sample 8\",\n    \"value\": [\n      \"TO*559\",\n      [\n        \"TOQ2Z9KA559\",\n        \"TO559\"\n      ]\n    ]\n  },\n  {\n    \"title\": \"patternExampleList sample 9\",\n    \"value\": [\n      \"YRM8\",\n      [\n        \"YRM8\"\n      ]\n    ]\n  }\n]",
              "code": "fast_check_1.sample(index_test_1.patternExampleList, 10).forEach((sample, i) => addContext_1.default(this, {\n    title: `patternExampleList sample ${i}`,\n    value: sample,\n}));\nreturn fast_check_1.assert(fast_check_1.property(index_test_1.patternExampleList, ([patternStr, examples]) => {\n    const re = _1.patternToRE(patternStr);\n    return examples.every(re.test.bind(re));\n}));",
              "err": {},
              "uuid": "c6c98b67-64f0-4c8a-ba5b-75c211e0add9",
              "parentUUID": "f06bea50-8eec-441d-84c6-c1a3b4fdd72d",
              "isHook": false,
              "skipped": false
            },
            {
              "title": "should match valid modules with multiple patterns",
              "fullTitle": "patternToRE should match valid modules with multiple patterns",
              "timedOut": false,
              "duration": 95,
              "state": "passed",
              "speed": "slow",
              "pass": true,
              "fail": false,
              "pending": false,
              "context": "[\n  {\n    \"title\": \"patternExampleListArray sample 0\",\n    \"value\": [\n      [\n        \"JV5*\",\n        [\n          \"JV5CSEHRQ\",\n          \"JV59\",\n          \"JV57Z\",\n          \"JV5SX8UMU1\",\n          \"JV58X7\",\n          \"JV5H\"\n        ]\n      ],\n      [\n        \"GTx3C\",\n        [\n          \"GT13C\",\n          \"GT83C\",\n          \"GT73C\",\n          \"GT23C\",\n          \"GT43C\",\n          \"GT03C\",\n          \"GT53C\",\n          \"GT33C\",\n          \"GT63C\"\n        ]\n      ],\n      [\n        \"FNQ0\",\n        [\n          \"FNQ0\"\n        ]\n      ],\n      [\n        \"OG127W\",\n        [\n          \"OG127W\"\n        ]\n      ]\n    ]\n  },\n  {\n    \"title\": \"patternExampleListArray sample 1\",\n    \"value\": [\n      [\n        \"BFS7*D\",\n        [\n          \"BFS7TFDD\",\n          \"BFS7UTZF8K8D\",\n          \"BFS7D\"\n        ]\n      ],\n      [\n        \"VRO776x\",\n        [\n          \"VRO7765\",\n          \"VRO7761\",\n          \"VRO7762\",\n          \"VRO7764\"\n        ]\n      ],\n      [\n        \"HZY037\",\n        [\n          \"HZY037\"\n        ]\n      ],\n      [\n        \"RAG5O\",\n        [\n          \"RAG5O\"\n        ]\n      ],\n      [\n        \"YA4Z\",\n        [\n          \"YA4Z\"\n        ]\n      ],\n      [\n        \"YEW58*5\",\n        [\n          \"YEW58KIRJ75\"\n        ]\n      ]\n    ]\n  },\n  {\n    \"title\": \"patternExampleListArray sample 2\",\n    \"value\": [\n      [\n        \"UQ71Z\",\n        [\n          \"UQ71Z\"\n        ]\n      ],\n      [\n        \"PBC9\",\n        [\n          \"PBC9\"\n        ]\n      ],\n      [\n        \"DDO2*\",\n        [\n          \"DDO2NZ\",\n          \"DDO2\",\n          \"DDO2M29Y6PT\"\n        ]\n      ],\n      [\n        \"QG70Y\",\n        [\n          \"QG70Y\"\n        ]\n      ],\n      [\n        \"JF5144\",\n        [\n          \"JF5144\"\n        ]\n      ],\n      [\n        \"YR86N\",\n        [\n          \"YR86N\"\n        ]\n      ],\n      [\n        \"MA7xL\",\n        [\n          \"MA75L\",\n          \"MA76L\",\n          \"MA78L\"\n        ]\n      ],\n      [\n        \"ZRE93\",\n        [\n          \"ZRE93\"\n        ]\n      ],\n      [\n        \"JCGx7\",\n        [\n          \"JCG27\",\n          \"JCG47\",\n          \"JCG17\",\n          \"JCG87\",\n          \"JCG07\"\n        ]\n      ],\n      [\n        \"WMSx8\",\n        [\n          \"WMS38\"\n        ]\n      ]\n    ]\n  },\n  {\n    \"title\": \"patternExampleListArray sample 3\",\n    \"value\": [\n      [\n        \"RWN2M\",\n        [\n          \"RWN2M\"\n        ]\n      ],\n      [\n        \"EW0\",\n        [\n          \"EW0\"\n        ]\n      ],\n      [\n        \"VYO01\",\n        [\n          \"VYO01\"\n        ]\n      ],\n      [\n        \"IER*\",\n        [\n          \"IER01GULOB\",\n          \"IERI1CIYB4M\",\n          \"IERJ\",\n          \"IERL\",\n          \"IERFAN6\",\n          \"IER6\",\n          \"IERFCA145\",\n          \"IERDQQ\"\n        ]\n      ]\n    ]\n  },\n  {\n    \"title\": \"patternExampleListArray sample 4\",\n    \"value\": [\n      [\n        \"FAY2\",\n        [\n          \"FAY2\"\n        ]\n      ],\n      [\n        \"OI33\",\n        [\n          \"OI33\"\n        ]\n      ],\n      [\n        \"XG7\",\n        [\n          \"XG7\"\n        ]\n      ],\n      [\n        \"NOxU\",\n        [\n          \"NO1U\",\n          \"NO2U\",\n          \"NO8U\"\n        ]\n      ]\n    ]\n  },\n  {\n    \"title\": \"patternExampleListArray sample 5\",\n    \"value\": [\n      [\n        \"QL611\",\n        [\n          \"QL611\"\n        ]\n      ],\n      [\n        \"SE814I\",\n        [\n          \"SE814I\"\n        ]\n      ]\n    ]\n  },\n  {\n    \"title\": \"patternExampleListArray sample 6\",\n    \"value\": [\n      [\n        \"VB65x5\",\n        [\n          \"VB6545\",\n          \"VB6585\",\n          \"VB6535\",\n          \"VB6575\",\n          \"VB6595\"\n        ]\n      ],\n      [\n        \"IQ*x\",\n        [\n          \"IQ45ZF6\",\n          \"IQMLDOP21\",\n          \"IQO1P924\",\n          \"IQ6SO0A2\",\n          \"IQ5CYU3\",\n          \"IQ2C68VA5\",\n          \"IQTKJH7L7B9\",\n          \"IQ3F76T6\",\n          \"IQ4\",\n          \"IQ9ZZI5\",\n          \"IQL9SZ47\"\n        ]\n      ]\n    ]\n  },\n  {\n    \"title\": \"patternExampleListArray sample 7\",\n    \"value\": [\n      [\n        \"IY907\",\n        [\n          \"IY907\"\n        ]\n      ],\n      [\n        \"AN53\",\n        [\n          \"AN53\"\n        ]\n      ]\n    ]\n  },\n  {\n    \"title\": \"patternExampleListArray sample 8\",\n    \"value\": [\n      [\n        \"OTG*38\",\n        [\n          \"OTGIJXK2QMV38\",\n          \"OTG52T76V38\",\n          \"OTGZVZXV438\"\n        ]\n      ],\n      [\n        \"WYL*3\",\n        [\n          \"WYL2G05AM3\",\n          \"WYL6V5P1F3\",\n          \"WYLQJ543\",\n          \"WYL0209B3\",\n          \"WYLPPW3\",\n          \"WYL4O15U5MG3\",\n          \"WYLSTX5J3\",\n          \"WYLJXL43\",\n          \"WYLNJ3\"\n        ]\n      ],\n      [\n        \"XHQ1\",\n        [\n          \"XHQ1\"\n        ]\n      ]\n    ]\n  },\n  {\n    \"title\": \"patternExampleListArray sample 9\",\n    \"value\": [\n      [\n        \"SY01C\",\n        [\n          \"SY01C\"\n        ]\n      ],\n      [\n        \"DNMx0V\",\n        [\n          \"DNM10V\",\n          \"DNM50V\",\n          \"DNM80V\",\n          \"DNM00V\",\n          \"DNM40V\",\n          \"DNM90V\",\n          \"DNM60V\",\n          \"DNM30V\"\n        ]\n      ],\n      [\n        \"WCx95x\",\n        [\n          \"WC0958\"\n        ]\n      ],\n      [\n        \"EHD492O\",\n        [\n          \"EHD492O\"\n        ]\n      ],\n      [\n        \"WR8Y\",\n        [\n          \"WR8Y\"\n        ]\n      ],\n      [\n        \"YMN5I\",\n        [\n          \"YMN5I\"\n        ]\n      ],\n      [\n        \"VF177Z\",\n        [\n          \"VF177Z\"\n        ]\n      ],\n      [\n        \"RM015\",\n        [\n          \"RM015\"\n        ]\n      ],\n      [\n        \"DBM39D\",\n        [\n          \"DBM39D\"\n        ]\n      ],\n      [\n        \"KOM17D\",\n        [\n          \"KOM17D\"\n        ]\n      ],\n      [\n        \"MY310\",\n        [\n          \"MY310\"\n        ]\n      ],\n      [\n        \"ITP349x\",\n        [\n          \"ITP3491\"\n        ]\n      ]\n    ]\n  }\n]",
              "code": "const patternExampleListArray = fast_check_1.array(index_test_1.patternExampleList, { minLength: 1 });\nfast_check_1.sample(patternExampleListArray, 10).forEach((sample, i) => addContext_1.default(this, {\n    title: `patternExampleListArray sample ${i}`,\n    value: sample,\n}));\nreturn fast_check_1.assert(fast_check_1.property(patternExampleListArray, (ts) => {\n    const re = _1.patternToRE(...ts.map(([patternStr]) => patternStr));\n    return ts\n        .map(([, examples]) => examples)\n        .flat()\n        .every(re.test.bind(re));\n}));",
              "err": {},
              "uuid": "aab98cb5-4847-4010-97c3-515c484f50a5",
              "parentUUID": "f06bea50-8eec-441d-84c6-c1a3b4fdd72d",
              "isHook": false,
              "skipped": false
            },
            {
              "title": "should not match x to non-number",
              "fullTitle": "patternToRE should not match x to non-number",
              "timedOut": false,
              "duration": 1,
              "state": "passed",
              "speed": "fast",
              "pass": true,
              "fail": false,
              "pending": false,
              "context": null,
              "code": "const re = _1.patternToRE(\"x\");\n[\"A\", \"Z\", \"c\", \"#\"].forEach((example) => isInvalidExample(re, example));",
              "err": {},
              "uuid": "8083f55e-97e3-42f4-9936-5ee3ed38ecc5",
              "parentUUID": "f06bea50-8eec-441d-84c6-c1a3b4fdd72d",
              "isHook": false,
              "skipped": false
            },
            {
              "title": "should not match * to a substring composed of characters other than A-Z and 0-9",
              "fullTitle": "patternToRE should not match * to a substring composed of characters other than A-Z and 0-9",
              "timedOut": false,
              "duration": 0,
              "state": "passed",
              "speed": "fast",
              "pass": true,
              "fail": false,
              "pending": false,
              "context": null,
              "code": "const re = _1.patternToRE(\"*\");\n[\"c\", \"Ac\", \"cA\", \"0Ax\", \"x0A\", \"BA#\", \"#AB\"].forEach((example) => isInvalidExample(re, example));",
              "err": {},
              "uuid": "8b99eb1c-0d62-4ac9-afbb-b5391b862bef",
              "parentUUID": "f06bea50-8eec-441d-84c6-c1a3b4fdd72d",
              "isHook": false,
              "skipped": false
            },
            {
              "title": "should not match substrings",
              "fullTitle": "patternToRE should not match substrings",
              "timedOut": false,
              "duration": 0,
              "state": "passed",
              "speed": "fast",
              "pass": true,
              "fail": false,
              "pending": false,
              "context": null,
              "code": "const re = _1.patternToRE(\"A*xC\");\n[\"A1CZ\", \"AC1CZ\", \"ZA1C\", \"ZAC1C\", \"ZA1CZ\", \"ZAC1CZ\"].forEach((example) => isInvalidExample(re, example));",
              "err": {},
              "uuid": "bf4717f9-9e87-4555-bc31-4a935a03b1c5",
              "parentUUID": "f06bea50-8eec-441d-84c6-c1a3b4fdd72d",
              "isHook": false,
              "skipped": false
            }
          ],
          "suites": [],
          "passes": [
            "c6c98b67-64f0-4c8a-ba5b-75c211e0add9",
            "aab98cb5-4847-4010-97c3-515c484f50a5",
            "8083f55e-97e3-42f4-9936-5ee3ed38ecc5",
            "8b99eb1c-0d62-4ac9-afbb-b5391b862bef",
            "bf4717f9-9e87-4555-bc31-4a935a03b1c5"
          ],
          "failures": [],
          "pending": [],
          "skipped": [],
          "duration": 116,
          "root": false,
          "rootEmpty": false,
          "_timeout": 2000
        },
        {
          "uuid": "7693177a-08d9-4a49-b578-b26a7b553976",
          "title": "patternSatisfier",
          "fullFile": "/home/runner/work/planwithus-lib/planwithus-lib/src/matchRule/pattern/satisfiers.test.ts",
          "file": "/src/matchRule/pattern/satisfiers.test.ts",
          "beforeHooks": [],
          "afterHooks": [],
          "tests": [
            {
              "title": "should assign all modules with *",
              "fullTitle": "patternSatisfier should assign all modules with *",
              "timedOut": false,
              "duration": 1,
              "state": "passed",
              "speed": "fast",
              "pass": true,
              "fail": false,
              "pending": false,
              "context": null,
              "code": "const { assign } = satisfiers_1.patternSatisfier(ref, \"*\");\nisCorrectAssign(assign, modulesList1, modulesList1.map(([moduleStr]) => moduleStr));",
              "err": {},
              "uuid": "8cda8118-c466-42e2-a9b1-8d6c417a05ba",
              "parentUUID": "7693177a-08d9-4a49-b578-b26a7b553976",
              "isHook": false,
              "skipped": false
            },
            {
              "title": "should assign only valid modules with pattern containing *",
              "fullTitle": "patternSatisfier should assign only valid modules with pattern containing *",
              "timedOut": false,
              "duration": 1,
              "state": "passed",
              "speed": "fast",
              "pass": true,
              "fail": false,
              "pending": false,
              "context": null,
              "code": "const { assign } = satisfiers_1.patternSatisfier(ref, \"CS2*\");\nisCorrectAssign(assign, modulesList1, [\"CS2100\", \"CS2040S\", \"CS2030\"]);",
              "err": {},
              "uuid": "51329112-084f-4a17-9110-6a9ced036c18",
              "parentUUID": "7693177a-08d9-4a49-b578-b26a7b553976",
              "isHook": false,
              "skipped": false
            },
            {
              "title": "should assign only valid modules with pattern containing x",
              "fullTitle": "patternSatisfier should assign only valid modules with pattern containing x",
              "timedOut": false,
              "duration": 0,
              "state": "passed",
              "speed": "fast",
              "pass": true,
              "fail": false,
              "pending": false,
              "context": null,
              "code": "const { assign } = satisfiers_1.patternSatisfier(ref, \"CS20xx\");\nisCorrectAssign(assign, modulesList1, [\"CS2030\"]);",
              "err": {},
              "uuid": "15805d00-4672-4089-b3ef-12fe4ddfe37f",
              "parentUUID": "7693177a-08d9-4a49-b578-b26a7b553976",
              "isHook": false,
              "skipped": false
            },
            {
              "title": "should assign only valid modules with pattern containing x and *",
              "fullTitle": "patternSatisfier should assign only valid modules with pattern containing x and *",
              "timedOut": false,
              "duration": 1,
              "state": "passed",
              "speed": "fast",
              "pass": true,
              "fail": false,
              "pending": false,
              "context": null,
              "code": "const { assign } = satisfiers_1.patternSatisfier(ref, \"CS20xx*\");\nisCorrectAssign(assign, modulesList1, [\"CS2040S\", \"CS2030\"]);",
              "err": {},
              "uuid": "a1fbd680-900f-4eea-84fb-f1306171a247",
              "parentUUID": "7693177a-08d9-4a49-b578-b26a7b553976",
              "isHook": false,
              "skipped": false
            }
          ],
          "suites": [],
          "passes": [
            "8cda8118-c466-42e2-a9b1-8d6c417a05ba",
            "51329112-084f-4a17-9110-6a9ced036c18",
            "15805d00-4672-4089-b3ef-12fe4ddfe37f",
            "a1fbd680-900f-4eea-84fb-f1306171a247"
          ],
          "failures": [],
          "pending": [],
          "skipped": [],
          "duration": 3,
          "root": false,
          "rootEmpty": false,
          "_timeout": 2000
        },
        {
          "uuid": "b60d8b63-9253-4f24-a96d-a4845aa3a535",
          "title": "patternSchema",
          "fullFile": "/home/runner/work/planwithus-lib/planwithus-lib/src/matchRule/pattern/schemas.test.ts",
          "file": "/src/matchRule/pattern/schemas.test.ts",
          "beforeHooks": [],
          "afterHooks": [],
          "tests": [
            {
              "title": "should validate non-empty pattern composed of A-Z, 0-9, x or *",
              "fullTitle": "patternSchema should validate non-empty pattern composed of A-Z, 0-9, x or *",
              "timedOut": false,
              "duration": 2,
              "state": "passed",
              "speed": "fast",
              "pass": true,
              "fail": false,
              "pending": false,
              "context": "[\n  {\n    \"title\": \"pattern sample 0\",\n    \"value\": \"EAS2\"\n  },\n  {\n    \"title\": \"pattern sample 1\",\n    \"value\": \"BNGx1\"\n  },\n  {\n    \"title\": \"pattern sample 2\",\n    \"value\": \"ZE*M\"\n  },\n  {\n    \"title\": \"pattern sample 3\",\n    \"value\": \"QK6\"\n  },\n  {\n    \"title\": \"pattern sample 4\",\n    \"value\": \"AH3x1\"\n  },\n  {\n    \"title\": \"pattern sample 5\",\n    \"value\": \"FSS698*K\"\n  },\n  {\n    \"title\": \"pattern sample 6\",\n    \"value\": \"MD03P\"\n  },\n  {\n    \"title\": \"pattern sample 7\",\n    \"value\": \"XSE960N\"\n  },\n  {\n    \"title\": \"pattern sample 8\",\n    \"value\": \"IS184\"\n  },\n  {\n    \"title\": \"pattern sample 9\",\n    \"value\": \"RTx7\"\n  }\n]",
              "code": "fast_check_1.sample(index_test_2.pattern, 10).forEach((sample, i) => addContext_1.default(this, {\n    title: `pattern sample ${i}`,\n    value: sample,\n}));\nreturn fast_check_1.assert(fast_check_1.property(index_test_2.pattern, ajvValidate), {\n    examples: [[\"*\"], [\"ACC1002\"], [\"IS1103\"], [\"CS1231S\"], [\"MA1102R\"]],\n});",
              "err": {},
              "uuid": "2673f8be-bcc8-4b7b-b7b8-52b0dcc95180",
              "parentUUID": "b60d8b63-9253-4f24-a96d-a4845aa3a535",
              "isHook": false,
              "skipped": false
            },
            {
              "title": "should not validate empty pattern",
              "fullTitle": "patternSchema should not validate empty pattern",
              "timedOut": false,
              "duration": 0,
              "state": "passed",
              "speed": "fast",
              "pass": true,
              "fail": false,
              "pending": false,
              "context": null,
              "code": "isInvalidPattern(\"\")",
              "err": {},
              "uuid": "83a53d56-9ba0-4ce5-bba0-34dd82e694df",
              "parentUUID": "b60d8b63-9253-4f24-a96d-a4845aa3a535",
              "isHook": false,
              "skipped": false
            },
            {
              "title": "should not validate pattern with invalid characters",
              "fullTitle": "patternSchema should not validate pattern with invalid characters",
              "timedOut": false,
              "duration": 1,
              "state": "passed",
              "speed": "fast",
              "pass": true,
              "fail": false,
              "pending": false,
              "context": null,
              "code": "[\"AB123a\", \"Ac123a\", \"AB123^S\", \"AB1*3^S\", \"$A1*3^S\", \"/A1x33S\"].forEach(isInvalidPattern)",
              "err": {},
              "uuid": "38a92d90-8d1a-4b25-a9ba-1152473d22c3",
              "parentUUID": "b60d8b63-9253-4f24-a96d-a4845aa3a535",
              "isHook": false,
              "skipped": false
            }
          ],
          "suites": [],
          "passes": [
            "2673f8be-bcc8-4b7b-b7b8-52b0dcc95180",
            "83a53d56-9ba0-4ce5-bba0-34dd82e694df",
            "38a92d90-8d1a-4b25-a9ba-1152473d22c3"
          ],
          "failures": [],
          "pending": [],
          "skipped": [],
          "duration": 3,
          "root": false,
          "rootEmpty": false,
          "_timeout": 2000
        },
        {
          "uuid": "fbdb0ceb-bf7f-4f93-8a19-b20d73f8d78c",
          "title": "patternMatchRuleSatisfier",
          "fullFile": "/home/runner/work/planwithus-lib/planwithus-lib/src/matchRule/satisfiers.test.ts",
          "file": "/src/matchRule/satisfiers.test.ts",
          "beforeHooks": [],
          "afterHooks": [],
          "tests": [
            {
              "title": "should assign only valid modules with pattern match rule containing no exclude patterns",
              "fullTitle": "patternMatchRuleSatisfier should assign only valid modules with pattern match rule containing no exclude patterns",
              "timedOut": false,
              "duration": 1,
              "state": "passed",
              "speed": "fast",
              "pass": true,
              "fail": false,
              "pending": false,
              "context": null,
              "code": "const { assign } = satisfiers_1.patternMatchRuleSatisfier(ref, { pattern: \"CS1xxx*\" });\nisCorrectAssign(assign, modulesList1, [\"CS1231\", \"CS1231S\"]);",
              "err": {},
              "uuid": "d6420cdc-d835-4d31-9852-fcfcf827b81d",
              "parentUUID": "fbdb0ceb-bf7f-4f93-8a19-b20d73f8d78c",
              "isHook": false,
              "skipped": false
            },
            {
              "title": "should assign only valid modules with pattern match rule containing an exclude pattern",
              "fullTitle": "patternMatchRuleSatisfier should assign only valid modules with pattern match rule containing an exclude pattern",
              "timedOut": false,
              "duration": 0,
              "state": "passed",
              "speed": "fast",
              "pass": true,
              "fail": false,
              "pending": false,
              "context": null,
              "code": "const { assign } = satisfiers_1.patternMatchRuleSatisfier(ref, {\n    pattern: \"MA1xxx*\",\n    exclude: \"MA15xx\",\n});\nisCorrectAssign(assign, modulesList1, [\n    \"MA1100\",\n    \"MA1101R\",\n    \"MA1102R\",\n    \"MA1511A\",\n]);",
              "err": {},
              "uuid": "ffecf03d-b2df-42f9-aefe-e035793e126e",
              "parentUUID": "fbdb0ceb-bf7f-4f93-8a19-b20d73f8d78c",
              "isHook": false,
              "skipped": false
            },
            {
              "title": "should assign only valid modules with pattern match rule containing multiple exclude patterns",
              "fullTitle": "patternMatchRuleSatisfier should assign only valid modules with pattern match rule containing multiple exclude patterns",
              "timedOut": false,
              "duration": 1,
              "state": "passed",
              "speed": "fast",
              "pass": true,
              "fail": false,
              "pending": false,
              "context": null,
              "code": "const { assign } = satisfiers_1.patternMatchRuleSatisfier(ref, {\n    pattern: \"MA*\",\n    exclude: [\"MA151x*\", \"MA2xxx\"],\n});\nisCorrectAssign(assign, modulesList1, [\n    \"MA1100\",\n    \"MA1101R\",\n    \"MA1102R\",\n    \"MA1507\",\n    \"MA1521\",\n    \"MA2101S\",\n]);",
              "err": {},
              "uuid": "c4d9411e-2164-4540-8d1e-208ad8d2c028",
              "parentUUID": "fbdb0ceb-bf7f-4f93-8a19-b20d73f8d78c",
              "isHook": false,
              "skipped": false
            }
          ],
          "suites": [],
          "passes": [
            "d6420cdc-d835-4d31-9852-fcfcf827b81d",
            "ffecf03d-b2df-42f9-aefe-e035793e126e",
            "c4d9411e-2164-4540-8d1e-208ad8d2c028"
          ],
          "failures": [],
          "pending": [],
          "skipped": [],
          "duration": 2,
          "root": false,
          "rootEmpty": false,
          "_timeout": 2000
        },
        {
          "uuid": "2adc9064-3f06-40c1-ab3f-731193e21b95",
          "title": "matchRuleSchema",
          "fullFile": "/home/runner/work/planwithus-lib/planwithus-lib/src/matchRule/schemas.test.ts",
          "file": "/src/matchRule/schemas.test.ts",
          "beforeHooks": [],
          "afterHooks": [],
          "tests": [
            {
              "title": "should validate match rule with valid pattern",
              "fullTitle": "matchRuleSchema should validate match rule with valid pattern",
              "timedOut": false,
              "duration": 2,
              "state": "passed",
              "speed": "fast",
              "pass": true,
              "fail": false,
              "pending": false,
              "context": "[\n  {\n    \"title\": \"pattern sample 0\",\n    \"value\": \"LIQ914\"\n  },\n  {\n    \"title\": \"pattern sample 1\",\n    \"value\": \"BOC8\"\n  },\n  {\n    \"title\": \"pattern sample 2\",\n    \"value\": \"EM6\"\n  },\n  {\n    \"title\": \"pattern sample 3\",\n    \"value\": \"ARW6*3\"\n  },\n  {\n    \"title\": \"pattern sample 4\",\n    \"value\": \"IYK2*\"\n  },\n  {\n    \"title\": \"pattern sample 5\",\n    \"value\": \"SN2687\"\n  },\n  {\n    \"title\": \"pattern sample 6\",\n    \"value\": \"QJ90\"\n  },\n  {\n    \"title\": \"pattern sample 7\",\n    \"value\": \"VF88U\"\n  },\n  {\n    \"title\": \"pattern sample 8\",\n    \"value\": \"SX2\"\n  },\n  {\n    \"title\": \"pattern sample 9\",\n    \"value\": \"YIG0525\"\n  }\n]",
              "code": "fast_check_1.sample(index_test_3.pattern, 10).forEach((sample, i) => addContext_1.default(this, {\n    title: `pattern sample ${i}`,\n    value: sample,\n}));\nreturn fast_check_1.assert(fast_check_1.property(index_test_3.pattern, ajvValidate));",
              "err": {},
              "uuid": "3bff6895-752e-4e89-8c01-6fdcfa700457",
              "parentUUID": "2adc9064-3f06-40c1-ab3f-731193e21b95",
              "isHook": false,
              "skipped": false
            },
            {
              "title": "should validate match rules with valid pattern, exclude and info",
              "fullTitle": "matchRuleSchema should validate match rules with valid pattern, exclude and info",
              "timedOut": false,
              "duration": 3,
              "state": "passed",
              "speed": "fast",
              "pass": true,
              "fail": false,
              "pending": false,
              "context": "[\n  {\n    \"title\": \"patternMatchRule sample 0\",\n    \"value\": {\n      \"pattern\": \"ZN2L\",\n      \"exclude\": [\n        \"TQD8*x3\"\n      ],\n      \"info\": \"4EZ5t'\"\n    }\n  },\n  {\n    \"title\": \"patternMatchRule sample 1\",\n    \"value\": {\n      \"pattern\": \"OE5472X\",\n      \"exclude\": \"MP3\",\n      \"info\": \"u#@[&&\"\n    }\n  },\n  {\n    \"title\": \"patternMatchRule sample 2\",\n    \"value\": {\n      \"pattern\": \"LT9*7N\",\n      \"info\": \"}^DvK\"\n    }\n  },\n  {\n    \"title\": \"patternMatchRule sample 3\",\n    \"value\": {\n      \"pattern\": \"IU4\",\n      \"exclude\": [\n        \"LJ070xE\"\n      ]\n    }\n  },\n  {\n    \"title\": \"patternMatchRule sample 4\",\n    \"value\": {\n      \"pattern\": \"UN9\",\n      \"exclude\": [\n        \"QS1\",\n        \"ZHI3*\"\n      ],\n      \"info\": \"IF:A^{4bg\"\n    }\n  },\n  {\n    \"title\": \"patternMatchRule sample 5\",\n    \"value\": {\n      \"pattern\": \"QJ66T\",\n      \"exclude\": [\n        \"NKY0x\"\n      ],\n      \"info\": \"$;$)^L:#<$\"\n    }\n  },\n  {\n    \"title\": \"patternMatchRule sample 6\",\n    \"value\": {\n      \"pattern\": \"LKX8909\",\n      \"exclude\": [\n        \"IWV296\",\n        \"YJI59A\",\n        \"AU8\",\n        \"AZ558O\"\n      ],\n      \"info\": \"$`pjB2\"\n    }\n  },\n  {\n    \"title\": \"patternMatchRule sample 7\",\n    \"value\": {\n      \"pattern\": \"MJH38\",\n      \"exclude\": \"LKxP\",\n      \"info\": \"hPUFg-\"\n    }\n  },\n  {\n    \"title\": \"patternMatchRule sample 8\",\n    \"value\": {\n      \"pattern\": \"FGG9245\",\n      \"exclude\": [\n        \"QOH610\",\n        \"EQB2\",\n        \"UI4\"\n      ],\n      \"info\": \"z\"\n    }\n  },\n  {\n    \"title\": \"patternMatchRule sample 9\",\n    \"value\": {\n      \"pattern\": \"OE15\",\n      \"exclude\": [\n        \"ZQY74\",\n        \"RZB3335\",\n        \"WL6H\"\n      ],\n      \"info\": \"&k;.QEG*\"\n    }\n  }\n]",
              "code": "fast_check_1.sample(index_test_2.patternMatchRule, 10).forEach((sample, i) => addContext_1.default(this, {\n    title: `patternMatchRule sample ${i}`,\n    value: sample,\n}));\nreturn fast_check_1.assert(fast_check_1.property(index_test_2.patternMatchRule, ajvValidate));",
              "err": {},
              "uuid": "39784734-6bd8-424c-a677-ce35b87cb0be",
              "parentUUID": "2adc9064-3f06-40c1-ab3f-731193e21b95",
              "isHook": false,
              "skipped": false
            },
            {
              "title": "should validate valid recursive match rules",
              "fullTitle": "matchRuleSchema should validate valid recursive match rules",
              "timedOut": false,
              "duration": 7,
              "state": "passed",
              "speed": "fast",
              "pass": true,
              "fail": false,
              "pending": false,
[...]
              "state": "passed",
              "speed": "fast",
              "pass": true,
              "fail": false,
              "pending": false,
              "context": null,
              "code": "const satisfier = satisfiers_1.inequalitySatisfier(ref, \"<=28\");\nsatisfier.should.have.property(\"filter\");\nconst { filter } = satisfier;\nisCorrectFilter(filter, modulesList1, modulesList1.map(([moduleStr]) => moduleStr));",
              "err": {},
              "uuid": "0ac62af1-487c-4a72-b219-fdb2075d8f2e",
              "parentUUID": "17343a12-ef2d-42cf-82cf-6e499c56d2de",
              "isHook": false,
              "skipped": false
            },
            {
              "title": "should preserve list of modules with upper bound of MCs if total MC count is lower",
              "fullTitle": "inequalitySatisfier should preserve list of modules with upper bound of MCs if total MC count is lower",
              "timedOut": false,
              "duration": 0,
              "state": "passed",
              "speed": "fast",
              "pass": true,
              "fail": false,
              "pending": false,
              "context": null,
              "code": "const satisfier = satisfiers_1.inequalitySatisfier(ref, \"<=32\");\nsatisfier.should.have.property(\"filter\");\nconst { filter } = satisfier;\nisCorrectFilter(filter, modulesList1, modulesList1.map(([moduleStr]) => moduleStr));",
              "err": {},
              "uuid": "5091a6a7-fcd7-419f-954b-a82f40112eae",
              "parentUUID": "17343a12-ef2d-42cf-82cf-6e499c56d2de",
              "isHook": false,
              "skipped": false
            },
            {
              "title": "should truncate list of modules with upper bound of MCs at exact cutoff if total MC count is higher and there exists some starting sequence with exact MC count",
              "fullTitle": "inequalitySatisfier should truncate list of modules with upper bound of MCs at exact cutoff if total MC count is higher and there exists some starting sequence with exact MC count",
              "timedOut": false,
              "duration": 1,
              "state": "passed",
              "speed": "fast",
              "pass": true,
              "fail": false,
              "pending": false,
              "context": null,
              "code": "const satisfier = satisfiers_1.inequalitySatisfier(ref, \"<=16\");\nsatisfier.should.have.property(\"filter\");\nconst { filter } = satisfier;\nisCorrectFilter(filter, modulesList1, [\n    \"CS2100\",\n    \"GER1000\",\n    \"CS2040S\",\n    \"ST2131\",\n]);",
              "err": {},
              "uuid": "f4e22375-74a6-4fa9-bebe-fb7bfd7269ef",
              "parentUUID": "17343a12-ef2d-42cf-82cf-6e499c56d2de",
              "isHook": false,
              "skipped": false
            },
            {
              "title": "should truncate list of modules with upper bound of MCs, cutting off at the minimum starting sequence that exceeds upper bound, if total MC count is higher and there exists no starting sequence with exact MC count",
              "fullTitle": "inequalitySatisfier should truncate list of modules with upper bound of MCs, cutting off at the minimum starting sequence that exceeds upper bound, if total MC count is higher and there exists no starting sequence with exact MC count",
              "timedOut": false,
              "duration": 0,
              "state": "passed",
              "speed": "fast",
              "pass": true,
              "fail": false,
              "pending": false,
              "context": null,
              "code": "const satisfier = satisfiers_1.inequalitySatisfier(ref, \"<=17\");\nsatisfier.should.have.property(\"filter\");\nconst { filter } = satisfier;\nisCorrectFilter(filter, modulesList1, [\n    \"CS2100\",\n    \"GER1000\",\n    \"CS2040S\",\n    \"ST2131\",\n    \"MA1521\",\n]);",
              "err": {},
              "uuid": "c943443d-e631-40bb-a9db-2c64631caef6",
              "parentUUID": "17343a12-ef2d-42cf-82cf-6e499c56d2de",
              "isHook": false,
              "skipped": false
            }
          ],
          "suites": [],
          "passes": [
            "72050f9c-9058-45a3-81b4-090cf428ab0b",
            "57475c9f-a7a4-4351-9bbe-59e37df6bd3e",
            "0f56b7cf-cda3-489f-8d92-321240b3f2eb",
            "0ac62af1-487c-4a72-b219-fdb2075d8f2e",
            "5091a6a7-fcd7-419f-954b-a82f40112eae",
            "f4e22375-74a6-4fa9-bebe-fb7bfd7269ef",
            "c943443d-e631-40bb-a9db-2c64631caef6"
          ],
          "failures": [],
          "pending": [],
          "skipped": [],
          "duration": 2,
          "root": false,
          "rootEmpty": false,
          "_timeout": 2000
        },
        {
          "uuid": "54320bf7-788f-4bfb-8f8e-3575cd3f9294",
          "title": "inequalitySchema",
          "fullFile": "/home/runner/work/planwithus-lib/planwithus-lib/src/satisfyRule/inequality/schemas.test.ts",
          "file": "/src/satisfyRule/inequality/schemas.test.ts",
          "beforeHooks": [],
          "afterHooks": [],
          "tests": [
            {
              "title": "should validate inequality in the form <=n or >=n",
              "fullTitle": "inequalitySchema should validate inequality in the form <=n or >=n",
              "timedOut": false,
              "duration": 2,
              "state": "passed",
              "speed": "fast",
              "pass": true,
              "fail": false,
              "pending": false,
              "context": "[\n  {\n    \"title\": \"inequality sample 0\",\n    \"value\": \">=99\"\n  },\n  {\n    \"title\": \"inequality sample 1\",\n    \"value\": \"<=87\"\n  },\n  {\n    \"title\": \"inequality sample 2\",\n    \"value\": \">=18\"\n  },\n  {\n    \"title\": \"inequality sample 3\",\n    \"value\": \">=8\"\n  },\n  {\n    \"title\": \"inequality sample 4\",\n    \"value\": \"<=168\"\n  },\n  {\n    \"title\": \"inequality sample 5\",\n    \"value\": \"<=4\"\n  },\n  {\n    \"title\": \"inequality sample 6\",\n    \"value\": \">=196\"\n  },\n  {\n    \"title\": \"inequality sample 7\",\n    \"value\": \">=175\"\n  },\n  {\n    \"title\": \"inequality sample 8\",\n    \"value\": \">=48\"\n  },\n  {\n    \"title\": \"inequality sample 9\",\n    \"value\": \"<=79\"\n  }\n]",
              "code": "fast_check_1.sample(index_test_2.inequality, 10).forEach((sample, i) => addContext_1.default(this, {\n    title: `inequality sample ${i}`,\n    value: sample,\n}));\nreturn fast_check_1.assert(fast_check_1.property(index_test_2.inequality, ajvValidate));",
              "err": {},
              "uuid": "e7b85d1b-a2b4-4978-8852-205802439f3f",
              "parentUUID": "54320bf7-788f-4bfb-8f8e-3575cd3f9294",
              "isHook": false,
              "skipped": false
            },
            {
              "title": "should not validate inequality of invalid form",
              "fullTitle": "inequalitySchema should not validate inequality of invalid form",
              "timedOut": false,
              "duration": 2,
              "state": "passed",
              "speed": "fast",
              "pass": true,
              "fail": false,
              "pending": false,
              "context": null,
              "code": "[\n        \"\",\n        \"==23\",\n        \"23\",\n        \"<23\",\n        \">23\",\n        \"<=-1\",\n        \">=-1\",\n        \"<= 2\",\n        \">= 1\",\n        \"> 3\",\n        \"< 3\",\n        \"<=3a\",\n        \">=3a\",\n        \"a<=3\",\n        \"a>=3\",\n    ].forEach(isInvalidInequality)",
              "err": {},
              "uuid": "ca44ff08-76e3-4bcb-8441-cd2956a83eac",
              "parentUUID": "54320bf7-788f-4bfb-8f8e-3575cd3f9294",
              "isHook": false,
              "skipped": false
            }
          ],
          "suites": [],
          "passes": [
            "e7b85d1b-a2b4-4978-8852-205802439f3f",
            "ca44ff08-76e3-4bcb-8441-cd2956a83eac"
          ],
          "failures": [],
          "pending": [],
          "skipped": [],
          "duration": 4,
          "root": false,
          "rootEmpty": false,
          "_timeout": 2000
        },
        {
          "uuid": "03fb99a5-0c3c-42f1-a0d7-cde53f71b7a1",
          "title": "satisfyRuleSchema",
          "fullFile": "/home/runner/work/planwithus-lib/planwithus-lib/src/satisfyRule/schemas.test.ts",
          "file": "/src/satisfyRule/schemas.test.ts",
          "beforeHooks": [],
          "afterHooks": [],
          "tests": [
            {
              "title": "should validate satisfy rule with valid block id",
              "fullTitle": "satisfyRuleSchema should validate satisfy rule with valid block id",
              "timedOut": false,
              "duration": 1,
              "state": "passed",
              "speed": "fast",
              "pass": true,
              "fail": false,
              "pending": false,
              "context": null,
              "code": "fast_check_1.assert(fast_check_1.property(fast_check_1.string(), ajvValidate)",
              "err": {},
              "uuid": "fef39800-c858-4291-9b9b-fb82251048b9",
              "parentUUID": "03fb99a5-0c3c-42f1-a0d7-cde53f71b7a1",
              "isHook": false,
              "skipped": false
            },
            {
              "title": "should validate satisfy rules with valid mc",
              "fullTitle": "satisfyRuleSchema should validate satisfy rules with valid mc",
              "timedOut": false,
              "duration": 1,
              "state": "passed",
              "speed": "fast",
              "pass": true,
              "fail": false,
              "pending": false,
              "context": "[\n  {\n    \"title\": \"mcSatisfyRule sample 0\",\n    \"value\": {\n      \"mc\": \">=19\"\n    }\n  },\n  {\n    \"title\": \"mcSatisfyRule sample 1\",\n    \"value\": {\n      \"mc\": \">=182\"\n    }\n  },\n  {\n    \"title\": \"mcSatisfyRule sample 2\",\n    \"value\": {\n      \"mc\": \"<=178\"\n    }\n  },\n  {\n    \"title\": \"mcSatisfyRule sample 3\",\n    \"value\": {\n      \"mc\": \"<=164\"\n    }\n  },\n  {\n    \"title\": \"mcSatisfyRule sample 4\",\n    \"value\": {\n      \"mc\": \"<=5\"\n    }\n  },\n  {\n    \"title\": \"mcSatisfyRule sample 5\",\n    \"value\": {\n      \"mc\": \">=35\"\n    }\n  },\n  {\n    \"title\": \"mcSatisfyRule sample 6\",\n    \"value\": {\n      \"mc\": \"<=4\"\n    }\n  },\n  {\n    \"title\": \"mcSatisfyRule sample 7\",\n    \"value\": {\n      \"mc\": \">=1\"\n    }\n  },\n  {\n    \"title\": \"mcSatisfyRule sample 8\",\n    \"value\": {\n      \"mc\": \"<=1\"\n    }\n  },\n  {\n    \"title\": \"mcSatisfyRule sample 9\",\n    \"value\": {\n      \"mc\": \">=199\"\n    }\n  }\n]",
              "code": "fast_check_1.sample(index_test_2.mcSatisfyRule, 10).forEach((sample, i) => addContext_1.default(this, {\n    title: `mcSatisfyRule sample ${i}`,\n    value: sample,\n}));\nreturn fast_check_1.assert(fast_check_1.property(index_test_2.mcSatisfyRule, ajvValidate));",
              "err": {},
              "uuid": "98ab0ca1-af0b-4d4e-8555-0e8c58f167ad",
              "parentUUID": "03fb99a5-0c3c-42f1-a0d7-cde53f71b7a1",
              "isHook": false,
              "skipped": false
            },
            {
              "title": "should validate valid recursive satisfy rules",
              "fullTitle": "satisfyRuleSchema should validate valid recursive satisfy rules",
              "timedOut": false,
              "duration": 5,
              "state": "passed",
              "speed": "fast",
              "pass": true,
              "fail": false,
              "pending": false,
              "context": "[\n  {\n    \"title\": \"satisfyRule sample 0\",\n    \"value\": {\n      \"and\": []\n    }\n  },\n  {\n    \"title\": \"satisfyRule sample 1\",\n    \"value\": \"#\"\n  },\n  {\n    \"title\": \"satisfyRule sample 2\",\n    \"value\": \"\"\n  },\n  {\n    \"title\": \"satisfyRule sample 3\",\n    \"value\": \"\"\n  },\n  {\n    \"title\": \"satisfyRule sample 4\",\n    \"value\": {\n      \"and\": []\n    }\n  },\n  {\n    \"title\": \"satisfyRule sample 5\",\n    \"value\": {\n      \"and\": []\n    }\n  },\n  {\n    \"title\": \"satisfyRule sample 6\",\n    \"value\": {\n      \"and\": [\n        {\n          \"or\": [\n            {\n              \"mc\": \">=190\"\n            },\n            {\n              \"or\": [\n                {\n                  \"or\": [\n                    {\n                      \"mc\": \">=43\"\n                    },\n                    \"Cu=-#o\",\n                    {\n                      \"mc\": \">=120\"\n                    }\n                  ]\n                }\n              ]\n            },\n            \"YJ>uz\",\n            \"v]vn\"\n          ]\n        },\n        \"*z}\"\n      ]\n    }\n  },\n  {\n    \"title\": \"satisfyRule sample 7\",\n    \"value\": {\n      \"mc\": \"<=31\"\n    }\n  },\n  {\n    \"title\": \"satisfyRule sample 8\",\n    \"value\": {\n      \"mc\": \">=133\"\n    }\n  },\n  {\n    \"title\": \"satisfyRule sample 9\",\n    \"value\": \"'aWVD\"\n  }\n]",
              "code": "fast_check_1.sample(index_test_2.satisfyRule, 10).forEach((sample, i) => addContext_1.default(this, {\n    title: `satisfyRule sample ${i}`,\n    value: sample,\n}));\nreturn fast_check_1.assert(fast_check_1.property(index_test_2.satisfyRule, ajvValidate));",
              "err": {},
              "uuid": "415bbd33-1d6e-4b98-baa9-876601654fa3",
              "parentUUID": "03fb99a5-0c3c-42f1-a0d7-cde53f71b7a1",
              "isHook": false,
              "skipped": false
            },
            {
              "title": "should not validate non-string/object",
              "fullTitle": "satisfyRuleSchema should not validate non-string/object",
              "timedOut": false,
              "duration": 4,
              "state": "passed",
              "speed": "fast",
              "pass": true,
              "fail": false,
              "pending": false,
              "context": null,
              "code": "const error = {\n    instancePath: \"\",\n    message: \"satisfy rule should be either a string or an object\",\n};\nisInvalidRule(null, error);\nisInvalidRule(undefined, error);\nisInvalidRule(10, error);\nisInvalidRule([12, 24], error);",
              "err": {},
              "uuid": "32f2188b-98a6-46ee-93d1-af2e2156c7fa",
              "parentUUID": "03fb99a5-0c3c-42f1-a0d7-cde53f71b7a1",
              "isHook": false,
              "skipped": false
            },
            {
              "title": "should not validate satisfy rules with extra properties",
              "fullTitle": "satisfyRuleSchema should not validate satisfy rules with extra properties",
              "timedOut": false,
              "duration": 0,
              "state": "passed",
              "speed": "fast",
              "pass": true,
              "fail": false,
              "pending": false,
              "context": null,
              "code": "isInvalidRule({\n        and: [\n            { or: [\"2k\"], abc: \"def\" },\n            { mc: 8, ghi: \"jkl\" },\n        ],\n        mno: \"pqr\",\n    }, {\n        instancePath: \"/and/0\",\n        message: \"or satisfy rule should have property 'or' only\",\n    }, {\n        instancePath: \"/and/1\",\n        message: \"MC satisfy rule should have property 'mc' only\",\n    }, {\n        instancePath: \"\",\n        message: \"and satisfy rule should have property 'and' only\",\n    })",
              "err": {},
              "uuid": "7917497d-b723-47bb-b074-4a395e5d8bd9",
              "parentUUID": "03fb99a5-0c3c-42f1-a0d7-cde53f71b7a1",
              "isHook": false,
              "skipped": false
            },
            {
              "title": "should not validate ambiguous satisfy rules",
              "fullTitle": "satisfyRuleSchema should not validate ambiguous satisfy rules",
              "timedOut": false,
              "duration": 0,
              "state": "passed",
              "speed": "fast",
              "pass": true,
              "fail": false,
              "pending": false,
              "context": null,
              "code": "const message = \"satisfy rule should have only one of properties 'mc', 'and', 'or'\";\nisInvalidRule({\n    or: [\n        { mc: 5, and: [\"CS2040\"] },\n        { and: [{ and: [\"abc\"], or: [\"def\"] }] },\n    ],\n}, { instancePath: \"/or/0\", message }, { instancePath: \"/or/1/and/0\", message });",
              "err": {},
              "uuid": "86100c63-dd27-42c0-b582-c222d0c535c7",
              "parentUUID": "03fb99a5-0c3c-42f1-a0d7-cde53f71b7a1",
              "isHook": false,
              "skipped": false
            },
            {
              "title": "should not validate and satisfy rules with non-array property",
              "fullTitle": "satisfyRuleSchema should not validate and satisfy rules with non-array property",
              "timedOut": false,
              "duration": 1,
              "state": "passed",
              "speed": "fast",
              "pass": true,
              "fail": false,
              "pending": false,
              "context": null,
              "code": "const message = \"property 'and' should be an array of satisfy rules\";\nisInvalidRule({ or: [{ and: {} }, { or: [{ and: 3 }] }] }, { instancePath: \"/or/0/and\", message }, { instancePath: \"/or/1/or/0/and\", message });",
              "err": {},
              "uuid": "3c1d26b8-46c9-494f-b095-7055afe79962",
              "parentUUID": "03fb99a5-0c3c-42f1-a0d7-cde53f71b7a1",
              "isHook": false,
              "skipped": false
            },
            {
              "title": "should not validate or satisfy rules with non-array property",
              "fullTitle": "satisfyRuleSchema should not validate or satisfy rules with non-array property",
              "timedOut": false,
              "duration": 0,
              "state": "passed",
              "speed": "fast",
              "pass": true,
              "fail": false,
              "pending": false,
              "context": null,
              "code": "const message = \"property 'or' should be an array of satisfy rules\";\nisInvalidRule({ and: [{ or: {} }, { and: [{ or: 3 }] }] }, { instancePath: \"/and/0/or\", message }, { instancePath: \"/and/1/and/0/or\", message });",
              "err": {},
              "uuid": "d2482a19-fdf0-46ec-b29e-f1c2c03e23da",
              "parentUUID": "03fb99a5-0c3c-42f1-a0d7-cde53f71b7a1",
              "isHook": false,
              "skipped": false
            }
          ],
          "suites": [],
          "passes": [
            "fef39800-c858-4291-9b9b-fb82251048b9",
            "98ab0ca1-af0b-4d4e-8555-0e8c58f167ad",
            "415bbd33-1d6e-4b98-baa9-876601654fa3",
            "32f2188b-98a6-46ee-93d1-af2e2156c7fa",
            "7917497d-b723-47bb-b074-4a395e5d8bd9",
            "86100c63-dd27-42c0-b582-c222d0c535c7",
            "3c1d26b8-46c9-494f-b095-7055afe79962",
            "d2482a19-fdf0-46ec-b29e-f1c2c03e23da"
          ],
          "failures": [],
          "pending": [],
          "skipped": [],
          "duration": 12,
          "root": false,
          "rootEmpty": false,
          "_timeout": 2000
        }
      ],
      "passes": [],
      "failures": [],
      "pending": [],
      "skipped": [],
      "duration": 0,
      "root": true,
      "rootEmpty": true,
      "_timeout": 2000
    }
  ],
  "meta": {
    "mocha": {
      "version": "9.0.2"
    },
    "mochawesome": {
      "options": {
        "quiet": false,
        "reportFilename": "mochawesome",
        "saveHtml": true,
        "saveJson": true,
        "consoleReporter": "spec",
        "useInlineDiffs": false,
        "code": true
      },
      "version": "6.2.2"
    },
    "marge": {
      "options": {
        "reportDir": "docs"
      },
      "version": "5.2.0"
    }
  }
}