{
  "stats": {
    "suites": 10,
    "tests": 48,
    "passes": 48,
    "pending": 0,
    "failures": 0,
    "start": "2021-07-18T08:31:43.919Z",
    "end": "2021-07-18T08:31:44.309Z",
    "duration": 390,
    "testsRegistered": 48,
    "passPercent": 100,
    "pendingPercent": 0,
    "other": 0,
    "hasOther": false,
    "skipped": 0,
    "hasSkipped": false
  },
  "results": [
    {
      "uuid": "51d70cd4-2763-4888-ae1b-239f0786ad3a",
      "title": "",
      "fullFile": "",
      "file": "",
      "beforeHooks": [],
      "afterHooks": [],
      "tests": [],
      "suites": [
        {
          "uuid": "eec760bd-52da-4de0-a7dc-fc7e440fad84",
          "title": "initDirectories",
          "fullFile": "/home/runner/work/planwithus-lib/planwithus-lib/src/block/schemas.test.ts",
          "file": "/src/block/schemas.test.ts",
          "beforeHooks": [],
          "afterHooks": [],
          "tests": [
            {
              "title": "should parse all blocks with no errors",
              "fullTitle": "initDirectories should parse all blocks with no errors",
              "timedOut": false,
              "duration": 4,
              "state": "passed",
              "speed": "fast",
              "pass": true,
              "fail": false,
              "pending": false,
              "context": null,
              "code": "_1.initDirectories.should.not.throw()",
              "err": {},
              "uuid": "e410ce0f-5f99-4b72-9dab-8c1785249b59",
              "parentUUID": "eec760bd-52da-4de0-a7dc-fc7e440fad84",
              "isHook": false,
              "skipped": false
            },
            {
              "title": "should produce primary, second & minor directories",
              "fullTitle": "initDirectories should produce primary, second & minor directories",
              "timedOut": false,
              "duration": 49,
              "state": "passed",
              "speed": "medium",
              "pass": true,
              "fail": false,
              "pending": false,
              "context": null,
              "code": "const directories = await _1.initDirectories();\ndirectories.should.have.property(\"primary\");\ndirectories.should.have.property(\"second\");\ndirectories.should.have.property(\"minor\");",
              "err": {},
              "uuid": "f4b845f3-c6e7-44a6-a0d0-1c37a969e7c4",
              "parentUUID": "eec760bd-52da-4de0-a7dc-fc7e440fad84",
              "isHook": false,
              "skipped": false
            }
          ],
          "suites": [],
          "passes": [
            "e410ce0f-5f99-4b72-9dab-8c1785249b59",
            "f4b845f3-c6e7-44a6-a0d0-1c37a969e7c4"
          ],
          "failures": [],
          "pending": [],
          "skipped": [],
          "duration": 53,
          "root": false,
          "rootEmpty": false,
          "_timeout": 2000
        },
        {
          "uuid": "9a60f1b4-d863-4b3a-a837-17f50c885fee",
          "title": "blockSchema",
          "fullFile": "/home/runner/work/planwithus-lib/planwithus-lib/src/block/schemas.test.ts",
          "file": "/src/block/schemas.test.ts",
          "beforeHooks": [],
          "afterHooks": [],
          "tests": [
            {
              "title": "should validate valid block",
              "fullTitle": "blockSchema should validate valid block",
              "timedOut": false,
              "duration": 190,
              "state": "passed",
              "speed": "slow",
              "pass": true,
              "fail": false,
              "pending": false,
              "context": "[\n  {\n    \"title\": \"block sample 0\",\n    \"value\": {\n      \"name\": \"Q}J9\",\n      \"ay\": 1954,\n      \"assign\": \"u+\",\n      \"match\": {\n        \"pattern\": \"IIV5\",\n        \"exclude\": [\n          \"ZP8Q\",\n          \"KJ7L\",\n          \"MA0x07\",\n          \"ICS995\"\n        ],\n        \"info\": \"\"\n      },\n      \"url\": \"http://fg2y4y9g74gkjwxs931d7kegtibt276oxrcy9ml6zebc249gld3v8rr.6td3q7lm3fnx1myr7w2xzp5kwy4v26ml.iykujv0tyh3zyub3j.vottnzrlja/6g/8%F2%BE%B4%BBAQK1mh\",\n      \"info\": \"n5\\\\-%s;\"\n    }\n  },\n  {\n    \"title\": \"block sample 1\",\n    \"value\": {\n      \"name\": \"y#o\",\n      \"ay\": 1950,\n      \"assign\": [\n        \";\",\n        \"$o%\",\n        \")Eyj9\"\n      ],\n      \"match\": {\n        \"and\": [\n          {\n            \"and\": [\n              {\n                \"pattern\": \"FGG0*3\",\n                \"exclude\": [\n                  \"MY7524\",\n                  \"XRP8\"\n                ],\n                \"info\": \",>_UP\"\n              },\n              \"PS473\",\n              \"DN6x6L\",\n              \"RM3093U\",\n              {\n                \"and\": [\n                  {\n                    \"and\": [\n                      \"DST527E\",\n                      \"UDY702W\",\n                      \"NJ152V\",\n                      \"SR19N\"\n                    ]\n                  }\n                ]\n              }\n            ]\n          },\n          {\n            \"pattern\": \"AEx\",\n            \"exclude\": [\n              \"PWE5\",\n              \"MYQ*29\",\n              \"HXQ955C\",\n              \"PHY78\"\n            ],\n            \"info\": \"=CG|\"\n          }\n        ]\n      },\n      \"satisfy\": [\n        {\n          \"and\": []\n        }\n      ],\n      \"url\": \"http://e.da.oxij/VNVn71p,bP/o%F3%9B%99%BFSBjK)Tt1/%F1%B6%92%B8bQkB%F4%8F%A4%B1sN1/3o%F4%89%B8%ADjdy_5/po\",\n      \"info\": \",pA3OKU@\"\n    }\n  },\n  {\n    \"title\": \"block sample 2\",\n    \"value\": {\n      \"name\": \"Br\",\n      \"ay\": 1950,\n      \"assign\": [\n        \"Gsj-(j7-\",\n        \">G\"\n      ],\n      \"match\": {\n        \"pattern\": \"MS*Y\",\n        \"exclude\": \"VXC263\",\n        \"info\": \"$z{\"\n      },\n      \"satisfy\": {\n        \"and\": [\n          {\n            \"or\": [\n              {\n                \"mc\": \">=40\"\n              },\n              \":t\"\n            ]\n          }\n        ]\n      },\n      \"url\": \"http://8r.ncd.g3j2k6kx6n47iorzeu9.fzswnu4mvlyztlzg0yhz693as4sriwdcm58y47qs6c76kmooomqq-l.r.cnipuiz/W/H5/h\"\n    }\n  },\n  {\n    \"title\": \"block sample 3\",\n    \"value\": {\n      \"name\": \"}WY!Ac(Ij\",\n      \"ay\": 2015,\n      \"assign\": \"!|{g/3\",\n      \"satisfy\": {\n        \"mc\": \"<=152\"\n      },\n      \"url\": \"http://8hnr2lg9f1grgr4ai8msh1s3jsmf7okffs-9ib.3bdmx.xlza57crxcd406a65mqgxt7ejzsi95ejk-3pduh.emafee/_U%F3%B0%88%AB/arOG'5V/~mfP+)l\"\n    }\n  },\n  {\n    \"title\": \"block sample 4\",\n    \"value\": {\n      \"name\": \"&7Bv_{)>\",\n      \"ay\": 1952,\n      \"assign\": [\n        \"rc1ezh{+U#\"\n      ],\n      \"satisfy\": [\n        {\n          \"and\": [\n            \".\\\\8=jm3G{\"\n          ]\n        },\n        \"iA&z}\",\n        \"\"\n      ],\n      \"url\": \"https://fgc19e5an3v27d95.erf/d%F3%98%89%A3aJe4+%F3%B0%B7%B5g/J/%24,AP,*c\",\n      \"info\": \">& %\"\n    }\n  },\n  {\n    \"title\": \"block sample 5\",\n    \"value\": {\n      \"name\": \"q&f\",\n      \"ay\": 1955,\n      \"assign\": [\n        \"~<Aj{YZ7\",\n        \"gDsH?,\",\n        \"21Is8|\"\n      ],\n      \"match\": [\n        {\n          \"or\": [\n            {\n              \"or\": [\n                {\n                  \"and\": [\n                    \"NJY*1N\"\n                  ]\n                },\n                {\n                  \"and\": []\n                },\n                {\n                  \"pattern\": \"URx78\",\n                  \"exclude\": [\n                    \"UBR5711N\",\n                    \"CY5x\",\n                    \"LEX*x5\",\n                    \"NY2*K\",\n                    \"LWM8214W\"\n                  ],\n                  \"info\": \"ljeosVU2 g\"\n                },\n                {\n                  \"pattern\": \"YH205\",\n                  \"exclude\": [\n                    \"ANX0\",\n                    \"ZR7I\",\n                    \"TS8E\",\n                    \"XOL*41\"\n                  ],\n                  \"info\": \"S\"\n                },\n                {\n                  \"or\": [\n                    \"AXO6\"\n                  ]\n                }\n              ]\n            },\n            {\n              \"pattern\": \"WF2K\",\n              \"info\": \"hP;\"\n            }\n          ]\n        },\n        {\n          \"and\": [\n            {\n              \"pattern\": \"DXx941Y\",\n              \"exclude\": [],\n              \"info\": \"0i4XYLst.\"\n            },\n            \"YM7D\"\n          ]\n        }\n      ],\n      \"satisfy\": {\n        \"or\": [\n          \"WI$H.fGdl\",\n          \"L#G\",\n          {\n            \"or\": [\n              {\n                \"or\": [\n                  {\n                    \"and\": [\n                      \"'[,\"\n                    ]\n                  },\n                  \"M\"\n                ]\n              },\n              {\n                \"mc\": \">=6\"\n              }\n            ]\n          }\n        ]\n      },\n      \"url\": \"https://zplfb8cf8bayed-nbm7chvdg94s9.xvyjy/j3e/Uc:cX7cDd,/e\"\n    }\n  },\n  {\n    \"title\": \"block sample 6\",\n    \"value\": {\n      \"ay\": 1952,\n      \"assign\": [\n        \"17,|\",\n        \"Jx5in=SAv5\",\n        \"ST\",\n        \"}\"\n      ],\n      \"satisfy\": [\n        {\n          \"and\": [\n            {\n              \"and\": [\n                \" jeQ9\",\n                \"7mHWZM++\",\n                {\n                  \"and\": []\n                },\n                {\n                  \"mc\": \">=17\"\n                }\n              ]\n            }\n          ]\n        },\n        {\n          \"and\": []\n        },\n        {\n          \"or\": [\n            \"yB9 _5W\",\n            {\n              \"or\": [\n                \"~ynPc|@Z`\",\n                {\n                  \"or\": [\n                    {\n                      \"and\": []\n                    }\n                  ]\n                },\n                {\n                  \"and\": [\n                    \"S;F82\"\n                  ]\n                },\n                {\n                  \"or\": [\n                    {\n                      \"mc\": \">=192\"\n                    }\n                  ]\n                }\n              ]\n            },\n            \"niI+Ts_<'N\"\n          ]\n        }\n      ],\n      \"url\": \"https://2rrxgt3r2v7powfq4p7vjrfkdtwc1k.rpixsfxv\"\n    }\n  },\n  {\n    \"title\": \"block sample 7\",\n    \"value\": {\n      \"name\": \"Y5=[o$4\",\n      \"ay\": 1952,\n      \"assign\": \"]!$}:%[!!3\",\n      \"match\": {\n        \"pattern\": \"QE83xL\",\n        \"info\": \"2W\"\n      },\n      \"satisfy\": {\n        \"mc\": \">=118\"\n      }\n    }\n  },\n  {\n    \"title\": \"block sample 8\",\n    \"value\": {\n      \"name\": \"}`y!_w\",\n      \"ay\": 1952,\n      \"assign\": [],\n      \"match\": [],\n      \"satisfy\": \" 3\",\n      \"url\": \"https://a0nd-7ja9n.akh4k.07uc4fva4b5fde5d54fqhbc9k07o97fase6z90e0blxas-6a6i.odbmczdfxe//aMfm/bkaM/H@e)/2/%2de/!/a=\",\n      \"&kZ[f%Z@n5\": {\n        \"name\": \"d,\",\n        \"ay\": 2023,\n        \"match\": [\n          {\n            \"and\": [\n              {\n                \"and\": [\n                  \"GCx1\",\n                  {\n                    \"or\": [\n                      \"MXYx114\"\n                    ]\n                  }\n                ]\n              },\n              \"ES65\"\n            ]\n          },\n          {\n            \"pattern\": \"QR50R\",\n            \"exclude\": [\n              \"FO151*\"\n            ],\n            \"info\": \"1+H\"\n          },\n          {\n            \"pattern\": \"RFH173D\",\n            \"exclude\": [\n              \"YJO03V\",\n              \"YZF77\",\n              \"YH34F\",\n              \"CW6\"\n            ],\n            \"info\": \"o7H\"\n          }\n        ],\n        \"satisfy\": [\n          {\n            \"mc\": \">=123\"\n          },\n          {\n            \"and\": [\n              {\n                \"mc\": \">=63\"\n              }\n            ]\n          },\n          {\n            \"or\": [\n              {\n                \"and\": []\n              }\n            ]\n          },\n          {\n            \"mc\": \">=96\"\n          },\n          {\n            \"and\": [\n              {\n                \"and\": [\n                  \"zBNf;g0\",\n                  \"y\",\n                  {\n                    \"mc\": \"<=73\"\n                  },\n                  \">\",\n                  \"ai)I}\"\n                ]\n              },\n              {\n                \"mc\": \"<=33\"\n              },\n              {\n                \"and\": [\n                  \"-;$\",\n                  \"l)FYvFA`\",\n                  {\n                    \"and\": []\n                  }\n                ]\n              }\n            ]\n          }\n        ],\n        \"url\": \"http://2m92g3siiitd68n7oxr7eowy7p-dlmqv5glu8g08mmqjwpgbo0l6.9yl05mauslziopcv451lh2vh-j8mlpfzv8e2nputcyyzt1fpp.glyy76v8993lp.ps725m5yvhg3qf322p7dy9aeg2ql50s-r-ouadpfqx.w7te40d1h3otvuw4coq0lc-85bs.ia/X-Q$et/\",\n        \"info\": \"2\\\"CoL|\"\n      },\n      \"\": {\n        \"name\": \"\",\n        \"ay\": 1978,\n        \"match\": [],\n        \"satisfy\": {\n          \"mc\": \">=21\"\n        },\n        \"url\": \"https://8bosetsjwskkska-r6c5vqubj7smzeqtmu2jnragg6jkixwb.3.9-wl9svnagdk9h2z5q2uy1t6yu5si.fwpgx.q.mllgln/;K,B/~/n)P%F0%A7%97%B9_@BF%F2%92%AB%BF'/k;\",\n        \"info\": \"kvykLAl~g\"\n      }\n    }\n  },\n  {\n    \"title\": \"block sample 9\",\n    \"value\": {\n      \"name\": \"\\\"}6\",\n      \"ay\": 2027,\n      \"assign\": [\n        \"g\\\"&?n\",\n        \"NB2V=o\"\n      ],\n      \"satisfy\": [\n        {\n          \"mc\": \">=63\"\n        },\n        \"\",\n        \"\"\n      ],\n      \"info\": \"hfwpU|{W]V\"\n    }\n  }\n]",
              "code": "fast_check_1.sample(index_test_2.block, 10).forEach((sample, i) => addContext_1.default(this, {\n    title: `block sample ${i}`,\n    value: sample,\n}));\nreturn fast_check_1.assert(fast_check_1.property(index_test_2.block, ajvValidate));",
              "err": {},
              "uuid": "546c4a2c-bda5-43b7-a88c-0318aaae79a7",
              "parentUUID": "9a60f1b4-d863-4b3a-a837-17f50c885fee",
              "isHook": false,
              "skipped": false
            },
            {
              "title": "should not validate non-object",
              "fullTitle": "blockSchema should not validate non-object",
              "timedOut": false,
              "duration": 1,
              "state": "passed",
              "speed": "fast",
              "pass": true,
              "fail": false,
              "pending": false,
              "context": null,
              "code": "const error = {\n    instancePath: \"\",\n    message: \"block should be an object\",\n};\nisInvalidBlock(null, error);\nisInvalidBlock(undefined, error);\nisInvalidBlock(10, error);\nisInvalidBlock([12, 24], error);\nisInvalidBlock(\"abc\", error);",
              "err": {},
              "uuid": "8fb4d063-5b05-4d02-9849-86ae171f9e3b",
              "parentUUID": "9a60f1b4-d863-4b3a-a837-17f50c885fee",
              "isHook": false,
              "skipped": false
            },
            {
              "title": "should not validate block with invalid properties",
              "fullTitle": "blockSchema should not validate block with invalid properties",
              "timedOut": false,
              "duration": 1,
              "state": "passed",
              "speed": "fast",
              "pass": true,
              "fail": false,
              "pending": false,
              "context": null,
              "code": "isInvalidBlock({\n        name: { foo: \"bar\" },\n        ay: -1000,\n        assign: {},\n        match: 1,\n        satisfy: 2,\n        url: { abc: \"def\" },\n        info: 42,\n    }, { instancePath: \"/name\", message: \"property 'name' should be a string\" }, {\n        instancePath: \"/ay\",\n        message: \"property 'ay' should be a positive integer\",\n    }, {\n        instancePath: \"/assign\",\n        message: \"property 'assign' should be either a block ID or an array of block IDs\",\n    }, {\n        instancePath: \"/match\",\n        message: \"property 'match' should be either a match rule or an array of match rules\",\n    }, {\n        instancePath: \"/satisfy\",\n        message: \"property 'satisfy' should be either a satisfy rule or an array of satisfy rules\",\n    }, { instancePath: \"/url\", message: \"property 'url' should be a string\" }, { instancePath: \"/info\", message: \"property 'info' should be a string\" })",
              "err": {},
              "uuid": "e61051b0-2289-4615-8a4a-34286902588b",
              "parentUUID": "9a60f1b4-d863-4b3a-a837-17f50c885fee",
              "isHook": false,
              "skipped": false
            }
          ],
          "suites": [],
          "passes": [
            "546c4a2c-bda5-43b7-a88c-0318aaae79a7",
            "8fb4d063-5b05-4d02-9849-86ae171f9e3b",
            "e61051b0-2289-4615-8a4a-34286902588b"
          ],
          "failures": [],
          "pending": [],
          "skipped": [],
          "duration": 192,
          "root": false,
          "rootEmpty": false,
          "_timeout": 2000
        },
        {
          "uuid": "4f70ff88-d273-486a-9e6f-eb1244155365",
          "title": "patternToRE",
          "fullFile": "/home/runner/work/planwithus-lib/planwithus-lib/src/matchRule/pattern/satisfiers.test.ts",
          "file": "/src/matchRule/pattern/satisfiers.test.ts",
          "beforeHooks": [],
          "afterHooks": [],
          "tests": [
            {
              "title": "should match valid modules with a single pattern",
              "fullTitle": "patternToRE should match valid modules with a single pattern",
              "timedOut": false,
              "duration": 15,
              "state": "passed",
              "speed": "fast",
              "pass": true,
              "fail": false,
              "pending": false,
              "context": "[\n  {\n    \"title\": \"patternExampleList sample 0\",\n    \"value\": [\n      \"CS7\",\n      [\n        \"CS7\"\n      ]\n    ]\n  },\n  {\n    \"title\": \"patternExampleList sample 1\",\n    \"value\": [\n      \"HW9M\",\n      [\n        \"HW9M\"\n      ]\n    ]\n  },\n  {\n    \"title\": \"patternExampleList sample 2\",\n    \"value\": [\n      \"BBQ936C\",\n      [\n        \"BBQ936C\"\n      ]\n    ]\n  },\n  {\n    \"title\": \"patternExampleList sample 3\",\n    \"value\": [\n      \"XJT3\",\n      [\n        \"XJT3\"\n      ]\n    ]\n  },\n  {\n    \"title\": \"patternExampleList sample 4\",\n    \"value\": [\n      \"PT81\",\n      [\n        \"PT81\"\n      ]\n    ]\n  },\n  {\n    \"title\": \"patternExampleList sample 5\",\n    \"value\": [\n      \"EZ99\",\n      [\n        \"EZ99\"\n      ]\n    ]\n  },\n  {\n    \"title\": \"patternExampleList sample 6\",\n    \"value\": [\n      \"JVP93\",\n      [\n        \"JVP93\"\n      ]\n    ]\n  },\n  {\n    \"title\": \"patternExampleList sample 7\",\n    \"value\": [\n      \"SL0\",\n      [\n        \"SL0\"\n      ]\n    ]\n  },\n  {\n    \"title\": \"patternExampleList sample 8\",\n    \"value\": [\n      \"HI75\",\n      [\n        \"HI75\"\n      ]\n    ]\n  },\n  {\n    \"title\": \"patternExampleList sample 9\",\n    \"value\": [\n      \"SCZ53\",\n      [\n        \"SCZ53\"\n      ]\n    ]\n  }\n]",
              "code": "fast_check_1.sample(index_test_1.patternExampleList, 10).forEach((sample, i) => addContext_1.default(this, {\n    title: `patternExampleList sample ${i}`,\n    value: sample,\n}));\nreturn fast_check_1.assert(fast_check_1.property(index_test_1.patternExampleList, ([patternStr, examples]) => {\n    const re = _1.patternToRE(patternStr);\n    return examples.every(re.test.bind(re));\n}));",
              "err": {},
              "uuid": "34cdcadd-4259-40c2-9ee3-063ca62b414d",
              "parentUUID": "4f70ff88-d273-486a-9e6f-eb1244155365",
              "isHook": false,
              "skipped": false
            },
            {
              "title": "should match valid modules with multiple patterns",
              "fullTitle": "patternToRE should match valid modules with multiple patterns",
              "timedOut": false,
              "duration": 65,
              "state": "passed",
              "speed": "medium",
              "pass": true,
              "fail": false,
              "pending": false,
              "context": "[\n  {\n    \"title\": \"patternExampleListArray sample 0\",\n    \"value\": [\n      [\n        \"POS*x5X\",\n        [\n          \"POS5NU65X\",\n          \"POSSLG25X\",\n          \"POS5HSRC85X\",\n          \"POS5IFU75X\",\n          \"POSE6TIEWR75X\",\n          \"POSZ05X\",\n          \"POSIL5XT605X\",\n          \"POSWHJCIC15X\",\n          \"POS45X\",\n          \"POS75X\"\n        ]\n      ],\n      [\n        \"VVF2B\",\n        [\n          \"VVF2B\"\n        ]\n      ]\n    ]\n  },\n  {\n    \"title\": \"patternExampleListArray sample 1\",\n    \"value\": [\n      [\n        \"WR70*5\",\n        [\n          \"WR705D7GGAHW5\",\n          \"WR70EAPS9DH5\",\n          \"WR70RLI5\",\n          \"WR70HVDFV8J5\",\n          \"WR705ATGJOH5\",\n          \"WR70JI8G3D5\",\n          \"WR70B5\",\n          \"WR70M5\"\n        ]\n      ],\n      [\n        \"CP0\",\n        [\n          \"CP0\"\n        ]\n      ],\n      [\n        \"IIT8020\",\n        [\n          \"IIT8020\"\n        ]\n      ],\n      [\n        \"WUU536\",\n        [\n          \"WUU536\"\n        ]\n      ],\n      [\n        \"YG4V\",\n        [\n          \"YG4V\"\n        ]\n      ],\n      [\n        \"LZ16F\",\n        [\n          \"LZ16F\"\n        ]\n      ],\n      [\n        \"TZN265xH\",\n        [\n          \"TZN2650H\",\n          \"TZN2653H\",\n          \"TZN2655H\",\n          \"TZN2652H\",\n          \"TZN2656H\",\n          \"TZN2654H\",\n          \"TZN2659H\",\n          \"TZN2658H\",\n          \"TZN2657H\",\n          \"TZN2651H\"\n        ]\n      ],\n      [\n        \"IF201\",\n        [\n          \"IF201\"\n        ]\n      ],\n      [\n        \"KEC2158X\",\n        [\n          \"KEC2158X\"\n        ]\n      ],\n      [\n        \"CSD*\",\n        [\n          \"CSD47WRF\",\n          \"CSDATQ\",\n          \"CSDOHUY7S\",\n          \"CSDN\",\n          \"CSDXD6\",\n          \"CSDTVW\"\n        ]\n      ],\n      [\n        \"OD664\",\n        [\n          \"OD664\"\n        ]\n      ],\n      [\n        \"FW2\",\n        [\n          \"FW2\"\n        ]\n      ]\n    ]\n  },\n  {\n    \"title\": \"patternExampleListArray sample 2\",\n    \"value\": [\n      [\n        \"VKR40\",\n        [\n          \"VKR40\"\n        ]\n      ],\n      [\n        \"UN1x\",\n        [\n          \"UN11\",\n          \"UN19\",\n          \"UN15\",\n          \"UN16\",\n          \"UN12\",\n          \"UN18\"\n        ]\n      ],\n      [\n        \"PE1778\",\n        [\n          \"PE1778\"\n        ]\n      ],\n      [\n        \"VQN67C\",\n        [\n          \"VQN67C\"\n        ]\n      ]\n    ]\n  },\n  {\n    \"title\": \"patternExampleListArray sample 3\",\n    \"value\": [\n      [\n        \"ZL14\",\n        [\n          \"ZL14\"\n        ]\n      ],\n      [\n        \"XU0462\",\n        [\n          \"XU0462\"\n        ]\n      ],\n      [\n        \"VU8\",\n        [\n          \"VU8\"\n        ]\n      ]\n    ]\n  },\n  {\n    \"title\": \"patternExampleListArray sample 4\",\n    \"value\": [\n      [\n        \"NT180*\",\n        [\n          \"NT180\",\n          \"NT1802Y4LQQ\",\n          \"NT1803CW1BD\"\n        ]\n      ],\n      [\n        \"RE6xD\",\n        [\n          \"RE60D\",\n          \"RE62D\",\n          \"RE63D\",\n          \"RE66D\",\n          \"RE61D\",\n          \"RE65D\",\n          \"RE67D\",\n          \"RE68D\",\n          \"RE64D\"\n        ]\n      ],\n      [\n        \"WW8X\",\n        [\n          \"WW8X\"\n        ]\n      ],\n      [\n        \"LT44\",\n        [\n          \"LT44\"\n        ]\n      ]\n    ]\n  },\n  {\n    \"title\": \"patternExampleListArray sample 5\",\n    \"value\": [\n      [\n        \"OF0xA\",\n        [\n          \"OF06A\",\n          \"OF08A\",\n          \"OF00A\",\n          \"OF07A\"\n        ]\n      ],\n      [\n        \"PFG2x\",\n        [\n          \"PFG28\",\n          \"PFG25\",\n          \"PFG24\"\n        ]\n      ],\n      [\n        \"MIU0\",\n        [\n          \"MIU0\"\n        ]\n      ]\n    ]\n  },\n  {\n    \"title\": \"patternExampleListArray sample 6\",\n    \"value\": [\n      [\n        \"BE170V\",\n        [\n          \"BE170V\"\n        ]\n      ]\n    ]\n  },\n  {\n    \"title\": \"patternExampleListArray sample 7\",\n    \"value\": [\n      [\n        \"RAM9831I\",\n        [\n          \"RAM9831I\"\n        ]\n      ],\n      [\n        \"IM7685P\",\n        [\n          \"IM7685P\"\n        ]\n      ],\n      [\n        \"NVYxJ\",\n        [\n          \"NVY1J\",\n          \"NVY2J\",\n          \"NVY3J\",\n          \"NVY6J\",\n          \"NVY0J\",\n          \"NVY8J\",\n          \"NVY5J\",\n          \"NVY7J\"\n        ]\n      ],\n      [\n        \"REx151\",\n        [\n          \"RE1151\",\n          \"RE7151\",\n          \"RE6151\",\n          \"RE0151\",\n          \"RE8151\",\n          \"RE9151\",\n          \"RE4151\",\n          \"RE2151\",\n          \"RE5151\"\n        ]\n      ],\n      [\n        \"PZL8xQ\",\n        [\n          \"PZL87Q\",\n          \"PZL80Q\",\n          \"PZL81Q\",\n          \"PZL82Q\"\n        ]\n      ],\n      [\n        \"MJI83\",\n        [\n          \"MJI83\"\n        ]\n      ],\n      [\n        \"SBO8790F\",\n        [\n          \"SBO8790F\"\n        ]\n      ],\n      [\n        \"PPV4x1\",\n        [\n          \"PPV461\",\n          \"PPV421\",\n          \"PPV401\"\n        ]\n      ],\n      [\n        \"FN3568\",\n        [\n          \"FN3568\"\n        ]\n      ],\n      [\n        \"RK4591\",\n        [\n          \"RK4591\"\n        ]\n      ]\n    ]\n  },\n  {\n    \"title\": \"patternExampleListArray sample 8\",\n    \"value\": [\n      [\n        \"RH6\",\n        [\n          \"RH6\"\n        ]\n      ],\n      [\n        \"BRQ1\",\n        [\n          \"BRQ1\"\n        ]\n      ],\n      [\n        \"BJ497\",\n        [\n          \"BJ497\"\n        ]\n      ]\n    ]\n  },\n  {\n    \"title\": \"patternExampleListArray sample 9\",\n    \"value\": [\n      [\n        \"KQ2x3\",\n        [\n          \"KQ223\",\n          \"KQ253\",\n          \"KQ273\",\n          \"KQ293\"\n        ]\n      ],\n      [\n        \"NDI3*2K\",\n        [\n          \"NDI3JK2K\",\n          \"NDI31OAZKT2K\",\n          \"NDI3D83ZQ2K\",\n          \"NDI3MXZWVY2K\",\n          \"NDI36AF2K\",\n          \"NDI30350XC2K\",\n          \"NDI3TCT2K\",\n          \"NDI3L4PI662K\",\n          \"NDI3HWDX2K\",\n          \"NDI3L05AKI2K\",\n          \"NDI3FULX2K\"\n        ]\n      ],\n      [\n        \"RSL1xI\",\n        [\n          \"RSL17I\",\n          \"RSL16I\",\n          \"RSL11I\",\n          \"RSL12I\",\n          \"RSL15I\"\n        ]\n      ]\n    ]\n  }\n]",
              "code": "const patternExampleListArray = fast_check_1.array(index_test_1.patternExampleList, { minLength: 1 });\nfast_check_1.sample(patternExampleListArray, 10).forEach((sample, i) => addContext_1.default(this, {\n    title: `patternExampleListArray sample ${i}`,\n    value: sample,\n}));\nreturn fast_check_1.assert(fast_check_1.property(patternExampleListArray, (ts) => {\n    const re = _1.patternToRE(...ts.map(([patternStr]) => patternStr));\n    return ts\n        .map(([, examples]) => examples)\n        .flat()\n        .every(re.test.bind(re));\n}));",
              "err": {},
              "uuid": "91735e2f-97e4-43d0-9a01-1a353b1ede52",
              "parentUUID": "4f70ff88-d273-486a-9e6f-eb1244155365",
              "isHook": false,
              "skipped": false
            },
            {
              "title": "should not match x to non-number",
              "fullTitle": "patternToRE should not match x to non-number",
              "timedOut": false,
              "duration": 0,
              "state": "passed",
              "speed": "fast",
              "pass": true,
              "fail": false,
              "pending": false,
              "context": null,
              "code": "const re = _1.patternToRE(\"x\");\n[\"A\", \"Z\", \"c\", \"#\"].forEach((example) => isInvalidExample(re, example));",
              "err": {},
              "uuid": "864ec4cb-2042-4944-8f6a-de8064d65016",
              "parentUUID": "4f70ff88-d273-486a-9e6f-eb1244155365",
              "isHook": false,
              "skipped": false
            },
            {
              "title": "should not match * to a substring composed of characters other than A-Z and 0-9",
              "fullTitle": "patternToRE should not match * to a substring composed of characters other than A-Z and 0-9",
              "timedOut": false,
              "duration": 1,
              "state": "passed",
              "speed": "fast",
              "pass": true,
              "fail": false,
              "pending": false,
              "context": null,
              "code": "const re = _1.patternToRE(\"*\");\n[\"c\", \"Ac\", \"cA\", \"0Ax\", \"x0A\", \"BA#\", \"#AB\"].forEach((example) => isInvalidExample(re, example));",
              "err": {},
              "uuid": "76a4caba-309d-41d4-a3c1-2f08a212f150",
              "parentUUID": "4f70ff88-d273-486a-9e6f-eb1244155365",
              "isHook": false,
              "skipped": false
            },
            {
              "title": "should not match substrings",
              "fullTitle": "patternToRE should not match substrings",
              "timedOut": false,
              "duration": 0,
              "state": "passed",
              "speed": "fast",
              "pass": true,
              "fail": false,
              "pending": false,
              "context": null,
              "code": "const re = _1.patternToRE(\"A*xC\");\n[\"A1CZ\", \"AC1CZ\", \"ZA1C\", \"ZAC1C\", \"ZA1CZ\", \"ZAC1CZ\"].forEach((example) => isInvalidExample(re, example));",
              "err": {},
              "uuid": "df75d4e8-fd4c-4f64-83b2-c04804983a4f",
              "parentUUID": "4f70ff88-d273-486a-9e6f-eb1244155365",
              "isHook": false,
              "skipped": false
            }
          ],
          "suites": [],
          "passes": [
            "34cdcadd-4259-40c2-9ee3-063ca62b414d",
            "91735e2f-97e4-43d0-9a01-1a353b1ede52",
            "864ec4cb-2042-4944-8f6a-de8064d65016",
            "76a4caba-309d-41d4-a3c1-2f08a212f150",
            "df75d4e8-fd4c-4f64-83b2-c04804983a4f"
          ],
          "failures": [],
          "pending": [],
          "skipped": [],
          "duration": 81,
          "root": false,
          "rootEmpty": false,
          "_timeout": 2000
        },
        {
          "uuid": "5dd4fe1e-f03f-4aa7-8fe9-20fef89a4952",
          "title": "patternSatisfier",
          "fullFile": "/home/runner/work/planwithus-lib/planwithus-lib/src/matchRule/pattern/satisfiers.test.ts",
          "file": "/src/matchRule/pattern/satisfiers.test.ts",
          "beforeHooks": [],
          "afterHooks": [],
          "tests": [
            {
              "title": "should assign all modules with *",
              "fullTitle": "patternSatisfier should assign all modules with *",
              "timedOut": false,
              "duration": 0,
              "state": "passed",
              "speed": "fast",
              "pass": true,
              "fail": false,
              "pending": false,
              "context": null,
              "code": "const { assign } = satisfiers_1.patternSatisfier(ref, \"*\");\nisCorrectAssign(assign, modulesList1, modulesList1.map(([moduleStr]) => moduleStr));",
              "err": {},
              "uuid": "c7f0379a-9b99-4cc4-88f5-33e6b1281eef",
              "parentUUID": "5dd4fe1e-f03f-4aa7-8fe9-20fef89a4952",
              "isHook": false,
              "skipped": false
            },
            {
              "title": "should assign only valid modules with pattern containing *",
              "fullTitle": "patternSatisfier should assign only valid modules with pattern containing *",
              "timedOut": false,
              "duration": 0,
              "state": "passed",
              "speed": "fast",
              "pass": true,
              "fail": false,
              "pending": false,
              "context": null,
              "code": "const { assign } = satisfiers_1.patternSatisfier(ref, \"CS2*\");\nisCorrectAssign(assign, modulesList1, [\"CS2100\", \"CS2040S\", \"CS2030\"]);",
              "err": {},
              "uuid": "602c9f9c-d878-4d9e-8510-c6bc77d60c9a",
              "parentUUID": "5dd4fe1e-f03f-4aa7-8fe9-20fef89a4952",
              "isHook": false,
              "skipped": false
            },
            {
              "title": "should assign only valid modules with pattern containing x",
              "fullTitle": "patternSatisfier should assign only valid modules with pattern containing x",
              "timedOut": false,
              "duration": 0,
              "state": "passed",
              "speed": "fast",
              "pass": true,
              "fail": false,
              "pending": false,
              "context": null,
              "code": "const { assign } = satisfiers_1.patternSatisfier(ref, \"CS20xx\");\nisCorrectAssign(assign, modulesList1, [\"CS2030\"]);",
              "err": {},
              "uuid": "403d8078-0107-4d31-8535-439d2e81a840",
              "parentUUID": "5dd4fe1e-f03f-4aa7-8fe9-20fef89a4952",
              "isHook": false,
              "skipped": false
            },
            {
              "title": "should assign only valid modules with pattern containing x and *",
              "fullTitle": "patternSatisfier should assign only valid modules with pattern containing x and *",
              "timedOut": false,
              "duration": 1,
              "state": "passed",
              "speed": "fast",
              "pass": true,
              "fail": false,
              "pending": false,
              "context": null,
              "code": "const { assign } = satisfiers_1.patternSatisfier(ref, \"CS20xx*\");\nisCorrectAssign(assign, modulesList1, [\"CS2040S\", \"CS2030\"]);",
              "err": {},
              "uuid": "51f13734-9ecb-43f9-9d13-fa5fc5d8b472",
              "parentUUID": "5dd4fe1e-f03f-4aa7-8fe9-20fef89a4952",
              "isHook": false,
              "skipped": false
            }
          ],
          "suites": [],
          "passes": [
            "c7f0379a-9b99-4cc4-88f5-33e6b1281eef",
            "602c9f9c-d878-4d9e-8510-c6bc77d60c9a",
            "403d8078-0107-4d31-8535-439d2e81a840",
            "51f13734-9ecb-43f9-9d13-fa5fc5d8b472"
          ],
          "failures": [],
          "pending": [],
          "skipped": [],
          "duration": 1,
          "root": false,
          "rootEmpty": false,
          "_timeout": 2000
        },
        {
          "uuid": "d50ffffa-538e-4d57-bd14-8126ce93a98b",
          "title": "patternSchema",
          "fullFile": "/home/runner/work/planwithus-lib/planwithus-lib/src/matchRule/pattern/schemas.test.ts",
          "file": "/src/matchRule/pattern/schemas.test.ts",
          "beforeHooks": [],
          "afterHooks": [],
          "tests": [
            {
              "title": "should validate non-empty pattern composed of A-Z, 0-9, x or *",
              "fullTitle": "patternSchema should validate non-empty pattern composed of A-Z, 0-9, x or *",
              "timedOut": false,
              "duration": 1,
              "state": "passed",
              "speed": "fast",
              "pass": true,
              "fail": false,
              "pending": false,
              "context": "[\n  {\n    \"title\": \"pattern sample 0\",\n    \"value\": \"VL114*O\"\n  },\n  {\n    \"title\": \"pattern sample 1\",\n    \"value\": \"UDN7821R\"\n  },\n  {\n    \"title\": \"pattern sample 2\",\n    \"value\": \"BW9416\"\n  },\n  {\n    \"title\": \"pattern sample 3\",\n    \"value\": \"GJZ643\"\n  },\n  {\n    \"title\": \"pattern sample 4\",\n    \"value\": \"UDx9x5H\"\n  },\n  {\n    \"title\": \"pattern sample 5\",\n    \"value\": \"MY61M\"\n  },\n  {\n    \"title\": \"pattern sample 6\",\n    \"value\": \"YM43*S\"\n  },\n  {\n    \"title\": \"pattern sample 7\",\n    \"value\": \"EYY5x\"\n  },\n  {\n    \"title\": \"pattern sample 8\",\n    \"value\": \"LEH*60\"\n  },\n  {\n    \"title\": \"pattern sample 9\",\n    \"value\": \"YPV796x\"\n  }\n]",
              "code": "fast_check_1.sample(index_test_2.pattern, 10).forEach((sample, i) => addContext_1.default(this, {\n    title: `pattern sample ${i}`,\n    value: sample,\n}));\nreturn fast_check_1.assert(fast_check_1.property(index_test_2.pattern, ajvValidate), {\n    examples: [[\"*\"], [\"ACC1002\"], [\"IS1103\"], [\"CS1231S\"], [\"MA1102R\"]],\n});",
              "err": {},
              "uuid": "d05b4b33-0472-4ad1-aab4-22e8f51e360d",
              "parentUUID": "d50ffffa-538e-4d57-bd14-8126ce93a98b",
              "isHook": false,
              "skipped": false
            },
            {
              "title": "should not validate empty pattern",
              "fullTitle": "patternSchema should not validate empty pattern",
              "timedOut": false,
              "duration": 0,
              "state": "passed",
              "speed": "fast",
              "pass": true,
              "fail": false,
              "pending": false,
              "context": null,
              "code": "isInvalidPattern(\"\")",
              "err": {},
              "uuid": "047735bc-605e-4f7a-939a-151d0c463013",
              "parentUUID": "d50ffffa-538e-4d57-bd14-8126ce93a98b",
              "isHook": false,
              "skipped": false
            },
            {
              "title": "should not validate pattern with invalid characters",
              "fullTitle": "patternSchema should not validate pattern with invalid characters",
              "timedOut": false,
              "duration": 1,
              "state": "passed",
              "speed": "fast",
              "pass": true,
              "fail": false,
              "pending": false,
              "context": null,
              "code": "[\"AB123a\", \"Ac123a\", \"AB123^S\", \"AB1*3^S\", \"$A1*3^S\", \"/A1x33S\"].forEach(isInvalidPattern)",
              "err": {},
              "uuid": "50da9c91-99f3-4c3e-98dd-a10349e03d5a",
              "parentUUID": "d50ffffa-538e-4d57-bd14-8126ce93a98b",
              "isHook": false,
              "skipped": false
            }
          ],
          "suites": [],
          "passes": [
            "d05b4b33-0472-4ad1-aab4-22e8f51e360d",
            "047735bc-605e-4f7a-939a-151d0c463013",
            "50da9c91-99f3-4c3e-98dd-a10349e03d5a"
          ],
          "failures": [],
          "pending": [],
          "skipped": [],
          "duration": 2,
          "root": false,
          "rootEmpty": false,
          "_timeout": 2000
        },
        {
          "uuid": "8a5ec2ad-bc0b-42ed-abb8-e8c6ea49f16f",
          "title": "patternMatchRuleSatisfier",
          "fullFile": "/home/runner/work/planwithus-lib/planwithus-lib/src/matchRule/satisfiers.test.ts",
          "file": "/src/matchRule/satisfiers.test.ts",
          "beforeHooks": [],
          "afterHooks": [],
          "tests": [
            {
              "title": "should assign only valid modules with pattern match rule containing no exclude patterns",
              "fullTitle": "patternMatchRuleSatisfier should assign only valid modules with pattern match rule containing no exclude patterns",
              "timedOut": false,
              "duration": 1,
              "state": "passed",
              "speed": "fast",
              "pass": true,
              "fail": false,
              "pending": false,
              "context": null,
              "code": "const { assign } = satisfiers_1.patternMatchRuleSatisfier(ref, { pattern: \"CS1xxx*\" });\nisCorrectAssign(assign, modulesList1, [\"CS1231\", \"CS1231S\"]);",
              "err": {},
              "uuid": "7064b638-ee69-4fae-93f1-1c370c8d0a45",
              "parentUUID": "8a5ec2ad-bc0b-42ed-abb8-e8c6ea49f16f",
              "isHook": false,
              "skipped": false
            },
            {
              "title": "should assign only valid modules with pattern match rule containing an exclude pattern",
              "fullTitle": "patternMatchRuleSatisfier should assign only valid modules with pattern match rule containing an exclude pattern",
              "timedOut": false,
              "duration": 0,
              "state": "passed",
              "speed": "fast",
              "pass": true,
              "fail": false,
              "pending": false,
              "context": null,
              "code": "const { assign } = satisfiers_1.patternMatchRuleSatisfier(ref, {\n    pattern: \"MA1xxx*\",\n    exclude: \"MA15xx\",\n});\nisCorrectAssign(assign, modulesList1, [\n    \"MA1100\",\n    \"MA1101R\",\n    \"MA1102R\",\n    \"MA1511A\",\n]);",
              "err": {},
              "uuid": "b23e77a2-3118-4efa-acf8-c82188eb2bc5",
              "parentUUID": "8a5ec2ad-bc0b-42ed-abb8-e8c6ea49f16f",
              "isHook": false,
              "skipped": false
            },
            {
              "title": "should assign only valid modules with pattern match rule containing multiple exclude patterns",
              "fullTitle": "patternMatchRuleSatisfier should assign only valid modules with pattern match rule containing multiple exclude patterns",
              "timedOut": false,
              "duration": 1,
              "state": "passed",
              "speed": "fast",
              "pass": true,
              "fail": false,
              "pending": false,
              "context": null,
              "code": "const { assign } = satisfiers_1.patternMatchRuleSatisfier(ref, {\n    pattern: \"MA*\",\n    exclude: [\"MA151x*\", \"MA2xxx\"],\n});\nisCorrectAssign(assign, modulesList1, [\n    \"MA1100\",\n    \"MA1101R\",\n    \"MA1102R\",\n    \"MA1507\",\n    \"MA1521\",\n    \"MA2101S\",\n]);",
              "err": {},
              "uuid": "7b18d75c-6cac-4c1f-8293-387ad386d3c7",
              "parentUUID": "8a5ec2ad-bc0b-42ed-abb8-e8c6ea49f16f",
              "isHook": false,
              "skipped": false
            }
          ],
          "suites": [],
          "passes": [
            "7064b638-ee69-4fae-93f1-1c370c8d0a45",
            "b23e77a2-3118-4efa-acf8-c82188eb2bc5",
            "7b18d75c-6cac-4c1f-8293-387ad386d3c7"
          ],
          "failures": [],
          "pending": [],
          "skipped": [],
          "duration": 2,
          "root": false,
          "rootEmpty": false,
          "_timeout": 2000
        },
        {
          "uuid": "57c18eb9-dc02-404a-a80a-2fb62d2005b9",
          "title": "matchRuleSchema",
          "fullFile": "/home/runner/work/planwithus-lib/planwithus-lib/src/matchRule/schemas.test.ts",
          "file": "/src/matchRule/schemas.test.ts",
          "beforeHooks": [],
          "afterHooks": [],
          "tests": [
            {
              "title": "should validate match rule with valid pattern",
              "fullTitle": "matchRuleSchema should validate match rule with valid pattern",
              "timedOut": false,
              "duration": 1,
              "state": "passed",
              "speed": "fast",
              "pass": true,
              "fail": false,
              "pending": false,
              "context": "[\n  {\n    \"title\": \"pattern sample 0\",\n    \"value\": \"SSWx\"\n  },\n  {\n    \"title\": \"pattern sample 1\",\n    \"value\": \"TS6J\"\n  },\n  {\n    \"title\": \"pattern sample 2\",\n    \"value\": \"MC56D\"\n  },\n  {\n    \"title\": \"pattern sample 3\",\n    \"value\": \"UMT5O\"\n  },\n  {\n    \"title\": \"pattern sample 4\",\n    \"value\": \"CH8233\"\n  },\n  {\n    \"title\": \"pattern sample 5\",\n    \"value\": \"AB4*9\"\n  },\n  {\n    \"title\": \"pattern sample 6\",\n    \"value\": \"YHZ2H\"\n  },\n  {\n    \"title\": \"pattern sample 7\",\n    \"value\": \"UP7*\"\n  },\n  {\n    \"title\": \"pattern sample 8\",\n    \"value\": \"WBL87\"\n  },\n  {\n    \"title\": \"pattern sample 9\",\n    \"value\": \"KG136\"\n  }\n]",
              "code": "fast_check_1.sample(index_test_3.pattern, 10).forEach((sample, i) => addContext_1.default(this, {\n    title: `pattern sample ${i}`,\n    value: sample,\n}));\nreturn fast_check_1.assert(fast_check_1.property(index_test_3.pattern, ajvValidate));",
              "err": {},
              "uuid": "bea78647-dbf7-4ee7-a336-1220af70ace8",
              "parentUUID": "57c18eb9-dc02-404a-a80a-2fb62d2005b9",
              "isHook": false,
              "skipped": false
            },
            {
              "title": "should validate match rules with valid pattern, exclude and info",
              "fullTitle": "matchRuleSchema should validate match rules with valid pattern, exclude and info",
              "timedOut": false,
              "duration": 3,
              "state": "passed",
              "speed": "fast",
              "pass": true,
              "fail": false,
              "pending": false,
              "context": "[\n  {\n    \"title\": \"patternMatchRule sample 0\",\n    \"value\": {\n      \"pattern\": \"PF40\",\n      \"exclude\": \"QJx\"\n    }\n  },\n  {\n    \"title\": \"patternMatchRule sample 1\",\n    \"value\": {\n      \"pattern\": \"KNC2x\",\n      \"exclude\": \"KKO4W\",\n      \"info\": \" L!\"\n    }\n  },\n  {\n    \"title\": \"patternMatchRule sample 2\",\n    \"value\": {\n      \"pattern\": \"SJ43M\",\n      \"exclude\": [\n        \"LJ66\"\n      ],\n      \"info\": \"}0E-dp\\\"\"\n    }\n  },\n  {\n    \"title\": \"patternMatchRule sample 3\",\n    \"value\": {\n      \"pattern\": \"XE725\",\n      \"exclude\": [\n        \"YTX5J\"\n      ]\n    }\n  },\n  {\n    \"title\": \"patternMatchRule sample 4\",\n    \"value\": {\n      \"pattern\": \"VOx682\",\n      \"exclude\": [\n        \"PN*S\",\n        \"WC6\",\n        \"IB301\",\n        \"VEL885M\"\n      ]\n    }\n  },\n  {\n    \"title\": \"patternMatchRule sample 5\",\n    \"value\": {\n      \"pattern\": \"AP03\"\n    }\n  },\n  {\n    \"title\": \"patternMatchRule sample 6\",\n    \"value\": {\n      \"pattern\": \"XY8\",\n      \"info\": \"_`P\"\n    }\n  },\n  {\n    \"title\": \"patternMatchRule sample 7\",\n    \"value\": {\n      \"pattern\": \"HRL*x\",\n      \"exclude\": [\n        \"OO611B\"\n      ],\n      \"info\": \"&%\"\n    }\n  },\n  {\n    \"title\": \"patternMatchRule sample 8\",\n    \"value\": {\n      \"pattern\": \"WH7*9\",\n      \"info\": \"-\"\n    }\n  },\n  {\n    \"title\": \"patternMatchRule sample 9\",\n    \"value\": {\n      \"pattern\": \"LQ5\",\n      \"info\": \"ff19\\\"\\\" \"\n    }\n  }\n]",
              "code": "fast_check_1.sample(index_test_2.patternMatchRule, 10).forEach((sample, i) => addContext_1.default(this, {\n    title: `patternMatchRule sample ${i}`,\n    value: sample,\n}));\nreturn fast_check_1.assert(fast_check_1.property(index_test_2.patternMatchRule, ajvValidate));",
              "err": {},
              "uuid": "44aef544-eb6d-41f7-ae40-5e7e88cdd356",
              "parentUUID": "57c18eb9-dc02-404a-a80a-2fb62d2005b9",
              "isHook": false,
              "skipped": false
            },
            {
              "title": "should validate valid recursive match rules",
              "fullTitle": "matchRuleSchema should validate valid recursive match rules",
              "timedOut": false,
              "duration": 6,
              "state": "passed",
              "speed": "fast",
              "pass": true,
              "fail": false,
              "pending": false,
              "context": "[\n  {\n    \"title\": \"matchRule sample 0\",\n    \"value\": {\n      \"and\": [\n        \"IFC6\",\n        {\n          \"and\": [\n            {\n              \"and\": [\n                \"XHT517\",\n                \"YRE0983\",\n                \"ATH3H\"\n              ]\n            },\n            \"BCD9*x3A\",\n            \"WZXx\",\n            \"BL408Y\"\n          ]\n        },\n        {\n          \"or\": [\n            {\n              \"and\": [\n                \"XX92*6E\"\n              ]\n            },\n            {\n              \"pattern\": \"SXK36*2\",\n              \"exclude\": [\n                \"RO262xF\",\n                \"UEFx6xT\",\n                \"PJ6\"\n              ]\n            },\n            {\n              \"and\": [\n                \"PV*1x1\",\n                \"EQV5\",\n                \"SCM*8\",\n                \"UF990xA\"\n              ]\n            }\n          ]\n        }\n      ]\n    }\n  },\n  {\n    \"title\": \"matchRule sample 1\",\n    \"value\": {\n      \"pattern\": \"GA524T\",\n      \"exclude\": [\n        \"XHE238C\",\n        \"QY814O\"\n      ],\n      \"info\": \"xQ7Z<Bv(\"\n    }\n  },\n  {\n    \"title\": \"matchRule sample 2\",\n    \"value\": {\n      \"pattern\": \"BMB*7Q\",\n      \"exclude\": \"OWR0800O\"\n    }\n  },\n  {\n    \"title\": \"matchRule sample 3\",\n    \"value\": {\n      \"pattern\": \"WX1S\",\n      \"exclude\": \"BQ3\",\n      \"info\": \"&\"\n    }\n  },\n  {\n    \"title\": \"matchRule sample 4\",\n    \"value\": {\n      \"pattern\": \"AH3\",\n      \"exclude\": \"GCZ6418M\",\n      \"info\": \" 4~\"\n    }\n  },\n  {\n    \"title\": \"matchRule sample 5\",\n    \"value\": {\n      \"and\": [\n        {\n          \"or\": [\n            \"JSK536C\",\n            {\n              \"and\": [\n                {\n                  \"or\": [\n                    {\n                      \"pattern\": \"BE4T\",\n                      \"exclude\": [\n                        \"PCS2Y\",\n                        \"OM906\",\n                        \"XWV0*Z\",\n                        \"NZH818J\"\n                      ],\n                      \"info\": \"41\"\n                    },\n                    \"SY4495\",\n                    \"BA5920\",\n                    {\n                      \"pattern\": \"IF**x2G\",\n                      \"exclude\": [\n                        \"JFV*622Q\"\n                      ],\n                      \"info\": \"uicUF>\"\n                    }\n                  ]\n                }\n              ]\n            }\n          ]\n        },\n        \"UH1\",\n        {\n          \"or\": [\n            \"PLF33*Q\",\n            {\n              \"pattern\": \"TJX9879F\",\n              \"exclude\": \"KY56\",\n              \"info\": \"ob\"\n            },\n            \"OFM9G\",\n            {\n              \"or\": [\n                \"PHLx21*\",\n                {\n                  \"and\": [\n                    \"DRH0741\",\n                    {\n                      \"or\": [\n                        \"INO8\"\n                      ]\n                    },\n                    \"NLW4379V\",\n                    \"USF5xC\"\n                  ]\n                },\n                \"VI9\"\n              ]\n            },\n            {\n              \"or\": []\n            }\n          ]\n        },\n        {\n          \"pattern\": \"WBKx876P\",\n          \"exclude\": \"VA0058\",\n          \"info\": \"g_q\\\"aj+</\"\n        },\n        {\n          \"pattern\": \"QOZ90*9\",\n          \"info\": \"rk`^G=yN\"\n        }\n      ]\n    }\n  },\n  {\n    \"title\": \"matchRule sample 6\",\n    \"value\": {\n      \"or\": []\n    }\n  },\n  {\n    \"title\": \"matchRule sample 7\",\n    \"value\": {\n      \"and\": [\n        {\n          \"and\": [\n            \"PCG582\"\n          ]\n        },\n        {\n          \"and\": [\n            \"GPU49Z\",\n            {\n              \"or\": [\n                \"TGR*0x6R\",\n                \"IW*17\",\n                \"VE51x4G\",\n                \"SOM573Y\"\n              ]\n            }\n          ]\n        },\n        {\n          \"pattern\": \"AU*\",\n          \"exclude\": \"NIV14\",\n          \"info\": \"9X}\"\n        },\n        {\n          \"and\": [\n            {\n              \"pattern\": \"RN677C\",\n              \"exclude\": [\n                \"YR2\",\n                \"MDx94xW\",\n                \"SN547W\",\n                \"NQF246C\"\n              ],\n              \"info\": \"Nnc,q#]\"\n            }\n          ]\n        },\n        \"PQ0946\"\n      ]\n    }\n  },\n  {\n    \"title\": \"matchRule sample 8\",\n    \"value\": {\n      \"or\": [\n        {\n          \"or\": [\n            \"IWG8\",\n            \"DQx2*8\",\n            {\n              \"and\": [\n                \"VHK35P\",\n                \"TT3T\"\n              ]\n            },\n            \"HT7F\",\n            \"MA6\"\n          ]\n        },\n        \"WQ*0\",\n        {\n          \"or\": [\n            \"OU999M\",\n            \"VE4156S\",\n            {\n              \"pattern\": \"QZC077Y\",\n              \"exclude\": \"UZP7x\",\n              \"info\": \"\"\n            },\n            \"DWK6754\",\n            \"BJS769\"\n          ]\n        },\n        {\n          \"and\": [\n            {\n              \"and\": [\n                \"ZB4R\",\n                \"PQ*864\",\n                \"MJP8*E\",\n                \"XO*7J\",\n                {\n                  \"pattern\": \"UE07\",\n                  \"exclude\": [\n                    \"CAE*N\",\n                    \"QHV292E\"\n                  ],\n                  \"info\": \"'|d9].eM\\\"\"\n                }\n              ]\n            },\n            {\n              \"pattern\": \"CXxS\",\n              \"exclude\": [\n                \"PGCx6\",\n                \"PX603Q\",\n                \"BUT2E\",\n                \"FBU*343\",\n                \"FLP0S\"\n              ],\n              \"info\": \"#-z\"\n            }\n          ]\n        },\n        {\n          \"or\": [\n            {\n              \"pattern\": \"EN13\",\n              \"exclude\": \"IW3\",\n              \"info\": \"~\"\n            }\n          ]\n        }\n      ]\n    }\n  },\n  {\n    \"title\": \"matchRule sample 9\",\n    \"value\": {\n      \"or\": [\n        \"JL3151\",\n        \"HG8288J\",\n        {\n          \"and\": [\n            {\n              \"or\": []\n            }\n          ]\n        },\n        {\n          \"pattern\": \"PN95\",\n          \"exclude\": [\n            \"XQ*45\",\n            \"UH51X\",\n            \"FEB*01\",\n            \"PYJ7x*\"\n          ],\n          \"info\": \"'\\\"A\"\n        },\n        {\n          \"and\": [\n            \"POx012Z\",\n            \"NN3133H\",\n            \"JMRx*03\"\n          ]\n        }\n      ]\n    }\n  }\n]",
              "code": "fast_check_1.sample(index_test_2.matchRule, 10).forEach((sample, i) => addContext_1.default(this, {\n    title: `matchRule sample ${i}`,\n    value: sample,\n}));\nreturn fast_check_1.assert(fast_check_1.property(index_test_2.matchRule, ajvValidate));",
              "err": {},
              "uuid": "7c6f4004-fe7f-4bb1-9b5a-c0b48afd5ff7",
              "parentUUID": "57c18eb9-dc02-404a-a80a-2fb62d2005b9",
              "isHook": false,
              "skipped": false
            },
            {
              "title": "should not validate non-string/object",
              "fullTitle": "matchRuleSchema should not validate non-string/object",
              "timedOut": false,
              "duration": 1,
              "state": "passed",
              "speed": "fast",
              "pass": true,
              "fail": false,
              "pending": false,
              "context": null,
              "code": "const error = {\n    instancePath: \"\",\n    message: \"match rule should be either a string or an object\",\n};\nisInvalidRule(null, error);\nisInvalidRule(undefined, error);\nisInvalidRule(10, error);\nisInvalidRule([12, 24], error);",
              "err": {},
              "uuid": "29fc395f-0c2e-426e-a1dc-6d3408876b87",
              "parentUUID": "57c18eb9-dc02-404a-a80a-2fb62d2005b9",
              "isHook": false,
              "skipped": false
            },
            {
              "title": "should not validate match rules with extra properties",
              "fullTitle": "matchRuleSchema should not validate match rules with extra properties",
              "timedOut": false,
              "duration": 0,
              "state": "passed",
              "speed": "fast",
              "pass": true,
              "fail": false,
              "pending": false,
              "context": null,
              "code": "isInvalidRule({\n        and: [{ or: [{ pattern: \"CS2103T\", info2: \"foobar\" }], abc: \"def\" }],\n        mno: \"pqr\",\n    }, {\n        instancePath: \"/and/0/or/0\",\n        message: \"pattern match rule should have properties 'pattern', 'exclude' (optional) and 'info' (optional) only\",\n    }, {\n        instancePath: \"/and/0\",\n        message: \"or match rule should have property 'or' only\",\n    }, {\n        instancePath: \"\",\n        message: \"and match rule should have property 'and' only\",\n    })",
              "err": {},
              "uuid": "9fd05afb-0038-41a8-b8f8-892557a532ca",
              "parentUUID": "57c18eb9-dc02-404a-a80a-2fb62d2005b9",
              "isHook": false,
              "skipped": false
            },
            {
              "title": "should not validate ambiguous match rules",
              "fullTitle": "matchRuleSchema should not validate ambiguous match rules",
              "timedOut": false,
              "duration": 1,
              "state": "passed",
              "speed": "fast",
              "pass": true,
              "fail": false,
              "pending": false,
              "context": null,
              "code": "const message = \"match rule should have only one of properties 'pattern', 'and', 'or'\";\nisInvalidRule({\n    or: [\n        { pattern: \"CS1231\", and: [] },\n        { pattern: \"CS1231\", or: [] },\n        { and: [{ and: [\"abc\"], or: [\"def\"] }] },\n    ],\n}, { instancePath: \"/or/0\", message }, { instancePath: \"/or/1\", message }, { instancePath: \"/or/2/and/0\", message });",
              "err": {},
              "uuid": "3caba709-4858-45fe-9449-f6ea6beee1a4",
              "parentUUID": "57c18eb9-dc02-404a-a80a-2fb62d2005b9",
              "isHook": false,
              "skipped": false
            },
            {
              "title": "should not validate pattern match rule with invalid patterns",
              "fullTitle": "matchRuleSchema should not validate pattern match rule with invalid patterns",
              "timedOut": false,
              "duration": 1,
              "state": "passed",
              "speed": "fast",
              "pass": true,
              "fail": false,
              "pending": false,
              "context": null,
              "code": "const message = \"pattern should be a non-empty string composed of A-Z, 0-9, x or *\";\nisInvalidRule({\n    and: [\n        \"CS210c\",\n        { pattern: \"CS2100\", exclude: \"CS1231s\" },\n        { pattern: \"CS210#T\", exclude: [\"CS1231\", \"CS21%\"] },\n    ],\n}, { instancePath: \"/and/0\", message }, { instancePath: \"/and/1/exclude\", message }, { instancePath: \"/and/2/pattern\", message }, { instancePath: \"/and/2/exclude/1\", message });",
              "err": {},
              "uuid": "ac976afe-4dc0-49d9-9d04-48e973fd0883",
              "parentUUID": "57c18eb9-dc02-404a-a80a-2fb62d2005b9",
              "isHook": false,
              "skipped": false
            },
            {
              "title": "should not validate pattern match rule with non-string/array exclude",
              "fullTitle": "matchRuleSchema should not validate pattern match rule with non-string/array exclude",
              "timedOut": false,
              "duration": 0,
              "state": "passed",
              "speed": "fast",
              "pass": true,
              "fail": false,
              "pending": false,
              "context": null,
              "code": "const message = \"property 'exclude' should be either a pattern or an array of patterns\";\nisInvalidRule({\n    or: [\n        { pattern: \"CS2101\", exclude: {} },\n        { pattern: \"CS2101\", exclude: 5 },\n    ],\n}, { instancePath: \"/or/0/exclude\", message }, { instancePath: \"/or/1/exclude\", message });",
              "err": {},
              "uuid": "fe7036b2-d935-43b5-a0d5-3cdd905b2e62",
              "parentUUID": "57c18eb9-dc02-404a-a80a-2fb62d2005b9",
              "isHook": false,
              "skipped": false
            },
            {
              "title": "should not validate pattern match rule with non-string info",
              "fullTitle": "matchRuleSchema should not validate pattern match rule with non-string info",
              "timedOut": false,
              "duration": 0,
              "state": "passed",
              "speed": "fast",
              "pass": true,
              "fail": false,
              "pending": false,
              "context": null,
              "code": "const message = \"property 'info' should be a string\";\nisInvalidRule({ pattern: \"CS2101\", info: 42 }, { instancePath: \"/info\", message });",
              "err": {},
              "uuid": "a494cc71-1ebc-436a-9adf-f3b1d59357da",
              "parentUUID": "57c18eb9-dc02-404a-a80a-2fb62d2005b9",
              "isHook": false,
              "skipped": false
            },
            {
              "title": "should not validate and match rules with non-array property",
              "fullTitle": "matchRuleSchema should not validate and match rules with non-array property",
              "timedOut": false,
              "duration": 0,
              "state": "passed",
              "speed": "fast",
              "pass": true,
              "fail": false,
              "pending": false,
              "context": null,
              "code": "const message = \"property 'and' should be an array of match rules\";\nisInvalidRule({ or: [{ and: {} }, { or: [{ and: 3 }] }] }, { instancePath: \"/or/0/and\", message }, { instancePath: \"/or/1/or/0/and\", message });",
              "err": {},
              "uuid": "b07a77c9-7a3b-4de4-aed2-b054215cece9",
              "parentUUID": "57c18eb9-dc02-404a-a80a-2fb62d2005b9",
              "isHook": false,
              "skipped": false
            },
            {
              "title": "should not validate or match rules with non-array property",
              "fullTitle": "matchRuleSchema should not validate or match rules with non-array property",
              "timedOut": false,
              "duration": 1,
              "state": "passed",
              "speed": "fast",
              "pass": true,
              "fail": false,
              "pending": false,
              "context": null,
              "code": "const message = \"property 'or' should be an array of match rules\";\nisInvalidRule({ or: [{ or: {} }, { and: [{ or: 3 }] }] }, { instancePath: \"/or/0/or\", message }, { instancePath: \"/or/1/and/0/or\", message });",
              "err": {},
              "uuid": "baa694de-95c9-497f-9625-80a5cc9dcd00",
              "parentUUID": "57c18eb9-dc02-404a-a80a-2fb62d2005b9",
              "isHook": false,
              "skipped": false
            }
          ],
          "suites": [],
          "passes": [
            "bea78647-dbf7-4ee7-a336-1220af70ace8",
            "44aef544-eb6d-41f7-ae40-5e7e88cdd356",
            "7c6f4004-fe7f-4bb1-9b5a-c0b48afd5ff7",
            "29fc395f-0c2e-426e-a1dc-6d3408876b87",
            "9fd05afb-0038-41a8-b8f8-892557a532ca",
            "3caba709-4858-45fe-9449-f6ea6beee1a4",
            "ac976afe-4dc0-49d9-9d04-48e973fd0883",
            "fe7036b2-d935-43b5-a0d5-3cdd905b2e62",
            "a494cc71-1ebc-436a-9adf-f3b1d59357da",
            "b07a77c9-7a3b-4de4-aed2-b054215cece9",
            "baa694de-95c9-497f-9625-80a5cc9dcd00"
          ],
          "failures": [],
          "pending": [],
          "skipped": [],
          "duration": 14,
          "root": false,
          "rootEmpty": false,
          "_timeout": 2000
        },
        {
          "uuid": "989fd449-fb33-4940-b523-cdfe4dd1ae79",
          "title": "inequalitySatisfier",
          "fullFile": "/home/runner/work/planwithus-lib/planwithus-lib/src/satisfyRule/inequality/satisfiers.test.ts",
          "file": "/src/satisfyRule/inequality/satisfiers.test.ts",
          "beforeHooks": [],
          "afterHooks": [],
          "tests": [
            {
              "title": "should satisfy lower bound of MCs if total MC count is higher",
              "fullTitle": "inequalitySatisfier should satisfy lower bound of MCs if total MC count is higher",
              "timedOut": false,
              "duration": 0,
              "state": "passed",
              "speed": "fast",
              "pass": true,
              "fail": false,
              "pending": false,
              "context": null,
              "code": "const satisfier = satisfiers_1.inequalitySatisfier(ref, \">=16\");\nsatisfier.should.have.property(\"constraint\");\nconst { constraint } = satisfier;\nisCorrectConstraint(constraint, modulesList1, true);",
              "err": {},
              "uuid": "51314ccc-b1f1-4749-b885-ee6d58916eac",
              "parentUUID": "989fd449-fb33-4940-b523-cdfe4dd1ae79",
              "isHook": false,
              "skipped": false
            },
            {
              "title": "should satisfy lower bound of MCs if total MC count is equal",
              "fullTitle": "inequalitySatisfier should satisfy lower bound of MCs if total MC count is equal",
              "timedOut": false,
              "duration": 0,
              "state": "passed",
              "speed": "fast",
              "pass": true,
              "fail": false,
              "pending": false,
              "context": null,
              "code": "const satisfier = satisfiers_1.inequalitySatisfier(ref, \">=28\");\nsatisfier.should.have.property(\"constraint\");\nconst { constraint } = satisfier;\nisCorrectConstraint(constraint, modulesList1, true);",
              "err": {},
              "uuid": "f5b9d2cd-94a7-4f67-a897-ca58824af56a",
              "parentUUID": "989fd449-fb33-4940-b523-cdfe4dd1ae79",
              "isHook": false,
              "skipped": false
            },
            {
              "title": "should not satisfy lower bound of MCs if total MC count is lower",
              "fullTitle": "inequalitySatisfier should not satisfy lower bound of MCs if total MC count is lower",
              "timedOut": false,
              "duration": 0,
              "state": "passed",
              "speed": "fast",
              "pass": true,
              "fail": false,
              "pending": false,
              "context": null,
              "code": "const satisfier = satisfiers_1.inequalitySatisfier(ref, \">=40\");\nsatisfier.should.have.property(\"constraint\");\nconst { constraint } = satisfier;\nisCorrectConstraint(constraint, modulesList1, false);",
              "err": {},
              "uuid": "7daa4dd5-46a1-4dab-a010-08d617f5a2cb",
              "parentUUID": "989fd449-fb33-4940-b523-cdfe4dd1ae79",
              "isHook": false,
              "skipped": false
            },
            {
              "title": "should preserve list of modules with upper bound of MCs if total MC count is equal",
              "fullTitle": "inequalitySatisfier should preserve list of modules with upper bound of MCs if total MC count is equal",
              "timedOut": false,
              "duration": 1,
              "state": "passed",
              "speed": "fast",
              "pass": true,
              "fail": false,
              "pending": false,
              "context": null,
              "code": "const satisfier = satisfiers_1.inequalitySatisfier(ref, \"<=28\");\nsatisfier.should.have.property(\"filter\");\nconst { filter } = satisfier;\nisCorrectFilter(filter, modulesList1, modulesList1.map(([moduleStr]) => moduleStr));",
              "err": {},
              "uuid": "d7786056-9285-4daa-a4e3-39507bdf52dc",
              "parentUUID": "989fd449-fb33-4940-b523-cdfe4dd1ae79",
              "isHook": false,
              "skipped": false
            },
            {
              "title": "should preserve list of modules with upper bound of MCs if total MC count is lower",
              "fullTitle": "inequalitySatisfier should preserve list of modules with upper bound of MCs if total MC count is lower",
              "timedOut": false,
              "duration": 0,
              "state": "passed",
              "speed": "fast",
              "pass": true,
              "fail": false,
              "pending": false,
              "context": null,
              "code": "const satisfier = satisfiers_1.inequalitySatisfier(ref, \"<=32\");\nsatisfier.should.have.property(\"filter\");\nconst { filter } = satisfier;\nisCorrectFilter(filter, modulesList1, modulesList1.map(([moduleStr]) => moduleStr));",
              "err": {},
              "uuid": "d4073d30-82d7-439e-a748-1b78a32e00c6",
              "parentUUID": "989fd449-fb33-4940-b523-cdfe4dd1ae79",
              "isHook": false,
              "skipped": false
            },
            {
              "title": "should truncate list of modules with upper bound of MCs at exact cutoff if total MC count is higher and there exists some starting sequence with exact MC count",
              "fullTitle": "inequalitySatisfier should truncate list of modules with upper bound of MCs at exact cutoff if total MC count is higher and there exists some starting sequence with exact MC count",
              "timedOut": false,
              "duration": 0,
              "state": "passed",
              "speed": "fast",
              "pass": true,
              "fail": false,
              "pending": false,
              "context": null,
              "code": "const satisfier = satisfiers_1.inequalitySatisfier(ref, \"<=16\");\nsatisfier.should.have.property(\"filter\");\nconst { filter } = satisfier;\nisCorrectFilter(filter, modulesList1, [\n    \"CS2100\",\n    \"GER1000\",\n    \"CS2040S\",\n    \"ST2131\",\n]);",
              "err": {},
              "uuid": "cf6d55d7-ec32-40f4-b14a-8c8e9dcd68e9",
              "parentUUID": "989fd449-fb33-4940-b523-cdfe4dd1ae79",
              "isHook": false,
              "skipped": false
            },
            {
              "title": "should truncate list of modules with upper bound of MCs, cutting off at the minimum starting sequence that exceeds upper bound, if total MC count is higher and there exists no starting sequence with exact MC count",
              "fullTitle": "inequalitySatisfier should truncate list of modules with upper bound of MCs, cutting off at the minimum starting sequence that exceeds upper bound, if total MC count is higher and there exists no starting sequence with exact MC count",
              "timedOut": false,
              "duration": 0,
              "state": "passed",
              "speed": "fast",
              "pass": true,
              "fail": false,
              "pending": false,
              "context": null,
              "code": "const satisfier = satisfiers_1.inequalitySatisfier(ref, \"<=17\");\nsatisfier.should.have.property(\"filter\");\nconst { filter } = satisfier;\nisCorrectFilter(filter, modulesList1, [\n    \"CS2100\",\n    \"GER1000\",\n    \"CS2040S\",\n    \"ST2131\",\n    \"MA1521\",\n]);",
              "err": {},
              "uuid": "2df72292-8e75-4d22-b523-7528616c8f6a",
              "parentUUID": "989fd449-fb33-4940-b523-cdfe4dd1ae79",
              "isHook": false,
              "skipped": false
            }
          ],
          "suites": [],
          "passes": [
            "51314ccc-b1f1-4749-b885-ee6d58916eac",
            "f5b9d2cd-94a7-4f67-a897-ca58824af56a",
            "7daa4dd5-46a1-4dab-a010-08d617f5a2cb",
            "d7786056-9285-4daa-a4e3-39507bdf52dc",
            "d4073d30-82d7-439e-a748-1b78a32e00c6",
            "cf6d55d7-ec32-40f4-b14a-8c8e9dcd68e9",
            "2df72292-8e75-4d22-b523-7528616c8f6a"
          ],
          "failures": [],
          "pending": [],
          "skipped": [],
          "duration": 1,
          "root": false,
          "rootEmpty": false,
          "_timeout": 2000
        },
        {
          "uuid": "7abf19ec-6436-4186-8c7e-a3e00c5648a1",
          "title": "inequalitySchema",
          "fullFile": "/home/runner/work/planwithus-lib/planwithus-lib/src/satisfyRule/inequality/schemas.test.ts",
          "file": "/src/satisfyRule/inequality/schemas.test.ts",
          "beforeHooks": [],
          "afterHooks": [],
          "tests": [
            {
              "title": "should validate inequality in the form <=n or >=n",
              "fullTitle": "inequalitySchema should validate inequality in the form <=n or >=n",
              "timedOut": false,
              "duration": 1,
              "state": "passed",
              "speed": "fast",
              "pass": true,
              "fail": false,
              "pending": false,
              "context": "[\n  {\n    \"title\": \"inequality sample 0\",\n    \"value\": \">=198\"\n  },\n  {\n    \"title\": \"inequality sample 1\",\n    \"value\": \"<=25\"\n  },\n  {\n    \"title\": \"inequality sample 2\",\n    \"value\": \"<=29\"\n  },\n  {\n    \"title\": \"inequality sample 3\",\n    \"value\": \"<=195\"\n  },\n  {\n    \"title\": \"inequality sample 4\",\n    \"value\": \">=2\"\n  },\n  {\n    \"title\": \"inequality sample 5\",\n    \"value\": \"<=28\"\n  },\n  {\n    \"title\": \"inequality sample 6\",\n    \"value\": \">=199\"\n  },\n  {\n    \"title\": \"inequality sample 7\",\n    \"value\": \">=199\"\n  },\n  {\n    \"title\": \"inequality sample 8\",\n    \"value\": \"<=42\"\n  },\n  {\n    \"title\": \"inequality sample 9\",\n    \"value\": \">=194\"\n  }\n]",
              "code": "fast_check_1.sample(index_test_2.inequality, 10).forEach((sample, i) => addContext_1.default(this, {\n    title: `inequality sample ${i}`,\n    value: sample,\n}));\nreturn fast_check_1.assert(fast_check_1.property(index_test_2.inequality, ajvValidate));",
              "err": {},
              "uuid": "2c369b9f-ad51-4a8c-a3c6-7b688ecee24f",
              "parentUUID": "7abf19ec-6436-4186-8c7e-a3e00c5648a1",
              "isHook": false,
              "skipped": false
            },
            {
              "title": "should not validate inequality of invalid form",
              "fullTitle": "inequalitySchema should not validate inequality of invalid form",
              "timedOut": false,
              "duration": 2,
              "state": "passed",
              "speed": "fast",
              "pass": true,
              "fail": false,
              "pending": false,
              "context": null,
              "code": "[\n        \"\",\n        \"==23\",\n        \"23\",\n        \"<23\",\n        \">23\",\n        \"<=-1\",\n        \">=-1\",\n        \"<= 2\",\n        \">= 1\",\n        \"> 3\",\n        \"< 3\",\n        \"<=3a\",\n        \">=3a\",\n        \"a<=3\",\n        \"a>=3\",\n    ].forEach(isInvalidInequality)",
              "err": {},
              "uuid": "8746976e-0c97-4136-80e6-1d67c8262aec",
              "parentUUID": "7abf19ec-6436-4186-8c7e-a3e00c5648a1",
              "isHook": false,
              "skipped": false
            }
          ],
          "suites": [],
          "passes": [
            "2c369b9f-ad51-4a8c-a3c6-7b688ecee24f",
            "8746976e-0c97-4136-80e6-1d67c8262aec"
          ],
          "failures": [],
          "pending": [],
          "skipped": [],
          "duration": 3,
          "root": false,
          "rootEmpty": false,
          "_timeout": 2000
        },
        {
          "uuid": "5af455d3-e9f8-4f1c-9f02-b157d7661764",
          "title": "satisfyRuleSchema",
          "fullFile": "/home/runner/work/planwithus-lib/planwithus-lib/src/satisfyRule/schemas.test.ts",
          "file": "/src/satisfyRule/schemas.test.ts",
          "beforeHooks": [],
          "afterHooks": [],
          "tests": [
            {
              "title": "should validate satisfy rule with valid block id",
              "fullTitle": "satisfyRuleSchema should validate satisfy rule with valid block id",
              "timedOut": false,
              "duration": 1,
              "state": "passed",
              "speed": "fast",
              "pass": true,
              "fail": false,
              "pending": false,
              "context": null,
              "code": "fast_check_1.assert(fast_check_1.property(fast_check_1.string(), ajvValidate)",
              "err": {},
              "uuid": "1987a69b-dc0f-4092-beab-c813f779694d",
              "parentUUID": "5af455d3-e9f8-4f1c-9f02-b157d7661764",
              "isHook": false,
              "skipped": false
            },
            {
              "title": "should validate satisfy rules with valid mc",
              "fullTitle": "satisfyRuleSchema should validate satisfy rules with valid mc",
              "timedOut": false,
              "duration": 2,
              "state": "passed",
              "speed": "fast",
              "pass": true,
              "fail": false,
              "pending": false,
              "context": "[\n  {\n    \"title\": \"mcSatisfyRule sample 0\",\n    \"value\": {\n      \"mc\": \"<=195\"\n    }\n  },\n  {\n    \"title\": \"mcSatisfyRule sample 1\",\n    \"value\": {\n      \"mc\": \"<=183\"\n    }\n  },\n  {\n    \"title\": \"mcSatisfyRule sample 2\",\n    \"value\": {\n      \"mc\": \"<=4\"\n    }\n  },\n  {\n    \"title\": \"mcSatisfyRule sample 3\",\n    \"value\": {\n      \"mc\": \">=7\"\n    }\n  },\n  {\n    \"title\": \"mcSatisfyRule sample 4\",\n    \"value\": {\n      \"mc\": \"<=2\"\n    }\n  },\n  {\n    \"title\": \"mcSatisfyRule sample 5\",\n    \"value\": {\n      \"mc\": \">=4\"\n    }\n  },\n  {\n    \"title\": \"mcSatisfyRule sample 6\",\n    \"value\": {\n      \"mc\": \">=2\"\n    }\n  },\n  {\n    \"title\": \"mcSatisfyRule sample 7\",\n    \"value\": {\n      \"mc\": \">=133\"\n    }\n  },\n  {\n    \"title\": \"mcSatisfyRule sample 8\",\n    \"value\": {\n      \"mc\": \"<=72\"\n    }\n  },\n  {\n    \"title\": \"mcSatisfyRule sample 9\",\n    \"value\": {\n      \"mc\": \"<=102\"\n    }\n  }\n]",
              "code": "fast_check_1.sample(index_test_2.mcSatisfyRule, 10).forEach((sample, i) => addContext_1.default(this, {\n    title: `mcSatisfyRule sample ${i}`,\n    value: sample,\n}));\nreturn fast_check_1.assert(fast_check_1.property(index_test_2.mcSatisfyRule, ajvValidate));",
              "err": {},
              "uuid": "890de2e2-af6c-4104-bc1a-28675c33ee4c",
              "parentUUID": "5af455d3-e9f8-4f1c-9f02-b157d7661764",
              "isHook": false,
              "skipped": false
            },
            {
              "title": "should validate valid recursive satisfy rules",
              "fullTitle": "satisfyRuleSchema should validate valid recursive satisfy rules",
              "timedOut": false,
              "duration": 4,
              "state": "passed",
              "speed": "fast",
              "pass": true,
              "fail": false,
              "pending": false,
              "context": "[\n  {\n    \"title\": \"satisfyRule sample 0\",\n    \"value\": {\n      \"mc\": \"<=45\"\n    }\n  },\n  {\n    \"title\": \"satisfyRule sample 1\",\n    \"value\": \"OmI`)io{)\"\n  },\n  {\n    \"title\": \"satisfyRule sample 2\",\n    \"value\": {\n      \"or\": []\n    }\n  },\n  {\n    \"title\": \"satisfyRule sample 3\",\n    \"value\": {\n      \"mc\": \">=61\"\n    }\n  },\n  {\n    \"title\": \"satisfyRule sample 4\",\n    \"value\": {\n      \"and\": [\n        \"h=CF~CY%;r\"\n      ]\n    }\n  },\n  {\n    \"title\": \"satisfyRule sample 5\",\n    \"value\": \"#Ul#\"\n  },\n  {\n    \"title\": \"satisfyRule sample 6\",\n    \"value\": {\n      \"or\": [\n        {\n          \"mc\": \">=1\"\n        },\n        {\n          \"or\": [\n            \"@pK\",\n            \":0'.(p-7Kt\",\n            {\n              \"or\": []\n            },\n            {\n              \"and\": [\n                \"A?[M{F+O#\",\n                {\n                  \"mc\": \"<=113\"\n                },\n                {\n                  \"or\": [\n                    \"k3N\",\n                    \"9Sp\\\\a\",\n                    \"+LT7#g.v|\",\n                    \"3\",\n                    \"]T j)\"\n                  ]\n                }\n              ]\n            }\n          ]\n        },\n        {\n          \"or\": [\n            {\n              \"mc\": \"<=175\"\n            },\n            {\n              \"mc\": \">=183\"\n            },\n            \"h0;kY/r6 \"\n          ]\n        },\n        {\n          \"and\": [\n            {\n              \"and\": [\n                \"@&s\",\n                {\n                  \"mc\": \">=187\"\n                },\n                \"ZX]c1z\",\n                {\n                  \"mc\": \">=134\"\n                }\n              ]\n            },\n            {\n              \"mc\": \"<=66\"\n            }\n          ]\n        },\n        {\n          \"mc\": \">=93\"\n        }\n      ]\n    }\n  },\n  {\n    \"title\": \"satisfyRule sample 7\",\n    \"value\": {\n      \"or\": [\n        \"Ah7]1\",\n        {\n          \"mc\": \">=7\"\n        },\n        {\n          \"and\": []\n        },\n        {\n          \"and\": [\n            \"7GBq[G`Cx<\",\n            {\n              \"and\": []\n            }\n          ]\n        },\n        {\n          \"or\": [\n            {\n              \"or\": [\n                \" :w\\\"d\",\n                \"R Lw2:ll;V\",\n                {\n                  \"mc\": \">=125\"\n                },\n                \"bL\"\n              ]\n            }\n          ]\n        }\n      ]\n    }\n  },\n  {\n    \"title\": \"satisfyRule sample 8\",\n    \"value\": {\n      \"or\": [\n        {\n          \"and\": [\n            {\n              \"or\": [\n                \"}#^l(\",\n                \":v+KH=u~4\"\n              ]\n            },\n            {\n              \"or\": [\n                {\n                  \"or\": [\n                    \".14F4YE&b\",\n                    \"~L@\"\n                  ]\n                },\n                \"} nGYx\",\n                \"Xz(5fC|f\",\n                \"C/\"\n              ]\n            }\n          ]\n        },\n        \"k4MO>vvG`@\",\n        \"P@1\",\n        \"Y=I8?D\"\n      ]\n    }\n  },\n  {\n    \"title\": \"satisfyRule sample 9\",\n    \"value\": {\n      \"and\": [\n        {\n          \"and\": [\n            {\n              \"and\": [\n                {\n                  \"and\": [\n                    \"\",\n                    \"J>mlQHLv$0\"\n                  ]\n                },\n                {\n                  \"or\": []\n                }\n              ]\n            },\n            {\n              \"or\": [\n                {\n                  \"mc\": \"<=49\"\n                },\n                \"jX:CP\",\n                {\n                  \"mc\": \">=49\"\n                },\n                {\n                  \"or\": [\n                    \"\",\n                    \"\",\n                    \"cx\",\n                    \"M9Gv\",\n                    \"#Dt;Zx\"\n                  ]\n                },\n                {\n                  \"mc\": \">=40\"\n                }\n              ]\n            },\n            \"XDlK\"\n          ]\n        },\n        {\n          \"mc\": \">=200\"\n        }\n      ]\n    }\n  }\n]",
              "code": "fast_check_1.sample(index_test_2.satisfyRule, 10).forEach((sample, i) => addContext_1.default(this, {\n    title: `satisfyRule sample ${i}`,\n    value: sample,\n}));\nreturn fast_check_1.assert(fast_check_1.property(index_test_2.satisfyRule, ajvValidate));",
              "err": {},
              "uuid": "be6f0aaa-1d0b-48c3-8682-9f7413776f8b",
              "parentUUID": "5af455d3-e9f8-4f1c-9f02-b157d7661764",
              "isHook": false,
              "skipped": false
            },
            {
              "title": "should not validate non-string/object",
              "fullTitle": "satisfyRuleSchema should not validate non-string/object",
              "timedOut": false,
              "duration": 1,
              "state": "passed",
              "speed": "fast",
              "pass": true,
              "fail": false,
              "pending": false,
              "context": null,
              "code": "const error = {\n    instancePath: \"\",\n    message: \"satisfy rule should be either a string or an object\",\n};\nisInvalidRule(null, error);\nisInvalidRule(undefined, error);\nisInvalidRule(10, error);\nisInvalidRule([12, 24], error);",
              "err": {},
              "uuid": "e8964ea4-b77e-42cf-be92-1ed7dda07e1e",
              "parentUUID": "5af455d3-e9f8-4f1c-9f02-b157d7661764",
              "isHook": false,
              "skipped": false
            },
            {
              "title": "should not validate satisfy rules with extra properties",
              "fullTitle": "satisfyRuleSchema should not validate satisfy rules with extra properties",
              "timedOut": false,
              "duration": 0,
              "state": "passed",
              "speed": "fast",
              "pass": true,
              "fail": false,
              "pending": false,
              "context": null,
              "code": "isInvalidRule({\n        and: [\n            { or: [\"2k\"], abc: \"def\" },\n            { mc: 8, ghi: \"jkl\" },\n        ],\n        mno: \"pqr\",\n    }, {\n        instancePath: \"/and/0\",\n        message: \"or satisfy rule should have property 'or' only\",\n    }, {\n        instancePath: \"/and/1\",\n        message: \"MC satisfy rule should have property 'mc' only\",\n    }, {\n        instancePath: \"\",\n        message: \"and satisfy rule should have property 'and' only\",\n    })",
              "err": {},
              "uuid": "f8ce8e6a-f7a2-4301-b70b-e8ba4e6fe79d",
              "parentUUID": "5af455d3-e9f8-4f1c-9f02-b157d7661764",
              "isHook": false,
              "skipped": false
            },
            {
              "title": "should not validate ambiguous satisfy rules",
              "fullTitle": "satisfyRuleSchema should not validate ambiguous satisfy rules",
              "timedOut": false,
              "duration": 1,
              "state": "passed",
              "speed": "fast",
              "pass": true,
              "fail": false,
              "pending": false,
              "context": null,
              "code": "const message = \"satisfy rule should have only one of properties 'mc', 'and', 'or'\";\nisInvalidRule({\n    or: [\n        { mc: 5, and: [\"CS2040\"] },\n        { and: [{ and: [\"abc\"], or: [\"def\"] }] },\n    ],\n}, { instancePath: \"/or/0\", message }, { instancePath: \"/or/1/and/0\", message });",
              "err": {},
              "uuid": "77b8206a-c712-448f-944d-112f7e682af4",
              "parentUUID": "5af455d3-e9f8-4f1c-9f02-b157d7661764",
              "isHook": false,
              "skipped": false
            },
            {
              "title": "should not validate and satisfy rules with non-array property",
              "fullTitle": "satisfyRuleSchema should not validate and satisfy rules with non-array property",
              "timedOut": false,
              "duration": 0,
              "state": "passed",
              "speed": "fast",
              "pass": true,
              "fail": false,
              "pending": false,
              "context": null,
              "code": "const message = \"property 'and' should be an array of satisfy rules\";\nisInvalidRule({ or: [{ and: {} }, { or: [{ and: 3 }] }] }, { instancePath: \"/or/0/and\", message }, { instancePath: \"/or/1/or/0/and\", message });",
              "err": {},
              "uuid": "d6bc63a4-edae-4e89-bf24-d50054c0fab4",
              "parentUUID": "5af455d3-e9f8-4f1c-9f02-b157d7661764",
              "isHook": false,
              "skipped": false
            },
            {
              "title": "should not validate or satisfy rules with non-array property",
              "fullTitle": "satisfyRuleSchema should not validate or satisfy rules with non-array property",
              "timedOut": false,
              "duration": 1,
              "state": "passed",
              "speed": "fast",
              "pass": true,
              "fail": false,
              "pending": false,
              "context": null,
              "code": "const message = \"property 'or' should be an array of satisfy rules\";\nisInvalidRule({ and: [{ or: {} }, { and: [{ or: 3 }] }] }, { instancePath: \"/and/0/or\", message }, { instancePath: \"/and/1/and/0/or\", message });",
              "err": {},
              "uuid": "49d39879-a527-4407-bde6-3fe0dd830875",
              "parentUUID": "5af455d3-e9f8-4f1c-9f02-b157d7661764",
              "isHook": false,
              "skipped": false
            }
          ],
          "suites": [],
          "passes": [
            "1987a69b-dc0f-4092-beab-c813f779694d",
            "890de2e2-af6c-4104-bc1a-28675c33ee4c",
            "be6f0aaa-1d0b-48c3-8682-9f7413776f8b",
            "e8964ea4-b77e-42cf-be92-1ed7dda07e1e",
            "f8ce8e6a-f7a2-4301-b70b-e8ba4e6fe79d",
            "77b8206a-c712-448f-944d-112f7e682af4",
            "d6bc63a4-edae-4e89-bf24-d50054c0fab4",
            "49d39879-a527-4407-bde6-3fe0dd830875"
          ],
          "failures": [],
          "pending": [],
          "skipped": [],
          "duration": 10,
          "root": false,
          "rootEmpty": false,
          "_timeout": 2000
        }
      ],
      "passes": [],
      "failures": [],
      "pending": [],
      "skipped": [],
      "duration": 0,
      "root": true,
      "rootEmpty": true,
      "_timeout": 2000
    }
  ],
  "meta": {
    "mocha": {
      "version": "9.0.2"
    },
    "mochawesome": {
      "options": {
        "quiet": false,
        "reportFilename": "mochawesome",
        "saveHtml": true,
        "saveJson": true,
        "consoleReporter": "spec",
        "useInlineDiffs": false,
        "code": true
      },
      "version": "6.2.2"
    },
    "marge": {
      "options": {
        "reportDir": "docs"
      },
      "version": "5.2.0"
    }
  }
}