{
  "stats": {
    "suites": 6,
    "tests": 29,
    "passes": 29,
    "pending": 0,
    "failures": 0,
    "start": "2021-07-06T02:45:28.808Z",
    "end": "2021-07-06T02:45:29.051Z",
    "duration": 243,
    "testsRegistered": 29,
    "passPercent": 100,
    "pendingPercent": 0,
    "other": 0,
    "hasOther": false,
    "skipped": 0,
    "hasSkipped": false
  },
  "results": [
    {
      "uuid": "8fdd3e4f-2306-422c-ad27-e73f28223c2e",
      "title": "",
      "fullFile": "",
      "file": "",
      "beforeHooks": [],
      "afterHooks": [],
      "tests": [],
      "suites": [
        {
          "uuid": "d1009ffc-9c16-4370-bf3e-c1d7fb114441",
          "title": "initDirectories",
          "fullFile": "/home/runner/work/planwithus-lib/planwithus-lib/src/block/schemas.test.ts",
          "file": "/src/block/schemas.test.ts",
          "beforeHooks": [],
          "afterHooks": [],
          "tests": [
            {
              "title": "should parse all blocks with no errors",
              "fullTitle": "initDirectories should parse all blocks with no errors",
              "timedOut": false,
              "duration": 3,
              "state": "passed",
              "speed": "fast",
              "pass": true,
              "fail": false,
              "pending": false,
              "context": null,
              "code": "_1.initDirectories.should.not.throw()",
              "err": {},
              "uuid": "3153af64-ea18-44c9-b32f-9037bd829240",
              "parentUUID": "d1009ffc-9c16-4370-bf3e-c1d7fb114441",
              "isHook": false,
              "skipped": false
            },
            {
              "title": "should produce primary, second & minor directories",
              "fullTitle": "initDirectories should produce primary, second & minor directories",
              "timedOut": false,
              "duration": 47,
              "state": "passed",
              "speed": "medium",
              "pass": true,
              "fail": false,
              "pending": false,
              "context": null,
              "code": "const directories = await _1.initDirectories();\ndirectories.should.have.property(\"primary\");\ndirectories.should.have.property(\"second\");\ndirectories.should.have.property(\"minor\");",
              "err": {},
              "uuid": "9c52e0da-5776-46ad-8df5-f233ada824cb",
              "parentUUID": "d1009ffc-9c16-4370-bf3e-c1d7fb114441",
              "isHook": false,
              "skipped": false
            }
          ],
          "suites": [],
          "passes": [
            "3153af64-ea18-44c9-b32f-9037bd829240",
            "9c52e0da-5776-46ad-8df5-f233ada824cb"
          ],
          "failures": [],
          "pending": [],
          "skipped": [],
          "duration": 50,
          "root": false,
          "rootEmpty": false,
          "_timeout": 2000
        },
        {
          "uuid": "02f6acc8-1c1c-474f-a28c-5a9cf99e4884",
          "title": "blockSchema",
          "fullFile": "/home/runner/work/planwithus-lib/planwithus-lib/src/block/schemas.test.ts",
          "file": "/src/block/schemas.test.ts",
          "beforeHooks": [],
          "afterHooks": [],
          "tests": [
            {
              "title": "should validate valid block",
              "fullTitle": "blockSchema should validate valid block",
              "timedOut": false,
              "duration": 136,
              "state": "passed",
              "speed": "slow",
              "pass": true,
              "fail": false,
              "pending": false,
              "context": "[\n  {\n    \"title\": \"block sample 0\",\n    \"value\": {\n      \"name\": \"v|T|!y\",\n      \"ay\": 1992,\n      \"assign\": [\n        \"Fc%\"\n      ],\n      \"match\": [\n        {\n          \"and\": [\n            {\n              \"pattern\": \"SM03M\",\n              \"exclude\": \"QF07\",\n              \"info\": \"Ox8N\"\n            },\n            {\n              \"pattern\": \"VA57\",\n              \"exclude\": \"DM3945\",\n              \"info\": \"#\\\"y${ },#{\"\n            }\n          ]\n        }\n      ],\n      \"url\": \"https://5.gfdoxn8q.er9itbnjtwtnhjs78tmmdkfrgooiwtbnyqq.r0ysmb6ww3crasg1efwxuxa8z95khqg52u9h7h6g1grqfk072lqeuyk7v.fggyht\",\n      \"info\": \"\",\n      \"Ki$\": {\n        \"name\": \"#!\",\n        \"ay\": 2028,\n        \"match\": [\n          {\n            \"pattern\": \"PB2\",\n            \"exclude\": \"JOK016\",\n            \"info\": \"Z_\"\n          },\n          {\n            \"and\": [\n              {\n                \"and\": [\n                  {\n                    \"or\": [\n                      \"YHK5xB\",\n                      {\n                        \"and\": []\n                      },\n                      {\n                        \"or\": [\n                          \"NHN515\",\n                          \"PM490\"\n                        ]\n                      }\n                    ]\n                  },\n                  \"TV49\"\n                ]\n              },\n              {\n                \"pattern\": \"WTC6*05\",\n                \"exclude\": [\n                  \"YFXxR\"\n                ],\n                \"info\": \"aG{McJpR/@\"\n              },\n              {\n                \"and\": []\n              }\n            ]\n          },\n          {\n            \"or\": [\n              {\n                \"pattern\": \"NA4357\",\n                \"exclude\": [\n                  \"EOE532\",\n                  \"VUE5x\"\n                ],\n                \"info\": \"-O\"\n              },\n              {\n                \"pattern\": \"GI30\",\n                \"exclude\": [\n                  \"HY28\",\n                  \"QT3064\",\n                  \"PEO722\"\n                ]\n              },\n              {\n                \"or\": []\n              }\n            ]\n          },\n          {\n            \"or\": [\n              \"JOI442D\",\n              {\n                \"or\": [\n                  \"VEM33X\",\n                  \"HBO8\",\n                  {\n                    \"or\": [\n                      \"BRP3**\"\n                    ]\n                  },\n                  {\n                    \"or\": [\n                      \"DAQ2V\"\n                    ]\n                  },\n                  \"WYL864\"\n                ]\n              }\n            ]\n          },\n          {\n            \"and\": [\n              {\n                \"or\": []\n              }\n            ]\n          }\n        ],\n        \"satisfy\": {\n          \"mc\": \"<=193\"\n        },\n        \"url\": \"https://dnp033v9u5wcz8fdfp2jh2qndi36-tn.x.aqfhe5w8qpew.6fws.lgnkxcrsnh/I%F2%99%9C%AACVx/%F4%8A%A7%B64/O@,%F2%BA%8B%A5.EV99/G/@uYU4'/aB$d%F4%80%8E%B87%F3%B3%98%B5:%F4%82%B5%81%F1%9C%A3%B0/GB0=\",\n        \"info\": \"#! y7 \",\n        \"N\\\"f.`Xa,{\": {\n          \"name\": \"=q,2@\",\n          \"ay\": 1988,\n          \"assign\": \"N\",\n          \"match\": {\n            \"or\": [\n              {\n                \"pattern\": \"RK876x\",\n                \"exclude\": \"TZM4B\"\n              },\n              {\n                \"and\": []\n              }\n            ]\n          },\n          \"satisfy\": {\n            \"and\": [\n              \"hBn8A9@\"\n            ]\n          },\n          \"url\": \"https://2sm4u0qh8f42.d1xz63nzhghppa3necdqw0osozfe5exf6.p.mmi/%F1%BF%9E%99'/C%F1%AA%AE%A8EDS/V4!7NNe76\",\n          \"info\": \"Bs\",\n          \"/RPD(H,<`I\": {\n            \"name\": \"=Uo\",\n            \"ay\": 1997,\n            \"assign\": [\n              \"TXE'c/@L`\",\n              \"lW}ETPW\",\n              \"3yAmg16@k\"\n            ],\n            \"match\": [\n              \"GT396K\",\n              {\n                \"and\": [\n                  \"YV5**\"\n                ]\n              }\n            ],\n            \"url\": \"http://9z.uiclbkvt/7K!/QqbH/R2/sp3a1/Jd9ui/4DnLT/%F3%8B%B5%AEv~r%F2%84%9F%96nYi\",\n            \"info\": \"iU '\"\n          },\n          \"1SGfe5\": {\n            \"ay\": 2025,\n            \"assign\": [\n              \"[\",\n              \"iX'kP\",\n              \"aK(KU%?Bs\",\n              \"aw{\"\n            ],\n            \"match\": {\n              \"and\": []\n            },\n            \"satisfy\": [\n              {\n                \"or\": [\n                  {\n                    \"mc\": \">=160\"\n                  }\n                ]\n              },\n              {\n                \"and\": [\n                  {\n                    \"or\": [\n                      \")I/=C'n~\"\n                    ]\n                  },\n                  {\n                    \"and\": [\n                      \"H20))9bYD\"\n                    ]\n                  },\n                  {\n                    \"mc\": \">=135\"\n                  },\n                  {\n                    \"and\": [\n                      {\n                        \"and\": [\n                          {\n                            \"or\": []\n                          },\n                          {\n                            \"or\": [\n                              \"-f3u$U7<[l\",\n                              \"%lr(t\",\n                              \"95du)k%YX\"\n                            ]\n                          },\n                          {\n                            \"and\": [\n                              \"-v\",\n                              \"^si-@Q\",\n                              {\n                                \"mc\": \"<=94\"\n                              },\n                              \"!<,|Ik\"\n                            ]\n                          },\n                          {\n                            \"or\": []\n                          }\n                        ]\n                      },\n                      \"Fg:-4VW\"\n                    ]\n                  }\n                ]\n              },\n              \"\\\"_G^p&eh\",\n              {\n                \"or\": [\n                  {\n                    \"and\": []\n                  },\n                  {\n                    \"and\": [\n                      {\n                        \"and\": []\n                      },\n                      \"p>LXJ~Vm`\",\n                      {\n                        \"mc\": \"<=115\"\n                      }\n                    ]\n                  },\n                  {\n                    \"or\": [\n                      {\n                        \"or\": []\n                      },\n                      {\n                        \"or\": []\n                      },\n                      \":auka1\",\n                      {\n                        \"mc\": \">=140\"\n                      },\n                      {\n                        \"or\": [\n                          {\n                            \"and\": []\n                          }\n                        ]\n                      }\n                    ]\n                  },\n                  \"`\",\n                  \"|\"\n                ]\n              },\n              {\n                \"and\": [\n                  {\n                    \"and\": [\n                      {\n                        \"and\": [\n                          \"8D&dW8*/:\\\\\",\n                          \"#.I?0\"\n                        ]\n                      },\n                      {\n                        \"mc\": \">=134\"\n                      },\n                      {\n                        \"and\": [\n                          {\n                            \"and\": [\n                              \"j#9E%SCJ6&\",\n                              \"\",\n                              {\n                                \"and\": [\n                                  \"zP=qQ\",\n                                  \"k\\\"[(iJ\"\n                                ]\n                              },\n                              \"[St_Fupi%_\"\n                            ]\n                          },\n                          \"G@4uVL#&|\"\n                        ]\n                      },\n                      \"i2'\"\n                    ]\n                  }\n                ]\n              }\n            ],\n            \"url\": \"http://5k7j9n4u5wuqk18hjd0ukh3ywjtv19oujgzl8y2zwuv20y57.i9zml16shwkqkxu9r9tpi2kemnzu148cs2g.vmo6f8a9pptqq707yvh5-qebin2fj7jyy3rdbswj--lupeyd.lcuznom-bf3y3unae72637ziwt7eeiixop3-9850.40zl7n3rmnkel52foblgre4bnbqzf0ga63wfb.wuhjepa/lF/69Yn;Rn%F0%BA%BC%A4(i/Q&VSL)/($v)/,I2!%F3%97%84%A7~a9/$H97DGRW/c=j)qutJk/f29pDP*/e7NdXS!3Tf/V40c\",\n            \"info\": \"OFzR'C}q<R\"\n          },\n          \"\": {\n            \"name\": \"3~9OXM\",\n            \"ay\": 2030,\n            \"assign\": [\n              \"U1Ag${$T\",\n              \"Zvf +?0(\"\n            ],\n            \"match\": [\n              {\n                \"pattern\": \"VJ87*9\",\n                \"exclude\": [\n                  \"LKF92T\",\n                  \"ORT39U\",\n                  \"RAI*14\",\n                  \"GHZ8\",\n                  \"BV43J\"\n                ]\n              }\n            ],\n            \"satisfy\": [],\n            \"info\": \"M{5ka\"\n          },\n          \"A)\": {\n            \"name\": \"2z%Hvb*3\",\n            \"ay\": 1982,\n            \"assign\": \"`aH\",\n            \"satisfy\": [\n              {\n                \"or\": [\n                  {\n                    \"and\": [\n                      {\n                        \"mc\": \">=116\"\n                      }\n                    ]\n                  },\n                  \"6wPniFv\"\n                ]\n              },\n              {\n                \"or\": [\n                  {\n                    \"and\": [\n                      {\n                        \"mc\": \">=134\"\n                      }\n                    ]\n                  },\n                  \"N[\",\n                  {\n                    \"and\": []\n                  }\n                ]\n              },\n              {\n                \"or\": [\n                  {\n                    \"mc\": \"<=37\"\n                  },\n                  \"s)B(}\",\n                  {\n                    \"and\": [\n                      \"bU%D*#1\"\n                    ]\n                  }\n                ]\n              }\n            ]\n          }\n        },\n        \"7)w}<JDYMR\": {\n          \"name\": \"S^6A\",\n          \"satisfy\": {\n            \"or\": [\n              \"AexLE=\",\n              {\n                \"mc\": \">=105\"\n              }\n            ]\n          },\n          \"url\": \"http://bgefkbzbofq8ewpolwcj5wrj3shizeqrwt12zp3s3uxko9wxi9yq3pwn.m54i3n0x6yc-0qetkfs4ifxd54r627j8sysk6i1z1uciupisdqz2.0.nmko/_xa%F0%BD%B8%81/;$B+ha/b/x%F1%BC%B3%B3t_/\",\n          \"info\": \"t+f7w$]R0A\"\n        }\n      },\n      \"\": {\n        \"name\": \" x&GHfzx$%\",\n        \"ay\": 2015,\n        \"assign\": \"=\",\n        \"match\": [\n          {\n            \"or\": []\n          },\n          {\n            \"and\": [\n              {\n                \"and\": [\n                  {\n                    \"and\": []\n                  },\n                  \"QTX7665W\",\n                  {\n                    \"pattern\": \"GP84\",\n                    \"exclude\": [\n                      \"BOJ9x\",\n                      \"LZ778B\",\n                      \"GKV14*Y\"\n                    ],\n                    \"info\": \"SV\\\\^NS\"\n                  },\n                  \"MXB747xP\",\n                  \"SN69*\"\n                ]\n              },\n              {\n                \"and\": [\n                  {\n                    \"pattern\": \"GBK497\",\n                    \"info\": \"(6\\\"#\"\n                  }\n                ]\n              },\n              {\n                \"or\": []\n              },\n              \"VV75x2A\"\n            ]\n          }\n        ],\n        \"satisfy\": [\n          {\n            \"and\": [\n              {\n                \"mc\": \"<=147\"\n              },\n              {\n                \"and\": [\n                  {\n                    \"mc\": \"<=89\"\n                  }\n                ]\n              }\n            ]\n          }\n        ],\n        \"url\": \"http://llcbax8ewbh562icf0ee.bq.ddfbw.d0zc2dgsetva446ihag.wbth7jmgs8j3efup490oaunr2rom9x57h-91c0qkh2oxw5ykkyqyu74.yk/%F3%94%99%B5X+jdb@j\",\n        \"$I\": {\n          \"name\": \"&\",\n          \"ay\": 2013,\n          \"assign\": [\n            \"qi;WuE\"\n          ],\n          \"match\": {\n            \"pattern\": \"VV48\",\n            \"exclude\": \"ZO3\",\n            \"info\": \" 2..y\"\n          },\n          \"satisfy\": {\n            \"and\": [\n              \"S\",\n              \";4`kOD ,]\",\n              {\n                \"or\": [\n                  {\n                    \"or\": [\n                      {\n                        \"or\": [\n                          \"<F4YF\",\n                          \"r}5?:-\",\n                          {\n                            \"and\": [\n                              \"\",\n                              {\n                                \"and\": []\n                              },\n                              \"SJ2{QG5I\"\n                            ]\n                          }\n                        ]\n                      },\n                      {\n                        \"or\": [\n                          {\n                            \"or\": [\n                              \"Ta4>:M\",\n                              \"c9\",\n                              \"B\",\n                              {\n                                \"or\": [\n                                  \"lR jZvY{\",\n                                  \"\"\n                                ]\n                              },\n                              \"8%7\"\n                            ]\n                          },\n                          \"z8];h(\",\n                          \"e9/O!j\",\n                          \"V+u0H#,Z\",\n                          \"X!a#}D\\\\\"\n                        ]\n                      }\n                    ]\n                  },\n                  \"s-C\",\n                  \"\",\n                  {\n                    \"or\": [\n                      \"%\",\n                      {\n                        \"and\": []\n                      },\n                      {\n                        \"mc\": \"<=148\"\n                      },\n                      \".\"\n                    ]\n                  }\n                ]\n              }\n            ]\n          },\n          \"url\": \"http://8t586fiah7rxey8e9nzt9idqxdxdkam1ayyz15fnhh5td.ddecdxb///\",\n          \"info\": \"1$\"\n        }\n      }\n    }\n  },\n  {\n    \"title\": \"block sample 1\",\n    \"value\": {\n      \"name\": \"b:a& \\\"d2\\\"\",\n      \"ay\": 1955,\n      \"assign\": [\n        \",EX4)V\",\n        \"o-4=:ippY\",\n        \"(fp+h?\"\n      ],\n      \"match\": {\n        \"pattern\": \"BF346\",\n        \"exclude\": [\n          \"SZX71\",\n          \"GII245\"\n        ],\n        \"info\": \"\"\n      },\n      \"satisfy\": \" }~ !eK%/\",\n      \"url\": \"http://sb7b80f5be9fk2ve8le-ofpyee9alp4b7-frb9qcri6cjwebfe.hpeushf/rP+Z6yevR6/_b+%F3%BA%98%97b%F3%B5%9B%AE!V/6b*Y:4IA/%F0%9F%9F%B3TI6d_=3\",\n      \"info\": \"iR9'Ig\"\n    }\n  },\n  {\n    \"title\": \"block sample 2\",\n    \"value\": {\n      \"name\": \"!-!# \\\"eU\",\n      \"ay\": 2012,\n      \"assign\": \"${zz~Bw\",\n      \"satisfy\": {\n        \"mc\": \">=18\"\n      },\n      \"url\": \"http://hwir8bhhpywlv9zcw6txzj8udc2rphwlevd.acczbzcwfp//V;/pc_/%F1%A3%89%A8Sv'zyhtwK/cjcQC@gY+/%F1%9D%A5%B8k7QdZB/%F3%B1%9C%95;Am\",\n      \"info\": \"\"\n    }\n  },\n  {\n    \"title\": \"block sample 3\",\n    \"value\": {\n      \"name\": \"!Y8\",\n      \"ay\": 1970,\n      \"satisfy\": [\n        {\n          \"mc\": \">=46\"\n        },\n        {\n          \"and\": [\n            \"Q=X;I0zQ\",\n            {\n              \"and\": [\n                {\n                  \"and\": [\n                    \"A\",\n                    \"xRh8)!a~V\",\n                    {\n                      \"and\": [\n                        \"J~s|>z-c\",\n                        \"_\\\"h)B{DPzJ\",\n                        \"p^LmpY\"\n                      ]\n                    },\n                    {\n                      \"and\": [\n                        \"H.\",\n                        \"Ex\"\n                      ]\n                    }\n                  ]\n                },\n                \"]t\",\n                {\n                  \"mc\": \"<=185\"\n                },\n                {\n                  \"mc\": \">=146\"\n                }\n              ]\n            },\n            \"\",\n            {\n              \"or\": [\n                \"f7S@X<hA5\",\n                \"iK-%\",\n                {\n                  \"or\": [\n                    {\n                      \"or\": [\n                        \"o\",\n                        {\n                          \"or\": [\n                            \">~/4(\",\n                            \"F '\"\n                          ]\n                        }\n                      ]\n                    },\n                    {\n                      \"or\": [\n                        \"\"\n                      ]\n                    },\n                    {\n                      \"or\": [\n                        \"\",\n                        \"YIO;\\\"t1=VO\",\n                        \"SAU-7\",\n                        \"@]':r7f&\"\n                      ]\n                    }\n                  ]\n                }\n              ]\n            }\n          ]\n        },\n        \"@Wq+,3]\\\"Z3\",\n        {\n          \"and\": []\n        },\n        {\n          \"and\": []\n        }\n      ],\n      \"url\": \"http://3ksyzqlhn6jwaui1nikv0m-oc6e3732-chzeygkkg42ymivwt.yedazbddc/dzZ//%F4%8F%BF%BD/03)cG/c/qW2,6iixR/@ew)%F0%BB%86%ACLV+;I/2//%F3%81%BC%A9\",\n      \"xx&\": {\n        \"name\": \"\\\"d!(t3\",\n        \"ay\": 1986,\n        \"match\": [\n          {\n            \"and\": [\n              \"MOxV\",\n              {\n                \"pattern\": \"JX8*2\",\n                \"info\": \"7RO,D\"\n              },\n              {\n                \"and\": [\n                  {\n                    \"pattern\": \"FX3946\",\n                    \"exclude\": [],\n                    \"info\": \"CE0eR)\"\n                  },\n                  {\n                    \"and\": [\n                      \"IW53*4X\",\n                      {\n                        \"and\": [\n                          \"BBI*x0\",\n                          \"EJY668I\",\n                          \"RLO4Z\",\n                          \"DOH25\",\n                          \"UD0\"\n                        ]\n                      },\n                      \"RI24*0\",\n                      {\n                        \"pattern\": \"JJYx345O\",\n                        \"exclude\": \"TY1xV\",\n                        \"info\": \"\"\n                      },\n                      \"VIQ2J\"\n                    ]\n                  },\n                  \"EVZ704\",\n                  {\n                    \"or\": [\n                      \"ZLI93\",\n                      \"VR335W\"\n                    ]\n                  },\n                  {\n                    \"pattern\": \"CKY59C\",\n                    \"exclude\": \"PR6011\",\n                    \"info\": \"h?@'\"\n                  }\n                ]\n              },\n              {\n                \"pattern\": \"LKP*\",\n                \"exclude\": \"HOO8S\",\n                \"info\": \"u]\"\n              },\n              {\n                \"pattern\": \"OQJ*7\",\n                \"exclude\": [\n                  \"MOS886\",\n                  \"AY3626X\",\n                  \"RB1\",\n                  \"OVGx09Z\"\n                ],\n                \"info\": \"ueqC\"\n              }\n            ]\n          },\n          \"AEM**x\",\n          \"AQY7\",\n          {\n            \"or\": [\n              {\n                \"or\": [\n                  \"ULY87*8Q\"\n                ]\n              }\n            ]\n          }\n        ],\n        \"satisfy\": {\n          \"mc\": \"<=119\"\n        },\n        \"url\": \"https://9kfa80qsjt8t.wnca9ku2romqj4anz80wx7j1sjczthkn7vrk573-f3-5a.tw-1n3-muu.f2vy8q8zdzkr29wneq0nquf4jilqmutuhstrdbwkeqzjrxmurz43hfzeqccwc-j.jajqsitum/,ol$')4x26\",\n        \"\": {\n          \"name\": \"+zp!p\",\n          \"ay\": 2018,\n          \"assign\": [],\n          \"satisfy\": {\n            \"mc\": \">=22\"\n          },\n          \"info\": \"(~|g\"\n        },\n        \"8IZ$=\": {\n          \"name\": \"a:,U~\",\n          \"assign\": \":-#uoG\",\n          \"match\": [\n            {\n              \"or\": [\n                {\n                  \"and\": [\n                    {\n                      \"and\": [\n                        {\n                          \"and\": [\n                            \"HXC*775\"\n                          ]\n                        }\n                      ]\n                    },\n                    {\n                      \"and\": [\n                        \"HEC160\",\n                        {\n                          \"pattern\": \"XWX5Y\",\n                          \"exclude\": [\n                            \"KS3H\",\n                            \"JW3G\",\n                            \"RBW1*87\"\n                          ],\n                          \"info\": \"h?sKF\"\n                        }\n                      ]\n                    },\n                    {\n                      \"and\": [\n                        \"JWO3T\",\n                        \"NQE7134\"\n                      ]\n                    },\n                    \"QK6\",\n                    {\n                      \"pattern\": \"ALL4\",\n                      \"exclude\": [\n                        \"GD35\",\n                        \"MIP34\",\n                        \"ZTC5x4T\",\n                        \"NNT3Q\",\n                        \"FOK18x3\"\n                      ],\n                      \"info\": \"wG4!1H-R\"\n                    }\n                  ]\n                }\n              ]\n            },\n            {\n              \"and\": [\n                \"SVx550\",\n                {\n                  \"pattern\": \"TY0\",\n                  \"info\": \"\"\n                },\n                {\n                  \"pattern\": \"RRL801L\",\n                  \"exclude\": [\n                    \"EF50O\"\n                  ],\n                  \"info\": \"VerFSn=\"\n                },\n                {\n                  \"and\": [\n                    {\n                      \"pattern\": \"II2*D\",\n                      \"exclude\": \"IJ11C\"\n                    },\n                    \"UJB80\",\n                    {\n                      \"pattern\": \"IAH64G\",\n                      \"exclude\": [\n                        \"JDT5*\",\n                        \"DBT0\",\n                        \"CTT**x\"\n                      ],\n                      \"info\": \";&Lz~\"\n                    },\n                    {\n                      \"pattern\": \"XGW90Y\",\n                      \"info\": \":?3\"\n                    }\n                  ]\n                }\n              ]\n            },\n            {\n              \"pattern\": \"SZ761\",\n              \"exclude\": [\n                \"GC328M\",\n                \"DZP01\",\n                \"YN82x3P\",\n                \"JDV9x99\",\n                \"BA7275\"\n              ],\n              \"info\": \"*;(DB mAoA\"\n            },\n            {\n              \"or\": []\n            }\n          ],\n          \"satisfy\": {\n            \"mc\": \">=67\"\n          },\n          \"url\": \"http://k.nqt\",\n          \"info\": \" ^\\\\8wy&?Q\",\n          \"38sk9G5\": {\n            \"name\": \"w21on\",\n            \"ay\": 2025,\n            \"assign\": \"G+?c,WQ\",\n            \"satisfy\": {\n              \"and\": []\n            },\n            \"url\": \"https://oa859cqzdtdk2.l5pzcjtyvnfrx4r7kyy4qlp7.gh/E6$x/%F1%A6%8B%986S$$!a/(2;rF80&/uEvv%F3%AE%A0%B6Y%F2%A8%BE%8A%F4%8E%A1%ADC\",\n            \"info\": \"`>v(\"\n          },\n          \"%Un^u7+\": {\n            \"name\": \"\",\n            \"assign\": \">_MzLe9\",\n            \"match\": [\n              {\n                \"pattern\": \"UC7x1\",\n                \"exclude\": [\n                  \"KN*6\"\n                ],\n                \"info\": \"MRru$}\"\n              },\n              {\n                \"pattern\": \"HN2x\",\n                \"exclude\": \"JS343R\",\n                \"info\": \"qw3yCfq)\"\n              },\n              {\n                \"or\": [\n                  {\n                    \"or\": [\n                      \"NPN0955\",\n                      {\n                        \"pattern\": \"IZ545\"\n                      },\n                      {\n                        \"and\": [\n                          \"ERO7\",\n                          \"UY4174\",\n                          \"FOK1\",\n                          \"OS9xx1\",\n                          \"ULR9164O\"\n                        ]\n                      },\n                      {\n                        \"or\": [\n                          \"KMV7x\",\n                          {\n                            \"or\": [\n                              \"XB4F\",\n                              \"KR*7C\"\n                            ]\n                          },\n                          {\n                            \"or\": [\n                              \"HB7863P\",\n                              \"GP24\",\n                              {\n                                \"or\": [\n                                  \"WL54*0\",\n                                  {\n                                    \"or\": [\n                                      \"LS727F\",\n                                      \"IOx7*\",\n                                      \"VO077\",\n                                      \"AKA7\",\n                                      \"SYQ0*\"\n                                    ]\n                                  },\n                                  \"GO*45H\",\n                                  \"JTM52\",\n                                  \"HV82*M\"\n                                ]\n                              },\n                              \"RI084\",\n                              {\n                                \"and\": [\n                                  \"GQ6\"\n                                ]\n                              }\n                            ]\n                          },\n                          \"IY8\"\n                        ]\n                      }\n                    ]\n                  },\n                  {\n                    \"pattern\": \"CT20\",\n                    \"exclude\": \"LN05*U\",\n                    \"info\": \"~\"\n                  }\n                ]\n              },\n              {\n                \"pattern\": \"OT242N\",\n                \"exclude\": [\n                  \"YRG13*2K\",\n                  \"ARZ7X\",\n                  \"LV45x\",\n                  \"JFY533U\",\n                  \"PT7N\"\n                ],\n                \"info\": \"W`vED)>\"\n              },\n              {\n                \"pattern\": \"CE3\",\n                \"exclude\": [\n                  \"ED6Y\",\n                  \"NPC509*T\",\n                  \"AJ1092\",\n                  \"OJX4W\",\n                  \"LV4x90\"\n                ],\n                \"info\": \"gz>\"\n              }\n            ],\n            \"satisfy\": [\n              {\n                \"mc\": \">=155\"\n              },\n              {\n                \"mc\": \">=89\"\n              },\n              \">T\",\n              \"#vQ<7R'\",\n              {\n                \"and\": [\n                  {\n                    \"mc\": \"<=143\"\n                  },\n                  {\n                    \"or\": [\n                      \"\",\n                      {\n                        \"or\": [\n                          \"539xR G8\",\n                          {\n                            \"and\": [\n                              \"tVR]4\",\n                              \"A.zy}~Z^\",\n                              \"e`5f~z \",\n                              \"F(gM;=i[\",\n                              \"\"\n                            ]\n                          },\n                          \"\",\n                          {\n                            \"and\": [\n                              \"]LQ3\"\n                            ]\n                          }\n                        ]\n                      },\n                      \"Y\",\n                      {\n                        \"or\": [\n                          \"[m:c8[Zu\",\n                          \"1@]g\",\n                          \"_aq!wpR]vf\",\n                          {\n                            \"and\": [\n                              \"\",\n                              \",\\\"e&jy\",\n                              \"g)5%1en%z\"\n                            ]\n                          }\n                        ]\n                      }\n                    ]\n                  },\n                  {\n                    \"and\": [\n                      {\n                        \"or\": [\n                          \"LBo%+8\",\n                          \"fqX6\",\n                          {\n                            \"or\": [\n                              \"6@O\"\n                            ]\n                          }\n                        ]\n                      }\n                    ]\n                  },\n                  \"!4fht'\"\n                ]\n              }\n            ],\n            \"url\": \"http://t.2.51o939j3tn2q9ebeb65y.gj4pvybiahrwrtewlzj8v-sit821ejzs2ba7wzs6y21jzo79ahn21htzf9x5sk.rtw.yscmwuga/0Z~&%F1%A2%AC%86G/7Vj//E//D_r/mq1\",\n            \"info\": \",1;bgaLH\"\n          },\n          \"dXT#^0N\\\\<\": {\n            \"name\": \"!J!*!ItF%{\",\n            \"ay\": 1958,\n            \"assign\": \"\\\"0IE3a}w/v\",\n            \"match\": {\n              \"and\": [\n                {\n                  \"or\": [\n                    \"CQS8x3I\"\n                  ]\n                },\n                {\n                  \"and\": [\n                    {\n                      \"and\": [\n                        {\n                          \"and\": []\n                        },\n                        \"DSQ0x\"\n                      ]\n                    }\n                  ]\n                },\n                {\n                  \"or\": [\n                    {\n                      \"and\": [\n                        \"OPQ2488O\",\n                        {\n                          \"or\": []\n                        },\n                        \"WAK94\"\n                      ]\n                    },\n                    {\n                      \"pattern\": \"JF0\",\n                      \"exclude\": \"CK98\",\n                      \"info\": \"Q6c(Xsv\"\n                    },\n                    \"QR434X\"\n                  ]\n                },\n                {\n                  \"or\": [\n                    \"OV4464\",\n                    \"ULH2034J\",\n                    {\n                      \"and\": [\n                        \"WICx7\",\n                        \"HL05N\"\n                      ]\n                    },\n                    {\n                      \"and\": [\n                        {\n                          \"or\": []\n                        },\n                        {\n                          \"and\": [\n                            {\n                              \"pattern\": \"XLV03\",\n                              \"exclude\": \"CZXx\"\n                            }\n                          ]\n                        },\n                        \"JH2\",\n                        {\n                          \"pattern\": \"RH5*4xL\",\n                          \"info\": \"#\"\n                        },\n                        \"MMQ923J\"\n                      ]\n                    },\n                    \"UU61\"\n                  ]\n                },\n                {\n                  \"or\": [\n                    {\n                      \"and\": [\n                        \"FW819M\",\n                        {\n                          \"or\": [\n                            \"YC3x47\",\n                            \"HHK699N\",\n                            \"JK7\",\n                            \"RGH12*U\",\n                            \"ZEC3F\"\n                          ]\n                        },\n                        \"HUB9*U\",\n                        \"DUIx4P\"\n                      ]\n                    }\n                  ]\n                }\n              ]\n            },\n            \"satisfy\": [\n              {\n                \"or\": [\n                  {\n                    \"or\": [\n                      \"UKJ\",\n                      \"8B\"\n                    ]\n                  },\n                  \"M|]+\",\n                  {\n                    \"or\": [\n                      \"lEO\",\n                      {\n                        \"and\": [\n                          \"PpL)bT\",\n                          \"?iM*^>~dZ\"\n                        ]\n                      },\n                      \"(tkw>S;2\",\n                      {\n                        \"and\": []\n                      },\n                      {\n                        \"or\": [\n                          \"C}J\",\n                          \"E%YH@CZGIC\",\n                          {\n                            \"mc\": \">=195\"\n                          }\n                        ]\n                      }\n                    ]\n                  }\n                ]\n              },\n              {\n                \"or\": []\n              },\n              {\n                \"and\": [\n                  {\n                    \"or\": [\n                      {\n                        \"and\": [\n                          \"*(ra6qO(~\",\n                          \"oWq&phC\",\n                          \"\"\n                        ]\n                      },\n                      \"QH-\"\n                    ]\n                  },\n                  {\n                    \"or\": [\n                      {\n                        \"or\": [\n                          \"8QB\",\n                          {\n                            \"and\": [\n                              \"Kp/;xkq|p\"\n                            ]\n                          },\n                          \"?VwN&\",\n                          {\n                            \"and\": [\n                              \"G.h\",\n                              \"M]E3VK!H\",\n                              {\n                                \"and\": [\n                                  \"\\\\9\"\n                                ]\n                              },\n                              \"dl\"\n                            ]\n                          },\n                          {\n                            \"and\": [\n                              \"and\",\n                              \"M+/s\",\n                              {\n                                \"and\": [\n                                  \"LBQ#[:Au\",\n                                  \"K^r\",\n                                  \"k>\",\n                                  {\n                                    \"and\": []\n                                  },\n                                  \"q+\"\n                                ]\n                              },\n                              \"\"\n                            ]\n                          }\n                        ]\n                      }\n                    ]\n                  },\n                  {\n                    \"mc\": \"<=106\"\n                  }\n                ]\n              },\n              {\n                \"and\": [\n                  {\n                    \"or\": [\n                      \"&C!\",\n                      \"dT\\\"-Mm@3r2\",\n                      \"[F5;K\",\n                      {\n                        \"or\": [\n                          {\n                            \"or\": []\n                          },\n                          \"'`Oy4Vi\"\n                        ]\n                      }\n                    ]\n                  }\n                ]\n              },\n              {\n                \"mc\": \">=171\"\n              }\n            ],\n            \"url\": \"https://4thodithc20ojxqia29rf8.o7u895ya.mlavlle/T'aVvh&v%F3%B4%86%90P/a!/@gN)%F3%83%BF%AD/Is%F3%83%BF%87oD8F/%F1%9C%9E%95Lk_6=cL/m./BG*P'\"\n          }\n        },\n        \"u<gz.\": {\n          \"name\": \"O\",\n          \"assign\": \"L6|\\\\fVE7\",\n          \"satisfy\": [],\n          \"url\": \"http://zjop45z8cer.hxvy\",\n          \"info\": \")\",\n          \"\": {\n            \"name\": \"_'\",\n            \"ay\": 1986,\n            \"assign\": \"e\",\n            \"match\": {\n              \"pattern\": \"VV556x\",\n              \"exclude\": \"TNB4158R\",\n              \"info\": \"R.x_5;)#f\"\n            },\n            \"satisfy\": {\n              \"mc\": \">=104\"\n            },\n            \"url\": \"http://wdsj-hpx6woyml5fxiuu0mz616pnh9re6x8-iafaz.7pv4jkn2y3ldohqth89iazbwcr3k01a-u0.n.megwxzpv/Bh9/qU9G/0/,_~%F1%8F%8C%BE'_+3/%F2%8B%84%98.mk.\",\n            \"info\": \"^a\"\n          },\n          \"j(G!Bi}\": {\n            \"name\": \"U\",\n            \"ay\": 1962,\n            \"match\": [\n              {\n                \"or\": [\n                  \"ELJ9J\",\n                  {\n                    \"and\": [\n                      \"VTD3X\"\n                    ]\n                  },\n                  {\n                    \"pattern\": \"AZx\",\n                    \"exclude\": \"NXC53F\",\n                    \"info\": \"4g0 D\"\n                  }\n                ]\n              }\n            ],\n            \"satisfy\": [\n              {\n                \"and\": [\n                  {\n                    \"or\": [\n                      {\n                        \"mc\": \"<=154\"\n                      }\n                    ]\n                  },\n                  {\n                    \"or\": [\n                      {\n                        \"and\": [\n                          {\n                            \"mc\": \">=133\"\n                          },\n                          \"SQKfRr)\",\n                          \"hq!aspC\"\n                        ]\n                      },\n                      \"t><_`f\\\"%\",\n                      {\n                        \"or\": [\n                          \"v$9\",\n                          \"E\",\n                          \"&4!\",\n                          {\n                            \"mc\": \"<=173\"\n                          }\n                        ]\n                      },\n                      {\n                        \"and\": [\n                          \"^\"\n                        ]\n                      }\n                    ]\n                  }\n                ]\n              },\n              \"J)07@|\",\n              \"maN|Xq=- \",\n              \"=T}t4.\",\n              \"UH\"\n            ],\n            \"url\": \"https://iwmvxxzcsbtqvi6-w8ze6h679xdc5s-nygxbyyemkwaryzexouw.6w7dax.7-jpkah6qlu8b5jue4t3noi0x-z50uv8ug1rlxxgb0fjewyp.c0pw5lp3ykrjl.m4cjxx3rwzfv205k3ilm2gn0u5a95ngskattldstuzb.iij/tI/t_./9.%F2%A3%87%B7&'/m/'OUMks$I/Vaj1V/'5xG3%F0%BE%9A%83m//NqL!%F2%93%95%BA/\",\n            \"info\": \"ak`\"\n          }\n        }\n      },\n      \"U2J3[H}1~\": {\n        \"name\": \"\",\n        \"ay\": 2003,\n        \"assign\": \"k%\",\n        \"match\": [],\n        \"satisfy\": [],\n        \"url\": \"https://wcj91q20hkwd--6bb8jse.qk4bkij014-rlt7shq0709iv.7t2lmepycnasyoc3f21pipjlxcuro-wr36qlkdh79q76iy-z47300ra.nxmcxi\",\n        \"info\": \"Z>pos$B[d\"\n      },\n      \"sG~u:4K.8G\": {\n        \"name\": \"h\",\n        \"ay\": 2021,\n        \"assign\": \" iuI\",\n        \"match\": {\n          \"pattern\": \"AEx*6\",\n          \"info\": \"Usjc2vN\"\n        },\n        \"url\": \"http://5uuf3ywtvs39d6nuab7fuh4jh9151zsbpachwppx981l5p7mr2ims4exkhwf.bnrivpvik2n-1i8l6ks8qtfyuuz61h6ciu9y41t0sgfgugrgynusji-puzt6phy.sevxol/twj:oyB%F1%9A%A6%AB2M/OI%F3%86%9C%B0/%F0%98%AF%B17!8vjV/Z%F1%8C%86%82P&foH=/mS~U:2/_P&36NdvBf/nSutfW\",\n        \"info\": \"<=ja\",\n        \"p\": {\n          \"assign\": [],\n          \"match\": \"VFS7547\",\n          \"url\": \"https://vrl5sv-guqo.weou0aprong6zw1p130k2hr2qibtdat9f1lj6gtfd12j5llk2.varzxx63lgqxmo.8fw2kke-qbagy99a-z1-bk1x3wxb8tszk-jzhq0itgf-r9-xvw0lwe.fxjhadrj/2m*s%F4%8E%8F%94/M\",\n          \"info\": \"n_'*^EVf \"\n        },\n        \"=Bg85h(\": {\n          \"ay\": 1966,\n          \"assign\": [\n            \"|nsKflT\",\n            \"`._qM#\"\n          ],\n          \"match\": {\n            \"or\": [\n              {\n                \"or\": [\n                  \"YO598x\",\n                  {\n                    \"or\": [\n                      \"FXW683\",\n                      {\n                        \"and\": [\n                          \"UAJ8\",\n                          \"HZ221\"\n                        ]\n                      },\n                      \"DCN504\",\n                      \"TQK25x0H\",\n                      {\n                        \"or\": [\n                          \"SO63\"\n                        ]\n                      }\n                    ]\n                  },\n                  \"OTO65*xJ\",\n                  \"LET64x4\"\n                ]\n              }\n            ]\n          },\n          \"satisfy\": {\n            \"or\": [\n              {\n                \"or\": [\n                  \"U\",\n                  {\n                    \"and\": [\n                      \"j@]$P?\"\n                    ]\n                  },\n                  {\n                    \"or\": [\n                      \"wtJ6\"\n                    ]\n                  },\n                  {\n                    \"mc\": \">=171\"\n                  }\n                ]\n              },\n              {\n                \"or\": [\n                  {\n                    \"and\": [\n                      \"|vu4Aq'SL6\",\n                      \"e#q\",\n                      \"Pbx4@\"\n                    ]\n                  }\n                ]\n              },\n              {\n                \"or\": [\n                  \"}.59GiVm\",\n                  \"Y-\",\n                  \"3v#u\"\n                ]\n              },\n              {\n                \"and\": [\n                  \"K4&}K|27\\\"\",\n                  {\n                    \"mc\": \">=68\"\n                  }\n                ]\n              }\n            ]\n          },\n          \"url\": \"https://g.k.os-125rkki-vqjftmgpfp20yztu51rkhr-am9051vpkcu7f5d3oi.nowuwzlj66avpqk2k0pyep6vzb1mf0ubo5ygpwl5hv0xu9zp6cofkmxzl2g1j.6x.weeh/g%F1%8D%90%BBJFB(/J4/t/I9xth'B=D/%F3%96%B8%A0qE9D9%E9%8D%B9Stw/(qon(sj/'//(\",\n          \"info\": \"wN]pd*zgp\"\n        },\n        \"I_'h;e,\": {\n          \"name\": \"z5u5L'P/\",\n          \"ay\": 1990,\n          \"assign\": \"BI\",\n          \"match\": [],\n          \"satisfy\": [\n            {\n              \"mc\": \">=161\"\n            },\n            {\n              \"or\": [\n                {\n                  \"and\": [\n                    {\n                      \"and\": []\n                    },\n                    \"yGai~a@\",\n                    \">Y=|>VS\"\n                  ]\n                }\n              ]\n            },\n            {\n              \"and\": [\n                {\n                  \"mc\": \">=119\"\n                },\n                {\n                  \"or\": [\n                    {\n                      \"or\": [\n                        \"gPpWtN:h}\",\n                        {\n                          \"and\": [\n                            \"f;iGqD\"\n                          ]\n                        },\n                        {\n                          \"or\": [\n                            \"{p%jl,\\\\\",\n                            {\n                              \"mc\": \">=128\"\n                            },\n                            \"!k\",\n                            {\n                              \"and\": [\n                                \"0+r,\"\n                              ]\n                            }\n                          ]\n                        },\n                        {\n                          \"mc\": \">=36\"\n                        },\n                        {\n                          \"mc\": \"<=64\"\n                        }\n                      ]\n                    },\n                    {\n                      \"mc\": \"<=98\"\n                    },\n                    \"L'[L&\",\n                    \"I vZ\",\n                    \"j=z\"\n                  ]\n                },\n                {\n                  \"mc\": \">=69\"\n                }\n              ]\n            }\n          ],\n          \"url\": \"https://lkp0302giiiwvvg4kd4aacqn420v3fz2he6nj8pf4-6f00lsvyg0c6my.5mzz0-k3rv65ysot9lsfx27uuaxppb7ll4.0.b4-5svxfgs88-eeac7pw31lz0.zpvwte1r3ohmyytmk0bdgetzduvwwumb3.fpwffoubde/@Ly%F2%8D%BF%9AfX*nQ/Pv1TKHR/b$CS/U1%F2%B4%A6%8El/%F1%90%8B%A0*n//m.x_HuR)/A%E7%B0%A4/\",\n          \"info\": \" F fEYQ7hn\"\n        }\n      },\n      \"0:W| \": {\n        \"name\": \")F\",\n        \"ay\": 1996,\n        \"url\": \"https://oywxwu993q4ldbag9noafls6ncawi7u-0p6a46pfn8nwds-96.1jo06285oldugy9s6oiox.84l.oi/qX/U@/h\",\n        \"info\": \"\"\n      },\n      \"\": {\n        \"ay\": 1978,\n        \"assign\": \"\",\n        \"match\": [\n          {\n            \"or\": [\n              {\n                \"pattern\": \"GVxN\",\n                \"exclude\": [],\n                \"info\": \"J|5*G\"\n              },\n              \"QBJx011P\",\n              {\n                \"pattern\": \"BOJ2787\",\n                \"exclude\": [],\n                \"info\": \"R\"\n              },\n              {\n                \"and\": [\n                  \"HQ3635Y\",\n                  {\n                    \"and\": [\n                      \"NY06X\"\n                    ]\n                  },\n                  {\n                    \"pattern\": \"VXU4484\",\n                    \"exclude\": [\n                      \"RAC1K\",\n                      \"EIG2862\"\n                    ],\n                    \"info\": \"T\\\"-lNSMa\"\n                  },\n                  \"OW7B\"\n                ]\n              },\n              \"IBP5C\"\n            ]\n          }\n        ],\n        \"satisfy\": [\n          {\n            \"mc\": \">=130\"\n          },\n          {\n            \"and\": [\n              {\n                \"mc\": \"<=187\"\n              },\n              \"fB@| es\",\n              {\n                \"or\": [\n                  {\n                    \"mc\": \"<=96\"\n                  }\n                ]\n              },\n              {\n                \"and\": [\n                  {\n                    \"or\": [\n                      \"^Mx[e[8\",\n                      \"d.C]c~8&\",\n                      {\n                        \"and\": [\n                          \"3ZvkxXM\",\n                          \"z:q\",\n                          \"\",\n                          \"/x1k!~X.K\"\n                        ]\n                      },\n                      \"HQJ})VVrA\",\n                      {\n                        \"mc\": \">=166\"\n                      }\n                    ]\n                  },\n                  {\n                    \"or\": [\n                      \"R%vce?A=\",\n                      {\n                        \"and\": [\n                          \"[XHuN03M\"\n                        ]\n                      }\n                    ]\n                  },\n                  \"-8oS/tkf'\"\n                ]\n              }\n            ]\n          },\n          {\n            \"and\": [\n              {\n                \"or\": []\n              }\n            ]\n          }\n        ],\n        \"url\": \"https://re1f7o3p--zqssgyc9xfw8hbadp7h3esbqx9.yyr0eyf6muh9j7rm21dvd4qal2x95c99rgfh78ydy5adq6pd.k.zmw6ko6lqxdi2k2twhd57c3lvpl2zd7zy92leejbo-k6wv4n4.e.xqekhhrfab\",\n        \"info\": \"?c0<$V\",\n        \"'M\": {\n          \"name\": \"?mJDV]D\",\n          \"ay\": 2027,\n          \"assign\": [\n            \"2{z}_?[\"\n          ],\n          \"match\": [],\n          \"satisfy\": \")T#b'#Ik\",\n          \"info\": \"Z^|!/&~G-0\",\n          \"nu^n\\\"y*T\": {\n            \"name\": \"\",\n            \"ay\": 1960,\n            \"assign\": \";JQi3WyLW8\",\n            \"match\": [\n              {\n                \"or\": [\n                  {\n                    \"or\": [\n                      \"LGE081\",\n                      {\n                        \"or\": [\n                          {\n                            \"pattern\": \"FKD8726O\",\n                            \"exclude\": \"IK7\",\n                            \"info\": \"B4O:eyM/E%\"\n                          },\n                          \"OM*21\",\n                          \"IYD03O\"\n                        ]\n                      },\n                      {\n                        \"and\": [\n                          \"IGF958Y\",\n                          \"XP9095\",\n                          {\n                            \"and\": [\n                              \"JS839\",\n                              \"WNU*9\"\n                            ]\n                          },\n                          {\n                            \"or\": [\n                              \"ELS2x\",\n                              {\n                                \"pattern\": \"CUX8205\",\n                                \"exclude\": [],\n                                \"info\": \" Y\\\")[HKH\"\n                              },\n                              {\n                                \"or\": [\n                                  \"MD2\",\n                                  \"WSP1\",\n                                  \"VZ73X\",\n                                  \"HJV31Y\",\n                                  \"EJ8*1\"\n                                ]\n                              },\n                              \"WNWx8xT\"\n                            ]\n                          },\n                          {\n                            \"and\": [\n                              \"TD3O\"\n                            ]\n                          }\n                        ]\n                      },\n                      \"CAXxC\"\n                    ]\n                  },\n                  {\n                    \"or\": [\n                      \"WL648\",\n                      \"VJL6*O\",\n                      {\n                        \"and\": [\n                          {\n                            \"pattern\": \"OBV2*x\",\n                            \"exclude\": [\n                              \"PVK952x\",\n                              \"XJ5N\",\n                              \"ZJ10\",\n                              \"NS*951\"\n                            ],\n                            \"info\": \"eW\"\n                          },\n                          {\n                            \"and\": [\n                              \"QGA05F\",\n                              \"OD5\"\n                            ]\n                          },\n                          {\n                            \"and\": []\n                          },\n                          \"BVx*6\"\n                        ]\n                      }\n                    ]\n                  }\n                ]\n              },\n              {\n                \"and\": [\n                  {\n                    \"and\": [\n                      {\n                        \"or\": []\n                      },\n                      \"KGO63\"\n                    ]\n                  },\n                  {\n                    \"or\": [\n                      \"SL1147\",\n                      {\n                        \"pattern\": \"UTN62*3U\",\n                        \"exclude\": \"FYL901P\"\n                      }\n                    ]\n                  },\n                  {\n                    \"pattern\": \"CW91\",\n                    \"info\": \"S6lq.`p\"\n                  },\n                  {\n                    \"and\": [\n                      {\n                        \"and\": []\n                      },\n                      {\n                        \"pattern\": \"QD705\",\n                        \"exclude\": [\n                          \"VUK8K\"\n                        ],\n                        \"info\": \"lE+|<.te\"\n                      },\n                      {\n                        \"pattern\": \"FP10E\",\n                        \"exclude\": \"AIV168*U\",\n                        \"info\": \"6\"\n                      },\n                      {\n                        \"and\": [\n                          \"IWV7xN\",\n                          \"NW*7*5\"\n                        ]\n                      },\n                      {\n                        \"or\": [\n                          \"BF7529K\",\n                          \"CJN*\",\n                          \"HZR8x51P\",\n                          \"EJ1Q\",\n                          \"VWS*Y\"\n                        ]\n                      }\n                    ]\n                  },\n                  {\n                    \"or\": [\n                      {\n                        \"pattern\": \"LSQ8\",\n                        \"exclude\": []\n                      },\n                      \"JRxT\",\n                      \"DNE17\",\n                      \"BLF85H\",\n                      {\n                        \"or\": [\n                          {\n                            \"and\": []\n                          },\n                          {\n                            \"or\": [\n                              \"ZLJ7\",\n                              \"KP18W\",\n                              \"WQGx5\"\n                            ]\n                          },\n                          \"TK1703Z\",\n                          \"CWQ10*\"\n                        ]\n                      }\n                    ]\n                  }\n                ]\n              }\n            ],\n            \"satisfy\": {\n              \"mc\": \"<=109\"\n            },\n            \"url\": \"https://u86gr3v3e8reafrgnwucdsge.yr592tirancd6oqlkb3h6lkq-z6ff5cec25tfh0is7a8pzi4ghaxxt.smfjtkjr4mlpoohoe75xl2n47kes215-wx2ngj-f76j5dc0x.b.svo8i2o1kzyeu2.aogi/enmsB)C3/)k.~Xj//8m;mp!ug/0)ss/eX%F1%AC%94%BF0/KdDTE\"\n          },\n          \"xs;eEjy^^\": {\n            \"name\": \"d;o,|\",\n            \"ay\": 1995,\n            \"assign\": \"\",\n            \"match\": [\n              \"CD997J\",\n              {\n                \"or\": [\n                  {\n                    \"or\": [\n                      \"TN75\",\n                      \"TM04S\",\n                      \"HU8685H\",\n                      {\n                        \"and\": [\n                          \"RP424\",\n                          {\n                            \"and\": [\n                              \"IA3204\"\n                            ]\n                          },\n                          {\n                            \"or\": [\n                              {\n                                \"or\": [\n                                  \"KJJ270\",\n                                  {\n                                    \"or\": [\n                                      \"EWx603V\",\n                                      \"BV*209\",\n                                      \"KEM7944A\",\n                                      \"PP42x\"\n                                    ]\n                                  },\n                                  \"TW29\",\n                                  \"MU6\"\n                                ]\n                              },\n                              {\n                                \"pattern\": \"TYx54T\",\n                                \"info\": \"C\"\n                              },\n                              \"ZSS3Q\",\n                              {\n                                \"and\": [\n                                  \"CQ6x5xA\",\n                                  \"ZSV686\",\n                                  \"JAC996\"\n                                ]\n                              }\n                            ]\n                          },\n                          \"EYP5\"\n                        ]\n                      },\n                      {\n                        \"or\": [\n                          {\n                            \"or\": [\n                              {\n                                \"pattern\": \"XBP6L\",\n                                \"exclude\": \"HUG142x\",\n                                \"info\": \"x\"\n                              },\n                              \"KPx5\"\n                            ]\n                          }\n                        ]\n                      }\n                    ]\n                  },\n                  {\n                    \"or\": [\n                      {\n                        \"pattern\": \"QY83\",\n                        \"exclude\": \"CX368Z\",\n                        \"info\": \"R/Y!Gw&>+i\"\n                      },\n                      \"KO35*I\",\n                      \"WL*8\"\n                    ]\n                  }\n                ]\n              },\n              {\n                \"pattern\": \"EN5\",\n                \"info\": \" B\"\n              },\n              {\n                \"pattern\": \"QHV5541L\",\n                \"exclude\": \"LUT529\",\n                \"info\": \"LXkJd|5t\\\"\"\n              }\n            ],\n            \"satisfy\": [\n              {\n                \"mc\": \"<=140\"\n              },\n              {\n                \"or\": [\n                  {\n                    \"and\": [\n                      {\n                        \"or\": [\n                          \"E'z 'BhySU\",\n                          \"b2Hp4|{\",\n                          \"hp=5P@@7uO\",\n                          {\n                            \"or\": [\n                              {\n                                \"mc\": \"<=13\"\n                              },\n                              \"$NCRWs?b5k\"\n                            ]\n                          },\n                          \"L|2{\"\n                        ]\n                      },\n                      {\n                        \"mc\": \">=114\"\n                      }\n                    ]\n                  },\n                  {\n                    \"mc\": \">=120\"\n                  },\n                  {\n                    \"or\": [\n                      \"aF?\",\n                      \"\",\n                      \"0UWmuE*n~l\",\n                      {\n                        \"or\": []\n                      },\n                      {\n                        \"and\": [\n                          \"<E_1v\\\")\"\n                        ]\n                      }\n                    ]\n                  },\n                  \"^Yw1A[W\",\n                  {\n                    \"mc\": \"<=162\"\n                  }\n                ]\n              },\n              {\n                \"or\": [\n                  {\n                    \"or\": [\n                      {\n                        \"mc\": \"<=167\"\n                      },\n                      {\n                        \"mc\": \"<=92\"\n                      }\n                    ]\n                  },\n                  {\n                    \"mc\": \">=166\"\n                  },\n                  {\n                    \"mc\": \">=195\"\n                  },\n                  {\n                    \"and\": [\n                      {\n                        \"and\": [\n                          \"r}/9\",\n                          \"n0\",\n                          \"@sdV\",\n                          \"lW6}zQ\",\n                          \"a\\\\Xp4S>#6\"\n                        ]\n                      },\n                      {\n                        \"or\": [\n                          \"\",\n                          {\n                            \"or\": []\n                          },\n                          \"TR=32\",\n                          {\n                            \"mc\": \"<=126\"\n                          }\n                        ]\n                      },\n                      {\n                        \"and\": [\n                          \":Ns_Xl\",\n                          {\n                            \"mc\": \">=13\"\n                          },\n                          \"N|[!g(\"\n                        ]\n                      }\n                    ]\n                  }\n                ]\n              },\n              {\n                \"and\": []\n              },\n              {\n                \"or\": []\n              }\n            ],\n            \"url\": \"http://or3zyr7tmpd0ivyitcvqvpgfj.b9agom0wcyzswkg9n6w-i-0jsgg15rmj1yxzpc.g.ykazljc//I/%F1%AA%84%83zS9kA\",\n            \"info\": \"^W\"\n          },\n          \"]+\": {\n            \"name\": \"\\\\{\",\n            \"ay\": 1965,\n            \"match\": {\n              \"or\": [\n                \"VM45K\"\n              ]\n            },\n            \"satisfy\": [\n              {\n                \"or\": [\n                  {\n                    \"and\": [\n                      {\n                        \"and\": [\n                          \"bb_5:|\",\n                          \";MM!QCK-\"\n                        ]\n                      },\n                      \"!`\"\n                    ]\n                  },\n                  {\n                    \"and\": []\n                  }\n                ]\n              },\n              {\n                \"or\": [\n                  \"JZb4uS\",\n                  {\n                    \"or\": [\n                      \"f4zTN6+~\",\n                      {\n                        \"and\": []\n                      }\n                    ]\n                  }\n                ]\n              },\n              {\n                \"and\": [\n                  {\n                    \"or\": []\n                  }\n                ]\n              }\n            ],\n            \"url\": \"https://yvl7.00.gu/KG)/ZyWo/:xGHHLgtz/\",\n            \"info\": \"\",\n            \"\\\"il@EgZI\": {\n              \"name\": \"lpPV^9Ou\",\n              \"ay\": 1984,\n              \"assign\": \"\",\n              \"match\": [\n                {\n                  \"and\": [\n                    {\n                      \"and\": [\n                        \"HZI29A\",\n                        {\n                          \"or\": [\n                            {\n                              \"pattern\": \"TFS19*J\",\n                              \"exclude\": [\n                                \"DI5*5P\",\n                                \"HAF499*\"\n                              ],\n                              \"info\": \"n/j[\\\\a\\\"\"\n                            },\n                            {\n                              \"pattern\": \"IHK67\",\n                              \"exclude\": \"JD636\",\n                              \"info\": \"QhI_W;\"\n                            },\n                            \"CG2\",\n                            \"SV32O\",\n                            \"FYR47L\"\n                          ]\n                        },\n                        \"FLS*W\",\n                        \"TFN9*\",\n                        {\n                          \"or\": [\n                            \"HURx*C\",\n                            {\n                              \"or\": []\n                            },\n                            {\n                              \"pattern\": \"OSA7123Q\",\n                              \"exclude\": [\n                                \"YML24\",\n                                \"YZN7x\",\n                                \"GQ09N\",\n                                \"WAR*6V\"\n                              ],\n                              \"info\": \"$7t3f\\\\\"\n                            },\n                            {\n                              \"or\": [\n                                \"OMRx1\"\n                              ]\n                            }\n                          ]\n                        }\n                      ]\n                    },\n                    {\n                      \"and\": [\n                        \"TZ91\",\n                        {\n                          \"or\": [\n                            \"XH805x\"\n                          ]\n                        },\n                        \"PS5*xO\",\n                        \"TNV83P\",\n                        \"SPN1*40\"\n                      ]\n                    }\n                  ]\n                }\n              ],\n              \"satisfy\": [\n                {\n                  \"or\": [\n                    {\n                      \"or\": [\n                        \"/RJW\",\n                        \"1@f9?Ca%=&\"\n                      ]\n                    },\n                    {\n                      \"or\": [\n                        \">T\",\n                        {\n                          \"or\": [\n                            \".j3$+/V{E\",\n                            \"\",\n                            {\n                              \"or\": [\n                                \"K\",\n                                \"q!NV'9TWl\"\n                              ]\n                            },\n                            \"\",\n                            \"+\"\n                          ]\n                        },\n                        \"6D0:/\"\n                      ]\n                    },\n                    {\n                      \"or\": [\n                        \"\",\n                        {\n                          \"and\": [\n                            {\n                              \"and\": [\n                                \"8t\",\n                                \"MDxqDf\",\n                                \"/JiMsGJ\",\n                                \"d2FBnpx\"\n                              ]\n                            },\n                            \"r#S\",\n                            \"j\\\"R+$\",\n                            \"Y7S%nbc5\",\n                            \"z\"\n                          ]\n                        },\n                        {\n                          \"or\": [\n                            {\n                              \"or\": [\n                                {\n                                  \"and\": [\n                                    \"#]ZFFxdk\",\n                                    \")r\",\n                                    \"z%l?\\\\v@\",\n                                    \"YY,g|C\"\n                                  ]\n                                },\n                                \"'T\",\n                                {\n                                  \"and\": [\n                                    \"W*M].w3\",\n                                    {\n                                      \"mc\": \">=129\"\n                                    }\n                                  ]\n                                },\n                                \" 4pR(+\"\n                              ]\n                            },\n                            \"0Pla~RD$T\",\n                            \"\",\n                            {\n                              \"or\": [\n                                \"Qb<SDW\"\n                              ]\n                            }\n                          ]\n                        },\n                        \"S'wN\",\n                        {\n                          \"and\": []\n                        }\n                      ]\n                    }\n                  ]\n                },\n                {\n                  \"and\": []\n                },\n                {\n                  \"or\": [\n                    {\n                      \"or\": [\n                        {\n                          \"and\": []\n                        },\n                        {\n                          \"and\": [\n                            {\n                              \"or\": [\n                                \"\"\n                              ]\n                            },\n                            {\n                              \"and\": []\n                            },\n                            {\n                              \"and\": [\n                                \"M1g\\\\w?y.}\",\n                                {\n                                  \"mc\": \">=60\"\n                                }\n                              ]\n                            },\n                            {\n                              \"or\": [\n                                \"pC,!wNZ>s&\",\n                                \"x[qYI\",\n                                \"~G8KUC*S\",\n                                {\n                                  \"or\": []\n                                }\n                              ]\n                            },\n                            \"\"\n                          ]\n                        },\n                        {\n                          \"mc\": \"<=99\"\n                        },\n                        {\n                          \"or\": [\n                            \"jQuDd%-r^U\",\n                            {\n                              \"or\": [\n                                {\n                                  \"mc\": \"<=80\"\n                                },\n                                \"BpYYp\\\\/\",\n                                \"\",\n                                {\n                                  \"or\": [\n                                    \"_gXfjm?\",\n                                    \"aX\",\n                                    {\n                                      \"mc\": \"<=185\"\n                                    },\n                                    \"-WBZSn\",\n                                    \"Lt16|\"\n                                  ]\n                                }\n                              ]\n                            }\n                          ]\n                        }\n                      ]\n                    }\n                  ]\n                },\n                {\n                  \"and\": [\n                    {\n                      \"and\": []\n                    },\n                    \"2^K>}xe\"\n                  ]\n                },\n                {\n                  \"or\": [\n                    \"5~'#*.Mfe\",\n                    {\n                      \"mc\": \"<=192\"\n                    },\n                    {\n                      \"and\": [\n                        {\n                          \"and\": [\n                            \"nM\"\n                          ]\n                        },\n                        \"k\",\n                        \"Bz.C\"\n                      ]\n                    }\n                  ]\n                }\n              ],\n              \"url\": \"http://waaz50y6c4yip0yzzc91p1i--eb5soyt4ym7ptgmx671pkrybr.d.2.e70b3t0rfujpsdbu5fxhyjjcibhblv44l9p.luorbaxc/'y;5ms/)8bp8/0%EB%BC%AEK_/&/Hvw3*T)9JN\",\n              \"info\": \"\"\n            },\n            \"&i\\\"xp\": {\n              \"name\": \"]u4by[fe9u\",\n              \"ay\": 2026,\n              \"assign\": \"\",\n              \"match\": [\n                \"GK57*1\"\n              ],\n              \"satisfy\": {\n                \"or\": [\n                  {\n                    \"and\": [\n                      {\n                        \"and\": [\n                          \"{\",\n                          \"0LX\\\"#\"\n                        ]\n                      },\n                      {\n                        \"or\": [\n                          \"$8?m I\\\\\",\n                          \"\\\"q-\",\n                          {\n                            \"mc\": \"<=11\"\n                          }\n                        ]\n                      },\n                      \"\",\n                      {\n                        \"mc\": \"<=121\"\n                      }\n                    ]\n                  },\n                  {\n                    \"mc\": \"<=111\"\n                  },\n                  {\n                    \"mc\": \">=22\"\n                  },\n                  \"8jjVm|@xZ\"\n                ]\n              },\n              \"info\": \"s[\"\n            },\n            \"kw\": {\n              \"ay\": 2029,\n              \"assign\": \"'/\",\n              \"match\": {\n                \"or\": [\n                  {\n                    \"and\": [\n                      {\n                        \"or\": [\n                          {\n                            \"pattern\": \"FKU684G\",\n                            \"exclude\": [\n                              \"ECx4*\",\n                              \"APV9\",\n                              \"MFM8\",\n                              \"TUQ204\",\n                              \"EAR3\"\n                            ],\n                            \"info\": \"Qd7_\"\n                          },\n                          {\n                            \"pattern\": \"YUJ16A\",\n                            \"exclude\": [],\n                            \"info\": \".81AhacT]\"\n                          }\n                        ]\n                      },\n                      {\n                        \"and\": [\n                          \"UD5*Z\"\n                        ]\n                      }\n                    ]\n                  },\n                  {\n                    \"and\": [\n                      {\n                        \"pattern\":
[...]
            "0e1e026a-7dad-4d03-94cc-3df6f1ad5309",
            "986166f5-1b92-4a85-a5d5-f8bf2f9ea594",
            "c76abed7-c217-4276-a83e-462bc4f001d9",
            "0e024ac8-d5ca-4a24-85e0-ec0233919147",
            "aedda4c2-ae50-40d5-82bb-ec45b0baeeb8",
            "75d8bcc8-b2a1-40fe-9e95-b710bbdb3290",
            "9934ca92-bc72-4171-9119-f531e10330ee",
            "b2156182-e2a9-4110-b20e-1af6a771a580",
            "0be929d6-df82-4103-b3c9-992b8d77b8e2",
            "b49d8231-e91b-4eef-aba5-61e93c521038",
            "15ecae56-f813-4e18-beec-c2e41d007316"
          ],
          "failures": [],
          "pending": [],
          "skipped": [],
          "duration": 12,
          "root": false,
          "rootEmpty": false,
          "_timeout": 2000
        },
        {
          "uuid": "08d79efc-e3ea-4c91-9792-9a35d4e21420",
          "title": "inequalitySchema",
          "fullFile": "/home/runner/work/planwithus-lib/planwithus-lib/src/satisfyRule/inequality/schemas.test.ts",
          "file": "/src/satisfyRule/inequality/schemas.test.ts",
          "beforeHooks": [],
          "afterHooks": [],
          "tests": [
            {
              "title": "should validate inequality in the form <=n or >=n",
              "fullTitle": "inequalitySchema should validate inequality in the form <=n or >=n",
              "timedOut": false,
              "duration": 1,
              "state": "passed",
              "speed": "fast",
              "pass": true,
              "fail": false,
              "pending": false,
              "context": "[\n  {\n    \"title\": \"inequality sample 0\",\n    \"value\": \">=172\"\n  },\n  {\n    \"title\": \"inequality sample 1\",\n    \"value\": \">=103\"\n  },\n  {\n    \"title\": \"inequality sample 2\",\n    \"value\": \"<=2\"\n  },\n  {\n    \"title\": \"inequality sample 3\",\n    \"value\": \"<=195\"\n  },\n  {\n    \"title\": \"inequality sample 4\",\n    \"value\": \">=146\"\n  },\n  {\n    \"title\": \"inequality sample 5\",\n    \"value\": \"<=5\"\n  },\n  {\n    \"title\": \"inequality sample 6\",\n    \"value\": \"<=198\"\n  },\n  {\n    \"title\": \"inequality sample 7\",\n    \"value\": \">=122\"\n  },\n  {\n    \"title\": \"inequality sample 8\",\n    \"value\": \"<=4\"\n  },\n  {\n    \"title\": \"inequality sample 9\",\n    \"value\": \">=9\"\n  }\n]",
              "code": "fast_check_1.sample(index_test_2.inequality, 10).forEach((sample, i) => addContext_1.default(this, {\n    title: `inequality sample ${i}`,\n    value: sample,\n}));\nreturn fast_check_1.assert(fast_check_1.property(index_test_2.inequality, ajvValidate));",
              "err": {},
              "uuid": "bc759c32-e10a-42bc-ab29-ba5f23fd2e68",
              "parentUUID": "08d79efc-e3ea-4c91-9792-9a35d4e21420",
              "isHook": false,
              "skipped": false
            },
            {
              "title": "should not validate inequality of invalid form",
              "fullTitle": "inequalitySchema should not validate inequality of invalid form",
              "timedOut": false,
              "duration": 1,
              "state": "passed",
              "speed": "fast",
              "pass": true,
              "fail": false,
              "pending": false,
              "context": null,
              "code": "[\n        \"\",\n        \"==23\",\n        \"23\",\n        \"<23\",\n        \">23\",\n        \"<=-1\",\n        \">=-1\",\n        \"<= 2\",\n        \">= 1\",\n        \"> 3\",\n        \"< 3\",\n        \"<=3a\",\n        \">=3a\",\n        \"a<=3\",\n        \"a>=3\",\n    ].forEach(isInvalidInequality)",
              "err": {},
              "uuid": "6b6a615a-b4cf-4b5d-9ac7-2e8e711ef222",
              "parentUUID": "08d79efc-e3ea-4c91-9792-9a35d4e21420",
              "isHook": false,
              "skipped": false
            }
          ],
          "suites": [],
          "passes": [
            "bc759c32-e10a-42bc-ab29-ba5f23fd2e68",
            "6b6a615a-b4cf-4b5d-9ac7-2e8e711ef222"
          ],
          "failures": [],
          "pending": [],
          "skipped": [],
          "duration": 2,
          "root": false,
          "rootEmpty": false,
          "_timeout": 2000
        },
        {
          "uuid": "dec86672-cd5d-4044-a6b3-f34c5984f91e",
          "title": "satisfyRuleSchema",
          "fullFile": "/home/runner/work/planwithus-lib/planwithus-lib/src/satisfyRule/schemas.test.ts",
          "file": "/src/satisfyRule/schemas.test.ts",
          "beforeHooks": [],
          "afterHooks": [],
          "tests": [
            {
              "title": "should validate satisfy rule with valid block id",
              "fullTitle": "satisfyRuleSchema should validate satisfy rule with valid block id",
              "timedOut": false,
              "duration": 1,
              "state": "passed",
              "speed": "fast",
              "pass": true,
              "fail": false,
              "pending": false,
              "context": null,
              "code": "fast_check_1.assert(fast_check_1.property(fast_check_1.string(), ajvValidate)",
              "err": {},
              "uuid": "7e88517b-6d29-46ae-9f1f-8738a697171b",
              "parentUUID": "dec86672-cd5d-4044-a6b3-f34c5984f91e",
              "isHook": false,
              "skipped": false
            },
            {
              "title": "should validate satisfy rules with valid mc",
              "fullTitle": "satisfyRuleSchema should validate satisfy rules with valid mc",
              "timedOut": false,
              "duration": 1,
              "state": "passed",
              "speed": "fast",
              "pass": true,
              "fail": false,
              "pending": false,
              "context": "[\n  {\n    \"title\": \"mcSatisfyRule sample 0\",\n    \"value\": {\n      \"mc\": \">=50\"\n    }\n  },\n  {\n    \"title\": \"mcSatisfyRule sample 1\",\n    \"value\": {\n      \"mc\": \">=159\"\n    }\n  },\n  {\n    \"title\": \"mcSatisfyRule sample 2\",\n    \"value\": {\n      \"mc\": \">=5\"\n    }\n  },\n  {\n    \"title\": \"mcSatisfyRule sample 3\",\n    \"value\": {\n      \"mc\": \"<=75\"\n    }\n  },\n  {\n    \"title\": \"mcSatisfyRule sample 4\",\n    \"value\": {\n      \"mc\": \">=139\"\n    }\n  },\n  {\n    \"title\": \"mcSatisfyRule sample 5\",\n    \"value\": {\n      \"mc\": \"<=5\"\n    }\n  },\n  {\n    \"title\": \"mcSatisfyRule sample 6\",\n    \"value\": {\n      \"mc\": \">=187\"\n    }\n  },\n  {\n    \"title\": \"mcSatisfyRule sample 7\",\n    \"value\": {\n      \"mc\": \"<=192\"\n    }\n  },\n  {\n    \"title\": \"mcSatisfyRule sample 8\",\n    \"value\": {\n      \"mc\": \">=144\"\n    }\n  },\n  {\n    \"title\": \"mcSatisfyRule sample 9\",\n    \"value\": {\n      \"mc\": \">=122\"\n    }\n  }\n]",
              "code": "fast_check_1.sample(index_test_2.mcSatisfyRule, 10).forEach((sample, i) => addContext_1.default(this, {\n    title: `mcSatisfyRule sample ${i}`,\n    value: sample,\n}));\nreturn fast_check_1.assert(fast_check_1.property(index_test_2.mcSatisfyRule, ajvValidate));",
              "err": {},
              "uuid": "f09a2e98-e77e-4eaf-9d18-55ee65c5220b",
              "parentUUID": "dec86672-cd5d-4044-a6b3-f34c5984f91e",
              "isHook": false,
              "skipped": false
            },
            {
              "title": "should validate valid recursive satisfy rules",
              "fullTitle": "satisfyRuleSchema should validate valid recursive satisfy rules",
              "timedOut": false,
              "duration": 5,
              "state": "passed",
              "speed": "fast",
              "pass": true,
              "fail": false,
              "pending": false,
              "context": "[\n  {\n    \"title\": \"satisfyRule sample 0\",\n    \"value\": {\n      \"and\": [\n        {\n          \"mc\": \"<=195\"\n        },\n        {\n          \"mc\": \"<=199\"\n        },\n        {\n          \"or\": []\n        },\n        \"ob7/7E:jD\",\n        {\n          \"or\": [\n            {\n              \"or\": [\n                \"V\\\"4C\",\n                \"Uz\",\n                {\n                  \"or\": []\n                },\n                {\n                  \"and\": [\n                    \"Xkz\\\"\",\n                    \"K\\\"#^UV<\",\n                    \"J]*YA<I>~\",\n                    \"\"\n                  ]\n                },\n                \"v(!!Hg\"\n              ]\n            },\n            \"3E$lA%f?\",\n            \"(CIs^E?cD\",\n            {\n              \"and\": [\n                \"Zj!]~~}x'\",\n                {\n                  \"or\": []\n                },\n                {\n                  \"or\": [\n                    {\n                      \"and\": [\n                        \":eDf[5DZW\"\n                      ]\n                    },\n                    \"YFS<\",\n                    \" z#`9ip\",\n                    {\n                      \"and\": [\n                        \"Dc|11\",\n                        \"ej:QG@q}\",\n                        \"S\\\"P3.Ia[A~\",\n                        \"\"\n                      ]\n                    }\n                  ]\n                },\n                \"n3:>m\\\"\",\n                {\n                  \"and\": [\n                    {\n                      \"or\": [\n                        \">#0\",\n                        \"ty[`\"\n                      ]\n                    },\n                    \")}\"\n                  ]\n                }\n              ]\n            }\n          ]\n        }\n      ]\n    }\n  },\n  {\n    \"title\": \"satisfyRule sample 1\",\n    \"value\": \"eY \"\n  },\n  {\n    \"title\": \"satisfyRule sample 2\",\n    \"value\": {\n      \"or\": [\n        {\n          \"or\": [\n            {\n              \"and\": []\n            }\n          ]\n        },\n        {\n          \"and\": [\n            {\n              \"mc\": \"<=69\"\n            }\n          ]\n        },\n        {\n          \"and\": [\n            \";{+)UI\",\n            \"~R\",\n            \":I!t,s=4t4\"\n          ]\n        }\n      ]\n    }\n  },\n  {\n    \"title\": \"satisfyRule sample 3\",\n    \"value\": {\n      \"and\": [\n        {\n          \"mc\": \"<=142\"\n        },\n        \"B\"\n      ]\n    }\n  },\n  {\n    \"title\": \"satisfyRule sample 4\",\n    \"value\": {\n      \"or\": [\n        {\n          \"mc\": \">=6\"\n        },\n        {\n          \"and\": [\n            {\n              \"mc\": \">=129\"\n            },\n            {\n              \"and\": [\n                {\n                  \"or\": [\n                    \" \",\n                    \"|Fl~ms2c%\",\n                    \"JC^X8GCP7g\"\n                  ]\n                },\n                {\n                  \"or\": [\n                    {\n                      \"mc\": \">=110\"\n                    },\n                    {\n                      \"or\": [\n                        \"YF3qaXB6\",\n                        \"n5q<(QBU>\",\n                        \"eF<M\",\n                        \"l9FI\",\n                        \"IGHTo{<\"\n                      ]\n                    },\n                    {\n                      \"mc\": \"<=153\"\n                    },\n                    \"w+G,*c2`.%\",\n                    \"<\\\\\"\n                  ]\n                },\n                \";`E\",\n                {\n                  \"or\": []\n                }\n              ]\n            }\n          ]\n        },\n        {\n          \"mc\": \">=92\"\n        },\n        \"4V36-!h]l\"\n      ]\n    }\n  },\n  {\n    \"title\": \"satisfyRule sample 5\",\n    \"value\": {\n      \"or\": [\n        {\n          \"and\": [\n            {\n              \"and\": [\n                \"m84Ou~kn[3\",\n                \"{!En*j\"\n              ]\n            },\n            {\n              \"or\": [\n                \"oX\\\\Mm|N*Z\",\n                \">|,.BD~a\",\n                \");(\",\n                {\n                  \"and\": [\n                    \"!_B]44T&+e\",\n                    \"*69zrYX9+\",\n                    {\n                      \"or\": [\n                        \"l$b*d|\",\n                        \"XEg\",\n                        \"8\"\n                      ]\n                    },\n                    \"%P[VP{&\",\n                    \"0C}\"\n                  ]\n                }\n              ]\n            },\n            \"D\",\n            {\n              \"or\": [\n                \"P|\",\n                \"^g`\"\n              ]\n            },\n            \"l(mOe (p\"\n          ]\n        }\n      ]\n    }\n  },\n  {\n    \"title\": \"satisfyRule sample 6\",\n    \"value\": {\n      \"mc\": \"<=158\"\n    }\n  },\n  {\n    \"title\": \"satisfyRule sample 7\",\n    \"value\": {\n      \"mc\": \"<=5\"\n    }\n  },\n  {\n    \"title\": \"satisfyRule sample 8\",\n    \"value\": {\n      \"or\": [\n        \"\",\n        \",+G\"\n      ]\n    }\n  },\n  {\n    \"title\": \"satisfyRule sample 9\",\n    \"value\": {\n      \"mc\": \"<=4\"\n    }\n  }\n]",
              "code": "fast_check_1.sample(index_test_2.satisfyRule, 10).forEach((sample, i) => addContext_1.default(this, {\n    title: `satisfyRule sample ${i}`,\n    value: sample,\n}));\nreturn fast_check_1.assert(fast_check_1.property(index_test_2.satisfyRule, ajvValidate));",
              "err": {},
              "uuid": "4e2fbcc8-4b75-422f-abcd-f1726b99a9f6",
              "parentUUID": "dec86672-cd5d-4044-a6b3-f34c5984f91e",
              "isHook": false,
              "skipped": false
            },
            {
              "title": "should not validate non-string/object",
              "fullTitle": "satisfyRuleSchema should not validate non-string/object",
              "timedOut": false,
              "duration": 0,
              "state": "passed",
              "speed": "fast",
              "pass": true,
              "fail": false,
              "pending": false,
              "context": null,
              "code": "const error = {\n    instancePath: \"\",\n    message: \"satisfy rule should be either a string or an object\",\n};\nisInvalidRule(null, error);\nisInvalidRule(undefined, error);\nisInvalidRule(10, error);\nisInvalidRule([12, 24], error);",
              "err": {},
              "uuid": "ed550aa7-2dee-47b9-afb9-123de65be4dc",
              "parentUUID": "dec86672-cd5d-4044-a6b3-f34c5984f91e",
              "isHook": false,
              "skipped": false
            },
            {
              "title": "should not validate satisfy rules with extra properties",
              "fullTitle": "satisfyRuleSchema should not validate satisfy rules with extra properties",
              "timedOut": false,
              "duration": 0,
              "state": "passed",
              "speed": "fast",
              "pass": true,
              "fail": false,
              "pending": false,
              "context": null,
              "code": "isInvalidRule({\n        and: [\n            { or: [\"2k\"], abc: \"def\" },\n            { mc: 8, ghi: \"jkl\" },\n        ],\n        mno: \"pqr\",\n    }, {\n        instancePath: \"/and/0\",\n        message: \"or satisfy rule should have property 'or' only\",\n    }, {\n        instancePath: \"/and/1\",\n        message: \"MC satisfy rule should have property 'mc' only\",\n    }, {\n        instancePath: \"\",\n        message: \"and satisfy rule should have property 'and' only\",\n    })",
              "err": {},
              "uuid": "69f6160e-610a-4bf2-b17e-5d7a9c5f7e90",
              "parentUUID": "dec86672-cd5d-4044-a6b3-f34c5984f91e",
              "isHook": false,
              "skipped": false
            },
            {
              "title": "should not validate ambiguous satisfy rules",
              "fullTitle": "satisfyRuleSchema should not validate ambiguous satisfy rules",
              "timedOut": false,
              "duration": 1,
              "state": "passed",
              "speed": "fast",
              "pass": true,
              "fail": false,
              "pending": false,
              "context": null,
              "code": "const message = \"satisfy rule should have only one of properties 'mc', 'and', 'or'\";\nisInvalidRule({\n    or: [\n        { mc: 5, and: [\"CS2040\"] },\n        { and: [{ and: [\"abc\"], or: [\"def\"] }] },\n    ],\n}, { instancePath: \"/or/0\", message }, { instancePath: \"/or/1/and/0\", message });",
              "err": {},
              "uuid": "5d3f6ac2-5fb6-4920-8870-4543a9728b32",
              "parentUUID": "dec86672-cd5d-4044-a6b3-f34c5984f91e",
              "isHook": false,
              "skipped": false
            },
            {
              "title": "should not validate and satisfy rules with non-array property",
              "fullTitle": "satisfyRuleSchema should not validate and satisfy rules with non-array property",
              "timedOut": false,
              "duration": 1,
              "state": "passed",
              "speed": "fast",
              "pass": true,
              "fail": false,
              "pending": false,
              "context": null,
              "code": "const message = \"property 'and' should be an array of satisfy rules\";\nisInvalidRule({ or: [{ and: {} }, { or: [{ and: 3 }] }] }, { instancePath: \"/or/0/and\", message }, { instancePath: \"/or/1/or/0/and\", message });",
              "err": {},
              "uuid": "8c7609f5-b0f9-4e55-a1ac-252fc43efe8c",
              "parentUUID": "dec86672-cd5d-4044-a6b3-f34c5984f91e",
              "isHook": false,
              "skipped": false
            },
            {
              "title": "should not validate or satisfy rules with non-array property",
              "fullTitle": "satisfyRuleSchema should not validate or satisfy rules with non-array property",
              "timedOut": false,
              "duration": 0,
              "state": "passed",
              "speed": "fast",
              "pass": true,
              "fail": false,
              "pending": false,
              "context": null,
              "code": "const message = \"property 'or' should be an array of satisfy rules\";\nisInvalidRule({ and: [{ or: {} }, { and: [{ or: 3 }] }] }, { instancePath: \"/and/0/or\", message }, { instancePath: \"/and/1/and/0/or\", message });",
              "err": {},
              "uuid": "6155f175-dfa1-4618-9882-d20f36b38253",
              "parentUUID": "dec86672-cd5d-4044-a6b3-f34c5984f91e",
              "isHook": false,
              "skipped": false
            }
          ],
          "suites": [],
          "passes": [
            "7e88517b-6d29-46ae-9f1f-8738a697171b",
            "f09a2e98-e77e-4eaf-9d18-55ee65c5220b",
            "4e2fbcc8-4b75-422f-abcd-f1726b99a9f6",
            "ed550aa7-2dee-47b9-afb9-123de65be4dc",
            "69f6160e-610a-4bf2-b17e-5d7a9c5f7e90",
            "5d3f6ac2-5fb6-4920-8870-4543a9728b32",
            "8c7609f5-b0f9-4e55-a1ac-252fc43efe8c",
            "6155f175-dfa1-4618-9882-d20f36b38253"
          ],
          "failures": [],
          "pending": [],
          "skipped": [],
          "duration": 9,
          "root": false,
          "rootEmpty": false,
          "_timeout": 2000
        }
      ],
      "passes": [],
      "failures": [],
      "pending": [],
      "skipped": [],
      "duration": 0,
      "root": true,
      "rootEmpty": true,
      "_timeout": 2000
    }
  ],
  "meta": {
    "mocha": {
      "version": "9.0.1"
    },
    "mochawesome": {
      "options": {
        "quiet": false,
        "reportFilename": "mochawesome",
        "saveHtml": true,
        "saveJson": true,
        "consoleReporter": "spec",
        "useInlineDiffs": false,
        "code": true
      },
      "version": "6.2.2"
    },
    "marge": {
      "options": {
        "reportDir": "docs"
      },
      "version": "5.2.0"
    }
  }
}