{
  "stats": {
    "suites": 10,
    "tests": 48,
    "passes": 48,
    "pending": 0,
    "failures": 0,
    "start": "2021-07-13T03:02:24.292Z",
    "end": "2021-07-13T03:02:24.726Z",
    "duration": 434,
    "testsRegistered": 48,
    "passPercent": 100,
    "pendingPercent": 0,
    "other": 0,
    "hasOther": false,
    "skipped": 0,
    "hasSkipped": false
  },
  "results": [
    {
      "uuid": "29d53419-2ff9-463d-ac15-ee8bfa356671",
      "title": "",
      "fullFile": "",
      "file": "",
      "beforeHooks": [],
      "afterHooks": [],
      "tests": [],
      "suites": [
        {
          "uuid": "530ba9fe-df8d-4e8c-9e3a-27145e7d0976",
          "title": "initDirectories",
          "fullFile": "/home/runner/work/planwithus-lib/planwithus-lib/src/block/schemas.test.ts",
          "file": "/src/block/schemas.test.ts",
          "beforeHooks": [],
          "afterHooks": [],
          "tests": [
            {
              "title": "should parse all blocks with no errors",
              "fullTitle": "initDirectories should parse all blocks with no errors",
              "timedOut": false,
              "duration": 3,
              "state": "passed",
              "speed": "fast",
              "pass": true,
              "fail": false,
              "pending": false,
              "context": null,
              "code": "_1.initDirectories.should.not.throw()",
              "err": {},
              "uuid": "e8d064a1-e8ae-48e4-b238-518c1cff2784",
              "parentUUID": "530ba9fe-df8d-4e8c-9e3a-27145e7d0976",
              "isHook": false,
              "skipped": false
            },
            {
              "title": "should produce primary, second & minor directories",
              "fullTitle": "initDirectories should produce primary, second & minor directories",
              "timedOut": false,
              "duration": 51,
              "state": "passed",
              "speed": "medium",
              "pass": true,
              "fail": false,
              "pending": false,
              "context": null,
              "code": "const directories = await _1.initDirectories();\ndirectories.should.have.property(\"primary\");\ndirectories.should.have.property(\"second\");\ndirectories.should.have.property(\"minor\");",
              "err": {},
              "uuid": "0deac48e-c410-4a63-becf-2e9e18f295f1",
              "parentUUID": "530ba9fe-df8d-4e8c-9e3a-27145e7d0976",
              "isHook": false,
              "skipped": false
            }
          ],
          "suites": [],
          "passes": [
            "e8d064a1-e8ae-48e4-b238-518c1cff2784",
            "0deac48e-c410-4a63-becf-2e9e18f295f1"
          ],
          "failures": [],
          "pending": [],
          "skipped": [],
          "duration": 54,
          "root": false,
          "rootEmpty": false,
          "_timeout": 2000
        },
        {
          "uuid": "8c42f49d-b6c5-45ae-9dfe-07bd1bbec787",
          "title": "blockSchema",
          "fullFile": "/home/runner/work/planwithus-lib/planwithus-lib/src/block/schemas.test.ts",
          "file": "/src/block/schemas.test.ts",
          "beforeHooks": [],
          "afterHooks": [],
          "tests": [
            {
              "title": "should validate valid block",
              "fullTitle": "blockSchema should validate valid block",
              "timedOut": false,
              "duration": 228,
              "state": "passed",
              "speed": "slow",
              "pass": true,
              "fail": false,
              "pending": false,
              "context": "[\n  {\n    \"title\": \"block sample 0\",\n    \"value\": {\n      \"name\": \"\\\"{ml<<? i\",\n      \"ay\": 1952,\n      \"match\": [],\n      \"satisfy\": {\n        \"or\": []\n      },\n      \"url\": \"https://ecec868.bbyb/g=\",\n      \"info\": \"\",\n      \"\": {\n        \"name\": \"\",\n        \"ay\": 1953,\n        \"assign\": \"9\",\n        \"match\": [],\n        \"satisfy\": [\n          \"6/t9i\",\n          {\n            \"mc\": \">=52\"\n          },\n          {\n            \"mc\": \"<=29\"\n          },\n          {\n            \"or\": []\n          }\n        ],\n        \"url\": \"http://rx-gv4tpjj70rntjgb.1xvn0.obkc/V%F2%91%9F%81/Fx7y0Q&w=/%F0%A8%A2%8DH+/R+pl%F0%B8%BA%8ALO:8E\"\n      }\n    }\n  },\n  {\n    \"title\": \"block sample 1\",\n    \"value\": {\n      \"name\": \"\",\n      \"ay\": 1974,\n      \"assign\": [\n        \"1;39Oh\",\n        \"EB.Pr&^;.Z\",\n        \"#\\\"\\\":\"\n      ],\n      \"match\": [\n        {\n          \"and\": []\n        },\n        {\n          \"and\": [\n            \"UBD8*5\",\n            \"JMX68D\",\n            \"DD8808H\",\n            \"TDP*x5\"\n          ]\n        }\n      ],\n      \"satisfy\": [],\n      \"url\": \"http://c1lbiojk0zb26db2q6.zlamew/,jG.)_/V%F2%92%B5%ADRai\",\n      \"info\": \"$\",\n      \"uHU?u{01{\": {\n        \"assign\": [\n          \"%!i|f&~D:%\"\n        ],\n        \"match\": [\n          {\n            \"or\": [\n              {\n                \"or\": [\n                  {\n                    \"and\": [\n                      {\n                        \"or\": []\n                      },\n                      \"FOK2943\",\n                      \"EPB106\",\n                      \"WUQ3\"\n                    ]\n                  },\n                  \"OA38\",\n                  \"ZS8\",\n                  {\n                    \"pattern\": \"IQK7163\",\n                    \"exclude\": \"VGK9*\",\n                    \"info\": \"c(ts|`.1H\"\n                  },\n                  {\n                    \"pattern\": \"UAN683x\",\n                    \"exclude\": \"UKB5*I\",\n                    \"info\": \"&M\"\n                  }\n                ]\n              }\n            ]\n          }\n        ],\n        \"satisfy\": [],\n        \"url\": \"http://8.e7aj.d.ebd/%2F%F1%AF%9A%A6d7:%F1%85%8E%81geb/1\",\n        \"info\": \"N?$&\",\n        \"\": {\n          \"name\": \"\",\n          \"ay\": 1986,\n          \"assign\": [\n            \"j?Q{ h3~8;\",\n            \"yR5Bc5nU\",\n            \"#>Am=x\",\n            \"+LLbN4^R3\"\n          ],\n          \"match\": [\n            \"UAZ334\",\n            \"RY22R\",\n            {\n              \"or\": [\n                {\n                  \"or\": [\n                    \"IT47\",\n                    {\n                      \"and\": [\n                        {\n                          \"pattern\": \"DMR1M\",\n                          \"exclude\": [\n                            \"VAx*52\",\n                            \"OXL82*2J\",\n                            \"OC4*M\",\n                            \"FT6W\",\n                            \"MIx3\"\n                          ],\n                          \"info\": \"<w\"\n                        },\n                        {\n                          \"or\": [\n                            \"NLW0283\",\n                            \"WK250\"\n                          ]\n                        },\n                        {\n                          \"or\": [\n                            \"DZ63*0\",\n                            \"HS2960\",\n                            \"LV67\",\n                            \"SXO5\"\n                          ]\n                        }\n                      ]\n                    },\n                    {\n                      \"or\": [\n                        {\n                          \"or\": [\n                            \"LM0*2*P\",\n                            {\n                              \"pattern\": \"DBF*1x\",\n                              \"exclude\": \"CXE10\",\n                              \"info\": \"gRHwB4r0#3\"\n                            },\n                            \"JLM676H\",\n                            {\n                              \"and\": [\n                                \"ON6022\",\n                                \"UH044\",\n                                {\n                                  \"or\": []\n                                },\n                                \"WL*8\",\n                                \"TL42\"\n                              ]\n                            }\n                          ]\n                        },\n                        {\n                          \"pattern\": \"ZEV46\",\n                          \"exclude\": \"VO0\",\n                          \"info\": \" 8H12gvL\"\n                        },\n                        {\n                          \"or\": [\n                            \"FYV215F\"\n                          ]\n                        },\n                        \"SK80*4X\"\n                      ]\n                    },\n                    \"XAL0Y\"\n                  ]\n                },\n                {\n                  \"pattern\": \"UT131\",\n                  \"exclude\": [\n                    \"LRY00B\",\n                    \"IM06\"\n                  ],\n                  \"info\": \"f \"\n                }\n              ]\n            },\n            {\n              \"or\": [\n                \"GCIx939\",\n                \"TF308\",\n                \"FKX43\",\n                {\n                  \"pattern\": \"FXS4208U\",\n                  \"exclude\": [\n                    \"FE32x2L\",\n                    \"AUG1662G\",\n                    \"BYF7Q\",\n                    \"EHCx3\"\n                  ],\n                  \"info\": \"f@\"\n                }\n              ]\n            },\n            {\n              \"or\": [\n                {\n                  \"pattern\": \"QQD*2\"\n                },\n                {\n                  \"or\": [\n                    \"RU74\",\n                    {\n                      \"pattern\": \"NT08F\",\n                      \"exclude\": \"SHQ32K\"\n                    },\n                    \"BC2X\",\n                    {\n                      \"and\": [\n                        \"JS0\",\n                        \"HXM0\"\n                      ]\n                    }\n                  ]\n                }\n              ]\n            }\n          ],\n          \"satisfy\": {\n            \"or\": [\n              {\n                \"and\": [\n                  \":n*U@yL\"\n                ]\n              },\n              {\n                \"or\": [\n                  \"3PHP\",\n                  {\n                    \"or\": [\n                      {\n                        \"and\": [\n                          \"%a{\",\n                          {\n                            \"and\": [\n                              \"Ell8foTOej\",\n                              \"OH\\\\5zi\",\n                              \"$g5ev+3p\"\n                            ]\n                          },\n                          \"[J_d))\",\n                          \"y\",\n                          \"'r\"\n                        ]\n                      },\n                      \"&vlOjg*\",\n                      {\n                        \"mc\": \">=198\"\n                      },\n                      \":Ym=&h\"\n                    ]\n                  },\n                  \"y\",\n                  \"%Zayc\",\n                  \"w\"\n                ]\n              }\n            ]\n          },\n          \"url\": \"http://bflm85af67d8w9.fbc8.vorril/VAe:E9q_/mtQ*T*V3tN/bDvO;5F$%F2%AB%9A%9Bl/x%F3%87%A3%9B7wP-p%F2%84%97%B7q/%F2%84%92%9D%F4%83%B4%950s/NneTq/uu%F2%94%B1%8E6c*ZI6u/ODK;*X%F1%82%9E%AFU&/5%F4%8B%87%AAD.2!%F1%94%8D%9C\",\n          \"info\": \"x\"\n        },\n        \"#>\": {\n          \"name\": \"$$$Zd!D!x\",\n          \"ay\": 2030,\n          \"assign\": \"~\",\n          \"satisfy\": [\n            \"gS\",\n            \"\",\n            \"UUhF^\",\n            {\n              \"mc\": \"<=44\"\n            }\n          ],\n          \"url\": \"https://f.2eofc6o65eccmdc64bp.kyrhlimwgr/%F3%AC%A6%B2C%F4%85%80%B6@mi\",\n          \"info\": \" n|\"\n        },\n        \"[WPhX`\\\"\": {\n          \"ay\": 2025,\n          \"match\": [\n            {\n              \"and\": [\n                \"VE8H\"\n              ]\n            },\n            {\n              \"and\": [\n                {\n                  \"pattern\": \"NT6\",\n                  \"exclude\": [\n                    \"EUH*9*\",\n                    \"FXZ9\",\n                    \"DC13\",\n                    \"ZOL*91X\"\n                  ],\n                  \"info\": \"\"\n                },\n                {\n                  \"or\": [\n                    {\n                      \"pattern\": \"RE8569\",\n                      \"exclude\": [],\n                      \"info\": \"p^O#\"\n                    },\n                    {\n                      \"and\": [\n                        \"XAG29\",\n                        \"UDC9*2T\",\n                        \"PIW39F\"\n                      ]\n                    },\n                    \"ZZM6x3X\",\n                    \"FYP5V\",\n                    {\n                      \"or\": [\n                        {\n                          \"or\": []\n                        }\n                      ]\n                    }\n                  ]\n                },\n                {\n                  \"or\": [\n                    {\n                      \"or\": [\n                        {\n                          \"and\": [\n                            \"YFO76xH\",\n                            \"CW4933\",\n                            \"UH398\",\n                            \"KV4C\",\n                            \"MZL2J\"\n                          ]\n                        },\n                        {\n                          \"and\": []\n                        }\n                      ]\n                    },\n                    {\n                      \"and\": [\n                        \"UR097M\",\n                        \"ZYJ93V\",\n                        {\n                          \"or\": [\n                            \"EOW9x1xL\",\n                            \"QL349\",\n                            \"CAV2M\",\n                            \"YFN5259\",\n                            {\n                              \"pattern\": \"HA0533\",\n                              \"exclude\": \"EV4474\",\n                              \"info\": \"\"\n                            }\n                          ]\n                        },\n                        {\n                          \"pattern\": \"LC32K\",\n                          \"exclude\": \"JUI7\",\n                          \"info\": \"-\\\"\"\n                        },\n                        \"UD08x0T\"\n                      ]\n                    },\n                    \"NI1H\"\n                  ]\n                },\n                \"TOA7*\"\n              ]\n            }\n          ],\n          \"satisfy\": \"\",\n          \"info\": \"9C>\\\\tEm>1\"\n        },\n        \"!Hy\": {\n          \"name\": \"g=\",\n          \"ay\": 1954,\n          \"assign\": [\n            \"X#}\"\n          ],\n          \"match\": {\n            \"or\": [\n              \"OX671*G\",\n              {\n                \"pattern\": \"PM6\",\n                \"exclude\": [\n                  \"FW*0\",\n                  \"WOx\"\n                ],\n                \"info\": \"SiW=<p\"\n              },\n              {\n                \"and\": []\n              },\n              \"KMC7493\"\n            ]\n          },\n          \"satisfy\": {\n            \"and\": [\n              {\n                \"or\": []\n              }\n            ]\n          },\n          \"url\": \"https://izn8zcx7k44e6izh7yzjak2deqckezme-5krufwpei0la369mn.84bj38p35lj4gx54o0jlthg5gtpty9-c.l.ehy3950mbd78oywn0a2s-kb1hip0ocnfseat2pngxdo7ni5ajh7orazintv.x.di/ymZ+/1%F0%BE%AC%A5/r1L;8\",\n          \"info\": \"$y#A \"\n        }\n      },\n      \"#}?*\": {\n        \"name\": \";Ql-UpeM^\",\n        \"ay\": 2019,\n        \"assign\": [],\n        \"match\": {\n          \"or\": [\n            \"FCJ2\",\n            {\n              \"or\": [\n                {\n                  \"or\": [\n                    \"QQV260\",\n                    {\n                      \"pattern\": \"LGZ258F\",\n                      \"exclude\": \"CFD16*\",\n                      \"info\": \"aFE@X9u]\"\n                    },\n                    \"QM575\"\n                  ]\n                }\n              ]\n            }\n          ]\n        },\n        \"satisfy\": {\n          \"mc\": \"<=109\"\n        },\n        \"url\": \"https://u.b4w-z9cq57o-fb6429e8ccbk6cjbf-a02a989c75eio3f5.x9cv--u6me8fw-8qfee-62alcqee6097bg7dpke6e.hokorkys/*:*=+y/QBo'f%F1%A7%BE%B4FG/%F3%86%83%84/7V/hli_+o4%F0%B6%BB%93/k66ul%F1%B5%9A%9B$K/-lraZ7/iG4.R=/3\",\n        \"info\": \"( V\"\n      }\n    }\n  },\n  {\n    \"title\": \"block sample 2\",\n    \"value\": {\n      \"name\": \"y\",\n      \"ay\": 2017,\n      \"assign\": \"+J(%W$v\",\n      \"match\": {\n        \"and\": [\n          {\n            \"pattern\": \"IR5*x\",\n            \"info\": \"\"\n          },\n          {\n            \"and\": [\n              \"WPX76B\",\n              {\n                \"and\": [\n                  \"DQ2S\"\n                ]\n              },\n              \"PT1\",\n              \"EEx6P\",\n              \"ESJ*7\"\n            ]\n          },\n          \"HZN8Y\"\n        ]\n      },\n      \"satisfy\": {\n        \"or\": [\n          {\n            \"and\": [\n              {\n                \"and\": [\n                  \".Z/7S~y\",\n                  \"AU~ = *\",\n                  {\n                    \"mc\": \"<=116\"\n                  },\n                  \"kb\",\n                  {\n                    \"mc\": \">=150\"\n                  }\n                ]\n              }\n            ]\n          }\n        ]\n      },\n      \"url\": \"https://58gmm5rr.pmkbbaw5xe2wdwbbc70si2b9ajo98hc748d86a47a60cmpceu8cbb.dyhwdk/,uQGUC/cqz/Kc&!/%F3%A0%BC%90/%F4%86%91%89DU7%F2%96%93%A6cuq//+!OSlL/nYbGrs/_bl5%F3%85%BA%B1%F1%9D%9D%9DD/dTiKV%F2%93%B4%82\"\n    }\n  },\n  {\n    \"title\": \"block sample 3\",\n    \"value\": {\n      \"name\": \"MXzQ/9{G0\",\n      \"ay\": 2027,\n      \"assign\": \"2xT\",\n      \"satisfy\": [\n        {\n          \"or\": [\n            {\n              \"and\": []\n            }\n          ]\n        },\n        {\n          \"and\": []\n        }\n      ],\n      \"url\": \"http://gjrkd9naoxze-k-p68i7gn3j.x559m85dbf68dudn2frtabtfeai6cewqade95fa86cchecwkvajd83u5o3b1dp.67d.iqge/vs/%F3%A8%B2%B5\",\n      \"info\": \"Ww\"\n    }\n  },\n  {\n    \"title\": \"block sample 4\",\n    \"value\": {\n      \"name\": \"LMlI(6j7G/\",\n      \"ay\": 1953,\n      \"assign\": [],\n      \"match\": \"VAx30\",\n      \"satisfy\": [\n        \"ia~*B.m8+j\",\n        {\n          \"mc\": \">=159\"\n        },\n        {\n          \"mc\": \"<=111\"\n        },\n        \"_Km\"\n      ],\n      \"info\": \"y%#KbN|Uy\"\n    }\n  },\n  {\n    \"title\": \"block sample 5\",\n    \"value\": {\n      \"name\": \"x$u\",\n      \"ay\": 1956,\n      \"match\": {\n        \"and\": [\n          {\n            \"pattern\": \"SR8x*\",\n            \"exclude\": \"TM*5\"\n          }\n        ]\n      },\n      \"satisfy\": [\n        \"}\",\n        {\n          \"or\": [\n            {\n              \"mc\": \"<=59\"\n            },\n            {\n              \"and\": [\n                \"3l\",\n                {\n                  \"and\": [\n                    \"0!b;=#N\",\n                    {\n                      \"or\": []\n                    }\n                  ]\n                },\n                \"B\\\\Ta$M4'w\",\n                \"`fP3kY\",\n                {\n                  \"and\": [\n                    \"xYfy/\",\n                    {\n                      \"and\": [\n                        \"\",\n                        \"4W=TW\",\n                        \"gj{[Nu1M.\",\n                        {\n                          \"mc\": \">=144\"\n                        },\n                        \"U+x\"\n                      ]\n                    },\n                    \"eC2-Mt?hC\"\n                  ]\n                }\n              ]\n            },\n            {\n              \"mc\": \">=120\"\n            },\n            {\n              \"and\": [\n                \"V`\",\n                {\n                  \"and\": [\n                    {\n                      \"and\": [\n                        \".z\",\n                        \"i5R\",\n                        \"l.a@S4zgnO\"\n                      ]\n                    }\n                  ]\n                },\n                \"t\\\"2\",\n                \"feL{\\\" jd\"\n              ]\n            },\n            \"AZb$8pQm\"\n          ]\n        },\n        {\n          \"and\": [\n            {\n              \"and\": [\n                {\n                  \"and\": [\n                    {\n                      \"or\": []\n                    },\n                    {\n                      \"or\": [\n                        {\n                          \"or\": [\n                            \"*/V\",\n                            \"MlW__dY_[&\",\n                            \"rT;^<u=c\"\n                          ]\n                        },\n                        {\n                          \"and\": [\n                            \"ZU,^~JU#\",\n                            {\n                              \"and\": [\n                                \"i_X8A3T3&$\",\n                                {\n                                  \"or\": [\n                                    \"\",\n                                    \"L7\",\n                                    \"a/E(GfbI\\\"\",\n                                    \"R\"\n                                  ]\n                                },\n                                \"_G?R%?\",\n                                \".;zPHpq1B\"\n                              ]\n                            },\n                            \"`%c/{E$./H\",\n                            \">9Z3\",\n                            \"p\"\n                          ]\n                        },\n                        {\n                          \"or\": [\n                            \"E?rZkcp'\"\n                          ]\n                        },\n                        {\n                          \"mc\": \"<=96\"\n                        },\n                        \"Oc\"\n                      ]\n                    },\n                    \"BF/Izn\"\n                  ]\n                },\n                \"\",\n                {\n                  \"and\": [\n                    {\n                      \"or\": [\n                        \"JZzA|J\",\n                        {\n                          \"and\": []\n                        }\n                      ]\n                    },\n                    \"\",\n                    \"@'6\"\n                  ]\n                },\n                {\n                  \"mc\": \">=155\"\n                },\n                \"\"\n              ]\n            },\n            {\n              \"mc\": \">=51\"\n            },\n            {\n              \"and\": [\n                \"(Fa\",\n                \"{h&t\",\n                {\n                  \"or\": [\n                    \"fO0]A\",\n                    \"C}>FA$vD\",\n                    {\n                      \"and\": [\n                        \",N+dIHKM\",\n                        \"$IUsV\",\n                        \"B\"\n                      ]\n                    }\n                  ]\n                }\n              ]\n            },\n            {\n              \"or\": [\n                \"(ei)e\"\n              ]\n            },\n            {\n              \"and\": [\n                {\n                  \"and\": [\n                    {\n                      \"or\": [\n                        \"<=&\"\n                      ]\n                    },\n                    {\n                      \"and\": []\n                    }\n                  ]\n                },\n                \"d nn\",\n                \"$Ui\",\n                \"ZBqBT&\"\n              ]\n            }\n          ]\n        }\n      ],\n      \"info\": \"Yah4(A6*W%\"\n    }\n  },\n  {\n    \"title\": \"block sample 6\",\n    \"value\": {\n      \"ay\": 1958,\n      \"assign\": [\n        \"I+ h&\\\"/)y~\",\n        \"|O\\\"g6-\",\n        \"\",\n        \"KkZQTb>yV\"\n      ],\n      \"match\": [\n        {\n          \"and\": [\n            {\n              \"or\": [\n                \"XSB75xA\",\n                {\n                  \"and\": []\n                },\n                \"QD*79\",\n                {\n                  \"pattern\": \"UDS846G\",\n                  \"exclude\": \"DS86V\"\n                },\n                {\n                  \"pattern\": \"OIA19\",\n                  \"exclude\": [\n                    \"IT44B\",\n                    \"PH7\",\n                    \"FB0\"\n                  ],\n                  \"info\": \"U'|P-#f\"\n                }\n              ]\n            },\n            {\n              \"pattern\": \"YE4N\",\n              \"exclude\": [\n                \"YU1\",\n                \"YA90K\"\n              ]\n            },\n            {\n              \"or\": [\n                {\n                  \"pattern\": \"OVC50\",\n                  \"exclude\": [\n                    \"OVx\",\n                    \"HA0T\",\n                    \"HLJ*5W\",\n                    \"JYD6093J\"\n                  ],\n                  \"info\": \"7u6I6|=\"\n                },\n                {\n                  \"pattern\": \"BZ4J\",\n                  \"exclude\": [\n                    \"NVR1\",\n                    \"GJC7Z\",\n                    \"BA06*\"\n                  ]\n                },\n                \"KE141\"\n              ]\n            }\n          ]\n        }\n      ],\n      \"satisfy\": [\n        {\n          \"or\": [\n            {\n              \"and\": [\n                {\n                  \"or\": [\n                    {\n                      \"and\": [\n                        \"VPG6>KQ\"\n                      ]\n                    },\n                    {\n                      \"or\": [\n                        {\n                          \"or\": [\n                            \"h,mWH(6h\",\n                            \"_-Y\\\\yi4\",\n                            \"\"\n                          ]\n                        },\n                        \"J?~\\\">[qdM}\",\n                        \"iUuEJaZ-Z\",\n                        \">Q\"\n                      ]\n                    },\n                    {\n                      \"mc\": \"<=172\"\n                    }\n                  ]\n                },\n                {\n                  \"or\": [\n                    \"H%adP rMm\"\n                  ]\n                },\n                \"5&}h9?RZ\",\n                \"/X\"\n              ]\n            }\n          ]\n        },\n        {\n          \"and\": [\n            \"9\",\n            {\n              \"mc\": \">=154\"\n            },\n            {\n              \"and\": [\n                \"Cdx\",\n                {\n                  \"or\": [\n                    \"<Q0[-/4^d/\",\n                    {\n                      \"mc\": \">=13\"\n                    }\n                  ]\n                },\n                {\n                  \"or\": [\n                    \"%MkE`gL\",\n                    {\n                      \"mc\": \"<=127\"\n                    },\n                    \"J9vtc\",\n                    \"\",\n                    {\n                      \"and\": [\n                        \"$4\",\n                        \"'bY9P[EH\",\n                        \"$JN5\",\n                        \"\",\n                        \"pj\"\n                      ]\n                    }\n                  ]\n                }\n              ]\n            },\n            {\n              \"and\": [\n                \"vkRR0r\\\"Z{\\\"\",\n                {\n                  \"mc\": \">=136\"\n                }\n              ]\n            },\n            {\n              \"and\": [\n                \";e)J\",\n                \"WH*~YT\",\n                \"BCs!IDhRb\",\n                {\n                  \"or\": [\n                    {\n                      \"or\": []\n                    }\n                  ]\n                }\n              ]\n            }\n          ]\n        },\n        \"nGOK}\"\n      ],\n      \"url\": \"https://c5f-tl7j7rvlpe66dn2rs64agrzjbzbr9djtpqp1gnbm3i.4ldh67fe7azo9ikizq5uayda4s3jkdalid-8cip76rd653nuz56i9sczj.8ksvmi13f-p84h-o5zguo-11ig-n9vtj7jte78pksc2ynon9j34i8puio712d.8pe1igm0aeqhdag.eunyoqe7kmkrpw9hvt-s8or9ije0ubb.vwtbkzije/y/=xX27%F1%98%81%AF&5/vJ&~X%F1%83%8E%85%F3%81%9D%B3'-P\",\n      \"info\": \"{n\"\n    }\n  },\n  {\n    \"title\": \"block sample 7\",\n    \"value\": {\n      \"name\": \"'l!\",\n      \"ay\": 1950,\n      \"assign\": [\n        \"CI43w=956v\",\n        \"\"\n      ],\n      \"match\": [\n        {\n          \"pattern\": \"RR9*84U\",\n          \"exclude\": \"URQ2E\"\n        },\n        {\n          \"or\": [\n            {\n              \"or\": [\n                {\n                  \"and\": [\n                    \"YF*802\",\n                    {\n                      \"or\": [\n                        \"WZ1\",\n                        \"OIX4\",\n                        \"GU2x27X\",\n                        \"CQJ7916I\",\n                        \"LQ01*\"\n                      ]\n                    },\n                    {\n                      \"or\": []\n                    },\n                    \"BL*\",\n                    \"AOC650\"\n                  ]\n                },\n                {\n                  \"pattern\": \"IX0264\",\n                  \"exclude\": [\n                    \"RH7\"\n                  ],\n                  \"info\": \"\"\n                }\n              ]\n            },\n            {\n              \"and\": [\n                {\n                  \"or\": [\n                    {\n                      \"or\": [\n                        {\n                          \"or\": [\n                            \"RK387Y\"\n                          ]\n                        }\n                      ]\n                    },\n                    {\n                      \"or\": [\n                        \"ABO7L\",\n                        \"NX860*D\",\n                        \"YYK4\"\n                      ]\n                    },\n                    {\n                      \"and\": [\n                        \"PF86R\",\n                        \"JU0K\",\n                        \"CZ802G\"\n                      ]\n                    },\n                    \"WVO*372\"\n                  ]\n                },\n                {\n                  \"and\": [\n                    \"GRA94\",\n                    {\n                      \"pattern\": \"DTE9\",\n                      \"exclude\": [\n                        \"ND4H\",\n                        \"NOE6X\",\n                        \"TQ*423O\",\n                        \"BW63I\",\n                        \"YQ17\"\n                      ],\n                      \"info\": \"kIn}C%\"\n                    },\n                    \"QE082\"\n                  ]\n                },\n                \"PD165W\"\n              ]\n            },\n            {\n              \"or\": [\n                \"EX5F\",\n                \"HJE4xN\",\n                {\n                  \"pattern\": \"VNJ8x46\",\n                  \"exclude\": \"REF64\",\n                  \"info\": \"3<\\\\ $+@5\"\n                },\n                {\n                  \"pattern\": \"XFx12K\",\n                  \"exclude\": [],\n                  \"info\": \"eTV2\"\n                }\n              ]\n            },\n            {\n              \"pattern\": \"QID6650J\",\n              \"exclude\": [\n                \"QD931\",\n                \"BYQ17P\",\n                \"NPD0\",\n                \"OXH8\"\n              ],\n              \"info\": \"K#$8iU#>|\"\n            }\n          ]\n        },\n        {\n          \"pattern\": \"CPU*\",\n          \"exclude\": \"RHP6O\",\n          \"info\": \"y\\\"l-#QP`)\"\n        }\n      ],\n      \"satisfy\": \"6)}&|&}%&[\",\n      \"url\": \"http://n6sh3acgwrfmgqw049p1h3r2-qisi9nf.ce43o.ajjftp\",\n      \"info\": \".xzO\"\n    }\n  },\n  {\n    \"title\": \"block sample 8\",\n    \"value\": {\n      \"name\": \"}%Y&_z)e\",\n      \"ay\": 2025,\n      \"assign\": [\n        \"K,\",\n        \")V\"\n      ],\n      \"match\": [\n        {\n          \"and\": [\n            {\n              \"or\": []\n            },\n            {\n              \"or\": [\n                {\n                  \"pattern\": \"WU70K\",\n                  \"exclude\": [\n                    \"PL92D\",\n                    \"AS*\"\n                  ],\n                  \"info\": \"\"\n                },\n                \"RN3Q\",\n                \"XA9*29\"\n              ]\n            },\n            {\n              \"pattern\": \"TL1S\",\n              \"exclude\": \"VLL8L\",\n              \"info\": \"\"\n            }\n          ]\n        },\n        {\n          \"pattern\": \"ADO3P\",\n          \"exclude\": \"LE836x\",\n          \"info\": \"(6|Ku\"\n        },\n        {\n          \"or\": [\n            {\n              \"or\": [\n                \"UW2\",\n                {\n                  \"pattern\": \"NV859J\",\n                  \"info\": \"Np\"\n                }\n              ]\n            },\n            \"CAI8\",\n            {\n              \"or\": [\n                {\n                  \"or\": [\n                    \"PBT2x8C\",\n                    \"IG4*D\",\n                    \"NN686*\",\n                    {\n                      \"and\": [\n                        \"ERI69E\"\n                      ]\n                    }\n                  ]\n                },\n                \"AL814L\",\n                \"LLS5651\"\n              ]\n            },\n            \"XN6x33\"\n          ]\n        }\n      ],\n      \"satisfy\": [\n        {\n          \"or\": [\n            {\n              \"or\": [\n                \"X$\",\n                {\n                  \"or\": [\n                    \">ZiHila/B\",\n                    \"B4n.3q`\",\n                    \"B6S\",\n                    \"|Hf(0y\",\n                    {\n                      \"mc\": \">=129\"\n                    }\n                  ]\n                },\n                \"PxO8O~=.&E\",\n                {\n                  \"mc\": \"<=54\"\n                }\n              ]\n            },\n            {\n              \"mc\": \"<=28\"\n            }\n          ]\n        }\n      ],\n      \"url\": \"https://8cazdbnwf1il9ee.pu06ml17ca9.ufey0e3qzxck1d8n22kkg61w2v283iafncdrlpyr.pdc8a0p.qylbsds/:/*DD+Bi6@fT/@0=(O/-rwHZVZjH,/0,ZgTJQ$%F1%91%A0%85/ja_%34jE;b1/7ZO//bY*_%F1%90%84%92)s/(c';k\",\n      \"info\": \"!g <NG :W$\"\n    }\n  },\n  {\n    \"title\": \"block sample 9\",\n    \"value\": {\n      \"name\": \"Y\",\n      \"assign\": [\n        \"vW@{RHM\"\n      ],\n      \"match\": {\n        \"or\": [\n          \"MTLx819\",\n          {\n            \"or\": [\n              {\n                \"pattern\": \"WS4xJ\"\n              },\n              {\n                \"and\": [\n                  \"PMQ*28\",\n                  \"VR5619\",\n                  \"JO75*3\",\n                  \"SZ27\"\n                ]\n              },\n              \"NI*xx8\",\n              \"BQ49U\"\n            ]\n          },\n          {\n            \"and\": [\n              \"WT6\",\n              \"QM5xxN\",\n              {\n                \"and\": [\n                  \"TM451\",\n                  {\n                    \"or\": [\n                      \"JD494\",\n                      \"GAS40S\",\n                      {\n                        \"or\": [\n                          {\n                            \"pattern\": \"FW443H\",\n                            \"exclude\": [\n                              \"WC95*\",\n                              \"AB40\"\n                            ],\n                            \"info\": \"uGVM,x\"\n                          }\n                        ]\n                      },\n                      {\n                        \"and\": [\n                          \"YD2\",\n                          \"CC348\",\n                          \"FIZ58\",\n                          \"ZGN48x6K\",\n                          \"VUE0x9E\"\n                        ]\n                      },\n                      \"XS9I\"\n                    ]\n                  },\n                  \"BO6D\"\n                ]\n              }\n            ]\n          },\n          \"ZFQ*275D\",\n          {\n            \"or\": [\n              \"GYAx5\",\n              \"MS8174\",\n              {\n                \"and\": [\n                  {\n                    \"pattern\": \"KO8\",\n                    \"exclude\": [\n                      \"WIx8*J\",\n                      \"JL078\",\n                      \"HEM6*39\",\n                      \"GHC0\"\n                    ],\n                    \"info\": \"GuZk\"\n                  },\n                  \"FS29*O\",\n                  {\n                    \"and\": [\n                      \"AG5N\",\n                      \"IX9A\",\n                      \"NB653B\",\n                      \"XLHx9*O\",\n                      \"BN6M\"\n                    ]\n                  }\n                ]\n              },\n              \"SVA01\",\n              \"CIZ48\"\n            ]\n          }\n        ]\n      },\n      \"satisfy\": [\n        {\n          \"or\": []\n        },\n        \"hH:i\"\n      ],\n      \"url\": \"http://aq2umhgpr9or7eqe5oucwsk6wn7.t.0e43ulp8.ct7cfvxpzu8b9m3u8xdme40uqj0brssizsyf4fytt7i23r.0.hpfyhpeosu\",\n      \"\": {\n        \"name\": \"^189b{v0 %\",\n        \"ay\": 1976,\n        \"assign\": \"5FEy\",\n        \"match\": [\n          {\n            \"pattern\": \"DKA0857\",\n            \"exclude\": \"DIC3591\",\n            \"info\": \"Y\"\n          },\n          \"HS2I\",\n          {\n            \"and\": [\n              {\n                \"and\": [\n                  \"FX073E\",\n                  \"TR*\",\n                  {\n                    \"pattern\": \"EC152\",\n                    \"exclude\": \"TC386\",\n                    \"info\": \"5\"\n                  },\n                  \"FZU2\"\n                ]\n              }\n            ]\n          },\n          {\n            \"or\": [\n              \"FZ477xK\",\n              {\n                \"and\": [\n                  {\n                    \"or\": [\n                      \"THx*E\",\n                      \"QZ407\",\n                      \"BFD*\"\n                    ]\n                  },\n                  {\n                    \"or\": []\n                  },\n                  \"SUX95\",\n                  {\n                    \"or\": [\n                      \"AU4024\",\n                      {\n                        \"pattern\": \"KR7Q\",\n                        \"exclude\": \"GXQ1900\",\n                        \"info\": \"+H1i-\"\n                      }\n                    ]\n                  }\n                ]\n              },\n              {\n                \"and\": [\n                  {\n                    \"or\": [\n                      \"FEP4I\"\n                    ]\n                  }\n                ]\n              },\n              \"RH362Q\"\n            ]\n          },\n          {\n            \"pattern\": \"CEB16Q\",\n            \"exclude\": [\n              \"HMXx276F\",\n              \"WM**xT\",\n              \"EY4*6Z\",\n              \"SW695xL\"\n            ]\n          }\n        ],\n        \"satisfy\": {\n          \"or\": []\n        },\n        \"url\": \"http://8.1.kvbakttm/%F1%AB%85%98fZccL&L/:2_._\",\n        \"info\": \"wN5BOEN3~\",\n        \"DfS\": {\n          \"name\": \"5d\",\n          \"ay\": 1953,\n          \"assign\": \"(8_j/3yTIT\",\n          \"match\": [\n            \"HV1*13G\",\n            \"YL94\",\n            {\n              \"pattern\": \"CM4K\",\n              \"exclude\": \"ZCU29*8\",\n              \"info\": \"_L:rS5\"\n            },\n            \"VZx\",\n            {\n              \"and\": [\n                {\n                  \"pattern\": \"ITB830xR\",\n                  \"exclude\": \"QGHx6\"\n                },\n                \"KWP648*N\"\n              ]\n            }\n          ],\n          \"url\": \"http://c3i62gpdkmevhi2sbn.enzcwppyz//qJIl$~z/w7R6x&s/H/'%F2%9D%96%B1A!%F0%90%AB%9Ds1l;\",\n          \"info\": \"mVwp,\\\"H[\"\n        },\n        \"F\": {\n          \"name\": \"&U<\",\n          \"ay\": 1962,\n          \"assign\": [\n            \"\",\n            \"5 ,IZkr\\\" \"\n          ],\n          \"match\": {\n            \"and\": [\n              \"PT1*\",\n              {\n                \"pattern\": \"KV4*x\",\n                \"exclude\": [\n                  \"RIO4xx9\",\n                  \"OT7O\",\n                  \"ZI58\",\n                  \"NF9\",\n                  \"KU7\"\n                ],\n                \"info\": \"PXyj+\"\n              }\n            ]\n          },\n          \"url\": \"https://fbe8hx-aufw6dz4hcq.6mwqv3ud4r8srzy4vwerfcoaejf91fopu0twiiipz6wwzmw.1.k1rtnrpk8svb88r.lwc7zavf4nq5oiavz84i7wy-mc8fk1.re/Ei4c4wzJS/*+aW7/VX/*ghq/*/SwS~=/(Wu2(/LK0qCx/\",\n          \"info\": \"LChEd\"\n        },\n        \"DUXElR\": {\n          \"name\": \"%rB]e\",\n          \"ay\": 2026,\n          \"assign\": [],\n          \"match\": [\n            {\n              \"and\": [\n                \"SK*H\",\n                \"CV**\",\n                {\n                  \"and\": [\n                    \"KN45*8\",\n                    \"OA87x8E\"\n                  ]\n                }\n              ]\n            },\n            {\n              \"and\": [\n                \"VEU865N\",\n                {\n                  \"and\": [\n                    \"TP5W\",\n                    \"JS7D\",\n                    \"SB951\",\n                    {\n                      \"pattern\": \"YN6W\",\n                      \"exclude\": [\n                        \"XE98S\",\n                        \"BZTxY\",\n                        \"RLD767\",\n                        \"GGR758x\",\n                        \"NA9A\"\n                      ]\n                    },\n                    {\n                      \"pattern\": \"YWR6x6M\",\n                      \"exclude\": [\n                        \"WX699\",\n                        \"MLN80P\",\n                        \"LOXxL\",\n                        \"YOP733M\",\n                        \"SVKx8\"\n                      ]\n                    }\n                  ]\n                },\n                {\n                  \"and\": [\n                    {\n                      \"or\": [\n                        {\n                          \"and\": [\n                            \"HQT652C\",\n                            \"XPA45\",\n                            {\n                              \"or\": [\n                                \"KM8*5x\"\n                              ]\n                            },\n                            \"NR9x03G\",\n                            \"IBZ238\"\n                          ]\n                        },\n                        \"IP63\",\n                        {\n                          \"and\": []\n                        },\n                        \"NN66\",\n                        {\n                          \"or\": [\n                            \"FO6\",\n                            \"QKE262*\",\n                            \"YIA5270\"\n                          ]\n                        }\n                      ]\n                    },\n                    \"DC5977\",\n                    \"RQS*44P\",\n                    {\n                      \"pattern\": \"JN184C\",\n                      \"exclude\": [\n                        \"ZZP0\"\n                      ],\n                      \"info\": \"<@'f\"\n                    },\n                    {\n                      \"or\": [\n                        \"HQx550U\",\n                        \"AVM97L\",\n                        {\n                          \"or\": []\n                        }\n                      ]\n                    }\n                  ]\n                },\n                {\n                  \"and\": [\n                    {\n                      \"or\": [\n                        {\n                          \"or\": [\n                            \"BSVxK\",\n                            \"PGSx0xA\"\n                          ]\n                        },\n                        \"FM*M\",\n                        {\n                          \"pattern\": \"OA98U\",\n                          \"exclude\": \"MH741A\",\n                          \"info\": \" HZ_4WR\"\n                        }\n                      ]\n                    }\n                  ]\n                }\n              ]\n            },\n            {\n              \"or\": [\n                \"XFA08\",\n                {\n                  \"or\": [\n                    \"HB048\",\n                    {\n                      \"or\": [\n                        \"HWO14x6\",\n                        \"QBS37*X\",\n                        \"WQ54\"\n                      ]\n                    }\n                  ]\n                },\n                \"KNX76x\",\n                \"DA8247\",\n                {\n                  \"pattern\": \"GR0097\",\n                  \"exclude\": \"FE9048\",\n                  \"info\": \"S@4K\"\n                }\n              ]\n            }\n          ],\n          \"satisfy\": [\n            {\n              \"mc\": \">=7\"\n            },\n            {\n              \"or\": [\n                {\n                  \"and\": [\n                    \"g99Lca*Wdq\",\n                    {\n                      \"mc\": \">=108\"\n                    },\n                    {\n                      \"and\": []\n                    },\n                    {\n                      \"or\": [\n                        \"0c(oO\\\\\"\n                      ]\n                    }\n                  ]\n                },\n                {\n                  \"and\": [\n                    {\n                      \"or\": [\n                        \"R=oUkW3\",\n                        \"Av:-Wq\",\n                        \"=\",\n                        \"HVXxcB\"\n                      ]\n                    },\n                    \"I\"\n                  ]\n                }\n              ]\n            },\n            {\n              \"and\": [\n                \"jehp\",\n                \"<\\\\sb\\\\>\",\n                \"cUm6$M!AI|\",\n                {\n                  \"or\": [\n                    {\n                      \"or\": []\n                    },\n                    {\n                      \"mc\": \"<=73\"\n                    }\n                  ]\n                }\n              ]\n            },\n            {\n              \"mc\": \">=33\"\n            },\n            {\n              \"mc\": \">=88\"\n            }\n          ],\n          \"url\": \"https://ife344jbku299cr0s.p-db73lgb.jv4-gnz6x2tettddk0kjd6qxg5diaq7ytv.bu1-4jfja6f2ajyyy.eqrlq/,z%F2%8F%9C%9Bk%F1%B1%BF%A8_/N*$5%F0%97%87%9FEVB/%F0%A0%A3%A1BWE/*%F3%A6%BA%97Je/E2mJ(A&~Nz/kw%F2%8E%8C%95K,x5$~\",\n          \"info\": \"]\\\\eKKE\"\n        },\n        \"FZui1`-J\": {\n          \"name\": \"D PJ\",\n          \"ay\": 2018,\n          \"assign\": \"_{*.Y4)M;x\",\n          \"match\": \"GK8528\",\n          \"satisfy\": [\n            {\n              \"mc\": \"<=98\"\n            },\n            {\n              \"and\": [\n                {\n                  \"and\": []\n                },\n                {\n                  \"and\": []\n                },\n                \"_\",\n                {\n                  \"mc\": \"<=163\"\n                }\n              ]\n            },\n            {\n              \"and\": []\n            },\n            {\n              \"mc\": \">=188\"\n            },\n            {\n              \"mc\": \"<=129\"\n            }\n          ],\n          \"url\": \"https://la43mx9ih4ee0tj8gvqibao3vw9sy2yhyxnc5wobjy5qh7zv3biy9fxz3u4fo4d.ijd5wrvbz443xbq4lpt0-hhfc25o0t0vt9o691ua45twvl.axdhjplfs\",\n          \"info\": \"\"\n        },\n        \"-O\": {\n          \"ay\": 2001,\n          \"match\": \"EKE8\",\n          \"url\": \"http://p8qhng8g30tix6btn1j2zn5bftqy1-cvz4z9chne8.arucvdtralu98pqciy8fd7ki1fi84nd46k9zkmbd38z85xx.pet8kfchthafxrmwcvwv1fxb745cuactjkavwki.bwdtzuw/A%F0%98%89%BF//pIxSN/%F0%9D%BB%9EPA2\",\n          \"info\": \"dUp%zIMH\",\n          \"\": {\n            \"name\": \"`x7Jd\",\n            \"ay\": 1963,\n            \"assign\": \"vsQh\",\n            \"match\": {\n              \"and\": [\n                {\n                  \"and\": []\n                }\n              ]\n            },\n            \"satisfy\": {\n              \"and\": [\n                {\n                  \"mc\": \">=174\"\n                },\n                {\n                  \"or\": [\n                    {\n                      \"or\": []\n                    },\n                    {\n                      \"mc\": \">=132\"\n                    },\n                    \"|Z*T{V\",\n                    \"E&I~GnE\",\n                    \"RMa'\"\n                  ]\n                },\n                \"<x\",\n                {\n                  \"and\": [\n                    \"oR|%p`\"\n                  ]\n                }\n              ]\n            },\n            \"url\": \"https://bkhklstghi13-19z6ycaeip2b.1.5czbuzfgeysag2cc7w4fx6uj2l8ua1c4s.wojbbgvk/r/lpK//T\",\n            \"info\": \"8DYoT\\\\us\"\n          },\n          \"KOxF%=J\": {\n            \"name\": \".\",\n            \"ay\": 1964,\n            \"match\": [\n              \"OEZ*0M\",\n              {\n                \"pattern\": \"BNMx7W\",\n                \"exclude\": \"ZA9*\",\n                \"info\": \"KwK\"\n              },\n              {\n                \"pattern\": \"AU4C\",\n                \"exclude\": \"ZAO3x8\",\n                \"info\": \"P\"\n              },\n              {\n                \"and\": [\n                  {\n                    \"or\": [\n                      {\n                        \"or\": [\n                          {\n                            \"and\": [\n                              {\n                                \"pattern\": \"IS*\",\n                                \"exclude\": [\n                                  \"EY7\",\n                                  \"RTL22\",\n                                  \"KKR612\"\n                                ],\n                                \"info\": \"e\"\n                              }\n                            ]\n                          },\n                          {\n                            \"or\": [\n                              \"CXM9N\"\n                            ]\n                          },\n                          {\n                            \"pattern\": \"URF*G\",\n                            \"exclude\": \"UFO82\",\n                            \"info\": \"$ ?0a?.rZn\"\n                          },\n                          \"IWE27\"\n                        ]\n                      },\n                      \"CFM8*48W\",\n                      \"KYJ8\",\n                      {\n                        \"and\": [\n                          {\n                            \"or\": [\n                              \"WK6235\",\n                              \"PWY1284T\",\n                              {\n                                \"and\": [\n                                  \"TDAx*3G\",\n                                  \"JS906E\"\n                                ]\n                              },\n                              \"WMF7E\",\n                              \"IT*692\"\n                            ]\n                          },\n                          \"TM*42P\",\n                          \"BE27\",\n                          \"ZCF7046R\"\n                        ]\n                      }\n                    ]\n                  },\n                  {\n                    \"pattern\": \"ATD9*M\",\n                    \"exclude\": [\n                      \"SA635R\",\n                      \"NY4P\",\n                      \"VP8527W\",\n                      \"WC98Q\"\n                    ],\n                    \"info\": \"'Ak+H*d\"\n                  },\n                  {\n                    \"and\": [\n                      {\n                        \"and\": []\n                      },\n                      {\n                        \"or\": [\n                          \"WEx98\"\n                        ]\n                      },\n                      {\n                        \"or\": [\n                          {\n                            \"pattern\": \"ADS**\",\n                            \"exclude\": \"BZK*7\",\n                            \"info\": \"9yIta|ii\"\n                          },\n                          {\n                            \"pattern\": \"PQQ678X\",\n                            \"exclude\": \"DPE43*H\",\n                            \"info\": \"Oi6\"\n                          }\n                        ]\n                      },\n                      {\n                        \"pattern\": \"ZK6x\",\n                        \"exclude\": \"XJY45N\",\n                        \"info\": \"K\"\n                      }\n                    ]\n                  },\n                  {\n                    \"pattern\": \"RT3A\",\n                    \"exclude\": [],\n                    \"info\": \"'|R4_^\"\n                  },\n                  \"JHE0\"\n                ]\n              }\n            ],\n            \"satisfy\": [\n              {\n                \"mc\": \">=6\"\n              },\n              {\n                \"mc\": \">=181\"\n              },\n              {\n                \"mc\": \">=35\"\n              }\n            ],\n            \"url\": \"http://u7qlk2u25ry4ixmvkasf7f183urgx06zmx7xlgocxmom3wqm7ogb8q.rneljj/k%F0%B4%8D%810//&/m!nW/FaUO/b$2n0%F3%B0%99%96%F0%B7%BD%A5\",\n            \"info\": \"i\"\n          },\n          \"4e%w\": {\n            \"name\": \"C\",\n            \"ay\": 2001,\n            \"match\": {\n              \"or\": [\n                {\n                  \"pattern\": \"AE19E\",\n                  \"exclude\": [\n                    \"TR*088\",\n                    \"MFM018*\"\n                  ],\n                  \"info\": \"q*NV&8&\"\n                },\n                {\n                  \"pattern\": \"RF*306\",\n                  \"exclude\": \"FFF011*E\",\n                  \"info\": \"v\"\n                },\n                {\n                  \"pattern\": \"JZ12\",\n                  \"exclude\": [\n                    \"GO55I\"\n                  ],\n                  \"info\": \"HhLA}UvBX]\"\n                }\n              ]\n            },\n            \"satisfy\": {\n              \"or\": [\n                {\n                  \"mc\": \"<=125\"\n                },\n                {\n                  \"and\": [\n                    \"Ce~hS,_qf\",\n                    \"eUAE\",\n                    \"#QH[W9?PH\",\n                    {\n                      \"and\": [\n                        \"a`\",\n                        \"\",\n                        {\n                          \"or\": [\n                            \"+Er_MwItG\",\n                            \"ObWKP5$R\",\n                            {\n                              \"mc\": \"<=176\"\n                            },\n                            \"8A4\"\n                          ]\n                        },\n                        \"b\",\n                        \"nvBmky\\\\&\"\n                      ]\n                    },\n                    \"8-2)1\"\n                  ]\n                }\n              ]\n            },\n            \"url\": \"http://63eybxemryzfqo0kvqe77w5h0iesspipkj6yqx.syfdsin\"\n          }\n        }\n      },\n      \"u<J1{\": {\n        \"name\": \"2$1\",\n        \"ay\": 1955,\n        \"assign\": \"OU_R\",\n        \"match\": [],\n        \"satisfy\": [\n          {\n            \"and\": [\n              {\n                \"mc\": \"<=193\"\n              }\n            ]\n          },\n          \"[bNfWu6XC]\",\n          {\n            \"mc\": \">=55\"\n          },\n          {\n            \"mc\": \">=90\"\n          },\n          {\n            \"or\": [\n              {\n                \"or\": [\n                  \" =]F)t\",\n                  \"{v\",\n                  \"Q\"\n                ]\n              },\n              {\n                \"and\": [\n                  \"Vj>uS<\",\n                  {\n                    \"mc\": \">=33\"\n                  },\n                  {\n                    \"or\": [\n                      \"36{^FSP3\"\n                    ]\n                  },\n                  {\n                    \"mc\": \">=12\"\n                  },\n                  \"sSO3q\"\n                ]\n              },\n              \"V%F2wD%'9\",\n              \"\",\n              {\n                \"and\": [\n                  {\n                    \"mc\": \">=24\"\n                  },\n                  \"/;?6I\",\n                  {\n                    \"mc\": \"<=179\"\n                  },\n                  \"uM-W\\\\s\",\n                  {\n                    \"mc\": \"<=23\"\n                  }\n                ]\n              }\n            ]\n          }\n        ],\n        \"=]l\": {\n          \"name\": \"=M~,<CG=6\",\n          \"assign\": [],\n          \"match\": {\n            \"or\": [\n              {\n                \"pattern\": \"OD38xS\",\n                \"exclude\": [\n                  \"UP2x52\",\n                  \"FQ7S\",\n                  \"MC04U\"\n                ]\n              },\n              {\n                \"or\": []\n              }\n            ]\n          },\n          \"satisfy\": [\n            {\n              \"or\": [\n                {\n                  \"or\": [\n                    {\n                      \"mc\": \">=183\"\n                    },\n                    {\n                      \"and\": [\n                        \"K)\",\n                        {\n                          \"or\": [\n                            \"cQ-@\",\n                            \"y/l*\",\n                            \"=kLNF\",\n                            \"Ppj\\\"u\"\n                          ]\n                        }\n                      ]\n                    }\n                  ]\n                },\n                {\n                  \"mc\": \">=104\"\n                },\n                {\n                  \"or\": [\n                    {\n                      \"mc\": \"<=136\"\n                    },\n                    \"+gZZ$mV\",\n                    {\n                      \"or\": []\n                    },\n                    {\n                      \"mc\": \">=72\"\n                    },\n                    {\n                      \"mc\": \">=93\"\n                    }\n                  ]\n                },\n                {\n                  \"mc\": \"<=150\"\n                },\n                {\n                  \"mc\": \">=199\"\n                }\n              ]\n            },\n            {\n              \"or\": [\n                {\n                  \"or\": [\n                    {\n                      \"and\": [\n                        {\n                          \"and\": []\n                        },\n                        \"Er'3Rt=O\",\n                        \"Q~[#v\"\n                      ]\n                    }\n                  ]\n                },\n                {\n                  \"or\": [\n                    {\n                      \"mc\": \">=179\"\n                    },\n                    {\n                      \"mc\": \">=136\"\n                    },\n                    \"R!+fl\"\n                  ]\n                },\n                {\n                  \"mc\": \">=186\"\n                },\n                \"\"\n              ]\n            },\n            {\n              \"mc\": \"<=105\"\n            },\n            {\n              \"or\": [\n                {\n                  \"mc\": \">=156\"\n                },\n                {\n                  \"and\": [\n                    \"R>ZF\",\n                    {\n                      \"mc\": \"<=65\"\n                    },\n                    \")ac(V\",\n                    {\n                      \"and\": [\n                        \"+\",\n                        \"\",\n                        \"J\"\n                      ]\n                    }\n                  ]\n                },\n                \"AB[\"\n              ]\n            }\n          ],\n          \"info\": \"I;?1-\"\n        },\n        \"OO\": {\n          \"name\": \"nlwtsZP \",\n          \"ay\": 1988,\n          \"assign\": [\n            \"vkFDWUv\",\n            \"u\",\n            \"eQn7\",\n            \"<mXS2X\\\"\",\n            \"_\"\n          ],\n          \"match\": {\n            \"pattern\": \"CD24*6\",\n            \"exclude\": \"HDL*91*\",\n            \"info\": \"Ejh\"\n          },\n          \"satisfy\": [],\n          \"url\": \"http://z1flkwg77zpx2nfzwuba-vhf601ihgruk-wlbc7rmvdxdnsv2zs570u84ese.q8zegrhgpuar9v49iqv4h5eacdwq9ono9ajvyp347ph58ch3ctr0x8w.hcrd.tgoogty/B(bcL/xEn'X-kO/$p%F1%BD%96%B0/\",\n          \"info\": \"0k\"\n        }\n      },\n      \"CO2%j\": {\n        \"name\": \"}Cg+/r=J)k\",\n        \"assign\": [\n          \"~kCE1\",\n          \"t3Ll`m\"\n        ],\n        \"match\": [],\n        \"url\": \"http://07pck8r1ki06hjsh19vf6bkcw-3giwyjiy0b.7fmbe9yban05s5k51y1i-dm-nush8ia-ag9h9irj8q91adttg4zvs1zafr8k.sa//5ON;NTO/q3pmt9@70o/3_ix/KoX6;C0W=q/(fNW/H)1trY/t%F1%9A%B4%BDU6(4v*_/-+/gP%F0%A5%AC%A7AKkG5u4\",\n        \"info\": \"E&\",\n        \"$0P8\": {\n          \"name\": \"\",\n          \"ay\": 2005,\n          \"match\": \"GTW7311G\",\n          \"satisfy\": {\n            \"and\": [\n              {\n                \"mc\": \"<=104\"\n              },\n              {\n                \"and\": [\n                  {\n                    \"and\": [\n                      {\n                        \"or\": [\n                          \"MZiJ\",\n                          {\n                            \"or\": []\n                          },\n                          \">t f\",\n                          \"^lScUoK,Q\"\n                        ]\n                      },\n                      {\n                        \"and\": [\n                          \"y1ui(yH\",\n                          \"hQmX5b\",\n                          \"\\\"4\",\n                          \"|8G\"\n                        ]\n                      },\n                      \"\",\n                      \"nL)|\",\n                      {\n                        \"or\": []\n                      }\n                    ]\n                  },\n                  \"3.\\\\8Zv\",\n                  \":=\",\n                  \"\"\n                ]\n              },\n              {\n                \"mc\": \">=87\"\n              },\n              \"%U}zmJe`$\"\n            ]\n          },\n          \"info\": \"p<Cx<+\\\"S\"\n        },\n        \"B| p-uV\": {\n          \"name\": \"$u*lh\",\n          \"assign\": [\n            \"H~GL@IT\"\n          ],\n          \"match\": {\n            \"or\": [\n              \"DNN36\",\n              {\n                \"or\": [\n                  \"CQx8\"\n                ]\n              }\n            ]\n          },\n          \"url\": \"https://ykt6stz17svfh9c5p1iugf505emmsomgok6zgaayu6xab47obeuy9fos83.hkm9m3z6-pj1wn.2r2.xw.bj.hdkblff/qS1,,rr2P/%F2%82%88%86q-3xqX;q4/0j/Z$LzmZ5,l%E5%BE%88/(MgmAVx/$Z:%F3%80%9A%84S/N:8MY7R\"\n        },\n        \"!0M1B'\": {\n          \"name\": \"wph@iR6.T\",\n          \"ay\": 1969,\n          \"assign\": \"JpC5l\",\n          \"match\": [\n            {\n              \"and\": [\n                {\n                  \"pattern\": \"JDF7909\"\n                },\n                {\n                  \"and\": [\n                    \"WD8352D\"\n                  ]\n                },\n                {\n                  \"pattern\": \"YAX7337\",\n                  \"exclude\": [\n                    \"IA8238\",\n                    \"QX5X\"\n                  ],\n                  \"info\": \"l\"\n                },\n                \"YY*2*9Y\"\n              ]\n            },\n            {\n              \"pattern\": \"PJF495\",\n              \"exclude\": [\n                \"HN*1*x\",\n                \"GAC5*97\"\n              ],\n              \"info\": \"^p&@\\\"n\"\n            }\n          ],\n          \"satisfy\": [\n            \"Bu;63BL-\",\n            {\n              \"or\": [\n                \":Hy\"\n              ]\n            }\n          ],\n          \"url\": \"http://pt2211l7bm7y144mmh7ofraigoml2bdchvobm4et-qlgyx3obzkaui.42ybg0yliasewjkulg-rjn8s3f0w1pu10t731qp0am3r489t0k5j07m67kg2h3.avh-b6tvoorrqu8vem65uw5edeooj1v3074eexz.wvisxfppop/%F0%9F%A6%9A:HRaI4/F.&3/\",\n          \"info\": \"#\"\n        },\n        \"u^jh(xAn\": {\n          \"name\": \"^lcjt\",\n          \"ay\": 2002,\n          \"match\": [\n            {\n              \"or\": [\n                {\n                  \"and\": [\n                    {\n                      \"pattern\": \"DAC*P\",\n                      \"exclude\": [\n                        \"STR7*H\",\n                        \"NP4P\",\n                        \"LVD491A\"\n                      ],\n                      \"info\": \"o[8/-\"\n                    }\n                  ]\n                },\n                {\n                  \"and\": []\n                },\n                {\n                  \"or\": [\n                    {\n                      \"or\": [\n                        \"BSO5x55R\",\n                        \"ETIx9G\",\n                        \"MR3953H\"\n                      ]\n                    },\n                    {\n                      \"pattern\": \"HF374\",\n                      \"info\": \"pF@\"\n                    },\n                    \"RKU013*\",\n                    {\n                      \"or\": []\n                    }\n                  ]\n                },\n                {\n                  \"or\": [\n                    {\n                      \"pattern\": \"MMxI\",\n                      \"info\": \"G'X?}Qo,Q\"\n                    }\n                  ]\n                }\n              ]\n            }\n          ],\n          \"satisfy\": \"p|,ol?cw\",\n          \"url\": \"https://we04aq6xm3qhl33cr522m99oy3kpllzmdqqp9lqz.izbltnw/qgMH/y=mw(=;&,\",\n          \"info\": \";)\",\n          \"&V~E1=9\": {\n            \"name\": \"\\\\/a#H\",\n            \"ay\": 2030,\n            \"assign\": [\n              \"!\",\n              \"#Xr_!C\",\n              \"{I?Qg5\",\n              \"!R8&B^xyi\"\n            ],\n            \"satisfy\": \"/T\",\n            \"url\": \"http://0okc3jkfd511x89mhcs23fx63bx.d.l0fi8zwq3am7vyyjt4qqb10vxa90xswcvakf5tjf888rm.khxqju0m2blvb-aeicyukva7o8ou84pt301-qaa5md3ve9sv8mxi9jiy.evi\",\n            \"info\": \"Tm\"\n          },\n          \"y|_yUm\": {\n            \"name\": \"K0\",\n            \"ay\": 1981,\n            \"assign\": [\n              \"'\",\n              \">RUnNq\",\n              \"gNN7}Y.+ui\"\n            ],\n            \"satisfy\": {\n              \"or\": [\n                {\n                  \"or\": [\n                    \"}h\",\n                    \"zl\"\n                  ]\n                },\n                {\n                  \"mc\": \"<=33\"\n                },\n                \"\\\\~5vT*NQW|\",\n                {\n                  \"and\": [\n                    {\n                      \"mc\": \"<=199\"\n                    },\n                    \"*@S3<d_BE5\",\n                    \"\\\"C.KDpE8W\"\n                  ]\n                }\n              ]\n            },\n            \"url\": \"http://39dwn-dueh2f3pfhtcuu3qv0vl8yg-37hnpcn5zn.02gjqccbphw741xip9yi0c45x2wa02oz71zolr0yqiv4gpakopllnibayuq.kiyz8laf433msk0y3uo52m5ntpw4wfy6yh7u68t1mu9abar8p1f-7o3mx30.d9a-sc6edf71futbpkg3dftul-m1-f77vdye9adsieu22f-edvmj.me/gG6TRjJ/%F3%A5%A5%96+AT_E=/Wu8zI/x%F2%B7%B2%80EQgA/yrNwMQ5z%ED%9D%B5/mcL\",\n            \"info\": \"\"\n          },\n          \"!4E9cm \": {\n            \"name\": \"J\\\"\",\n            \"ay\": 1974,\n            \"assign\": \"1IT{h]tBJx\",\n            \"match\": {\n              \"pattern\": \"DF1\",\n              \"exclude\": [\n                \"ZDW*P\",\n                \"YP0578E\",\n                \"GKL9C\",\n                \"QLV1\",\n                \"EEY7F\"\n              ],\n              \"info\": \"eck1jOHw\"\n            },\n            \"satisfy\": {\n              \"or\": [\n                {\n                  \"and\": [\n                    {\n                      \"mc\": \">=151\"\n                    },\n                    \"=\",\n                    {\n                      \"or\": [\n                        \"\",\n                        {\n                          \"and\": [\n                            {\n                              \"and\": [\n                                \"Vzb}\",\n                                \"h[FjlfQ3\"\n                              ]\n                            },\n                            \"dud\",\n                            \"!(\\\\BF!{\",\n                            \"ABrQ\",\n                            \"\"\n                          ]\n                        },\n                        \"J12n)t%[Q\",\n                        \"F(\"\n                      ]\n                    },\n                    {\n                      \"mc\": \">=75\"\n                    },\n                    {\n                      \"mc\": \">=187\"\n                    }\n                  ]\n                }\n              ]\n            },\n            \"url\": \"https://y1rb9nr6cmd2mjs5773u5wavdnsfyks6xsh8j58.fbolgixy3aegq4cd0z94auvqrummmi.yhj1x-fum6w1hctetfwcvtw1wemkc8l4mlctkocsi37ztykymo.lbdlv/&%F3%97%89%A1CFSq%F3%89%BC%AA/\"\n          }\n        }\n      }\n    }\n  }\n]",
              "code": "fast_check_1.sample(index_test_2.block, 10).forEach((sample, i) => addContext_1.default(this, {\n    title: `block sample ${i}`,\n    value: sample,\n}));\nreturn fast_check_1.assert(fast_check_1.property(index_test_2.block, ajvValidate));",
              "err": {},
              "uuid": "ff8c22b5-78c7-4512-93c9-4c06d725870e",
              "parentUUID": "8c42f49d-b6c5-45ae-9dfe-07bd1bbec787",
              "isHook": false,
              "skipped": false
            },
            {
              "title": "should not validate non-object",
              "fullTitle": "blockSchema should not validate non-object",
              "timedOut": false,
              "duration": 2,
              "state": "passed",
              "speed": "fast",
              "pass": true,
              "fail": false,
              "pending": false,
              "context": null,
              "code": "const error = {\n    instancePath: \"\",\n    message: \"block should be an object\",\n};\nisInvalidBlock(null, error);\nisInvalidBlock(undefined, error);\nisInvalidBlock(10, error);\nisInvalidBlock([12, 24], error);\nisInvalidBlock(\"abc\", error);",
              "err": {},
              "uuid": "05b2137e-3ee7-40fd-80f9-c2628909aec5",
              "parentUUID": "8c42f49d-b6c5-45ae-9dfe-07bd1bbec787",
              "isHook": false,
              "skipped": false
            },
            {
              "title": "should not validate block with invalid properties",
              "fullTitle": "blockSchema should not validate block with invalid properties",
              "timedOut": false,
              "duration": 0,
              "state": "passed",
              "speed": "fast",
              "pass": true,
              "fail": false,
              "pending": false,
              "context": null,
              "code": "isInvalidBlock({\n        name: { foo: \"bar\" },\n        ay: -1000,\n        assign: {},\n        match: 1,\n        satisfy: 2,\n        url: { abc: \"def\" },\n        info: 42,\n    }, { instancePath: \"/name\", message: \"property 'name' should be a string\" }, {\n        instancePath: \"/ay\",\n        message: \"property 'ay' should be a positive integer\",\n    }, {\n        instancePath: \"/assign\",\n        message: \"property 'assign' should be either a block ID or an array of block IDs\",\n    }, {\n        instancePath: \"/match\",\n        message: \"property 'match' should be either a match rule or an array of match rules\",\n    }, {\n        instancePath: \"/satisfy\",\n        message: \"property 'satisfy' should be either a satisfy rule or an array of satisfy rules\",\n    }, { instancePath: \"/url\", message: \"property 'url' should be a string\" }, { instancePath: \"/info\", message: \"property 'info' should be a string\" })",
              "err": {},
              "uuid": "90a1a049-f836-4c2f-b181-41c78645c341",
              "parentUUID": "8c42f49d-b6c5-45ae-9dfe-07bd1bbec787",
              "isHook": false,
              "skipped": false
            }
          ],
          "suites": [],
          "passes": [
            "ff8c22b5-78c7-4512-93c9-4c06d725870e",
            "05b2137e-3ee7-40fd-80f9-c2628909aec5",
            "90a1a049-f836-4c2f-b181-41c78645c341"
          ],
          "failures": [],
          "pending": [],
          "skipped": [],
          "duration": 230,
          "root": false,
          "rootEmpty": false,
          "_timeout": 2000
        },
        {
          "uuid": "26f567b3-e876-4567-9e64-4399cef7b85e",
          "title": "patternToRE",
          "fullFile": "/home/runner/work/planwithus-lib/planwithus-lib/src/matchRule/pattern/satisfiers.test.ts",
          "file": "/src/matchRule/pattern/satisfiers.test.ts",
          "beforeHooks": [],
          "afterHooks": [],
          "tests": [
            {
              "title": "should match valid modules with a single pattern",
              "fullTitle": "patternToRE should match valid modules with a single pattern",
              "timedOut": false,
              "duration": 14,
              "state": "passed",
              "speed": "fast",
              "pass": true,
              "fail": false,
              "pending": false,
              "context": "[\n  {\n    \"title\": \"patternExampleList sample 0\",\n    \"value\": [\n      \"HF40\",\n      [\n        \"HF40\"\n      ]\n    ]\n  },\n  {\n    \"title\": \"patternExampleList sample 1\",\n    \"value\": [\n      \"LUH46Y\",\n      [\n        \"LUH46Y\"\n      ]\n    ]\n  },\n  {\n    \"title\": \"patternExampleList sample 2\",\n    \"value\": [\n      \"NK04\",\n      [\n        \"NK04\"\n      ]\n    ]\n  },\n  {\n    \"title\": \"patternExampleList sample 3\",\n    \"value\": [\n      \"FA0\",\n      [\n        \"FA0\"\n      ]\n    ]\n  },\n  {\n    \"title\": \"patternExampleList sample 4\",\n    \"value\": [\n      \"XEL183\",\n      [\n        \"XEL183\"\n      ]\n    ]\n  },\n  {\n    \"title\": \"patternExampleList sample 5\",\n    \"value\": [\n      \"HRM4x64\",\n      [\n        \"HRM4464\",\n        \"HRM4264\",\n        \"HRM4764\",\n        \"HRM4164\",\n        \"HRM4964\",\n        \"HRM4664\",\n        \"HRM4564\",\n        \"HRM4864\",\n        \"HRM4064\",\n        \"HRM4364\"\n      ]\n    ]\n  },\n  {\n    \"title\": \"patternExampleList sample 6\",\n    \"value\": [\n      \"IY835\",\n      [\n        \"IY835\"\n      ]\n    ]\n  },\n  {\n    \"title\": \"patternExampleList sample 7\",\n    \"value\": [\n      \"GY80\",\n      [\n        \"GY80\"\n      ]\n    ]\n  },\n  {\n    \"title\": \"patternExampleList sample 8\",\n    \"value\": [\n      \"QQ3991\",\n      [\n        \"QQ3991\"\n      ]\n    ]\n  },\n  {\n    \"title\": \"patternExampleList sample 9\",\n    \"value\": [\n      \"GI8230I\",\n      [\n        \"GI8230I\"\n      ]\n    ]\n  }\n]",
              "code": "fast_check_1.sample(index_test_1.patternExampleList, 10).forEach((sample, i) => addContext_1.default(this, {\n    title: `patternExampleList sample ${i}`,\n    value: sample,\n}));\nreturn fast_check_1.assert(fast_check_1.property(index_test_1.patternExampleList, ([patternStr, examples]) => {\n    const re = _1.patternToRE(patternStr);\n    return examples.every(re.test.bind(re));\n}));",
              "err": {},
              "uuid": "1204d876-7300-4d7e-a79c-6fc5964f9d4d",
              "parentUUID": "26f567b3-e876-4567-9e64-4399cef7b85e",
              "isHook": false,
              "skipped": false
            },
            {
              "title": "should match valid modules with multiple patterns",
              "fullTitle": "patternToRE should match valid modules with multiple patterns",
              "timedOut": false,
              "duration": 71,
              "state": "passed",
              "speed": "medium",
              "pass": true,
              "fail": false,
              "pending": false,
[...]
              "pass": true,
              "fail": false,
              "pending": false,
              "context": null,
              "code": "const satisfier = satisfiers_1.inequalitySatisfier(ref, \"<=17\");\nsatisfier.should.have.property(\"filter\");\nconst { filter } = satisfier;\nisCorrectFilter(filter, modulesList1, [\n    \"CS2100\",\n    \"GER1000\",\n    \"CS2040S\",\n    \"ST2131\",\n    \"MA1521\",\n]);",
              "err": {},
              "uuid": "f48b10c0-f8a3-4533-a3a0-1fe20ad342ee",
              "parentUUID": "e88c10e1-dbcd-48a5-be1a-130cf4b51847",
              "isHook": false,
              "skipped": false
            }
          ],
          "suites": [],
          "passes": [
            "4ae6dcc1-113a-49d2-88e8-ce159527beb8",
            "0e599cec-0c60-4b2b-b275-72f583df9921",
            "e54b596b-c457-44d2-9c87-c21a753e135c",
            "ca6a3a7c-5b6a-4084-8ced-c94196bb9904",
            "8b026f73-2eea-4e67-abd6-2d577cf4f036",
            "36ad2905-fe3f-4834-a742-cbab97c0bbd6",
            "f48b10c0-f8a3-4533-a3a0-1fe20ad342ee"
          ],
          "failures": [],
          "pending": [],
          "skipped": [],
          "duration": 0,
          "root": false,
          "rootEmpty": false,
          "_timeout": 2000
        },
        {
          "uuid": "eb7c6c5d-68c7-48a2-a920-8f5fe233e687",
          "title": "inequalitySchema",
          "fullFile": "/home/runner/work/planwithus-lib/planwithus-lib/src/satisfyRule/inequality/schemas.test.ts",
          "file": "/src/satisfyRule/inequality/schemas.test.ts",
          "beforeHooks": [],
          "afterHooks": [],
          "tests": [
            {
              "title": "should validate inequality in the form <=n or >=n",
              "fullTitle": "inequalitySchema should validate inequality in the form <=n or >=n",
              "timedOut": false,
              "duration": 1,
              "state": "passed",
              "speed": "fast",
              "pass": true,
              "fail": false,
              "pending": false,
              "context": "[\n  {\n    \"title\": \"inequality sample 0\",\n    \"value\": \"<=7\"\n  },\n  {\n    \"title\": \"inequality sample 1\",\n    \"value\": \">=188\"\n  },\n  {\n    \"title\": \"inequality sample 2\",\n    \"value\": \">=193\"\n  },\n  {\n    \"title\": \"inequality sample 3\",\n    \"value\": \">=194\"\n  },\n  {\n    \"title\": \"inequality sample 4\",\n    \"value\": \"<=5\"\n  },\n  {\n    \"title\": \"inequality sample 5\",\n    \"value\": \">=186\"\n  },\n  {\n    \"title\": \"inequality sample 6\",\n    \"value\": \"<=7\"\n  },\n  {\n    \"title\": \"inequality sample 7\",\n    \"value\": \">=66\"\n  },\n  {\n    \"title\": \"inequality sample 8\",\n    \"value\": \"<=83\"\n  },\n  {\n    \"title\": \"inequality sample 9\",\n    \"value\": \">=158\"\n  }\n]",
              "code": "fast_check_1.sample(index_test_2.inequality, 10).forEach((sample, i) => addContext_1.default(this, {\n    title: `inequality sample ${i}`,\n    value: sample,\n}));\nreturn fast_check_1.assert(fast_check_1.property(index_test_2.inequality, ajvValidate));",
              "err": {},
              "uuid": "b671cf6f-b355-442f-ad24-d3fc09567979",
              "parentUUID": "eb7c6c5d-68c7-48a2-a920-8f5fe233e687",
              "isHook": false,
              "skipped": false
            },
            {
              "title": "should not validate inequality of invalid form",
              "fullTitle": "inequalitySchema should not validate inequality of invalid form",
              "timedOut": false,
              "duration": 2,
              "state": "passed",
              "speed": "fast",
              "pass": true,
              "fail": false,
              "pending": false,
              "context": null,
              "code": "[\n        \"\",\n        \"==23\",\n        \"23\",\n        \"<23\",\n        \">23\",\n        \"<=-1\",\n        \">=-1\",\n        \"<= 2\",\n        \">= 1\",\n        \"> 3\",\n        \"< 3\",\n        \"<=3a\",\n        \">=3a\",\n        \"a<=3\",\n        \"a>=3\",\n    ].forEach(isInvalidInequality)",
              "err": {},
              "uuid": "6bb73d89-1f0d-4727-bc81-91e3ff9dc2d5",
              "parentUUID": "eb7c6c5d-68c7-48a2-a920-8f5fe233e687",
              "isHook": false,
              "skipped": false
            }
          ],
          "suites": [],
          "passes": [
            "b671cf6f-b355-442f-ad24-d3fc09567979",
            "6bb73d89-1f0d-4727-bc81-91e3ff9dc2d5"
          ],
          "failures": [],
          "pending": [],
          "skipped": [],
          "duration": 3,
          "root": false,
          "rootEmpty": false,
          "_timeout": 2000
        },
        {
          "uuid": "5719ce4f-3dc8-4841-9d57-20d5b4518298",
          "title": "satisfyRuleSchema",
          "fullFile": "/home/runner/work/planwithus-lib/planwithus-lib/src/satisfyRule/schemas.test.ts",
          "file": "/src/satisfyRule/schemas.test.ts",
          "beforeHooks": [],
          "afterHooks": [],
          "tests": [
            {
              "title": "should validate satisfy rule with valid block id",
              "fullTitle": "satisfyRuleSchema should validate satisfy rule with valid block id",
              "timedOut": false,
              "duration": 1,
              "state": "passed",
              "speed": "fast",
              "pass": true,
              "fail": false,
              "pending": false,
              "context": null,
              "code": "fast_check_1.assert(fast_check_1.property(fast_check_1.string(), ajvValidate)",
              "err": {},
              "uuid": "fb7fc328-213d-4938-9bfb-9f05a4a592c9",
              "parentUUID": "5719ce4f-3dc8-4841-9d57-20d5b4518298",
              "isHook": false,
              "skipped": false
            },
            {
              "title": "should validate satisfy rules with valid mc",
              "fullTitle": "satisfyRuleSchema should validate satisfy rules with valid mc",
              "timedOut": false,
              "duration": 2,
              "state": "passed",
              "speed": "fast",
              "pass": true,
              "fail": false,
              "pending": false,
              "context": "[\n  {\n    \"title\": \"mcSatisfyRule sample 0\",\n    \"value\": {\n      \"mc\": \">=103\"\n    }\n  },\n  {\n    \"title\": \"mcSatisfyRule sample 1\",\n    \"value\": {\n      \"mc\": \">=191\"\n    }\n  },\n  {\n    \"title\": \"mcSatisfyRule sample 2\",\n    \"value\": {\n      \"mc\": \">=2\"\n    }\n  },\n  {\n    \"title\": \"mcSatisfyRule sample 3\",\n    \"value\": {\n      \"mc\": \">=65\"\n    }\n  },\n  {\n    \"title\": \"mcSatisfyRule sample 4\",\n    \"value\": {\n      \"mc\": \">=133\"\n    }\n  },\n  {\n    \"title\": \"mcSatisfyRule sample 5\",\n    \"value\": {\n      \"mc\": \">=28\"\n    }\n  },\n  {\n    \"title\": \"mcSatisfyRule sample 6\",\n    \"value\": {\n      \"mc\": \">=1\"\n    }\n  },\n  {\n    \"title\": \"mcSatisfyRule sample 7\",\n    \"value\": {\n      \"mc\": \"<=2\"\n    }\n  },\n  {\n    \"title\": \"mcSatisfyRule sample 8\",\n    \"value\": {\n      \"mc\": \"<=106\"\n    }\n  },\n  {\n    \"title\": \"mcSatisfyRule sample 9\",\n    \"value\": {\n      \"mc\": \"<=31\"\n    }\n  }\n]",
              "code": "fast_check_1.sample(index_test_2.mcSatisfyRule, 10).forEach((sample, i) => addContext_1.default(this, {\n    title: `mcSatisfyRule sample ${i}`,\n    value: sample,\n}));\nreturn fast_check_1.assert(fast_check_1.property(index_test_2.mcSatisfyRule, ajvValidate));",
              "err": {},
              "uuid": "947aab53-f868-46d1-a08f-2ff180a9b0be",
              "parentUUID": "5719ce4f-3dc8-4841-9d57-20d5b4518298",
              "isHook": false,
              "skipped": false
            },
            {
              "title": "should validate valid recursive satisfy rules",
              "fullTitle": "satisfyRuleSchema should validate valid recursive satisfy rules",
              "timedOut": false,
              "duration": 4,
              "state": "passed",
              "speed": "fast",
              "pass": true,
              "fail": false,
              "pending": false,
              "context": "[\n  {\n    \"title\": \"satisfyRule sample 0\",\n    \"value\": {\n      \"and\": [\n        \"qj<N\",\n        {\n          \"or\": [\n            \":T#I!ZYcfQ\"\n          ]\n        }\n      ]\n    }\n  },\n  {\n    \"title\": \"satisfyRule sample 1\",\n    \"value\": \"{yx \"\n  },\n  {\n    \"title\": \"satisfyRule sample 2\",\n    \"value\": {\n      \"and\": [\n        {\n          \"mc\": \"<=7\"\n        },\n        \"}xt\\\"\\\"L<\\\" !\"\n      ]\n    }\n  },\n  {\n    \"title\": \"satisfyRule sample 3\",\n    \"value\": {\n      \"and\": []\n    }\n  },\n  {\n    \"title\": \"satisfyRule sample 4\",\n    \"value\": {\n      \"and\": [\n        \"\",\n        {\n          \"and\": [\n            \"R?)d\",\n            {\n              \"mc\": \">=72\"\n            }\n          ]\n        }\n      ]\n    }\n  },\n  {\n    \"title\": \"satisfyRule sample 5\",\n    \"value\": \"{\"\n  },\n  {\n    \"title\": \"satisfyRule sample 6\",\n    \"value\": \"$L}\"\n  },\n  {\n    \"title\": \"satisfyRule sample 7\",\n    \"value\": {\n      \"and\": [\n        {\n          \"mc\": \">=35\"\n        },\n        \"|s%~HBghZb\",\n        {\n          \"and\": [\n            {\n              \"and\": [\n                \":i)T=.\",\n                {\n                  \"and\": [\n                    \"!*X0~9{69\",\n                    \"C#w5v;\",\n                    \"^DcVX&\\\\u\",\n                    \"%)(\"\n                  ]\n                },\n                \"j&5I8\",\n                \"*H9;\\\"Iq,j(\",\n                {\n                  \"mc\": \">=86\"\n                }\n              ]\n            },\n            \"e)aYw Fn\",\n            \"<\"\n          ]\n        },\n        {\n          \"and\": [\n            {\n              \"or\": [\n                {\n                  \"and\": [\n                    {\n                      \"mc\": \"<=163\"\n                    },\n                    {\n                      \"mc\": \"<=1\"\n                    },\n                    \"<W*$ydd0OO\",\n                    {\n                      \"or\": []\n                    },\n                    \"E0Sm\"\n                  ]\n                },\n                {\n                  \"mc\": \">=35\"\n                }\n              ]\n            },\n            {\n              \"or\": [\n                {\n                  \"mc\": \">=130\"\n                },\n                \"Yj\",\n                \"*|*C'a(J5N\"\n              ]\n            },\n            {\n              \"or\": [\n                \"\",\n                {\n                  \"or\": [\n                    \"M[Qe\"\n                  ]\n                },\n                {\n                  \"or\": [\n                    \";EX^p\"\n                  ]\n                }\n              ]\n            },\n            {\n              \"and\": [\n                \"z3<\",\n                {\n                  \"and\": [\n                    {\n                      \"or\": [\n                        \"<Lf\",\n                        \"|i5eBT2z\"\n                      ]\n                    },\n                    \"[)QF! wN'@\",\n                    \")\\\"V\",\n                    {\n                      \"mc\": \">=77\"\n                    }\n                  ]\n                },\n                \"%Qdvisbc%\",\n                \"a~jRc6x|O#\",\n                {\n                  \"or\": []\n                }\n              ]\n            },\n            {\n              \"or\": [\n                \"NubUC>&\",\n                \"E<2V-$qu/?\",\n                \"lNv \"\n              ]\n            }\n          ]\n        },\n        {\n          \"mc\": \">=138\"\n        }\n      ]\n    }\n  },\n  {\n    \"title\": \"satisfyRule sample 8\",\n    \"value\": {\n      \"mc\": \"<=193\"\n    }\n  },\n  {\n    \"title\": \"satisfyRule sample 9\",\n    \"value\": {\n      \"and\": [\n        {\n          \"or\": [\n            \"{n?%C\",\n            \"uX{Loh\",\n            {\n              \"and\": [\n                \"LFRC\",\n                {\n                  \"mc\": \">=193\"\n                },\n                \"h\\\"{ x\",\n                {\n                  \"and\": [\n                    \"G:|e`\",\n                    \"Ai_@$3DhV3\",\n                    {\n                      \"or\": [\n                        {\n                          \"or\": [\n                            \"do`h^U`,I\",\n                            \"ouB=>D\"\n                          ]\n                        }\n                      ]\n                    },\n                    \"9\"\n                  ]\n                },\n                \"$LrHni\"\n              ]\n            },\n            {\n              \"mc\": \"<=194\"\n            }\n          ]\n        },\n        \"|S\",\n        {\n          \"mc\": \">=83\"\n        }\n      ]\n    }\n  }\n]",
              "code": "fast_check_1.sample(index_test_2.satisfyRule, 10).forEach((sample, i) => addContext_1.default(this, {\n    title: `satisfyRule sample ${i}`,\n    value: sample,\n}));\nreturn fast_check_1.assert(fast_check_1.property(index_test_2.satisfyRule, ajvValidate));",
              "err": {},
              "uuid": "87de07ed-a0e3-4560-845c-84adabdeeee1",
              "parentUUID": "5719ce4f-3dc8-4841-9d57-20d5b4518298",
              "isHook": false,
              "skipped": false
            },
            {
              "title": "should not validate non-string/object",
              "fullTitle": "satisfyRuleSchema should not validate non-string/object",
              "timedOut": false,
              "duration": 1,
              "state": "passed",
              "speed": "fast",
              "pass": true,
              "fail": false,
              "pending": false,
              "context": null,
              "code": "const error = {\n    instancePath: \"\",\n    message: \"satisfy rule should be either a string or an object\",\n};\nisInvalidRule(null, error);\nisInvalidRule(undefined, error);\nisInvalidRule(10, error);\nisInvalidRule([12, 24], error);",
              "err": {},
              "uuid": "aa2f5e1a-bd81-4a36-a415-5a797f76ce28",
              "parentUUID": "5719ce4f-3dc8-4841-9d57-20d5b4518298",
              "isHook": false,
              "skipped": false
            },
            {
              "title": "should not validate satisfy rules with extra properties",
              "fullTitle": "satisfyRuleSchema should not validate satisfy rules with extra properties",
              "timedOut": false,
              "duration": 1,
              "state": "passed",
              "speed": "fast",
              "pass": true,
              "fail": false,
              "pending": false,
              "context": null,
              "code": "isInvalidRule({\n        and: [\n            { or: [\"2k\"], abc: \"def\" },\n            { mc: 8, ghi: \"jkl\" },\n        ],\n        mno: \"pqr\",\n    }, {\n        instancePath: \"/and/0\",\n        message: \"or satisfy rule should have property 'or' only\",\n    }, {\n        instancePath: \"/and/1\",\n        message: \"MC satisfy rule should have property 'mc' only\",\n    }, {\n        instancePath: \"\",\n        message: \"and satisfy rule should have property 'and' only\",\n    })",
              "err": {},
              "uuid": "330a2187-68a4-4185-99b7-e8214c77d741",
              "parentUUID": "5719ce4f-3dc8-4841-9d57-20d5b4518298",
              "isHook": false,
              "skipped": false
            },
            {
              "title": "should not validate ambiguous satisfy rules",
              "fullTitle": "satisfyRuleSchema should not validate ambiguous satisfy rules",
              "timedOut": false,
              "duration": 0,
              "state": "passed",
              "speed": "fast",
              "pass": true,
              "fail": false,
              "pending": false,
              "context": null,
              "code": "const message = \"satisfy rule should have only one of properties 'mc', 'and', 'or'\";\nisInvalidRule({\n    or: [\n        { mc: 5, and: [\"CS2040\"] },\n        { and: [{ and: [\"abc\"], or: [\"def\"] }] },\n    ],\n}, { instancePath: \"/or/0\", message }, { instancePath: \"/or/1/and/0\", message });",
              "err": {},
              "uuid": "924c2bb5-fb06-485c-8955-b577da1a93cb",
              "parentUUID": "5719ce4f-3dc8-4841-9d57-20d5b4518298",
              "isHook": false,
              "skipped": false
            },
            {
              "title": "should not validate and satisfy rules with non-array property",
              "fullTitle": "satisfyRuleSchema should not validate and satisfy rules with non-array property",
              "timedOut": false,
              "duration": 1,
              "state": "passed",
              "speed": "fast",
              "pass": true,
              "fail": false,
              "pending": false,
              "context": null,
              "code": "const message = \"property 'and' should be an array of satisfy rules\";\nisInvalidRule({ or: [{ and: {} }, { or: [{ and: 3 }] }] }, { instancePath: \"/or/0/and\", message }, { instancePath: \"/or/1/or/0/and\", message });",
              "err": {},
              "uuid": "e724418a-5c38-4469-bd53-53d35fa38fa5",
              "parentUUID": "5719ce4f-3dc8-4841-9d57-20d5b4518298",
              "isHook": false,
              "skipped": false
            },
            {
              "title": "should not validate or satisfy rules with non-array property",
              "fullTitle": "satisfyRuleSchema should not validate or satisfy rules with non-array property",
              "timedOut": false,
              "duration": 0,
              "state": "passed",
              "speed": "fast",
              "pass": true,
              "fail": false,
              "pending": false,
              "context": null,
              "code": "const message = \"property 'or' should be an array of satisfy rules\";\nisInvalidRule({ and: [{ or: {} }, { and: [{ or: 3 }] }] }, { instancePath: \"/and/0/or\", message }, { instancePath: \"/and/1/and/0/or\", message });",
              "err": {},
              "uuid": "d56edcc9-0adf-41fd-9ad0-7262821f44e5",
              "parentUUID": "5719ce4f-3dc8-4841-9d57-20d5b4518298",
              "isHook": false,
              "skipped": false
            }
          ],
          "suites": [],
          "passes": [
            "fb7fc328-213d-4938-9bfb-9f05a4a592c9",
            "947aab53-f868-46d1-a08f-2ff180a9b0be",
            "87de07ed-a0e3-4560-845c-84adabdeeee1",
            "aa2f5e1a-bd81-4a36-a415-5a797f76ce28",
            "330a2187-68a4-4185-99b7-e8214c77d741",
            "924c2bb5-fb06-485c-8955-b577da1a93cb",
            "e724418a-5c38-4469-bd53-53d35fa38fa5",
            "d56edcc9-0adf-41fd-9ad0-7262821f44e5"
          ],
          "failures": [],
          "pending": [],
          "skipped": [],
          "duration": 10,
          "root": false,
          "rootEmpty": false,
          "_timeout": 2000
        }
      ],
      "passes": [],
      "failures": [],
      "pending": [],
      "skipped": [],
      "duration": 0,
      "root": true,
      "rootEmpty": true,
      "_timeout": 2000
    }
  ],
  "meta": {
    "mocha": {
      "version": "9.0.2"
    },
    "mochawesome": {
      "options": {
        "quiet": false,
        "reportFilename": "mochawesome",
        "saveHtml": true,
        "saveJson": true,
        "consoleReporter": "spec",
        "useInlineDiffs": false,
        "code": true
      },
      "version": "6.2.2"
    },
    "marge": {
      "options": {
        "reportDir": "docs"
      },
      "version": "5.2.0"
    }
  }
}