{
  "stats": {
    "suites": 10,
    "tests": 48,
    "passes": 48,
    "pending": 0,
    "failures": 0,
    "start": "2021-08-22T08:03:04.813Z",
    "end": "2021-08-22T08:03:05.069Z",
    "duration": 256,
    "testsRegistered": 48,
    "passPercent": 100,
    "pendingPercent": 0,
    "other": 0,
    "hasOther": false,
    "skipped": 0,
    "hasSkipped": false
  },
  "results": [
    {
      "uuid": "6df0c184-b4c6-4b31-9191-41db36b1596e",
      "title": "",
      "fullFile": "",
      "file": "",
      "beforeHooks": [],
      "afterHooks": [],
      "tests": [],
      "suites": [
        {
          "uuid": "6eb36ffd-d62d-435a-9023-2dec5eb663ab",
          "title": "initDirectories",
          "fullFile": "/home/runner/work/planwithus-lib/planwithus-lib/src/block/schemas.test.ts",
          "file": "/src/block/schemas.test.ts",
          "beforeHooks": [],
          "afterHooks": [],
          "tests": [
            {
              "title": "should parse all blocks with no errors",
              "fullTitle": "initDirectories should parse all blocks with no errors",
              "timedOut": false,
              "duration": 2,
              "state": "passed",
              "speed": "fast",
              "pass": true,
              "fail": false,
              "pending": false,
              "context": null,
              "code": "_1.initDirectories.should.not.throw()",
              "err": {},
              "uuid": "57d41c5d-9872-4adf-b803-d26553bb44ff",
              "parentUUID": "6eb36ffd-d62d-435a-9023-2dec5eb663ab",
              "isHook": false,
              "skipped": false
            },
            {
              "title": "should produce primary, second & minor directories",
              "fullTitle": "initDirectories should produce primary, second & minor directories",
              "timedOut": false,
              "duration": 2,
              "state": "passed",
              "speed": "fast",
              "pass": true,
              "fail": false,
              "pending": false,
              "context": null,
              "code": "const directories = _1.initDirectories();\ndirectories.should.have.property(\"primary\");\ndirectories.should.have.property(\"second\");\ndirectories.should.have.property(\"minor\");",
              "err": {},
              "uuid": "85a47350-61e7-44c8-b7e8-d59e159e2388",
              "parentUUID": "6eb36ffd-d62d-435a-9023-2dec5eb663ab",
              "isHook": false,
              "skipped": false
            }
          ],
          "suites": [],
          "passes": [
            "57d41c5d-9872-4adf-b803-d26553bb44ff",
            "85a47350-61e7-44c8-b7e8-d59e159e2388"
          ],
          "failures": [],
          "pending": [],
          "skipped": [],
          "duration": 4,
          "root": false,
          "rootEmpty": false,
          "_timeout": 2000
        },
        {
          "uuid": "89771920-aa1e-4bf1-920c-0a4c9dd9cd1b",
          "title": "blockSchema",
          "fullFile": "/home/runner/work/planwithus-lib/planwithus-lib/src/block/schemas.test.ts",
          "file": "/src/block/schemas.test.ts",
          "beforeHooks": [],
          "afterHooks": [],
          "tests": [
            {
              "title": "should validate valid block",
              "fullTitle": "blockSchema should validate valid block",
              "timedOut": false,
              "duration": 145,
              "state": "passed",
              "speed": "slow",
              "pass": true,
              "fail": false,
              "pending": false,
              "context": "[\n  {\n    \"title\": \"block sample 0\",\n    \"value\": {\n      \"name\": \"v .)z)!K\",\n      \"ay\": 2028,\n      \"assign\": \"xn6! T/\\\"\\\"\",\n      \"match\": {\n        \"pattern\": \"IV0534V\",\n        \"exclude\": \"RU97\",\n        \"info\": \"e3(?hK.\"\n      },\n      \"satisfy\": {\n        \"and\": [\n          \"/rB&+QXk@U\",\n          \"EZ.1n$\",\n          \"\"\n        ]\n      },\n      \"url\": \"http://nufafx4zu4btkvmv.aisk4qzff08l99lljy0qfc5d7swz3pymm0rjqhlhrsxni8zdi8-bzmwszeyuwx0.jakfby79ngq35y1tkaj693y2fzmr6zresi4qap4us25lk2mrx65bn9ww8qm.j.lobgolxtwn/(x/!Kp/qzJbE9%F3%B4%BA%A9)js/0aH%F0%B3%A3%AEHj0(0/E+&l7y/48%ED%8B%96hy/*(J3_v/lv09)_1nm2/DBWkz-Xk9.\",\n      \"info\": \"N%\",\n      \"isSelectable\": true\n    }\n  },\n  {\n    \"title\": \"block sample 1\",\n    \"value\": {\n      \"name\": \"\",\n      \"ay\": 1953,\n      \"assign\": \"?Pl9 u\",\n      \"match\": [\n        {\n          \"or\": [\n            {\n              \"and\": [\n                {\n                  \"pattern\": \"BT*47x\",\n                  \"info\": \"*2P^B~\"\n                }\n              ]\n            },\n            {\n              \"and\": [\n                \"OA752V\",\n                \"CGI472O\",\n                {\n                  \"or\": [\n                    {\n                      \"or\": []\n                    },\n                    \"ZA87\",\n                    \"GQ727H\",\n                    \"ADxx51F\",\n                    \"HL9x45F\"\n                  ]\n                },\n                \"BC152*L\",\n                {\n                  \"or\": [\n                    {\n                      \"pattern\": \"TM7x93I\",\n                      \"exclude\": \"WG00\"\n                    },\n                    \"MQ9865\",\n                    \"DB*06\",\n                    \"OCB**x7Z\"\n                  ]\n                }\n              ]\n            },\n            {\n              \"or\": [\n                {\n                  \"and\": [\n                    \"BF1x\"\n                  ]\n                },\n                {\n                  \"or\": [\n                    \"KL**6\",\n                    {\n                      \"or\": [\n                        \"OB3W\",\n                        \"DG348R\",\n                        \"OR4\",\n                        {\n                          \"pattern\": \"YT70*1L\",\n                          \"exclude\": [\n                            \"DT1xY\"\n                          ],\n                          \"info\": \"6h\"\n                        },\n                        {\n                          \"and\": [\n                            \"INV8344\",\n                            \"IPOx77\",\n                            \"UTB*54M\",\n                            \"QC2761U\",\n                            \"DEG91D\"\n                          ]\n                        }\n                      ]\n                    },\n                    {\n                      \"pattern\": \"EV4326\",\n                      \"info\": \"F2$#mf\"\n                    },\n                    \"YRD7\",\n                    \"AB0W\"\n                  ]\n                },\n                {\n                  \"or\": [\n                    {\n                      \"and\": [\n                        {\n                          \"and\": [\n                            \"WXY1\",\n                            \"EHT33*0D\",\n                            \"KEU4x19\",\n                            \"NNO6G\",\n                            \"TJB7585\"\n                          ]\n                        },\n                        \"LL4N\",\n                        {\n                          \"or\": [\n                            \"NEO8\",\n                            \"BKW569*N\",\n                            \"IJ1\",\n                            {\n                              \"pattern\": \"BB3\",\n                              \"exclude\": \"HZ5275\",\n                              \"info\": \"/H\"\n                            },\n                            \"VBC9\"\n                          ]\n                        },\n                        \"DTZ84xY\"\n                      ]\n                    },\n                    \"XET87G\",\n                    {\n                      \"pattern\": \"XZ92x\",\n                      \"exclude\": [\n                        \"IBJ29\",\n                        \"ET**70\",\n                        \"FR99L\",\n                        \"TC9A\",\n                        \"MP9T\"\n                      ],\n                      \"info\": \"Bx+{fw$\"\n                    },\n                    {\n                      \"pattern\": \"UO2060\",\n                      \"info\": \"8YhvR5~}:j\"\n                    },\n                    \"OR15*xI\"\n                  ]\n                }\n              ]\n            },\n            {\n              \"or\": [\n                {\n                  \"and\": [\n                    \"JJO361\",\n                    \"YH01\",\n                    \"HFXx*M\",\n                    \"YSW2870A\",\n                    \"OYF88\"\n                  ]\n                },\n                {\n                  \"or\": []\n                },\n                \"LH77\",\n                \"GAR46\"\n              ]\n            },\n            {\n              \"or\": [\n                {\n                  \"or\": [\n                    \"TON20K\"\n                  ]\n                }\n              ]\n            }\n          ]\n        },\n        {\n          \"and\": []\n        },\n        {\n          \"pattern\": \"QML29\",\n          \"exclude\": [\n            \"FM4660X\",\n            \"TO122*\",\n            \"DVC241M\"\n          ],\n          \"info\": \"7@y0%4_\"\n        },\n        {\n          \"or\": []\n        }\n      ],\n      \"satisfy\": \"!$M\",\n      \"url\": \"https://r.ghuk4rs9fqkm28a7wtze65pzmpor4.ch1y2difg1p024.urxfldatpzs5pg5jy0-rzq50vpyo8g6x3a1c2yr59crrod718jgvnj65kxrnb7d.qvjve55xvuva5t6a.iozejn/ZJEecf9ggs/+\",\n      \"info\": \"MEh5}!\\\"\",\n      \"isSelectable\": true\n    }\n  },\n  {\n    \"title\": \"block sample 2\",\n    \"value\": {\n      \"name\": \"\",\n      \"ay\": 1951,\n      \"assign\": [\n        \"\",\n        \"_]&T<=L)I\"\n      ],\n      \"match\": \"KV*I\",\n      \"satisfy\": \"&y~m\",\n      \"url\": \"http://gca-ef87fid8h24e5yuu6afsxd5cfb05yc-v.wo/D'T&%F1%9B%AC%8E/TN\",\n      \"info\": \"\",\n      \"isSelectable\": true,\n      \"\": {\n        \"ay\": 2029,\n        \"assign\": [],\n        \"match\": [\n          \"IAD039\",\n          {\n            \"pattern\": \"XQM*\",\n            \"exclude\": \"SAY76J\",\n            \"info\": \"\"\n          }\n        ],\n        \"satisfy\": [\n          {\n            \"and\": [\n              {\n                \"and\": [\n                  \">AE}BEz*\",\n                  {\n                    \"or\": [\n                      {\n                        \"or\": [\n                          \"\",\n                          \"R/!LIOx]np\",\n                          \"i(O/b\"\n                        ]\n                      }\n                    ]\n                  },\n                  {\n                    \"or\": [\n                      \"\",\n                      \"FTk82MS\",\n                      {\n                        \"or\": [\n                          \"u]{!(UE5\",\n                          \"d,R%*\\\\\",\n                          \"g!\\\";6\"\n                        ]\n                      }\n                    ]\n                  },\n                  \"W-|a`}z?\\\\x\",\n                  \"e\"\n                ]\n              },\n              {\n                \"or\": [\n                  {\n                    \"and\": [\n                      {\n                        \"or\": [\n                          \"k3RSn`\"\n                        ]\n                      },\n                      \"U=l\",\n                      \"/EeGg!V\",\n                      \"W]A\",\n                      \":<[<0\"\n                    ]\n                  },\n                  \"z7\",\n                  \"{iv>-*8Z6&\",\n                  {\n                    \"or\": [\n                      {\n                        \"or\": [\n                          {\n                            \"or\": [\n                              {\n                                \"mc\": \">=168\"\n                              }\n                            ]\n                          }\n                        ]\n                      },\n                      {\n                        \"and\": [\n                          \"P]p,(aV-\",\n                          \"^\",\n                          \"zsku2a6xS(\"\n                        ]\n                      },\n                      \"~RJ}_vM\"\n                    ]\n                  }\n                ]\n              },\n              {\n                \"mc\": \"<=190\"\n              },\n              \"\"\n            ]\n          },\n          \"Ws)Gh$j{9\",\n          {\n            \"or\": [\n              {\n                \"mc\": \">=3\"\n              },\n              {\n                \"or\": [\n                  \"^95\"\n                ]\n              },\n              \"r\\\"[;\\\"b\",\n              {\n                \"or\": [\n                  {\n                    \"and\": [\n                      \"^?S78\"\n                    ]\n                  },\n                  \");vkWW<9:^\",\n                  {\n                    \"and\": [\n                      \"(|v{\",\n                      \"K2\",\n                      \"C.%?n\\\\\"\n                    ]\n                  }\n                ]\n              }\n            ]\n          },\n          \"*p\",\n          {\n            \"mc\": \">=86\"\n          }\n        ],\n        \"url\": \"https://ya3y70bgkrxdtzuxifp7cjm951.h-qq51nynghjt43l25cqpjysw71qhmoh0xfe5ky4uehk.kq3da88p0x9wya.y.aewcibcyvw\",\n        \"info\": \"lt\",\n        \"isSelectable\": true\n      },\n      \"t\": {\n        \"name\": \"Tz#\",\n        \"ay\": 1952,\n        \"assign\": \"NNS<JNN!9\",\n        \"match\": [\n          \"HXZ*\",\n          {\n            \"pattern\": \"IY1H\",\n            \"exclude\": \"QY43V\"\n          },\n          {\n            \"or\": [\n              {\n                \"and\": [\n                  \"RI522*\",\n                  {\n                    \"pattern\": \"OXJ9079\",\n                    \"exclude\": [\n                      \"LUxxJ\"\n                    ],\n                    \"info\": \"\"\n                  }\n                ]\n              },\n              {\n                \"and\": []\n              }\n            ]\n          }\n        ],\n        \"satisfy\": [\n          {\n            \"mc\": \"<=5\"\n          }\n        ],\n        \"url\": \"https://bc38a526a-efgdadwaeawnk715-wh7o.d7-f6cbb7ad7fhbeadeea7l9eupbaacdsf7c5sw-ryp.htgsd6dvu69da-x0qz3-99o2a002ekn5wgv5ds-k3096e.db/7q_Q//G2%EF%BE%90-Emq4e/m2%E2%9C%8DTqB:OM%F0%A9%9C%A4/$/ZH~L+Q%F2%BE%B7%85X/%F1%95%B0%8B%F0%A2%92%A8THSdH1BZ/t%F2%A9%BE%A3R%E8%B2%A6ABbVdc/R(Ir\",\n        \"info\": \"\",\n        \"isSelectable\": true\n      },\n      \"~&t~R%z\": {\n        \"name\": \"Yz$|{n{}|\",\n        \"ay\": 1984,\n        \"assign\": \"%N\\\\\",\n        \"match\": \"SS5x92S\",\n        \"satisfy\": {\n          \"mc\": \">=122\"\n        },\n        \"url\": \"http://bqx4ghb7k2j9c-ja-ecmca58q1-1ncr59cd1c7asd-4.c2irqp4onvotylp6g2x1gybvmdtivfmudzblj86e78wawcx7q55dfd.bqa\",\n        \"info\": \"Y\\\"Ox\",\n        \"isSelectable\": true,\n        \"I}(vvm.\\\\b\": {\n          \"name\": \"#eQ))|8lBy\",\n          \"ay\": 1960,\n          \"assign\": [\n            \"psl-\",\n            \"fFnnf\",\n            \"[0\",\n            \"z5wjV3>'\",\n            \"o\"\n          ],\n          \"match\": [],\n          \"satisfy\": [\n            {\n              \"and\": [\n                {\n                  \"or\": [\n                    \"~9S)q>[=\",\n                    \"`N\\\\yFf{4\",\n                    \"A8wwT+xjv\",\n                    \"OY\\\\I2mC!!\"\n                  ]\n                },\n                {\n                  \"or\": [\n                    {\n                      \"or\": [\n                        {\n                          \"or\": [\n                            {\n                              \"and\": [\n                                {\n                                  \"and\": [\n                                    \"\",\n                                    \"\",\n                                    \"pd\"\n                                  ]\n                                }\n                              ]\n                            },\n                            \"8/G~U1'!~5\",\n                            \"\"\n                          ]\n                        },\n                        \"\\\"NE<@2\",\n                        {\n                          \"or\": [\n                            \"f*\",\n                            \";/u7ob\",\n                            \"8%9Fo?\",\n                            \"!Ui\"\n                          ]\n                        },\n                        {\n                          \"and\": [\n                            {\n                              \"and\": [\n                                {\n                                  \"and\": [\n                                    \"\",\n                                    \"\",\n                                    \"CHZ.+\",\n                                    \":_-1\",\n                                    \".\\\"\"\n                                  ]\n                                }\n                              ]\n                            }\n                          ]\n                        },\n                        {\n                          \"or\": [\n                            \"E9LM~kv2bU\",\n                            \"(2c9}khH\"\n                          ]\n                        }\n                      ]\n                    }\n                  ]\n                },\n                {\n                  \"or\": [\n                    \">/\",\n                    \"VMo-~?P\",\n                    \"N2 ,\",\n                    {\n                      \"or\": []\n                    },\n                    {\n                      \"and\": [\n                        \"\",\n                        {\n                          \"mc\": \"<=123\"\n                        },\n                        {\n                          \"or\": []\n                        },\n                        \"FfN5lC_\"\n                      ]\n                    }\n                  ]\n                }\n              ]\n            }\n          ],\n          \"url\": \"http://uvsx34fa2cud951c12khrpu4loqk-rqrlyxk.9a24-iqi1b2oeb8.p.7o13um-3ejl93cxr41-etdhxqy0uk7bsvu4rt96.rxas\",\n          \"isSelectable\": true,\n          \"Kh$A\": {\n            \"name\": \"\",\n            \"ay\": 2022,\n            \"assign\": [\n              \"`a wh\",\n              \"^u&Q\\\"B\",\n              \"iNyW##o\",\n              \"qu/\",\n              \"\"\n            ],\n            \"match\": {\n              \"and\": [\n                {\n                  \"and\": []\n                },\n                \"SGD0220V\",\n                {\n                  \"or\": [\n                    {\n                      \"or\": []\n                    }\n                  ]\n                }\n              ]\n            },\n            \"satisfy\": [\n              {\n                \"mc\": \">=33\"\n              },\n              \"MtoR0BQCjK\",\n              {\n                \"or\": []\n              }\n            ],\n            \"url\": \"http://mq4x60mn6qmfwr44fk5e4vo452g5ws80rzuna8.qu7rwrxf4apl81dlaazk1nie5b5cc1a9akfym5v80b2r41q5aohktvh.znjpzlj09t0luxoogo2k6mlg7ur5dtimqsg327tv526epdirj0mxagv3m6a.faocqrfaql/j6ob/C=m%F1%A3%95%A9gl;\",\n            \"info\": \"<B\",\n            \"isSelectable\": true\n          },\n          \"j9\": {\n            \"name\": \"7> 9_)?(/\",\n            \"ay\": 2014,\n            \"assign\": \"&T@Hi97vs5\",\n            \"match\": [\n              \"RKE50x\",\n              {\n                \"or\": [\n                  {\n                    \"pattern\": \"RP6*V\",\n                    \"exclude\": [\n                      \"ZEY5\",\n                      \"IJ84x\",\n                      \"UV4K\",\n                      \"IOB0x0\"\n                    ],\n                    \"info\": \"oyPLaA/\"\n                  },\n                  \"ICS9488S\",\n                  {\n                    \"and\": [\n                      \"IF11x2D\",\n                      {\n                        \"pattern\": \"MQT56\",\n                        \"exclude\": [\n                          \"BA8115\"\n                        ],\n                        \"info\": \"nxp\"\n                      },\n                      \"VOxxT\",\n                      \"BJ*\"\n                    ]\n                  }\n                ]\n              }\n            ],\n            \"satisfy\": {\n              \"or\": [\n                {\n                  \"or\": [\n                    \"ijX*l7\",\n                    {\n                      \"or\": []\n                    },\n                    \"8xkb8oDF[i\",\n                    {\n                      \"and\": [\n                        {\n                          \"and\": [\n                            {\n                              \"or\": []\n                            },\n                            \"V8|Pj\",\n                            \"-]\",\n                            \"b+XhN1}0\",\n                            \"`NWb^z=\"\n                          ]\n                        },\n                        \"kXD\",\n                        \"\",\n                        \"}wTRY)W\"\n                      ]\n                    },\n                    \"?=c\"\n                  ]\n                },\n                {\n                  \"and\": [\n                    {\n                      \"or\": [\n                        {\n                          \"mc\": \"<=83\"\n                        },\n                        \"hN\",\n                        \".P:\",\n                        \"\",\n                        {\n                          \"mc\": \">=180\"\n                        }\n                      ]\n                    },\n                    {\n                      \"and\": [\n                        {\n                          \"mc\": \"<=8\"\n                        },\n                        {\n                          \"mc\": \">=19\"\n                        },\n                        {\n                          \"and\": []\n                        },\n                        \"q]x\\\\=2n\"\n                      ]\n                    },\n                    {\n                      \"and\": [\n                        \"{n*'H3P\",\n                        \"|Em(KbHm\\\"\",\n                        \"po&w\",\n                        \"!!FFye\",\n                        \"HV*\"\n                      ]\n                    },\n                    {\n                      \"mc\": \"<=74\"\n                    }\n                  ]\n                },\n                {\n                  \"mc\": \">=125\"\n                },\n                {\n                  \"or\": []\n                }\n              ]\n            },\n            \"url\": \"https://21bdcjmvrtp7lak6gs6tu60v9bn85v6j8099v9v1oo50lf2y7qeia.hp854tlw560rgqki3g.lcdh/DJm@/1kTE/t_~Ja*4%F2%8A%9B%86/%F0%97%85%84owd/70hS%F2%97%B7%A6v/Xq%F1%B6%86%91!%F1%90%BB%BEH%F3%83%9D%A79jU\"\n          },\n          \"1XyWu,DU\": {\n            \"name\": \"i\",\n            \"ay\": 1978,\n            \"assign\": [\n              \":?84\",\n              \"Q3&~`z\",\n              \"h1C-\\\\Km\"\n            ],\n            \"match\": {\n              \"and\": [\n                \"EV0*xL\",\n                {\n                  \"and\": [\n                    {\n                      \"and\": []\n                    },\n                    {\n                      \"and\": [\n                        \"EIX5J\",\n                        \"IM*E\",\n                        \"SD6616\"\n                      ]\n                    },\n                    {\n                      \"and\": [\n                        {\n                          \"and\": [\n                            \"XPY5018\"\n                          ]\n                        },\n                        {\n                          \"and\": [\n                            \"WS750\",\n                            {\n                              \"or\": []\n                            },\n                            \"YFDx98xN\",\n                            \"CJ4861Y\"\n                          ]\n                        },\n                        \"QD601\",\n                        \"SY3352\"\n                      ]\n                    },\n                    {\n                      \"pattern\": \"GV85\",\n                      \"exclude\": \"FTR8003\"\n                    }\n                  ]\n                },\n                {\n                  \"and\": [\n                    {\n                      \"or\": [\n                        \"BEF3xL\"\n                      ]\n                    },\n                    {\n                      \"and\": []\n                    },\n                    {\n                      \"pattern\": \"RO077E\",\n                      \"exclude\": [\n                        \"AHF35\",\n                        \"GE920\",\n                        \"TU5W\",\n                        \"RCK4191\"\n                      ],\n                      \"info\": \"^{Ld\"\n                    },\n                    {\n                      \"and\": [\n                        \"DV5x\",\n                        {\n                          \"and\": [\n                            {\n                              \"or\": [\n                                \"IA85\",\n                                \"HQOx69T\",\n                                \"ZA10\"\n                              ]\n                            },\n                            {\n                              \"and\": [\n                                \"NJM851\"\n                              ]\n                            }\n                          ]\n                        },\n                        \"FIM09x\",\n                        \"JN72\",\n                        \"VFK466Y\"\n                      ]\n                    },\n                    \"LSC56x2\"\n                  ]\n                },\n                \"IQO93\",\n                \"XDG*A\"\n              ]\n            },\n            \"satisfy\": {\n              \"mc\": \"<=153\"\n            },\n            \"url\": \"http://vkrbzrky4vhg72osdiu3jemwsa1cbsv2bn5ukgxj9tme29o0wyuto4ik6.zluedrbyq/BtB:kT/0yV_/A/*y+X%F3%88%A1%A1x=,M/hC;t_9%F1%9D%B4%B7UY/)tn20!U%F0%93%A7%AA/r0WyJ%F2%BD%BC%9F66/c6%F1%BD%AA%AD;%F1%84%A8%ADl=:lc/HVk._&%F2%B7%83%91z-w/,0\"\n          }\n        },\n        \"'9_N\\\\\": {\n          \"name\": \"\\\\W7fB?\",\n          \"ay\": 1957,\n          \"assign\": \"%\",\n          \"match\": [\n            \"XH*x*T\",\n            {\n              \"or\": [\n                {\n                  \"and\": [\n                    \"HTB3x\",\n                    {\n                      \"and\": [\n                        \"CV7R\",\n                        \"ME9Q\"\n                      ]\n                    }\n                  ]\n                },\n                {\n                  \"pattern\": \"UHNx486\",\n                  \"exclude\": [\n                    \"ZF663K\"\n                  ],\n                  \"info\": \"q0|W'  ;v\"\n                }\n              ]\n            },\n            {\n              \"and\": []\n            },\n            {\n              \"or\": [\n                {\n                  \"and\": []\n                },\n                \"RU5*5S\"\n              ]\n            },\n            \"IWU498Z\"\n          ],\n          \"satisfy\": {\n            \"and\": []\n          },\n          \"url\": \"https://8dwozjz8veyj43qzext08fy9sa0pj8fj0y33-x1krkr7w5dzw6262iftei.fab89dwb0vm1bub0utuqge.g.rtpxmgv/y/:G'Ty/FGq/5%F3%84%86%AEDwH/C%F0%AB%A1%8D%EE%9C%BC/;j$FsW/,bBnK%F1%88%AA%84)S~/.H/%F4%80%91%A5/k)d\",\n          \"info\": \"6}*13!HF\"\n        },\n        \"zz-Ro8)<-8\": {\n          \"name\": \"gD|>n;2%\\\\\",\n          \"ay\": 1991,\n          \"assign\": \"\",\n          \"match\": [\n            {\n              \"and\": []\n            },\n            {\n              \"or\": [\n                {\n                  \"and\": [\n                    \"BO*7\",\n                    {\n                      \"and\": []\n                    },\n                    {\n                      \"and\": [\n                        \"EC8*10D\",\n                        {\n                          \"or\": [\n                            \"UZ8452\",\n                            \"TG389K\",\n                            \"NW*Z\",\n                            \"HVx\",\n                            \"AVxx2\"\n                          ]\n                        },\n                        {\n                          \"and\": [\n                            \"UK3477\"\n                          ]\n                        },\n                        {\n                          \"or\": [\n                            \"NBX276*A\",\n                            \"TW1x\",\n                            \"QON68\",\n                            \"BT*391\",\n                            {\n                              \"pattern\": \"ZGZ1O\"\n                            }\n                          ]\n                        },\n                        {\n                          \"and\": [\n                            \"SKY05\"\n                          ]\n                        }\n                      ]\n                    },\n                    \"TIY7*\",\n                    \"BR2\"\n                  ]\n                },\n                {\n                  \"and\": [\n                    {\n                      \"and\": [\n                        \"VXC5Y\",\n                        \"ZZ1O\",\n                        {\n                          \"and\": [\n                            \"WRE07M\"\n                          ]\n                        },\n                        {\n                          \"pattern\": \"EG353D\",\n                          \"exclude\": [\n                            \"BPC372\",\n                            \"BTx5P\"\n                          ],\n                          \"info\": \"~nD2~\"\n                        },\n                        {\n                          \"and\": [\n                            \"FTV641D\",\n                            {\n                              \"and\": []\n                            },\n                            \"XWV23L\"\n                          ]\n                        }\n                      ]\n                    },\n                    \"WS951W\"\n                  ]\n                },\n                {\n                  \"or\": [\n                    {\n                      \"or\": [\n                        {\n                          \"or\": [\n                            \"VFG6\",\n                            \"IAA9244V\",\n                            \"IAR9\"\n                          ]\n                        },\n                        \"BK9767F\",\n                        {\n                          \"or\": [\n                            {\n                              \"or\": [\n                                \"SOZ70\",\n                                {\n                                  \"or\": [\n                                    {\n                                      \"or\": [\n                                        \"DOS*\"\n                                      ]\n                                    },\n                                    \"FAC55\",\n                                    {\n                                      \"and\": [\n                                        \"JYX025\",\n                                        \"IL203J\",\n                                        \"PK67\"\n                                      ]\n                                    },\n                                    \"NI2\",\n                                    \"ZS5553A\"\n                                  ]\n                                },\n                                \"NXC26\",\n                                \"JSM30S\",\n                                \"GB2939F\"\n                              ]\n                            },\n                            \"OA2217\"\n                          ]\n                        },\n                        {\n                          \"pattern\": \"YIF9G\",\n                          \"info\": \"[P/%yFz\"\n                        },\n                        \"PG9I\"\n                      ]\n                    },\n                    {\n                      \"and\": [\n                        \"AM0x85I\",\n                        {\n                          \"and\": [\n                            {\n                              \"or\": []\n                            },\n                            {\n                              \"and\": [\n                                \"GYB9912B\",\n                                \"ZTE0*G\"\n                              ]\n                            },\n                            \"SB3A\",\n                            \"HX*6K\",\n                            \"TN5Q\"\n                          ]\n                        },\n                        \"YY7588G\",\n                        \"OJR067\"\n                      ]\n                    },\n                    \"OTW6958\",\n                    \"OE1419\"\n                  ]\n                },\n                {\n                  \"pattern\": \"PJH864*\",\n                  \"exclude\": \"RVx8M\",\n                  \"info\": \"Sy%\"\n                },\n                {\n                  \"and\": [\n                    \"KE64\",\n                    {\n                      \"and\": [\n                        \"DO06\",\n                        \"QJ47F\"\n                      ]\n                    },\n                    {\n                      \"and\": [\n                        \"DBT292D\"\n                      ]\n                    },\n                    {\n                      \"or\": []\n                    },\n                    {\n                      \"pattern\": \"CUT9H\",\n                      \"info\": \"\\\\.\"\n                    }\n                  ]\n                }\n              ]\n            },\n            {\n              \"pattern\": \"OKI0xx5\",\n              \"exclude\": [\n                \"GV326\"\n              ],\n              \"info\": \"VYU}_7p`-\"\n            },\n            \"KSH982\",\n            {\n              \"pattern\": \"RX683\",\n              \"exclude\": \"BFI9903\"\n            }\n          ],\n          \"satisfy\": [],\n          \"url\": \"https://f.lyhrywomcxxcqwv3w2kl.n7.ewspmg//yF/nHfM/AQ9$KyDxkp/6'Hq9:/m%F0%A3%A6%A21*ckv/NPMv_\",\n          \"info\": \"}9p U5g\",\n          \"isSelectable\": true,\n          \"pW]>%N<^Q+\": {\n            \"name\": \"O\",\n            \"ay\": 1957,\n            \"assign\": \"97ictmK6%\",\n            \"match\": {\n              \"pattern\": \"CX3287\",\n              \"exclude\": \"XNx86x\",\n              \"info\": \" mD\"\n            },\n            \"info\": \"i]\"\n          }\n        }\n      },\n      \"$lvI\": {\n        \"name\": \"\",\n        \"ay\": 1952,\n        \"assign\": [\n          \"4\"\n        ],\n        \"match\": {\n          \"pattern\": \"GK9\"\n        },\n        \"url\": \"https://p7oo3q46m-rcyjj3n-8fl0yhpj0s6wtplxl6cfe.mccr/O/bHYlGWY'j0/J%F4%8F%BF%BC/7%F0%9D%8A%89dRb~d/c:f/gZa4!0\",\n        \"isSelectable\": true\n      }\n    }\n  },\n  {\n    \"title\": \"block sample 3\",\n    \"value\": {\n      \"name\": \"vTqMo $[\",\n      \"ay\": 2028,\n      \"assign\": [\n        \"!!!z\",\n        \"\\\"Nu#\",\n        \"\\\"?\\\" %\"\n      ],\n      \"satisfy\": {\n        \"or\": [\n          {\n            \"mc\": \">=180\"\n          },\n          {\n            \"and\": [\n              {\n                \"mc\": \">=118\"\n              },\n              {\n                \"and\": [\n                  \"\",\n                  {\n                    \"mc\": \"<=31\"\n                  },\n                  {\n                    \"and\": []\n                  },\n                  \"9Ip\"\n                ]\n              },\n              \"M-5z?s7u{8\",\n              \",z&n]3b}\",\n              {\n                \"or\": []\n              }\n            ]\n          },\n          {\n            \"and\": [\n              \"2G'ea;J/R\",\n              \"\"\n            ]\n          },\n          {\n            \"or\": [\n              {\n                \"and\": [\n                  {\n                    \"and\": [\n                      {\n                        \"or\": [\n                          \"(]*?zPqm\"\n                        ]\n                      },\n                      \",|8aVT/&=\",\n                      \"J[\"\n                    ]\n                  },\n                  {\n                    \"and\": []\n                  },\n                  \"$D\\\\/|b}\",\n                  \",dE\",\n                  \"$Uy]LU\"\n                ]\n              },\n              \"k7*BDY_mP\",\n              \"s'[sD&\",\n              \"$$4LqYXNc&\",\n              {\n                \"or\": [\n                  \"|/V\",\n                  \"/TYuN\",\n                  \"vCdT4%!I'\",\n                  \"O@\",\n                  \"1qc31e\"\n                ]\n              }\n            ]\n          }\n        ]\n      },\n      \"url\": \"http://0i5xrlwuj7hz5b3d0wiicey03bxnqi-n2-qei8viagd.bsmsx6c.b9gslm.vx5h3qdllb2xqm32h1lassn44.vzidwjvcm/a~8=GMIK\",\n      \"info\": \"v\",\n      \"isSelectable\": true\n    }\n  },\n  {\n    \"title\": \"block sample 4\",\n    \"value\": {\n      \"name\": \"vhbBD\",\n      \"ay\": 2029,\n      \"assign\": [],\n      \"url\": \"http://hubou0dnf5nzryr8j.1fd.efrbpu3koe2p2pqgsrtd2wuj0b99.1fkdlt4c.vad/yW8=_mI2/5Qxr/g%F3%92%92%BB%E6%8D%A1gB/(O_cWz/JB&S@A%F4%89%9D%8A=/%E7%8B%B8AYnv5\",\n      \"isSelectable\": true,\n      \"429p4pj|\": {\n        \"ay\": 1950,\n        \"assign\": [\n          \")Bs\",\n          \"l^>\"\n        ],\n        \"match\": {\n          \"or\": [\n            {\n              \"and\": [\n                {\n                  \"pattern\": \"XK6x\",\n                  \"exclude\": [\n                    \"VN21*\",\n                    \"XYx3*E\"\n                  ],\n                  \"info\": \"DGd4W#nr\"\n                },\n                {\n                  \"or\": [\n                    \"YY727R\",\n                    \"MBA081\",\n                    {\n                      \"pattern\": \"DH3*29\",\n                      \"exclude\": [\n                        \"IYT89\",\n                        \"CF0277H\",\n                        \"JI66\",\n                        \"YI20\",\n                        \"FYY595H\"\n                      ],\n                      \"info\": \"<&yknnaL9r\"\n                    },\n                    \"LX8997N\"\n                  ]\n                },\n                \"YW51L\"\n              ]\n            }\n          ]\n        },\n        \"satisfy\": [\n          {\n            \"mc\": \"<=133\"\n          },\n          {\n            \"mc\": \"<=180\"\n          },\n          {\n            \"mc\": \">=160\"\n          },\n          {\n            \"or\": [\n              {\n                \"or\": [\n                  {\n                    \"and\": [\n                      \"jGk6\",\n                      {\n                        \"or\": []\n                      },\n                      \"({G7z;+'KI\",\n                      {\n                        \"or\": [\n                          \"nxV\",\n                          {\n                            \"mc\": \">=13\"\n                          },\n                          {\n                            \"mc\": \"<=24\"\n                          },\n                          \"@{#m\"\n                        ]\n                      },\n                      \"cHSJs:\"\n                    ]\n                  }\n                ]\n              }\n            ]\n          },\n          {\n            \"or\": [\n              {\n                \"and\": [\n                  {\n                    \"and\": [\n                      \"N.=E#|\"\n                    ]\n                  },\n                  \"zi)A\"\n                ]\n              },\n              \"H\"\n            ]\n          }\n        ],\n        \"url\": \"http://6nnzvxdr7xc7g9jx-a8d-4u9g69d8ki37fq7f13dv5q0i3tnyp.khrmil/X~GDV:/9p=Ic%F3%94%8D%83kI/i.GF;T,/O/-C/YyZ\",\n        \"info\": \"]Ux\",\n        \"isSelectable\": true,\n        \"Y01`zE(d7p\": {\n          \"name\": \"1bq*wT\",\n          \"ay\": 1994,\n          \"match\": [\n            {\n              \"pattern\": \"BXx7\",\n              \"exclude\": \"XNC005Y\",\n              \"info\": \"GuV2C27\"\n            },\n            \"STOx5*1I\",\n            {\n              \"or\": [\n                {\n                  \"and\": [\n                    \"AO7*27F\",\n                    \"XVJ159T\",\n                    {\n                      \"and\": [\n                        \"BIL0833\",\n                        \"HQH425\"\n                      ]\n                    },\n                    \"HRE5*P\"\n                  ]\n                }\n              ]\n            },\n            {\n              \"or\": []\n            },\n            {\n              \"and\": [\n                {\n                  \"and\": [\n                    \"IQ2F\",\n                    {\n                      \"or\": [\n                        \"AG5\",\n                        {\n                          \"pattern\": \"VMQ0175L\",\n                          \"exclude\": \"OWTx28W\"\n                        },\n                        {\n                          \"pattern\": \"PA4803L\",\n                          \"exclude\": [\n                            \"WQD28A\",\n                            \"PCT292P\"\n                          ]\n                        },\n                        {\n                          \"pattern\": \"ZKY2x1\",\n                          \"exclude\": [],\n                          \"info\": \"Z3|GQDTi\"\n                        },\n                        \"LD3O\"\n                      ]\n                    },\n                    {\n                      \"pattern\": \"KLV1\",\n                      \"exclude\": [\n                        \"UX*32\",\n                        \"LB*4\",\n                        \"PK322O\",\n                        \"MF*8\"\n                      ]\n                    }\n                  ]\n                }\n              ]\n            }\n          ],\n          \"satisfy\": [\n            \"\",\n            {\n              \"and\": [\n                {\n                  \"or\": [\n                    {\n                      \"and\": [\n                        \"fKp;5KHvn\",\n                        {\n                          \"and\": [\n                            \"k\",\n                            \"u5&0m\"\n                          ]\n                        },\n                        \"J<;\",\n                        \"G@,%rQ\"\n                      ]\n                    },\n                    {\n                      \"or\": [\n                        {\n                          \"or\": [\n                            {\n                              \"or\": [\n                                {\n                                  \"and\": []\n                                },\n                                \" \",\n                                \"+RV\"\n                              ]\n                            },\n                            \"\"\n                          ]\n                        },\n                        \"<2JHy7Ej\"\n                      ]\n                    },\n                    {\n                      \"and\": [\n                        \"vdi\"\n                      ]\n                    },\n                    {\n                      \"mc\": \">=182\"\n                    }\n                  ]\n                },\n                \"UtW,S&R9~\",\n                {\n                  \"mc\": \">=84\"\n                },\n                {\n                  \"mc\": \"<=150\"\n                }\n              ]\n            },\n            {\n              \"mc\": \">=94\"\n            },\n            {\n              \"and\": [\n                {\n                  \"mc\": \">=164\"\n                },\n                {\n                  \"and\": [\n                    \"5TL\"\n                  ]\n                }\n              ]\n            },\n            {\n              \"and\": [\n                {\n                  \"mc\": \">=111\"\n                },\n                {\n                  \"and\": []\n                }\n              ]\n            }\n          ],\n          \"url\": \"http://qi6jvujrp27vn5tmft4f8t2c7crzwi834vr9jry9ee88nu4.yvj7ubk4u3rjwz0nmpxqqj0nt3apu.7jd-3o5qu1yxkn5j1m5ekb6mllpm35-v8xv.dqn43-3piprjb6fzjf-8bk1twlp.lgohpctks/(enz)PBt-/*:%F0%A9%84%8B;VV,/v3LR8!O=a/F+o//a:'/%F1%BD%83%B2xpH0GL!Z3/yfw%F0%9A%90%BB6ZHz%F3%9F%BD%99/hCVe!m)G/@I6vcZ\",\n          \"info\": \"uzCnTv<\",\n          \"isSelectable\": true\n        },\n        \"(=9gx) `c@\": {\n          \"name\": \"v\\\"k^\",\n          \"assign\": [\n            \"x~E^VDH\",\n            \"\",\n            \"0OLGN\",\n            \"x\",\n            \"Y}v^1\"\n          ],\n          \"match\": {\n            \"pattern\": \"PE431G\",\n            \"exclude\": [\n              \"DH9*34\",\n              \"MA356xA\",\n              \"RC0*x8M\",\n              \"PMH7108\"\n            ]\n          },\n          \"satisfy\": [\n            {\n              \"or\": [\n                \"FR\",\n                \"dY)#]tJt>\",\n                {\n                  \"mc\": \"<=144\"\n                }\n              ]\n            },\n            \"}#8P84V\",\n            {\n              \"mc\": \">=22\"\n            },\n            {\n              \"mc\": \">=96\"\n            },\n            {\n              \"and\": [\n                \"Soex$WZH_\",\n                {\n                  \"mc\": \">=11\"\n                },\n                {\n                  \"or\": [\n                    {\n                      \"mc\": \"<=31\"\n                    },\n                    \"Yly^gs!C!\",\n                    \"W2,|^V\"\n                  ]\n                }\n              ]\n            }\n          ],\n          \"url\": \"http://z11s01gx1nzsxhtkiawa75j3j0rbl1u3zn3kbfbdbp72cd35ob.2qmao09s93ok9k81kv2kq0otc1-33aq4borvanb1dww8cb36lt983jjqrd.b.zsgd0xvlrnr2y-2ee3mcti5quwosfishjod-tgt9ohpiq14ev.vrmufq/JM@tpl1U/M%F3%85%88%A6@T/7jqA!Fxvs%F1%BC%80%B3/s4p:)&I./aA%F0%90%9C%B7H(XUbu/1!KbxnPv//af1,\",\n          \"info\": \"IeLTS\",\n          \"isSelectable\": true\n        },\n        \"\": {\n          \"name\": \"YBp\",\n          \"assign\": \"55D~1GRe~\",\n          \"match\": {\n            \"or\": [\n              {\n                \"and\": [\n                  \"HPK6\",\n                  {\n                    \"and\": [\n                      \"AWD1D\",\n                      {\n                        \"or\": [\n                          {\n                            \"pattern\": \"UP0*\",\n                            \"exclude\": [\n                              \"PT5001G\",\n                              \"YRT311D\",\n                              \"QJ1\",\n                              \"EBD15\"\n                            ],\n                            \"info\": \"N\"\n                          }\n                        ]\n                      }\n                    ]\n                  },\n                  {\n                    \"or\": []\n                  },\n                  {\n                    \"and\": [\n                      {\n                        \"or\": [\n                          \"OVQ*\",\n                          \"WP95\"\n                        ]\n                      },\n                      {\n                        \"or\": [\n                          {\n                            \"pattern\": \"HXO11x6\",\n                            \"exclude\": \"CHU61\",\n                            \"info\": \"J)K?4uE}\"\n                          },\n                          \"ZOO**O\",\n                          \"KI123C\"\n                        ]\n                      },\n                      {\n                        \"and\": [\n                          \"QP0508X\",\n                          {\n                            \"or\": []\n                          },\n                          \"IER4L\"\n                        ]\n                      },\n                      \"HOY494A\"\n                    ]\n                  },\n                  \"JY59\"\n                ]\n              },\n              {\n                \"pattern\": \"KV8\",\n                \"info\": \"AZ\"\n              },\n              {\n                \"pattern\": \"GG258\",\n                \"exclude\": [\n                  \"VKB7\",\n                  \"WB9*7E\",\n                  \"NYH0N\",\n                  \"OO0M\",\n                  \"GNI6971\"\n                ],\n                \"info\": \"uZ`p\"\n              },\n              {\n                \"or\": [\n                  {\n                    \"or\": [\n                      \"MW304x\",\n                      \"FHG*832O\",\n                      \"DQ0\",\n                      \"JL32\",\n                      \"CYx3G\"\n                    ]\n                  },\n                  {\n                    \"pattern\": \"KV2097J\",\n                    \"exclude\": \"TRZ982\",\n                    \"info\": \"}6^AGO.VD$\"\n                  },\n                  {\n                    \"and\": [\n                      {\n                        \"or\": [\n                          \"PV5xx5\",\n                          \"PD3x\"\n                        ]\n                      },\n                      \"GSE9065\",\n                      \"LBK66\"\n                    ]\n                  },\n                  {\n                    \"or\": [\n                      {\n                        \"and\": [\n                          \"SS76C\",\n                          \"KE57\"\n                        ]\n                      },\n                      {\n                        \"or\": [\n                          {\n                            \"and\": [\n                              \"SUJ2\",\n                              \"HWC5\",\n                              {\n                                \"and\": [\n                                  {\n                                    \"pattern\": \"OPS8x9\",\n                                    \"exclude\": \"XP*78\",\n                                    \"info\": \"/x Kj897e\"\n                                  },\n                                  \"LX7Y\",\n                                  {\n                                    \"or\": [\n                                      \"CKGx790G\"\n                                    ]\n                                  },\n                                  {\n                                    \"pattern\": \"EOK76T\",\n                                    \"exclude\": \"CEX9527Q\"\n                                  },\n                                  \"MJ6x47B\"\n                                ]\n                              }\n                            ]\n                          },\n                          \"UNY4x8\"\n                        ]\n                      },\n                      \"YGA*3x8J\"\n                    ]\n                  },\n                  {\n                    \"and\": [\n                      {\n                        \"or\": [\n                          \"MK905T\",\n                          \"EPP7*\"\n                        ]\n                      },\n                      {\n                        \"pattern\": \"AVG623x\",\n                        \"exclude\": [],\n                        \"info\": \"\"\n                      }\n                    ]\n                  }\n                ]\n              }\n            ]\n          },\n          \"url\": \"https://28si1r535gxka6e72hpzdkuw5ooy.e.ftubveegn\",\n          \"info\": \"\",\n          \"isSelectable\": true\n        }\n      }\n    }\n  },\n  {\n    \"title\": \"block sample 5\",\n    \"value\": {\n      \"name\": \"gb\",\n      \"ay\": 2001,\n      \"assign\": \"( 48&|F \",\n      \"match\": {\n        \"pattern\": \"TX42C\",\n        \"exclude\": [\n          \"ZRN89L\",\n          \"AUx6P\"\n        ],\n        \"info\": \"\"\n      },\n      \"satisfy\": {\n        \"mc\": \"<=200\"\n      },\n      \"url\": \"http://krfma.twczfd/r;+4@rSGn/xQO5%E7%B4%B0krG*/o6R@+sV0/~ck@+%F0%A6%B4%B7I/H0!s-i=*n//lW%F2%BB%89%B6LgHKy\",\n      \"info\": \"3E$| {\",\n      \"isSelectable\": true\n    }\n  },\n  {\n    \"title\": \"block sample 6\",\n    \"value\": {\n      \"name\": \"@usl_\",\n      \"ay\": 1959,\n      \"assign\": [],\n      \"match\": {\n        \"pattern\": \"NH*5I\",\n        \"exclude\": [],\n        \"info\": \"r(L$l/T4K\"\n      },\n      \"satisfy\": {\n        \"or\": [\n          {\n            \"and\": [\n              \"7uic\",\n              {\n                \"mc\": \"<=65\"\n              },\n              \"W6%s\",\n              {\n                \"and\": []\n              },\n              {\n                \"mc\": \">=120\"\n              }\n            ]\n          }\n        ]\n      },\n      \"url\": \"https://5ta7llm7ies9bl9jde483s2o-sc17024do2xovgeih8aprl90vp1-mq4gx4mv.eye/kRyT*%F3%84%A8%80L/vd;PV\",\n      \"info\": \"XoCrG\",\n      \"isSelectable\": true,\n      \"\": {\n        \"name\": \"$Q\",\n        \"ay\": 1950,\n        \"assign\": \"z!&\",\n        \"match\": [\n          {\n            \"pattern\": \"GI434x\",\n            \"exclude\": \"TIQ83*H\",\n            \"info\": \"a@q0m '6)\"\n          },\n          {\n            \"pattern\": \"QD23R\",\n            \"exclude\": \"KG3\",\n            \"info\": \"R\"\n          }\n        ],\n        \"satisfy\": {\n          \"mc\": \">=193\"\n        },\n        \"url\": \"http://n0y1r23-3lqd9e9lb9qjr8jc0yspcjgwmpalpj-3vjzd28t1i81qhlbtg.k2n7ujvr9n6mk6r0adtnod2esd89o1wwnp-cei8r-8h05u8l71ixcbbz6x2.y18dk7qs-hz08h83aurh4k25cnao6.08a91ehvf4e8mdhmomumsd1v0o62odwy62je0u7b-q.4.pskbdogalw//%F4%8B%AA%82;wB/aaUb/)%F2%B7%98%93$mA+y/;O/-1rl%F0%A4%94%B6$;7vV//cb/iL646IMZj/G7K\",\n        \"info\": \"$\",\n        \"EE\": {\n          \"name\": \",z/\",\n          \"ay\": 2025,\n          \"assign\": [],\n          \"match\": {\n            \"pattern\": \"OON6508\",\n            \"exclude\": [\n              \"TV2xE\",\n              \"JU7*\"\n            ],\n            \"info\": \"ufb\"\n          },\n          \"satisfy\": [\n            {\n              \"or\": []\n            },\n            {\n              \"mc\": \">=75\"\n            }\n          ],\n          \"url\": \"https://eb.imijdrpm/E3$a\",\n          \"info\": \"\\\"KB5c\",\n          \"isSelectable\": true\n        }\n      }\n    }\n  },\n  {\n    \"title\": \"block sample 7\",\n    \"value\": {\n      \"ay\": 2026,\n      \"assign\": [\n        \"C(\",\n        \"\",\n        \"y(I)u\",\n        \"\",\n        \">c\\\\/Q\"\n      ],\n      \"match\": {\n        \"and\": []\n      },\n      \"satisfy\": {\n        \"mc\": \">=166\"\n      },\n      \"url\": \"http://c.oeasc2d-qzh5fedgefeha09fcc59yca6fd.mvxb/4/%F4%86%96%A52,*_q%F1%96%A1%98/*/O=W%F1%82%81%8Dx%F3%A7%9A%8BB/yU7fC/v'44X@-/X%F2%AA%B7%8A\",\n      \"info\": \"!#}$*\",\n      \"isSelectable\": true,\n      \"CG];\": {\n        \"name\": \"BOoxEi%<3\\\\\",\n        \"ay\": 2017,\n        \"assign\": [\n          \"\\\"TJBR4\",\n          \"Uj{H?h\\\"L\",\n          \"QH0,_CTBo\",\n          \"\",\n          \"ReZG\"\n        ],\n        \"match\": [\n          {\n            \"and\": [\n              \"ZY016*K\",\n              {\n                \"and\": [\n                  {\n                    \"and\": [\n                      {\n                        \"and\": [\n                          \"AFS2666\",\n                          \"JBZ58\",\n                          \"BQQ945E\",\n                          \"QM5*46K\"\n                        ]\n                      },\n                      \"WUx013R\",\n                      \"YQ83Z\"\n                    ]\n                  },\n                  {\n                    \"and\": []\n                  }\n                ]\n              },\n              \"DY*1X\",\n              {\n                \"and\": []\n              }\n            ]\n          }\n        ],\n        \"satisfy\": \"k0\\\\~TnMEG\",\n        \"url\": \"http://b.vikbpkb/+;PLZt%F4%80%AE%8B/%F1%9F%97%BC7vkM/%E2%BE%8C9Jhi0XsLN/,m@IDv/r2Yu5$%F1%AA%A7%9F/dz3'q./j05pj_W5!%F1%8B%AC%B5/77x~H%F1%B1%8B%91/dKVaH!i3D\",\n        \"info\": \"XVTz,\",\n        \"isSelectable\": true,\n        \"SUm1\": {\n          \"ay\": 1970,\n          \"assign\": [\n            \")Y\\\"@mqbQV\",\n            \"8\",\n            \"'\",\n            \"C'g|Z\"\n          ],\n          \"match\": [\n            {\n              \"or\": [\n                {\n                  \"or\": [\n                    {\n                      \"and\": [\n                        {\n                          \"and\": [\n                            {\n                              \"or\": [\n                                \"CJ386x\"\n                              ]\n                            }\n                          ]\n                        }\n                      ]\n                    },\n                    {\n                      \"or\": [\n                        {\n                          \"and\": [\n                            \"JG2936\",\n                            \"SCD4x5Z\",\n                            \"HGZ658\"\n                          ]\n                        }\n                      ]\n                    },\n                    {\n                      \"and\": [\n                        \"NM2036\"\n                      ]\n                    },\n                    {\n                      \"and\": [\n                        \"JUE39\",\n                        {\n                          \"or\": [\n                            {\n                              \"or\": [\n                                {\n                                  \"or\": []\n                                },\n                                \"FWZ5\",\n                                \"RC2\",\n                                \"EQE*\",\n                                \"PMM5A\"\n                              ]\n                            },\n                            \"ZJW14*6\"\n                          ]\n                        },\n                        \"UP7556I\"\n                      ]\n                    }\n                  ]\n                },\n                {\n                  \"or\": [\n                    {\n                      \"or\": [\n                        {\n                          \"or\": [\n                            \"CP1\"\n                          ]\n                        }\n                      ]\n                    },\n                    {\n                      \"pattern\": \"HTx1O\",\n                      \"exclude\": [\n                        \"ZPC4*C\"\n                      ],\n                      \"info\": \"u\"\n                    },\n                    \"IJ*1Q\"\n                  ]\n                },\n                \"HRD322\"\n              ]\n            },\n            {\n              \"and\": [\n                {\n                  \"or\": [\n                    {\n                      \"and\": []\n                    },\n                    \"ZTQ1*\",\n                    \"VI95\"\n                  ]\n                },\n                {\n                  \"or\": []\n                },\n                {\n                  \"and\": [\n                    \"VVxx89\",\n                    {\n                      \"or\": [\n                        \"CC*34\",\n                        \"MWG937\",\n                        {\n                          \"and\": [\n                            {\n                              \"and\": [\n                                \"EV5x7\",\n                                \"GK86E\",\n                                \"JV3x\",\n                                {\n                                  \"and\": [\n                                    {\n                                      \"pattern\": \"YED9*4\",\n                                      \"info\": \".(K. yN\"\n                                    },\n                                    \"LL2\",\n                                    \"PZ5702\"\n                                  ]\n                                },\n                                {\n                                  \"pattern\": \"ROR597D\",\n                                  \"exclude\": [\n                                    \"URGxR\",\n                                    \"FFK895\",\n                                    \"GL015x\",\n                                    \"VNX2xT\",\n                                    \"CEx*L\"\n                                  ],\n                                  \"info\": \"$\"\n                                }\n                              ]\n                            },\n                            \"MXx36K\",\n                            \"TNQ553\",\n                            \"QUR09\",\n                            \"FVO3x9A\"\n                          ]\n                        },\n                        \"RFJ7x\",\n                        \"MG94\"\n                      ]\n                    },\n                    {\n                      \"pattern\": \"OB50\",\n                      \"exclude\": \"KMP5x*\",\n                      \"info\": \",x{\\\"X|\"\n                    },\n                    \"RYO85R\",\n                    {\n                      \"pattern\": \"GTI26O\",\n                      \"exclude\": [],\n                      \"info\": \"8N}yDs%bzN\"\n                    }\n                  ]\n                },\n                {\n                  \"pattern\": \"IO28V\",\n                  \"exclude\": [\n                    \"KI3X\",\n                    \"VMB5\"\n                  ],\n                  \"info\": \"dQm_Pm@js\"\n                },\n                {\n                  \"or\": [\n                    {\n                      \"or\": [\n                        {\n                          \"pattern\": \"LG3xD\",\n                          \"exclude\": \"TGJ212xD\",\n                          \"info\": \"H@\"\n                        },\n                        \"ABx866\"\n                      ]\n                    },\n                    {\n                      \"and\": [\n                        \"OR04\",\n                        \"AV1D\",\n                        {\n                          \"pattern\": \"AZ6\",\n                          \"exclude\": [],\n                          \"info\": \"WNz2\"\n                        },\n                        \"VL761x\",\n                        {\n                          \"pattern\": \"TSYxQ\",\n                          \"exclude\": [\n                            \"IF1451\",\n                            \"NZ9477\",\n                            \"HP31E\"\n                          ],\n                          \"info\": \"i%Or\"\n                        }\n                      ]\n                    }\n                  ]\n                }\n              ]\n            },\n            {\n              \"pattern\": \"LD802E\",\n              \"exclude\": [\n                \"WRF*91G\",\n                \"YP8x\",\n                \"TB04C\",\n                \"VCB28Z\"\n              ]\n            }\n          ],\n          \"satisfy\": [\n            \"?=G0$fKD`@\",\n            {\n              \"and\": [\n                {\n                  \"mc\": \">=139\"\n                },\n                \" vKO\",\n                {\n                  \"mc\": \"<=157\"\n                },\n                {\n                  \"and\": [\n                    \"g`h*OwZg\\\"\",\n                    \"\\\\8Gg-p\"\n                  ]\n                },\n                {\n                  \"and\": [\n                    {\n                      \"or\": []\n                    },\n                    \"dI!UW@5\",\n                    {\n                      \"and\": []\n                    },\n                    \"vU)0P\\\"65?M\"\n                  ]\n                }\n              ]\n            }\n          ],\n          \"url\": \"http://r7h23nq.5jawv0us94o.cy9mj44231vykpbtrpq5p-l2actvj88.qlel/rQ$kOS$YA\",\n          \"info\": \"DA1\",\n          \"isSelectable\": true\n        }\n      },\n      \"\": {\n        \"name\": \"N[fc\",\n        \"ay\": 2026,\n        \"match\": {\n          \"or\": [\n            {\n              \"and\": []\n            },\n            \"VI8\",\n            {\n              \"and\": [\n                \"BQ2\",\n                {\n                  \"pattern\": \"CF6G\",\n                  \"exclude\": [],\n                  \"info\": \"_<\"\n                }\n              ]\n            },\n            {\n              \"and\": [\n                \"FSW395x\",\n                {\n                  \"or\": []\n                },\n                {\n                  \"and\": [\n                    {\n                      \"and\": [\n                        {\n                          \"or\": [\n                            \"YAH614xZ\",\n                            \"KQ9xx5B\",\n                            {\n                              \"or\": [\n                                \"JU2Y\"\n                              ]\n                            },\n                            \"BU28W\"\n                          ]\n                        },\n                        \"XRB*X\"\n                      ]\n                    },\n                    \"NU662\",\n                    \"RAW41T\",\n                    \"VL6X\"\n                  ]\n                },\n                \"UNE6E\",\n                {\n                  \"pattern\": \"EDN5x\",\n                  \"exclude\": \"VHF937x\",\n                  \"info\": \"W\"\n                }\n              ]\n            }\n          ]\n        },\n        \"satisfy\": [\n          {\n            \"and\": [\n              \"\",\n              {\n                \"or\": [\n                  \"%v Ce j}\",\n                  {\n                    \"mc\": \">=145\"\n                  },\n                  \"Y7:r\",\n                  {\n                    \"or\": [\n                      \"\\\"%8+=rn!|\",\n                      {\n                        \"and\": [\n                          \"B\",\n                          \"n;,'>gl_K\",\n                          \"#fbE&zMJ\",\n                          \"_'p?~Ez8p\",\n                          {\n                            \"mc\": \">=108\"\n                          }\n                        ]\n                      }\n                    ]\n                  },\n                  \"3G^y\"\n                ]\n              }\n            ]\n          },\n          {\n            \"or\": [\n              {\n                \"or\": [\n                  {\n                    \"mc\": \">=191\"\n                  }\n                ]\n              },\n              {\n                \"or\": [\n                  \"E%{fk\",\n                  \"Ev\\\"t:/ g\",\n                  {\n                    \"or\": [\n                      {\n                        \"and\": [\n                          \"`mc[TFEu^g\",\n                          \"WN9OgMp]T\",\n                          \"$,(i;\"\n                        ]\n                      },\n                      {\n                        \"or\": [\n                          \"\",\n                          \"4OIT_&XG.\"\n                        ]\n                      },\n                      {\n                        \"or\": [\n                          \"i\",\n                          {\n                            \"mc\": \">=66\"\n                          }\n                        ]\n                      },\n                      \".\"\n                    ]\n                  },\n                  {\n                    \"and\": [\n                      {\n                        \"or\": [\n                          {\n                            \"and\": []\n                          },\n                          \"A9\"\n                        ]\n                      },\n                      {\n                        \"or\": [\n                          \"O{o\"\n                        ]\n                      },\n                      \"UnV&-`8^\"\n                    ]\n                  },\n                  \"QXr D\"\n                ]\n              },\n              {\n                \"or\": [\n                  {\n                    \"or\": [\n                      {\n                        \"or\": [\n                          \"A2D`>RHyH\",\n                          \"76F2JbZK8K\",\n                          \"XX\"\n                        ]\n                      }\n                    ]\n                  },\n                  {\n                    \"or\": [\n                      \"SC\\\\\"\n                    ]\n                  },\n                  \"ls \\\\F\",\n                  {\n                    \"or\": [\n                      {\n                        \"and\": [\n                          \"N:Ys4\",\n                          {\n                            \"and\": [\n                              {\n                                \"and\": [\n                                  \"\",\n                                  \"}Ol+(coO\",\n                                  \")x9T(-@\"\n                                ]\n                              },\n                              \"\",\n                              \"@EhWw,\",\n                              \"pi0+#<3_\",\n                              \"+;u\"\n                            ]\n                          }\n                        ]\n                      },\n                      {\n                        \"or\": [\n                          \"kd\",\n                          \"eQHZ\"\n                        ]\n                      }\n                    ]\n                  },\n                  \"XZ||c7/\"\n                ]\n              },\n              {\n                \"or\": [\n                  {\n                    \"and\": [\n                      {\n                        \"mc\": \"<=103\"\n                      }\n                    ]\n                  },\n                  {\n                    \"or\": [\n                      \"\",\n                      \"$\"\n                    ]\n                  }\n                ]\n              },\n              \"\"\n            ]\n          },\n          {\n            \"mc\": \"<=50\"\n          }\n        ],\n        \"url\": \"http://jofgaxjhsf3dmdp7dyxm6675yml727va50.p.cyxhpt-dr5.otnux4j2e20plr01zzkm50tpeu82m1ntjlg-zxlvpwx7g94hh.02oa-b-zd515rxosqpvktyg9iuz7azidc.aonyc//f%F2%89%81%98\",\n        \"info\": \"?D\\\\Yl~2\\\\i\"\n      }\n    }\n  },\n  {\n    \"title\": \"block sample 8\",\n    \"value\": {\n      \"name\": \"#Op3y\",\n      \"assign\": [\n        \"VRW\",\n        \"gfNmf\\\\D|+\",\n        \"GL\\\\wB2}Pu;\",\n        \"aF\",\n        \"0S'GeE_\"\n      ],\n      \"match\": {\n        \"pattern\": \"HQZ0136\",\n        \"exclude\": [\n          \"PBS44*4\",\n          \"EY4\"\n        ],\n        \"info\": \"x%\"\n      },\n      \"satisfy\": {\n        \"or\": [\n          {\n            \"and\": [\n              {\n                \"and\": [\n                  {\n                    \"mc\": \">=181\"\n                  },\n                  {\n                    \"and\": [\n                      \";'[Wy\",\n                      \"J,8N\",\n                      \"#VVA:B^-\",\n                      \"O7%\"\n                    ]\n                  },\n                  {\n                    \"or\": [\n                      \"vy>euK/\",\n                      \"2\",\n                      {\n                        \"or\": [\n                          {\n                            \"and\": [\n                              {\n                                \"or\": [\n                                  \"6YV~pmEcr\",\n                                  \"H56C_E2\",\n                                  \"l\\\"f,z!Rp3 \"\n                                ]\n                              },\n                              \"\",\n                              \"i#?Rul1\"\n                            ]\n                          }\n                        ]\n                      }\n                    ]\n                  }\n                ]\n              },\n              \"NG_7xO+j/\",\n              \"SRNab8E&\",\n              \"Hgf[Nw>\",\n              \"Z1k#\"\n            ]\n          },\n          {\n            \"and\": [\n              \"LnO\",\n              {\n                \"mc\": \">=133\"\n              },\n              \"Mz\",\n              \" \"\n            ]\n          },\n          {\n            \"and\": [\n              {\n                \"and\": []\n              }\n            ]\n          },\n          \"\\\\h\",\n          {\n            \"or\": []\n          }\n        ]\n      },\n      \"url\": \"https://0.nyk420qmsdlktv9ca5.lehnnhkln\",\n      \"isSelectable\": true\n    }\n  },\n  {\n    \"title\": \"block sample 9\",\n    \"value\": {\n      \"name\": \"+b&%m<k\",\n      \"assign\": \"$\\\"r$x\\\"\",\n      \"match\": [\n        {\n          \"pattern\": \"AB0\",\n          \"exclude\": \"VP9\",\n          \"info\": \"~<{\"\n        },\n        {\n          \"and\": [\n            {\n              \"or\": [\n                {\n                  \"pattern\": \"RUW0L\",\n                  \"info\": \"Br JYc'A;\"\n                }\n              ]\n            },\n            \"PW612x\",\n            {\n              \"or\": [\n                \"RY39**N\",\n                \"HLF28\"\n              ]\n            },\n            {\n              \"or\": [\n                {\n                  \"pattern\": \"KX9\",\n                  \"exclude\": [\n                    \"HDK*W\",\n                    \"XS11*\",\n                    \"CSK961\",\n                    \"VHI231R\"\n                  ],\n                  \"info\": \"lw`v\\\\\"\n                },\n                \"GK5T\",\n                {\n                  \"and\": []\n                }\n              ]\n            }\n          ]\n        },\n        {\n          \"or\": [\n            {\n              \"pattern\": \"PU*\",\n              \"exclude\": [\n                \"IE*510S\"\n              ]\n            },\n            {\n              \"pattern\": \"YW960\",\n              \"exclude\": [\n                \"IDA*868\",\n                \"XT594xO\"\n              ],\n              \"info\": \"U\"\n            },\n            {\n              \"or\": [\n                \"KJ9403S\",\n                \"BP3597D\",\n                \"HPEx19\",\n                {\n                  \"or\": [\n                    \"SZX53T\",\n                    {\n                      \"and\": [\n                        {\n                          \"pattern\": \"LQ8K\",\n                          \"exclude\": [\n                            \"BFW6\",\n                            \"AQJ446*\",\n                            \"CT**0\",\n                            \"MS1\"\n                          ],\n                          \"info\": \"y@&88\"\n                        },\n                        \"UQ354xN\"\n                      ]\n                    },\n                    {\n                      \"or\": [\n                        {\n                          \"pattern\": \"TZ14Q\",\n                          \"exclude\": \"VRN*\",\n                          \"info\": \"URXfnl\"\n                        },\n                        \"UW158\",\n                        \"GEM9*x*\"\n                      ]\n                    }\n                  ]\n                },\n                \"CP90L\"\n              ]\n            },\n            {\n              \"pattern\": \"UXZ*x\",\n              \"info\": \"\"\n            },\n            {\n              \"or\": [\n                \"OE34\",\n                \"UJJ264\",\n                {\n                  \"pattern\": \"FUR2D\",\n                  \"exclude\": \"DG07Q\",\n                  \"info\": \"\"\n                },\n                \"MT337\",\n                {\n                  \"and\": [\n                    \"NO4295D\",\n                    \"FG3*0\",\n                    \"HOO17J\",\n                    {\n                      \"or\": [\n                        {\n                          \"or\": []\n                        },\n                        \"VU87\"\n                      ]\n                    },\n                    \"CC6\"\n                  ]\n                }\n              ]\n            }\n          ]\n        },\n        \"MVI88\",\n        {\n          \"and\": [\n            {\n              \"and\": []\n            }\n          ]\n        }\n      ],\n      \"satisfy\": [\n        \"ycz= ^\"\n      ],\n      \"url\": \"https://l3nkjiq3h0c43k5rqxve91be5p4qe7dhobv91no6s8suhyhsf0n.f69xjmmj2--jd4n-pn3tu92oq9dfuc21ir92c-h-2lwmafx02xrou.somr5fi5eadtzgrdwq1lb5p-p8-or0nxsecpjh8a38rabs6rsi285z3zw6x23qn.jwsmvtmfoz\"\n    }\n  }\n]",
              "code": "fast_check_1.sample(index_test_2.block, 10).forEach((sample, i) => addContext_1.default(this, {\n    title: `block sample ${i}`,\n    value: sample,\n}));\nreturn fast_check_1.assert(fast_check_1.property(index_test_2.block, ajvValidate));",
              "err": {},
              "uuid": "3cd2724b-21d5-4378-8c6e-8e3dd4df5029",
              "parentUUID": "89771920-aa1e-4bf1-920c-0a4c9dd9cd1b",
              "isHook": false,
              "skipped": false
            },
            {
              "title": "should not validate non-object",
              "fullTitle": "blockSchema should not validate non-object",
              "timedOut": false,
              "duration": 1,
              "state": "passed",
              "speed": "fast",
              "pass": true,
              "fail": false,
              "pending": false,
              "context": null,
              "code": "const error = {\n    instancePath: \"\",\n    message: \"block should be an object\",\n};\nisInvalidBlock(null, error);\nisInvalidBlock(undefined, error);\nisInvalidBlock(10, error);\nisInvalidBlock([12, 24], error);\nisInvalidBlock(\"abc\", error);",
              "err": {},
              "uuid": "fe0df4ec-bef8-4b27-bae9-773270e2f376",
[...]
              "timedOut": false,
              "duration": 0,
              "state": "passed",
              "speed": "fast",
              "pass": true,
              "fail": false,
              "pending": false,
              "context": null,
              "code": "const satisfier = satisfiers_1.inequalitySatisfier(ref, \"<=17\");\nsatisfier.should.have.property(\"filter\");\nconst { filter } = satisfier;\nisCorrectFilter(filter, modulesList1, [\n    \"CS2100\",\n    \"GER1000\",\n    \"CS2040S\",\n    \"ST2131\",\n    \"MA1521\",\n]);",
              "err": {},
              "uuid": "af165825-ccf5-4159-9deb-3d81bfc8280c",
              "parentUUID": "5d30b93d-c553-41f2-8616-61d690705997",
              "isHook": false,
              "skipped": false
            }
          ],
          "suites": [],
          "passes": [
            "954d19c5-5b0a-4d3a-9795-fb5656e70b41",
            "4691a5a0-7b80-44d2-918e-8d8a3ec55ac8",
            "0d50f86c-8170-4048-be49-199dc2078b40",
            "ad4a3292-8ee8-48df-8128-8e527c0d39ec",
            "e54463bb-9a03-4dea-9a67-35b0dfdc568a",
            "d3a308e2-5ba1-4db5-9898-c96fb3316533",
            "af165825-ccf5-4159-9deb-3d81bfc8280c"
          ],
          "failures": [],
          "pending": [],
          "skipped": [],
          "duration": 1,
          "root": false,
          "rootEmpty": false,
          "_timeout": 2000
        },
        {
          "uuid": "59dee6e0-e596-4fcb-bc86-495dc06e49fc",
          "title": "inequalitySchema",
          "fullFile": "/home/runner/work/planwithus-lib/planwithus-lib/src/satisfyRule/inequality/schemas.test.ts",
          "file": "/src/satisfyRule/inequality/schemas.test.ts",
          "beforeHooks": [],
          "afterHooks": [],
          "tests": [
            {
              "title": "should validate inequality in the form <=n or >=n",
              "fullTitle": "inequalitySchema should validate inequality in the form <=n or >=n",
              "timedOut": false,
              "duration": 1,
              "state": "passed",
              "speed": "fast",
              "pass": true,
              "fail": false,
              "pending": false,
              "context": "[\n  {\n    \"title\": \"inequality sample 0\",\n    \"value\": \">=196\"\n  },\n  {\n    \"title\": \"inequality sample 1\",\n    \"value\": \"<=10\"\n  },\n  {\n    \"title\": \"inequality sample 2\",\n    \"value\": \"<=92\"\n  },\n  {\n    \"title\": \"inequality sample 3\",\n    \"value\": \">=6\"\n  },\n  {\n    \"title\": \"inequality sample 4\",\n    \"value\": \"<=194\"\n  },\n  {\n    \"title\": \"inequality sample 5\",\n    \"value\": \">=62\"\n  },\n  {\n    \"title\": \"inequality sample 6\",\n    \"value\": \">=173\"\n  },\n  {\n    \"title\": \"inequality sample 7\",\n    \"value\": \">=200\"\n  },\n  {\n    \"title\": \"inequality sample 8\",\n    \"value\": \"<=129\"\n  },\n  {\n    \"title\": \"inequality sample 9\",\n    \"value\": \">=198\"\n  }\n]",
              "code": "fast_check_1.sample(index_test_2.inequality, 10).forEach((sample, i) => addContext_1.default(this, {\n    title: `inequality sample ${i}`,\n    value: sample,\n}));\nreturn fast_check_1.assert(fast_check_1.property(index_test_2.inequality, ajvValidate));",
              "err": {},
              "uuid": "48a11de5-1ecf-4cc3-8dd2-1160a6ad5118",
              "parentUUID": "59dee6e0-e596-4fcb-bc86-495dc06e49fc",
              "isHook": false,
              "skipped": false
            },
            {
              "title": "should not validate inequality of invalid form",
              "fullTitle": "inequalitySchema should not validate inequality of invalid form",
              "timedOut": false,
              "duration": 1,
              "state": "passed",
              "speed": "fast",
              "pass": true,
              "fail": false,
              "pending": false,
              "context": null,
              "code": "[\n        \"\",\n        \"==23\",\n        \"23\",\n        \"<23\",\n        \">23\",\n        \"<=-1\",\n        \">=-1\",\n        \"<= 2\",\n        \">= 1\",\n        \"> 3\",\n        \"< 3\",\n        \"<=3a\",\n        \">=3a\",\n        \"a<=3\",\n        \"a>=3\",\n    ].forEach(isInvalidInequality)",
              "err": {},
              "uuid": "596c088d-d183-48fa-bc2a-72b29803ef37",
              "parentUUID": "59dee6e0-e596-4fcb-bc86-495dc06e49fc",
              "isHook": false,
              "skipped": false
            }
          ],
          "suites": [],
          "passes": [
            "48a11de5-1ecf-4cc3-8dd2-1160a6ad5118",
            "596c088d-d183-48fa-bc2a-72b29803ef37"
          ],
          "failures": [],
          "pending": [],
          "skipped": [],
          "duration": 2,
          "root": false,
          "rootEmpty": false,
          "_timeout": 2000
        },
        {
          "uuid": "0005f5a2-87d3-46fb-9756-0bab5fb228f3",
          "title": "satisfyRuleSchema",
          "fullFile": "/home/runner/work/planwithus-lib/planwithus-lib/src/satisfyRule/schemas.test.ts",
          "file": "/src/satisfyRule/schemas.test.ts",
          "beforeHooks": [],
          "afterHooks": [],
          "tests": [
            {
              "title": "should validate satisfy rule with valid block id",
              "fullTitle": "satisfyRuleSchema should validate satisfy rule with valid block id",
              "timedOut": false,
              "duration": 1,
              "state": "passed",
              "speed": "fast",
              "pass": true,
              "fail": false,
              "pending": false,
              "context": null,
              "code": "fast_check_1.assert(fast_check_1.property(fast_check_1.string(), ajvValidate)",
              "err": {},
              "uuid": "fb5a6a16-dbbd-43cd-bc8b-1a2ca589cd52",
              "parentUUID": "0005f5a2-87d3-46fb-9756-0bab5fb228f3",
              "isHook": false,
              "skipped": false
            },
            {
              "title": "should validate satisfy rules with valid mc",
              "fullTitle": "satisfyRuleSchema should validate satisfy rules with valid mc",
              "timedOut": false,
              "duration": 2,
              "state": "passed",
              "speed": "fast",
              "pass": true,
              "fail": false,
              "pending": false,
              "context": "[\n  {\n    \"title\": \"mcSatisfyRule sample 0\",\n    \"value\": {\n      \"mc\": \">=159\"\n    }\n  },\n  {\n    \"title\": \"mcSatisfyRule sample 1\",\n    \"value\": {\n      \"mc\": \">=3\"\n    }\n  },\n  {\n    \"title\": \"mcSatisfyRule sample 2\",\n    \"value\": {\n      \"mc\": \">=6\"\n    }\n  },\n  {\n    \"title\": \"mcSatisfyRule sample 3\",\n    \"value\": {\n      \"mc\": \"<=200\"\n    }\n  },\n  {\n    \"title\": \"mcSatisfyRule sample 4\",\n    \"value\": {\n      \"mc\": \"<=58\"\n    }\n  },\n  {\n    \"title\": \"mcSatisfyRule sample 5\",\n    \"value\": {\n      \"mc\": \">=90\"\n    }\n  },\n  {\n    \"title\": \"mcSatisfyRule sample 6\",\n    \"value\": {\n      \"mc\": \">=2\"\n    }\n  },\n  {\n    \"title\": \"mcSatisfyRule sample 7\",\n    \"value\": {\n      \"mc\": \">=173\"\n    }\n  },\n  {\n    \"title\": \"mcSatisfyRule sample 8\",\n    \"value\": {\n      \"mc\": \">=4\"\n    }\n  },\n  {\n    \"title\": \"mcSatisfyRule sample 9\",\n    \"value\": {\n      \"mc\": \">=173\"\n    }\n  }\n]",
              "code": "fast_check_1.sample(index_test_2.mcSatisfyRule, 10).forEach((sample, i) => addContext_1.default(this, {\n    title: `mcSatisfyRule sample ${i}`,\n    value: sample,\n}));\nreturn fast_check_1.assert(fast_check_1.property(index_test_2.mcSatisfyRule, ajvValidate));",
              "err": {},
              "uuid": "32a003a9-897f-4eef-96ea-abe44bc95b09",
              "parentUUID": "0005f5a2-87d3-46fb-9756-0bab5fb228f3",
              "isHook": false,
              "skipped": false
            },
            {
              "title": "should validate valid recursive satisfy rules",
              "fullTitle": "satisfyRuleSchema should validate valid recursive satisfy rules",
              "timedOut": false,
              "duration": 3,
              "state": "passed",
              "speed": "fast",
              "pass": true,
              "fail": false,
              "pending": false,
              "context": "[\n  {\n    \"title\": \"satisfyRule sample 0\",\n    \"value\": {\n      \"or\": []\n    }\n  },\n  {\n    \"title\": \"satisfyRule sample 1\",\n    \"value\": \"I.L7=OG\"\n  },\n  {\n    \"title\": \"satisfyRule sample 2\",\n    \"value\": {\n      \"mc\": \">=134\"\n    }\n  },\n  {\n    \"title\": \"satisfyRule sample 3\",\n    \"value\": {\n      \"and\": [\n        {\n          \"and\": [\n            \"g1>yn/1\"\n          ]\n        },\n        {\n          \"and\": [\n            \"K4.,#R-P\",\n            {\n              \"mc\": \"<=2\"\n            },\n            \"\",\n            \"kpv<%BM&71\"\n          ]\n        },\n        {\n          \"and\": [\n            {\n              \"or\": [\n                \"n4;;+}P\",\n                \"Z9>W4(\",\n                {\n                  \"and\": [\n                    \"U-kF(Cb3(\"\n                  ]\n                },\n                \"h\"\n              ]\n            }\n          ]\n        },\n        \"C_ ]~AX\"\n      ]\n    }\n  },\n  {\n    \"title\": \"satisfyRule sample 4\",\n    \"value\": {\n      \"and\": [\n        {\n          \"mc\": \"<=15\"\n        },\n        {\n          \"and\": [\n            {\n              \"or\": [\n                {\n                  \"or\": [\n                    {\n                      \"or\": [\n                        \"?mUZk*dPU\",\n                        \">salg2&mr\",\n                        {\n                          \"mc\": \">=4\"\n                        }\n                      ]\n                    },\n                    {\n                      \"mc\": \"<=64\"\n                    },\n                    \"jcYfzt+a\"\n                  ]\n                },\n                \"<X5B\",\n                {\n                  \"or\": [\n                    \"\"\n                  ]\n                },\n                \"w|\\\"8w\",\n                {\n                  \"and\": [\n                    \"/a<)n!Z\",\n                    \"SNkhI\\\"p0~b\",\n                    {\n                      \"or\": [\n                        \"\",\n                        \"\",\n                        \"j:\\\\\\\"\",\n                        \"\"\n                      ]\n                    }\n                  ]\n                }\n              ]\n            },\n            {\n              \"or\": [\n                {\n                  \"or\": [\n                    \"{v*3*Jt, \",\n                    \",p>:\",\n                    {\n                      \"and\": [\n                        \")$)J0 KMe\",\n                        \"O(&;C_p\\\"\",\n                        {\n                          \"mc\": \"<=58\"\n                        },\n                        {\n                          \"mc\": \"<=95\"\n                        },\n                        \"q\"\n                      ]\n                    },\n                    \"nw&yRC]>Hx\"\n                  ]\n                },\n                {\n                  \"and\": [\n                    {\n                      \"and\": []\n                    }\n                  ]\n                },\n                \"l27nf#_P\\\"\",\n                {\n                  \"mc\": \"<=120\"\n                },\n                \"M10\"\n              ]\n            },\n            {\n              \"or\": [\n                \"\",\n                {\n                  \"mc\": \">=162\"\n                },\n                {\n                  \"and\": [\n                    \"oh1^P^\"\n                  ]\n                },\n                \"\\\"lIR2 \\\\l}2\"\n              ]\n            },\n            \"`Qa[(\",\n            {\n              \"mc\": \">=122\"\n            }\n          ]\n        }\n      ]\n    }\n  },\n  {\n    \"title\": \"satisfyRule sample 5\",\n    \"value\": {\n      \"and\": []\n    }\n  },\n  {\n    \"title\": \"satisfyRule sample 6\",\n    \"value\": {\n      \"and\": [\n        {\n          \"and\": [\n            {\n              \"or\": []\n            },\n            {\n              \"mc\": \">=199\"\n            },\n            \"X<\"\n          ]\n        },\n        {\n          \"mc\": \">=137\"\n        }\n      ]\n    }\n  },\n  {\n    \"title\": \"satisfyRule sample 7\",\n    \"value\": {\n      \"and\": [\n        {\n          \"and\": [\n            \"$\",\n            \"d_x\"\n          ]\n        }\n      ]\n    }\n  },\n  {\n    \"title\": \"satisfyRule sample 8\",\n    \"value\": \"R&&F{AL.Yj\"\n  },\n  {\n    \"title\": \"satisfyRule sample 9\",\n    \"value\": \"\"\n  }\n]",
              "code": "fast_check_1.sample(index_test_2.satisfyRule, 10).forEach((sample, i) => addContext_1.default(this, {\n    title: `satisfyRule sample ${i}`,\n    value: sample,\n}));\nreturn fast_check_1.assert(fast_check_1.property(index_test_2.satisfyRule, ajvValidate));",
              "err": {},
              "uuid": "e6ec1b3f-55df-4994-9fc6-0dde140dec17",
              "parentUUID": "0005f5a2-87d3-46fb-9756-0bab5fb228f3",
              "isHook": false,
              "skipped": false
            },
            {
              "title": "should not validate non-string/object",
              "fullTitle": "satisfyRuleSchema should not validate non-string/object",
              "timedOut": false,
              "duration": 1,
              "state": "passed",
              "speed": "fast",
              "pass": true,
              "fail": false,
              "pending": false,
              "context": null,
              "code": "const error = {\n    instancePath: \"\",\n    message: \"satisfy rule should be either a string or an object\",\n};\nisInvalidRule(null, error);\nisInvalidRule(undefined, error);\nisInvalidRule(10, error);\nisInvalidRule([12, 24], error);",
              "err": {},
              "uuid": "3a7eec2f-cf80-4101-a1b3-694597c8b0cf",
              "parentUUID": "0005f5a2-87d3-46fb-9756-0bab5fb228f3",
              "isHook": false,
              "skipped": false
            },
            {
              "title": "should not validate satisfy rules with extra properties",
              "fullTitle": "satisfyRuleSchema should not validate satisfy rules with extra properties",
              "timedOut": false,
              "duration": 1,
              "state": "passed",
              "speed": "fast",
              "pass": true,
              "fail": false,
              "pending": false,
              "context": null,
              "code": "isInvalidRule({\n        and: [\n            { or: [\"2k\"], abc: \"def\" },\n            { mc: 8, ghi: \"jkl\" },\n        ],\n        mno: \"pqr\",\n    }, {\n        instancePath: \"/and/0\",\n        message: \"or satisfy rule should have property 'or' only\",\n    }, {\n        instancePath: \"/and/1\",\n        message: \"MC satisfy rule should have property 'mc' only\",\n    }, {\n        instancePath: \"\",\n        message: \"and satisfy rule should have property 'and' only\",\n    })",
              "err": {},
              "uuid": "2d91b588-95a4-4663-a91a-fc21726a5ba2",
              "parentUUID": "0005f5a2-87d3-46fb-9756-0bab5fb228f3",
              "isHook": false,
              "skipped": false
            },
            {
              "title": "should not validate ambiguous satisfy rules",
              "fullTitle": "satisfyRuleSchema should not validate ambiguous satisfy rules",
              "timedOut": false,
              "duration": 0,
              "state": "passed",
              "speed": "fast",
              "pass": true,
              "fail": false,
              "pending": false,
              "context": null,
              "code": "const message = \"satisfy rule should have only one of properties 'mc', 'and', 'or'\";\nisInvalidRule({\n    or: [\n        { mc: 5, and: [\"CS2040\"] },\n        { and: [{ and: [\"abc\"], or: [\"def\"] }] },\n    ],\n}, { instancePath: \"/or/0\", message }, { instancePath: \"/or/1/and/0\", message });",
              "err": {},
              "uuid": "e2751588-c7ae-4939-ab6d-526560199e76",
              "parentUUID": "0005f5a2-87d3-46fb-9756-0bab5fb228f3",
              "isHook": false,
              "skipped": false
            },
            {
              "title": "should not validate and satisfy rules with non-array property",
              "fullTitle": "satisfyRuleSchema should not validate and satisfy rules with non-array property",
              "timedOut": false,
              "duration": 1,
              "state": "passed",
              "speed": "fast",
              "pass": true,
              "fail": false,
              "pending": false,
              "context": null,
              "code": "const message = \"property 'and' should be an array of satisfy rules\";\nisInvalidRule({ or: [{ and: {} }, { or: [{ and: 3 }] }] }, { instancePath: \"/or/0/and\", message }, { instancePath: \"/or/1/or/0/and\", message });",
              "err": {},
              "uuid": "568abe59-e4a4-4b82-b488-ac957f15b793",
              "parentUUID": "0005f5a2-87d3-46fb-9756-0bab5fb228f3",
              "isHook": false,
              "skipped": false
            },
            {
              "title": "should not validate or satisfy rules with non-array property",
              "fullTitle": "satisfyRuleSchema should not validate or satisfy rules with non-array property",
              "timedOut": false,
              "duration": 0,
              "state": "passed",
              "speed": "fast",
              "pass": true,
              "fail": false,
              "pending": false,
              "context": null,
              "code": "const message = \"property 'or' should be an array of satisfy rules\";\nisInvalidRule({ and: [{ or: {} }, { and: [{ or: 3 }] }] }, { instancePath: \"/and/0/or\", message }, { instancePath: \"/and/1/and/0/or\", message });",
              "err": {},
              "uuid": "ca90c461-cc82-4293-8962-ea29aed8e080",
              "parentUUID": "0005f5a2-87d3-46fb-9756-0bab5fb228f3",
              "isHook": false,
              "skipped": false
            }
          ],
          "suites": [],
          "passes": [
            "fb5a6a16-dbbd-43cd-bc8b-1a2ca589cd52",
            "32a003a9-897f-4eef-96ea-abe44bc95b09",
            "e6ec1b3f-55df-4994-9fc6-0dde140dec17",
            "3a7eec2f-cf80-4101-a1b3-694597c8b0cf",
            "2d91b588-95a4-4663-a91a-fc21726a5ba2",
            "e2751588-c7ae-4939-ab6d-526560199e76",
            "568abe59-e4a4-4b82-b488-ac957f15b793",
            "ca90c461-cc82-4293-8962-ea29aed8e080"
          ],
          "failures": [],
          "pending": [],
          "skipped": [],
          "duration": 9,
          "root": false,
          "rootEmpty": false,
          "_timeout": 2000
        }
      ],
      "passes": [],
      "failures": [],
      "pending": [],
      "skipped": [],
      "duration": 0,
      "root": true,
      "rootEmpty": true,
      "_timeout": 2000
    }
  ],
  "meta": {
    "mocha": {
      "version": "9.0.3"
    },
    "mochawesome": {
      "options": {
        "quiet": false,
        "reportFilename": "mochawesome",
        "saveHtml": true,
        "saveJson": true,
        "consoleReporter": "spec",
        "useInlineDiffs": false,
        "code": true
      },
      "version": "6.2.2"
    },
    "marge": {
      "options": {
        "reportDir": "docs"
      },
      "version": "5.2.0"
    }
  }
}