{
  "stats": {
    "suites": 6,
    "tests": 29,
    "passes": 29,
    "pending": 0,
    "failures": 0,
    "start": "2021-06-16T15:06:53.988Z",
    "end": "2021-06-16T15:06:54.322Z",
    "duration": 334,
    "testsRegistered": 29,
    "passPercent": 100,
    "pendingPercent": 0,
    "other": 0,
    "hasOther": false,
    "skipped": 0,
    "hasSkipped": false
  },
  "results": [
    {
      "uuid": "a338985b-f69d-438f-8209-0ed83a72affa",
      "title": "",
      "fullFile": "",
      "file": "",
      "beforeHooks": [],
      "afterHooks": [],
      "tests": [],
      "suites": [
        {
          "uuid": "6604d5bc-7eee-471b-9008-4ab78c1fe192",
          "title": "initDirectories",
          "fullFile": "/home/runner/work/planwithus-lib/planwithus-lib/src/block/schemas.test.ts",
          "file": "/src/block/schemas.test.ts",
          "beforeHooks": [],
          "afterHooks": [],
          "tests": [
            {
              "title": "should parse all blocks with no errors",
              "fullTitle": "initDirectories should parse all blocks with no errors",
              "timedOut": false,
              "duration": 3,
              "state": "passed",
              "speed": "fast",
              "pass": true,
              "fail": false,
              "pending": false,
              "context": null,
              "code": "_1.initDirectories.should.not.throw()",
              "err": {},
              "uuid": "ff6d6fb7-627f-4f86-972e-decd419a2e66",
              "parentUUID": "6604d5bc-7eee-471b-9008-4ab78c1fe192",
              "isHook": false,
              "skipped": false
            },
            {
              "title": "should produce primary, second & minor directories",
              "fullTitle": "initDirectories should produce primary, second & minor directories",
              "timedOut": false,
              "duration": 66,
              "state": "passed",
              "speed": "medium",
              "pass": true,
              "fail": false,
              "pending": false,
              "context": null,
              "code": "const directories = await _1.initDirectories();\ndirectories.should.have.property(\"primary\");\ndirectories.should.have.property(\"second\");\ndirectories.should.have.property(\"minor\");",
              "err": {},
              "uuid": "a19d0042-931e-49f6-b763-a4086d79132c",
              "parentUUID": "6604d5bc-7eee-471b-9008-4ab78c1fe192",
              "isHook": false,
              "skipped": false
            }
          ],
          "suites": [],
          "passes": [
            "ff6d6fb7-627f-4f86-972e-decd419a2e66",
            "a19d0042-931e-49f6-b763-a4086d79132c"
          ],
          "failures": [],
          "pending": [],
          "skipped": [],
          "duration": 69,
          "root": false,
          "rootEmpty": false,
          "_timeout": 2000
        },
        {
          "uuid": "5b87f4be-2b88-4710-9cfe-0b9078e9b499",
          "title": "blockSchema",
          "fullFile": "/home/runner/work/planwithus-lib/planwithus-lib/src/block/schemas.test.ts",
          "file": "/src/block/schemas.test.ts",
          "beforeHooks": [],
          "afterHooks": [],
          "tests": [
            {
              "title": "should validate valid block",
              "fullTitle": "blockSchema should validate valid block",
              "timedOut": false,
              "duration": 215,
              "state": "passed",
              "speed": "slow",
              "pass": true,
              "fail": false,
              "pending": false,
              "context": "[\n  {\n    \"title\": \"block sample 0\",\n    \"value\": {\n      \"name\": \"/9=\\\\o^/aI\",\n      \"assign\": \"$\\\"8*&o~  \",\n      \"match\": {\n        \"pattern\": \"UA**4\",\n        \"info\": \"]|J]I\\\\IZ}\"\n      },\n      \"satisfy\": {\n        \"mc\": 6\n      },\n      \"url\": \"https://9r4x96h47e3gw0r15smv1clteye2vnf89g56av6wj5b9fdjqqplw3vl71dmj-ty.4ao0k-e.hubk6sbdfa858mbxcv4eezge98hw9ll9l2y8fae1f.dmqp7bcldrl.wfejd.jjzvixwcfu/;S%F2%BE%B0%B7;rD-UW&/dLfO8//;e=/81JBg\",\n      \"info\": \"&\\\"]\"\n    }\n  },\n  {\n    \"title\": \"block sample 1\",\n    \"value\": {\n      \"ay\": 2024,\n      \"assign\": [],\n      \"match\": {\n        \"and\": [\n          \"RP716\",\n          {\n            \"and\": [\n              \"DJ8x1\"\n            ]\n          },\n          {\n            \"or\": [\n              \"VH4x19\"\n            ]\n          },\n          {\n            \"and\": [\n              \"CMN073\",\n              {\n                \"and\": [\n                  {\n                    \"or\": [\n                      \"YO895xP\",\n                      \"BM544\",\n                      \"ASB8799O\"\n                    ]\n                  },\n                  \"FCA4W\"\n                ]\n              }\n            ]\n          },\n          {\n            \"or\": [\n              \"RHZxB\"\n            ]\n          }\n        ]\n      },\n      \"url\": \"http://vpyyk1z.4usiqjf7l8710a0y66x4387l7ym92t4pi33cfshwauc76wptji6qm67.3.8j.rqb\",\n      \"info\": \"F'anKb\",\n      \"noif\": {\n        \"name\": \"k\",\n        \"assign\": [\n          \"\",\n          \"e@ 6\\\"P\",\n          \"%aZ5REi\",\n          \"AU&wD@\"\n        ],\n        \"match\": {\n          \"or\": [\n            {\n              \"and\": [\n                {\n                  \"and\": []\n                }\n              ]\n            }\n          ]\n        },\n        \"url\": \"http://yj7hz2bewlmqiu0l0l66c9jzwhfuy.y8upjxmvcezbpmg3iw-31mk2553gukoyvv99g3h4nzc2x.e7x49kwa-kq49.1vfez2uxz9f2z6vckabwii3nraaj4lgr1wugbsoxgq.rvngphnzkr/HWa%F2%AE%AF%A0./@B%F0%B0%8E%A7N/giem%F4%88%B0%A2,W%F1%A3%A0%88LM\",\n        \"info\": \"9!#?q+Q.M\"\n      },\n      \"sz'\": {\n        \"name\": \"$8Dp\",\n        \"ay\": 2007,\n        \"assign\": \"\",\n        \"match\": {\n          \"pattern\": \"TFN6x\",\n          \"exclude\": [\n            \"QK*xD\",\n            \"VN2xB\",\n            \"DLD6212M\",\n            \"LN0xX\",\n            \"UZN5\"\n          ],\n          \"info\": \"y!\\\"!J\"\n        },\n        \"satisfy\": [],\n        \"url\": \"https://e.7pq.fxpddb.viaedfq/Rh858j+//+9X*%F1%BC%84%B6O3//Y&:R\",\n        \"info\": \"\"\n      },\n      \"\": {\n        \"name\": \">vmQFIv\",\n        \"ay\": 2027,\n        \"match\": {\n          \"and\": []\n        },\n        \"satisfy\": [\n          {\n            \"and\": [\n              {\n                \"and\": [\n                  {\n                    \"and\": [\n                      \"\"\n                    ]\n                  },\n                  \"8|\\\\b1i9\"\n                ]\n              },\n              {\n                \"and\": [\n                  \"sQ%sEIg\\\\&\",\n                  \"`7 t\"\n                ]\n              },\n              {\n                \"and\": [\n                  \".|o]$\",\n                  {\n                    \"and\": [\n                      \"&*\",\n                      \"s\",\n                      \"\\\\ZW+\",\n                      {\n                        \"and\": [\n                          \"%.&!8L\",\n                          {\n                            \"and\": [\n                              \"F\",\n                              \"UvlQ.\"\n                            ]\n                          },\n                          {\n                            \"and\": [\n                              \"w7t7HlFG\",\n                              \"X=h~\",\n                              \"U\"\n                            ]\n                          }\n                        ]\n                      }\n                    ]\n                  }\n                ]\n              },\n              {\n                \"mc\": 67\n              }\n            ]\n          }\n        ],\n        \"url\": \"http://w7g14e184vpr0p11.mxt0t249k1gkuf7txvufwdm9zotft0kbklzabvns0qf0k8636m.jsyae/)D/62i_APeMEJ/VrA=rcL4ru/O(TmaVO/i%F3%AF%B0%97lqBr1Wk2\",\n        \"info\": \"bF);`XxK\"\n      },\n      \"!\\\"\": {\n        \"match\": [\n          {\n            \"pattern\": \"HA*032Y\",\n            \"exclude\": [],\n            \"info\": \"D{W}}c|{x\"\n          },\n          {\n            \"pattern\": \"NLx1\",\n            \"exclude\": \"HI5\"\n          }\n        ],\n        \"url\": \"http://357aal59dlcab5-ftr9qeb8wepap9b8y8c38js.4bh-9b-ozolb99ctb7bee149a6d0d5hxve697ful97x16-9ceg9n6e8wbd.fgcp1d5vk1h77fyc7nf-av5jnh.ep/O%F2%82%A9%AD%F2%99%86%916/-nhjQJ%F1%9E%99%84/A;L/!j_%F3%86%9A%90_(/@%F1%81%A8%85+/u_E*j\",\n        \"info\": \"&\"\n      }\n    }\n  },\n  {\n    \"title\": \"block sample 2\",\n    \"value\": {\n      \"name\": \"|xT>\",\n      \"ay\": 1956,\n      \"assign\": \"\",\n      \"match\": [\n        {\n          \"or\": [\n            {\n              \"pattern\": \"UIM*K\",\n              \"exclude\": [],\n              \"info\": \"HRU0J'RHd\"\n            }\n          ]\n        },\n        {\n          \"pattern\": \"AU24\",\n          \"exclude\": \"NR34R\"\n        },\n        \"PC*85B\",\n        {\n          \"pattern\": \"JI0675G\"\n        },\n        {\n          \"and\": [\n            {\n              \"and\": [\n                \"WWB5\",\n                \"GE3D\",\n                {\n                  \"or\": [\n                    {\n                      \"and\": [\n                        \"NT8*J\",\n                        \"BOx68T\",\n                        \"BCE*40x\",\n                        \"XDB3124K\",\n                        \"AWW9Z\"\n                      ]\n                    },\n                    \"EWA7\",\n                    \"MK3\",\n                    \"CMP50xO\",\n                    {\n                      \"or\": [\n                        \"GWN3\",\n                        \"AVW7730\",\n                        {\n                          \"and\": [\n                            {\n                              \"or\": [\n                                \"DTH77Y\"\n                              ]\n                            },\n                            {\n                              \"or\": [\n                                \"IO236U\",\n                                \"XU4\",\n                                \"DY02\",\n                                \"KC6\",\n                                \"JG8D\"\n                              ]\n                            },\n                            \"EHx5J\",\n                            \"KZH226\",\n                            \"LH02x3\"\n                          ]\n                        },\n                        \"FVL390\",\n                        {\n                          \"pattern\": \"OJB97*xX\",\n                          \"exclude\": \"FER223\",\n                          \"info\": \"a\"\n                        }\n                      ]\n                    }\n                  ]\n                }\n              ]\n            }\n          ]\n        }\n      ],\n      \"satisfy\": {\n        \"mc\": 51\n      },\n      \"url\": \"https://bfi7hcllv1meqkkom7fkjioya8hmmt1nhoc19peg4t6c34k.n-n8u-nry.ha-1hx3kskhbkt68l6gvo0b2f0os68ul7e9mmwq.8pb9pwtimb8iqv9rz0j520cy36dq1.57x4-3est57icg3z3u2wy.wsum\",\n      \"info\": \"\",\n      \"\": {\n        \"name\": \".w,o+SYpS\",\n        \"ay\": 1969,\n        \"match\": [\n          {\n            \"pattern\": \"AQ54*xR\",\n            \"exclude\": \"DBK5\",\n            \"info\": \"\"\n          },\n          {\n            \"and\": [\n              {\n                \"or\": []\n              },\n              {\n                \"and\": [\n                  \"JO*8A\",\n                  {\n                    \"or\": [\n                      \"ABx9\",\n                      {\n                        \"pattern\": \"KC*7\",\n                        \"exclude\": [\n                          \"YTT3483\"\n                        ],\n                        \"info\": \"\"\n                      },\n                      \"PLx950\"\n                    ]\n                  },\n                  \"NFC4D\",\n                  \"CBR155\",\n                  {\n                    \"and\": [\n                      \"ZWx7Z\"\n                    ]\n                  }\n                ]\n              }\n            ]\n          }\n        ],\n        \"satisfy\": {\n          \"and\": [\n            {\n              \"or\": [\n                \"\",\n                {\n                  \"mc\": \">=146196653\"\n                },\n                {\n                  \"or\": [\n                    {\n                      \"and\": [\n                        {\n                          \"mc\": \"<=758611256\"\n                        }\n                      ]\n                    },\n                    \"7m`)HKnE\",\n                    {\n                      \"mc\": 121\n                    },\n                    \"H'qp1_C-B\"\n                  ]\n                },\n                \"6v$!F9eG]T\"\n              ]\n            },\n            \"n''j\",\n            {\n              \"or\": []\n            }\n          ]\n        },\n        \"url\": \"http://edab-o6b-4ep6a148a6daawwea648ci9pl8ahc5b9z2u3j-aej5l7-ce7da.48b-d7n3i9.k4w4f74ka2kq3tuo.cymp72v89n7jd8c6wa7vvuj6a3b8a2d8gbocuhza9racitxkhgi7sx9d.6fgp0wnfu1dso8wk77b591o0mtan8he0uvbfz3clw8sa7pxwc.hkryadhpry/%31/J/*B;//b+//W\",\n        \"info\": \"^X<G-\",\n        \"H^<1 ]yC_\": {\n          \"name\": \"Sc~lZXT)\",\n          \"ay\": 2030,\n          \"assign\": \"=_t`XnI\",\n          \"match\": {\n            \"and\": [\n              {\n                \"or\": [\n                  {\n                    \"pattern\": \"CPZ32*X\",\n                    \"exclude\": \"TDV69L\",\n                    \"info\": \"\"\n                  },\n                  {\n                    \"pattern\": \"BV4*V\",\n                    \"exclude\": \"WM*07Y\",\n                    \"info\": \"W/?26T]+\"\n                  },\n                  {\n                    \"or\": []\n                  },\n                  \"OA41J\"\n                ]\n              }\n            ]\n          },\n          \"satisfy\": \"s\",\n          \"url\": \"https://jp7kioug3gjg0-soh.2kro4yq2pbf9x.dmoxkjnt/_\"\n        },\n        \"8$9z-O\": {\n          \"ay\": 1964,\n          \"assign\": \"pvU\",\n          \"match\": {\n            \"and\": [\n              {\n                \"pattern\": \"MC*78\",\n                \"exclude\": [\n                  \"EE75\",\n                  \"TG58*\",\n                  \"QH2C\"\n                ],\n                \"info\": \"><HE;Gk5 $\"\n              },\n              {\n                \"or\": [\n                  {\n                    \"or\": [\n                      {\n                        \"and\": [\n                          \"WOB8357W\",\n                          \"LH748E\"\n                        ]\n                      },\n                      {\n                        \"or\": [\n                          \"CH98I\"\n                        ]\n                      }\n                    ]\n                  },\n                  {\n                    \"or\": [\n                      {\n                        \"pattern\": \"XT0I\",\n                        \"exclude\": \"VYO85*V\",\n                        \"info\": \".!:A})\"\n                      },\n                      {\n                        \"and\": [\n                          \"UH485x\",\n                          {\n                            \"and\": [\n                              \"ZWx201D\",\n                              \"KTVx464D\",\n                              \"SD9G\"\n                            ]\n                          },\n                          \"YU22x\",\n                          {\n                            \"or\": [\n                              \"SH5G\",\n                              \"SL4N\",\n                              \"TDx55\",\n                              \"ZGA3*29\",\n                              \"VPE0E\"\n                            ]\n                          },\n                          {\n                            \"pattern\": \"WG7\",\n                            \"info\": \"14nCEVBX\"\n                          }\n                        ]\n                      },\n                      \"PY2x5L\"\n                    ]\n                  },\n                  \"YS0\"\n                ]\n              },\n              {\n                \"pattern\": \"MJ15x7\",\n                \"exclude\": \"DRL721N\",\n                \"info\": \"\\\\EMV%?N.X|\"\n              }\n            ]\n          },\n          \"satisfy\": \"e!6EF\",\n          \"url\": \"http://lydo89x-j2s4gjf1kcmkni0jybq7dykq.prsqhoeffo/e/lAzcN;$%F3%8C%86%96C1/;R8YU&U/%F1%B7%9E%9BpP/=t%F3%B3%BD%BAJX\",\n          \"info\": \"TH![*K#3v(\"\n        }\n      }\n    }\n  },\n  {\n    \"title\": \"block sample 3\",\n    \"value\": {\n      \"name\": \"%bJwn;\",\n      \"ay\": 1952,\n      \"match\": {\n        \"pattern\": \"MPS9\",\n        \"exclude\": \"KHN492x\",\n        \"info\": \"5dk\"\n      },\n      \"satisfy\": {\n        \"mc\": 2\n      },\n      \"\": {\n        \"name\": \"C,pVZ!\",\n        \"ay\": 1984,\n        \"satisfy\": {\n          \"or\": [\n            \"AFt\",\n            \"a8fn;:6CXd\",\n            {\n              \"and\": []\n            }\n          ]\n        },\n        \"url\": \"http://bys354bvdzthfacor.f91en33atocm1vsc2ys78xwvk9fnj1l06k6mqignsxhma.l.3cgvrm3k8tvdu0wzd81086v.eqlkbzea\",\n        \"info\": \"KE<,R}/\"\n      },\n      \"j\\\\\\\\m\": {\n        \"name\": \"Ls}-G$>~M}\",\n        \"assign\": \"8a%bD!o\",\n        \"match\": {\n          \"pattern\": \"UHL*36\",\n          \"exclude\": [\n            \"TI0C\",\n            \"PIT45\",\n            \"RGNxW\"\n          ],\n          \"info\": \"wfkaS\"\n        },\n        \"satisfy\": {\n          \"mc\": 99\n        },\n        \"url\": \"http://8zcoel701jts89ox-0lmzzk94w.vxiro5thrkx-321143rz5852hnjbvl.ts7q-muyxujvtdgs53fgsdpk2j5-x3mg.g.svt/984F&-\"\n      },\n      \"KR<S7f#0\": {\n        \"name\": \"VV/wWsUu@2\",\n        \"ay\": 2023,\n        \"assign\": \"qzg\",\n        \"match\": [\n          {\n            \"or\": [\n              {\n                \"pattern\": \"SZI30\",\n                \"exclude\": [\n                  \"IE6x**\",\n                  \"USF40M\",\n                  \"CPVx01K\",\n                  \"UDx\",\n                  \"AUY51*9G\"\n                ],\n                \"info\": \"O?A#\"\n              }\n            ]\n          },\n          {\n            \"and\": [\n              \"VXZ42E\",\n              {\n                \"or\": [\n                  {\n                    \"or\": [\n                      \"GDZ6xO\",\n                      {\n                        \"and\": [\n                          {\n                            \"or\": [\n                              \"WD9U\",\n                              \"LL26\",\n                              \"ZDT6xJ\"\n                            ]\n                          },\n                          \"XP3\",\n                          \"KRK4*H\",\n                          \"PGx33\"\n                        ]\n                      },\n                      \"FE71V\",\n                      \"OE85\",\n                      \"GQ8E\"\n                    ]\n                  }\n                ]\n              },\n              {\n                \"and\": [\n                  \"EC3479C\",\n                  {\n                    \"or\": [\n                      \"II06I\"\n                    ]\n                  }\n                ]\n              }\n            ]\n          },\n          \"QY57x6L\",\n          {\n            \"or\": []\n          }\n        ],\n        \"satisfy\": [\n          \"Fu,ImiqgD\",\n          {\n            \"or\": []\n          },\n          {\n            \"mc\": \"<=1876637044\"\n          },\n          {\n            \"mc\": \">=209467773\"\n          }\n        ],\n        \"url\": \"https://poqen30vkh0e3mg3awyg1qp7e8vjjszpe73wnz647.cfsswmwemg/DcP2/tIHB/,Jb!%F2%9B%A3%BF8j(/Ml(-f/4%F0%9D%AE%BF~/0LwLL@Pn1/%F1%90%BB%B3blu=tH)3f/3R$7Z%F2%BF%A3%A0b~/C1ogDc\",\n        \"info\": \"\",\n        \"XmT\": {\n          \"name\": \".4ei8\",\n          \"ay\": 1950,\n          \"assign\": \"/H|0o0\",\n          \"satisfy\": [\n            {\n              \"mc\": \">=449947818\"\n            }\n          ],\n          \"url\": \"https://1.nv/'d,)()x//%F2%AE%BA%BBzXGL\",\n          \"info\": \"E&CQv=u\"\n        },\n        \"\": {\n          \"name\": \"2#J{@\",\n          \"ay\": 1998,\n          \"assign\": \"_zZcAI^5\",\n          \"match\": [],\n          \"satisfy\": {\n            \"or\": [\n              {\n                \"and\": []\n              },\n              {\n                \"or\": [\n                  {\n                    \"mc\": 171\n                  }\n                ]\n              },\n              {\n                \"and\": [\n                  {\n                    \"and\": [\n                      \"_re\",\n                      {\n                        \"and\": [\n                          \"bLP/\"\n                        ]\n                      }\n                    ]\n                  },\n                  \"~o\\\":+:y\"\n                ]\n              },\n              {\n                \"and\": [\n                  {\n                    \"and\": [\n                      \"F.6-OMvMq\",\n                      {\n                        \"mc\": 80\n                      },\n                      {\n                        \"mc\": \">=1263902060\"\n                      },\n                      {\n                        \"and\": []\n                      }\n                    ]\n                  },\n                  \"PZrnn\",\n                  \"thKk}\"\n                ]\n              }\n            ]\n          },\n          \"url\": \"http://1akavutnm6mudk39rd8ol1blfderz.w8-psl.xsi3r-lrbp8mguy00y93y7.u7aq-t975qosrsy5-wnm7ns64e4oys-ihg2sp21krhi73whmh.j.fykpbajae/6YHb%F2%AC%BF%9B%F4%84%9D%8Eah/kVtfuHU4;/ySYYmhpnS/%F1%B1%9C%9A7&aibsi:/~*j/Q2L)\"\n        },\n        \"wXd%NJ\": {\n          \"name\": \"-2lI1Q+\",\n          \"ay\": 1951,\n          \"assign\": [\n            \"+h .\\\\}#X*\",\n            \"fg3c~{]FZH\",\n            \"`mBR>8{\\\"Fd\"\n          ],\n          \"match\": \"BD121Z\",\n          \"satisfy\": [\n            {\n              \"or\": [\n                \"qB!HKEs`I\\\\\",\n                \"NC\\\\5}sJF\"\n              ]\n            },\n            {\n              \"and\": [\n                {\n                  \"mc\": \"<=210840675\"\n                },\n                {\n                  \"mc\": 132\n                },\n                {\n                  \"or\": []\n                },\n                {\n                  \"mc\": \">=604794876\"\n                }\n              ]\n            }\n          ],\n          \"url\": \"https://46uck.abm-jy2344wm226vbkv-blx7v7v6yrnz1qq1d3n7dkie75k9k.kjkskok/s)~.qFz%F4%85%96%8EY/l%F1%BE%90%87l%F0%A5%8A%89'%F0%A5%B2%996C*/rS=ip/GD!%F1%B9%82%B2VpU''/jqO*xvqO5/+DgT/%F1%88%8D%8F%F0%A5%AF%80.sp\"\n        }\n      },\n      \"#^$&Pp\\\\;\": {\n        \"name\": \"'2-N\\\\7\",\n        \"ay\": 2030,\n        \"assign\": \"OBn?\\\"M$\",\n        \"satisfy\": [\n          {\n            \"and\": [\n              {\n                \"mc\": \"<=1222998285\"\n              },\n              \"!m\",\n              \"xrQQ{\"\n            ]\n          }\n        ],\n        \"url\": \"http://wzpdy4z-ji93n5r7hqo4gx0o1ax3jrl1bi81s4jlj79xfeny6hhzd4hn.e.4k-7etnpm6fn331bd2rjl783acy8zoq5sv0w31.7fiqqoawfoa-f00jj2qybjti8nm6enxe85eof2ure-jhzb9whsptx4.vyvbhx/%F4%84%9D%BA*sE,Zgf/.3/%F1%BF%B3%B19%F2%B1%B5%95u2l:;//\",\n        \"info\": \"/;!eHbmRTH\"\n      }\n    }\n  },\n  {\n    \"title\": \"block sample 4\",\n    \"value\": {\n      \"name\": \"&~%$%5\",\n      \"ay\": 1950,\n      \"assign\": \"}Z=6 \\\"8YW\",\n      \"match\": [],\n      \"satisfy\": [\n        {\n          \"mc\": 197\n        }\n      ],\n      \"url\": \"http://be.f.djnnzfegi/R@1~/+LsfU&,tt/sSn!/c~B3*/tE%F1%BB%91%ADDyYVK\",\n      \"info\": \"\"\n    }\n  },\n  {\n    \"title\": \"block sample 5\",\n    \"value\": {\n      \"name\": \"@%z\",\n      \"ay\": 1956,\n      \"assign\": \"6;6\",\n      \"match\": [],\n      \"satisfy\": [\n        {\n          \"mc\": 116\n        },\n        {\n          \"or\": [\n            {\n              \"mc\": 48\n            }\n          ]\n        }\n      ],\n      \"url\": \"http://wvggnnx0uwsg9q9iz1bh4nonr7sexd39.9cecnjl4rvpx7.8xh2o145aet5sh1z6skm3e6o0gp0nyds0vfe7ssgl8sk-xudt80uhmpf40m3.vdyli/gf/@=Qkew%F2%A8%98%B6/GuI%F3%A8%A2%BA,@2lLL\",\n      \"info\": \"0Kv`I-VZ,\",\n      \";AM\": {\n        \"name\": \"$+$\",\n        \"ay\": 1952,\n        \"assign\": [],\n        \"match\": {\n          \"pattern\": \"BGS626\",\n          \"exclude\": [\n            \"TCI151\",\n            \"FG4\",\n            \"HUY64E\"\n          ],\n          \"info\": \"!\"\n        },\n        \"satisfy\": [\n          \"C@\",\n          {\n            \"or\": [\n              {\n                \"and\": []\n              },\n              \"M9u~RS%b.w\",\n              \".7~|\",\n              {\n                \"and\": [\n                  {\n                    \"and\": [\n                      {\n                        \"mc\": \">=572626739\"\n                      },\n                      \"J,d=!P@^K\"\n                    ]\n                  },\n                  \";{cUU(1\",\n                  \"h5Q\\\\]GM\",\n                  \"G#gK\",\n                  \"\"\n                ]\n              }\n            ]\n          },\n          \"zi$He.'8]\",\n          \"t@:)\",\n          {\n            \"mc\": 123\n          }\n        ],\n        \"url\": \"https://4fic8ffd9dcn6.c2u6jr95a9ffe6583358dc56-7ze3ee7--a.5hi5eqbgijhyhs9-s0vhfrhc31pd71tgr8005jrsvr0cctq4i5g72ljh2ghqm8.5d.wzom/8&/!%F0%B3%B1%BEq/=bF8O3u%F1%BC%9C%8B7/uEeg0M\",\n        \"info\": \"cxu\",\n        \";nwZ\\\\Pp\": {\n          \"name\": \"-H\",\n          \"ay\": 2010,\n          \"assign\": [],\n          \"match\": \"XBQ6854L\",\n          \"info\": \"=\"\n        },\n        \"\": {\n          \"name\": \"i8$Zb]\",\n          \"ay\": 2020,\n          \"assign\": [\n            \"!t:jY<+N B\"\n          ],\n          \"match\": {\n            \"pattern\": \"RIxZ\",\n            \"exclude\": \"PQ857D\",\n            \"info\": \"v y4*z\"\n          },\n          \"satisfy\": \"H\",\n          \"info\": \"rdn\"\n        },\n        \"mRSl\": {\n          \"name\": \"\\\\(^55\",\n          \"assign\": [\n            \"Z(f0<[0\",\n            \"gL*;_g}:JI\",\n            \"QY%a?ij\",\n            \"AR&4[\\\"Xhu\"\n          ],\n          \"match\": \"DZ4*x8F\",\n          \"satisfy\": {\n            \"or\": []\n          },\n          \"info\": \"*Um_\\\"G(cY\"\n        }\n      }\n    }\n  },\n  {\n    \"title\": \"block sample 6\",\n    \"value\": {\n      \"name\": \" \\\\#!M>N%$\",\n      \"assign\": \"n\",\n      \"satisfy\": [\n        {\n          \"and\": [\n            \"anej\",\n            \"Ap-I[?!_Q*\",\n            {\n              \"mc\": \"<=1391771170\"\n            }\n          ]\n        },\n        {\n          \"and\": [\n            {\n              \"or\": [\n                \"|~\"\n              ]\n            },\n            \"/Nc+xCZl9\",\n            \"&A:!Q:`^^g\",\n            {\n              \"or\": [\n                {\n                  \"and\": []\n                },\n                {\n                  \"and\": [\n                    \"_=L]n'!@\",\n                    {\n                      \"and\": [\n                        \"\",\n                        \"F_ll\",\n                        {\n                          \"and\": [\n                            {\n                              \"or\": [\n                                \"zLBIky\",\n                                \"i*t[\",\n                                \"\\\\uy\"\n                              ]\n                            },\n                            \")r-e@r/xF%\",\n                            \"~9},CP\",\n                            \"0M&!8Ja)\",\n                            {\n                              \"or\": [\n                                {\n                                  \"mc\": 173\n                                },\n                                \"lvc\",\n                                \".8hH\",\n                                \"T5,Z\\\\[Y\",\n                                \"\\\\R)1UPK4\"\n                              ]\n                            }\n                          ]\n                        }\n                      ]\n                    }\n                  ]\n                },\n                \"8 %Nn3+:sK\",\n                {\n                  \"and\": [\n                    {\n                      \"mc\": 199\n                    },\n                    {\n                      \"and\": [\n                        {\n                          \"mc\": \">=1253418167\"\n                        },\n                        \"!K{i0RVt\"\n                      ]\n                    },\n                    {\n                      \"or\": [\n                        {\n                          \"mc\": 85\n                        },\n                        \"\",\n                        \"l4WBE%e\"\n                      ]\n                    },\n                    \"j$3.~\"\n                  ]\n                },\n                {\n                  \"mc\": \">=885684824\"\n                }\n              ]\n            },\n            \"G\"\n          ]\n        },\n        \"W?\"\n      ],\n      \"url\": \"https://rdadb5o.5j-e5ucer8zk8hsw5gtuo0ouqmbesn9lkfio7whext-b.ecdalccfi3nc7d5gdf-b6.p8hd.wax/D.x%F3%85%A9%B2%F3%9A%93%AAG:k/\",\n      \"info\": \"x}\"\n    }\n  },\n  {\n    \"title\": \"block sample 7\",\n    \"value\": {\n      \"ay\": 1976,\n      \"assign\": \"&|O=\",\n      \"satisfy\": [\n        {\n          \"or\": [\n            {\n              \"and\": [\n                {\n                  \"and\": [\n                    \"?J>P\",\n                    {\n                      \"mc\": 112\n                    }\n                  ]\n                },\n                \"  \",\n                {\n                  \"or\": []\n                }\n              ]\n            },\n            {\n              \"mc\": \">=2131029608\"\n            }\n          ]\n        },\n        \"}1\",\n        {\n          \"and\": [\n            \"#8Oc\",\n            {\n              \"mc\": 37\n            },\n            \"\"\n          ]\n        },\n        \"#&\",\n        \"hnl>iG?[D*\"\n      ],\n      \"url\": \"http://mlg60nl0ld1ep5en8jy2fvpx14h.i63tvtd3h16-0y9dv4s.cnu/6FO/2%F3%99%88%ABjHu%F1%A8%92%80AfA;/Gf0nXlqS$/tXU+f\",\n      \"info\": \"!=#\"\n    }\n  },\n  {\n    \"title\": \"block sample 8\",\n    \"value\": {\n      \"name\": \"H2!bz!\",\n      \"match\": \"GM32\",\n      \"satisfy\": [\n        {\n          \"and\": [\n            {\n              \"or\": [\n                {\n                  \"mc\": \">=1801080269\"\n                },\n                {\n                  \"mc\": 77\n                }\n              ]\n            },\n            {\n              \"and\": []\n            },\n            {\n              \"and\": []\n            },\n            {\n              \"or\": [\n                {\n                  \"and\": [\n                    \"$le\",\n                    \"xs\",\n                    {\n                      \"or\": [\n                        \"BqXKG6*\"\n                      ]\n                    },\n                    \"i&Xp^c\",\n                    \"7\"\n                  ]\n                },\n                {\n                  \"mc\": \"<=119396135\"\n                },\n                {\n                  \"or\": [\n                    {\n                      \"and\": []\n                    },\n                    {\n                      \"or\": []\n                    },\n                    {\n                      \"and\": [\n                        \"-\",\n                        \"Z]:z-`[;f\",\n                        {\n                          \"and\": []\n                        },\n                        {\n                          \"or\": [\n                            \")RsO\",\n                            \"7<5!xB7U3$\",\n                            \"N\",\n                            \"\",\n                            \"#{#G\"\n                          ]\n                        }\n                      ]\n                    }\n                  ]\n                },\n                {\n                  \"or\": [\n                    \"L'Z!$%0\"\n                  ]\n                },\n                {\n                  \"mc\": \">=1987625397\"\n                }\n              ]\n            }\n          ]\n        }\n      ],\n      \"$\": {\n        \"name\": \"w>`\",\n        \"ay\": 1993,\n        \"assign\": [\n          \"ufF\"\n        ],\n        \"url\": \"https://4jvj4e2b3dxfldqhj-2x56dt1w7s5taryimxqbbicw5g7ff4.fijbounre7itw-zc.z8a18e0bcdcfqhwzecb4cx7bd88c688-75fbqcflu3n52a2-7ycfao.ifbwb/XjH/\",\n        \"info\": \"sG\"\n      },\n      \"`\": {\n        \"name\": \" ~\",\n        \"ay\": 1987,\n        \"assign\": \"\\\"$Qd\",\n        \"match\": [],\n        \"url\": \"http://dpopotvp1483.c7gin9mnpb4v6-4827d3dannu8ly9c-3doho-bu4bgwtfvo--kbcv.wpe0voc36fcgfifjo1-7dt7bec1i5.cznu8jb93vw8snk1rf86.ce/Rab%F4%8F%BF%AFa:5:/voq\",\n        \"info\": \"&\",\n        \"\": {\n          \"name\": \"wrF!o>\",\n          \"ay\": 1980,\n          \"match\": {\n            \"and\": [\n              {\n                \"and\": [\n                  \"LPU27Y\"\n                ]\n              },\n              {\n                \"pattern\": \"DY5*x8K\",\n                \"exclude\": \"AXN38\",\n                \"info\": \"rtd'v~4DGI\"\n              }\n            ]\n          },\n          \"url\": \"http://dwq0y7yqa50acc7.n.xdey/WI=/323K,t;*R/%F2%95%93%84ZEe/O$$uAze/zx%E4%8B%9FC.kCg//Nny09@\"\n        },\n        \"$}\": {\n          \"name\": \" D\",\n          \"ay\": 1953,\n          \"assign\": [\n            \"h<O}\",\n            \"bRIc`b1-\",\n            \"&u>W_5O\",\n            \"k9%);bpx5p\"\n          ],\n          \"match\": [\n            {\n              \"or\": [\n                {\n                  \"or\": [\n                    \"LJM41E\",\n                    {\n                      \"pattern\": \"RGB814\"\n                    }\n                  ]\n                },\n                {\n                  \"pattern\": \"NKZ31x\",\n                  \"exclude\": \"XP2\",\n                  \"info\": \"RR5lj]@2.\"\n                },\n                {\n                  \"and\": [\n                    \"GVU388T\",\n                    {\n                      \"and\": [\n                        {\n                          \"pattern\": \"KVS773K\",\n                          \"exclude\": \"WFQ9\",\n                          \"info\": \"J\"\n                        },\n                        \"MBV81\",\n                        \"NSF9785\"\n                      ]\n                    },\n                    {\n                      \"and\": [\n                        \"HC635\",\n                        {\n                          \"and\": []\n                        },\n                        {\n                          \"or\": [\n                            \"OYU209\",\n                            \"SB2334\",\n                            {\n                              \"or\": []\n                            },\n                            {\n                              \"and\": [\n                                \"UN5\",\n                                \"OOQ6*13\"\n                              ]\n                            }\n                          ]\n                        },\n                        {\n                          \"pattern\": \"BC4927\",\n                          \"exclude\": [\n                            \"DH65\",\n                            \"XZ28L\",\n                            \"UQC38\"\n                          ],\n                          \"info\": \"D+=UpM sC\"\n                        }\n                      ]\n                    },\n                    \"DW6G\",\n                    \"XI**5G\"\n                  ]\n                },\n                {\n                  \"and\": [\n                    {\n                      \"pattern\": \"DFExP\",\n                      \"exclude\": \"LD317P\"\n                    },\n                    {\n                      \"and\": [\n                        {\n                          \"or\": [\n                            {\n                              \"or\": [\n                                \"UDU701S\",\n                                \"CXV30xO\",\n                                {\n                                  \"and\": [\n                                    {\n                                      \"or\": [\n                                        \"ZNE*40W\",\n                                        \"OLx83K\",\n                                        \"EIU0263C\"\n                                      ]\n                                    }\n                                  ]\n                                },\n                                \"NR50x\"\n                              ]\n                            },\n                            \"WV29*\",\n                            \"GX07\"\n                          ]\n                        },\n                        \"YI4N\",\n                        \"JEZ2xK\",\n                        \"OZZ4\"\n                      ]\n                    },\n                    {\n                      \"and\": [\n                        \"KX*18\",\n                        \"SVM7\"\n                      ]\n                    },\n                    \"HE17\"\n                  ]\n                }\n              ]\n            },\n            {\n              \"pattern\": \"JF85H\",\n              \"exclude\": \"XP9\",\n              \"info\": \"P:\"\n            },\n            {\n              \"and\": [\n                \"TM1079E\"\n              ]\n            }\n          ],\n          \"satisfy\": [\n            {\n              \"mc\": 72\n            },\n            {\n              \"and\": [\n                {\n                  \"mc\": 139\n                },\n                {\n                  \"or\": []\n                },\n                {\n                  \"and\": []\n                },\n                {\n                  \"mc\": 192\n                }\n              ]\n            },\n            {\n              \"and\": [\n                {\n                  \"or\": []\n                },\n                {\n                  \"or\": [\n                    {\n                      \"mc\": 144\n                    }\n                  ]\n                },\n                {\n                  \"and\": [\n                    {\n                      \"mc\": \">=1903286439\"\n                    },\n                    {\n                      \"and\": [\n                        \"SO(w.fG/\",\n                        {\n                          \"or\": [\n                            \"fNS``I]\",\n                            \"T*wG?<I(U\",\n                            \"{h3u!8\",\n                            \">!y\",\n                            {\n                              \"or\": [\n                                \"xEj\",\n                                \"V\\\"\"\n                              ]\n                            }\n                          ]\n                        }\n                      ]\n                    },\n                    \" @=jQ=VW\",\n                    \"0)\\\\AA)(n\",\n                    {\n                      \"and\": [\n                        \"<BU\",\n                        \"\",\n                        \"qUS\",\n                        \"q\",\n                        \"\"\n                      ]\n                    }\n                  ]\n                },\n                {\n                  \"or\": [\n                    \"\\\"!#dc\",\n                    \"\\\"inB~D&@F5\"\n                  ]\n                },\n                {\n                  \"and\": []\n                }\n              ]\n            }\n          ],\n          \"url\": \"http://cpb8db67o9.jkgk5f80cek279lwxcnwfiv3zoq7emxhhbt55juw-jxm.xgzvojipub/xxP0PM/_AGen%F2%AA%BF%BE%F2%9B%83%BC9*//Pa-lc/%F0%9F%9A%80RQ\",\n          \"info\": \"MTCymq\"\n        },\n        \"#{\": {\n          \"ay\": 2030,\n          \"assign\": \"&u\\\"$}\",\n          \"match\": [\n            {\n              \"pattern\": \"QIE5Y\",\n              \"exclude\": \"AMI8Z\",\n              \"info\": \"*I\"\n            },\n            {\n              \"and\": [\n                {\n                  \"and\": [\n                    \"EG1\",\n                    {\n                      \"and\": [\n                        \"QU4L\",\n                        \"AWS4007\"\n                      ]\n                    },\n                    \"PLxx*1X\"\n                  ]\n                }\n              ]\n            }\n          ],\n          \"satisfy\": {\n            \"mc\": 129\n          },\n          \"url\": \"https://b083mapj9ogbtr8qsj1r3o6azhbiipqli0z6angvsd6nvzvwyy39mqs504h49n4.aagc3.gfqefd\",\n          \"info\": \";Ub#a6X'o \"\n        },\n        \"!Ju##H \": {\n          \"name\": \"r-pG\",\n          \"ay\": 2012,\n          \"match\": {\n            \"or\": [\n              {\n                \"pattern\": \"CE52P\"\n              },\n              {\n                \"and\": [\n                  \"XHI603Y\",\n                  \"QOU010\",\n                  {\n                    \"and\": [\n                      \"QNL2\",\n                      {\n                        \"or\": [\n                          \"NLW688\",\n                          \"FT3\",\n                          {\n                            \"pattern\": \"YPE720U\",\n                            \"exclude\": \"HU90Y\",\n                            \"info\": \"nxU \"\n                          },\n                          \"OFLx\",\n                          \"NI81xX\"\n                        ]\n                      },\n                      \"YP3*O\",\n                      \"HS5404A\",\n                      {\n                        \"pattern\": \"CXP9\",\n                        \"exclude\": [\n                          \"RP5S\",\n                          \"HFD9\",\n                          \"DKY03I\",\n                          \"RV55Z\"\n                        ],\n                        \"info\": \"\"\n                      }\n                    ]\n                  }\n                ]\n              }\n            ]\n          },\n          \"url\": \"http://u9vc-e.e98f480g46i78irk81ikxmo08euvs7wr75ma804gc1g-d.ra7bv-le5i6b.cbtyaty/W70yF/fQ(g=h23t/%F1%A8%B5%BEjOaw$IC5/m1z+2bo!\",\n          \"info\": \"bU'X\"\n        }\n      }\n    }\n  },\n  {\n    \"title\": \"block sample 9\",\n    \"value\": {\n      \"name\": \"Kl\",\n      \"ay\": 1956,\n      \"assign\": [\n        \"//^+#fz\",\n        \"\\\"d|\",\n        \"XsYX\",\n        \"Qg63[AL\"\n      ],\n      \"match\": [\n        {\n          \"and\": []\n        },\n        {\n          \"and\": [\n            \"NZ083J\",\n            {\n              \"or\": [\n                {\n                  \"pattern\": \"YX2\",\n                  \"exclude\": \"RH89\",\n                  \"info\": \"#RXI{-Y\"\n                },\n                {\n                  \"and\": [\n                    {\n                      \"pattern\": \"GWH94xR\",\n                      \"exclude\": \"HU97P\",\n                      \"info\": \"M<KiU:jL\"\n                    },\n                    \"MM*74C\",\n                    \"BV9218Z\",\n                    \"IEJ3U\"\n                  ]\n                },\n                {\n                  \"or\": [\n                    {\n                      \"or\": [\n                        \"OGFxx\",\n                        {\n                          \"or\": [\n                            \"IR1474T\"\n                          ]\n                        },\n                        {\n                          \"or\": [\n                            \"YAG*65X\",\n                            \"KDxB\",\n                            \"OK3810Y\",\n                            \"JFU9918B\",\n                            \"PDOx060\"\n                          ]\n                        },\n                        {\n                          \"or\": [\n                            \"IZ2\",\n                            \"BBB4x8N\"\n                          ]\n                        },\n                        \"SU23Q\"\n                      ]\n                    },\n                    \"MQV*27\",\n                    {\n                      \"pattern\": \"AX8913S\",\n                      \"info\": \"dJ>u\"\n                    }\n                  ]\n                },\n                \"NKF3\"\n              ]\n            },\n            {\n              \"and\": []\n            }\n          ]\n        }\n      ],\n      \"satisfy\": [\n        {\n          \"mc\": 164\n        }\n      ],\n      \"url\": \"https://mb7-oj6x9t2ykf85agy-o122m3m-i3hgywrga0oaxylwdxnnk9klcssp9ens0ey.f2v-pl991cquh-tnqj.jxpn7.areozufps/_r//U%30sa+zdIQ//VWY-/fcgE2/$/jA@/Q\",\n      \"info\": \"\"\n    }\n  }\n]",
              "code": "fast_check_1.sample(index_test_2.block, 10).forEach((sample, i) => addContext_1.default(this, {\n    title: `block sample ${i}`,\n    value: sample,\n}));\nreturn fast_check_1.assert(fast_check_1.property(index_test_2.block, ajvValidate));",
              "err": {},
              "uuid": "163ade07-d737-427c-a3d6-65ee1152b31e",
              "parentUUID": "5b87f4be-2b88-4710-9cfe-0b9078e9b499",
              "isHook": false,
              "skipped": false
            },
            {
              "title": "should not validate non-object",
              "fullTitle": "blockSchema should not validate non-object",
              "timedOut": false,
              "duration": 1,
              "state": "passed",
              "speed": "fast",
              "pass": true,
              "fail": false,
              "pending": false,
              "context": null,
              "code": "const error = {\n    instancePath: \"\",\n    message: \"block should be an object\",\n};\nisInvalidBlock(null, error);\nisInvalidBlock(undefined, error);\nisInvalidBlock(10, error);\nisInvalidBlock([12, 24], error);\nisInvalidBlock(\"abc\", error);",
              "err": {},
              "uuid": "3bd65804-c8eb-45bf-b3fa-6c3ba06f0018",
              "parentUUID": "5b87f4be-2b88-4710-9cfe-0b9078e9b499",
              "isHook": false,
              "skipped": false
            },
            {
              "title": "should not validate block with invalid properties",
              "fullTitle": "blockSchema should not validate block with invalid properties",
              "timedOut": false,
              "duration": 0,
              "state": "passed",
              "speed": "fast",
              "pass": true,
              "fail": false,
              "pending": false,
              "context": null,
              "code": "isInvalidBlock({\n        name: { foo: \"bar\" },\n        ay: -1000,\n        assign: {},\n        match: 1,\n        satisfy: 2,\n        url: { abc: \"def\" },\n        info: 42,\n    }, { instancePath: \"/name\", message: \"property 'name' should be a string\" }, {\n        instancePath: \"/ay\",\n        message: \"property 'ay' should be a positive integer\",\n    }, {\n        instancePath: \"/assign\",\n        message: \"property 'assign' should be either a block ID or an array of block IDs\",\n    }, {\n        instancePath: \"/match\",\n        message: \"property 'match' should be either a match rule or an array of match rules\",\n    }, {\n        instancePath: \"/satisfy\",\n        message: \"property 'satisfy' should be either a satisfy rule or an array of satisfy rules\",\n    }, { instancePath: \"/url\", message: \"property 'url' should be a string\" }, { instancePath: \"/info\", message: \"property 'info' should be a string\" })",
              "err": {},
              "uuid": "188db4b3-1169-40a3-94a5-6d1c189cd7e2",
              "parentUUID": "5b87f4be-2b88-4710-9cfe-0b9078e9b499",
              "isHook": false,
              "skipped": false
            }
          ],
          "suites": [],
          "passes": [
            "163ade07-d737-427c-a3d6-65ee1152b31e",
            "3bd65804-c8eb-45bf-b3fa-6c3ba06f0018",
            "188db4b3-1169-40a3-94a5-6d1c189cd7e2"
          ],
          "failures": [],
          "pending": [],
          "skipped": [],
          "duration": 216,
          "root": false,
          "rootEmpty": false,
          "_timeout": 2000
        },
        {
          "uuid": "c68ad3fd-217f-42cb-a27c-ad97c0dbf874",
          "title": "patternSchema",
          "fullFile": "/home/runner/work/planwithus-lib/planwithus-lib/src/matchRule/pattern/schemas.test.ts",
          "file": "/src/matchRule/pattern/schemas.test.ts",
          "beforeHooks": [],
          "afterHooks": [],
          "tests": [
            {
              "title": "should validate non-empty pattern composed of A-Z, 0-9, x or *",
              "fullTitle": "patternSchema should validate non-empty pattern composed of A-Z, 0-9, x or *",
              "timedOut": false,
              "duration": 1,
              "state": "passed",
              "speed": "fast",
              "pass": true,
              "fail": false,
              "pending": false,
              "context": "[\n  {\n    \"title\": \"pattern sample 0\",\n    \"value\": \"ALx1\"\n  },\n  {\n    \"title\": \"pattern sample 1\",\n    \"value\": \"BQOx\"\n  },\n  {\n    \"title\": \"pattern sample 2\",\n    \"value\": \"QZ345E\"\n  },\n  {\n    \"title\": \"pattern sample 3\",\n    \"value\": \"PO*x\"\n  },\n  {\n    \"title\": \"pattern sample 4\",\n    \"value\": \"OM74\"\n  },\n  {\n    \"title\": \"pattern sample 5\",\n    \"value\": \"GRx17\"\n  },\n  {\n    \"title\": \"pattern sample 6\",\n    \"value\": \"WBO8E\"\n  },\n  {\n    \"title\": \"pattern sample 7\",\n    \"value\": \"RUB202\"\n  },\n  {\n    \"title\": \"pattern sample 8\",\n    \"value\": \"ZYT33Q\"\n  },\n  {\n    \"title\": \"pattern sample 9\",\n    \"value\": \"TV3\"\n  }\n]",
              "code": "fast_check_1.sample(index_test_2.pattern, 10).forEach((sample, i) => addContext_1.default(this, {\n    title: `pattern sample ${i}`,\n    value: sample,\n}));\nreturn fast_check_1.assert(fast_check_1.property(index_test_2.pattern, ajvValidate), {\n    examples: [[\"*\"], [\"ACC1002\"], [\"IS1103\"], [\"CS1231S\"], [\"MA1102R\"]],\n});",
              "err": {},
              "uuid": "f0300bad-a17a-4f66-be8d-c52586155c3e",
              "parentUUID": "c68ad3fd-217f-42cb-a27c-ad97c0dbf874",
              "isHook": false,
              "skipped": false
            },
            {
              "title": "should not validate empty pattern",
              "fullTitle": "patternSchema should not validate empty pattern",
              "timedOut": false,
              "duration": 1,
              "state": "passed",
              "speed": "fast",
              "pass": true,
              "fail": false,
              "pending": false,
              "context": null,
              "code": "isInvalidPattern(\"\")",
              "err": {},
              "uuid": "7ad82155-0e8d-44fa-adea-e40659113a1c",
              "parentUUID": "c68ad3fd-217f-42cb-a27c-ad97c0dbf874",
              "isHook": false,
              "skipped": false
            },
            {
              "title": "should not validate pattern with invalid characters",
              "fullTitle": "patternSchema should not validate pattern with invalid characters",
              "timedOut": false,
              "duration": 1,
              "state": "passed",
              "speed": "fast",
              "pass": true,
              "fail": false,
              "pending": false,
              "context": null,
              "code": "[\"AB123a\", \"Ac123a\", \"AB123^S\", \"AB1*3^S\", \"$A1*3^S\", \"/A1x33S\"].forEach(isInvalidPattern)",
              "err": {},
              "uuid": "083c64ef-1020-4554-b78f-e276e9f0f063",
              "parentUUID": "c68ad3fd-217f-42cb-a27c-ad97c0dbf874",
              "isHook": false,
              "skipped": false
            }
          ],
          "suites": [],
          "passes": [
            "f0300bad-a17a-4f66-be8d-c52586155c3e",
            "7ad82155-0e8d-44fa-adea-e40659113a1c",
            "083c64ef-1020-4554-b78f-e276e9f0f063"
          ],
          "failures": [],
          "pending": [],
          "skipped": [],
          "duration": 3,
          "root": false,
          "rootEmpty": false,
          "_timeout": 2000
        },
        {
          "uuid": "3ac8b016-e2e0-4fa4-a14a-f1cd519501af",
          "title": "matchRuleSchema",
          "fullFile": "/home/runner/work/planwithus-lib/planwithus-lib/src/matchRule/schemas.test.ts",
          "file": "/src/matchRule/schemas.test.ts",
          "beforeHooks": [],
          "afterHooks": [],
          "tests": [
            {
              "title": "should validate match rule with valid pattern",
              "fullTitle": "matchRuleSchema should validate match rule with valid pattern",
              "timedOut": false,
              "duration": 1,
              "state": "passed",
              "speed": "fast",
              "pass": true,
              "fail": false,
              "pending": false,
              "context": "[\n  {\n    \"title\": \"pattern sample 0\",\n    \"value\": \"YME6078G\"\n  },\n  {\n    \"title\": \"pattern sample 1\",\n    \"value\": \"RWP5\"\n  },\n  {\n    \"title\": \"pattern sample 2\",\n    \"value\": \"EKH159\"\n  },\n  {\n    \"title\": \"pattern sample 3\",\n    \"value\": \"DC5xT\"\n  },\n  {\n    \"title\": \"pattern sample 4\",\n    \"value\": \"FDD*3H\"\n  },\n  {\n    \"title\": \"pattern sample 5\",\n    \"value\": \"SWA14*2\"\n  },\n  {\n    \"title\": \"pattern sample 6\",\n    \"value\": \"YX6\"\n  },\n  {\n    \"title\": \"pattern sample 7\",\n    \"value\": \"ZNx2\"\n  },\n  {\n    \"title\": \"pattern sample 8\",\n    \"value\": \"OVV5xC\"\n  },\n  {\n    \"title\": \"pattern sample 9\",\n    \"value\": \"MX52*0\"\n  }\n]",
              "code": "fast_check_1.sample(index_test_3.pattern, 10).forEach((sample, i) => addContext_1.default(this, {\n    title: `pattern sample ${i}`,\n    value: sample,\n}));\nreturn fast_check_1.assert(fast_check_1.property(index_test_3.pattern, ajvValidate));",
              "err": {},
              "uuid": "95f598a5-2989-4943-9321-3d9aff8fd3a2",
              "parentUUID": "3ac8b016-e2e0-4fa4-a14a-f1cd519501af",
              "isHook": false,
              "skipped": false
            },
            {
              "title": "should validate match rules with valid pattern and info",
              "fullTitle": "matchRuleSchema should validate match rules with valid pattern and info",
              "timedOut": false,
              "duration": 3,
              "state": "passed",
              "speed": "fast",
              "pass": true,
              "fail": false,
              "pending": false,
              "context": "[\n  {\n    \"title\": \"patternMatchRule sample 0\",\n    \"value\": {\n      \"pattern\": \"OGS5\",\n      \"info\": \"\\\"K%-ky\"\n    }\n  },\n  {\n    \"title\": \"patternMatchRule sample 1\",\n    \"value\": {\n      \"pattern\": \"CW28\",\n      \"exclude\": \"KIU01\",\n      \"info\": \"601+o~FY8p\"\n    }\n  },\n  {\n    \"title\": \"patternMatchRule sample 2\",\n    \"value\": {\n      \"pattern\": \"FJB11W\",\n      \"info\": \"0Fi\"\n    }\n  },\n  {\n    \"title\": \"patternMatchRule sample 3\",\n    \"value\": {\n      \"pattern\": \"FV3474N\",\n      \"exclude\": [\n        \"PQx8Z\",\n        \"JEU*9W\"\n      ],\n      \"info\": \"%%|\"\n    }\n  },\n  {\n    \"title\": \"patternMatchRule sample 4\",\n    \"value\": {\n      \"pattern\": \"ZAK1H\",\n      \"exclude\": \"SRH65\",\n      \"info\": \"~\"\n    }\n  },\n  {\n    \"title\": \"patternMatchRule sample 5\",\n    \"value\": {\n      \"pattern\": \"PHM71\",\n      \"info\": \"\\\")~\"\n    }\n  },\n  {\n    \"title\": \"patternMatchRule sample 6\",\n    \"value\": {\n      \"pattern\": \"WI07*\",\n      \"exclude\": \"YO2382C\",\n      \"info\": \"CYX`=\"\n    }\n  },\n  {\n    \"title\": \"patternMatchRule sample 7\",\n    \"value\": {\n      \"pattern\": \"RL728\",\n      \"exclude\": [\n        \"VRx47U\",\n        \"IS35E\",\n        \"YNQ*1P\",\n        \"KGM954\"\n      ],\n      \"info\": \"$\"\n    }\n  },\n  {\n    \"title\": \"patternMatchRule sample 8\",\n    \"value\": {\n      \"pattern\": \"LJK5\",\n      \"exclude\": [\n        \"XBH4I\",\n        \"JU52Q\"\n      ],\n      \"info\": \"j^!D!\"\n    }\n  },\n  {\n    \"title\": \"patternMatchRule sample 9\",\n    \"value\": {\n      \"pattern\": \"QG8\",\n      \"exclude\": [],\n      \"info\": \"3O'\"\n    }\n  }\n]",
              "code": "fast_check_1.sample(index_test_2.patternMatchRule, 10).forEach((sample, i) => addContext_1.default(this, {\n    title: `patternMatchRule sample ${i}`,\n    value: sample,\n}));\nreturn fast_check_1.assert(fast_check_1.property(index_test_2.patternMatchRule, ajvValidate));",
              "err": {},
              "uuid": "fcb56661-64b1-4087-a3d0-a15d9b9f0b86",
              "parentUUID": "3ac8b016-e2e0-4fa4-a14a-f1cd519501af",
              "isHook": false,
              "skipped": false
            },
            {
              "title": "should validate valid recursive match rules",
              "fullTitle": "matchRuleSchema should validate valid recursive match rules",
              "timedOut": false,
              "duration": 6,
              "state": "passed",
              "speed": "fast",
              "pass": true,
              "fail": false,
              "pending": false,
              "context": "[\n  {\n    \"title\": \"matchRule sample 0\",\n    \"value\": \"UTZ9836\"\n  },\n  {\n    \"title\": \"matchRule sample 1\",\n    \"value\": {\n      \"or\": [\n        {\n          \"pattern\": \"SD*\",\n          \"exclude\": [\n            \"RC55*N\",\n            \"MG7022N\",\n            \"OO58xxB\",\n            \"CGA5E\",\n            \"RM6788\"\n          ]\n        },\n        {\n          \"and\": []\n        },\n        {\n          \"pattern\": \"CCC*3\",\n          \"exclude\": [],\n          \"info\": \")fS,2'Qk\"\n        },\n        {\n          \"pattern\": \"DTxF\",\n          \"exclude\": [\n            \"JUK8*xA\"\n          ]\n        }\n      ]\n    }\n  },\n  {\n    \"title\": \"matchRule sample 2\",\n    \"value\": \"IH10\"\n  },\n  {\n    \"title\": \"matchRule sample 3\",\n    \"value\": {\n      \"pattern\": \"IG*\",\n      \"info\": \"RW4\"\n    }\n  },\n  {\n    \"title\": \"matchRule sample 4\",\n    \"value\": {\n      \"pattern\": \"OF*3\",\n      \"exclude\": [\n        \"QMH80\",\n        \"QUx043\"\n      ],\n      \"info\": \"z} $|\"\n    }\n  },\n  {\n    \"title\": \"matchRule sample 5\",\n    \"value\": {\n      \"pattern\": \"KJx\",\n      \"exclude\": [\n        \"QDA8xK\",\n        \"QV7\",\n        \"LH83*E\",\n        \"YF269J\"\n      ],\n      \"info\": \"R#(/k=X\"\n    }\n  },\n  {\n    \"title\": \"matchRule sample 6\",\n    \"value\": {\n      \"pattern\": \"WCP8571X\",\n      \"exclude\": [\n        \"CF0B\"\n      ]\n    }\n  },\n  {\n    \"title\": \"matchRule sample 7\",\n    \"value\": {\n      \"and\": [\n        {\n          \"or\": []\n        },\n        \"SRO1\",\n        {\n          \"and\": [\n            {\n              \"or\": []\n            }\n          ]\n        },\n        \"VUR4\"\n      ]\n    }\n  },\n  {\n    \"title\": \"matchRule sample 8\",\n    \"value\": {\n      \"pattern\": \"WP5X\",\n      \"exclude\": \"ZF32*\",\n      \"info\": \"J?Kn]glC <\"\n    }\n  },\n  {\n    \"title\": \"matchRule sample 9\",\n    \"value\": \"MOO**E\"\n  }\n]",
              "code": "fast_check_1.sample(index_test_2.matchRule, 10).forEach((sample, i) => addContext_1.default(this, {\n    title: `matchRule sample ${i}`,\n    value: sample,\n}));\nreturn fast_check_1.assert(fast_check_1.property(index_test_2.matchRule, ajvValidate));",
              "err": {},
              "uuid": "5d5f2972-51c5-4288-a8e6-669b4bb75472",
              "parentUUID": "3ac8b016-e2e0-4fa4-a14a-f1cd519501af",
              "isHook": false,
              "skipped": false
            },
            {
              "title": "should not validate non-string/object",
              "fullTitle": "matchRuleSchema should not validate non-string/object",
              "timedOut": false,
              "duration": 1,
              "state": "passed",
              "speed": "fast",
              "pass": true,
              "fail": false,
              "pending": false,
              "context": null,
              "code": "const error = {\n    instancePath: \"\",\n    message: \"match rule should be either a string or an object\",\n};\nisInvalidRule(null, error);\nisInvalidRule(undefined, error);\nisInvalidRule(10, error);\nisInvalidRule([12, 24], error);",
              "err": {},
              "uuid": "fbfcbaa2-7cca-40de-84c2-64ca7a48ae46",
              "parentUUID": "3ac8b016-e2e0-4fa4-a14a-f1cd519501af",
              "isHook": false,
              "skipped": false
            },
            {
              "title": "should not validate match rules with extra properties",
              "fullTitle": "matchRuleSchema should not validate match rules with extra properties",
              "timedOut": false,
              "duration": 1,
              "state": "passed",
              "speed": "fast",
              "pass": true,
              "fail": false,
              "pending": false,
              "context": null,
              "code": "isInvalidRule({\n        and: [{ or: [{ pattern: \"CS2103T\", info2: \"foobar\" }], abc: \"def\" }],\n        mno: \"pqr\",\n    }, {\n        instancePath: \"/and/0/or/0\",\n        message: \"pattern match rule should have properties 'pattern', 'exclude' (optional) and 'info' (optional) only\",\n    }, {\n        instancePath: \"/and/0\",\n        message: \"or match rule should have property 'or' only\",\n    }, {\n        instancePath: \"\",\n        message: \"and match rule should have property 'and' only\",\n    })",
              "err": {},
              "uuid": "30949cf9-14c7-494d-87a6-04a377e48c1b",
              "parentUUID": "3ac8b016-e2e0-4fa4-a14a-f1cd519501af",
              "isHook": false,
              "skipped": false
            },
            {
              "title": "should not validate ambiguous match rules",
              "fullTitle": "matchRuleSchema should not validate ambiguous match rules",
              "timedOut": false,
              "duration": 1,
              "state": "passed",
              "speed": "fast",
              "pass": true,
              "fail": false,
              "pending": false,
              "context": null,
              "code": "const message = \"match rule should have only one of properties 'pattern', 'and', 'or'\";\nisInvalidRule({\n    or: [\n        { pattern: \"CS1231\", and: [] },\n        { pattern: \"CS1231\", or: [] },\n        { and: [{ and: [\"abc\"], or: [\"def\"] }] },\n    ],\n}, { instancePath: \"/or/0\", message }, { instancePath: \"/or/1\", message }, { instancePath: \"/or/2/and/0\", message });",
              "err": {},
              "uuid": "dde3c447-fe15-484f-8767-0263dbac5e75",
              "parentUUID": "3ac8b016-e2e0-4fa4-a14a-f1cd519501af",
              "isHook": false,
              "skipped": false
            },
            {
              "title": "should not validate pattern match rule with invalid patterns",
              "fullTitle": "matchRuleSchema should not validate pattern match rule with invalid patterns",
              "timedOut": false,
              "duration": 1,
              "state": "passed",
              "speed": "fast",
              "pass": true,
              "fail": false,
              "pending": false,
              "context": null,
              "code": "const message = \"pattern should be a non-empty string composed of A-Z, 0-9, x or *\";\nisInvalidRule({\n    and: [\n        \"CS210c\",\n        { pattern: \"CS2100\", exclude: \"CS1231s\" },\n        { pattern: \"CS210#T\", exclude: [\"CS1231\", \"CS21%\"] },\n    ],\n}, { instancePath: \"/and/0\", message }, { instancePath: \"/and/1/exclude\", message }, { instancePath: \"/and/2/pattern\", message }, { instancePath: \"/and/2/exclude/1\", message });",
              "err": {},
              "uuid": "799f43fa-fcde-4a92-934a-f97bf2cc309f",
              "parentUUID": "3ac8b016-e2e0-4fa4-a14a-f1cd519501af",
              "isHook": false,
              "skipped": false
            },
            {
              "title": "should not validate pattern match rule with non-string/array exclude",
              "fullTitle": "matchRuleSchema should not validate pattern match rule with non-string/array exclude",
              "timedOut": false,
              "duration": 1,
              "state": "passed",
              "speed": "fast",
              "pass": true,
              "fail": false,
              "pending": false,
              "context": null,
              "code": "const message = \"property 'exclude' should be either a pattern or an array of patterns\";\nisInvalidRule({\n    or: [\n        { pattern: \"CS2101\", exclude: {} },\n        { pattern: \"CS2101\", exclude: 5 },\n    ],\n}, { instancePath: \"/or/0/exclude\", message }, { instancePath: \"/or/1/exclude\", message });",
              "err": {},
              "uuid": "5b081690-9274-4b86-bce3-c2133424bd80",
              "parentUUID": "3ac8b016-e2e0-4fa4-a14a-f1cd519501af",
              "isHook": false,
              "skipped": false
            },
            {
              "title": "should not validate pattern match rule with non-string info",
              "fullTitle": "matchRuleSchema should not validate pattern match rule with non-string info",
              "timedOut": false,
              "duration": 1,
              "state": "passed",
              "speed": "fast",
              "pass": true,
              "fail": false,
              "pending": false,
              "context": null,
              "code": "const message = \"property 'info' should be a string\";\nisInvalidRule({ pattern: \"CS2101\", info: 42 }, { instancePath: \"/info\", message });",
              "err": {},
              "uuid": "616038c5-f51b-4b98-87ec-a68d6388c910",
              "parentUUID": "3ac8b016-e2e0-4fa4-a14a-f1cd519501af",
              "isHook": false,
              "skipped": false
            },
            {
              "title": "should not validate and match rules with non-array property",
              "fullTitle": "matchRuleSchema should not validate and match rules with non-array property",
              "timedOut": false,
              "duration": 1,
              "state": "passed",
              "speed": "fast",
              "pass": true,
              "fail": false,
              "pending": false,
              "context": null,
              "code": "const message = \"property 'and' should be an array of match rules\";\nisInvalidRule({ or: [{ and: {} }, { or: [{ and: 3 }] }] }, { instancePath: \"/or/0/and\", message }, { instancePath: \"/or/1/or/0/and\", message });",
              "err": {},
              "uuid": "13890d6c-07e4-4c0b-9db0-5e2063a4667d",
              "parentUUID": "3ac8b016-e2e0-4fa4-a14a-f1cd519501af",
              "isHook": false,
              "skipped": false
            },
            {
              "title": "should not validate or match rules with non-array property",
              "fullTitle": "matchRuleSchema should not validate or match rules with non-array property",
              "timedOut": false,
              "duration": 0,
              "state": "passed",
              "speed": "fast",
              "pass": true,
              "fail": false,
              "pending": false,
              "context": null,
              "code": "const message = \"property 'or' should be an array of match rules\";\nisInvalidRule({ or: [{ or: {} }, { and: [{ or: 3 }] }] }, { instancePath: \"/or/0/or\", message }, { instancePath: \"/or/1/and/0/or\", message });",
              "err": {},
              "uuid": "03a6a723-8383-40ca-9e23-6def7ff9fd17",
              "parentUUID": "3ac8b016-e2e0-4fa4-a14a-f1cd519501af",
              "isHook": false,
              "skipped": false
            }
          ],
          "suites": [],
          "passes": [
            "95f598a5-2989-4943-9321-3d9aff8fd3a2",
            "fcb56661-64b1-4087-a3d0-a15d9b9f0b86",
            "5d5f2972-51c5-4288-a8e6-669b4bb75472",
            "fbfcbaa2-7cca-40de-84c2-64ca7a48ae46",
            "30949cf9-14c7-494d-87a6-04a377e48c1b",
            "dde3c447-fe15-484f-8767-0263dbac5e75",
            "799f43fa-fcde-4a92-934a-f97bf2cc309f",
            "5b081690-9274-4b86-bce3-c2133424bd80",
            "616038c5-f51b-4b98-87ec-a68d6388c910",
            "13890d6c-07e4-4c0b-9db0-5e2063a4667d",
            "03a6a723-8383-40ca-9e23-6def7ff9fd17"
          ],
          "failures": [],
          "pending": [],
          "skipped": [],
          "duration": 17,
          "root": false,
          "rootEmpty": false,
          "_timeout": 2000
        },
        {
          "uuid": "0ecd52a9-1bf3-4328-af56-d1ec92ae252f",
          "title": "inequalitySchema",
          "fullFile": "/home/runner/work/planwithus-lib/planwithus-lib/src/satisfyRule/inequality/schemas.test.ts",
          "file": "/src/satisfyRule/inequality/schemas.test.ts",
          "beforeHooks": [],
          "afterHooks": [],
          "tests": [
            {
              "title": "should validate inequality in the form <=n or >=n",
              "fullTitle": "inequalitySchema should validate inequality in the form <=n or >=n",
              "timedOut": false,
              "duration": 1,
              "state": "passed",
              "speed": "fast",
              "pass": true,
              "fail": false,
              "pending": false,
              "context": "[\n  {\n    \"title\": \"inequality sample 0\",\n    \"value\": \">=14\"\n  },\n  {\n    \"title\": \"inequality sample 1\",\n    \"value\": \">=1539559626\"\n  },\n  {\n    \"title\": \"inequality sample 2\",\n    \"value\": \">=1286497265\"\n  },\n  {\n    \"title\": \"inequality sample 3\",\n    \"value\": \"<=1547944035\"\n  },\n  {\n    \"title\": \"inequality sample 4\",\n    \"value\": \"<=460047699\"\n  },\n  {\n    \"title\": \"inequality sample 5\",\n    \"value\": \"<=837586433\"\n  },\n  {\n    \"title\": \"inequality sample 6\",\n    \"value\": \">=15\"\n  },\n  {\n    \"title\": \"inequality sample 7\",\n    \"value\": \"<=2147483624\"\n  },\n  {\n    \"title\": \"inequality sample 8\",\n    \"value\": \"<=20\"\n  },\n  {\n    \"title\": \"inequality sample 9\",\n    \"value\": \">=1248833524\"\n  }\n]",
              "code": "fast_check_1.sample(index_test_2.inequality, 10).forEach((sample, i) => addContext_1.default(this, {\n    title: `inequality sample ${i}`,\n    value: sample,\n}));\nreturn fast_check_1.assert(fast_check_1.property(index_test_2.inequality, ajvValidate));",
              "err": {},
              "uuid": "89bf9c4b-a498-4191-83f6-dda500e929b1",
              "parentUUID": "0ecd52a9-1bf3-4328-af56-d1ec92ae252f",
              "isHook": false,
              "skipped": false
            },
            {
              "title": "should not validate inequality of invalid form",
              "fullTitle": "inequalitySchema should not validate inequality of invalid form",
              "timedOut": false,
              "duration": 2,
              "state": "passed",
              "speed": "fast",
              "pass": true,
              "fail": false,
              "pending": false,
              "context": null,
              "code": "[\n        \"\",\n        \"==23\",\n        \"23\",\n        \"<23\",\n        \">23\",\n        \"<=-1\",\n        \">=-1\",\n        \"<= 2\",\n        \">= 1\",\n        \"> 3\",\n        \"< 3\",\n        \"<=3a\",\n        \">=3a\",\n        \"a<=3\",\n        \"a>=3\",\n    ].forEach(isInvalidInequality)",
              "err": {},
              "uuid": "2fce1983-bd99-42de-b115-3d0da339fbd0",
              "parentUUID": "0ecd52a9-1bf3-4328-af56-d1ec92ae252f",
              "isHook": false,
              "skipped": false
            }
          ],
          "suites": [],
          "passes": [
            "89bf9c4b-a498-4191-83f6-dda500e929b1",
            "2fce1983-bd99-42de-b115-3d0da339fbd0"
          ],
          "failures": [],
          "pending": [],
          "skipped": [],
          "duration": 3,
          "root": false,
          "rootEmpty": false,
          "_timeout": 2000
        },
        {
          "uuid": "f51b160a-625b-4807-8f26-b78bf7304f2b",
          "title": "satisfyRuleSchema",
          "fullFile": "/home/runner/work/planwithus-lib/planwithus-lib/src/satisfyRule/schemas.test.ts",
          "file": "/src/satisfyRule/schemas.test.ts",
          "beforeHooks": [],
          "afterHooks": [],
          "tests": [
            {
              "title": "should validate satisfy rule with valid block id",
              "fullTitle": "satisfyRuleSchema should validate satisfy rule with valid block id",
              "timedOut": false,
              "duration": 1,
              "state": "passed",
              "speed": "fast",
              "pass": true,
              "fail": false,
              "pending": false,
              "context": null,
              "code": "fast_check_1.assert(fast_check_1.property(fast_check_1.string(), ajvValidate)",
              "err": {},
              "uuid": "dbfdde94-82c6-4ceb-a243-a2a0eeda24db",
              "parentUUID": "f51b160a-625b-4807-8f26-b78bf7304f2b",
              "isHook": false,
              "skipped": false
            },
            {
              "title": "should validate satisfy rules with valid mc",
              "fullTitle": "satisfyRuleSchema should validate satisfy rules with valid mc",
              "timedOut": false,
              "duration": 1,
              "state": "passed",
              "speed": "fast",
              "pass": true,
              "fail": false,
              "pending": false,
              "context": "[\n  {\n    \"title\": \"mcSatisfyRule sample 0\",\n    \"value\": {\n      \"mc\": 58\n    }\n  },\n  {\n    \"title\": \"mcSatisfyRule sample 1\",\n    \"value\": {\n      \"mc\": 35\n    }\n  },\n  {\n    \"title\": \"mcSatisfyRule sample 2\",\n    \"value\": {\n      \"mc\": 12\n    }\n  },\n  {\n    \"title\": \"mcSatisfyRule sample 3\",\n    \"value\": {\n      \"mc\": 160\n    }\n  },\n  {\n    \"title\": \"mcSatisfyRule sample 4\",\n    \"value\": {\n      \"mc\": \">=4\"\n    }\n  },\n  {\n    \"title\": \"mcSatisfyRule sample 5\",\n    \"value\": {\n      \"mc\": 199\n    }\n  },\n  {\n    \"title\": \"mcSatisfyRule sample 6\",\n    \"value\": {\n      \"mc\": 93\n    }\n  },\n  {\n    \"title\": \"mcSatisfyRule sample 7\",\n    \"value\": {\n      \"mc\": 2\n    }\n  },\n  {\n    \"title\": \"mcSatisfyRule sample 8\",\n    \"value\": {\n      \"mc\": 200\n    }\n  },\n  {\n    \"title\": \"mcSatisfyRule sample 9\",\n    \"value\": {\n      \"mc\": \">=1746668337\"\n    }\n  }\n]",
              "code": "fast_check_1.sample(index_test_2.mcSatisfyRule, 10).forEach((sample, i) => addContext_1.default(this, {\n    title: `mcSatisfyRule sample ${i}`,\n    value: sample,\n}));\nreturn fast_check_1.assert(fast_check_1.property(index_test_2.mcSatisfyRule, ajvValidate));",
              "err": {},
              "uuid": "2031af74-e16e-41a4-a611-39e69c2c94ba",
              "parentUUID": "f51b160a-625b-4807-8f26-b78bf7304f2b",
              "isHook": false,
              "skipped": false
            },
            {
              "title": "should validate valid recursive satisfy rules",
              "fullTitle": "satisfyRuleSchema should validate valid recursive satisfy rules",
              "timedOut": false,
              "duration": 3,
              "state": "passed",
              "speed": "fast",
              "pass": true,
              "fail": false,
              "pending": false,
              "context": "{\n  \"title\": \"satisfyRule samples\",\n  \"value\": [\n    \"}dO\",\n    \"qvq\",\n    {\n      \"mc\": 157\n    },\n    {\n      \"or\": []\n    },\n    {\n      \"and\": [\n        \"\"\n      ]\n    },\n    {\n      \"and\": [\n        \"t<{,ZF3Xn\",\n        {\n          \"mc\": 25\n        },\n        {\n          \"and\": [\n            {\n              \"and\": []\n            },\n            \"q0yE\",\n            {\n              \"and\": [\n                \"Y\",\n                \">C%\",\n                \"\",\n                {\n                  \"or\": []\n                },\n                \"{voul.+f62\"\n              ]\n            },\n            \"oP-18;^KoS\",\n            \".l>p@+DQMI\"\n          ]\n        },\n        {\n          \"and\": [\n            \"H\",\n            {\n              \"and\": [\n                {\n                  \"and\": [\n                    \"t\"\n                  ]\n                },\n                \"zk)J5P{f\",\n                \"y.]ASSZrK\",\n                {\n                  \"mc\": 59\n                },\n                \"OE~-S>ms`T\"\n              ]\n            },\n            {\n              \"or\": [\n                {\n                  \"or\": []\n                },\n                \"$i+P(\",\n                \"+yH4/\\\\!I_{\"\n              ]\n            },\n            \"yI=>\",\n            {\n              \"or\": [\n                \"uL\",\n                {\n                  \"mc\": 60\n                },\n                {\n                  \"and\": [\n                    {\n                      \"or\": []\n                    },\n                    {\n                      \"or\": []\n                    },\n                    \"`hZRn([d\"\n                  ]\n                },\n                {\n                  \"mc\": \"<=1709711739\"\n                }\n              ]\n            }\n          ]\n        }\n      ]\n    },\n    {\n      \"mc\": \"<=2147483644\"\n    },\n    {\n      \"and\": [\n        {\n          \"and\": []\n        },\n        {\n          \"or\": [\n            \"yzLy\\\"c<\",\n            \"w\",\n            {\n              \"and\": []\n            },\n            \"\"\n          ]\n        },\n        {\n          \"or\": [\n            \"]]Ux75J(d\"\n          ]\n        }\n      ]\n    },\n    {\n      \"mc\": \">=2147483618\"\n    },\n    \"!\"\n  ]\n}",
              "code": "addContext_1.default(this, {\n    title: \"satisfyRule samples\",\n    value: fast_check_1.sample(index_test_2.satisfyRule, 10),\n});\nreturn fast_check_1.assert(fast_check_1.property(index_test_2.satisfyRule, ajvValidate));",
              "err": {},
              "uuid": "12350c8c-a2aa-4152-ad64-aabeddb2eebd",
              "parentUUID": "f51b160a-625b-4807-8f26-b78bf7304f2b",
              "isHook": false,
              "skipped": false
            },
            {
              "title": "should not validate non-string/object",
              "fullTitle": "satisfyRuleSchema should not validate non-string/object",
              "timedOut": false,
              "duration": 2,
              "state": "passed",
              "speed": "fast",
              "pass": true,
              "fail": false,
              "pending": false,
              "context": null,
              "code": "const error = {\n    instancePath: \"\",\n    message: \"satisfy rule should be either a string or an object\",\n};\nisInvalidRule(null, error);\nisInvalidRule(undefined, error);\nisInvalidRule(10, error);\nisInvalidRule([12, 24], error);",
              "err": {},
              "uuid": "1d34c290-5330-4fc3-b46e-1767467b8f47",
              "parentUUID": "f51b160a-625b-4807-8f26-b78bf7304f2b",
              "isHook": false,
              "skipped": false
            },
            {
              "title": "should not validate satisfy rules with extra properties",
              "fullTitle": "satisfyRuleSchema should not validate satisfy rules with extra properties",
              "timedOut": false,
              "duration": 1,
              "state": "passed",
              "speed": "fast",
              "pass": true,
              "fail": false,
              "pending": false,
              "context": null,
              "code": "isInvalidRule({\n        and: [\n            { or: [\"2k\"], abc: \"def\" },\n            { mc: 8, ghi: \"jkl\" },\n        ],\n        mno: \"pqr\",\n    }, {\n        instancePath: \"/and/0\",\n        message: \"or satisfy rule should have property 'or' only\",\n    }, {\n        instancePath: \"/and/1\",\n        message: \"MC satisfy rule should have property 'mc' only\",\n    }, {\n        instancePath: \"\",\n        message: \"and satisfy rule should have property 'and' only\",\n    })",
              "err": {},
              "uuid": "e7f8b36e-9401-405c-b808-0d513ce079d2",
              "parentUUID": "f51b160a-625b-4807-8f26-b78bf7304f2b",
              "isHook": false,
              "skipped": false
            },
            {
              "title": "should not validate ambiguous satisfy rules",
              "fullTitle": "satisfyRuleSchema should not validate ambiguous satisfy rules",
              "timedOut": false,
              "duration": 1,
              "state": "passed",
              "speed": "fast",
              "pass": true,
              "fail": false,
              "pending": false,
              "context": null,
              "code": "const message = \"satisfy rule should have only one of properties 'mc', 'and', 'or'\";\nisInvalidRule({\n    or: [\n        { mc: 5, and: [\"CS2040\"] },\n        { and: [{ and: [\"abc\"], or: [\"def\"] }] },\n    ],\n}, { instancePath: \"/or/0\", message }, { instancePath: \"/or/1/and/0\", message });",
              "err": {},
              "uuid": "6ab62b5e-595b-4e48-ae9b-8da65620f631",
              "parentUUID": "f51b160a-625b-4807-8f26-b78bf7304f2b",
              "isHook": false,
              "skipped": false
            },
            {
              "title": "should not validate and satisfy rules with non-array property",
              "fullTitle": "satisfyRuleSchema should not validate and satisfy rules with non-array property",
              "timedOut": false,
              "duration": 0,
              "state": "passed",
              "speed": "fast",
              "pass": true,
              "fail": false,
              "pending": false,
              "context": null,
              "code": "const message = \"property 'and' should be an array of satisfy rules\";\nisInvalidRule({ or: [{ and: {} }, { or: [{ and: 3 }] }] }, { instancePath: \"/or/0/and\", message }, { instancePath: \"/or/1/or/0/and\", message });",
              "err": {},
              "uuid": "bce1720e-5a43-4242-8bb0-b12e1a1b658e",
              "parentUUID": "f51b160a-625b-4807-8f26-b78bf7304f2b",
              "isHook": false,
              "skipped": false
            },
            {
              "title": "should not validate or satisfy rules with non-array property",
              "fullTitle": "satisfyRuleSchema should not validate or satisfy rules with non-array property",
              "timedOut": false,
              "duration": 1,
              "state": "passed",
              "speed": "fast",
              "pass": true,
              "fail": false,
              "pending": false,
              "context": null,
              "code": "const message = \"property 'or' should be an array of satisfy rules\";\nisInvalidRule({ and: [{ or: {} }, { and: [{ or: 3 }] }] }, { instancePath: \"/and/0/or\", message }, { instancePath: \"/and/1/and/0/or\", message });",
              "err": {},
              "uuid": "06459f3d-ba69-4660-8eb7-a91d8e38c2d5",
              "parentUUID": "f51b160a-625b-4807-8f26-b78bf7304f2b",
              "isHook": false,
              "skipped": false
            }
          ],
          "suites": [],
          "passes": [
            "dbfdde94-82c6-4ceb-a243-a2a0eeda24db",
            "2031af74-e16e-41a4-a611-39e69c2c94ba",
            "12350c8c-a2aa-4152-ad64-aabeddb2eebd",
            "1d34c290-5330-4fc3-b46e-1767467b8f47",
            "e7f8b36e-9401-405c-b808-0d513ce079d2",
            "6ab62b5e-595b-4e48-ae9b-8da65620f631",
            "bce1720e-5a43-4242-8bb0-b12e1a1b658e",
            "06459f3d-ba69-4660-8eb7-a91d8e38c2d5"
          ],
          "failures": [],
          "pending": [],
          "skipped": [],
          "duration": 10,
          "root": false,
          "rootEmpty": false,
          "_timeout": 2000
        }
      ],
      "passes": [],
      "failures": [],
      "pending": [],
      "skipped": [],
      "duration": 0,
      "root": true,
      "rootEmpty": true,
      "_timeout": 2000
    }
  ],
  "meta": {
    "mocha": {
      "version": "9.0.0"
    },
    "mochawesome": {
      "options": {
        "quiet": false,
        "reportFilename": "mochawesome",
        "saveHtml": true,
        "saveJson": true,
        "consoleReporter": "spec",
        "useInlineDiffs": false,
        "code": true
      },
      "version": "6.2.2"
    },
    "marge": {
      "options": {
        "reportDir": "docs"
      },
      "version": "5.2.0"
    }
  }
}