{
  "stats": {
    "suites": 10,
    "tests": 48,
    "passes": 48,
    "pending": 0,
    "failures": 0,
    "start": "2022-03-12T12:09:01.788Z",
    "end": "2022-03-12T12:09:02.003Z",
    "duration": 215,
    "testsRegistered": 48,
    "passPercent": 100,
    "pendingPercent": 0,
    "other": 0,
    "hasOther": false,
    "skipped": 0,
    "hasSkipped": false
  },
  "results": [
    {
      "uuid": "1d662cf6-4935-48cf-a6d0-901cc1f6ed16",
      "title": "",
      "fullFile": "",
      "file": "",
      "beforeHooks": [],
      "afterHooks": [],
      "tests": [],
      "suites": [
        {
          "uuid": "4e2a978e-5bf3-4af8-ac76-1fc970237581",
          "title": "initDirectories",
          "fullFile": "/home/runner/work/planwithus-lib/planwithus-lib/src/block/schemas.test.ts",
          "file": "/src/block/schemas.test.ts",
          "beforeHooks": [],
          "afterHooks": [],
          "tests": [
            {
              "title": "should parse all blocks with no errors",
              "fullTitle": "initDirectories should parse all blocks with no errors",
              "timedOut": false,
              "duration": 2,
              "state": "passed",
              "speed": "fast",
              "pass": true,
              "fail": false,
              "pending": false,
              "context": null,
              "code": "_1.initDirectories.should.not.throw()",
              "err": {},
              "uuid": "05aecc53-cb4a-426b-8fbd-7729c87df389",
              "parentUUID": "4e2a978e-5bf3-4af8-ac76-1fc970237581",
              "isHook": false,
              "skipped": false
            },
            {
              "title": "should produce primary, second & minor directories",
              "fullTitle": "initDirectories should produce primary, second & minor directories",
              "timedOut": false,
              "duration": 2,
              "state": "passed",
              "speed": "fast",
              "pass": true,
              "fail": false,
              "pending": false,
              "context": null,
              "code": "const directories = (0, _1.initDirectories)();\ndirectories.should.have.property(\"primary\");\ndirectories.should.have.property(\"second\");\ndirectories.should.have.property(\"minor\");",
              "err": {},
              "uuid": "a157a596-229b-4cde-b777-d9133d5786de",
              "parentUUID": "4e2a978e-5bf3-4af8-ac76-1fc970237581",
              "isHook": false,
              "skipped": false
            }
          ],
          "suites": [],
          "passes": [
            "05aecc53-cb4a-426b-8fbd-7729c87df389",
            "a157a596-229b-4cde-b777-d9133d5786de"
          ],
          "failures": [],
          "pending": [],
          "skipped": [],
          "duration": 4,
          "root": false,
          "rootEmpty": false,
          "_timeout": 2000
        },
        {
          "uuid": "4aa9394a-4d3f-4cf1-85c1-28d77c4ec894",
          "title": "blockSchema",
          "fullFile": "/home/runner/work/planwithus-lib/planwithus-lib/src/block/schemas.test.ts",
          "file": "/src/block/schemas.test.ts",
          "beforeHooks": [],
          "afterHooks": [],
          "tests": [
            {
              "title": "should validate valid block",
              "fullTitle": "blockSchema should validate valid block",
              "timedOut": false,
              "duration": 102,
              "state": "passed",
              "speed": "slow",
              "pass": true,
              "fail": false,
              "pending": false,
              "context": "[\n  {\n    \"title\": \"block sample 0\",\n    \"value\": {\n      \"name\": \"e@[\",\n      \"ay\": 1977,\n      \"assign\": [\n        \"\",\n        \"(%y\",\n        \"\\\"O\",\n        \".;*VvT\",\n        \"U!&$ P~!\"\n      ],\n      \"match\": [\n        {\n          \"or\": [\n            {\n              \"and\": []\n            },\n            {\n              \"or\": [\n                \"BQD1xH\",\n                {\n                  \"and\": [\n                    \"AWI228N\",\n                    {\n                      \"or\": [\n                        \"JI6407C\"\n                      ]\n                    },\n                    {\n                      \"or\": [\n                        {\n                          \"or\": [\n                            {\n                              \"and\": [\n                                {\n                                  \"and\": []\n                                },\n                                \"IDJ32\",\n                                \"NJZ60x1C\",\n                                \"UA0B\",\n                                \"YYI60U\"\n                              ]\n                            },\n                            \"DK4209H\",\n                            \"ZD3280\",\n                            \"VO4279\"\n                          ]\n                        },\n                        {\n                          \"and\": [\n                            \"WTU*64\",\n                            \"CE9H\"\n                          ]\n                        }\n                      ]\n                    },\n                    \"WN5P\"\n                  ]\n                },\n                {\n                  \"or\": [\n                    \"PGP6854\",\n                    {\n                      \"and\": [\n                        \"RB3955\",\n                        \"RZF329\",\n                        \"FG8x\",\n                        \"GQ4x24\"\n                      ]\n                    },\n                    \"MI9x6\",\n                    \"WI2X\",\n                    \"LGL0\"\n                  ]\n                }\n              ]\n            },\n            {\n              \"and\": [\n                \"UE5\",\n                \"NN50R\"\n              ]\n            },\n            {\n              \"or\": [\n                \"NT730G\",\n                {\n                  \"and\": []\n                }\n              ]\n            },\n            {\n              \"or\": []\n            }\n          ]\n        },\n        \"YP9\",\n        {\n          \"and\": []\n        },\n        \"VGx8\"\n      ],\n      \"satisfy\": \"Z1\",\n      \"url\": \"https://2brgdtmzouzeriyc5ykoqf3hdyvb9eezw-5xfz6v8dexnukb7diry.jjb2i5st035uefyngso0mnkwm1093ee-zyhyr2759kn15t6rhwf.aibbxa8uf.egb/NY$%F1%92%A2%98=ma4n/h,X/OGR/=j;H/K~qbM%F0%BA%97%8DSEH/q3c)!8I/!KWJ\",\n      \"info\": \"r$O%\",\n      \"isSelectable\": true\n    }\n  },\n  {\n    \"title\": \"block sample 1\",\n    \"value\": {\n      \"name\": \"I\",\n      \"ay\": 2024,\n      \"assign\": [],\n      \"match\": [\n        \"PRZ39x\",\n        {\n          \"or\": [\n            {\n              \"or\": []\n            },\n            \"SB1*2\"\n          ]\n        },\n        {\n          \"and\": [\n            {\n              \"or\": [\n                \"VF40J\",\n                \"PAF481\",\n                {\n                  \"or\": [\n                    \"PRx3Z\",\n                    {\n                      \"or\": [\n                        \"IKV8411\",\n                        \"NOK94\"\n                      ]\n                    },\n                    {\n                      \"and\": [\n                        {\n                          \"or\": [\n                            \"FB9350X\",\n                            \"ZIQ77\",\n                            \"DYZ9\"\n                          ]\n                        },\n                        {\n                          \"and\": [\n                            \"HV7\",\n                            \"SKZ731\"\n                          ]\n                        }\n                      ]\n                    },\n                    \"LPZ184*\"\n                  ]\n                },\n                {\n                  \"pattern\": \"KC*459\",\n                  \"exclude\": \"MO5165H\"\n                },\n                {\n                  \"and\": [\n                    {\n                      \"or\": [\n                        \"XKY672xS\",\n                        \"XAF343*\",\n                        {\n                          \"and\": [\n                            \"OCJ13x4\"\n                          ]\n                        },\n                        {\n                          \"or\": [\n                            \"BM330F\"\n                          ]\n                        }\n                      ]\n                    },\n                    \"IX04W\"\n                  ]\n                }\n              ]\n            }\n          ]\n        },\n        \"DJT1*3\"\n      ],\n      \"satisfy\": [\n        {\n          \"and\": [\n            {\n              \"and\": [\n                {\n                  \"and\": [\n                    {\n                      \"or\": [\n                        {\n                          \"mc\": \">=131\"\n                        },\n                        {\n                          \"mc\": \">=131\"\n                        }\n                      ]\n                    },\n                    \"\",\n                    {\n                      \"mc\": \"<=164\"\n                    },\n                    \"AA@1\",\n                    \"kU4U\"\n                  ]\n                },\n                {\n                  \"and\": []\n                },\n                \"Ji.-6\",\n                \"Ca&I6W-gEN\"\n              ]\n            },\n            {\n              \"and\": [\n                {\n                  \"or\": [\n                    {\n                      \"and\": [\n                        \"#OeY@~:k4\",\n                        \"+@GzUB\",\n                        \"`\",\n                        \"\"\n                      ]\n                    },\n                    {\n                      \"mc\": \"<=7\"\n                    },\n                    {\n                      \"and\": [\n                        {\n                          \"mc\": \"<=95\"\n                        },\n                        \"3Ze\",\n                        \"&YO\",\n                        {\n                          \"or\": [\n                            \"9R:d\"\n                          ]\n                        }\n                      ]\n                    },\n                    \"8kb3S/\\\\;\"\n                  ]\n                },\n                {\n                  \"mc\": \">=73\"\n                },\n                {\n                  \"mc\": \">=36\"\n                }\n              ]\n            },\n            \"cYm\"\n          ]\n        },\n        {\n          \"mc\": \">=168\"\n        },\n        {\n          \"mc\": \"<=71\"\n        },\n        {\n          \"or\": [\n            {\n              \"mc\": \">=171\"\n            },\n            {\n              \"and\": []\n            },\n            {\n              \"and\": [\n                \"LoD\",\n                \"T$Q\"\n              ]\n            }\n          ]\n        },\n        {\n          \"mc\": \"<=62\"\n        }\n      ],\n      \"isSelectable\": true\n    }\n  },\n  {\n    \"title\": \"block sample 2\",\n    \"value\": {\n      \"name\": \"H-DVN\",\n      \"ay\": 1955,\n      \"assign\": [\n        \"H5~!S?J!\",\n        \"&\",\n        \"n\\\\m\",\n        \"+N/\",\n        \"xa\"\n      ],\n      \"match\": [\n        {\n          \"and\": [\n            {\n              \"or\": [\n                \"WXO4F\",\n                {\n                  \"and\": []\n                },\n                {\n                  \"pattern\": \"WPYx*4\",\n                  \"info\": \"{\"\n                },\n                {\n                  \"or\": [\n                    \"SF771K\",\n                    {\n                      \"or\": [\n                        \"OC09U\"\n                      ]\n                    }\n                  ]\n                }\n              ]\n            },\n            \"RZC08\"\n          ]\n        }\n      ],\n      \"satisfy\": \"\",\n      \"info\": \"PRw>_H=`~\",\n      \"isSelectable\": true,\n      \"eO(I5jMz 6\": {\n        \"ay\": 1981,\n        \"assign\": \"w\",\n        \"match\": \"BKC935J\",\n        \"url\": \"http://16ykf5zm80z67ctsgt4yu87zc5u39kw0kgwtgs3dpeglwfg5uv6tmme.xx/N4T\",\n        \"info\": \"qZL\",\n        \"isSelectable\": true,\n        \"nFhhM/\": {\n          \"name\": \"Qw=0[F e\",\n          \"ay\": 1965,\n          \"assign\": [],\n          \"match\": {\n            \"and\": [\n              {\n                \"pattern\": \"LH189E\",\n                \"exclude\": \"LB86P\"\n              },\n              \"TYV5275A\"\n            ]\n          },\n          \"satisfy\": \"GUjX)/\",\n          \"url\": \"https://wk0k41420gnab7zhel85jds3uo4zbvnzebxtc6nbz2azs.goymcuais/J%F0%B5%87%93\",\n          \"info\": \"?$\",\n          \"isSelectable\": true\n        }\n      },\n      \"&qD!\": {\n        \"name\": \"\\\"{%N8d|3\",\n        \"ay\": 1987,\n        \"assign\": \"Tdl BW\",\n        \"match\": [\n          {\n            \"and\": [\n              {\n                \"or\": []\n              },\n              \"AX3\",\n              {\n                \"pattern\": \"HJ825H\",\n                \"exclude\": [\n                  \"PWF17\"\n                ]\n              },\n              {\n                \"and\": []\n              }\n            ]\n          },\n          {\n            \"and\": [\n              {\n                \"and\": []\n              },\n              \"IU6104\",\n              {\n                \"pattern\": \"PUP72X\",\n                \"exclude\": \"ED14*6S\",\n                \"info\": \"'^f$Apb+\"\n              },\n              {\n                \"pattern\": \"HKx*47\",\n                \"exclude\": \"OFW0\",\n                \"info\": \"\"\n              },\n              {\n                \"pattern\": \"JMV90W\",\n                \"exclude\": \"KORx36H\",\n                \"info\": \"M\"\n              }\n            ]\n          },\n          {\n            \"or\": [\n              {\n                \"pattern\": \"VCF18\",\n                \"exclude\": [\n                  \"VU*N\",\n                  \"AS1x6\",\n                  \"HO9927V\",\n                  \"BSV6750E\",\n                  \"HS46\"\n                ],\n                \"info\": \"\\\\\\\"c#\\\"qnC=4\"\n              },\n              {\n                \"and\": [\n                  \"WI319xF\",\n                  \"BY41X\",\n                  {\n                    \"and\": [\n                      \"BST3457N\"\n                    ]\n                  },\n                  \"AVH7V\"\n                ]\n              }\n            ]\n          }\n        ],\n        \"satisfy\": [\n          {\n            \"and\": [\n              {\n                \"or\": [\n                  \"s7\",\n                  \"o~\",\n                  {\n                    \"or\": [\n                      {\n                        \"or\": [\n                          \"aQ 1_85\",\n                          {\n                            \"mc\": \">=177\"\n                          }\n                        ]\n                      },\n                      {\n                        \"mc\": \"<=122\"\n                      },\n                      \"\",\n                      \"(f1\"\n                    ]\n                  }\n                ]\n              },\n              {\n                \"mc\": \"<=28\"\n              }\n            ]\n          },\n          {\n            \"and\": [\n              {\n                \"or\": []\n              },\n              {\n                \"or\": [\n                  {\n                    \"or\": [\n                      \",u6[\",\n                      {\n                        \"and\": [\n                          \"-,Npa;5&\",\n                          {\n                            \"mc\": \"<=108\"\n                          },\n                          \"wp;eJ#L?\"\n                        ]\n                      },\n                      \"SSWh\",\n                      \",\"\n                    ]\n                  },\n                  \"*JY=M&N\",\n                  {\n                    \"or\": []\n                  }\n                ]\n              }\n            ]\n          },\n          \"B/%3gZ@d!\",\n          \";:2y+(\"\n        ],\n        \"isSelectable\": true,\n        \"c>i\": {\n          \"name\": \"jH\",\n          \"match\": {\n            \"and\": [\n              {\n                \"or\": [\n                  \"PFQ254\",\n                  {\n                    \"and\": [\n                      \"DPT*\",\n                      \"DBX88*\",\n                      \"UZ64\"\n                    ]\n                  },\n                  \"ZJB31Q\",\n                  {\n                    \"or\": [\n                      {\n                        \"and\": [\n                          \"RO19D\",\n                          {\n                            \"or\": [\n                              {\n                                \"pattern\": \"TF94\",\n                                \"exclude\": \"FZ71\",\n                                \"info\": \"r0j:\"\n                              },\n                              \"TB*677\",\n                              \"MZ18\",\n                              \"UZ628xD\"\n                            ]\n                          },\n                          \"QUC0\",\n                          {\n                            \"or\": []\n                          }\n                        ]\n                      }\n                    ]\n                  },\n                  {\n                    \"or\": [\n                      {\n                        \"pattern\": \"FPR5x48N\",\n                        \"exclude\": \"FK685P\",\n                        \"info\": \"{\"\n                      },\n                      \"SZ26H\",\n                      {\n                        \"and\": []\n                      }\n                    ]\n                  }\n                ]\n              },\n              \"VBQ*\",\n              {\n                \"pattern\": \"SBW986I\",\n                \"exclude\": \"WXV2881V\",\n                \"info\": \"zbQAD[o\"\n              }\n            ]\n          },\n          \"satisfy\": {\n            \"mc\": \"<=67\"\n          },\n          \"url\": \"https://xrn0g-h0914dedcxixemwixk.qyrmrfkceb/Qy%F0%BC%A5%9Ee$M&Em/bEGtqo26!K/zUQu%F0%91%9D%A5V4p/i%F0%BC%85%8AjYUvdC02/e7ju)%F2%8E%A0%96%F1%83%A6%A7N9J//UG%F4%8A%91%A3_q(J/5FGI/SsqTN49==J\",\n          \"info\": \"<*+\",\n          \"isSelectable\": true\n        },\n        \",\\\\:wbsjg0a\": {\n          \"name\": \"s)w=-8\",\n          \"ay\": 1961,\n          \"match\": [\n            {\n              \"pattern\": \"QQ6x\",\n              \"info\": \"\"\n            },\n            {\n              \"or\": []\n            }\n          ],\n          \"satisfy\": {\n            \"and\": [\n              {\n                \"mc\": \">=156\"\n              },\n              \"DtaAc.\",\n              \"j3v\",\n              \"+,L\",\n              {\n                \"mc\": \"<=79\"\n              }\n            ]\n          },\n          \"url\": \"https://wwqf0k6aeyk3ik9vjz4nctnu1o-nd7mt80-9l6fwnzmnm64y2l7p.ipqitfqvtl8wq4x6aweztrez-r2vg.sl/Z-xS/8%F0%B1%84%B9/uoF2zY/meW8+%F3%90%8A%9B%F0%BA%BC%94;X/b~v9fNs//!Y5d*Y*/MZBc%F2%9A%82%9E/%F0%90%BC%98%F1%AF%B6%95x7yz-G-\",\n          \"info\": \"*|>to7o\"\n        },\n        \"rMv)h\": {\n          \"name\": \"\",\n          \"ay\": 2000,\n          \"match\": {\n            \"and\": [\n              {\n                \"and\": [\n                  {\n                    \"or\": [\n                      \"OMD0O\",\n                      \"PI3\",\n                      {\n                        \"pattern\": \"ZBR08H\",\n                        \"exclude\": [\n                          \"AGL4\",\n                          \"TFW03\"\n                        ]\n                      }\n                    ]\n                  }\n                ]\n              },\n              {\n                \"or\": [\n                  \"ZBI1T\",\n                  {\n                    \"and\": []\n                  },\n                  \"KJ6\",\n                  \"YO1\"\n                ]\n              },\n              {\n                \"or\": [\n                  {\n                    \"or\": [\n                      {\n                        \"or\": []\n                      }\n                    ]\n                  },\n                  {\n                    \"and\": [\n                      \"XU4\"\n                    ]\n                  }\n                ]\n              },\n              {\n                \"or\": [\n                  {\n                    \"pattern\": \"IC2F\",\n                    \"exclude\": [\n                      \"JTR8x1B\",\n                      \"NT1*O\"\n                    ],\n                    \"info\": \"B@(P\"\n                  }\n                ]\n              }\n            ]\n          },\n          \"satisfy\": {\n            \"or\": [\n              {\n                \"or\": []\n              },\n              {\n                \"and\": []\n              }\n            ]\n          },\n          \"url\": \"https://z.2dsoybquwud.tacdqqpj/1P28/XP%F3%B2%B3%87%F3%AE%97%9AEbTC/-%F2%A1%89%B7H@\",\n          \"info\": \"oq9pNKz\",\n          \"isSelectable\": true\n        },\n        \"gm\\\\^k:f\": {\n          \"name\": \"\",\n          \"ay\": 2003,\n          \"assign\": [\n            \",^[}@mGU^\"\n          ],\n          \"match\": [],\n          \"satisfy\": \"\",\n          \"info\": \"T}K`A_i\",\n          \"isSelectable\": true\n        },\n        \"$W:$\": {\n          \"ay\": 2019,\n          \"assign\": \"<#9\\\\!\\\\A\",\n          \"match\": {\n            \"pattern\": \"CC7420C\",\n            \"exclude\": \"HQR*136I\",\n            \"info\": \"k\"\n          },\n          \"satisfy\": \"z{/9aFX-\",\n          \"url\": \"http://m.gikg1cw6jn6x6j6g3jpx97umtp3.z0ot065k.2.4xeizls3mo5-s8.jcn/WkIOVMIv%F0%96%A4%B8(//l!x+1@yLE1\",\n          \"info\": \".|JF,,BnV.\",\n          \"isSelectable\": true,\n          \"D3#.E7n\\\"o\": {\n            \"name\": \"b#<182gV\",\n            \"ay\": 2012,\n            \"assign\": [\n              \"jm\",\n              \"#]DCtDa\",\n              \"PN8\\\"\"\n            ],\n            \"match\": {\n              \"pattern\": \"WR78\",\n              \"exclude\": \"GDA1M\",\n              \"info\": \"}_9o2\"\n            },\n            \"satisfy\": []\n          },\n          \"q+tTlH\": {\n            \"name\": \"W?>zL(X\",\n            \"assign\": [],\n            \"match\": [\n              \"QFO3B\",\n              {\n                \"or\": [\n                  {\n                    \"or\": [\n                      {\n                        \"and\": [\n                          \"TSS88P\",\n                          {\n                            \"pattern\": \"SL35*5\",\n                            \"exclude\": \"NFD6xM\",\n                            \"info\": \"uJk^k$?4*\"\n                          },\n                          \"HBA8197M\",\n                          \"VEN014\"\n                        ]\n                      },\n                      {\n                        \"pattern\": \"JKJ5899\",\n                        \"exclude\": \"KT279\",\n                        \"info\": \"#XN3lb`W\"\n                      }\n                    ]\n                  },\n                  {\n                    \"or\": []\n                  },\n                  {\n                    \"pattern\": \"ZZ966M\",\n                    \"exclude\": \"BKD404Y\",\n                    \"info\": \"<gC\\\\Xmk-\"\n                  }\n                ]\n              }\n            ],\n            \"url\": \"https://mhillvk5p8xidxoxv5o.83iiwkxrp9l3fdtb4j49zch4nj2a8x5-ghtxnf8pz0i688momditmh-ssxah.03i3c4ig91wws9ljtkjh6y-zcjc15cx0x-rg.wx-d-7gj4ohva2w8xw4p7yv7kc-htdnh6bg.4-zfl32lq4p9h64yuv0s7y4yp09jf0kwqmhr9yrpgah6eg.vmuu/fBM5X@%F3%9C%B4%86/fgcYUg/K1RzG/oc@PSW-G6/v~JD%F0%A9%91%80qHg&/&FK.%F3%87%98%82113N/R%F3%8A%9C%89r/TplG\",\n            \"info\": \"-y2\",\n            \"isSelectable\": true\n          },\n          \"kTB?@$Azwz\": {\n            \"name\": \"Q\",\n            \"ay\": 1956,\n            \"assign\": [],\n            \"match\": [],\n            \"satisfy\": \"`2\\\"W-z\",\n            \"url\": \"https://qii-onx77ri516poe77ij20o0jin6b806k4er5b7mo1mm8oj918onsx3k.a6zlxd5blq17kc8f9xv8bypbt6hpxty46cfm2tnexj69-tzy.yabkdkyw1fwt3i0e294.0qz0u9kni36mgx40rqn8bm5ue88-0bm-qusyeoef1aitljxjmq13mv.xngg9a7ekaz3ks404d.acsfimct/w\",\n            \"info\": \"C1bDj0\\\\\",\n            \"isSelectable\": true\n          },\n          \"+\": {\n            \"match\": [\n              {\n                \"pattern\": \"IN*6\",\n                \"info\": \"C[S~Fc\"\n              },\n              {\n                \"or\": [\n                  {\n                    \"pattern\": \"PO35O\",\n                    \"exclude\": [],\n                    \"info\": \"#/M`dmW1e\"\n                  },\n                  {\n                    \"or\": [\n                      {\n                        \"or\": [\n                          {\n                            \"and\": [\n                              {\n                                \"or\": [\n                                  \"YTS8V\",\n                                  {\n                                    \"and\": [\n                                      \"UO871\"\n                                    ]\n                                  }\n                                ]\n                              },\n                              \"VB524\",\n                              {\n                                \"pattern\": \"YH87C\",\n                                \"info\": \"VS\\\"hE4hm\"\n                              },\n                              \"HU7O\"\n                            ]\n                          },\n                          {\n                            \"or\": [\n                              \"KH255H\",\n                              \"NWG6\",\n                              \"VY*G\",\n                              \"ZZ0358X\"\n                            ]\n                          },\n                          \"IMK42\",\n                          \"SMS1*2F\"\n                        ]\n                      },\n                      \"CV7C\",\n                      {\n                        \"and\": [\n                          \"AAGx948\",\n                          \"VF680W\",\n                          \"SK68**\",\n                          {\n                            \"or\": [\n                              \"XLL62E\",\n                              \"KMW8945\",\n                              {\n                                \"pattern\": \"VFM*145F\",\n                                \"exclude\": [\n                                  \"FG917\",\n                                  \"LB51\"\n                                ]\n                              },\n                              \"POO3xx\",\n                              \"QDK*08K\"\n                            ]\n                          },\n                          \"DTS495B\"\n                        ]\n                      },\n                      \"BVG4\"\n                    ]\n                  }\n                ]\n              },\n              {\n                \"pattern\": \"GS*5Z\",\n                \"exclude\": \"RVE60\",\n                \"info\": \"gdvfh/Db\"\n              },\n              {\n                \"pattern\": \"XH442\"\n              }\n            ],\n            \"satisfy\": {\n              \"mc\": \"<=39\"\n            },\n            \"url\": \"https://pys1o8bvrogu72bikkvu-s53kaliuz.odkcg5.numyws88cwgtk7gli6btvxkp-vn0jw.bn4in33j9tuxtgolm4al-x.kh/~o62l3Noz/@PPoWsg9LI/idYS8~R%F3%BD%AA%B9B//6m;*_%F2%B8%A7%ADFb%F3%91%8D%84$/,vJ//8%F1%BF%9D%94GKhE!_@/vt$~+\",\n            \"info\": \"\\\"p%.|Jo\",\n            \"isSelectable\": true\n          },\n          \".uxfi\": {\n            \"name\": \"\",\n            \"ay\": 2030,\n            \"assign\": \"4`*bq?Qg\",\n            \"match\": [\n              {\n                \"pattern\": \"UH*44\",\n                \"exclude\": [\n                  \"KO1\",\n                  \"INY11X\",\n                  \"IH96I\"\n                ],\n                \"info\": \"Wf!g\"\n              },\n              {\n                \"and\": [\n                  \"HM5xF\",\n                  {\n                    \"pattern\": \"QS7xx\",\n                    \"exclude\": []\n                  },\n                  {\n                    \"or\": [\n                      \"TYS*645K\",\n                      {\n                        \"pattern\": \"NDK5*\",\n                        \"exclude\": [\n                          \"MU616\",\n                          \"BAU325Z\",\n                          \"OF86B\",\n                          \"YYXx1x\"\n                        ],\n                        \"info\": \"ocC\"\n                      }\n                    ]\n                  }\n                ]\n              }\n            ],\n            \"satisfy\": [\n              {\n                \"and\": [\n                  {\n                    \"and\": [\n                      {\n                        \"mc\": \"<=106\"\n                      }\n                    ]\n                  }\n                ]\n              }\n            ],\n            \"url\": \"https://49ff.4hos72k3-qr-xltxtw0.qopcrpu/2/s%F2%AC%AD%B4%F0%A6%83%A4xfFu/1/2d/%F1%AF%84%9FZ/0ys0+/ng@xpL/N.XM(\",\n            \"info\": \"h;:HJ]N\\\"'t\"\n          }\n        }\n      }\n    }\n  },\n  {\n    \"title\": \"block sample 3\",\n    \"value\": {\n      \"name\": \"{)Ei_wA\",\n      \"ay\": 2018,\n      \"assign\": [\n        \"Zx7J%\\\"&?s\",\n        \"QC#\\\"{$t\",\n        \"dm (Wa{9\",\n        \"'TuEk`\"\n      ],\n      \"match\": [\n        {\n          \"or\": [\n            {\n              \"pattern\": \"RDQ6B\",\n              \"exclude\": [\n                \"FACx\"\n              ],\n              \"info\": \"%%!Q!&\"\n            },\n            {\n              \"or\": [\n                {\n                  \"pattern\": \"BA66O\",\n                  \"exclude\": [\n                    \"RU88*Z\",\n                    \"RV869\",\n                    \"YWN84xN\",\n                    \"CT*56\"\n                  ]\n                }\n              ]\n            }\n          ]\n        }\n      ],\n      \"satisfy\": {\n        \"or\": [\n          {\n            \"or\": [\n              \"A#^{;LmL\",\n              {\n                \"or\": []\n              },\n              {\n                \"mc\": \"<=20\"\n              },\n              {\n                \"or\": [\n                  \"f\",\n                  \"\",\n                  {\n                    \"mc\": \">=162\"\n                  }\n                ]\n              }\n            ]\n          },\n          {\n            \"or\": []\n          }\n        ]\n      },\n      \"info\": \"${ %%%~\",\n      \"jFY\\\\*:'1u]\": {\n        \"name\": \"\\\\H0C!3\",\n        \"assign\": \"C^9\",\n        \"match\": [\n          {\n            \"or\": [\n              {\n                \"or\": [\n                  \"QX5N\",\n                  \"ZTN1x\",\n                  {\n                    \"or\": [\n                      {\n                        \"or\": [\n                          \"JNVx1*\",\n                          {\n                            \"or\": [\n                              \"URX6890\",\n                              \"SZM0*99Y\",\n                              {\n                                \"and\": [\n                                  \"AF4032\",\n                                  {\n                                    \"or\": [\n                                      \"MJKx52\",\n                                      \"JC812\",\n                                      \"EW37K\",\n                                      \"LPZ599L\",\n                                      \"HAG5S\"\n                                    ]\n                                  },\n                                  \"BV5x1\",\n                                  \"CN5Q\",\n                                  \"AG24*\"\n                                ]\n                              },\n                              \"UYZ*03\",\n                              \"XYJ8\"\n                            ]\n                          }\n                        ]\n                      },\n                      \"VPD7\",\n                      \"ND8904Z\",\n                      \"SWK45\"\n                    ]\n                  }\n                ]\n              },\n              {\n                \"and\": [\n                  {\n                    \"or\": [\n                      \"UVTx5U\",\n                      \"QI3*2\",\n                      \"XYP1xxW\"\n                    ]\n                  },\n                  {\n                    \"pattern\": \"AZD186W\",\n                    \"exclude\": \"KJ24x\",\n                    \"info\": \":M$U\"\n                  },\n                  {\n                    \"pattern\": \"HZX*1*9V\",\n                    \"exclude\": [\n                      \"CXN7908\",\n                      \"MN60x7L\",\n                      \"DM5489P\",\n                      \"WY0W\",\n                      \"WOZ4\"\n                    ],\n                    \"info\": \"1t,\"\n                  },\n                  {\n                    \"pattern\": \"HCL3859\",\n                    \"info\": \"9\"\n                  },\n                  \"HKC2*34X\"\n                ]\n              },\n              {\n                \"and\": [\n                  {\n                    \"pattern\": \"NJ811xM\",\n                    \"exclude\": [\n                      \"LXL9\",\n                      \"HQP*260\",\n                      \"YQ248\",\n                      \"XTE34\"\n                    ],\n                    \"info\": \"r|#/h<PL?d\"\n                  },\n                  {\n                    \"or\": [\n                      \"IW302\"\n                    ]\n                  },\n                  {\n                    \"or\": [\n                      \"FLJ2X\",\n                      {\n                        \"or\": [\n                          \"XS05*1\",\n                          \"NY2I\"\n                        ]\n                      }\n                    ]\n                  }\n                ]\n              },\n              {\n                \"and\": [\n                  \"RN17\",\n                  \"SY8\",\n                  \"OJ6G\",\n                  {\n                    \"pattern\": \"BCx447U\",\n                    \"exclude\": [\n                      \"RQ36\",\n                      \"GS19\",\n                      \"VVE1xxZ\",\n                      \"GE2*\",\n                      \"CBH*35X\"\n                    ]\n                  }\n                ]\n              }\n            ]\n          },\n          {\n            \"or\": []\n          },\n          {\n            \"and\": [\n              {\n                \"and\": [\n                  {\n                    \"pattern\": \"DHI2923F\",\n                    \"exclude\": [\n                      \"TBF71E\"\n                    ]\n                  }\n                ]\n              },\n              {\n                \"and\": [\n                  {\n                    \"or\": [\n                      \"LDQ5610K\",\n                      {\n                        \"pattern\": \"YQLx\",\n                        \"exclude\": \"QQ122\",\n                        \"info\": \"}T8lDiT\"\n                      }\n                    ]\n                  },\n                  \"WXY8xZ\"\n                ]\n              },\n              {\n                \"and\": [\n                  {\n                    \"pattern\": \"NRQ4xA\",\n                    \"exclude\": [],\n                    \"info\": \">\\\"n\"\n                  }\n                ]\n              },\n              {\n                \"and\": [\n                  {\n                    \"and\": []\n                  },\n                  \"PDK15*7B\",\n                  \"NG8\",\n                  {\n                    \"pattern\": \"OW2\",\n                    \"info\": \"\"\n                  },\n                  \"LB*\"\n                ]\n              },\n              {\n                \"and\": [\n                  {\n                    \"pattern\": \"WN*5W\",\n                    \"exclude\": [],\n                    \"info\": \"HOZ\"\n                  },\n                  {\n                    \"pattern\": \"BFP726*\",\n                    \"exclude\": [\n                      \"GLP52F\",\n                      \"VTZ4G\"\n                    ],\n                    \"info\": \">Vz|#4`T*g\"\n                  },\n                  \"KFS2\",\n                  \"PFY306\"\n                ]\n              }\n            ]\n          }\n        ],\n        \"satisfy\": [\n          {\n            \"mc\": \">=7\"\n          },\n          \"Sj[)bvS\",\n          \"'KnJH:c\",\n          {\n            \"and\": [\n              {\n                \"or\": [\n                  {\n                    \"or\": [\n                      \"2aqU\",\n                      \"bqQ-\",\n                      \">\",\n                      \"(wX\\\\unB>\",\n                      \"\"\n                    ]\n                  },\n                  \"-)}\",\n                  {\n                    \"mc\": \"<=67\"\n                  }\n                ]\n              },\n              \"MI\",\n              {\n                \"mc\": \">=71\"\n              }\n            ]\n          }\n        ],\n        \"url\": \"https://aogc9xifhalon9fatspufgh2gjajeoimt5hcnmzni0qbrg07tex17pp.3wxsgh6qmx7um7pwlon9klcr7ypux.koy36ag1pdib3ckqnbbhhg-la3tgsjkm6f6t-8rnuz9m404eb79jw3jeh-0.kahimfvm/F+xFRN/(5;EM$\",\n        \"isSelectable\": true\n      },\n      \"SLtx_E~e,\": {\n        \"name\": \"!_HP\",\n        \"assign\": [\n          \"#oqdv\",\n          \"'+ \",\n          \"Si4FR7[\"\n        ],\n        \"match\": [\n          \"IGO013T\",\n          \"ONW31\",\n          {\n            \"or\": [\n              {\n                \"or\": [\n                  \"PSD*592W\",\n                  \"FL58\",\n                  \"FL6T\",\n                  {\n                    \"and\": [\n                      {\n                        \"or\": [\n                          \"TEG64M\",\n                          \"MH53\"\n                        ]\n                      },\n                      {\n                        \"and\": [\n                          \"OTQ5156\",\n                          \"BW3219Q\"\n                        ]\n                      },\n                      \"GZE75*\",\n                      \"EJZ151S\",\n                      \"CU54xx\"\n                    ]\n                  }\n                ]\n              },\n              \"BPC11x0\",\n              \"XSK8I\",\n              {\n                \"or\": [\n                  {\n                    \"pattern\": \"NR633D\",\n                    \"exclude\": [\n                      \"VF615N\",\n                      \"SCK79\"\n                    ],\n                    \"info\": \"EDzF,`9t\"\n                  },\n                  \"MCHx\",\n                  {\n                    \"and\": [\n                      \"QLY6X\",\n                      \"IF70J\",\n                      \"LYV583\",\n                      \"MD86xZ\",\n                      \"GOC4A\"\n                    ]\n                  },\n                  \"ZY4x85\"\n                ]\n              },\n              \"QW020\"\n            ]\n          },\n          {\n            \"and\": [\n              \"RIT1K\"\n            ]\n          },\n          \"DJI147\"\n        ],\n        \"satisfy\": {\n          \"or\": [\n            {\n              \"or\": [\n                {\n                  \"and\": [\n                    \";.\",\n                    \"Xi(e\\\\B;q\",\n                    {\n                      \"or\": []\n                    },\n                    \"Q`uzD}\",\n                    {\n                      \"and\": []\n                    }\n                  ]\n                },\n                {\n                  \"mc\": \"<=135\"\n                }\n              ]\n            },\n            {\n              \"or\": []\n            },\n            \"TYFZzC\",\n            {\n              \"or\": [\n                {\n                  \"and\": [\n                    \"oe~_Ns\"\n                  ]\n                },\n                \"[jnw\",\n                {\n                  \"mc\": \"<=152\"\n                }\n              ]\n            }\n          ]\n        },\n        \"url\": \"http://v.jkntflvr/H7!dvR*&4G\",\n        \"isSelectable\": true,\n        \"~R&\": {\n          \"name\": \"+a\\\"Sl=D\",\n          \"ay\": 2028,\n          \"assign\": \".:?)BSovk\",\n          \"match\": {\n            \"pattern\": \"IAO2\",\n            \"exclude\": \"GR60x\",\n            \"info\": \"\"\n          },\n          \"satisfy\": \"ZEh\",\n          \"url\": \"http://h.s6j1ci8a1a0-07m59e0u8-o9utrs9.p.rsakqize\",\n          \"info\": \"-\",\n          \"isSelectable\": true\n        },\n        \".$c#\": {\n          \"ay\": 2022,\n          \"assign\": [\n            \"Du7E23!m\"\n          ],\n          \"match\": [\n            {\n              \"or\": []\n            },\n            \"MVC834\",\n            {\n              \"and\": [\n                {\n                  \"and\": []\n                },\n                {\n                  \"pattern\": \"WCG6\",\n                  \"exclude\": \"FW72I\"\n                }\n              ]\n            }\n          ],\n          \"info\": \"p^>/@RK\",\n          \"isSelectable\": true\n        },\n        \"Xv@Ky\": {\n          \"ay\": 2002,\n          \"match\": [],\n          \"satisfy\": {\n            \"mc\": \">=102\"\n          },\n          \"url\": \"https://nrwgxaye89r51j8s9kyqf27i2xxdi6cagneq.9.3.0r0jkhsd.gecmzjwp/A6s8vA/8%F3%85%8A%A8W8iQ%F2%B8%BB%ADxQO/E6LD%F2%9F%B8%A4tC*dM/H5,V%F3%9F%8E%A0Ax/6NxvN/sPf(JmP/jM;1.$zKF%F3%90%A3%87/7j82%F2%BA%BF%ABs+-Q/*%F3%9F%92%92p\",\n          \"info\": \"{N\",\n          \"isSelectable\": true\n        },\n        \"Vp7\": {\n          \"name\": \"4rVv%E<\",\n          \"assign\": \"E,S_ \\\"bf\",\n          \"match\": [\n            {\n              \"or\": [\n                {\n                  \"and\": [\n                    \"LEI*3\",\n                    {\n                      \"pattern\": \"YS**\",\n                      \"exclude\": \"CH04\",\n                      \"info\": \"hO2{\"\n                    }\n                  ]\n                },\n                {\n                  \"and\": []\n                },\n                {\n                  \"and\": [\n                    {\n                      \"or\": [\n                        \"AZ8x8xF\"\n                      ]\n                    },\n                    \"HBG0070\",\n                    {\n                      \"pattern\": \"FQ58M\",\n                      \"info\": \"5-=U\\\"O\"\n                    },\n                    \"BMx\"\n                  ]\n                }\n              ]\n            },\n            {\n              \"and\": []\n            },\n            {\n              \"and\": []\n            },\n            {\n              \"and\": [\n                \"HTP*7x4F\"\n              ]\n            }\n          ],\n          \"url\": \"https://br3f3g9ius44hmajbusic0mawm92nxmnxjfxn52kzuktdr3oa1r1-k7aun9e.zighs4lsy4n0hrwtm-6jy0cppbrtqki189p5ygtmrp.af9vg3cjn2sro1us2a1-06zztvdq97w9hllvz1ros2j3tqsrixksg5ptraafxfx.qukhezgfmu/7.x/-@%F3%A1%8E%99Bf7J*j/I8/v/R!%F2%98%8C%929i+JB/d/GH./c%F1%A2%B1%BB0x%F0%9A%95%8D+\",\n          \"info\": \"E\",\n          \"isSelectable\": true\n        },\n        \"O\": {\n          \"name\": \"--`(Dr-pP{\",\n          \"ay\": 1957,\n          \"assign\": [\n            \"%\\\\p+gz\",\n            \"4 qwQPX&\",\n            \"Y?[f\",\n            \"]h\"\n          ],\n          \"match\": {\n            \"pattern\": \"AHL753\",\n            \"exclude\": \"MRE9\"\n          },\n          \"info\": \"r[ Un\",\n          \"isSelectable\": true\n        }\n      },\n      \"7?/4Z(H^=\": {\n        \"name\": \"gdN\",\n        \"assign\": [\n          \"/.Hff$|\",\n          \"E00Hw70\",\n          \"2i\",\n          \"\"\n        ],\n        \"match\": {\n          \"pattern\": \"UIO84\",\n          \"exclude\": [\n            \"EE46G\"\n          ],\n          \"info\": \"I\\\"*QWB{\"\n        },\n        \"satisfy\": \"\",\n        \"url\": \"https://vf41g3rjk2z1f4ktz0l.pj-l5ksruqf8pagq-zenq8qc56wq4rh4pgk-3zwzw7mce.dzn1do-8lh4l76b9--7rpe7mgr7ipawvcxogs2jsddawfjjhi1w2sr23dca.je64c-cy8skoaq1g2-wi5f1h7t7uyuqonn5sps45bhnifclq4mba3.s4gsxsygf8a0rgh1z4cx0re4s.es/((uL/0RySb/(;q'so/52D8B*C//(..3%F3%AC%BD%B8)n8F)/HtJNc;dIl!/%F0%9D%AE%BB9/EWg-;Ht%F1%8F%BA%84c\",\n        \"info\": \"3-4a3I\",\n        \"}z.\": {\n          \"ay\": 1998,\n          \"match\": \"CW38*X\",\n          \"satisfy\": \"<u\",\n          \"info\": \"\",\n          \"isSelectable\": true\n        }\n      },\n      \"<\": {\n        \"name\": \"AMZ}cK%@b\",\n        \"ay\": 2014,\n        \"assign\": \"_Y+f1^mE0 \",\n        \"match\": {\n          \"pattern\": \"HIS72x3\",\n          \"exclude\": \"CR671V\",\n          \"info\": \"Rp=^Hn@>\"\n        },\n        \"satisfy\": [\n          {\n            \"mc\": \">=6\"\n          },\n          \"s\",\n          {\n            \"or\": [\n              {\n                \"mc\": \"<=108\"\n              }\n            ]\n          },\n          {\n            \"and\": [\n              \"W\",\n              \"4|i\",\n              {\n                \"mc\": \"<=6\"\n              },\n              {\n                \"and\": [\n                  \"Fha7)\",\n                  {\n                    \"and\": []\n                  }\n                ]\n              }\n            ]\n          }\n        ],\n        \"url\": \"https://pt5pm2jisk54x0ue5iqoua0ebpr1zahu-fbfmggcp-64teo5aa2jcnc2.tad015rpz88pznfr8e.jhpb/Dfkc8=@O//%F0%B1%BD%AE1H;fv~5/w%F2%A9%8E%BC$/-%F0%AE%B4%8F;yc/HSm\",\n        \"info\": \"W'L`gQ+fy\",\n        \"isSelectable\": true\n      }\n    }\n  },\n  {\n    \"title\": \"block sample 4\",\n    \"value\": {\n      \"name\": \"\",\n      \"ay\": 1954,\n      \"assign\": \"?/Q0!7o'~j\",\n      \"satisfy\": [\n        {\n          \"and\": [\n            {\n              \"or\": [\n                {\n                  \"mc\": \"<=76\"\n                }\n              ]\n            }\n          ]\n        },\n        {\n          \"or\": []\n        }\n      ],\n      \"url\": \"https://kt-p00ccg.arjep3u56v6ra6hk3bplzcgsb0r8jdw1z.7y8cxgu2afqde3a2qhkqqm-o-2oi6o5hwpjm3d2u4datvkb4i.0-5isjwnrh1gqrhpl4wmzs5d8yxi32os.a083b623lblh22w902k2r4vbr.dova\",\n      \"info\": \"\",\n      \"isSelectable\": true,\n      \"my2Ctt7FSb\": {\n        \"match\": [\n          \"JE5B\",\n          \"NBW073\"\n        ],\n        \"satisfy\": {\n          \"and\": [\n            {\n              \"or\": [\n                {\n                  \"mc\": \"<=154\"\n                }\n              ]\n            }\n          ]\n        },\n        \"url\": \"https://qdz5lbx61jup1k4gfg-zqzsnd9.fp772-c7xfweclhpc71n45brm81-bnuo6kfsn58j9f6vdk6vl-816inqxz9.u2beq6a8.p0lunx8x.nprvr/lyptNs/D%F3%98%82%9Ed%F0%AA%87%8Adb%F4%8D%BB%90%F3%BE%86%B5N\",\n        \"info\": \"Zo#|/W+\",\n        \"isSelectable\": true,\n        \"\\\\c|\": {\n          \"name\": \"? \",\n          \"assign\": [\n            \"k/X.Ul\",\n            \"@f.=@i2R\"\n          ],\n          \"match\": [],\n          \"url\": \"https://8sko21808dwomg5zry.9tdjw2mqgb8t8f.mbv/&j0;-UE/:xhstQTd_n\",\n          \"info\": \"l \",\n          \"isSelectable\": true\n        },\n        \"{wyYxZ\": {\n          \"name\": \"\",\n          \"assign\": \"}0 y%f}i!\",\n          \"match\": [\n            {\n              \"and\": [\n                {\n                  \"pattern\": \"QZC047D\",\n                  \"exclude\": [\n                    \"WQ0*4L\",\n                    \"RI5J\",\n                    \"MS08\",\n                    \"GD0M\",\n                    \"OEO0T\"\n                  ],\n                  \"info\": \"R17g`gTQ$\"\n                },\n                {\n                  \"and\": [\n                    {\n                      \"or\": [\n                        {\n                          \"and\": [\n                            \"JXZ5\",\n                            \"YJA62\",\n                            \"JLT3xxJ\",\n                            \"QC901L\"\n                          ]\n                        },\n                        \"OPD7*T\",\n                        \"AR4*41C\"\n                      ]\n                    }\n                  ]\n                },\n                {\n                  \"or\": [\n                    \"QSL8915T\",\n                    \"CB580U\"\n                  ]\n                },\n                {\n                  \"or\": [\n                    \"BK271\",\n                    \"IO7043\",\n                    \"VL2x8W\",\n                    {\n                      \"and\": [\n                        \"PWO6*\",\n                        \"VZ9*T\",\n                        \"QXS36D\",\n                        {\n                          \"and\": [\n                            \"UM48*O\",\n                            {\n                              \"and\": [\n                                \"AZ77P\",\n                                \"IF448\",\n                                \"RFV6\",\n                                \"TK97x2R\"\n                              ]\n                            }\n                          ]\n                        },\n                        {\n                          \"or\": [\n                            \"SP0\",\n                            \"KAMx8*8N\"\n                          ]\n                        }\n                      ]\n                    }\n                  ]\n                },\n                {\n                  \"or\": [\n                    \"RX701K\",\n                    {\n                      \"pattern\": \"OOP8L\",\n                      \"exclude\": [\n                        \"UO6725\"\n                      ],\n                      \"info\": \"Sk3\"\n                    },\n                    \"MC3xO\",\n                    {\n                      \"pattern\": \"FK3105H\",\n                      \"exclude\": \"ADQ73F\",\n                      \"info\": \"gg2Ghf\"\n                    },\n                    {\n                      \"pattern\": \"BU214L\",\n                      \"exclude\": [\n                        \"OJC585E\",\n                        \"XHF6O\",\n                        \"ZN27\",\n                        \"MD2799I\"\n                      ],\n                      \"info\": \"}M:7V\"\n                    }\n                  ]\n                }\n              ]\n            }\n          ],\n          \"satisfy\": [\n            {\n              \"mc\": \"<=63\"\n            },\n            {\n              \"and\": [\n                {\n                  \"or\": [\n                    \"rm?`I#5:\",\n                    {\n                      \"and\": [\n                        {\n                          \"mc\": \">=51\"\n                        },\n                        \"1h+gIaZ-j:\",\n                        {\n                          \"or\": [\n                            \")e9\",\n                            {\n                              \"or\": [\n                                \"G1*_g~S\"\n                              ]\n                            }\n                          ]\n                        }\n                      ]\n                    },\n                    \"o\",\n                    {\n                      \"or\": [\n                        \"10n(]x3\",\n                        {\n                          \"mc\": \"<=195\"\n                        }\n                      ]\n                    }\n                  ]\n                },\n                \"tvulzaafge\"\n              ]\n            }\n          ],\n          \"url\": \"https://krf-j16z.beq5f0m-5vinuaydkkslhyd4teerpu9sizc4.miw9mg5v2sxlb3ytqk5r5.kb\",\n          \"info\": \"E.!IG*\",\n          \"isSelectable\": true\n        }\n      }\n    }\n  },\n  {\n    \"title\": \"block sample 5\",\n    \"value\": {\n      \"name\": \"sb\",\n      \"ay\": 1955,\n      \"assign\": \"F84\",\n      \"match\": [\n        {\n          \"or\": [\n            {\n              \"or\": []\n            }\n          ]\n        },\n        {\n          \"or\": [\n            {\n              \"or\": [\n                \"HA33\"\n              ]\n            },\n            {\n              \"or\": [\n                \"OO6*S\"\n              ]\n            },\n            {\n              \"and\": [\n                {\n                  \"or\": [\n                    {\n                      \"and\": [\n                        \"YU8\",\n                        \"TKZ73L\"\n                      ]\n                    }\n                  ]\n                },\n                {\n                  \"pattern\": \"ZN5483\",\n                  \"exclude\": [],\n                  \"info\": \"Mo~|^i\"\n                },\n                {\n                  \"or\": [\n                    \"SC187S\",\n                    \"HS16\"\n                  ]\n                },\n                \"FB7x09\",\n                \"BKO6E\"\n              ]\n            },\n            {\n              \"and\": [\n                \"FMY319\",\n                {\n                  \"pattern\": \"GD*\",\n                  \"exclude\": [\n                    \"ZQQ*09J\",\n                    \"DWQ5*5L\",\n                    \"NPAx0x9\",\n                    \"NXP806A\",\n                    \"TH42*1K\"\n                  ],\n                  \"info\": \"P;r@Q{SaU?\"\n                },\n                {\n                  \"or\": [\n                    \"FCY3x3x\",\n                    {\n                      \"pattern\": \"MSY8B\"\n                    },\n                    \"ZSD17S\",\n                    {\n                      \"and\": []\n                    }\n                  ]\n                },\n                {\n                  \"or\": []\n                },\n                \"BOP4R\"\n              ]\n            },\n            \"DG013\"\n          ]\n        }\n      ],\n      \"satisfy\": \"{`\",\n      \"url\": \"https://d.6u8p51nqlfv2rsew5yxz8k3z0k8yzvp08xl68wcu89-7mdg9jh3mye0.qnqgf6s07k49p9urb8o781il2w22xl4lb23.byqa/J/:/@ac/F:pzE//+\",\n      \"info\": \"/#\",\n      \"isSelectable\": true,\n      \"U{\": {\n        \"name\": \",\",\n        \"ay\": 1950,\n        \"assign\": [\n          \"Ja\",\n          \"B~y6.DxY\"\n        ],\n        \"match\": [\n          \"PUO0\"\n        ],\n        \"satisfy\": [\n          {\n            \"mc\": \">=6\"\n          },\n          {\n            \"mc\": \">=98\"\n          }\n        ],\n        \"url\": \"https://m.mg1-e8.z.ve-hijfocq5df3s22q6yruoh92x0jwbwdp674mzyj5.zpawmzxy/Me/;a/6gf;d/KG~/%F3%93%AE%87\",\n        \"isSelectable\": true\n      },\n      \"z9 \": {\n        \"name\": \"[W=&&uXz%|\",\n        \"ay\": 2026,\n        \"assign\": \"\",\n        \"match\": [\n          {\n            \"and\": [\n              \"FTL**Y\",\n              {\n                \"or\": []\n              },\n              {\n                \"pattern\": \"NI896\",\n                \"exclude\": \"NV8P\",\n                \"info\": \"CC(c+\"\n              },\n              \"QTE*E\"\n            ]\n          },\n          {\n            \"pattern\": \"MNK121\",\n            \"info\": \"9'Fgec\"\n          }\n        ],\n        \"satisfy\": {\n          \"mc\": \">=129\"\n        },\n        \"url\": \"https://i.vjevbkofdc/T!t/R;q/@%F0%BA%BA%9Er-/%F0%9E%A2%B5)%F3%BE%B9%80Ss;Y%F0%91%BC%98F/T(/5kES%F2%85%B2%AApR%F2%9C%9C%8BU\",\n        \"info\": \"hCh(O00nr\",\n        \"isSelectable\": true,\n        \"_B.\": {\n          \"name\": \"u<\",\n          \"ay\": 2008,\n          \"assign\": [\n            \"~)Oxf\"\n          ],\n          \"match\": [\n            \"TN40T\",\n            {\n              \"or\": [\n                {\n                  \"or\": [\n                    {\n                      \"and\": [\n                        {\n                          \"and\": [\n                            \"WRS99xH\",\n                            \"JGx6\",\n                            \"REX19xZ\"\n                          ]\n                        },\n                        {\n                          \"pattern\": \"XRX5x63R\",\n                          \"exclude\": [],\n                          \"info\": \"a\"\n                        }\n                      ]\n                    },\n                    {\n                      \"and\": [\n                        \"IY1\",\n                        \"GBV1\",\n                        \"TSM3*9\",\n                        \"TJ5N\",\n                        \"IV56L\"\n                      ]\n                    },\n                    {\n                      \"and\": [\n                        \"BSGxx\",\n                        {\n                          \"or\": [\n                            \"QDV0R\"\n                          ]\n                        },\n                        {\n                          \"or\": [\n                            \"DC831\",\n                            {\n                              \"or\": [\n                                \"FBY8x31J\",\n                                \"PT*V\"\n                              ]\n                            },\n                            \"TRY3089I\"\n                          ]\n                        },\n                        {\n                          \"and\": [\n                            \"ITM6\",\n                            {\n                              \"or\": []\n                            },\n                            \"PEG*x5C\"\n                          ]\n                        }\n                      ]\n                    },\n                    \"ILA168\",\n                    {\n                      \"and\": [\n                        {\n                          \"pattern\": \"XUO61\",\n                          \"exclude\": [\n                            \"MN296N\"\n                          ],\n                          \"info\": \"!$-L\"\n                        },\n                        \"QC8\",\n                        \"VJ6X\",\n                        {\n                          \"pattern\": \"QMW248\",\n                          \"exclude\": \"HC*4\",\n                          \"info\": \"*0-]8<cHRS\"\n                        },\n                        \"QA871\"\n                      ]\n                    }\n                  ]\n                },\n                {\n                  \"pattern\": \"HR2K\",\n                  \"info\": \"qd^QI\"\n                }\n              ]\n            },\n            {\n              \"pattern\": \"SNK281A\",\n              \"exclude\": \"WM84V\"\n            },\n            {\n              \"or\": [\n                {\n                  \"pattern\": \"EZJ78*xY\",\n                  \"exclude\": [\n                    \"BWx8\",\n                    \"OI*J\",\n                    \"JDJ28V\"\n                  ],\n                  \"info\": \"Lh#HOK3IH\"\n                },\n                {\n                  \"and\": [\n                    \"QP57\",\n                    \"CTG7026T\"\n                  ]\n                }\n              ]\n            }\n          ],\n          \"satisfy\": {\n            \"or\": [\n              \"\",\n              {\n                \"and\": [\n                  \"l%<_f$|`9\",\n                  \"F|%H\",\n                  {\n                    \"and\": [\n                      \"32WDmzB)Am\",\n                      {\n                        \"or\": [\n                          \"!;W=.\",\n                          {\n                            \"or\": [\n                              \"xrf@h,hON\",\n                              \"2UD\",\n                              \"TS\\\\\"\n                            ]\n                          }\n                        ]\n                      }\n                    ]\n                  }\n                ]\n              }\n            ]\n          },\n          \"info\": \"1eUO1Fu<`\",\n          \"isSelectable\": true\n        }\n      }\n    }\n  },\n  {\n    \"title\": \"block sample 6\",\n    \"value\": {\n      \"name\": \"zQ#Td_\\\"\",\n      \"ay\": 1950,\n      \"match\": [\n        \"UHJ477I\",\n        {\n          \"or\": [\n            {\n              \"or\": []\n            }\n          ]\n        },\n        {\n          \"pattern\": \"ZJx81L\",\n          \"exclude\": [],\n          \"info\": \"3k2'J\"\n        }\n      ],\n      \"satisfy\": {\n        \"or\": [\n          {\n            \"or\": [\n              {\n                \"mc\": \"<=170\"\n              },\n              \"%i=OpZEX\"\n            ]\n          }\n        ]\n      },\n      \"url\": \"http://fycvxj8-54yutg62n.odx8yammz61xxd4v2l84q7ybfj2.6.vncdzgye/afaG55*u/$Q/j@\",\n      \"info\": \"\",\n      \"!yPhPv\": {\n        \"name\": \"F\",\n        \"assign\": [\n          \"(#)X;x\",\n          \"(]\",\n          \"Y4tgz\"\n        ],\n        \"match\": [\n          \"XKT7xX\",\n          \"GZ2285\"\n        ],\n        \"satisfy\": {\n          \"and\": [\n            {\n              \"mc\": \">=68\"\n            },\n            {\n              \"mc\": \"<=100\"\n            },\n            {\n              \"and\": [\n                \"lrbL0x\",\n                \"fR\"\n              ]\n            }\n          ]\n        },\n        \"url\": \"http://5k9zefoetl2olio0eiljw9mryavg5qg6ctnx-d10lxfbzxldq2nq.bfagilpok/N\",\n        \"info\": \"u\",\n        \"isSelectable\": true\n      },\n      \"ByX\": {\n        \"name\": \"um$.U|+u=\",\n        \"ay\": 2026,\n        \"assign\": \"]wT_O0nEg\",\n        \"match\": [],\n        \"satisfy\": \"WP4UKV\",\n        \"url\": \"https://es-vdr7kd6v7ulsjz3jel5lvo4ekjlms.8d-xq7njv52stmqu5opidmgtfb0iw9a0oo.qqgmhrrihljb7ml1jibpasa6v99pakzxjo695wyp0qpkz67.i8f8xmilngkcoiiyw5innfcix8wts0k8dfti.mb//_,m/.%F2%A1%92%BFXcFSu%EE%89%81/u,/P_/$S$/fqt/ANNT7pS\",\n        \"info\": \"c,`p<\",\n        \"isSelectable\": true\n      }\n    }\n  },\n  {\n    \"title\": \"block sample 7\",\n    \"value\": {\n      \"name\": \"A]h,\",\n      \"ay\": 1954,\n      \"assign\": [\n        \"\",\n        \"XK]p\",\n        \"<\",\n        \"]y,K3bK&YT\"\n      ],\n      \"match\": [\n        {\n          \"or\": []\n        },\n        \"GOJxS\",\n        {\n          \"or\": [\n            {\n              \"pattern\": \"IDV1114\",\n              \"exclude\": [\n                \"YSR3x78\"\n              ],\n              \"info\": \"q`W_d#lH\"\n            },\n            {\n              \"pattern\": \"RCI60x\",\n              \"exclude\": [\n                \"AKC8D\",\n                \"IP509\",\n                \"CT31\"\n              ],\n              \"info\": \"|n:H\\\"#/f(\"\n            },\n            {\n              \"or\": [\n                {\n                  \"or\": [\n                    \"GV056I\",\n                    \"TBBx\",\n                    {\n                      \"or\": [\n                        \"QGx*36R\",\n                        \"LD108\",\n                        \"MVM545A\"\n                      ]\n                    }\n                  ]\n                },\n                {\n                  \"and\": [\n                    \"FH3x*J\",\n                    \"VJ1\",\n                    {\n                      \"and\": [\n                        \"IQ93\",\n                        \"VZO60*I\",\n                        {\n                          \"pattern\": \"IV80*\",\n                          \"exclude\": \"QDH96*7W\",\n                          \"info\": \">,E7c\"\n                        },\n                        \"JV42*6U\"\n                      ]\n                    },\n                    \"AL12Z\",\n                    {\n                      \"or\": [\n                        \"SB3Z\",\n                        \"CTxx76G\",\n                        \"AN26\",\n                        \"XT63S\",\n                        \"ETP4\"\n                      ]\n                    }\n                  ]\n                },\n                {\n                  \"and\": []\n                }\n              ]\n            },\n            \"YVB21*8B\"\n          ]\n        }\n      ],\n      \"satisfy\": \"_P\",\n      \"url\": \"https://b7m4orndl5vm15zlhn4b.59cq3.fhuuhwpy\",\n      \"info\": \"xZuFeubkC\",\n      \"isSelectable\": true\n    }\n  },\n  {\n    \"title\": \"block sample 8\",\n    \"value\": {\n      \"name\": \" \",\n      \"ay\": 2029,\n      \"assign\": \"&\",\n      \"match\": \"GMx\",\n      \"satisfy\": [\n        \"`{D=]C03y}\",\n        {\n          \"and\": [\n            {\n              \"and\": [\n                {\n                  \"mc\": \">=195\"\n                },\n                \"f#xK\",\n                \"5cGi5r'\"\n              ]\n            },\n            {\n              \"mc\": \"<=112\"\n            },\n            {\n              \"or\": []\n            }\n          ]\n        },\n        \")wxG0\\\"n \",\n        {\n          \"or\": [\n            {\n              \"and\": [\n                {\n                  \"or\": []\n                },\n                {\n                  \"mc\": \"<=175\"\n                },\n                \"u'&9E\\\"\"\n              ]\n            },\n            {\n              \"and\": []\n            },\n            {\n              \"or\": [\n                \"=Oi,y\"\n              ]\n            },\n            {\n              \"or\": []\n            },\n            \"\"\n          ]\n        }\n      ],\n      \"url\": \"http://gr-p14y2usju6xn83h1phlv5yvupro76bxr8l650k.4wxbgbbvm.e5734wb2t158u1typlrjfdujal-jo23pot.2zd4wvx.uzrozabx/J\",\n      \"isSelectable\": true\n    }\n  },\n  {\n    \"title\": \"block sample 9\",\n    \"value\": {\n      \"name\": \"I_m\\\\p`LN\",\n      \"ay\": 2005,\n      \"assign\": \"gJ\",\n      \"match\": [\n        \"WT64\",\n        {\n          \"and\": [\n            \"EFZ84\"\n          ]\n        },\n        {\n          \"pattern\": \"PF1849S\",\n          \"exclude\": \"SK7H\"\n        }\n      ],\n      \"satisfy\": \"Ag3!Bwp\\\"Y\",\n      \"url\": \"https://abn46hvd5ivwcji3f.u4h.setlvxwt/Sw\",\n      \"info\": \")<S~_e/\",\n      \"isSelectable\": true,\n      \"O=(+qnfa\\\"\": {\n        \"name\": \"db:qgHM^I\",\n        \"ay\": 1951,\n        \"assign\": \"<UcK6$\",\n        \"match\": [\n          {\n            \"or\": [\n              {\n                \"and\": [\n                  \"HB36\",\n                  {\n                    \"and\": [\n                      {\n                        \"or\": [\n                          {\n                            \"and\": []\n                          },\n                          {\n                            \"and\": [\n                              \"MZ70\",\n                              \"TQ**xA\",\n                              \"NXG839\",\n                              \"KBF59x7\",\n                              \"JMA9V\"\n                            ]\n                          },\n                          {\n                            \"or\": [\n                              \"ATR*838\"\n                            ]\n                          }\n                        ]\n                      },\n                      \"TI11\"\n                    ]\n                  },\n                  \"YE4x*D\",\n                  \"NV51\"\n                ]\n              },\n              {\n                \"pattern\": \"SOFx5\",\n                \"exclude\": [\n                  \"LS**\",\n                  \"LNK70U\"\n                ]\n              },\n              {\n                \"or\": [\n                  {\n                    \"pattern\": \"FH2311S\",\n                    \"exclude\": [\n                      \"MLW099D\",\n                      \"AMU34\",\n                      \"LVG889\"\n                    ],\n                    \"info\": \"lj@c(T+\"\n                  },\n                  {\n                    \"or\": [\n                      \"YZ*10\",\n                      \"DVR8x11\",\n                      \"MN*377R\",\n                      \"ORK5K\"\n                    ]\n                  },\n                  \"ZJT76L\",\n                  {\n                    \"or\": [\n                      \"IXB5W\",\n                      \"UH910X\"\n                    ]\n                  },\n                  \"KL6xM\"\n                ]\n              },\n              {\n                \"pattern\": \"VF963Z\",\n                \"exclude\": \"YF7I\",\n                \"info\": \"huO\"\n              }\n            ]\n          },\n          {\n            \"pattern\": \"IJ75\",\n            \"exclude\": \"JC6\",\n            \"info\": \">\"\n          },\n          \"FXx948G\"\n        ],\n        \"satisfy\": {\n          \"and\": [\n            {\n              \"or\": []\n            },\n            {\n              \"and\": [\n                \")o2xVm.E\"\n              ]\n            },\n            \"$w`P<\",\n            {\n              \"mc\": \"<=25\"\n            },\n            {\n              \"and\": [\n                \"Y4UW3\",\n                \"7Mzup?oVJ/\",\n                \"udh2\"\n              ]\n            }\n          ]\n        },\n        \"url\": \"http://4-7y75kq3qs05k53pz6ubp0ie8pg.9rf.c.n5294r1j21v62fwvjr06x5rck06s32yohzhrrl5tgxv24zzpof.repn-x9pyujoxdscyhquvybepj6vbrwzgqk55442z0d0laemezgwwytmr6jvov.wx/iToMHs/L%F3%BE%9F%B4CAqDn/%F3%86%A5%A0wu.M-7!KF/%F1%BC%A5%B5f%F3%9C%86%AA8SRo\",\n        \"info\": \"M&\\\"\",\n        \"isSelectable\": true\n      },\n      \"!.=Srxu+\": {\n        \"assign\": [\n          \"]b^(H[0>.8\",\n          \"\",\n          \"@8\"\n        ],\n        \"match\": {\n          \"pattern\": \"QM*89\",\n          \"exclude\": \"SUx*\",\n          \"info\": \"-_#\"\n        },\n        \"satisfy\": [\n          \"\",\n          {\n            \"and\": [\n              {\n                \"or\": [\n                  \"mkw>Uh#^4\",\n                  \" $m\"\n                ]\n              },\n              {\n                \"and\": [\n                  {\n                    \"or\": [\n                      {\n                        \"or\": [\n                          \"x~\",\n                          {\n                            \"and\": [\n                              \"\",\n                              \")46(V73?l\",\n                              \"\",\n                              \"X3#6_Z6f,A\"\n                            ]\n                          },\n                          {\n                            \"or\": [\n                              \"?wW'umR\",\n                              {\n                                \"and\": []\n                              },\n                              \"[\\\\}Ih:MJ\",\n                              \"3\\\"uJ\"\n                            ]\n                          },\n                          \"XR\",\n                          {\n                            \"or\": [\n                              \"u;zv\",\n                              \"0&\"\n                            ]\n                          }\n                        ]\n                      },\n                      \"\"\n                    ]\n                  },\n                  \"U!i3!O##\"\n                ]\n              }\n            ]\n          },\n          {\n            \"or\": [\n              {\n                \"mc\": \">=200\"\n              },\n              {\n                \"or\": [\n                  {\n                    \"and\": [\n                      \"0\",\n                      {\n                        \"mc\": \">=127\"\n                      },\n                      \"dv.;p:NlF&\"\n                    ]\n                  },\n                  \"s\",\n                  {\n                    \"and\": []\n                  },\n                  {\n                    \"and\": [\n                      \"(\",\n                      \"KEd^jAzdQ \",\n                      {\n                        \"mc\": \">=158\"\n                      }\n                    ]\n                  },\n                  {\n                    \"or\": [\n                      \"(ITP)<ga\",\n                      {\n                        \"or\": [\n                          {\n                            \"mc\": \">=42\"\n                          },\n                          \"dl'Xg1eS\"\n                        ]\n                      },\n                      \"'`Y2.\",\n                      \"\",\n                      \"%h3eP\"\n                    ]\n                  }\n                ]\n              },\n              \"%_O1a\\\\G^\",\n              \"$7eS0X-'vB\"\n            ]\n          }\n        ],\n        \"url\": \"https://0vd11ixy.vceia/c(CYo!/5T.SzP*l5\",\n        \"info\": \"` \"\n      },\n      \"FQEi2am#Z\": {\n        \"name\": \"\",\n        \"ay\": 2027,\n        \"assign\": \"_\",\n        \"match\": {\n          \"or\": [\n            \"QCx5C\",\n            {\n              \"pattern\": \"MPI2849O\",\n              \"exclude\": \"YBV3\",\n              \"info\": \"V}Hx\"\n            },\n            \"PJF33\",\n            \"HV61\",\n            \"IE205N\"\n          ]\n        },\n        \"url\": \"http://evvwpqtmjzjrhhbmf.5gqeixb0qs-1ariogf.iv2e2btepqu080jzwna4qp44756z0ha5sefg.orkxs/7G_%F3%AC%B4%A14&/1JtyUcDp/~2BFK%F2%AD%A2%B2CQz/-e;KW%F0%B1%AB%A0*JA5/utS1$/ca4/%F3%99%B5%B3V/m%F0%BE%91%8B\",\n        \"info\": \"\",\n        \"isSelectable\": true\n      }\n    }\n  }\n]",
              "code": "(0, fast_check_1.sample)(index_test_2.block, 10).forEach((sample, i) => (0, addContext_1.default)(this, {\n    title: `block sample ${i}`,\n    value: sample,\n}));\nreturn (0, fast_check_1.assert)((0, fast_check_1.property)(index_test_2.block, ajvValidate));",
              "err": {},
              "uuid": "58af7686-6456-4a1d-a4d0-2747d9e0270f",
              "parentUUID": "4aa9394a-4d3f-4cf1-85c1-28d77c4ec894",
              "isHook": false,
              "skipped": false
            },
            {
              "title": "should not validate non-object",
              "fullTitle": "blockSchema should not validate non-object",
              "timedOut": false,
              "duration": 1,
              "state": "passed",
              "speed": "fast",
              "pass": true,
              "fail": false,
              "pending": false,
              "context": null,
              "code": "const error = {\n    instancePath: \"\",\n    message: \"block should be an object\",\n};\nisInvalidBlock(null, error);\nisInvalidBlock(undefined, error);\nisInvalidBlock(10, error);\nisInvalidBlock([12, 24], error);\nisInvalidBlock(\"abc\", error);",
              "err": {},
              "uuid": "c9f5343b-73ec-425b-8969-64f7b2fb2b08",
              "parentUUID": "4aa9394a-4d3f-4cf1-85c1-28d77c4ec894",
              "isHook": false,
              "skipped": false
            },
            {
              "title": "should not validate block with invalid properties",
              "fullTitle": "blockSchema should not validate block with invalid properties",
              "timedOut": false,
              "duration": 1,
              "state": "passed",
              "speed": "fast",
              "pass": true,
              "fail": false,
              "pending": false,
              "context": null,
              "code": "isInvalidBlock({\n        name: { foo: \"bar\" },\n        ay: -1000,\n        assign: {},\n        match: 1,\n        satisfy: 2,\n        url: { abc: \"def\" },\n        info: 42,\n        isSelectable: 32,\n    }, { instancePath: \"/name\", message: \"property 'name' should be a string\" }, {\n        instancePath: \"/ay\",\n        message: \"property 'ay' should be a positive integer\",\n    }, {\n        instancePath: \"/assign\",\n        message: \"property 'assign' should be either a block ID or an array of block IDs\",\n    }, {\n        instancePath: \"/match\",\n        message: \"property 'match' should be either a match rule or an array of match rules\",\n    }, {\n        instancePath: \"/satisfy\",\n        message: \"property 'satisfy' should be either a satisfy rule or an array of satisfy rules\",\n    }, { instancePath: \"/url\", message: \"property 'url' should be a string\" }, { instancePath: \"/info\", message: \"property 'info' should be a string\" }, {\n        instancePath: \"/isSelectable\",\n        message: \"property 'isSelectable' should be a boolean\",\n    })",
              "err": {},
              "uuid": "24584f83-b44f-4b1c-a272-905be4f20da7",
              "parentUUID": "4aa9394a-4d3f-4cf1-85c1-28d77c4ec894",
              "isHook": false,
              "skipped": false
            }
          ],
          "suites": [],
          "passes": [
            "58af7686-6456-4a1d-a4d0-2747d9e0270f",
            "c9f5343b-73ec-425b-8969-64f7b2fb2b08",
            "24584f83-b44f-4b1c-a272-905be4f20da7"
          ],
          "failures": [],
          "pending": [],
          "skipped": [],
          "duration": 104,
          "root": false,
          "rootEmpty": false,
          "_timeout": 2000
        },
        {
          "uuid": "e49db1ca-ed7a-46cf-a55e-ebcac7047e4d",
          "title": "patternToRE",
          "fullFile": "/home/runner/work/planwithus-lib/planwithus-lib/src/matchRule/pattern/satisfiers.test.ts",
          "file": "/src/matchRule/pattern/satisfiers.test.ts",
          "beforeHooks": [],
          "afterHooks": [],
          "tests": [
            {
              "title": "should match valid modules with a single pattern",
              "fullTitle": "patternToRE should match valid modules with a single pattern",
              "timedOut": false,
              "duration": 13,
              "state": "passed",
              "speed": "fast",
              "pass": true,
              "fail": false,
              "pending": false,
[...]
              "fullTitle": "inequalitySatisfier should truncate list of modules with upper bound of MCs at exact cutoff if total MC count is higher and there exists some starting sequence with exact MC count",
              "timedOut": false,
              "duration": 0,
              "state": "passed",
              "speed": "fast",
              "pass": true,
              "fail": false,
              "pending": false,
              "context": null,
              "code": "const satisfier = (0, satisfiers_1.inequalitySatisfier)(ref, \"<=16\");\nsatisfier.should.have.property(\"filter\");\nconst { filter } = satisfier;\nisCorrectFilter(filter, modulesList1, [\n    \"CS2100\",\n    \"GER1000\",\n    \"CS2040S\",\n    \"ST2131\",\n]);",
              "err": {},
              "uuid": "1e3d5d51-40a7-4894-96a3-582bc5f715a8",
              "parentUUID": "d95166b1-a124-4a31-8a3c-f0331804c7e6",
              "isHook": false,
              "skipped": false
            },
            {
              "title": "should truncate list of modules with upper bound of MCs, cutting off at the minimum starting sequence that exceeds upper bound, if total MC count is higher and there exists no starting sequence with exact MC count",
              "fullTitle": "inequalitySatisfier should truncate list of modules with upper bound of MCs, cutting off at the minimum starting sequence that exceeds upper bound, if total MC count is higher and there exists no starting sequence with exact MC count",
              "timedOut": false,
              "duration": 0,
              "state": "passed",
              "speed": "fast",
              "pass": true,
              "fail": false,
              "pending": false,
              "context": null,
              "code": "const satisfier = (0, satisfiers_1.inequalitySatisfier)(ref, \"<=17\");\nsatisfier.should.have.property(\"filter\");\nconst { filter } = satisfier;\nisCorrectFilter(filter, modulesList1, [\n    \"CS2100\",\n    \"GER1000\",\n    \"CS2040S\",\n    \"ST2131\",\n    \"MA1521\",\n]);",
              "err": {},
              "uuid": "45ae84ae-f43b-4959-89e0-ff2b39572621",
              "parentUUID": "d95166b1-a124-4a31-8a3c-f0331804c7e6",
              "isHook": false,
              "skipped": false
            }
          ],
          "suites": [],
          "passes": [
            "fd0ae371-c22f-4fcd-841c-e60498ccb692",
            "ba9aac11-3410-43a0-923d-94b7a9df366b",
            "5d1e539b-185d-4006-a1ec-bae15fc90b46",
            "9adc8dac-ae56-401f-86d9-a8e7ce69cdc2",
            "fc2e5938-d3e5-4de2-8cc1-772f50b92650",
            "1e3d5d51-40a7-4894-96a3-582bc5f715a8",
            "45ae84ae-f43b-4959-89e0-ff2b39572621"
          ],
          "failures": [],
          "pending": [],
          "skipped": [],
          "duration": 2,
          "root": false,
          "rootEmpty": false,
          "_timeout": 2000
        },
        {
          "uuid": "ac5e435d-c04a-474b-9ac5-968c69b88623",
          "title": "inequalitySchema",
          "fullFile": "/home/runner/work/planwithus-lib/planwithus-lib/src/satisfyRule/inequality/schemas.test.ts",
          "file": "/src/satisfyRule/inequality/schemas.test.ts",
          "beforeHooks": [],
          "afterHooks": [],
          "tests": [
            {
              "title": "should validate inequality in the form <=n or >=n",
              "fullTitle": "inequalitySchema should validate inequality in the form <=n or >=n",
              "timedOut": false,
              "duration": 1,
              "state": "passed",
              "speed": "fast",
              "pass": true,
              "fail": false,
              "pending": false,
              "context": "[\n  {\n    \"title\": \"inequality sample 0\",\n    \"value\": \">=198\"\n  },\n  {\n    \"title\": \"inequality sample 1\",\n    \"value\": \"<=3\"\n  },\n  {\n    \"title\": \"inequality sample 2\",\n    \"value\": \"<=12\"\n  },\n  {\n    \"title\": \"inequality sample 3\",\n    \"value\": \"<=199\"\n  },\n  {\n    \"title\": \"inequality sample 4\",\n    \"value\": \">=1\"\n  },\n  {\n    \"title\": \"inequality sample 5\",\n    \"value\": \"<=6\"\n  },\n  {\n    \"title\": \"inequality sample 6\",\n    \"value\": \"<=122\"\n  },\n  {\n    \"title\": \"inequality sample 7\",\n    \"value\": \">=52\"\n  },\n  {\n    \"title\": \"inequality sample 8\",\n    \"value\": \"<=2\"\n  },\n  {\n    \"title\": \"inequality sample 9\",\n    \"value\": \"<=61\"\n  }\n]",
              "code": "(0, fast_check_1.sample)(index_test_2.inequality, 10).forEach((sample, i) => (0, addContext_1.default)(this, {\n    title: `inequality sample ${i}`,\n    value: sample,\n}));\nreturn (0, fast_check_1.assert)((0, fast_check_1.property)(index_test_2.inequality, ajvValidate));",
              "err": {},
              "uuid": "24465614-62ca-412d-a074-d703b3190ff7",
              "parentUUID": "ac5e435d-c04a-474b-9ac5-968c69b88623",
              "isHook": false,
              "skipped": false
            },
            {
              "title": "should not validate inequality of invalid form",
              "fullTitle": "inequalitySchema should not validate inequality of invalid form",
              "timedOut": false,
              "duration": 1,
              "state": "passed",
              "speed": "fast",
              "pass": true,
              "fail": false,
              "pending": false,
              "context": null,
              "code": "[\n        \"\",\n        \"==23\",\n        \"23\",\n        \"<23\",\n        \">23\",\n        \"<=-1\",\n        \">=-1\",\n        \"<= 2\",\n        \">= 1\",\n        \"> 3\",\n        \"< 3\",\n        \"<=3a\",\n        \">=3a\",\n        \"a<=3\",\n        \"a>=3\",\n    ].forEach(isInvalidInequality)",
              "err": {},
              "uuid": "5abc3221-7c11-47ab-b744-d750a1d75c27",
              "parentUUID": "ac5e435d-c04a-474b-9ac5-968c69b88623",
              "isHook": false,
              "skipped": false
            }
          ],
          "suites": [],
          "passes": [
            "24465614-62ca-412d-a074-d703b3190ff7",
            "5abc3221-7c11-47ab-b744-d750a1d75c27"
          ],
          "failures": [],
          "pending": [],
          "skipped": [],
          "duration": 2,
          "root": false,
          "rootEmpty": false,
          "_timeout": 2000
        },
        {
          "uuid": "23ea895e-aaca-4f4e-9d73-c5e59e754e93",
          "title": "satisfyRuleSchema",
          "fullFile": "/home/runner/work/planwithus-lib/planwithus-lib/src/satisfyRule/schemas.test.ts",
          "file": "/src/satisfyRule/schemas.test.ts",
          "beforeHooks": [],
          "afterHooks": [],
          "tests": [
            {
              "title": "should validate satisfy rule with valid block id",
              "fullTitle": "satisfyRuleSchema should validate satisfy rule with valid block id",
              "timedOut": false,
              "duration": 1,
              "state": "passed",
              "speed": "fast",
              "pass": true,
              "fail": false,
              "pending": false,
              "context": null,
              "code": "0, fast_check_1.assert)((0, fast_check_1.property)((0, fast_check_1.string)(), ajvValidate)",
              "err": {},
              "uuid": "449b73b6-e9b9-4421-85d6-1b105f61f8cb",
              "parentUUID": "23ea895e-aaca-4f4e-9d73-c5e59e754e93",
              "isHook": false,
              "skipped": false
            },
            {
              "title": "should validate satisfy rules with valid mc",
              "fullTitle": "satisfyRuleSchema should validate satisfy rules with valid mc",
              "timedOut": false,
              "duration": 1,
              "state": "passed",
              "speed": "fast",
              "pass": true,
              "fail": false,
              "pending": false,
              "context": "[\n  {\n    \"title\": \"mcSatisfyRule sample 0\",\n    \"value\": {\n      \"mc\": \">=186\"\n    }\n  },\n  {\n    \"title\": \"mcSatisfyRule sample 1\",\n    \"value\": {\n      \"mc\": \"<=119\"\n    }\n  },\n  {\n    \"title\": \"mcSatisfyRule sample 2\",\n    \"value\": {\n      \"mc\": \"<=4\"\n    }\n  },\n  {\n    \"title\": \"mcSatisfyRule sample 3\",\n    \"value\": {\n      \"mc\": \"<=1\"\n    }\n  },\n  {\n    \"title\": \"mcSatisfyRule sample 4\",\n    \"value\": {\n      \"mc\": \">=48\"\n    }\n  },\n  {\n    \"title\": \"mcSatisfyRule sample 5\",\n    \"value\": {\n      \"mc\": \"<=55\"\n    }\n  },\n  {\n    \"title\": \"mcSatisfyRule sample 6\",\n    \"value\": {\n      \"mc\": \">=2\"\n    }\n  },\n  {\n    \"title\": \"mcSatisfyRule sample 7\",\n    \"value\": {\n      \"mc\": \">=107\"\n    }\n  },\n  {\n    \"title\": \"mcSatisfyRule sample 8\",\n    \"value\": {\n      \"mc\": \">=79\"\n    }\n  },\n  {\n    \"title\": \"mcSatisfyRule sample 9\",\n    \"value\": {\n      \"mc\": \">=90\"\n    }\n  }\n]",
              "code": "(0, fast_check_1.sample)(index_test_2.mcSatisfyRule, 10).forEach((sample, i) => (0, addContext_1.default)(this, {\n    title: `mcSatisfyRule sample ${i}`,\n    value: sample,\n}));\nreturn (0, fast_check_1.assert)((0, fast_check_1.property)(index_test_2.mcSatisfyRule, ajvValidate));",
              "err": {},
              "uuid": "756e8781-68d5-47fe-97d8-444c67383c6a",
              "parentUUID": "23ea895e-aaca-4f4e-9d73-c5e59e754e93",
              "isHook": false,
              "skipped": false
            },
            {
              "title": "should validate valid recursive satisfy rules",
              "fullTitle": "satisfyRuleSchema should validate valid recursive satisfy rules",
              "timedOut": false,
              "duration": 3,
              "state": "passed",
              "speed": "fast",
              "pass": true,
              "fail": false,
              "pending": false,
              "context": "[\n  {\n    \"title\": \"satisfyRule sample 0\",\n    \"value\": {\n      \"or\": [\n        {\n          \"or\": [\n            \";[\",\n            {\n              \"and\": [\n                {\n                  \"or\": [\n                    \"EnnbxK(\",\n                    \"\\\"\",\n                    \"g:\",\n                    \"/O?S%a<2Y-\"\n                  ]\n                }\n              ]\n            },\n            {\n              \"mc\": \">=29\"\n            },\n            \"\",\n            \"KGB\\\\u@\"\n          ]\n        },\n        {\n          \"mc\": \"<=55\"\n        }\n      ]\n    }\n  },\n  {\n    \"title\": \"satisfyRule sample 1\",\n    \"value\": {\n      \"and\": [\n        {\n          \"mc\": \"<=71\"\n        },\n        \"&&\"\n      ]\n    }\n  },\n  {\n    \"title\": \"satisfyRule sample 2\",\n    \"value\": {\n      \"and\": [\n        {\n          \"mc\": \"<=44\"\n        },\n        {\n          \"or\": [\n            \"\",\n            {\n              \"or\": []\n            },\n            {\n              \"and\": [\n                {\n                  \"or\": [\n                    \"[*{d<ocT\",\n                    {\n                      \"and\": []\n                    },\n                    \"bSv>`v>Nl|\"\n                  ]\n                },\n                \"\\\"tk=n^Y j\"\n              ]\n            },\n            {\n              \"and\": []\n            },\n            \"}\"\n          ]\n        },\n        \"\",\n        \"lNG+ \",\n        \"u\"\n      ]\n    }\n  },\n  {\n    \"title\": \"satisfyRule sample 3\",\n    \"value\": {\n      \"mc\": \">=60\"\n    }\n  },\n  {\n    \"title\": \"satisfyRule sample 4\",\n    \"value\": \"!&\\\\\"\n  },\n  {\n    \"title\": \"satisfyRule sample 5\",\n    \"value\": {\n      \"or\": [\n        {\n          \"and\": [\n            \"t\",\n            \"C^,dt(C\"\n          ]\n        }\n      ]\n    }\n  },\n  {\n    \"title\": \"satisfyRule sample 6\",\n    \"value\": {\n      \"or\": [\n        {\n          \"mc\": \">=35\"\n        },\n        \"N_>@??7zm\",\n        {\n          \"and\": [\n            {\n              \"mc\": \"<=160\"\n            },\n            \"0\\\"nv;;XlO\"\n          ]\n        }\n      ]\n    }\n  },\n  {\n    \"title\": \"satisfyRule sample 7\",\n    \"value\": {\n      \"mc\": \"<=6\"\n    }\n  },\n  {\n    \"title\": \"satisfyRule sample 8\",\n    \"value\": {\n      \"mc\": \">=3\"\n    }\n  },\n  {\n    \"title\": \"satisfyRule sample 9\",\n    \"value\": {\n      \"and\": [\n        {\n          \"mc\": \"<=29\"\n        },\n        {\n          \"or\": [\n            {\n              \"or\": [\n                {\n                  \"and\": []\n                },\n                \"\",\n                \"R.?/\\\"4^JV^\",\n                \"K\"\n              ]\n            },\n            \"p4jN;w,BVy\",\n            \"tUf\",\n            \"Ky$AfRKG<}\",\n            {\n              \"and\": [\n                \"?i;IBMMH\"\n              ]\n            }\n          ]\n        },\n        {\n          \"mc\": \"<=143\"\n        }\n      ]\n    }\n  }\n]",
              "code": "(0, fast_check_1.sample)(index_test_2.satisfyRule, 10).forEach((sample, i) => (0, addContext_1.default)(this, {\n    title: `satisfyRule sample ${i}`,\n    value: sample,\n}));\nreturn (0, fast_check_1.assert)((0, fast_check_1.property)(index_test_2.satisfyRule, ajvValidate));",
              "err": {},
              "uuid": "3ff47e6d-e3b9-42f3-a222-2d3cc48b1dd7",
              "parentUUID": "23ea895e-aaca-4f4e-9d73-c5e59e754e93",
              "isHook": false,
              "skipped": false
            },
            {
              "title": "should not validate non-string/object",
              "fullTitle": "satisfyRuleSchema should not validate non-string/object",
              "timedOut": false,
              "duration": 1,
              "state": "passed",
              "speed": "fast",
              "pass": true,
              "fail": false,
              "pending": false,
              "context": null,
              "code": "const error = {\n    instancePath: \"\",\n    message: \"satisfy rule should be either a string or an object\",\n};\nisInvalidRule(null, error);\nisInvalidRule(undefined, error);\nisInvalidRule(10, error);\nisInvalidRule([12, 24], error);",
              "err": {},
              "uuid": "2ed1bb6e-44fb-4d07-9fce-c675c53ddd6f",
              "parentUUID": "23ea895e-aaca-4f4e-9d73-c5e59e754e93",
              "isHook": false,
              "skipped": false
            },
            {
              "title": "should not validate satisfy rules with extra properties",
              "fullTitle": "satisfyRuleSchema should not validate satisfy rules with extra properties",
              "timedOut": false,
              "duration": 1,
              "state": "passed",
              "speed": "fast",
              "pass": true,
              "fail": false,
              "pending": false,
              "context": null,
              "code": "isInvalidRule({\n        and: [\n            { or: [\"2k\"], abc: \"def\" },\n            { mc: 8, ghi: \"jkl\" },\n        ],\n        mno: \"pqr\",\n    }, {\n        instancePath: \"/and/0\",\n        message: \"or satisfy rule should have property 'or' only\",\n    }, {\n        instancePath: \"/and/1\",\n        message: \"MC satisfy rule should have property 'mc' only\",\n    }, {\n        instancePath: \"\",\n        message: \"and satisfy rule should have property 'and' only\",\n    })",
              "err": {},
              "uuid": "fcef2cf2-e871-4eff-af10-e301826b6456",
              "parentUUID": "23ea895e-aaca-4f4e-9d73-c5e59e754e93",
              "isHook": false,
              "skipped": false
            },
            {
              "title": "should not validate ambiguous satisfy rules",
              "fullTitle": "satisfyRuleSchema should not validate ambiguous satisfy rules",
              "timedOut": false,
              "duration": 0,
              "state": "passed",
              "speed": "fast",
              "pass": true,
              "fail": false,
              "pending": false,
              "context": null,
              "code": "const message = \"satisfy rule should have only one of properties 'mc', 'and', 'or'\";\nisInvalidRule({\n    or: [\n        { mc: 5, and: [\"CS2040\"] },\n        { and: [{ and: [\"abc\"], or: [\"def\"] }] },\n    ],\n}, { instancePath: \"/or/0\", message }, { instancePath: \"/or/1/and/0\", message });",
              "err": {},
              "uuid": "d368f4b2-e2f8-4e39-ad8b-27c3b7b5e947",
              "parentUUID": "23ea895e-aaca-4f4e-9d73-c5e59e754e93",
              "isHook": false,
              "skipped": false
            },
            {
              "title": "should not validate and satisfy rules with non-array property",
              "fullTitle": "satisfyRuleSchema should not validate and satisfy rules with non-array property",
              "timedOut": false,
              "duration": 0,
              "state": "passed",
              "speed": "fast",
              "pass": true,
              "fail": false,
              "pending": false,
              "context": null,
              "code": "const message = \"property 'and' should be an array of satisfy rules\";\nisInvalidRule({ or: [{ and: {} }, { or: [{ and: 3 }] }] }, { instancePath: \"/or/0/and\", message }, { instancePath: \"/or/1/or/0/and\", message });",
              "err": {},
              "uuid": "e31f20b4-2ffd-41da-8b4d-c1032920bc8e",
              "parentUUID": "23ea895e-aaca-4f4e-9d73-c5e59e754e93",
              "isHook": false,
              "skipped": false
            },
            {
              "title": "should not validate or satisfy rules with non-array property",
              "fullTitle": "satisfyRuleSchema should not validate or satisfy rules with non-array property",
              "timedOut": false,
              "duration": 0,
              "state": "passed",
              "speed": "fast",
              "pass": true,
              "fail": false,
              "pending": false,
              "context": null,
              "code": "const message = \"property 'or' should be an array of satisfy rules\";\nisInvalidRule({ and: [{ or: {} }, { and: [{ or: 3 }] }] }, { instancePath: \"/and/0/or\", message }, { instancePath: \"/and/1/and/0/or\", message });",
              "err": {},
              "uuid": "dada49f8-ca92-4521-89db-9274d39d9493",
              "parentUUID": "23ea895e-aaca-4f4e-9d73-c5e59e754e93",
              "isHook": false,
              "skipped": false
            }
          ],
          "suites": [],
          "passes": [
            "449b73b6-e9b9-4421-85d6-1b105f61f8cb",
            "756e8781-68d5-47fe-97d8-444c67383c6a",
            "3ff47e6d-e3b9-42f3-a222-2d3cc48b1dd7",
            "2ed1bb6e-44fb-4d07-9fce-c675c53ddd6f",
            "fcef2cf2-e871-4eff-af10-e301826b6456",
            "d368f4b2-e2f8-4e39-ad8b-27c3b7b5e947",
            "e31f20b4-2ffd-41da-8b4d-c1032920bc8e",
            "dada49f8-ca92-4521-89db-9274d39d9493"
          ],
          "failures": [],
          "pending": [],
          "skipped": [],
          "duration": 7,
          "root": false,
          "rootEmpty": false,
          "_timeout": 2000
        }
      ],
      "passes": [],
      "failures": [],
      "pending": [],
      "skipped": [],
      "duration": 0,
      "root": true,
      "rootEmpty": true,
      "_timeout": 2000
    }
  ],
  "meta": {
    "mocha": {
      "version": "9.1.4"
    },
    "mochawesome": {
      "options": {
        "quiet": false,
        "reportFilename": "mochawesome",
        "saveHtml": true,
        "saveJson": true,
        "consoleReporter": "spec",
        "useInlineDiffs": false,
        "code": true
      },
      "version": "7.0.1"
    },
    "marge": {
      "options": {
        "reportDir": "docs"
      },
      "version": "6.0.1"
    }
  }
}