{
  "stats": {
    "suites": 6,
    "tests": 29,
    "passes": 29,
    "pending": 0,
    "failures": 0,
    "start": "2021-06-25T14:50:30.829Z",
    "end": "2021-06-25T14:50:31.119Z",
    "duration": 290,
    "testsRegistered": 29,
    "passPercent": 100,
    "pendingPercent": 0,
    "other": 0,
    "hasOther": false,
    "skipped": 0,
    "hasSkipped": false
  },
  "results": [
    {
      "uuid": "10e6c08d-5d3d-4013-98c5-b992584c880f",
      "title": "",
      "fullFile": "",
      "file": "",
      "beforeHooks": [],
      "afterHooks": [],
      "tests": [],
      "suites": [
        {
          "uuid": "48757a45-6ea1-4569-900e-32909f076e98",
          "title": "initDirectories",
          "fullFile": "/home/runner/work/planwithus-lib/planwithus-lib/src/block/schemas.test.ts",
          "file": "/src/block/schemas.test.ts",
          "beforeHooks": [],
          "afterHooks": [],
          "tests": [
            {
              "title": "should parse all blocks with no errors",
              "fullTitle": "initDirectories should parse all blocks with no errors",
              "timedOut": false,
              "duration": 3,
              "state": "passed",
              "speed": "fast",
              "pass": true,
              "fail": false,
              "pending": false,
              "context": null,
              "code": "_1.initDirectories.should.not.throw()",
              "err": {},
              "uuid": "3af116cd-7c71-460f-b929-1fc8a4274003",
              "parentUUID": "48757a45-6ea1-4569-900e-32909f076e98",
              "isHook": false,
              "skipped": false
            },
            {
              "title": "should produce primary, second & minor directories",
              "fullTitle": "initDirectories should produce primary, second & minor directories",
              "timedOut": false,
              "duration": 49,
              "state": "passed",
              "speed": "medium",
              "pass": true,
              "fail": false,
              "pending": false,
              "context": null,
              "code": "const directories = await _1.initDirectories();\ndirectories.should.have.property(\"primary\");\ndirectories.should.have.property(\"second\");\ndirectories.should.have.property(\"minor\");",
              "err": {},
              "uuid": "4fa86065-e849-4465-9c28-5b5c8a859799",
              "parentUUID": "48757a45-6ea1-4569-900e-32909f076e98",
              "isHook": false,
              "skipped": false
            }
          ],
          "suites": [],
          "passes": [
            "3af116cd-7c71-460f-b929-1fc8a4274003",
            "4fa86065-e849-4465-9c28-5b5c8a859799"
          ],
          "failures": [],
          "pending": [],
          "skipped": [],
          "duration": 52,
          "root": false,
          "rootEmpty": false,
          "_timeout": 2000
        },
        {
          "uuid": "6bd270fd-f146-443f-8054-ed98cd5503a6",
          "title": "blockSchema",
          "fullFile": "/home/runner/work/planwithus-lib/planwithus-lib/src/block/schemas.test.ts",
          "file": "/src/block/schemas.test.ts",
          "beforeHooks": [],
          "afterHooks": [],
          "tests": [
            {
              "title": "should validate valid block",
              "fullTitle": "blockSchema should validate valid block",
              "timedOut": false,
              "duration": 176,
              "state": "passed",
              "speed": "slow",
              "pass": true,
              "fail": false,
              "pending": false,
              "context": "[\n  {\n    \"title\": \"block sample 0\",\n    \"value\": {\n      \"name\": \"\",\n      \"ay\": 1996,\n      \"assign\": \"R \",\n      \"match\": [],\n      \"satisfy\": {\n        \"or\": [\n          \"B9$\",\n          {\n            \"or\": [\n              \"6\"\n            ]\n          },\n          {\n            \"mc\": \">=5\"\n          }\n        ]\n      },\n      \"url\": \"https://2l4b6smwl72ca8jzt5fhep1tc.ifvqw99ldemrnvglmbexeq243u4farz-d.cdrd/_//(2Jb/my%E2%BE%80/d%F3%BB%BC%B3lZtyX(/xuz1%F1%91%95%89$%E3%A2%A9gDR/Havm/iu+/BCgs=/=%F1%BA%B0%A0\",\n      \"info\": \"\",\n      \"}Z\": {\n        \"ay\": 1955,\n        \"assign\": [],\n        \"match\": [\n          {\n            \"or\": []\n          },\n          {\n            \"and\": [\n              {\n                \"or\": [\n                  \"CFZx87*\",\n                  \"GK9L\",\n                  \"EZ663X\",\n                  \"IH910\"\n                ]\n              },\n              {\n                \"or\": []\n              }\n            ]\n          },\n          {\n            \"and\": [\n              {\n                \"or\": [\n                  {\n                    \"or\": [\n                      \"YYW1\",\n                      \"GY*xI\",\n                      \"IU286T\",\n                      {\n                        \"and\": [\n                          \"BV605\",\n                          \"FP*\"\n                        ]\n                      }\n                    ]\n                  },\n                  \"RR0474B\",\n                  \"YA784\",\n                  {\n                    \"pattern\": \"ITF791W\",\n                    \"exclude\": \"QZ87N\"\n                  },\n                  \"NLO5784Y\"\n                ]\n              },\n              \"OR5\"\n            ]\n          }\n        ],\n        \"satisfy\": {\n          \"mc\": \"<=86\"\n        },\n        \"url\": \"http://gw-2ckcig2pf29.sywkw.mctgltsoe/gY;x%F3%B7%94%B9m/~QO:\",\n        \"info\": \"\"\n      }\n    }\n  },\n  {\n    \"title\": \"block sample 1\",\n    \"value\": {\n      \"name\": \"$\",\n      \"ay\": 2021,\n      \"assign\": [\n        \"kky`&e!\",\n        \"d4I&\"\n      ],\n      \"match\": \"MIQx271\",\n      \"satisfy\": [\n        {\n          \"or\": [\n            \"PI(L\"\n          ]\n        },\n        {\n          \"mc\": \"<=68\"\n        },\n        \"T0T`<;\",\n        {\n          \"mc\": \"<=165\"\n        },\n        {\n          \"or\": [\n            {\n              \"or\": [\n                \"_&tqEc\",\n                \"\"\n              ]\n            },\n            {\n              \"and\": [\n                \"It`{'%]0Bs\",\n                \"Eg:f+^\",\n                \"|P+ovZ=P\",\n                \"\"\n              ]\n            },\n            {\n              \"and\": [\n                {\n                  \"and\": [\n                    \"t`\",\n                    \">`Eu}a\",\n                    \"WA`!UZ\"\n                  ]\n                }\n              ]\n            },\n            {\n              \"or\": [\n                {\n                  \"and\": [\n                    \"Ey!@OtS\",\n                    {\n                      \"and\": [\n                        \"\",\n                        {\n                          \"and\": [\n                            {\n                              \"or\": []\n                            },\n                            \"qVgl7X)\"\n                          ]\n                        }\n                      ]\n                    }\n                  ]\n                },\n                {\n                  \"mc\": \">=158\"\n                }\n              ]\n            }\n          ]\n        }\n      ],\n      \"url\": \"https://mdlcaafme7-ndo6bucb6a8cbui3bmj.gb/nMI/2vt&I%F0%B1%9C%90To)_/2/Ss$6QQT%F3%B3%BD%8C+S\",\n      \"info\": \".h -$}&;\",\n      \"o;G.5X\": {\n        \"name\": \"5<B\",\n        \"assign\": [\n          \"wvlA|(;%9&\",\n          \"Xh\",\n          \"bw|dryl\"\n        ],\n        \"match\": [\n          {\n            \"pattern\": \"JZ12*\",\n            \"info\": \"O>z6}u\"\n          },\n          {\n            \"or\": [\n              {\n                \"and\": [\n                  {\n                    \"or\": []\n                  },\n                  \"SZR*9Q\",\n                  {\n                    \"and\": []\n                  }\n                ]\n              },\n              {\n                \"pattern\": \"TUD85R\",\n                \"exclude\": \"AEZ4G\",\n                \"info\": \"Ds7FH\"\n              },\n              \"UW277x\",\n              {\n                \"or\": [\n                  \"OB32H\",\n                  \"SYI086A\",\n                  {\n                    \"or\": [\n                      \"YCU7*01J\",\n                      {\n                        \"or\": [\n                          \"SI4028E\",\n                          \"MON9x*V\"\n                        ]\n                      },\n                      {\n                        \"pattern\": \"ZZV911\",\n                        \"exclude\": \"SH9*\"\n                      },\n                      \"DZ90x\",\n                      {\n                        \"and\": []\n                      }\n                    ]\n                  },\n                  \"UQ4*\",\n                  \"JG*93P\"\n                ]\n              },\n              {\n                \"pattern\": \"ZBF**\",\n                \"exclude\": [],\n                \"info\": \"h!\"\n              }\n            ]\n          },\n          {\n            \"or\": [\n              {\n                \"or\": [\n                  {\n                    \"and\": [\n                      {\n                        \"pattern\": \"HO*08\",\n                        \"info\": \"\"\n                      }\n                    ]\n                  },\n                  \"QH1\",\n                  \"IE5\",\n                  {\n                    \"pattern\": \"RHN3x12\",\n                    \"exclude\": \"HL261I\",\n                    \"info\": \"dJN*\"\n                  }\n                ]\n              },\n              {\n                \"pattern\": \"SID7F\",\n                \"exclude\": \"ACQ62J\"\n              }\n            ]\n          },\n          \"UK9S\",\n          \"AU73Y\"\n        ],\n        \"satisfy\": [\n          {\n            \"and\": [\n              \"1_qT'C\"\n            ]\n          },\n          \"6\"\n        ],\n        \"url\": \"http://dlzceb8epi2c-7.d8.4.c5-m7adh-r07fcpnclyp2mt3dg.qyqoruuq/2%F3%91%A6%8Dw\",\n        \"info\": \"8>p[\\\"o@{?\"\n      },\n      \"!$!=$zTO|\": {\n        \"name\": \"]\",\n        \"ay\": 1952,\n        \"assign\": [\n          \"\",\n          \"|~Ci-RMB7I\",\n          \"8mm0.\",\n          \"0`jq,g42\"\n        ],\n        \"match\": [\n          {\n            \"and\": [\n              \"JY3575\"\n            ]\n          },\n          {\n            \"pattern\": \"VJ1xR\",\n            \"exclude\": \"HFU*54X\",\n            \"info\": \"_|!\"\n          }\n        ],\n        \"satisfy\": [],\n        \"url\": \"http://9d1b413sukujv66wmbd8a3qp.0.wp2fmvw-s3d5tw2zi71scmcdbfdnff624605dp6ax4tx13p6qwmjsyi3.6uqi.cfdal/%F3%BF%BF%85&d%F1%98%91%84/=)5_/Q//My2k/%F0%AF%80%B5\",\n        \"info\": \"PJ*AD 71\"\n      },\n      \"(!a$_175\": {\n        \"name\": \"\",\n        \"ay\": 1956,\n        \"assign\": [],\n        \"match\": {\n          \"and\": []\n        },\n        \"satisfy\": [\n          {\n            \"mc\": \">=194\"\n          },\n          {\n            \"or\": [\n              \"]hZu.rg*)Q\",\n              \"GRU\",\n              {\n                \"and\": [\n                  {\n                    \"mc\": \"<=115\"\n                  },\n                  \"NXCj\\\\2z7+\",\n                  {\n                    \"mc\": \"<=169\"\n                  },\n                  \"(]feZ[n\",\n                  {\n                    \"or\": [\n                      {\n                        \"mc\": \">=60\"\n                      }\n                    ]\n                  }\n                ]\n              },\n              {\n                \"mc\": \"<=109\"\n              }\n            ]\n          },\n          {\n            \"and\": [\n              {\n                \"mc\": \">=5\"\n              },\n              {\n                \"or\": []\n              }\n            ]\n          }\n        ],\n        \"info\": \"z\\\"c\",\n        \"?\": {\n          \"name\": \"=@\",\n          \"ay\": 2024,\n          \"assign\": [\n            \"n+,SsJ\"\n          ],\n          \"match\": [\n            {\n              \"pattern\": \"MA40\",\n              \"exclude\": \"UFQx433\",\n              \"info\": \"a7vHV_\"\n            },\n            {\n              \"or\": [\n                {\n                  \"and\": [\n                    \"YU5*K\",\n                    {\n                      \"or\": [\n                        {\n                          \"or\": [\n                            \"ZOJ*T\",\n                            \"MR2\",\n                            {\n                              \"pattern\": \"MHD6700\",\n                              \"exclude\": \"WJx938\",\n                              \"info\": \"k\"\n                            },\n                            \"KWO8122\"\n                          ]\n                        },\n                        \"NTT2\"\n                      ]\n                    }\n                  ]\n                },\n                {\n                  \"pattern\": \"KV91\"\n                }\n              ]\n            }\n          ],\n          \"satisfy\": [\n            {\n              \"or\": [\n                {\n                  \"or\": [\n                    {\n                      \"and\": [\n                        \" Y\"\n                      ]\n                    },\n                    \"2Ydu S9ky-\",\n                    \"d*@:N!b\"\n                  ]\n                },\n                {\n                  \"mc\": \"<=55\"\n                },\n                {\n                  \"and\": [\n                    \"e|&r4(*\",\n                    \"hA*wH01t\"\n                  ]\n                },\n                \"\\\\@BZ\",\n                {\n                  \"and\": [\n                    {\n                      \"and\": [\n                        \"t6x\",\n                        \"|\",\n                        \"V'dY>5\",\n                        \"}kT>-|._H\",\n                        \"ff=oP~RbMs\"\n                      ]\n                    },\n                    {\n                      \"mc\": \"<=18\"\n                    },\n                    \"0_9pew\"\n                  ]\n                }\n              ]\n            },\n            {\n              \"and\": [\n                {\n                  \"or\": []\n                },\n                {\n                  \"and\": [\n                    \"JjciY3$qRh\"\n                  ]\n                }\n              ]\n            },\n            \"[Y*q_w>wOW\",\n            {\n              \"or\": [\n                {\n                  \"and\": []\n                }\n              ]\n            }\n          ],\n          \"url\": \"http://6brsw2gtpe6saigg4cyom5f9ackjs6omgyg2h2vjoqo0v9753hfvvl3te0aylw.48c9eec7cw0beheuyawcd2abj.zlbyh/OpG%F3%A0%BA%AA/_2W6&h8/%E9%8D%BCz;Q%F1%AE%9F%803kbeJ/es:D/FYee+V/%F2%88%A1%B7I/E'5mY\",\n          \"info\": \"m}!\\\"\"\n        }\n      },\n      \"0}>}\\\\y\": {\n        \"name\": \"sd\",\n        \"ay\": 1990,\n        \"assign\": [\n          \"jeUJ:\",\n          \"R,~Bw@R:vW\"\n        ],\n        \"satisfy\": {\n          \"mc\": \"<=178\"\n        }\n      }\n    }\n  },\n  {\n    \"title\": \"block sample 2\",\n    \"value\": {\n      \"name\": \"]/^\",\n      \"assign\": \"D7|Ut0P^Y\",\n      \"match\": [\n        {\n          \"or\": [\n            {\n              \"and\": []\n            },\n            {\n              \"pattern\": \"QS20\",\n              \"exclude\": [],\n              \"info\": \"g\"\n            },\n            \"OBW2477\",\n            {\n              \"and\": [\n                \"LN2\",\n                \"MUU42M\",\n                \"XA9*7\"\n              ]\n            },\n            {\n              \"or\": [\n                {\n                  \"and\": [\n                    \"GC16\",\n                    \"ZBH33*3M\"\n                  ]\n                },\n                \"ED71*\"\n              ]\n            }\n          ]\n        },\n        {\n          \"pattern\": \"JPY*90L\",\n          \"exclude\": \"GD*4\",\n          \"info\": \"z8KUg;Z\"\n        },\n        \"KDIx87\",\n        {\n          \"pattern\": \"BHV0\",\n          \"exclude\": [\n            \"SZ*R\",\n            \"AU6922\",\n            \"HSx07\"\n          ],\n          \"info\": \"jkmRP!\"\n        },\n        \"KI02\"\n      ],\n      \"satisfy\": [],\n      \"url\": \"http://dx78eu8naaeaf-undaag7-7d-86p6afd7ad9hq-b8ajdefb5c.ltegdlnuokr54-r04z7z0kc68cv-lst22ubjk3at-7-xraxl22xc.jwzb//V5ddR+yZt%F2%AF%B4%B7/r(kN\",\n      \"info\": \"V$n4#Jxl!\\\"\"\n    }\n  },\n  {\n    \"title\": \"block sample 3\",\n    \"value\": {\n      \"ay\": 1954,\n      \"assign\": [],\n      \"satisfy\": \"t!>:6\",\n      \"url\": \"https://dm6.s.4y.p.feuxt\",\n      \"info\": \"u'Ke{\\\"j\\\"cp\",\n      \"MM2=~g:}2\": {\n        \"name\": \"hd\",\n        \"ay\": 1988,\n        \"match\": [\n          {\n            \"or\": [\n              {\n                \"or\": [\n                  {\n                    \"or\": [\n                      {\n                        \"pattern\": \"EMU074A\",\n                        \"exclude\": [\n                          \"KVJ3\"\n                        ]\n                      },\n                      \"ICPxA\",\n                      {\n                        \"or\": [\n                          \"GFJ934N\",\n                          \"ZWI494xB\",\n                          {\n                            \"pattern\": \"HVQ9512\",\n                            \"exclude\": \"LQE1T\",\n                            \"info\": \"}qoz8pC\"\n                          }\n                        ]\n                      },\n                      \"KLV2*1O\"\n                    ]\n                  },\n                  {\n                    \"and\": [\n                      \"NCV013xE\",\n                      {\n                        \"or\": [\n                          \"ZT5F\",\n                          \"UC8\"\n                        ]\n                      },\n                      \"UMxK\"\n                    ]\n                  },\n                  \"XB3374Y\"\n                ]\n              },\n              {\n                \"and\": []\n              },\n              {\n                \"pattern\": \"ER525\",\n                \"exclude\": [],\n                \"info\": \"u?F&,&AQ\"\n              }\n            ]\n          },\n          \"LIN5*07U\"\n        ],\n        \"satisfy\": [\n          \"E#D+R}2\",\n          {\n            \"or\": [\n              {\n                \"mc\": \"<=199\"\n              }\n            ]\n          }\n        ],\n        \"url\": \"https://sq07ijc4d-bfncqyz3soeev5j9wvdco56dphyl.swhnre6r2ctpg4zttwrtz2yovvijn.kp4v3zrfnwo0hjb2c0y70agd2j-zkud62lel74p5xwf0ehbaqzxbb5854-yj.lcy37ntaur7b6vfwcvkwy4l4mqlce1sqiv7-8j8nxxnzrvxf984.lrcer5hyb5e70hkgvtx9o2sjjt5a70iicprd2jo2l.rbzi/qffS%F1%89%B2%9FrU/tV_/D0%F2%8B%93%8C/=he//,3iiMH%F1%A4%B8%8AtvP/FW:.\"\n      },\n      \"W{!|&%!\": {\n        \"name\": \"\",\n        \"ay\": 1950,\n        \"assign\": [\n          \"\",\n          \"q<\"\n        ],\n        \"match\": {\n          \"and\": []\n        },\n        \"satisfy\": {\n          \"and\": []\n        },\n        \"info\": \"{A\\\"fQ\"\n      }\n    }\n  },\n  {\n    \"title\": \"block sample 4\",\n    \"value\": {\n      \"ay\": 1955,\n      \"match\": \"FC7*9\",\n      \"satisfy\": [\n        {\n          \"and\": [\n            {\n              \"or\": [\n                \"\",\n                {\n                  \"mc\": \">=165\"\n                },\n                \"\"\n              ]\n            },\n            \"35{\",\n            {\n              \"or\": [\n                {\n                  \"mc\": \"<=30\"\n                },\n                \"sVZwpZ2 3(\"\n              ]\n            },\n            {\n              \"and\": [\n                {\n                  \"mc\": \">=29\"\n                },\n                {\n                  \"or\": []\n                },\n                \"K&Z)[}\",\n                \"P !4 ws]m\",\n                \"u]n3%|gXaX\"\n              ]\n            }\n          ]\n        },\n        {\n          \"or\": [\n            {\n              \"or\": [\n                {\n                  \"or\": []\n                },\n                \"w_Lc7/o\"\n              ]\n            },\n            {\n              \"or\": [\n                \"l46?1s<H#\",\n                \"FD\",\n                {\n                  \"mc\": \">=132\"\n                },\n                {\n                  \"or\": []\n                }\n              ]\n            }\n          ]\n        },\n        \"U%4'~.Z4.k\",\n        {\n          \"mc\": \">=18\"\n        },\n        \"cN$cC/'Ke\"\n      ],\n      \"info\": \"\\\"@${z\",\n      \"DgjDEA<\": {\n        \"assign\": [],\n        \"match\": [\n          \"NSV209T\"\n        ],\n        \"satisfy\": {\n          \"and\": []\n        },\n        \"url\": \"https://j.r.e24784x2ajxxw8h5.aldmmj7lfb0fccn4o1e93qwoecyib0kykqpajo6a1dxhlw.f6xsn7swoxz0e4c3v3abmjmzugm-ds3m7.iqmeapse/;Pm/g(Uh/zio7/_W/\",\n        \"info\": \"=Ky~\"\n      },\n      \"|\": {\n        \"name\": \"cbXka)a)\",\n        \"ay\": 1963,\n        \"assign\": \"#t\",\n        \"match\": [\n          {\n            \"and\": [\n              {\n                \"and\": [\n                  \"UET3C\",\n                  {\n                    \"pattern\": \"DMN47\",\n                    \"exclude\": [\n                      \"BPL7\",\n                      \"NGD67\",\n                      \"IM5xG\",\n                      \"PZS41R\"\n                    ],\n                    \"info\": \"\"\n                  },\n                  \"FCA4*84\",\n                  {\n                    \"or\": [\n                      \"EIUx06\"\n                    ]\n                  },\n                  {\n                    \"and\": [\n                      \"AJJ009G\",\n                      {\n                        \"or\": [\n                          \"LF9x3\",\n                          \"EH144\",\n                          \"OAH7\",\n                          \"JE960\"\n                        ]\n                      },\n                      \"CN0\"\n                    ]\n                  }\n                ]\n              },\n              {\n                \"or\": [\n                  {\n                    \"and\": [\n                      \"UO025A\",\n                      \"UFM75xM\"\n                    ]\n                  },\n                  {\n                    \"and\": [\n                      {\n                        \"and\": [\n                          \"DH2\",\n                          \"YKH9O\",\n                          {\n                            \"and\": [\n                              \"NUA*x7\",\n                              \"MCH*968T\",\n                              \"NRA66Z\",\n                              {\n                                \"or\": []\n                              },\n                              \"YD857Q\"\n                            ]\n                          },\n                          \"TVB3372A\",\n                          \"DBB*3\"\n                        ]\n                      },\n                      {\n                        \"or\": [\n                          \"KD998N\",\n                          \"FXM619F\",\n                          \"TKA3\"\n                        ]\n                      },\n                      \"BTI04xA\",\n                      \"EVx*9M\"\n                    ]\n                  }\n                ]\n              }\n            ]\n          }\n        ],\n        \"satisfy\": \"Qx7Lw\",\n        \"*_pd\": {\n          \"name\": \"b 2Cz$U\",\n          \"ay\": 2011,\n          \"match\": [\n            \"NCN6779J\",\n            {\n              \"and\": [\n                {\n                  \"or\": [\n                    {\n                      \"pattern\": \"JKK92L\",\n                      \"exclude\": [\n                        \"QAA3\",\n                        \"DJU1\",\n                        \"RJAx6L\"\n                      ],\n                      \"info\": \"*=.@g$g\\\\\"\n                    },\n                    {\n                      \"pattern\": \"YBE241R\",\n                      \"info\": \"gw\"\n                    }\n                  ]\n                },\n                \"SWO*x06\",\n                \"FAH258\"\n              ]\n            },\n            {\n              \"and\": [\n                {\n                  \"pattern\": \"ZYT9T\",\n                  \"exclude\": [\n                    \"THExI\",\n                    \"ZLM2A\"\n                  ],\n                  \"info\": \"J1O6\"\n                },\n                {\n                  \"or\": [\n                    \"WUJ*5L\",\n                    \"GKW1566\",\n                    {\n                      \"or\": [\n                        \"WWP40x\",\n                        {\n                          \"and\": [\n                            \"OZ70G\",\n                            \"HM1799D\",\n                            \"JWXx\",\n                            \"NG0217D\",\n                            \"CNYx039\"\n                          ]\n                        },\n                        \"VP*L\",\n                        \"FMR1\",\n                        \"HA4\"\n                      ]\n                    }\n                  ]\n                }\n              ]\n            },\n            \"BLD2C\"\n          ],\n          \"satisfy\": [\n            {\n              \"or\": [\n                {\n                  \"or\": [\n                    \")j?\",\n                    {\n                      \"or\": [\n                        \"$CbX'Q\",\n                        \"\"\n                      ]\n                    },\n                    {\n                      \"and\": [\n                        \"#C>}\",\n                        \"Wh!y\",\n                        \" \",\n                        {\n                          \"and\": [\n                            \"~O\",\n                            \"=1nW}:N3\"\n                          ]\n                        },\n                        {\n                          \"or\": [\n                            \"KRWq{!VZ7\",\n                            \"J_D4a|\",\n                            \"S7^HV\",\n                            \">1\"\n                          ]\n                        }\n                      ]\n                    },\n                    {\n                      \"or\": [\n                        \"\",\n                        \">%#)~mU\",\n                        \"nr2j\",\n                        \"7q1Z!y<\"\n                      ]\n                    },\n                    {\n                      \"or\": []\n                    }\n                  ]\n                },\n                {\n                  \"mc\": \"<=16\"\n                }\n              ]\n            },\n            {\n              \"mc\": \"<=110\"\n            }\n          ],\n          \"url\": \"https://9tapvwt79ar5ojn1-5fh.ube\",\n          \"info\": \"\"\n        }\n      },\n      \"IFH\": {\n        \"name\": \"$E!c\",\n        \"ay\": 2024,\n        \"assign\": [\n          \">T^\",\n          \"=maF\\\\ TA9\"\n        ],\n        \"match\": {\n          \"and\": [\n            {\n              \"pattern\": \"LW6V\",\n              \"exclude\": \"RX249M\"\n            }\n          ]\n        },\n        \"satisfy\": \"A=uCGh\",\n        \"url\": \"http://4mxzrl7f0pta2fhhkky9zhrwor0tp88lamblkucfphhesty6cdfhr1xc0.os/i4*6%F3%AE%A9%94&/%F1%A4%95%8F'4%F3%95%96%87/%F2%98%90%82Y7n/SU34KG///r/Xj\",\n        \"info\": \"n!H}UaBEz\"\n      }\n    }\n  },\n  {\n    \"title\": \"block sample 5\",\n    \"value\": {\n      \"name\": \"D\\\"ky[\",\n      \"ay\": 2007,\n      \"assign\": \"k~'\",\n      \"url\": \"https://3x7fc0kpqjw8r3msb-tclb5w8oah6ad0kacxzn1hn7889n.pma4gue3spmeugbf7sr1-s-ol2io8n527z9y6cm9mhw8nxiuhi.p.c2yowxwmmgy7ohkycyidcv.xcd/V6zvUv\"\n    }\n  },\n  {\n    \"title\": \"block sample 6\",\n    \"value\": {\n      \"name\": \"$Bp\",\n      \"assign\": [\n        \" v3\",\n        \"Q\",\n        \"\"\n      ],\n      \"match\": [\n        {\n          \"pattern\": \"NC34J\",\n          \"exclude\": \"IH23U\",\n          \"info\": \"=)V\"\n        },\n        {\n          \"pattern\": \"VRO3531\",\n          \"info\": \"t\"\n        },\n        {\n          \"pattern\": \"PKDx2\",\n          \"exclude\": \"BF5x*\",\n          \"info\": \"g)=zq\"\n        },\n        \"XY5405\",\n        \"QG32x3U\"\n      ],\n      \"satisfy\": {\n        \"mc\": \">=3\"\n      },\n      \"url\": \"https://fw48rn5bb-046wi608hcuad2yqn-71a-17.8wpbge9lijmk4o-1xax.74xuqy5iwztfcysba78v2um0e2eg0-lltz8idjaka8bwp-pdvyc0ugiw945.83xy3r82lxo3q461cfb2yjo65z003qndu7pq1vq9fn6ukyi.79d86kygohthr0ur9e-9827oyfg.iwrdhvrmgh/NuJP%F3%B7%A5%95)/sO%F0%BD%97%95u7/P$-L(,ZG/LX6\",\n      \"[Jx\": {\n        \"name\": \"c:)9|7\",\n        \"ay\": 2020,\n        \"assign\": [\n          \"7!\\\"ld1R\"\n        ],\n        \"url\": \"http://2cl6z9v.3ac7n6rsq-k9flt1rpbcrjadtzgo241duftx5ib3n6o55q0ofqx6yd.77poja.4lxl3px86ss1n8jndpmedryiyfmc4ibd8u7jwxxw6e7oaaa4iktcjigur.xdgls/jq4LZ*Ta/&'p\",\n        \"info\": \"[BQ]>/!E \"\n      }\n    }\n  },\n  {\n    \"title\": \"block sample 7\",\n    \"value\": {\n      \"name\": \"6\",\n      \"ay\": 2028,\n      \"assign\": [],\n      \"match\": \"KKG8\",\n      \"satisfy\": [\n        {\n          \"or\": [\n            {\n              \"mc\": \"<=55\"\n            },\n            \"wcv#rRi\"\n          ]\n        },\n        {\n          \"and\": [\n            \"CaTnw&$\",\n            {\n              \"mc\": \"<=165\"\n            },\n            {\n              \"mc\": \">=175\"\n            },\n            {\n              \"mc\": \"<=15\"\n            },\n            {\n              \"or\": [\n                {\n                  \"mc\": \"<=111\"\n                },\n                \"{5I\"\n              ]\n            }\n          ]\n        }\n      ],\n      \"url\": \"http://niisbqy34yj1wbyf873khw20-3tiabu2ww7na69-qdfosumr.obsbsjxs\",\n      \"info\": \"\",\n      \"!z\": {\n        \"name\": \"}%#\",\n        \"ay\": 1997,\n        \"assign\": \"q&L\",\n        \"match\": [],\n        \"satisfy\": [\n          {\n            \"or\": [\n              \"FPVx1d\\\\APW\",\n              {\n                \"mc\": \"<=200\"\n              }\n            ]\n          }\n        ],\n        \"url\": \"https://vwmxa0p5r5.biccczwlbvqzp8r62gufosaw81dvl06.95dc.sfjkr/~%F2%B0%92%A5t=m3vH*/,J/15L$YpVm+d/g6z/./ef,cw*j8,;\",\n        \"info\": \"9dfCg 3!^\"\n      },\n      \"R/#HRWz#\": {\n        \"name\": \"J.L*,0%rs=\",\n        \"ay\": 2029,\n        \"satisfy\": [\n          {\n            \"or\": [\n              {\n                \"and\": [\n                  \"Zx|CVl;\"\n                ]\n              },\n              {\n                \"or\": [\n                  {\n                    \"or\": [\n                      {\n                        \"mc\": \"<=33\"\n                      },\n                      {\n                        \"or\": []\n                      },\n                      \"|M}gs1&XB>\",\n                      \"z1\",\n                      \"t$\"\n                    ]\n                  },\n                  {\n                    \"and\": []\n                  },\n                  \"ZO\",\n                  {\n                    \"and\": []\n                  },\n                  {\n                    \"and\": [\n                      \"f96<S\"\n                    ]\n                  }\n                ]\n              }\n            ]\n          },\n          {\n            \"and\": [\n              {\n                \"or\": [\n                  {\n                    \"mc\": \"<=130\"\n                  },\n                  \"\",\n                  {\n                    \"mc\": \">=76\"\n                  },\n                  {\n                    \"mc\": \"<=196\"\n                  },\n                  {\n                    \"mc\": \">=132\"\n                  }\n                ]\n              },\n              \"\",\n              {\n                \"and\": [\n                  \"J)XHU.clq\",\n                  \"\\\\{0<T>I\"\n                ]\n              },\n              {\n                \"and\": [\n                  \"\",\n                  {\n                    \"and\": [\n                      \"4|nJ\",\n                      \"C\\\\RFJ[\",\n                      \".(\\\"j\",\n                      {\n                        \"or\": [\n                          \"K,W\",\n                          \"\",\n                          {\n                            \"mc\": \"<=31\"\n                          },\n                          \":\",\n                          {\n                            \"and\": [\n                              \"R*H\",\n                              \"\"\n                            ]\n                          }\n                        ]\n                      }\n                    ]\n                  },\n                  \"H.\",\n                  \"\"\n                ]\n              },\n              {\n                \"or\": [\n                  \"}W\",\n                  \"Y\",\n                  {\n                    \"or\": [\n                      \"I\"\n                    ]\n                  },\n                  \"x^aoy;N[0x\"\n                ]\n              }\n            ]\n          },\n          \"1@A4Z=bj\"\n        ],\n        \"url\": \"https://uexd7eta72fxwwp4p85graunpmx1jjbpawzbmnvc.9rd5wvx11xn-fw-zisvjyzmy2o6-0vrgc3im1mq8bq48.az814vt-50ao8cemuwe9vtf0rt7g9pxpuw0z7z30ipfmvv5hxtyf41wlw3.n.xekumdoquq\",\n        \"info\": \"z&!g!\"\n      },\n      \"|t2{y\": {\n        \"name\": \"v\",\n        \"ay\": 2024,\n        \"assign\": \"@n=k5-\",\n        \"match\": [\n          {\n            \"and\": [\n              {\n                \"or\": [\n                  {\n                    \"pattern\": \"MZ6xV\",\n                    \"exclude\": \"VCN*1\",\n                    \"info\": \"dGJlk[;\"\n                  },\n                  \"VW*O\",\n                  \"NE9G\",\n                  \"AV4x2\"\n                ]\n              }\n            ]\n          }\n        ],\n        \"satisfy\": [\n          {\n            \"or\": [\n              {\n                \"or\": [\n                  \"p<A|Ve^(XO\",\n                  \".\",\n                  \"s\"\n                ]\n              },\n              {\n                \"and\": [\n                  {\n                    \"or\": [\n                      \"1&/x/05bc\",\n                      \"\",\n                      \"<fg@[HFj\"\n                    ]\n                  }\n                ]\n              },\n              \"e\"\n            ]\n          }\n        ],\n        \"url\": \"http://9n-c4wp1fetw9qpiq76d8uyq5jf0ohqdejir12v04e047.btejvmvmay85uo-7c-0xj0cncososjwxhedrf8libuh6g1luohm5zn.vdao//waPb3e;/C%F0%AA%BF%AC90,P=5\",\n        \"info\": \"%5eR#$dp\"\n      }\n    }\n  },\n  {\n    \"title\": \"block sample 8\",\n    \"value\": {\n      \"name\": \"RDvbdf= U\",\n      \"ay\": 1956,\n      \"assign\": [\n        \"vjE?*~};g\",\n        \"62}6LU\"\n      ],\n      \"match\": {\n        \"or\": [\n          \"WK28W\"\n        ]\n      },\n      \"satisfy\": [\n        {\n          \"and\": [\n            \"D)\"\n          ]\n        },\n        {\n          \"and\": [\n            {\n              \"or\": [\n                {\n                  \"and\": [\n                    {\n                      \"mc\": \"<=37\"\n                    },\n                    \"/nZJk4J\",\n                    \"8n.d|\"\n                  ]\n                },\n                {\n                  \"mc\": \"<=176\"\n                },\n                \"nEY}r*diY\",\n                \"qw!bvriY\",\n                {\n                  \"or\": [\n                    \"J{P4>\",\n                    {\n                      \"and\": [\n                        \"\\\\=]\",\n                        \"sk \",\n                        \"mho5Bx\"\n                      ]\n                    },\n                    {\n                      \"and\": [\n                        {\n                          \"or\": [\n                            \"\"\n                          ]\n                        },\n                        \"Qnk@JO\",\n                        \"P\\\"qMfK{\\\"J\",\n                        \"EQ6}?dHX`\\\\\"\n                      ]\n                    }\n                  ]\n                }\n              ]\n            },\n            {\n              \"mc\": \">=200\"\n            },\n            {\n              \"or\": [\n                \"6d2mA\",\n                \"y_nK1,GD$\",\n                {\n                  \"and\": [\n                    {\n                      \"and\": [\n                        \"\\\\,\",\n                        \":Zhz\",\n                        {\n                          \"or\": [\n                            \"\",\n                            \"Y5\",\n                            \"WG1\",\n                            \"Mm$7\",\n                            \"\"\n                          ]\n                        },\n                        \">_oTlk5\",\n                        \"?=jLK1[P\"\n                      ]\n                    },\n                    \"\\\\eo\\\\SB~6s\",\n                    \"\",\n                    \"<?\"\n                  ]\n                },\n                \"B4jkn5 >>V\",\n                {\n                  \"or\": [\n                    \"+zs~nz\\\"`\",\n                    \">y@<n6<\",\n                    {\n                      \"mc\": \"<=15\"\n                    },\n                    \"Z\"\n                  ]\n                }\n              ]\n            }\n          ]\n        }\n      ],\n      \"url\": \"http://3745ncf-li5c83qabcurm98dntn.wcjae\",\n      \"info\": \"u~e\"\n    }\n  },\n  {\n    \"title\": \"block sample 9\",\n    \"value\": {\n      \"name\": \"\",\n      \"ay\": 1951,\n      \"assign\": [\n        \"&})@C`Nr\",\n        \"\",\n        \"w=IR\",\n        \"u>A!kO}Au\"\n      ],\n      \"match\": [\n        \"VQ2098\"\n      ],\n      \"satisfy\": {\n        \"or\": [\n          {\n            \"and\": []\n          },\n          \"\",\n          \"Cc8Dg-\",\n          {\n            \"and\": [\n              \"nJZyQII_\",\n              {\n                \"and\": [\n                  \"LLXzf/lh\",\n                  \"O>\\\"#%@uA\",\n                  {\n                    \"or\": [\n                      {\n                        \"or\": [\n                          \"\",\n                          \"y] ^)w6\",\n                          \"7MChkb8mN:\"\n                        ]\n                      },\n                      \"R\",\n                      \"OU\\\\e[AfQ\",\n                      \"=PeGTU\"\n                    ]\n                  }\n                ]\n              },\n              \"*`%W\",\n              {\n                \"mc\": \">=140\"\n              }\n            ]\n          },\n          {\n            \"and\": [\n              {\n                \"or\": [\n                  \"Xzu{L1\",\n                  \"_MQ\",\n                  \"-%&A=\",\n                  \"Y+'32\\\"DKB$\",\n                  {\n                    \"and\": [\n                      \"z9%H_!oC\",\n                      \"_2taI'\",\n                      \"xoRD!\",\n                      \"$]\",\n                      \"^ol\"\n                    ]\n                  }\n                ]\n              },\n              \"%VX4efC`\",\n              {\n                \"or\": [\n                  \"}>\",\n                  \"qRUqK=S?J\",\n                  \"% )Gr]R_\",\n                  {\n                    \"mc\": \"<=113\"\n                  },\n                  {\n                    \"or\": [\n                      {\n                        \"or\": [\n                          \"H\",\n                          {\n                            \"mc\": \"<=61\"\n                          },\n                          \"On6l8/2\"\n                        ]\n                      },\n                      \"m\\\"xc\"\n                    ]\n                  }\n                ]\n              },\n              \"4P$8cb#\"\n            ]\n          }\n        ]\n      },\n      \"url\": \"https://9ozouh4sos58381lk2od6yuezusw6nk3mv15saj0-lp6oy44fi.eo//++v/ZUp\",\n      \"info\": \";`](BJ8\"\n    }\n  }\n]",
              "code": "fast_check_1.sample(index_test_2.block, 10).forEach((sample, i) => addContext_1.default(this, {\n    title: `block sample ${i}`,\n    value: sample,\n}));\nreturn fast_check_1.assert(fast_check_1.property(index_test_2.block, ajvValidate));",
              "err": {},
              "uuid": "daa2f04e-a1f2-4374-bea1-770df1fda626",
              "parentUUID": "6bd270fd-f146-443f-8054-ed98cd5503a6",
              "isHook": false,
              "skipped": false
            },
            {
              "title": "should not validate non-object",
              "fullTitle": "blockSchema should not validate non-object",
              "timedOut": false,
              "duration": 2,
              "state": "passed",
              "speed": "fast",
              "pass": true,
              "fail": false,
              "pending": false,
              "context": null,
              "code": "const error = {\n    instancePath: \"\",\n    message: \"block should be an object\",\n};\nisInvalidBlock(null, error);\nisInvalidBlock(undefined, error);\nisInvalidBlock(10, error);\nisInvalidBlock([12, 24], error);\nisInvalidBlock(\"abc\", error);",
              "err": {},
              "uuid": "fcdaa61e-7088-4e4c-a697-0e5c4a38acc7",
              "parentUUID": "6bd270fd-f146-443f-8054-ed98cd5503a6",
              "isHook": false,
              "skipped": false
            },
            {
              "title": "should not validate block with invalid properties",
              "fullTitle": "blockSchema should not validate block with invalid properties",
              "timedOut": false,
              "duration": 1,
              "state": "passed",
              "speed": "fast",
              "pass": true,
              "fail": false,
              "pending": false,
              "context": null,
              "code": "isInvalidBlock({\n        name: { foo: \"bar\" },\n        ay: -1000,\n        assign: {},\n        match: 1,\n        satisfy: 2,\n        url: { abc: \"def\" },\n        info: 42,\n    }, { instancePath: \"/name\", message: \"property 'name' should be a string\" }, {\n        instancePath: \"/ay\",\n        message: \"property 'ay' should be a positive integer\",\n    }, {\n        instancePath: \"/assign\",\n        message: \"property 'assign' should be either a block ID or an array of block IDs\",\n    }, {\n        instancePath: \"/match\",\n        message: \"property 'match' should be either a match rule or an array of match rules\",\n    }, {\n        instancePath: \"/satisfy\",\n        message: \"property 'satisfy' should be either a satisfy rule or an array of satisfy rules\",\n    }, { instancePath: \"/url\", message: \"property 'url' should be a string\" }, { instancePath: \"/info\", message: \"property 'info' should be a string\" })",
              "err": {},
              "uuid": "fbd77ad4-b3e8-4993-a796-beb830679be8",
              "parentUUID": "6bd270fd-f146-443f-8054-ed98cd5503a6",
              "isHook": false,
              "skipped": false
            }
          ],
          "suites": [],
          "passes": [
            "daa2f04e-a1f2-4374-bea1-770df1fda626",
            "fcdaa61e-7088-4e4c-a697-0e5c4a38acc7",
            "fbd77ad4-b3e8-4993-a796-beb830679be8"
          ],
          "failures": [],
          "pending": [],
          "skipped": [],
          "duration": 179,
          "root": false,
          "rootEmpty": false,
          "_timeout": 2000
        },
        {
          "uuid": "1ba84463-2601-4296-8cd4-e30fe90ff52b",
          "title": "patternSchema",
          "fullFile": "/home/runner/work/planwithus-lib/planwithus-lib/src/matchRule/pattern/schemas.test.ts",
          "file": "/src/matchRule/pattern/schemas.test.ts",
          "beforeHooks": [],
          "afterHooks": [],
          "tests": [
            {
              "title": "should validate non-empty pattern composed of A-Z, 0-9, x or *",
              "fullTitle": "patternSchema should validate non-empty pattern composed of A-Z, 0-9, x or *",
              "timedOut": false,
              "duration": 1,
              "state": "passed",
              "speed": "fast",
              "pass": true,
              "fail": false,
              "pending": false,
              "context": "[\n  {\n    \"title\": \"pattern sample 0\",\n    \"value\": \"GI219X\"\n  },\n  {\n    \"title\": \"pattern sample 1\",\n    \"value\": \"AWW4\"\n  },\n  {\n    \"title\": \"pattern sample 2\",\n    \"value\": \"SQ15*\"\n  },\n  {\n    \"title\": \"pattern sample 3\",\n    \"value\": \"IS5\"\n  },\n  {\n    \"title\": \"pattern sample 4\",\n    \"value\": \"HHE7*8xR\"\n  },\n  {\n    \"title\": \"pattern sample 5\",\n    \"value\": \"BH75\"\n  },\n  {\n    \"title\": \"pattern sample 6\",\n    \"value\": \"UM73\"\n  },\n  {\n    \"title\": \"pattern sample 7\",\n    \"value\": \"IY4\"\n  },\n  {\n    \"title\": \"pattern sample 8\",\n    \"value\": \"SWM4145\"\n  },\n  {\n    \"title\": \"pattern sample 9\",\n    \"value\": \"VFV7X\"\n  }\n]",
              "code": "fast_check_1.sample(index_test_2.pattern, 10).forEach((sample, i) => addContext_1.default(this, {\n    title: `pattern sample ${i}`,\n    value: sample,\n}));\nreturn fast_check_1.assert(fast_check_1.property(index_test_2.pattern, ajvValidate), {\n    examples: [[\"*\"], [\"ACC1002\"], [\"IS1103\"], [\"CS1231S\"], [\"MA1102R\"]],\n});",
              "err": {},
              "uuid": "d72c97ac-0a40-484d-9879-5a9143dc6c31",
              "parentUUID": "1ba84463-2601-4296-8cd4-e30fe90ff52b",
              "isHook": false,
              "skipped": false
            },
            {
              "title": "should not validate empty pattern",
              "fullTitle": "patternSchema should not validate empty pattern",
              "timedOut": false,
              "duration": 0,
              "state": "passed",
              "speed": "fast",
              "pass": true,
              "fail": false,
              "pending": false,
              "context": null,
              "code": "isInvalidPattern(\"\")",
              "err": {},
              "uuid": "09612c0f-30b3-4953-bd28-c2f44adc9557",
              "parentUUID": "1ba84463-2601-4296-8cd4-e30fe90ff52b",
              "isHook": false,
              "skipped": false
            },
            {
              "title": "should not validate pattern with invalid characters",
              "fullTitle": "patternSchema should not validate pattern with invalid characters",
              "timedOut": false,
              "duration": 1,
              "state": "passed",
              "speed": "fast",
              "pass": true,
              "fail": false,
              "pending": false,
              "context": null,
              "code": "[\"AB123a\", \"Ac123a\", \"AB123^S\", \"AB1*3^S\", \"$A1*3^S\", \"/A1x33S\"].forEach(isInvalidPattern)",
              "err": {},
              "uuid": "b4d395d0-ba9e-409c-a801-d4ff949b0b6e",
              "parentUUID": "1ba84463-2601-4296-8cd4-e30fe90ff52b",
              "isHook": false,
              "skipped": false
            }
          ],
          "suites": [],
          "passes": [
            "d72c97ac-0a40-484d-9879-5a9143dc6c31",
            "09612c0f-30b3-4953-bd28-c2f44adc9557",
            "b4d395d0-ba9e-409c-a801-d4ff949b0b6e"
          ],
          "failures": [],
          "pending": [],
          "skipped": [],
          "duration": 2,
          "root": false,
          "rootEmpty": false,
          "_timeout": 2000
        },
        {
          "uuid": "e91b9834-e93f-4226-b643-5e6539a5fb0f",
          "title": "matchRuleSchema",
          "fullFile": "/home/runner/work/planwithus-lib/planwithus-lib/src/matchRule/schemas.test.ts",
          "file": "/src/matchRule/schemas.test.ts",
          "beforeHooks": [],
          "afterHooks": [],
          "tests": [
            {
              "title": "should validate match rule with valid pattern",
              "fullTitle": "matchRuleSchema should validate match rule with valid pattern",
              "timedOut": false,
              "duration": 1,
              "state": "passed",
              "speed": "fast",
              "pass": true,
              "fail": false,
              "pending": false,
              "context": "[\n  {\n    \"title\": \"pattern sample 0\",\n    \"value\": \"KTD360\"\n  },\n  {\n    \"title\": \"pattern sample 1\",\n    \"value\": \"WAF973\"\n  },\n  {\n    \"title\": \"pattern sample 2\",\n    \"value\": \"UEJ3*26F\"\n  },\n  {\n    \"title\": \"pattern sample 3\",\n    \"value\": \"OB*1R\"\n  },\n  {\n    \"title\": \"pattern sample 4\",\n    \"value\": \"TML97x\"\n  },\n  {\n    \"title\": \"pattern sample 5\",\n    \"value\": \"AHx0\"\n  },\n  {\n    \"title\": \"pattern sample 6\",\n    \"value\": \"WOx88O\"\n  },\n  {\n    \"title\": \"pattern sample 7\",\n    \"value\": \"YI39\"\n  },\n  {\n    \"title\": \"pattern sample 8\",\n    \"value\": \"TCQxD\"\n  },\n  {\n    \"title\": \"pattern sample 9\",\n    \"value\": \"VPxR\"\n  }\n]",
              "code": "fast_check_1.sample(index_test_3.pattern, 10).forEach((sample, i) => addContext_1.default(this, {\n    title: `pattern sample ${i}`,\n    value: sample,\n}));\nreturn fast_check_1.assert(fast_check_1.property(index_test_3.pattern, ajvValidate));",
              "err": {},
              "uuid": "b433df4b-3837-4e1d-bf6f-7f7bbefbdd18",
              "parentUUID": "e91b9834-e93f-4226-b643-5e6539a5fb0f",
              "isHook": false,
              "skipped": false
            },
            {
              "title": "should validate match rules with valid pattern, exclude and info",
              "fullTitle": "matchRuleSchema should validate match rules with valid pattern, exclude and info",
              "timedOut": false,
              "duration": 2,
              "state": "passed",
              "speed": "fast",
              "pass": true,
              "fail": false,
              "pending": false,
              "context": "[\n  {\n    \"title\": \"patternMatchRule sample 0\",\n    \"value\": {\n      \"pattern\": \"JN8\",\n      \"exclude\": \"MTP*x\",\n      \"info\": \"hNR0FG?Ji\"\n    }\n  },\n  {\n    \"title\": \"patternMatchRule sample 1\",\n    \"value\": {\n      \"pattern\": \"KYV412\",\n      \"exclude\": \"FT3\",\n      \"info\": \"1>Vy\"\n    }\n  },\n  {\n    \"title\": \"patternMatchRule sample 2\",\n    \"value\": {\n      \"pattern\": \"RO7\",\n      \"exclude\": [\n        \"DA30*S\",\n        \"RXW76\",\n        \"UJ8\",\n        \"XEV25\",\n        \"NFY59*Y\"\n      ],\n      \"info\": \".x0]ACte\"\n    }\n  },\n  {\n    \"title\": \"patternMatchRule sample 3\",\n    \"value\": {\n      \"pattern\": \"VC85P\",\n      \"exclude\": [\n        \"EQ1\",\n        \"YEY2*\"\n      ],\n      \"info\": \"z\"\n    }\n  },\n  {\n    \"title\": \"patternMatchRule sample 4\",\n    \"value\": {\n      \"pattern\": \"TF4W\",\n      \"exclude\": [\n        \"KT1x96\"\n      ]\n    }\n  },\n  {\n    \"title\": \"patternMatchRule sample 5\",\n    \"value\": {\n      \"pattern\": \"CKP899S\",\n      \"exclude\": [\n        \"AUI558xN\",\n        \"BJV1*1x\",\n        \"PHJ58*\",\n        \"UNZ0*x\"\n      ],\n      \"info\": \"%'%M$SZ! \"\n    }\n  },\n  {\n    \"title\": \"patternMatchRule sample 6\",\n    \"value\": {\n      \"pattern\": \"TI7x\",\n      \"exclude\": [\n        \"HE64\",\n        \"OF*9x1Y\",\n        \"JS1*x8\",\n        \"UT7B\",\n        \"GR89\"\n      ],\n      \"info\": \"V~{$!QO&\"\n    }\n  },\n  {\n    \"title\": \"patternMatchRule sample 7\",\n    \"value\": {\n      \"pattern\": \"SD9\",\n      \"exclude\": \"TYYxK\",\n      \"info\": \"y$#y&>\"\n    }\n  },\n  {\n    \"title\": \"patternMatchRule sample 8\",\n    \"value\": {\n      \"pattern\": \"BFX71H\",\n      \"exclude\": \"RAE34\",\n      \"info\": \"\\\"gy\"\n    }\n  },\n  {\n    \"title\": \"patternMatchRule sample 9\",\n    \"value\": {\n      \"pattern\": \"HTx8\",\n      \"exclude\": \"PQ1T\"\n    }\n  }\n]",
              "code": "fast_check_1.sample(index_test_2.patternMatchRule, 10).forEach((sample, i) => addContext_1.default(this, {\n    title: `patternMatchRule sample ${i}`,\n    value: sample,\n}));\nreturn fast_check_1.assert(fast_check_1.property(index_test_2.patternMatchRule, ajvValidate));",
              "err": {},
              "uuid": "9b47c623-bfba-4c7c-bc78-4980a4cdf854",
              "parentUUID": "e91b9834-e93f-4226-b643-5e6539a5fb0f",
              "isHook": false,
              "skipped": false
            },
            {
              "title": "should validate valid recursive match rules",
              "fullTitle": "matchRuleSchema should validate valid recursive match rules",
              "timedOut": false,
              "duration": 6,
              "state": "passed",
              "speed": "fast",
              "pass": true,
              "fail": false,
              "pending": false,
              "context": "[\n  {\n    \"title\": \"matchRule sample 0\",\n    \"value\": {\n      \"pattern\": \"FSM7x\",\n      \"info\": \"\"\n    }\n  },\n  {\n    \"title\": \"matchRule sample 1\",\n    \"value\": {\n      \"and\": [\n        \"BV9V\",\n        {\n          \"and\": [\n            {\n              \"or\": [\n                \"IXO3x3\"\n              ]\n            },\n            {\n              \"pattern\": \"VUCx0x0\",\n              \"exclude\": \"NE8789F\",\n              \"info\": \"Pn0e|\\\\\"\n            },\n            {\n              \"pattern\": \"LA64xM\",\n              \"exclude\": \"AG03\",\n              \"info\": \"Vv\"\n            },\n            \"JVK7783\",\n            {\n              \"or\": [\n                {\n                  \"and\": []\n                },\n                {\n                  \"and\": [\n                    {\n                      \"or\": [\n                        \"EKF585O\"\n                      ]\n                    },\n                    \"ALJ41\",\n                    \"QU*0Y\",\n                    {\n                      \"or\": [\n                        {\n                          \"and\": [\n                            \"KM7*\",\n                            \"EE51N\",\n                            \"XER5372\"\n                          ]\n                        },\n                        \"GXV22U\",\n                        {\n                          \"pattern\": \"CDX949\",\n                          \"exclude\": [\n                            \"GVN224L\",\n                            \"OKK93x5\",\n                            \"IU1865L\"\n                          ],\n                          \"info\": \"T6(/hy!l\"\n                        },\n                        \"PJH9\",\n                        \"XWV13Y\"\n                      ]\n                    },\n                    \"KHI1095E\"\n                  ]\n                },\n                \"MNMxC\",\n                \"ZNE17I\",\n                {\n                  \"pattern\": \"CPQ44\",\n                  \"exclude\": [\n                    \"NVA013\",\n                    \"MUU1807F\",\n                    \"MA09\",\n                    \"ZY575Q\"\n                  ],\n                  \"info\": \"KVOu\"\n                }\n              ]\n            }\n          ]\n        },\n        \"GZZ62K\"\n      ]\n    }\n  },\n  {\n    \"title\": \"matchRule sample 2\",\n    \"value\": {\n      \"and\": []\n    }\n  },\n  {\n    \"title\": \"matchRule sample 3\",\n    \"value\": \"ZL2U\"\n  },\n  {\n    \"title\": \"matchRule sample 4\",\n    \"value\": \"VDH1\"\n  },\n  {\n    \"title\": \"matchRule sample 5\",\n    \"value\": \"AV*1*5\"\n  },\n  {\n    \"title\": \"matchRule sample 6\",\n    \"value\": {\n      \"and\": [\n        {\n          \"and\": [\n            {\n              \"pattern\": \"YM03*8\",\n              \"exclude\": \"DQ41*\",\n              \"info\": \"\"\n            }\n          ]\n        },\n        {\n          \"pattern\": \"MBA2*\",\n          \"exclude\": \"IA31\",\n          \"info\": \"p;f6`\"\n        }\n      ]\n    }\n  },\n  {\n    \"title\": \"matchRule sample 7\",\n    \"value\": {\n      \"and\": [\n        \"CVL179*\",\n        {\n          \"and\": [\n            {\n              \"and\": []\n            },\n            {\n              \"and\": [\n                \"JOH1243\",\n                {\n                  \"and\": [\n                    {\n                      \"pattern\": \"AV4037\",\n                      \"exclude\": \"PN45x6\",\n                      \"info\": \"H;i\"\n                    },\n                    \"IRO*P\",\n                    \"AECx3Y\"\n                  ]\n                },\n                \"TS473\",\n                {\n                  \"and\": [\n                    \"VD347\",\n                    \"DRR4\",\n                    \"QC*0xP\",\n                    \"CJ26\",\n                    \"IZZ33\"\n                  ]\n                }\n              ]\n            },\n            {\n              \"and\": [\n                \"TN5\",\n                \"AMx\"\n              ]\n            },\n            \"YY8*5Z\",\n            {\n              \"pattern\": \"KO77V\",\n              \"exclude\": [\n                \"FYP7A\",\n                \"ALx4O\"\n              ],\n              \"info\": \"Ps\\\"HbNE~\"\n            }\n          ]\n        }\n      ]\n    }\n  },\n  {\n    \"title\": \"matchRule sample 8\",\n    \"value\": {\n      \"and\": [\n        \"SF042*K\",\n        {\n          \"or\": []\n        }\n      ]\n    }\n  },\n  {\n    \"title\": \"matchRule sample 9\",\n    \"value\": \"DXY6N\"\n  }\n]",
              "code": "fast_check_1.sample(index_test_2.matchRule, 10).forEach((sample, i) => addContext_1.default(this, {\n    title: `matchRule sample ${i}`,\n    value: sample,\n}));\nreturn fast_check_1.assert(fast_check_1.property(index_test_2.matchRule, ajvValidate));",
              "err": {},
              "uuid": "cd55210b-3e06-4388-94ce-3e6d197e95fd",
              "parentUUID": "e91b9834-e93f-4226-b643-5e6539a5fb0f",
              "isHook": false,
              "skipped": false
            },
            {
              "title": "should not validate non-string/object",
              "fullTitle": "matchRuleSchema should not validate non-string/object",
              "timedOut": false,
              "duration": 1,
              "state": "passed",
              "speed": "fast",
              "pass": true,
              "fail": false,
              "pending": false,
              "context": null,
              "code": "const error = {\n    instancePath: \"\",\n    message: \"match rule should be either a string or an object\",\n};\nisInvalidRule(null, error);\nisInvalidRule(undefined, error);\nisInvalidRule(10, error);\nisInvalidRule([12, 24], error);",
              "err": {},
              "uuid": "617c262f-aa3d-4334-b5d3-d26d6a04b62e",
              "parentUUID": "e91b9834-e93f-4226-b643-5e6539a5fb0f",
              "isHook": false,
              "skipped": false
            },
            {
              "title": "should not validate match rules with extra properties",
              "fullTitle": "matchRuleSchema should not validate match rules with extra properties",
              "timedOut": false,
              "duration": 0,
              "state": "passed",
              "speed": "fast",
              "pass": true,
              "fail": false,
              "pending": false,
              "context": null,
              "code": "isInvalidRule({\n        and: [{ or: [{ pattern: \"CS2103T\", info2: \"foobar\" }], abc: \"def\" }],\n        mno: \"pqr\",\n    }, {\n        instancePath: \"/and/0/or/0\",\n        message: \"pattern match rule should have properties 'pattern', 'exclude' (optional) and 'info' (optional) only\",\n    }, {\n        instancePath: \"/and/0\",\n        message: \"or match rule should have property 'or' only\",\n    }, {\n        instancePath: \"\",\n        message: \"and match rule should have property 'and' only\",\n    })",
              "err": {},
              "uuid": "62b2c480-1633-42c0-afd0-48766e5f466f",
              "parentUUID": "e91b9834-e93f-4226-b643-5e6539a5fb0f",
              "isHook": false,
              "skipped": false
            },
            {
              "title": "should not validate ambiguous match rules",
              "fullTitle": "matchRuleSchema should not validate ambiguous match rules",
              "timedOut": false,
              "duration": 0,
              "state": "passed",
              "speed": "fast",
              "pass": true,
              "fail": false,
              "pending": false,
              "context": null,
              "code": "const message = \"match rule should have only one of properties 'pattern', 'and', 'or'\";\nisInvalidRule({\n    or: [\n        { pattern: \"CS1231\", and: [] },\n        { pattern: \"CS1231\", or: [] },\n        { and: [{ and: [\"abc\"], or: [\"def\"] }] },\n    ],\n}, { instancePath: \"/or/0\", message }, { instancePath: \"/or/1\", message }, { instancePath: \"/or/2/and/0\", message });",
              "err": {},
              "uuid": "e3bac26d-dc38-4443-b1b0-ab79a5063eb5",
              "parentUUID": "e91b9834-e93f-4226-b643-5e6539a5fb0f",
              "isHook": false,
              "skipped": false
            },
            {
              "title": "should not validate pattern match rule with invalid patterns",
              "fullTitle": "matchRuleSchema should not validate pattern match rule with invalid patterns",
              "timedOut": false,
              "duration": 0,
              "state": "passed",
              "speed": "fast",
              "pass": true,
              "fail": false,
              "pending": false,
              "context": null,
              "code": "const message = \"pattern should be a non-empty string composed of A-Z, 0-9, x or *\";\nisInvalidRule({\n    and: [\n        \"CS210c\",\n        { pattern: \"CS2100\", exclude: \"CS1231s\" },\n        { pattern: \"CS210#T\", exclude: [\"CS1231\", \"CS21%\"] },\n    ],\n}, { instancePath: \"/and/0\", message }, { instancePath: \"/and/1/exclude\", message }, { instancePath: \"/and/2/pattern\", message }, { instancePath: \"/and/2/exclude/1\", message });",
              "err": {},
              "uuid": "f9efccb7-e3b8-4126-b32a-9f524fe542da",
              "parentUUID": "e91b9834-e93f-4226-b643-5e6539a5fb0f",
              "isHook": false,
              "skipped": false
            },
            {
              "title": "should not validate pattern match rule with non-string/array exclude",
              "fullTitle": "matchRuleSchema should not validate pattern match rule with non-string/array exclude",
              "timedOut": false,
              "duration": 0,
              "state": "passed",
              "speed": "fast",
              "pass": true,
              "fail": false,
              "pending": false,
              "context": null,
              "code": "const message = \"property 'exclude' should be either a pattern or an array of patterns\";\nisInvalidRule({\n    or: [\n        { pattern: \"CS2101\", exclude: {} },\n        { pattern: \"CS2101\", exclude: 5 },\n    ],\n}, { instancePath: \"/or/0/exclude\", message }, { instancePath: \"/or/1/exclude\", message });",
              "err": {},
              "uuid": "16a5581e-e15e-4222-ba56-b1a83526ed05",
              "parentUUID": "e91b9834-e93f-4226-b643-5e6539a5fb0f",
              "isHook": false,
              "skipped": false
            },
            {
              "title": "should not validate pattern match rule with non-string info",
              "fullTitle": "matchRuleSchema should not validate pattern match rule with non-string info",
              "timedOut": false,
              "duration": 0,
              "state": "passed",
              "speed": "fast",
              "pass": true,
              "fail": false,
              "pending": false,
              "context": null,
              "code": "const message = \"property 'info' should be a string\";\nisInvalidRule({ pattern: \"CS2101\", info: 42 }, { instancePath: \"/info\", message });",
              "err": {},
              "uuid": "adffe558-b905-4576-9569-3b9c4ff3ae3c",
              "parentUUID": "e91b9834-e93f-4226-b643-5e6539a5fb0f",
              "isHook": false,
              "skipped": false
            },
            {
              "title": "should not validate and match rules with non-array property",
              "fullTitle": "matchRuleSchema should not validate and match rules with non-array property",
              "timedOut": false,
              "duration": 0,
              "state": "passed",
              "speed": "fast",
              "pass": true,
              "fail": false,
              "pending": false,
              "context": null,
              "code": "const message = \"property 'and' should be an array of match rules\";\nisInvalidRule({ or: [{ and: {} }, { or: [{ and: 3 }] }] }, { instancePath: \"/or/0/and\", message }, { instancePath: \"/or/1/or/0/and\", message });",
              "err": {},
              "uuid": "2815baa6-a63c-4346-a3f0-cf163265ba57",
              "parentUUID": "e91b9834-e93f-4226-b643-5e6539a5fb0f",
              "isHook": false,
              "skipped": false
            },
            {
              "title": "should not validate or match rules with non-array property",
              "fullTitle": "matchRuleSchema should not validate or match rules with non-array property",
              "timedOut": false,
              "duration": 0,
              "state": "passed",
              "speed": "fast",
              "pass": true,
              "fail": false,
              "pending": false,
              "context": null,
              "code": "const message = \"property 'or' should be an array of match rules\";\nisInvalidRule({ or: [{ or: {} }, { and: [{ or: 3 }] }] }, { instancePath: \"/or/0/or\", message }, { instancePath: \"/or/1/and/0/or\", message });",
              "err": {},
              "uuid": "23aa3782-39cc-4596-8f78-44ce08685586",
              "parentUUID": "e91b9834-e93f-4226-b643-5e6539a5fb0f",
              "isHook": false,
              "skipped": false
            }
          ],
          "suites": [],
          "passes": [
            "b433df4b-3837-4e1d-bf6f-7f7bbefbdd18",
            "9b47c623-bfba-4c7c-bc78-4980a4cdf854",
            "cd55210b-3e06-4388-94ce-3e6d197e95fd",
            "617c262f-aa3d-4334-b5d3-d26d6a04b62e",
            "62b2c480-1633-42c0-afd0-48766e5f466f",
            "e3bac26d-dc38-4443-b1b0-ab79a5063eb5",
            "f9efccb7-e3b8-4126-b32a-9f524fe542da",
            "16a5581e-e15e-4222-ba56-b1a83526ed05",
            "adffe558-b905-4576-9569-3b9c4ff3ae3c",
            "2815baa6-a63c-4346-a3f0-cf163265ba57",
            "23aa3782-39cc-4596-8f78-44ce08685586"
          ],
          "failures": [],
          "pending": [],
          "skipped": [],
          "duration": 10,
          "root": false,
          "rootEmpty": false,
          "_timeout": 2000
        },
        {
          "uuid": "b1b07b62-f299-41bc-b8f2-193d809a7de4",
          "title": "inequalitySchema",
          "fullFile": "/home/runner/work/planwithus-lib/planwithus-lib/src/satisfyRule/inequality/schemas.test.ts",
          "file": "/src/satisfyRule/inequality/schemas.test.ts",
          "beforeHooks": [],
          "afterHooks": [],
          "tests": [
            {
              "title": "should validate inequality in the form <=n or >=n",
              "fullTitle": "inequalitySchema should validate inequality in the form <=n or >=n",
              "timedOut": false,
              "duration": 1,
              "state": "passed",
              "speed": "fast",
              "pass": true,
              "fail": false,
              "pending": false,
              "context": "[\n  {\n    \"title\": \"inequality sample 0\",\n    \"value\": \"<=109\"\n  },\n  {\n    \"title\": \"inequality sample 1\",\n    \"value\": \"<=8\"\n  },\n  {\n    \"title\": \"inequality sample 2\",\n    \"value\": \">=24\"\n  },\n  {\n    \"title\": \"inequality sample 3\",\n    \"value\": \"<=5\"\n  },\n  {\n    \"title\": \"inequality sample 4\",\n    \"value\": \">=4\"\n  },\n  {\n    \"title\": \"inequality sample 5\",\n    \"value\": \"<=140\"\n  },\n  {\n    \"title\": \"inequality sample 6\",\n    \"value\": \">=1\"\n  },\n  {\n    \"title\": \"inequality sample 7\",\n    \"value\": \">=143\"\n  },\n  {\n    \"title\": \"inequality sample 8\",\n    \"value\": \"<=200\"\n  },\n  {\n    \"title\": \"inequality sample 9\",\n    \"value\": \">=2\"\n  }\n]",
              "code": "fast_check_1.sample(index_test_2.inequality, 10).forEach((sample, i) => addContext_1.default(this, {\n    title: `inequality sample ${i}`,\n    value: sample,\n}));\nreturn fast_check_1.assert(fast_check_1.property(index_test_2.inequality, ajvValidate));",
              "err": {},
              "uuid": "ccec61fb-2383-4fa4-b84b-1f2c9e8ec0a6",
              "parentUUID": "b1b07b62-f299-41bc-b8f2-193d809a7de4",
              "isHook": false,
              "skipped": false
            },
            {
              "title": "should not validate inequality of invalid form",
              "fullTitle": "inequalitySchema should not validate inequality of invalid form",
              "timedOut": false,
              "duration": 2,
              "state": "passed",
              "speed": "fast",
              "pass": true,
              "fail": false,
              "pending": false,
              "context": null,
              "code": "[\n        \"\",\n        \"==23\",\n        \"23\",\n        \"<23\",\n        \">23\",\n        \"<=-1\",\n        \">=-1\",\n        \"<= 2\",\n        \">= 1\",\n        \"> 3\",\n        \"< 3\",\n        \"<=3a\",\n        \">=3a\",\n        \"a<=3\",\n        \"a>=3\",\n    ].forEach(isInvalidInequality)",
              "err": {},
              "uuid": "734fbd64-7743-405c-9a7e-c7dd4f566070",
              "parentUUID": "b1b07b62-f299-41bc-b8f2-193d809a7de4",
              "isHook": false,
              "skipped": false
            }
          ],
          "suites": [],
          "passes": [
            "ccec61fb-2383-4fa4-b84b-1f2c9e8ec0a6",
            "734fbd64-7743-405c-9a7e-c7dd4f566070"
          ],
          "failures": [],
          "pending": [],
          "skipped": [],
          "duration": 3,
          "root": false,
          "rootEmpty": false,
          "_timeout": 2000
        },
        {
          "uuid": "0da4e27a-c17e-42d6-8af7-68ab282be03f",
          "title": "satisfyRuleSchema",
          "fullFile": "/home/runner/work/planwithus-lib/planwithus-lib/src/satisfyRule/schemas.test.ts",
          "file": "/src/satisfyRule/schemas.test.ts",
          "beforeHooks": [],
          "afterHooks": [],
          "tests": [
            {
              "title": "should validate satisfy rule with valid block id",
              "fullTitle": "satisfyRuleSchema should validate satisfy rule with valid block id",
              "timedOut": false,
              "duration": 1,
              "state": "passed",
              "speed": "fast",
              "pass": true,
              "fail": false,
              "pending": false,
              "context": null,
              "code": "fast_check_1.assert(fast_check_1.property(fast_check_1.string(), ajvValidate)",
              "err": {},
              "uuid": "f322efa8-99c1-4cd8-bd0e-154d1cc192d6",
              "parentUUID": "0da4e27a-c17e-42d6-8af7-68ab282be03f",
              "isHook": false,
              "skipped": false
            },
            {
              "title": "should validate satisfy rules with valid mc",
              "fullTitle": "satisfyRuleSchema should validate satisfy rules with valid mc",
              "timedOut": false,
              "duration": 1,
              "state": "passed",
              "speed": "fast",
              "pass": true,
              "fail": false,
              "pending": false,
              "context": "[\n  {\n    \"title\": \"mcSatisfyRule sample 0\",\n    \"value\": {\n      \"mc\": \"<=4\"\n    }\n  },\n  {\n    \"title\": \"mcSatisfyRule sample 1\",\n    \"value\": {\n      \"mc\": \">=29\"\n    }\n  },\n  {\n    \"title\": \"mcSatisfyRule sample 2\",\n    \"value\": {\n      \"mc\": \"<=5\"\n    }\n  },\n  {\n    \"title\": \"mcSatisfyRule sample 3\",\n    \"value\": {\n      \"mc\": \">=199\"\n    }\n  },\n  {\n    \"title\": \"mcSatisfyRule sample 4\",\n    \"value\": {\n      \"mc\": \">=7\"\n    }\n  },\n  {\n    \"title\": \"mcSatisfyRule sample 5\",\n    \"value\": {\n      \"mc\": \"<=191\"\n    }\n  },\n  {\n    \"title\": \"mcSatisfyRule sample 6\",\n    \"value\": {\n      \"mc\": \"<=2\"\n    }\n  },\n  {\n    \"title\": \"mcSatisfyRule sample 7\",\n    \"value\": {\n      \"mc\": \"<=7\"\n    }\n  },\n  {\n    \"title\": \"mcSatisfyRule sample 8\",\n    \"value\": {\n      \"mc\": \">=6\"\n    }\n  },\n  {\n    \"title\": \"mcSatisfyRule sample 9\",\n    \"value\": {\n      \"mc\": \">=74\"\n    }\n  }\n]",
              "code": "fast_check_1.sample(index_test_2.mcSatisfyRule, 10).forEach((sample, i) => addContext_1.default(this, {\n    title: `mcSatisfyRule sample ${i}`,\n    value: sample,\n}));\nreturn fast_check_1.assert(fast_check_1.property(index_test_2.mcSatisfyRule, ajvValidate));",
              "err": {},
              "uuid": "70ee1688-bf4c-4498-843f-b7afba21c0ba",
              "parentUUID": "0da4e27a-c17e-42d6-8af7-68ab282be03f",
              "isHook": false,
              "skipped": false
            },
            {
              "title": "should validate valid recursive satisfy rules",
              "fullTitle": "satisfyRuleSchema should validate valid recursive satisfy rules",
              "timedOut": false,
              "duration": 3,
              "state": "passed",
              "speed": "fast",
              "pass": true,
              "fail": false,
              "pending": false,
              "context": "[\n  {\n    \"title\": \"satisfyRule sample 0\",\n    \"value\": {\n      \"and\": [\n        {\n          \"mc\": \">=82\"\n        },\n        {\n          \"mc\": \">=182\"\n        },\n        \"c=79l\"\n      ]\n    }\n  },\n  {\n    \"title\": \"satisfyRule sample 1\",\n    \"value\": {\n      \"or\": [\n        {\n          \"mc\": \">=105\"\n        },\n        {\n          \"mc\": \"<=126\"\n        },\n        {\n          \"or\": [\n            \"\\\"6Z\\\\ vB\",\n            {\n              \"and\": [\n                {\n                  \"mc\": \">=137\"\n                },\n                {\n                  \"or\": [\n                    {\n                      \"or\": [\n                        \")Pn<}\"\n                      ]\n                    },\n                    \"==\",\n                    \"5xQg\",\n                    \"g[KN#,\"\n                  ]\n                },\n                \"\\\"O,S\\\\.X^*\",\n                \"~]B8\"\n              ]\n            }\n          ]\n        }\n      ]\n    }\n  },\n  {\n    \"title\": \"satisfyRule sample 2\",\n    \"value\": {\n      \"or\": [\n        \"h\"\n      ]\n    }\n  },\n  {\n    \"title\": \"satisfyRule sample 3\",\n    \"value\": \"\\\"&4\"\n  },\n  {\n    \"title\": \"satisfyRule sample 4\",\n    \"value\": {\n      \"or\": [\n        {\n          \"or\": []\n        },\n        {\n          \"or\": [\n            {\n              \"and\": [\n                \"cc5,P|\",\n                \"05xA\",\n                \"^/MK6;2\",\n                \"{1k-R q\"\n              ]\n            },\n            {\n              \"mc\": \">=64\"\n            },\n            \"NA[\"\n          ]\n        },\n        \"Wsjl%/9k]<\",\n        {\n          \"mc\": \">=130\"\n        },\n        {\n          \"and\": [\n            {\n              \"and\": [\n                {\n                  \"and\": [\n                    \"Ubw1%J{+R6\",\n                    \"r(MMf[\",\n                    {\n                      \"or\": [\n                        \"j\\\\If\",\n                        {\n                          \"mc\": \"<=46\"\n                        },\n                        \".H\",\n                        \"_\",\n                        \"6!Gml9b\"\n                      ]\n                    }\n                  ]\n                }\n              ]\n            },\n            \"VJ^\"\n          ]\n        }\n      ]\n    }\n  },\n  {\n    \"title\": \"satisfyRule sample 5\",\n    \"value\": \"L&O__\"\n  },\n  {\n    \"title\": \"satisfyRule sample 6\",\n    \"value\": {\n      \"or\": [\n        {\n          \"or\": [\n            {\n              \"or\": []\n            },\n            \"5vfEDU@\",\n            {\n              \"mc\": \"<=70\"\n            }\n          ]\n        },\n        {\n          \"and\": []\n        }\n      ]\n    }\n  },\n  {\n    \"title\": \"satisfyRule sample 7\",\n    \"value\": {\n      \"mc\": \">=197\"\n    }\n  },\n  {\n    \"title\": \"satisfyRule sample 8\",\n    \"value\": {\n      \"or\": []\n    }\n  },\n  {\n    \"title\": \"satisfyRule sample 9\",\n    \"value\": {\n      \"or\": [\n        {\n          \"or\": [\n            {\n              \"mc\": \"<=161\"\n            }\n          ]\n        },\n        {\n          \"and\": [\n            {\n              \"and\": [\n                \",d\"\n              ]\n            },\n            \"lf4h7oI\"\n          ]\n        },\n        \"F&\"\n      ]\n    }\n  }\n]",
              "code": "fast_check_1.sample(index_test_2.satisfyRule, 10).forEach((sample, i) => addContext_1.default(this, {\n    title: `satisfyRule sample ${i}`,\n    value: sample,\n}));\nreturn fast_check_1.assert(fast_check_1.property(index_test_2.satisfyRule, ajvValidate));",
              "err": {},
              "uuid": "14ccf803-ebce-4973-8429-63271f5800b6",
              "parentUUID": "0da4e27a-c17e-42d6-8af7-68ab282be03f",
              "isHook": false,
              "skipped": false
            },
            {
              "title": "should not validate non-string/object",
              "fullTitle": "satisfyRuleSchema should not validate non-string/object",
              "timedOut": false,
              "duration": 0,
              "state": "passed",
              "speed": "fast",
              "pass": true,
              "fail": false,
              "pending": false,
              "context": null,
              "code": "const error = {\n    instancePath: \"\",\n    message: \"satisfy rule should be either a string or an object\",\n};\nisInvalidRule(null, error);\nisInvalidRule(undefined, error);\nisInvalidRule(10, error);\nisInvalidRule([12, 24], error);",
              "err": {},
              "uuid": "65361f18-12a5-453f-a792-c7c22ed5142b",
              "parentUUID": "0da4e27a-c17e-42d6-8af7-68ab282be03f",
              "isHook": false,
              "skipped": false
            },
            {
              "title": "should not validate satisfy rules with extra properties",
              "fullTitle": "satisfyRuleSchema should not validate satisfy rules with extra properties",
              "timedOut": false,
              "duration": 0,
              "state": "passed",
              "speed": "fast",
              "pass": true,
              "fail": false,
              "pending": false,
              "context": null,
              "code": "isInvalidRule({\n        and: [\n            { or: [\"2k\"], abc: \"def\" },\n            { mc: 8, ghi: \"jkl\" },\n        ],\n        mno: \"pqr\",\n    }, {\n        instancePath: \"/and/0\",\n        message: \"or satisfy rule should have property 'or' only\",\n    }, {\n        instancePath: \"/and/1\",\n        message: \"MC satisfy rule should have property 'mc' only\",\n    }, {\n        instancePath: \"\",\n        message: \"and satisfy rule should have property 'and' only\",\n    })",
              "err": {},
              "uuid": "9a1cabcd-0066-4102-ad6c-9019d2770c3c",
              "parentUUID": "0da4e27a-c17e-42d6-8af7-68ab282be03f",
              "isHook": false,
              "skipped": false
            },
            {
              "title": "should not validate ambiguous satisfy rules",
              "fullTitle": "satisfyRuleSchema should not validate ambiguous satisfy rules",
              "timedOut": false,
              "duration": 0,
              "state": "passed",
              "speed": "fast",
              "pass": true,
              "fail": false,
              "pending": false,
              "context": null,
              "code": "const message = \"satisfy rule should have only one of properties 'mc', 'and', 'or'\";\nisInvalidRule({\n    or: [\n        { mc: 5, and: [\"CS2040\"] },\n        { and: [{ and: [\"abc\"], or: [\"def\"] }] },\n    ],\n}, { instancePath: \"/or/0\", message }, { instancePath: \"/or/1/and/0\", message });",
              "err": {},
              "uuid": "1be4d5e3-e41a-4bcd-900f-f769f79230bb",
              "parentUUID": "0da4e27a-c17e-42d6-8af7-68ab282be03f",
              "isHook": false,
              "skipped": false
            },
            {
              "title": "should not validate and satisfy rules with non-array property",
              "fullTitle": "satisfyRuleSchema should not validate and satisfy rules with non-array property",
              "timedOut": false,
              "duration": 1,
              "state": "passed",
              "speed": "fast",
              "pass": true,
              "fail": false,
              "pending": false,
              "context": null,
              "code": "const message = \"property 'and' should be an array of satisfy rules\";\nisInvalidRule({ or: [{ and: {} }, { or: [{ and: 3 }] }] }, { instancePath: \"/or/0/and\", message }, { instancePath: \"/or/1/or/0/and\", message });",
              "err": {},
              "uuid": "a18a8406-d485-4a13-a4ae-fdc97cf0eac8",
              "parentUUID": "0da4e27a-c17e-42d6-8af7-68ab282be03f",
              "isHook": false,
              "skipped": false
            },
            {
              "title": "should not validate or satisfy rules with non-array property",
              "fullTitle": "satisfyRuleSchema should not validate or satisfy rules with non-array property",
              "timedOut": false,
              "duration": 1,
              "state": "passed",
              "speed": "fast",
              "pass": true,
              "fail": false,
              "pending": false,
              "context": null,
              "code": "const message = \"property 'or' should be an array of satisfy rules\";\nisInvalidRule({ and: [{ or: {} }, { and: [{ or: 3 }] }] }, { instancePath: \"/and/0/or\", message }, { instancePath: \"/and/1/and/0/or\", message });",
              "err": {},
              "uuid": "a2f43d23-8b3f-4338-a606-b7a7e623345b",
              "parentUUID": "0da4e27a-c17e-42d6-8af7-68ab282be03f",
              "isHook": false,
              "skipped": false
            }
          ],
          "suites": [],
          "passes": [
            "f322efa8-99c1-4cd8-bd0e-154d1cc192d6",
            "70ee1688-bf4c-4498-843f-b7afba21c0ba",
            "14ccf803-ebce-4973-8429-63271f5800b6",
            "65361f18-12a5-453f-a792-c7c22ed5142b",
            "9a1cabcd-0066-4102-ad6c-9019d2770c3c",
            "1be4d5e3-e41a-4bcd-900f-f769f79230bb",
            "a18a8406-d485-4a13-a4ae-fdc97cf0eac8",
            "a2f43d23-8b3f-4338-a606-b7a7e623345b"
          ],
          "failures": [],
          "pending": [],
          "skipped": [],
          "duration": 7,
          "root": false,
          "rootEmpty": false,
          "_timeout": 2000
        }
      ],
      "passes": [],
      "failures": [],
      "pending": [],
      "skipped": [],
      "duration": 0,
      "root": true,
      "rootEmpty": true,
      "_timeout": 2000
    }
  ],
  "meta": {
    "mocha": {
      "version": "9.0.0"
    },
    "mochawesome": {
      "options": {
        "quiet": false,
        "reportFilename": "mochawesome",
        "saveHtml": true,
        "saveJson": true,
        "consoleReporter": "spec",
        "useInlineDiffs": false,
        "code": true
      },
      "version": "6.2.2"
    },
    "marge": {
      "options": {
        "reportDir": "docs"
      },
      "version": "5.2.0"
    }
  }
}