{
  "stats": {
    "suites": 10,
    "tests": 48,
    "passes": 48,
    "pending": 0,
    "failures": 0,
    "start": "2021-07-20T15:07:47.710Z",
    "end": "2021-07-20T15:07:48.002Z",
    "duration": 292,
    "testsRegistered": 48,
    "passPercent": 100,
    "pendingPercent": 0,
    "other": 0,
    "hasOther": false,
    "skipped": 0,
    "hasSkipped": false
  },
  "results": [
    {
      "uuid": "9adff77a-1ff1-4800-867d-703f41f31955",
      "title": "",
      "fullFile": "",
      "file": "",
      "beforeHooks": [],
      "afterHooks": [],
      "tests": [],
      "suites": [
        {
          "uuid": "7cf8483f-c57f-457b-9cab-cf9638dafa4c",
          "title": "initDirectories",
          "fullFile": "/home/runner/work/planwithus-lib/planwithus-lib/src/block/schemas.test.ts",
          "file": "/src/block/schemas.test.ts",
          "beforeHooks": [],
          "afterHooks": [],
          "tests": [
            {
              "title": "should parse all blocks with no errors",
              "fullTitle": "initDirectories should parse all blocks with no errors",
              "timedOut": false,
              "duration": 2,
              "state": "passed",
              "speed": "fast",
              "pass": true,
              "fail": false,
              "pending": false,
              "context": null,
              "code": "_1.initDirectories.should.not.throw()",
              "err": {},
              "uuid": "926143ab-9142-418c-bc13-fab1066bae65",
              "parentUUID": "7cf8483f-c57f-457b-9cab-cf9638dafa4c",
              "isHook": false,
              "skipped": false
            },
            {
              "title": "should produce primary, second & minor directories",
              "fullTitle": "initDirectories should produce primary, second & minor directories",
              "timedOut": false,
              "duration": 2,
              "state": "passed",
              "speed": "fast",
              "pass": true,
              "fail": false,
              "pending": false,
              "context": null,
              "code": "const directories = _1.initDirectories();\ndirectories.should.have.property(\"primary\");\ndirectories.should.have.property(\"second\");\ndirectories.should.have.property(\"minor\");",
              "err": {},
              "uuid": "29300980-3447-409d-80b6-f571d36004a1",
              "parentUUID": "7cf8483f-c57f-457b-9cab-cf9638dafa4c",
              "isHook": false,
              "skipped": false
            }
          ],
          "suites": [],
          "passes": [
            "926143ab-9142-418c-bc13-fab1066bae65",
            "29300980-3447-409d-80b6-f571d36004a1"
          ],
          "failures": [],
          "pending": [],
          "skipped": [],
          "duration": 4,
          "root": false,
          "rootEmpty": false,
          "_timeout": 2000
        },
        {
          "uuid": "cc07c028-29cd-46e8-b048-afefc25f9c82",
          "title": "blockSchema",
          "fullFile": "/home/runner/work/planwithus-lib/planwithus-lib/src/block/schemas.test.ts",
          "file": "/src/block/schemas.test.ts",
          "beforeHooks": [],
          "afterHooks": [],
          "tests": [
            {
              "title": "should validate valid block",
              "fullTitle": "blockSchema should validate valid block",
              "timedOut": false,
              "duration": 172,
              "state": "passed",
              "speed": "slow",
              "pass": true,
              "fail": false,
              "pending": false,
              "context": "[\n  {\n    \"title\": \"block sample 0\",\n    \"value\": {\n      \"name\": \"%y&~n&&~\",\n      \"ay\": 2024,\n      \"assign\": \"&\\\"\",\n      \"match\": [\n        {\n          \"pattern\": \"OBQ*W\",\n          \"exclude\": [\n            \"PML44U\",\n            \"DPT*17M\",\n            \"NWL8B\"\n          ],\n          \"info\": \"g;+*\"\n        }\n      ],\n      \"satisfy\": [\n        {\n          \"and\": [\n            {\n              \"and\": [\n                \"E&C5Pcg\"\n              ]\n            },\n            \"\\\"U(fiHT)\",\n            {\n              \"or\": [\n                {\n                  \"mc\": \">=31\"\n                },\n                \"BGHsv[cRW\",\n                {\n                  \"mc\": \"<=30\"\n                }\n              ]\n            },\n            {\n              \"or\": []\n            }\n          ]\n        }\n      ],\n      \"info\": \"#$wWu\",\n      \"isSelectable\": true\n    }\n  },\n  {\n    \"title\": \"block sample 1\",\n    \"value\": {\n      \"ay\": 2027,\n      \"assign\": [\n        \"Ub_GD*[F!\",\n        \"vYJ$5L)}\",\n        \"@!\"\n      ],\n      \"match\": [\n        {\n          \"or\": []\n        }\n      ],\n      \"satisfy\": \"\",\n      \"url\": \"https://ssqjnmxhi85q-yzu3jrwx964bd1xtfptc5pqjirv993jeg.m.rzzcalx/df%24Q\",\n      \"info\": \"K9\"\n    }\n  },\n  {\n    \"title\": \"block sample 2\",\n    \"value\": {\n      \"assign\": [],\n      \"match\": [\n        {\n          \"pattern\": \"YHQ11xxW\",\n          \"exclude\": \"JYA6834\",\n          \"info\": \"FV+^Ap]IQq\"\n        },\n        {\n          \"pattern\": \"WX634Z\",\n          \"info\": \"|D_1\"\n        }\n      ],\n      \"satisfy\": {\n        \"or\": [\n          {\n            \"mc\": \">=1\"\n          },\n          {\n            \"mc\": \"<=195\"\n          }\n        ]\n      },\n      \"info\": \">6!\",\n      \"isSelectable\": true\n    }\n  },\n  {\n    \"title\": \"block sample 3\",\n    \"value\": {\n      \"name\": \"5\",\n      \"ay\": 2008,\n      \"assign\": \"x&x&\",\n      \"match\": {\n        \"pattern\": \"FC9*8Y\",\n        \"exclude\": [\n          \"PCZ6047L\",\n          \"QIC856*D\",\n          \"DR23I\"\n        ],\n        \"info\": \"w$b\"\n      },\n      \"url\": \"https://vaez-3i26w0ouy4m2slun2wxx8jzdareftdpfjcds8e3do7.jwl24p0511bps2xj.b.rpz/f@/RG%F0%92%BA%B6%F3%82%83%B4!Lmo0+/Da/ax\",\n      \"info\": \"v\",\n      \"isSelectable\": true\n    }\n  },\n  {\n    \"title\": \"block sample 4\",\n    \"value\": {\n      \"name\": \"db/'a\\\"qDeM\",\n      \"match\": [\n        {\n          \"pattern\": \"BS6\",\n          \"info\": \"Ou3?Z?vuB\"\n        },\n        \"PRJ**\"\n      ],\n      \"satisfy\": {\n        \"mc\": \">=196\"\n      },\n      \"url\": \"https://8xx33fxkl383ybrj1s8lp.6ypx-d88myx-vr2kqvetkm0v6syc2xnxqun2yfq1e97z7syy.vwtqwdkig/7n)GwI!5\",\n      \"info\": \"\\\\>M\",\n      \"RTt^u[1wc\": {\n        \"name\": \"M\\\"\",\n        \"ay\": 2025,\n        \"assign\": \"2fWey@y\",\n        \"match\": {\n          \"pattern\": \"PST0945K\",\n          \"exclude\": [\n            \"ZQS38xxI\",\n            \"JU49\",\n            \"CX9R\"\n          ],\n          \"info\": \")\"\n        },\n        \"url\": \"http://jgc2rihgicobi0dsr-uhgof2o0mh-v81j7ic0jyndbsi28wjnz2eboaa.j7ik03qton0vtiws7ba3frb19cjyz278rd049peii0sm.1ltx49nngna5gi0h4f.jqwaq/1r\",\n        \"info\": \"PQ#\",\n        \"isSelectable\": true,\n        \"QZ%[\": {\n          \"name\": \"\",\n          \"ay\": 2000,\n          \"assign\": \".yQFc\",\n          \"match\": [],\n          \"satisfy\": [\n            {\n              \"or\": []\n            },\n            {\n              \"or\": [\n                \"~$M:\",\n                {\n                  \"mc\": \"<=109\"\n                },\n                {\n                  \"mc\": \"<=100\"\n                },\n                {\n                  \"mc\": \">=75\"\n                },\n                \"c'7@N\"\n              ]\n            },\n            {\n              \"or\": []\n            },\n            {\n              \"or\": [\n                {\n                  \"and\": []\n                }\n              ]\n            },\n            {\n              \"or\": [\n                {\n                  \"and\": [\n                    {\n                      \"or\": [\n                        \"wA+s=uMNg\",\n                        \"wQp.9\\\"\"\n                      ]\n                    },\n                    \"Y!RN5F6>)\",\n                    \"rU8Iy)\",\n                    \"$u|,2bBya\"\n                  ]\n                }\n              ]\n            }\n          ],\n          \"url\": \"http://nrko2a-shkmgayj5fxzo17j4ew6n9tgtqkwk3eqs92wxzylyjs-2gu9x.awrummcvrhz6i25g2iiku6hwqfnl9d58m8yj7l1n9d4l-532gza95fgoi7a.aycv73r8sdxnh8w1.1si7j5damn1m70tv.vp2rlzhop8g7qbahy6rush28wpkt3j7ltw-9vixk5q.bgdfir/VH/L/4%F2%B9%88%8Bm%F0%AD%9C%A51Q/PVPL/&ES73c/!V/n~Mp_$Iy-s/Jq%F2%9E%90%B0s8/-TI9;\",\n          \"info\": \"1_\",\n          \"isSelectable\": true\n        },\n        \"P~ojMC\": {\n          \"name\": \"91\",\n          \"ay\": 2018,\n          \"assign\": [\n            \"\",\n            \"p>S@<n&D.\",\n            \"~#*+u\"\n          ],\n          \"match\": [\n            \"FR5\",\n            {\n              \"or\": [\n                {\n                  \"pattern\": \"NCX8648\",\n                  \"exclude\": \"HAE58\",\n                  \"info\": \"cb\\\\SQKsbp\"\n                }\n              ]\n            },\n            \"FUX4S\"\n          ],\n          \"satisfy\": {\n            \"or\": [\n              {\n                \"mc\": \"<=148\"\n              },\n              {\n                \"or\": [\n                  {\n                    \"and\": [\n                      {\n                        \"or\": [\n                          {\n                            \"or\": [\n                              \"X>\",\n                              \"\",\n                              \" !yF`'.\",\n                              \"F2 ;\"\n                            ]\n                          },\n                          {\n                            \"or\": [\n                              \">9Fe\",\n                              \"\\\\w=]g]o\",\n                              \"j(o\",\n                              \"0\"\n                            ]\n                          },\n                          \"c1\"\n                        ]\n                      },\n                      \"K)JhDL\",\n                      \"?#1)`o1o*\",\n                      \"F%57}#W&\"\n                    ]\n                  },\n                  \"\",\n                  \"h}ndB8j]\",\n                  \"[Xa)\",\n                  {\n                    \"and\": [\n                      \"/\",\n                      \"\"\n                    ]\n                  }\n                ]\n              }\n            ]\n          },\n          \"url\": \"http://cng.kphf/(+xa/@To@(o/P*=%F3%9C%B2%B3K+!HDV/aSZ22z4vJ/0%F3%A7%A5%AC%F1%95%92%B2\",\n          \"info\": \"p1]mbX,s\"\n        },\n        \"'1v')7B\": {\n          \"ay\": 2003,\n          \"assign\": [\n            \"j=Uq98pt6\",\n            \"rB,7a}jkF\",\n            \"!{itoX(&\",\n            \"ehGam55:\",\n            \"4\"\n          ],\n          \"match\": {\n            \"and\": [\n              {\n                \"or\": [\n                  \"OM0\",\n                  \"WY68\"\n                ]\n              }\n            ]\n          },\n          \"satisfy\": [\n            {\n              \"and\": [\n                \"\\\\S!fqia3\",\n                {\n                  \"or\": [\n                    \"BQ x{#)\",\n                    {\n                      \"and\": [\n                        \"z- uQM=hR^\"\n                      ]\n                    },\n                    {\n                      \"or\": [\n                        \"}a?d\\\"\",\n                        \"2\",\n                        \"tv\"\n                      ]\n                    }\n                  ]\n                }\n              ]\n            },\n            {\n              \"mc\": \">=34\"\n            },\n            \"G<hCC`]\",\n            {\n              \"mc\": \">=14\"\n            },\n            {\n              \"or\": [\n                {\n                  \"mc\": \">=93\"\n                }\n              ]\n            }\n          ],\n          \"info\": \"e\",\n          \"isSelectable\": true\n        },\n        \"\": {\n          \"match\": [],\n          \"satisfy\": [],\n          \"url\": \"http://waf3sfml2fjtwm.0jvbhs51onvns1bis9jj1xabicpy.he5im67lq781f22uje5tfdr1c8cpvjz75aqxn.5ntngirswbij0x92l5andctivdyr5ygw49-55.cffcvse/%F3%9B%9A%83Bv////stf%F3%9D%B9%AE&FuC/UTa%F1%A6%89%88$fYG/_ck%F0%9E%93%BBN6sDB\",\n          \"info\": \"R'n@@\",\n          \"isSelectable\": true,\n          \"Xgb>B+GM#p\": {\n            \"name\": \"tqtxPR\\\\\",\n            \"ay\": 1953,\n            \"assign\": \"(3}W.f/ \",\n            \"match\": [\n              {\n                \"or\": [\n                  \"PO17xE\",\n                  {\n                    \"pattern\": \"FSS578*\",\n                    \"exclude\": \"XKMx712A\",\n                    \"info\": \"$\"\n                  }\n                ]\n              },\n              {\n                \"and\": [\n                  {\n                    \"or\": [\n                      {\n                        \"or\": [\n                          \"PHK60\",\n                          \"QF85\",\n                          \"FRQ6J\",\n                          \"HIT4\",\n                          \"EI84\"\n                        ]\n                      }\n                    ]\n                  },\n                  {\n                    \"pattern\": \"FTP8N\",\n                    \"exclude\": \"IZD5653\",\n                    \"info\": \"G\"\n                  }\n                ]\n              },\n              {\n                \"pattern\": \"PW331x\",\n                \"exclude\": \"VDF55\",\n                \"info\": \"<wrTlt!]-\"\n              },\n              \"CQ530\"\n            ],\n            \"satisfy\": \"YeOi.MZ\",\n            \"url\": \"http://nshg-hmb-eb1rvdl6rm1vqhgpsy2y6dacxyprh-xeh91-jxp.zg/%F3%BD%BA%8E0//Z:/%F1%B8%91%80%F0%B3%BC%876m9xOvT/'dqcDQd.eB/-SkHv(t//X\",\n            \"info\": \"lWO\",\n            \"isSelectable\": true\n          },\n          \";XyxB;wU!\": {\n            \"name\": \"xhA%z)k\",\n            \"ay\": 1975,\n            \"satisfy\": [\n              {\n                \"and\": [\n                  {\n                    \"or\": [\n                      \"|Xi\",\n                      {\n                        \"or\": [\n                          \"O!jyM}N_\",\n                          \"yM>X#8:U\",\n                          \"MD\"\n                        ]\n                      }\n                    ]\n                  },\n                  {\n                    \"or\": [\n                      \"#[\\\"A\",\n                      \"U\",\n                      {\n                        \"mc\": \">=71\"\n                      }\n                    ]\n                  }\n                ]\n              },\n              {\n                \"and\": [\n                  {\n                    \"mc\": \"<=48\"\n                  },\n                  {\n                    \"and\": [\n                      {\n                        \"or\": [\n                          \"L[[lDV\",\n                          \"/XE{)]y\",\n                          \")460S\",\n                          \"QW@0\",\n                          \"R\\\"}7E\"\n                        ]\n                      }\n                    ]\n                  },\n                  {\n                    \"and\": [\n                      {\n                        \"mc\": \">=149\"\n                      }\n                    ]\n                  },\n                  \"MU3U\"\n                ]\n              },\n              {\n                \"and\": [\n                  {\n                    \"or\": [\n                      \"X:QnoVB)\",\n                      {\n                        \"mc\": \">=72\"\n                      }\n                    ]\n                  },\n                  {\n                    \"and\": [\n                      {\n                        \"or\": [\n                          \"h9rno3.f\",\n                          \"uqNl6X:gYY\"\n                        ]\n                      },\n                      \"e(v :.1x\",\n                      {\n                        \"or\": [\n                          {\n                            \"and\": [\n                              \"\"\n                            ]\n                          },\n                          {\n                            \"and\": [\n                              \"y/.\",\n                              \"-{3cF\",\n                              \">G|g[bD?\"\n                            ]\n                          }\n                        ]\n                      },\n                      {\n                        \"or\": [\n                          \"x(XIwLj[ 6\",\n                          \"hYLl4\",\n                          \"=-\",\n                          \"\"\n                        ]\n                      },\n                      {\n                        \"or\": [\n                          \"k\",\n                          \"kBh8K:^j\",\n                          \"A3a>M\",\n                          {\n                            \"or\": [\n                              \"30m\",\n                              \"h^E\",\n                              \"N&/ ;\",\n                              {\n                                \"mc\": \">=26\"\n                              }\n                            ]\n                          },\n                          {\n                            \"and\": [\n                              \"y&@p!0$4\",\n                              \"3\",\n                              \"1l7z\"\n                            ]\n                          }\n                        ]\n                      }\n                    ]\n                  },\n                  {\n                    \"and\": [\n                      \"PsTn0RH$p@\",\n                      {\n                        \"mc\": \">=113\"\n                      },\n                      {\n                        \"and\": [\n                          \"R\\\\gu]\",\n                          {\n                            \"and\": [\n                              {\n                                \"mc\": \"<=74\"\n                              },\n                              \"G1t\",\n                              {\n                                \"mc\": \">=112\"\n                              },\n                              \"\",\n                              \"H*cW9jn\"\n                            ]\n                          },\n                          \"HL6Fvn[<\"\n                        ]\n                      },\n                      {\n                        \"or\": [\n                          {\n                            \"or\": [\n                              \"OxUX6(m3\",\n                              {\n                                \"and\": [\n                                  {\n                                    \"and\": [\n                                      \"28oP\",\n                                      \"5\",\n                                      \"@;3WAvl-x\"\n                                    ]\n                                  },\n                                  \"mw\",\n                                  \" 3qv/z>c:\"\n                                ]\n                              }\n                            ]\n                          },\n                          {\n                            \"mc\": \"<=94\"\n                          },\n                          {\n                            \"mc\": \">=137\"\n                          },\n                          \"h8Bsvui=\",\n                          \"m.V\\\\I\"\n                        ]\n                      },\n                      \"6H*6)\"\n                    ]\n                  },\n                  \"G4}\",\n                  \"[_\"\n                ]\n              },\n              \"#Km|9cN\"\n            ],\n            \"url\": \"https://76vmezs7kc4-q69xeenvoqdydw5uq0c.kw.pce39m.pfqiqf/RM%F3%BF%B7%92M8/MY/%F2%BC%BD%98dEYXx/C2\",\n            \"info\": \"<7!AB\",\n            \"isSelectable\": true,\n            \"z\": {\n              \"name\": \"zA)OG\",\n              \"assign\": [\n                \"p0tCK,-Q\"\n              ],\n              \"match\": [\n                {\n                  \"pattern\": \"ZE328\",\n                  \"info\": \"ayv]\"\n                }\n              ],\n              \"satisfy\": [\n                {\n                  \"and\": [\n                    {\n                      \"or\": [\n                        \"n>]+\",\n                        \",\\\"tXK&wD;\",\n                        {\n                          \"or\": [\n                            \"}59<{\",\n                            \"M!Ki7u},+[\"\n                          ]\n                        }\n                      ]\n                    },\n                    {\n                      \"and\": [\n                        {\n                          \"and\": [\n                            {\n                              \"mc\": \">=41\"\n                            },\n                            \"+Be8Yt\\\\\",\n                            \"d xK!9P\",\n                            \"L]=Q_\"\n                          ]\n                        },\n                        {\n                          \"mc\": \"<=27\"\n                        },\n                        {\n                          \"and\": [\n                            \"<tuV[p\",\n                            \"@*`]O5\"\n                          ]\n                        }\n                      ]\n                    },\n                    {\n                      \"mc\": \">=11\"\n                    },\n                    {\n                      \"and\": [\n                        {\n                          \"mc\": \"<=8\"\n                        },\n                        {\n                          \"and\": [\n                            \",= 2\",\n                            \"&RlC\",\n                            \"eF,1\",\n                            {\n                              \"mc\": \"<=172\"\n                            },\n                            \"HFlPQ;\\\"DJH\"\n                          ]\n                        },\n                        {\n                          \"and\": [\n                            {\n                              \"mc\": \">=52\"\n                            }\n                          ]\n                        },\n                        \"\",\n                        \"'Y\"\n                      ]\n                    },\n                    {\n                      \"or\": [\n                        {\n                          \"mc\": \"<=104\"\n                        },\n                        \"8vV2\",\n                        {\n                          \"mc\": \">=131\"\n                        },\n                        \"AR MkT4\"\n                      ]\n                    }\n                  ]\n                },\n                {\n                  \"and\": [\n                    {\n                      \"mc\": \"<=45\"\n                    },\n                    {\n                      \"mc\": \">=84\"\n                    }\n                  ]\n                },\n                \"^/'\",\n                {\n                  \"or\": [\n                    {\n                      \"and\": []\n                    }\n                  ]\n                }\n              ],\n              \"url\": \"https://93bmqpqtj01.4jen71pg45c7coqfqs395s2f7vfjvnwyl3e27pjasw6appab1n2wtfee.jzqa5w76lv9hwws8y1421ciux9ch756nqsnfk3iz0xps.otktanvq///t$w7JJ/%F0%98%B9%9E2wbU2'$BO/F%F4%87%A1%83G,0\",\n              \"isSelectable\": true\n            },\n            \"baYG\": {\n              \"name\": \"qS\",\n              \"ay\": 2011,\n              \"assign\": [\n                \"u\",\n                \"L3wcPi\"\n              ],\n              \"match\": [\n                {\n                  \"or\": [\n                    {\n                      \"and\": [\n                        {\n                          \"pattern\": \"YDE4618\",\n                          \"exclude\": [\n                            \"ZCCx79G\",\n                            \"IB91*3\"\n                          ],\n                          \"info\": \"=.*<!nvt`\"\n                        },\n                        \"GD084\",\n                        {\n                          \"and\": [\n                            {\n                              \"pattern\": \"YXU6424\",\n                              \"exclude\": \"MD88*3K\",\n                              \"info\": \"f?p\"\n                            }\n                          ]\n                        }\n                      ]\n                    }\n                  ]\n                },\n                \"TSD2475\",\n                {\n                  \"and\": [\n                    \"AB9158\",\n                    {\n                      \"and\": []\n                    },\n                    {\n                      \"and\": [\n                        {\n                          \"or\": [\n                            \"HZXx10\",\n                            \"ZH2\"\n                          ]\n                        },\n                        {\n                          \"or\": [\n                            \"SN708\",\n                            {\n                              \"and\": [\n                                \"ASX2963\",\n                                \"XV2953\",\n                                \"TBT3F\"\n                              ]\n                            },\n                            \"XMI3X\"\n                          ]\n                        },\n                        \"AYx\",\n                        {\n                          \"pattern\": \"IG0*M\",\n                          \"exclude\": [\n                            \"KL36x4A\",\n                            \"QRT08Y\",\n                            \"TS82I\",\n                            \"US154G\",\n                            \"NCW89\"\n                          ],\n                          \"info\": \"]w^u}`{l\"\n                        },\n                        \"WLQ6R\"\n                      ]\n                    },\n                    \"AHC858B\"\n                  ]\n                },\n                {\n                  \"and\": [\n                    \"GP2\",\n                    {\n                      \"or\": []\n                    },\n                    {\n                      \"pattern\": \"LDV87x0\",\n                      \"exclude\": [],\n                      \"info\": \":a1#_|;of\"\n                    },\n                    {\n                      \"pattern\": \"DTY10K\",\n                      \"info\": \"CBt^Df'WHl\"\n                    }\n                  ]\n                },\n                {\n                  \"and\": [\n                    {\n                      \"or\": [\n                        {\n                          \"pattern\": \"IG6\",\n                          \"exclude\": [\n                            \"HK029\"\n                          ],\n                          \"info\": \"8!N-W\"\n                        },\n                        \"OGx\"\n                      ]\n                    },\n                    \"NTZ19W\",\n                    {\n                      \"pattern\": \"ZH217xR\",\n                      \"exclude\": [\n                        \"VJ4X\"\n                      ],\n                      \"info\": \"Fgc+y%E4/\"\n                    },\n                    \"OP5x1G\"\n                  ]\n                }\n              ],\n              \"url\": \"http://7i9nj0g07gcu6xq5bwuwvgkbyp4lo38.zaosoepetgijauxsulh3nozps0y7isahwyarjdkyix14f1h0.9owx7h0rjns-ftq21wgr0uy6awm3off17grk-pg630lg6b3t7y.w.214zs5l830xx96zqp9nv1gbl6uvuiotkj7cmqf8y.zq/;\"\n            }\n          },\n          \"CvbM^# *1\": {\n            \"name\": \"adfaS\",\n            \"ay\": 1983,\n            \"assign\": \"\",\n            \"match\": {\n              \"pattern\": \"QMR0L\",\n              \"exclude\": [\n                \"RC6\",\n                \"HAQ4x29P\",\n                \"KF1\",\n                \"TK8U\",\n                \"HS628\"\n              ],\n              \"info\": \"1p\"\n            },\n            \"satisfy\": [],\n            \"url\": \"https://4z7hypu6gxvu37ohko-f83rnx6twgiehrx3k8kw.v7zzsv58z85hdd7qfwb0r3naqbx32hdh.i4sj8ts7ag3.dnpqfln//X%F1%80%81%A7QW4ct~P/V/3s%F3%A9%8B%8Fu/i%F2%91%8D%8BvTJ/pkzaIVb.3/;7S3n%F1%9E%89%B0N5/AV*g,A$01\",\n            \"info\": \"Zz\",\n            \"isSelectable\": true\n          }\n        }\n      },\n      \"+\": {\n        \"name\": \"&/t_]N\",\n        \"assign\": [\n          \"FiEID1\",\n          \"v?&]#p:\",\n          \"'\"\n        ],\n        \"satisfy\": [],\n        \"info\": \"ui\",\n        \"isSelectable\": true,\n        \"!dCQJrk@\": {\n          \"name\": \"0]kJ\",\n          \"ay\": 2011,\n          \"assign\": [],\n          \"match\": [],\n          \"satisfy\": [\n            {\n              \"or\": [\n                {\n                  \"and\": [\n                    {\n                      \"mc\": \">=45\"\n                    }\n                  ]\n                },\n                \"h\\\"2u!\"\n              ]\n            }\n          ],\n          \"url\": \"http://94s1gjljhb88m8tv8ss0jm990774n2dpf8pr6ytxq8394nocc8tb.ssrd72ou74ad99qp.ouywzy/Z/gQ!/3t9Uy_%F0%B6%B3%8A/;B%F3%9E%87%82/+/:\",\n          \"info\": \"G$Y\\\"`y!?L\",\n          \"isSelectable\": true\n        },\n        \"B*KyjmFK'\": {\n          \"name\": \"}302:W_4d\",\n          \"ay\": 1984,\n          \"assign\": [\n            \"/@]\",\n            \"s\"\n          ],\n          \"match\": [\n            {\n              \"or\": [\n                {\n                  \"pattern\": \"JRA7**\",\n                  \"exclude\": \"RBX6xV\",\n                  \"info\": \"%G}sVKQ\"\n                },\n                {\n                  \"pattern\": \"MT3*1\",\n                  \"exclude\": \"EP0x2G\",\n                  \"info\": \"\"\n                },\n                {\n                  \"and\": [\n                    \"BS8369\",\n                    {\n                      \"pattern\": \"NMR0\",\n                      \"info\": \":\"\n                    },\n                    \"OU2\",\n                    {\n                      \"or\": []\n                    },\n                    \"DP08\"\n                  ]\n                },\n                {\n                  \"or\": [\n                    \"OEK464V\",\n                    \"WBZx5W\"\n                  ]\n                }\n              ]\n            },\n            {\n              \"pattern\": \"RC8\",\n              \"exclude\": \"OE6257\",\n              \"info\": \"}vI\"\n            },\n            {\n              \"pattern\": \"CBQ90\",\n              \"exclude\": \"XID526T\",\n              \"info\": \"G\"\n            }\n          ],\n          \"url\": \"http://r73znyuwwxldiq-2ldauiihz3q73basjn1p0obij1ccjnufbv5.n.7.ocwhowwfe/Ypz3//8$E%F4%8B%89%8B/5~%F0%9D%96%B4I1L7Ar$\",\n          \"info\": \"VW3d0\",\n          \"isSelectable\": true,\n          \"2fWg8na\": {\n            \"ay\": 2029,\n            \"assign\": [\n              \"![E;ZnTY [\"\n            ],\n            \"satisfy\": [],\n            \"url\": \"http://ntvvekdaju.r2f0a2fel7s29k2vjtqjnl2bvai8vlidfne1qjznxqjz13vue0pdqazgdk.l42k3hvijrv1iz-fmwn3dcktyx4r9dtoqi6.in/L/_bB-/lwr+//y\",\n            \"info\": \"\",\n            \"isSelectable\": true\n          },\n          \"TG T;6\": {\n            \"name\": \"QD$A[2\",\n            \"ay\": 2023,\n            \"assign\": \"TV|>OT7/:\",\n            \"match\": {\n              \"and\": [\n                {\n                  \"pattern\": \"SPT074R\",\n                  \"exclude\": [],\n                  \"info\": \"Q\\\":VDJ&\"\n                }\n              ]\n            },\n            \"satisfy\": [],\n            \"url\": \"https://z2p7ey.d.9vrfx7.euvlbgyx/i%F2%92%AB%8F+_o@%F3%96%AF%8C%F2%9D%B2%94/\",\n            \"info\": \"\",\n            \"isSelectable\": true\n          },\n          \"Uz3P2dQ`Vd\": {\n            \"name\": \"$cIJ30m6\",\n            \"ay\": 2024,\n            \"match\": [],\n            \"satisfy\": {\n              \"and\": [\n                {\n                  \"mc\": \">=26\"\n                },\n                {\n                  \"or\": [\n                    {\n                      \"and\": [\n                        \"\\\\\",\n                        \"{erHJAR<O\",\n                        \"DEPxpmyp<\",\n                        \"k\"\n                      ]\n                    },\n                    \"7%R!\",\n                    {\n                      \"and\": [\n                        \"/O\",\n                        \"#XN6S@\"\n                      ]\n                    },\n                    \"'S&D>@JYhp\"\n                  ]\n                },\n                {\n                  \"mc\": \"<=69\"\n                },\n                {\n                  \"mc\": \">=82\"\n                }\n              ]\n            },\n            \"url\": \"http://w.647n87jg87v0blr9iv71tgcmh.xxrms/%F3%B0%8C%8D:/eB/SM7l@8Vr/dF62s/%F1%86%9E%A1L%F0%A8%84%9A%EB%BC%B9G/St(gf/sY/1J%F3%91%A2%B0b=~'3/bZJ\",\n            \"info\": \"\",\n            \"isSelectable\": true\n          },\n          \"Y\": {\n            \"name\": \"'\\\\sD#\",\n            \"ay\": 2000,\n            \"assign\": [\n              \"tM\\\\a^b\",\n              \"f<m\",\n              \"UfM=\",\n              \"uQA\\\\\"\n            ],\n            \"match\": \"BDx9\",\n            \"satisfy\": [\n              {\n                \"mc\": \">=91\"\n              },\n              {\n                \"and\": [\n                  {\n                    \"and\": []\n                  },\n                  {\n                    \"and\": []\n                  },\n                  {\n                    \"or\": [\n                      \"v\",\n                      \"jP:)8\",\n                      \"wdvd:mTI\",\n                      \"a#a+ox*CPq\"\n                    ]\n                  }\n                ]\n              },\n              {\n                \"or\": [\n                  \"d\",\n                  {\n                    \"or\": [\n                      \"'8.)3pnwa\\\"\"\n                    ]\n                  }\n                ]\n              },\n              {\n                \"and\": [\n                  {\n                    \"and\": [\n                      \"\"\n                    ]\n                  }\n                ]\n              }\n            ],\n            \"url\": \"http://r.spx1bpb4bflw8odn9llk51zr21h0z7ex2v603ywrjd.9sxzexciqgeyv7x79j82k38wndz38o9q30vw5e5zr.133iz48dm3yb5p.fo17ck00uf5ekm9enu11q1mb1dhq9gkokup3m5f5q-chdx3s9r02h.zgkctsyie//*/Lkj,:miQ;y/Wf/OUe0/bJQ,'CcF%F2%B6%8C%8Dk/3;.E%F2%81%8E%B9q%F2%8C%98%BADW/:\",\n            \"info\": \"-VF\",\n            \"isSelectable\": true\n          }\n        },\n        \"^P\": {\n          \"name\": \"-m,6$NH9\",\n          \"ay\": 1965,\n          \"assign\": \"W$}JG.nsj\",\n          \"match\": \"DX431B\",\n          \"satisfy\": [\n            {\n              \"or\": [\n                {\n                  \"or\": [\n                    \"Mzq1n/\",\n                    \"2-R%H'G>\",\n                    {\n                      \"mc\": \"<=141\"\n                    }\n                  ]\n                },\n                {\n                  \"and\": [\n                    {\n                      \"or\": [\n                        \"%`xB9\"\n                      ]\n                    },\n                    {\n                      \"or\": [\n                        {\n                          \"and\": [\n                            \"A!kwJW\",\n                            {\n                              \"and\": [\n                                \"!rw\\\"kL#&V\",\n                                {\n                                  \"or\": []\n                                },\n                                \"F Ql\"\n                              ]\n                            },\n                            \"!i<ffb~*yG\"\n                          ]\n                        }\n                      ]\n                    }\n                  ]\n                }\n              ]\n            }\n          ],\n          \"url\": \"https://exx8-mgg0-coih7shw4r6e6eqt267bt0c7nk6q8gkogoq8f6-3ue.ft4p2v4bvakzkrstrjgckht-7zxz6ikw522450hcy2gn3x-0nlnoa-1vbw5.j9k30ou.nyto0cx-gxjr4h6mg9qrn4lxm--c2x24uamkg50a8oqc1ziqxidxerjmnb6.pewzzansm//&S2;Szfs4/~29/vrQI9'T6L@/f14)///%F4%80%A2%AElob%F3%AF%AB%A7/w\",\n          \"info\": \"Vst\",\n          \"isSelectable\": true\n        }\n      },\n      \":0[[\": {\n        \"name\": \"r$A*&1\",\n        \"ay\": 1988,\n        \"match\": {\n          \"or\": [\n            {\n              \"or\": [\n                {\n                  \"and\": [\n                    \"AWH5744D\",\n                    {\n                      \"pattern\": \"LJB786*H\",\n                      \"exclude\": \"WLQx04*\",\n                      \"info\": \"T4=B.\"\n                    },\n                    \"LM04\"\n                  ]\n                },\n                {\n                  \"pattern\": \"QBG39M\",\n                  \"exclude\": \"QJC4484P\",\n                  \"info\": \"wX;{Cz\"\n                }\n              ]\n            },\n            {\n              \"or\": [\n                {\n                  \"pattern\": \"NH45W\",\n                  \"exclude\": \"KH5xH\",\n                  \"info\": \"&*!oot\"\n                },\n                {\n                  \"pattern\": \"ZFC1A\",\n                  \"exclude\": [\n                    \"HU5\",\n                    \"WA4X\",\n                    \"KS338\"\n                  ],\n                  \"info\": \"L\"\n                },\n                {\n                  \"pattern\": \"XNC573\",\n                  \"exclude\": [],\n                  \"info\": \"v:{H\"\n                }\n              ]\n            },\n            {\n              \"and\": [\n                {\n                  \"and\": [\n                    \"JTR8G\",\n                    \"RHR8920A\",\n                    \"YJE3\",\n                    \"QMK94\"\n                  ]\n                }\n              ]\n            },\n            {\n              \"pattern\": \"PX3\",\n              \"exclude\": [\n                \"KNH3\"\n              ]\n            }\n          ]\n        },\n        \"satisfy\": [\n          {\n            \"mc\": \">=13\"\n          },\n          \"MH(RJ_s(r\",\n          {\n            \"and\": [\n              \"\\\\$>\",\n              {\n                \"or\": [\n                  \"p>B[0(\",\n                  \"zSYo;`?\",\n                  \"jN*w6&!l\"\n                ]\n              },\n              {\n                \"and\": [\n                  \"1a!qY!\",\n                  \"2\"\n                ]\n              },\n              {\n                \"and\": [\n                  {\n                    \"or\": []\n                  }\n                ]\n              }\n            ]\n          },\n          {\n            \"mc\": \"<=134\"\n          }\n        ],\n        \"url\": \"https://oj.xdlp/IYJ%F1%9B%9C%BF&%F2%8B%96%94M/%F3%BF%94%B5DAd/_eBi&O=iA$/0T/dnQt()n$zx\",\n        \"info\": \"f56\",\n        \"isSelectable\": true,\n        \"3Z\": {\n          \"name\": \"9XT,x#_,\",\n          \"ay\": 1973,\n          \"assign\": [\n            \"L\",\n            \"#\"\n          ],\n          \"match\": [],\n          \"satisfy\": {\n            \"and\": [\n              {\n                \"and\": [\n                  {\n                    \"mc\": \">=163\"\n                  },\n                  \")#DJ\",\n                  {\n                    \"or\": [\n                      {\n                        \"mc\": \">=14\"\n                      },\n                      \"}Mfr4~$\",\n                      {\n                        \"mc\": \">=87\"\n                      },\n                      \"zI\"\n                    ]\n                  },\n                  \"I*!ABX\"\n                ]\n              },\n              {\n                \"and\": [\n                  {\n                    \"or\": [\n                      \"\"\n                    ]\n                  },\n                  \"7AP9%5]s\"\n                ]\n              }\n            ]\n          },\n          \"url\": \"https://1ddjdjhn8ycisw2m1ux.eezp27y5ic7ininbhdr-qan4id-l9kh3jev7pt98ztrf6zcxrtu2dgd.l.yf/~opT%F0%BF%8B%B2j\",\n          \"info\": \"B*Y\",\n          \"isSelectable\": true\n        }\n      },\n      \"Q0<\\\"i~\": {\n        \"ay\": 1970,\n        \"assign\": \"hd;}YP8W\",\n        \"info\": \"\",\n        \"isSelectable\": true\n      },\n      \"se4@\\\\2-\": {\n        \"name\": \"O@.(na/\",\n        \"ay\": 2012,\n        \"satisfy\": {\n          \"mc\": \"<=120\"\n        },\n        \"url\": \"http://jtk8lu.wvt.ontojln1eg2smx31p5jseo08fm49apphf6zbsu1p9u1184aww3lr1.xn9p6.v10v77ewo19rxgkskp-x8147xytj-a-pjzrjm4b1s7x5ew0vscq7f4.wzitqjdpmk/-%F3%A0%96%907/\",\n        \"info\": \"kMS6\",\n        \"isSelectable\": true,\n        \"d%1!j%\": {\n          \"name\": \"%*I\",\n          \"ay\": 2008,\n          \"assign\": [\n            \"(T KcYfK0]\"\n          ],\n          \"match\": [],\n          \"url\": \"http://bit6wd8mlupvzx598tj.exq5l63-1xfy6jnyy-hn5ay6fy4tlxquqtoymfna5xqh6ows17ik.tzgikpy/U-%E3%AC%AEUwL4w)&//yJ,:nccr2/jk/eOjHbbLa+~\",\n          \"info\": \"Cad\",\n          \"isSelectable\": true,\n          \"4L6KC4N-w\": {\n            \"name\": \"zfL_[\",\n            \"ay\": 1991,\n            \"satisfy\": {\n              \"or\": [\n                {\n                  \"and\": [\n                    \"I^uqt<wmz\",\n                    {\n                      \"or\": [\n                        \"V|o!LRr=_=\"\n                      ]\n                    },\n                    {\n                      \"and\": []\n                    }\n                  ]\n                },\n                {\n                  \"and\": [\n                    {\n                      \"mc\": \">=69\"\n                    },\n                    \"3\"\n                  ]\n                },\n                {\n                  \"mc\": \"<=132\"\n                }\n              ]\n            },\n            \"info\": \"J|Q/'=(\",\n            \"isSelectable\": true\n          },\n          \"IP~\": {\n            \"name\": \"01\",\n            \"ay\": 2014,\n            \"match\": [],\n            \"satisfy\": [\n              {\n                \"mc\": \">=143\"\n              },\n              \"xv}&~MC9\",\n              {\n                \"or\": [\n                  {\n                    \"and\": [\n                      {\n                        \"and\": [\n                          {\n                            \"or\": [\n                              {\n                                \"or\": [\n                                  \"x*qEO8t\",\n                                  \"r_{8N-NS\"\n                                ]\n                              },\n                              \"7\",\n                              \"LMx fYw8\",\n                              \"JfI:R|uz,G\"\n                            ]\n                          },\n                          \"3^vGO3\\\\EL\"\n                        ]\n                      },\n                      {\n                        \"or\": [\n                          {\n                            \"or\": []\n                          },\n                          {\n                            \"mc\": \">=15\"\n                          },\n                          {\n                            \"or\": []\n                          },\n                          \"TFqX)F\",\n                          \"}K\\\\];cL\"\n                        ]\n                      },\n                      \"4\",\n                      {\n                        \"or\": [\n                          \"3(q\",\n                          \"^M^Y3^}\",\n                          \"wf@a{F{\"\n                        ]\n                      }\n                    ]\n                  },\n                  {\n                    \"or\": [\n                      \"\",\n                      {\n                        \"and\": [\n                          {\n                            \"or\": [\n                              \"/4{z1\",\n                              {\n                                \"mc\": \">=126\"\n                              },\n                              \"2:f\",\n                              {\n                                \"or\": []\n                              },\n                              \"\"\n                            ]\n                          }\n                        ]\n                      },\n                      \"6SWS\",\n                      {\n                        \"or\": [\n                          \"JAj&$CS\\\"(\",\n                          \"27<ZE@\",\n                          {\n                            \"mc\": \"<=187\"\n                          }\n                        ]\n                      },\n                      \"D)e]\\\"n\"\n                    ]\n                  },\n                  {\n                    \"mc\": \">=91\"\n                  }\n                ]\n              }\n            ],\n            \"url\": \"http://gn8veckjheob06fx60qlz567bfr5jji.slibqmahky/,%F2%9D%85%A0j-P(QmC/\",\n            \"info\": \"%NL)jTo\\\"g>\",\n            \"isSelectable\": true\n          },\n          \"j4Qe%d0\": {\n            \"name\": \"{st\",\n            \"ay\": 1952,\n            \"assign\": [],\n            \"match\": [\n              {\n                \"pattern\": \"LYC03*Y\",\n                \"exclude\": [\n                  \"WQF370C\",\n                  \"NU3*40B\",\n                  \"VVY0\",\n                  \"XOV59D\",\n                  \"UAA32\"\n                ],\n                \"info\": \"\"\n              },\n              {\n                \"or\": [\n                  {\n                    \"pattern\": \"JT*02N\",\n                    \"exclude\": \"PG78\"\n                  },\n                  {\n                    \"pattern\": \"YC68x*\",\n                    \"exclude\": \"TVH2D\",\n                    \"info\": \"53Ae\"\n                  },\n                  {\n                    \"or\": []\n                  },\n                  {\n                    \"and\": []\n                  }\n                ]\n              },\n              {\n                \"and\": [\n                  {\n                    \"pattern\": \"GWx*27\",\n                    \"info\": \"yfC\"\n                  }\n                ]\n              },\n              \"YRD762\"\n            ],\n            \"satisfy\": {\n              \"mc\": \"<=140\"\n            },\n            \"url\": \"http://7vk3bjahrrktxjr09moxcfivjpue-ziolh67d06xthd8l56e3955y6kujiucxeg.7v8vnodjdahba3kalotzerglakoj0tsy.kdtf0en4l5t-9uwr03dn3s7f2zomlljp5gg21lqixyesajrzalhcg5pz6t0yq9.po/%F0%B3%A8%B0E8wT7H:%F3%A6%94%B6R/)~%F2%A7%83%A90bdYb%F1%81%8D%B4%F3%9D%98%9C/K8i7H!/pj4SK\",\n            \"info\": \"Lw$I;E\"\n          }\n        },\n        \"*[]5'\": {\n          \"ay\": 2017,\n          \"assign\": [\n            \"GVcK\",\n            \"ehCex\",\n            \"\",\n            \"S|:Lx)g\"\n          ],\n          \"match\": {\n            \"and\": [\n              \"HKN*9\",\n              {\n                \"pattern\": \"JOC0189N\",\n                \"info\": \";{gc^-*\"\n              },\n              {\n                \"or\": []\n              },\n              {\n                \"and\": [\n                  \"WW26E\",\n                  \"HTG3Z\",\n                  {\n                    \"pattern\": \"MS7\",\n                    \"exclude\": [\n                      \"HG60\",\n                      \"IK9*9\",\n                      \"MEG55V\",\n                      \"KA0773T\"\n                    ],\n                    \"info\": \"ZMz.{A\"\n                  },\n                  \"FUxC\",\n                  \"SGA6*x6\"\n                ]\n              }\n            ]\n          },\n          \"url\": \"https://yivx6m5cih2upo7t8mjdy-6eemcd2mch0w0li8-lcn286l.574hyilvkkw044iwkioxstc84g-osc70d3749txckp1hm307q5jye4zg9gwyj.m.ol71iomh0bd2e2jg47unfyc.jgexnffb59t43u47vj2incpcu0h3j41n7zlfyb8m1euymwg.ctzsl/b%F1%A9%B2%87dFCK&O//V=+6/r%F1%90%87%8FeXl_/f%F2%9A%A0%80TsfGtdW/EWNJ%F2%BF%B2%BE7g\",\n          \"info\": \"^G\",\n          \"isSelectable\": true\n        },\n        \"ZF&C\\\\\": {\n          \"match\": {\n            \"or\": [\n              {\n                \"pattern\": \"NRZ79\",\n                \"exclude\": \"TI43U\"\n              },\n              {\n                \"pattern\": \"FBJ*6A\",\n                \"exclude\": [\n                  \"WPV3095\",\n                  \"ES35*\"\n                ]\n              },\n              \"FM4513W\",\n              {\n                \"or\": [\n                  \"QVE862W\"\n                ]\n              }\n            ]\n          },\n          \"satisfy\": [\n            \"%Sz/-'F,\",\n            {\n              \"mc\": \"<=147\"\n            }\n          ],\n          \"url\": \"http://v.qjog\",\n          \"info\": \"z]\"\n        }\n      }\n    }\n  },\n  {\n    \"title\": \"block sample 5\",\n    \"value\": {\n      \"name\": \" F&###\",\n      \"ay\": 1953,\n      \"assign\": \"\",\n      \"match\": {\n        \"and\": [\n          \"IXG0\",\n          {\n            \"pattern\": \"VU433W\",\n            \"info\": \"b\"\n          }\n        ]\n      },\n      \"satisfy\": [\n        {\n          \"and\": [\n            {\n              \"or\": [\n                {\n                  \"mc\": \">=165\"\n                },\n                \"91HTF\",\n                \":yDyT\",\n                \"w\"\n              ]\n            },\n            {\n              \"and\": [\n                {\n                  \"and\": []\n                },\n                \"[:#.\"\n              ]\n            },\n            \"%;K-9q`n\",\n            {\n              \"and\": [\n                \"ozEs%\"\n              ]\n            },\n            {\n              \"mc\": \">=167\"\n            }\n          ]\n        },\n        {\n          \"or\": []\n        }\n      ],\n      \"url\": \"http://c51-1fp1y38cmzq9owta3u.neild/w2~h/QT@g\",\n      \"info\": \"&2\",\n      \"isSelectable\": true\n    }\n  },\n  {\n    \"title\": \"block sample 6\",\n    \"value\": {\n      \"assign\": \"x&\\\"R#%\",\n      \"match\": {\n        \"and\": [\n          {\n            \"and\": []\n          }\n        ]\n      },\n      \"satisfy\": [\n        {\n          \"mc\": \"<=1\"\n        }\n      ],\n      \"info\": \"dM6\",\n      \"isSelectable\": true\n    }\n  },\n  {\n    \"title\": \"block sample 7\",\n    \"value\": {\n      \"name\": \"{O:\\\\\\\"nSV\",\n      \"ay\": 1999,\n      \"assign\": [\n        \"biL?\\\"V\\\"\",\n        \"\",\n        \"\",\n        \"P]5;^:\",\n        \"!x\"\n      ],\n      \"match\": \"SZS11*2\",\n      \"satisfy\": [\n        {\n          \"and\": [\n            {\n              \"or\": [\n                {\n                  \"or\": []\n                },\n                {\n                  \"and\": [\n                    {\n                      \"mc\": \">=164\"\n                    },\n                    \"9D\",\n                    \"/PuSZ[*\",\n                    {\n                      \"mc\": \">=114\"\n                    }\n                  ]\n                }\n              ]\n            },\n            \":J7pq=f\\\" \"\n          ]\n        },\n        {\n          \"mc\": \"<=193\"\n        }\n      ],\n      \"isSelectable\": true,\n      \";Eap'(\": {\n        \"name\": \"g|1#k'u\",\n        \"ay\": 2026,\n        \"assign\": \"2\",\n        \"match\": [\n          \"PT3346E\",\n          \"MXN269\",\n          {\n            \"or\": [\n              {\n                \"pattern\": \"NV*x3xT\",\n                \"exclude\": [\n                  \"ZC120D\",\n                  \"NMP*xI\"\n                ]\n              }\n            ]\n          }\n        ],\n        \"satisfy\": [],\n        \"url\": \"http://7vke-pid6nwavg-nhdsn.a.v1e5379i6uuax5i48ysdhb4llksk3sqgzm-w.rumo1umw0yr7urfthsakg2qasdtj-nd5.kayet/G%F2%8A%B4%BFP%F0%9F%86%90g%F3%A9%8E%8E/rS%F3%81%8F%AFN%F3%9C%89%8BG%F3%B7%95%B3n\",\n        \"info\": \"+Z\",\n        \"isSelectable\": true\n      }\n    }\n  },\n  {\n    \"title\": \"block sample 8\",\n    \"value\": {\n      \"name\": \"{&|z  s\",\n      \"ay\": 1951,\n      \"match\": {\n        \"or\": []\n      },\n      \"satisfy\": [\n        {\n          \"and\": []\n        }\n      ],\n      \"url\": \"https://dvckzmue0srbyb47guju7zjn4dipv9b3-u871udx15wo.bzc/(POq*Z@w/u3f8q1//%F4%8F%96%84*~VW5YU%F3%B0%BD%A0\",\n      \"info\": \"R}vMK?KJ!\",\n      \"isSelectable\": true\n    }\n  },\n  {\n    \"title\": \"block sample 9\",\n    \"value\": {\n      \"name\": \"jJ].|omP>O\",\n      \"ay\": 2004,\n      \"assign\": [],\n      \"match\": \"MA2525\",\n      \"satisfy\": [\n        {\n          \"or\": [\n            {\n              \"or\": [\n                \"7c\"\n              ]\n            },\n            \"N7\",\n            {\n              \"and\": [\n                {\n                  \"mc\": \"<=59\"\n                }\n              ]\n            },\n            \"uTyg65y/7f\",\n            {\n              \"and\": []\n            }\n          ]\n        }\n      ],\n      \"url\": \"http://hk1c68dk53aisr47q53kfjimclaq8bjvcdfrfcakabbhrf274rayst018qs.jxcz/yIQX0i%F1%B1%8D%BCD/-~,MH(l/)e/ZDeRNFW@LF/s8%F3%85%8B%B6/o@Bt~\",\n      \"isSelectable\": true\n    }\n  }\n]",
              "code": "fast_check_1.sample(index_test_2.block, 10).forEach((sample, i) => addContext_1.default(this, {\n    title: `block sample ${i}`,\n    value: sample,\n}));\nreturn fast_check_1.assert(fast_check_1.property(index_test_2.block, ajvValidate));",
              "err": {},
              "uuid": "2d04ffee-3196-4b78-ac09-444b706f39e0",
              "parentUUID": "cc07c028-29cd-46e8-b048-afefc25f9c82",
              "isHook": false,
              "skipped": false
            },
            {
              "title": "should not validate non-object",
              "fullTitle": "blockSchema should not validate non-object",
              "timedOut": false,
              "duration": 2,
              "state": "passed",
              "speed": "fast",
              "pass": true,
              "fail": false,
              "pending": false,
              "context": null,
              "code": "const error = {\n    instancePath: \"\",\n    message: \"block should be an object\",\n};\nisInvalidBlock(null, error);\nisInvalidBlock(undefined, error);\nisInvalidBlock(10, error);\nisInvalidBlock([12, 24], error);\nisInvalidBlock(\"abc\", error);",
              "err": {},
              "uuid": "2829f194-8e92-4a56-8575-66f6f1e4955a",
              "parentUUID": "cc07c028-29cd-46e8-b048-afefc25f9c82",
              "isHook": false,
              "skipped": false
            },
            {
              "title": "should not validate block with invalid properties",
              "fullTitle": "blockSchema should not validate block with invalid properties",
              "timedOut": false,
              "duration": 0,
              "state": "passed",
              "speed": "fast",
              "pass": true,
              "fail": false,
              "pending": false,
              "context": null,
              "code": "isInvalidBlock({\n        name: { foo: \"bar\" },\n        ay: -1000,\n        assign: {},\n        match: 1,\n        satisfy: 2,\n        url: { abc: \"def\" },\n        info: 42,\n        isSelectable: 32,\n    }, { instancePath: \"/name\", message: \"property 'name' should be a string\" }, {\n        instancePath: \"/ay\",\n        message: \"property 'ay' should be a positive integer\",\n    }, {\n        instancePath: \"/assign\",\n        message: \"property 'assign' should be either a block ID or an array of block IDs\",\n    }, {\n        instancePath: \"/match\",\n        message: \"property 'match' should be either a match rule or an array of match rules\",\n    }, {\n        instancePath: \"/satisfy\",\n        message: \"property 'satisfy' should be either a satisfy rule or an array of satisfy rules\",\n    }, { instancePath: \"/url\", message: \"property 'url' should be a string\" }, { instancePath: \"/info\", message: \"property 'info' should be a string\" }, {\n        instancePath: \"/isSelectable\",\n        message: \"property 'isSelectable' should be a boolean\",\n    })",
              "err": {},
              "uuid": "7f89967b-bcb2-44b2-ae59-2b2b325b1080",
              "parentUUID": "cc07c028-29cd-46e8-b048-afefc25f9c82",
              "isHook": false,
              "skipped": false
            }
          ],
          "suites": [],
          "passes": [
            "2d04ffee-3196-4b78-ac09-444b706f39e0",
            "2829f194-8e92-4a56-8575-66f6f1e4955a",
            "7f89967b-bcb2-44b2-ae59-2b2b325b1080"
          ],
          "failures": [],
          "pending": [],
          "skipped": [],
          "duration": 174,
          "root": false,
          "rootEmpty": false,
          "_timeout": 2000
        },
        {
          "uuid": "5d468177-2bee-4578-898f-3fb795bb6dce",
          "title": "patternToRE",
          "fullFile": "/home/runner/work/planwithus-lib/planwithus-lib/src/matchRule/pattern/satisfiers.test.ts",
          "file": "/src/matchRule/pattern/satisfiers.test.ts",
          "beforeHooks": [],
          "afterHooks": [],
          "tests": [
            {
              "title": "should match valid modules with a single pattern",
              "fullTitle": "patternToRE should match valid modules with a single pattern",
              "timedOut": false,
              "duration": 13,
              "state": "passed",
              "speed": "fast",
              "pass": true,
              "fail": false,
              "pending": false,
              "context": "[\n  {\n    \"title\": \"patternExampleList sample 0\",\n    \"value\": [\n      \"ENU362E\",\n      [\n        \"ENU362E\"\n      ]\n    ]\n  },\n  {\n    \"title\": \"patternExampleList sample 1\",\n    \"value\": [\n      \"BOX*0I\",\n      [\n        \"BOXWQO0I\",\n        \"BOX4JGZ0I\",\n        \"BOXSO0I\",\n        \"BOX7NCM0I\",\n        \"BOXST5US40I\",\n        \"BOXIUC0I\",\n        \"BOXVAM0I\",\n        \"BOXL0I\",\n        \"BOXD0I\"\n      ]\n    ]\n  },\n  {\n    \"title\": \"patternExampleList sample 2\",\n    \"value\": [\n      \"ZM9904\",\n      [\n        \"ZM9904\"\n      ]\n    ]\n  },\n  {\n    \"title\": \"patternExampleList sample 3\",\n    \"value\": [\n      \"XG95\",\n      [\n        \"XG95\"\n      ]\n    ]\n  },\n  {\n    \"title\": \"patternExampleList sample 4\",\n    \"value\": [\n      \"VA6x1Y\",\n      [\n        \"VA641Y\",\n        \"VA621Y\"\n      ]\n    ]\n  },\n  {\n    \"title\": \"patternExampleList sample 5\",\n    \"value\": [\n      \"TM3xG\",\n      [\n        \"TM39G\",\n        \"TM36G\",\n        \"TM38G\",\n        \"TM32G\",\n        \"TM34G\",\n        \"TM35G\",\n        \"TM33G\",\n        \"TM30G\",\n        \"TM31G\"\n      ]\n    ]\n  },\n  {\n    \"title\": \"patternExampleList sample 6\",\n    \"value\": [\n      \"XFR*164S\",\n      [\n        \"XFRMNPE164S\"\n      ]\n    ]\n  },\n  {\n    \"title\": \"patternExampleList sample 7\",\n    \"value\": [\n      \"SHB2\",\n      [\n        \"SHB2\"\n      ]\n    ]\n  },\n  {\n    \"title\": \"patternExampleList sample 8\",\n    \"value\": [\n      \"TY5011B\",\n      [\n        \"TY5011B\"\n      ]\n    ]\n  },\n  {\n    \"title\": \"patternExampleList sample 9\",\n    \"value\": [\n      \"YFB77\",\n      [\n        \"YFB77\"\n      ]\n    ]\n  }\n]",
              "code": "fast_check_1.sample(index_test_1.patternExampleList, 10).forEach((sample, i) => addContext_1.default(this, {\n    title: `patternExampleList sample ${i}`,\n    value: sample,\n}));\nreturn fast_check_1.assert(fast_check_1.property(index_test_1.patternExampleList, ([patternStr, examples]) => {\n    const re = _1.patternToRE(patternStr);\n    return examples.every(re.test.bind(re));\n}));",
              "err": {},
              "uuid": "02e62bda-f210-47e6-abdf-6706cfd2614a",
              "parentUUID": "5d468177-2bee-4578-898f-3fb795bb6dce",
              "isHook": false,
              "skipped": false
            },
            {
              "title": "should match valid modules with multiple patterns",
              "fullTitle": "patternToRE should match valid modules with multiple patterns",
              "timedOut": false,
              "duration": 55,
              "state": "passed",
              "speed": "medium",
              "pass": true,
              "fail": false,
              "pending": false,
              "context": "[\n  {\n    \"title\": \"patternExampleListArray sample 0\",\n    \"value\": [\n      [\n        \"OJ*8B\",\n        [\n          \"OJP5LQ8B\",\n          \"OJE31SH2BI8B\",\n          \"OJDM5D8B\",\n          \"OJ8TZRS8B\",\n          \"OJVI49M4AX8B\",\n          \"OJYVNV8BKG8B\",\n          \"OJ4XXYW8B\",\n          \"OJLSV8B\",\n          \"OJGFIY2Z8B\",\n          \"OJJX8B\",\n          \"OJKBN8B\",\n          \"OJIRBP5SN8B\"\n        ]\n      ]\n    ]\n  },\n  {\n    \"title\": \"patternExampleListArray sample 1\",\n    \"value\": [\n      [\n        \"RZ*377H\",\n        [\n          \"RZTWUMUC377H\",\n          \"RZEQ7Q0377H\"\n        ]\n      ]\n    ]\n  },\n  {\n    \"title\": \"patternExampleListArray sample 2\",\n    \"value\": [\n      [\n        \"FM45*K\",\n        [\n          \"FM45K\",\n          \"FM45A1RTY3AAK\",\n          \"FM45UZ9OBMYK\",\n          \"FM4535K\",\n          \"FM45105AJK\",\n          \"FM45FYPEWK\",\n          \"FM45BK\",\n          \"FM45TO6K\"\n        ]\n      ],\n      [\n        \"TM303H\",\n        [\n          \"TM303H\"\n        ]\n      ],\n      [\n        \"KY449B\",\n        [\n          \"KY449B\"\n        ]\n      ],\n      [\n        \"XB912\",\n        [\n          \"XB912\"\n        ]\n      ],\n      [\n        \"HLF58\",\n        [\n          \"HLF58\"\n        ]\n      ],\n      [\n        \"OVJ136K\",\n        [\n          \"OVJ136K\"\n        ]\n      ],\n      [\n        \"BEN5x13K\",\n        [\n          \"BEN5313K\"\n        ]\n      ],\n      [\n        \"UY826S\",\n        [\n          \"UY826S\"\n        ]\n      ],\n      [\n        \"ZEO6\",\n        [\n          \"ZEO6\"\n        ]\n      ],\n      [\n        \"GYB1177\",\n        [\n          \"GYB1177\"\n        ]\n      ],\n      [\n        \"RDF9U\",\n        [\n          \"RDF9U\"\n        ]\n      ]\n    ]\n  },\n  {\n    \"title\": \"patternExampleListArray sample 3\",\n    \"value\": [\n      [\n        \"RRx*45D\",\n        [\n          \"RR0MU45D\",\n          \"RR3RXLZW545D\",\n          \"RR745D\"\n        ]\n      ],\n      [\n        \"HN5069\",\n        [\n          \"HN5069\"\n        ]\n      ],\n      [\n        \"AT2C\",\n        [\n          \"AT2C\"\n        ]\n      ],\n      [\n        \"MHX69\",\n        [\n          \"MHX69\"\n        ]\n      ],\n      [\n        \"XI33x0\",\n        [\n          \"XI3390\",\n          \"XI3370\",\n          \"XI3310\",\n          \"XI3340\",\n          \"XI3360\",\n          \"XI3350\",\n          \"XI3330\",\n          \"XI3380\"\n        ]\n      ],\n      [\n        \"MJ*16\",\n        [\n          \"MJ16\",\n          \"MJ2A6BMANE16\",\n          \"MJZY52HF16\"\n        ]\n      ],\n      [\n        \"ISN258\",\n        [\n          \"ISN258\"\n        ]\n      ]\n    ]\n  },\n  {\n    \"title\": \"patternExampleListArray sample 4\",\n    \"value\": [\n      [\n        \"CTE8Z\",\n        [\n          \"CTE8Z\"\n        ]\n      ],\n      [\n        \"VOMxU\",\n        [\n          \"VOM1U\",\n          \"VOM6U\",\n          \"VOM2U\",\n          \"VOM8U\",\n          \"VOM5U\",\n          \"VOM9U\",\n          \"VOM3U\",\n          \"VOM7U\"\n        ]\n      ]\n    ]\n  },\n  {\n    \"title\": \"patternExampleListArray sample 5\",\n    \"value\": [\n      [\n        \"II9x\",\n        [\n          \"II94\",\n          \"II99\",\n          \"II93\",\n          \"II91\",\n          \"II90\",\n          \"II92\",\n          \"II97\",\n          \"II95\",\n          \"II98\",\n          \"II96\"\n        ]\n      ],\n      [\n        \"TK4N\",\n        [\n          \"TK4N\"\n        ]\n      ],\n      [\n        \"DZ1992\",\n        [\n          \"DZ1992\"\n        ]\n      ],\n      [\n        \"LBL07*\",\n        [\n          \"LBL07FJD05\"\n        ]\n      ],\n      [\n        \"CVx88\",\n        [\n          \"CV588\",\n          \"CV888\",\n          \"CV288\",\n          \"CV688\",\n          \"CV788\"\n        ]\n      ],\n      [\n        \"TD4E\",\n        [\n          \"TD4E\"\n        ]\n      ],\n      [\n        \"DBW9666\",\n        [\n          \"DBW9666\"\n        ]\n      ]\n    ]\n  },\n  {\n    \"title\": \"patternExampleListArray sample 6\",\n    \"value\": [\n      [\n        \"APV9W\",\n        [\n          \"APV9W\"\n        ]\n      ],\n      [\n        \"YO5\",\n        [\n          \"YO5\"\n        ]\n      ],\n      [\n        \"CPW9xS\",\n        [\n          \"CPW97S\",\n          \"CPW96S\",\n          \"CPW99S\"\n        ]\n      ],\n      [\n        \"RD3\",\n        [\n          \"RD3\"\n        ]\n      ]\n    ]\n  },\n  {\n    \"title\": \"patternExampleListArray sample 7\",\n    \"value\": [\n      [\n        \"HYP*114\",\n        [\n          \"HYPBF7114\"\n        ]\n      ],\n      [\n        \"ZA9\",\n        [\n          \"ZA9\"\n        ]\n      ],\n      [\n        \"IFxR\",\n        [\n          \"IF3R\",\n          \"IF1R\",\n          \"IF4R\",\n          \"IF7R\",\n          \"IF9R\",\n          \"IF2R\",\n          \"IF6R\",\n          \"IF5R\",\n          \"IF0R\"\n        ]\n      ],\n      [\n        \"AFC7x68X\",\n        [\n          \"AFC7068X\",\n          \"AFC7968X\",\n          \"AFC7168X\",\n          \"AFC7868X\",\n          \"AFC7568X\",\n          \"AFC7468X\",\n          \"AFC7268X\",\n          \"AFC7368X\",\n          \"AFC7768X\",\n          \"AFC7668X\"\n        ]\n      ],\n      [\n        \"ICF3189O\",\n        [\n          \"ICF3189O\"\n        ]\n      ],\n      [\n        \"RZQx64\",\n        [\n          \"RZQ664\",\n          \"RZQ164\",\n          \"RZQ464\",\n          \"RZQ064\"\n        ]\n      ],\n      [\n        \"GBP4742\",\n        [\n          \"GBP4742\"\n        ]\n      ],\n      [\n        \"SC90N\",\n        [\n          \"SC90N\"\n        ]\n      ],\n      [\n        \"QY*xx\",\n        [\n          \"QYBZKB5THU06\",\n          \"QY9WBEDPZT61\",\n          \"QYD5380\"\n        ]\n      ],\n      [\n        \"BU*1\",\n        [\n          \"BU2AK21\",\n          \"BU0VGFJ1\",\n          \"BU8P71\",\n          \"BU2EW73W1\"\n        ]\n      ],\n      [\n        \"PTK01*0Q\",\n        [\n          \"PTK01G0Q\",\n          \"PTK01G56I60Q\",\n          \"PTK0180Q\",\n          \"PTK013ZRMD8C0Q\"\n        ]\n      ]\n    ]\n  },\n  {\n    \"title\": \"patternExampleListArray sample 8\",\n    \"value\": [\n      [\n        \"IK20\",\n        [\n          \"IK20\"\n        ]\n      ]\n    ]\n  },\n  {\n    \"title\": \"patternExampleListArray sample 9\",\n    \"value\": [\n      [\n        \"BU5\",\n        [\n          \"BU5\"\n        ]\n      ],\n      [\n        \"EO175T\",\n        [\n          \"EO175T\"\n        ]\n      ],\n      [\n        \"BZ*5*V\",\n        [\n          \"BZSTM5QY7YV\",\n          \"BZIQMJ5NNWUV\",\n          \"BZN7VFY2V59V\",\n          \"BZ8HNAA5XBOLCV\",\n          \"BZKGK65Z1V\",\n          \"BZSTA0MY95V\"\n        ]\n      ],\n      [\n        \"HZ611V\",\n        [\n          \"HZ611V\"\n        ]\n      ],\n      [\n        \"JW*16\",\n        [\n          \"JWP2PYS9216\",\n          \"JW7WFOX2ON16\",\n          \"JWLVC9I71B16\",\n          \"JWWAXII16\",\n          \"JWMVXP16\",\n          \"JWNJEAZ716\",\n          \"JWLRQ3116\",\n          \"JWCUFIS516\",\n          \"JW4J16\"\n        ]\n      ],\n      [\n        \"JFV60R\",\n        [\n          \"JFV60R\"\n        ]\n      ],\n      [\n        \"IX567\",\n        [\n          \"IX567\"\n        ]\n      ],\n      [\n        \"NS66\",\n        [\n          \"NS66\"\n        ]\n      ],\n      [\n        \"BE611A\",\n        [\n          \"BE611A\"\n        ]\n      ],\n      [\n        \"KI2xB\",\n        [\n          \"KI21B\",\n          \"KI25B\"\n        ]\n      ],\n      [\n        \"XB0*\",\n        [\n          \"XB0ICMVB\",\n          \"XB0J\",\n          \"XB0IFRJ3L\",\n          \"XB0EQ32O0\",\n          \"XB011Z\",\n          \"XB0HZ6RZCBD\",\n          \"XB0K7\",\n          \"XB0\",\n          \"XB0IXVE6DOV\",\n          \"XB03TW\",\n          \"XB0WGHW\",\n          \"XB0O09E1W\"\n        ]\n      ],\n      [\n        \"LDX6B\",\n        [\n          \"LDX6B\"\n        ]\n      ]\n    ]\n  }\n]",
              "code": "const patternExampleListArray = fast_check_1.array(index_test_1.patternExampleList, { minLength: 1 });\nfast_check_1.sample(patternExampleListArray, 10).forEach((sample, i) => addContext_1.default(this, {\n    title: `patternExampleListArray sample ${i}`,\n    value: sample,\n}));\nreturn fast_check_1.assert(fast_check_1.property(patternExampleListArray, (ts) => {\n    const re = _1.patternToRE(...ts.map(([patternStr]) => patternStr));\n    return ts\n        .map(([, examples]) => examples)\n        .flat()\n        .every(re.test.bind(re));\n}));",
              "err": {},
              "uuid": "5472e570-de51-4f52-868a-fc4a3534c226",
              "parentUUID": "5d468177-2bee-4578-898f-3fb795bb6dce",
              "isHook": false,
              "skipped": false
            },
            {
              "title": "should not match x to non-number",
              "fullTitle": "patternToRE should not match x to non-number",
              "timedOut": false,
              "duration": 1,
              "state": "passed",
              "speed": "fast",
              "pass": true,
              "fail": false,
              "pending": false,
              "context": null,
              "code": "const re = _1.patternToRE(\"x\");\n[\"A\", \"Z\", \"c\", \"#\"].forEach((example) => isInvalidExample(re, example));",
              "err": {},
              "uuid": "35c52584-fb15-4719-9ce4-9ba62e7dc367",
              "parentUUID": "5d468177-2bee-4578-898f-3fb795bb6dce",
              "isHook": false,
              "skipped": false
            },
            {
              "title": "should not match * to a substring composed of characters other than A-Z and 0-9",
              "fullTitle": "patternToRE should not match * to a substring composed of characters other than A-Z and 0-9",
              "timedOut": false,
              "duration": 0,
              "state": "passed",
              "speed": "fast",
              "pass": true,
              "fail": false,
              "pending": false,
              "context": null,
              "code": "const re = _1.patternToRE(\"*\");\n[\"c\", \"Ac\", \"cA\", \"0Ax\", \"x0A\", \"BA#\", \"#AB\"].forEach((example) => isInvalidExample(re, example));",
              "err": {},
              "uuid": "0b675b8e-6a7a-446d-9dd3-5fcefbd8861d",
              "parentUUID": "5d468177-2bee-4578-898f-3fb795bb6dce",
              "isHook": false,
              "skipped": false
            },
            {
              "title": "should not match substrings",
              "fullTitle": "patternToRE should not match substrings",
              "timedOut": false,
              "duration": 1,
              "state": "passed",
              "speed": "fast",
              "pass": true,
              "fail": false,
              "pending": false,
              "context": null,
              "code": "const re = _1.patternToRE(\"A*xC\");\n[\"A1CZ\", \"AC1CZ\", \"ZA1C\", \"ZAC1C\", \"ZA1CZ\", \"ZAC1CZ\"].forEach((example) => isInvalidExample(re, example));",
              "err": {},
              "uuid": "530d6055-979c-4f84-866a-f10aa5c2cfe5",
              "parentUUID": "5d468177-2bee-4578-898f-3fb795bb6dce",
              "isHook": false,
              "skipped": false
            }
          ],
          "suites": [],
          "passes": [
            "02e62bda-f210-47e6-abdf-6706cfd2614a",
            "5472e570-de51-4f52-868a-fc4a3534c226",
            "35c52584-fb15-4719-9ce4-9ba62e7dc367",
            "0b675b8e-6a7a-446d-9dd3-5fcefbd8861d",
            "530d6055-979c-4f84-866a-f10aa5c2cfe5"
          ],
          "failures": [],
          "pending": [],
          "skipped": [],
          "duration": 70,
          "root": false,
          "rootEmpty": false,
          "_timeout": 2000
        },
        {
          "uuid": "a0b13d3d-b822-455f-8dd1-241f5cb128c9",
          "title": "patternSatisfier",
          "fullFile": "/home/runner/work/planwithus-lib/planwithus-lib/src/matchRule/pattern/satisfiers.test.ts",
          "file": "/src/matchRule/pattern/satisfiers.test.ts",
          "beforeHooks": [],
          "afterHooks": [],
          "tests": [
            {
              "title": "should assign all modules with *",
              "fullTitle": "patternSatisfier should assign all modules with *",
              "timedOut": false,
              "duration": 1,
              "state": "passed",
              "speed": "fast",
              "pass": true,
              "fail": false,
              "pending": false,
              "context": null,
              "code": "const { assign } = satisfiers_1.patternSatisfier(ref, \"*\");\nisCorrectAssign(assign, modulesList1, modulesList1.map(([moduleStr]) => moduleStr));",
              "err": {},
              "uuid": "32dc8e2f-a7ec-4fb3-b148-83c4a372d256",
              "parentUUID": "a0b13d3d-b822-455f-8dd1-241f5cb128c9",
              "isHook": false,
              "skipped": false
            },
            {
              "title": "should assign only valid modules with pattern containing *",
              "fullTitle": "patternSatisfier should assign only valid modules with pattern containing *",
              "timedOut": false,
              "duration": 0,
              "state": "passed",
              "speed": "fast",
              "pass": true,
              "fail": false,
              "pending": false,
              "context": null,
              "code": "const { assign } = satisfiers_1.patternSatisfier(ref, \"CS2*\");\nisCorrectAssign(assign, modulesList1, [\"CS2100\", \"CS2040S\", \"CS2030\"]);",
              "err": {},
              "uuid": "e81ead59-5eba-473f-98dd-2912ebfc6b24",
              "parentUUID": "a0b13d3d-b822-455f-8dd1-241f5cb128c9",
              "isHook": false,
              "skipped": false
            },
            {
              "title": "should assign only valid modules with pattern containing x",
              "fullTitle": "patternSatisfier should assign only valid modules with pattern containing x",
              "timedOut": false,
              "duration": 0,
              "state": "passed",
              "speed": "fast",
              "pass": true,
              "fail": false,
              "pending": false,
              "context": null,
              "code": "const { assign } = satisfiers_1.patternSatisfier(ref, \"CS20xx\");\nisCorrectAssign(assign, modulesList1, [\"CS2030\"]);",
              "err": {},
              "uuid": "faa8bc20-b99c-476e-9ad9-29f12728553a",
              "parentUUID": "a0b13d3d-b822-455f-8dd1-241f5cb128c9",
              "isHook": false,
              "skipped": false
            },
            {
              "title": "should assign only valid modules with pattern containing x and *",
              "fullTitle": "patternSatisfier should assign only valid modules with pattern containing x and *",
              "timedOut": false,
              "duration": 0,
              "state": "passed",
              "speed": "fast",
              "pass": true,
              "fail": false,
              "pending": false,
              "context": null,
              "code": "const { assign } = satisfiers_1.patternSatisfier(ref, \"CS20xx*\");\nisCorrectAssign(assign, modulesList1, [\"CS2040S\", \"CS2030\"]);",
              "err": {},
              "uuid": "0f7bf430-c640-4596-8b21-f4373bf6d1b9",
              "parentUUID": "a0b13d3d-b822-455f-8dd1-241f5cb128c9",
              "isHook": false,
              "skipped": false
            }
          ],
          "suites": [],
          "passes": [
            "32dc8e2f-a7ec-4fb3-b148-83c4a372d256",
            "e81ead59-5eba-473f-98dd-2912ebfc6b24",
            "faa8bc20-b99c-476e-9ad9-29f12728553a",
            "0f7bf430-c640-4596-8b21-f4373bf6d1b9"
          ],
          "failures": [],
          "pending": [],
          "skipped": [],
          "duration": 1,
          "root": false,
          "rootEmpty": false,
          "_timeout": 2000
        },
        {
          "uuid": "791f85bd-c035-48e0-85a8-b5a268f246ae",
          "title": "patternSchema",
          "fullFile": "/home/runner/work/planwithus-lib/planwithus-lib/src/matchRule/pattern/schemas.test.ts",
          "file": "/src/matchRule/pattern/schemas.test.ts",
          "beforeHooks": [],
          "afterHooks": [],
          "tests": [
            {
              "title": "should validate non-empty pattern composed of A-Z, 0-9, x or *",
              "fullTitle": "patternSchema should validate non-empty pattern composed of A-Z, 0-9, x or *",
              "timedOut": false,
              "duration": 1,
              "state": "passed",
              "speed": "fast",
              "pass": true,
              "fail": false,
              "pending": false,
              "context": "[\n  {\n    \"title\": \"pattern sample 0\",\n    \"value\": \"KRS7\"\n  },\n  {\n    \"title\": \"pattern sample 1\",\n    \"value\": \"TE292\"\n  },\n  {\n    \"title\": \"pattern sample 2\",\n    \"value\": \"FMU13\"\n  },\n  {\n    \"title\": \"pattern sample 3\",\n    \"value\": \"QWR46\"\n  },\n  {\n    \"title\": \"pattern sample 4\",\n    \"value\": \"CXB567J\"\n  },\n  {\n    \"title\": \"pattern sample 5\",\n    \"value\": \"XSJ0D\"\n  },\n  {\n    \"title\": \"pattern sample 6\",\n    \"value\": \"DRY0xT\"\n  },\n  {\n    \"title\": \"pattern sample 7\",\n    \"value\": \"WX953J\"\n  },\n  {\n    \"title\": \"pattern sample 8\",\n    \"value\": \"DXI83*K\"\n  },\n  {\n    \"title\": \"pattern sample 9\",\n    \"value\": \"PLO0848I\"\n  }\n]",
              "code": "fast_check_1.sample(index_test_2.pattern, 10).forEach((sample, i) => addContext_1.default(this, {\n    title: `pattern sample ${i}`,\n    value: sample,\n}));\nreturn fast_check_1.assert(fast_check_1.property(index_test_2.pattern, ajvValidate), {\n    examples: [[\"*\"], [\"ACC1002\"], [\"IS1103\"], [\"CS1231S\"], [\"MA1102R\"]],\n});",
[...]
              "skipped": false
            }
          ],
          "suites": [],
          "passes": [
            "e5af166e-a700-4921-a1c0-883a0964921f",
            "1d68c445-4478-4893-8522-7189ab4cf90f",
            "fa8a2b1a-09d2-43f5-a966-d11a6de7e5be",
            "121256b8-bc19-4eb1-9bb7-86ecfff947e0",
            "7f875432-1f3e-4ba2-ada8-e255071138ab",
            "0a3796f1-c2c9-4431-8a77-b117d62f1357",
            "a9f4623e-34f6-4366-bde0-9685631b6b52"
          ],
          "failures": [],
          "pending": [],
          "skipped": [],
          "duration": 2,
          "root": false,
          "rootEmpty": false,
          "_timeout": 2000
        },
        {
          "uuid": "1a665591-efb5-464e-8304-3383efdc8b71",
          "title": "inequalitySchema",
          "fullFile": "/home/runner/work/planwithus-lib/planwithus-lib/src/satisfyRule/inequality/schemas.test.ts",
          "file": "/src/satisfyRule/inequality/schemas.test.ts",
          "beforeHooks": [],
          "afterHooks": [],
          "tests": [
            {
              "title": "should validate inequality in the form <=n or >=n",
              "fullTitle": "inequalitySchema should validate inequality in the form <=n or >=n",
              "timedOut": false,
              "duration": 1,
              "state": "passed",
              "speed": "fast",
              "pass": true,
              "fail": false,
              "pending": false,
              "context": "[\n  {\n    \"title\": \"inequality sample 0\",\n    \"value\": \">=48\"\n  },\n  {\n    \"title\": \"inequality sample 1\",\n    \"value\": \"<=29\"\n  },\n  {\n    \"title\": \"inequality sample 2\",\n    \"value\": \"<=195\"\n  },\n  {\n    \"title\": \"inequality sample 3\",\n    \"value\": \">=69\"\n  },\n  {\n    \"title\": \"inequality sample 4\",\n    \"value\": \">=195\"\n  },\n  {\n    \"title\": \"inequality sample 5\",\n    \"value\": \"<=8\"\n  },\n  {\n    \"title\": \"inequality sample 6\",\n    \"value\": \"<=157\"\n  },\n  {\n    \"title\": \"inequality sample 7\",\n    \"value\": \">=131\"\n  },\n  {\n    \"title\": \"inequality sample 8\",\n    \"value\": \">=1\"\n  },\n  {\n    \"title\": \"inequality sample 9\",\n    \"value\": \">=1\"\n  }\n]",
              "code": "fast_check_1.sample(index_test_2.inequality, 10).forEach((sample, i) => addContext_1.default(this, {\n    title: `inequality sample ${i}`,\n    value: sample,\n}));\nreturn fast_check_1.assert(fast_check_1.property(index_test_2.inequality, ajvValidate));",
              "err": {},
              "uuid": "ff9a42aa-3796-45d4-ac54-009cf55df7ec",
              "parentUUID": "1a665591-efb5-464e-8304-3383efdc8b71",
              "isHook": false,
              "skipped": false
            },
            {
              "title": "should not validate inequality of invalid form",
              "fullTitle": "inequalitySchema should not validate inequality of invalid form",
              "timedOut": false,
              "duration": 1,
              "state": "passed",
              "speed": "fast",
              "pass": true,
              "fail": false,
              "pending": false,
              "context": null,
              "code": "[\n        \"\",\n        \"==23\",\n        \"23\",\n        \"<23\",\n        \">23\",\n        \"<=-1\",\n        \">=-1\",\n        \"<= 2\",\n        \">= 1\",\n        \"> 3\",\n        \"< 3\",\n        \"<=3a\",\n        \">=3a\",\n        \"a<=3\",\n        \"a>=3\",\n    ].forEach(isInvalidInequality)",
              "err": {},
              "uuid": "8c0e730e-94fe-4dcf-9432-5bf4b2229442",
              "parentUUID": "1a665591-efb5-464e-8304-3383efdc8b71",
              "isHook": false,
              "skipped": false
            }
          ],
          "suites": [],
          "passes": [
            "ff9a42aa-3796-45d4-ac54-009cf55df7ec",
            "8c0e730e-94fe-4dcf-9432-5bf4b2229442"
          ],
          "failures": [],
          "pending": [],
          "skipped": [],
          "duration": 2,
          "root": false,
          "rootEmpty": false,
          "_timeout": 2000
        },
        {
          "uuid": "abbf7dd8-a4b2-4079-9341-75eee67dc98f",
          "title": "satisfyRuleSchema",
          "fullFile": "/home/runner/work/planwithus-lib/planwithus-lib/src/satisfyRule/schemas.test.ts",
          "file": "/src/satisfyRule/schemas.test.ts",
          "beforeHooks": [],
          "afterHooks": [],
          "tests": [
            {
              "title": "should validate satisfy rule with valid block id",
              "fullTitle": "satisfyRuleSchema should validate satisfy rule with valid block id",
              "timedOut": false,
              "duration": 1,
              "state": "passed",
              "speed": "fast",
              "pass": true,
              "fail": false,
              "pending": false,
              "context": null,
              "code": "fast_check_1.assert(fast_check_1.property(fast_check_1.string(), ajvValidate)",
              "err": {},
              "uuid": "4691c779-ae8e-4987-8d13-7506faa749c1",
              "parentUUID": "abbf7dd8-a4b2-4079-9341-75eee67dc98f",
              "isHook": false,
              "skipped": false
            },
            {
              "title": "should validate satisfy rules with valid mc",
              "fullTitle": "satisfyRuleSchema should validate satisfy rules with valid mc",
              "timedOut": false,
              "duration": 2,
              "state": "passed",
              "speed": "fast",
              "pass": true,
              "fail": false,
              "pending": false,
              "context": "[\n  {\n    \"title\": \"mcSatisfyRule sample 0\",\n    \"value\": {\n      \"mc\": \">=5\"\n    }\n  },\n  {\n    \"title\": \"mcSatisfyRule sample 1\",\n    \"value\": {\n      \"mc\": \"<=4\"\n    }\n  },\n  {\n    \"title\": \"mcSatisfyRule sample 2\",\n    \"value\": {\n      \"mc\": \"<=6\"\n    }\n  },\n  {\n    \"title\": \"mcSatisfyRule sample 3\",\n    \"value\": {\n      \"mc\": \">=199\"\n    }\n  },\n  {\n    \"title\": \"mcSatisfyRule sample 4\",\n    \"value\": {\n      \"mc\": \"<=127\"\n    }\n  },\n  {\n    \"title\": \"mcSatisfyRule sample 5\",\n    \"value\": {\n      \"mc\": \">=8\"\n    }\n  },\n  {\n    \"title\": \"mcSatisfyRule sample 6\",\n    \"value\": {\n      \"mc\": \">=5\"\n    }\n  },\n  {\n    \"title\": \"mcSatisfyRule sample 7\",\n    \"value\": {\n      \"mc\": \"<=6\"\n    }\n  },\n  {\n    \"title\": \"mcSatisfyRule sample 8\",\n    \"value\": {\n      \"mc\": \">=22\"\n    }\n  },\n  {\n    \"title\": \"mcSatisfyRule sample 9\",\n    \"value\": {\n      \"mc\": \">=176\"\n    }\n  }\n]",
              "code": "fast_check_1.sample(index_test_2.mcSatisfyRule, 10).forEach((sample, i) => addContext_1.default(this, {\n    title: `mcSatisfyRule sample ${i}`,\n    value: sample,\n}));\nreturn fast_check_1.assert(fast_check_1.property(index_test_2.mcSatisfyRule, ajvValidate));",
              "err": {},
              "uuid": "9b9a8642-b1e5-475c-bee5-28d4c66e6a01",
              "parentUUID": "abbf7dd8-a4b2-4079-9341-75eee67dc98f",
              "isHook": false,
              "skipped": false
            },
            {
              "title": "should validate valid recursive satisfy rules",
              "fullTitle": "satisfyRuleSchema should validate valid recursive satisfy rules",
              "timedOut": false,
              "duration": 4,
              "state": "passed",
              "speed": "fast",
              "pass": true,
              "fail": false,
              "pending": false,
              "context": "[\n  {\n    \"title\": \"satisfyRule sample 0\",\n    \"value\": {\n      \"mc\": \"<=1\"\n    }\n  },\n  {\n    \"title\": \"satisfyRule sample 1\",\n    \"value\": {\n      \"or\": [\n        {\n          \"or\": [\n            {\n              \"and\": [\n                {\n                  \"mc\": \">=24\"\n                },\n                \"9Q}z#-mT-\"\n              ]\n            },\n            {\n              \"or\": []\n            },\n            {\n              \"or\": [\n                {\n                  \"or\": [\n                    \"hgrIx\",\n                    {\n                      \"and\": [\n                        \"8d%\",\n                        \"W}O:y?mX\",\n                        {\n                          \"or\": [\n                            \"\"\n                          ]\n                        },\n                        {\n                          \"or\": [\n                            \"G*J=;0\",\n                            \"9^\"\n                          ]\n                        }\n                      ]\n                    },\n                    \"-\"\n                  ]\n                }\n              ]\n            },\n            \"v0144w\",\n            {\n              \"mc\": \">=106\"\n            }\n          ]\n        },\n        {\n          \"or\": [\n            {\n              \"or\": [\n                {\n                  \"mc\": \"<=169\"\n                },\n                \"6b|vA3Y`}*\",\n                {\n                  \"mc\": \"<=4\"\n                },\n                {\n                  \"and\": [\n                    \"uKFz\\\"])K(\",\n                    \"U:TRX#*S\",\n                    \"\"\n                  ]\n                },\n                \"USY 0:.wy.\"\n              ]\n            },\n            \"t=Yrc\",\n            \"D/d_(Oh\\\"\",\n            \"on04;bZ\",\n            {\n              \"and\": [\n                \"\"\n              ]\n            }\n          ]\n        }\n      ]\n    }\n  },\n  {\n    \"title\": \"satisfyRule sample 2\",\n    \"value\": {\n      \"and\": [\n        {\n          \"mc\": \"<=162\"\n        },\n        {\n          \"or\": [\n            {\n              \"and\": [\n                \"xC\",\n                \"M}Z\"\n              ]\n            }\n          ]\n        }\n      ]\n    }\n  },\n  {\n    \"title\": \"satisfyRule sample 3\",\n    \"value\": {\n      \"or\": []\n    }\n  },\n  {\n    \"title\": \"satisfyRule sample 4\",\n    \"value\": {\n      \"or\": []\n    }\n  },\n  {\n    \"title\": \"satisfyRule sample 5\",\n    \"value\": {\n      \"or\": [\n        {\n          \"and\": [\n            \"\"\n          ]\n        },\n        \"]yq\",\n        {\n          \"and\": [\n            \"\",\n            \"\"\n          ]\n        },\n        {\n          \"and\": [\n            \"a5E|x,\",\n            {\n              \"or\": [\n                \"-Q&}f4KY|.\",\n                {\n                  \"and\": [\n                    \"[|`3'o$\"\n                  ]\n                },\n                \"C4}90\",\n                \"' G[ \",\n                {\n                  \"and\": [\n                    \"\"\n                  ]\n                }\n              ]\n            }\n          ]\n        },\n        {\n          \"mc\": \"<=6\"\n        }\n      ]\n    }\n  },\n  {\n    \"title\": \"satisfyRule sample 6\",\n    \"value\": {\n      \"mc\": \"<=195\"\n    }\n  },\n  {\n    \"title\": \"satisfyRule sample 7\",\n    \"value\": \"$\"\n  },\n  {\n    \"title\": \"satisfyRule sample 8\",\n    \"value\": {\n      \"and\": [\n        {\n          \"and\": [\n            {\n              \"and\": [\n                {\n                  \"and\": []\n                }\n              ]\n            }\n          ]\n        },\n        {\n          \"mc\": \"<=37\"\n        },\n        {\n          \"or\": [\n            \"+aCvUz in\",\n            {\n              \"and\": [\n                \"[Bk\",\n                \"$2gX\",\n                \"VosLtFj\"\n              ]\n            },\n            \"+br3`p\",\n            \"Nj?Sv#\"\n          ]\n        },\n        {\n          \"or\": []\n        }\n      ]\n    }\n  },\n  {\n    \"title\": \"satisfyRule sample 9\",\n    \"value\": {\n      \"and\": [\n        {\n          \"or\": [\n            {\n              \"and\": [\n                \"^}bmtK\",\n                {\n                  \"or\": [\n                    \"_#\",\n                    \"uz?{#~+v\",\n                    {\n                      \"mc\": \"<=72\"\n                    }\n                  ]\n                },\n                \"A3\",\n                \"lPK\",\n                \"\\\"Tnw\"\n              ]\n            },\n            {\n              \"and\": [\n                \"\\\\\",\n                {\n                  \"or\": [\n                    \"n;.~7(AE\",\n                    \"b?^dqQ*\",\n                    \"]qO>U_imr@\"\n                  ]\n                },\n                \"<TFo!XC5yH\",\n                {\n                  \"and\": [\n                    \"S6?{R1(.EB\",\n                    \"UzGSM &Xvc\",\n                    \"d|oK v\",\n                    \"4M-owS\"\n                  ]\n                }\n              ]\n            },\n            {\n              \"or\": [\n                \"N*Vh\"\n              ]\n            }\n          ]\n        },\n        \"#6Rd\"\n      ]\n    }\n  }\n]",
              "code": "fast_check_1.sample(index_test_2.satisfyRule, 10).forEach((sample, i) => addContext_1.default(this, {\n    title: `satisfyRule sample ${i}`,\n    value: sample,\n}));\nreturn fast_check_1.assert(fast_check_1.property(index_test_2.satisfyRule, ajvValidate));",
              "err": {},
              "uuid": "c1f71d3a-531b-4959-acc3-e9ae9236abd5",
              "parentUUID": "abbf7dd8-a4b2-4079-9341-75eee67dc98f",
              "isHook": false,
              "skipped": false
            },
            {
              "title": "should not validate non-string/object",
              "fullTitle": "satisfyRuleSchema should not validate non-string/object",
              "timedOut": false,
              "duration": 1,
              "state": "passed",
              "speed": "fast",
              "pass": true,
              "fail": false,
              "pending": false,
              "context": null,
              "code": "const error = {\n    instancePath: \"\",\n    message: \"satisfy rule should be either a string or an object\",\n};\nisInvalidRule(null, error);\nisInvalidRule(undefined, error);\nisInvalidRule(10, error);\nisInvalidRule([12, 24], error);",
              "err": {},
              "uuid": "88cbad66-0d67-4605-8288-ff8cce542cdd",
              "parentUUID": "abbf7dd8-a4b2-4079-9341-75eee67dc98f",
              "isHook": false,
              "skipped": false
            },
            {
              "title": "should not validate satisfy rules with extra properties",
              "fullTitle": "satisfyRuleSchema should not validate satisfy rules with extra properties",
              "timedOut": false,
              "duration": 0,
              "state": "passed",
              "speed": "fast",
              "pass": true,
              "fail": false,
              "pending": false,
              "context": null,
              "code": "isInvalidRule({\n        and: [\n            { or: [\"2k\"], abc: \"def\" },\n            { mc: 8, ghi: \"jkl\" },\n        ],\n        mno: \"pqr\",\n    }, {\n        instancePath: \"/and/0\",\n        message: \"or satisfy rule should have property 'or' only\",\n    }, {\n        instancePath: \"/and/1\",\n        message: \"MC satisfy rule should have property 'mc' only\",\n    }, {\n        instancePath: \"\",\n        message: \"and satisfy rule should have property 'and' only\",\n    })",
              "err": {},
              "uuid": "3c724786-a066-4a8b-b761-f16d643b01d1",
              "parentUUID": "abbf7dd8-a4b2-4079-9341-75eee67dc98f",
              "isHook": false,
              "skipped": false
            },
            {
              "title": "should not validate ambiguous satisfy rules",
              "fullTitle": "satisfyRuleSchema should not validate ambiguous satisfy rules",
              "timedOut": false,
              "duration": 1,
              "state": "passed",
              "speed": "fast",
              "pass": true,
              "fail": false,
              "pending": false,
              "context": null,
              "code": "const message = \"satisfy rule should have only one of properties 'mc', 'and', 'or'\";\nisInvalidRule({\n    or: [\n        { mc: 5, and: [\"CS2040\"] },\n        { and: [{ and: [\"abc\"], or: [\"def\"] }] },\n    ],\n}, { instancePath: \"/or/0\", message }, { instancePath: \"/or/1/and/0\", message });",
              "err": {},
              "uuid": "2388234f-a414-46fc-8f9f-aab4fbbe9ed0",
              "parentUUID": "abbf7dd8-a4b2-4079-9341-75eee67dc98f",
              "isHook": false,
              "skipped": false
            },
            {
              "title": "should not validate and satisfy rules with non-array property",
              "fullTitle": "satisfyRuleSchema should not validate and satisfy rules with non-array property",
              "timedOut": false,
              "duration": 0,
              "state": "passed",
              "speed": "fast",
              "pass": true,
              "fail": false,
              "pending": false,
              "context": null,
              "code": "const message = \"property 'and' should be an array of satisfy rules\";\nisInvalidRule({ or: [{ and: {} }, { or: [{ and: 3 }] }] }, { instancePath: \"/or/0/and\", message }, { instancePath: \"/or/1/or/0/and\", message });",
              "err": {},
              "uuid": "ba42876d-09e3-4088-9466-b44a6361ba35",
              "parentUUID": "abbf7dd8-a4b2-4079-9341-75eee67dc98f",
              "isHook": false,
              "skipped": false
            },
            {
              "title": "should not validate or satisfy rules with non-array property",
              "fullTitle": "satisfyRuleSchema should not validate or satisfy rules with non-array property",
              "timedOut": false,
              "duration": 1,
              "state": "passed",
              "speed": "fast",
              "pass": true,
              "fail": false,
              "pending": false,
              "context": null,
              "code": "const message = \"property 'or' should be an array of satisfy rules\";\nisInvalidRule({ and: [{ or: {} }, { and: [{ or: 3 }] }] }, { instancePath: \"/and/0/or\", message }, { instancePath: \"/and/1/and/0/or\", message });",
              "err": {},
              "uuid": "50156c6b-29c7-4645-9f0a-1b6def7675e8",
              "parentUUID": "abbf7dd8-a4b2-4079-9341-75eee67dc98f",
              "isHook": false,
              "skipped": false
            }
          ],
          "suites": [],
          "passes": [
            "4691c779-ae8e-4987-8d13-7506faa749c1",
            "9b9a8642-b1e5-475c-bee5-28d4c66e6a01",
            "c1f71d3a-531b-4959-acc3-e9ae9236abd5",
            "88cbad66-0d67-4605-8288-ff8cce542cdd",
            "3c724786-a066-4a8b-b761-f16d643b01d1",
            "2388234f-a414-46fc-8f9f-aab4fbbe9ed0",
            "ba42876d-09e3-4088-9466-b44a6361ba35",
            "50156c6b-29c7-4645-9f0a-1b6def7675e8"
          ],
          "failures": [],
          "pending": [],
          "skipped": [],
          "duration": 10,
          "root": false,
          "rootEmpty": false,
          "_timeout": 2000
        }
      ],
      "passes": [],
      "failures": [],
      "pending": [],
      "skipped": [],
      "duration": 0,
      "root": true,
      "rootEmpty": true,
      "_timeout": 2000
    }
  ],
  "meta": {
    "mocha": {
      "version": "9.0.2"
    },
    "mochawesome": {
      "options": {
        "quiet": false,
        "reportFilename": "mochawesome",
        "saveHtml": true,
        "saveJson": true,
        "consoleReporter": "spec",
        "useInlineDiffs": false,
        "code": true
      },
      "version": "6.2.2"
    },
    "marge": {
      "options": {
        "reportDir": "docs"
      },
      "version": "5.2.0"
    }
  }
}