{
  "stats": {
    "suites": 10,
    "tests": 48,
    "passes": 48,
    "pending": 0,
    "failures": 0,
    "start": "2021-12-11T10:06:28.676Z",
    "end": "2021-12-11T10:06:28.926Z",
    "duration": 250,
    "testsRegistered": 48,
    "passPercent": 100,
    "pendingPercent": 0,
    "other": 0,
    "hasOther": false,
    "skipped": 0,
    "hasSkipped": false
  },
  "results": [
    {
      "uuid": "91a6c886-e829-42bd-8bf6-9ce293c784a8",
      "title": "",
      "fullFile": "",
      "file": "",
      "beforeHooks": [],
      "afterHooks": [],
      "tests": [],
      "suites": [
        {
          "uuid": "e46a2132-17f0-40a4-9004-ffdcaddf8447",
          "title": "initDirectories",
          "fullFile": "/home/runner/work/planwithus-lib/planwithus-lib/src/block/schemas.test.ts",
          "file": "/src/block/schemas.test.ts",
          "beforeHooks": [],
          "afterHooks": [],
          "tests": [
            {
              "title": "should parse all blocks with no errors",
              "fullTitle": "initDirectories should parse all blocks with no errors",
              "timedOut": false,
              "duration": 3,
              "state": "passed",
              "speed": "fast",
              "pass": true,
              "fail": false,
              "pending": false,
              "context": null,
              "code": "_1.initDirectories.should.not.throw()",
              "err": {},
              "uuid": "5d6d8635-630c-44f1-a408-f19150f88d5f",
              "parentUUID": "e46a2132-17f0-40a4-9004-ffdcaddf8447",
              "isHook": false,
              "skipped": false
            },
            {
              "title": "should produce primary, second & minor directories",
              "fullTitle": "initDirectories should produce primary, second & minor directories",
              "timedOut": false,
              "duration": 2,
              "state": "passed",
              "speed": "fast",
              "pass": true,
              "fail": false,
              "pending": false,
              "context": null,
              "code": "const directories = (0, _1.initDirectories)();\ndirectories.should.have.property(\"primary\");\ndirectories.should.have.property(\"second\");\ndirectories.should.have.property(\"minor\");",
              "err": {},
              "uuid": "4194699c-71c4-40b0-96e5-ea6ee0569008",
              "parentUUID": "e46a2132-17f0-40a4-9004-ffdcaddf8447",
              "isHook": false,
              "skipped": false
            }
          ],
          "suites": [],
          "passes": [
            "5d6d8635-630c-44f1-a408-f19150f88d5f",
            "4194699c-71c4-40b0-96e5-ea6ee0569008"
          ],
          "failures": [],
          "pending": [],
          "skipped": [],
          "duration": 5,
          "root": false,
          "rootEmpty": false,
          "_timeout": 2000
        },
        {
          "uuid": "47c73997-5470-4043-932c-94e946aac444",
          "title": "blockSchema",
          "fullFile": "/home/runner/work/planwithus-lib/planwithus-lib/src/block/schemas.test.ts",
          "file": "/src/block/schemas.test.ts",
          "beforeHooks": [],
          "afterHooks": [],
          "tests": [
            {
              "title": "should validate valid block",
              "fullTitle": "blockSchema should validate valid block",
              "timedOut": false,
              "duration": 145,
              "state": "passed",
              "speed": "slow",
              "pass": true,
              "fail": false,
              "pending": false,
              "context": "[\n  {\n    \"title\": \"block sample 0\",\n    \"value\": {\n      \"name\": \",\",\n      \"assign\": \"o;\",\n      \"match\": [],\n      \"satisfy\": {\n        \"and\": [\n          \"^ |Nd\",\n          {\n            \"and\": []\n          }\n        ]\n      },\n      \"url\": \"https://3x-8.0uj8i9hfzyb6sa2mlrg4rquq2efzyy6fsi0ivbws0mtwiz9.wdde/y%F0%9D%83%B6hP:%F2%81%B7%B84$Gs/a*tinR_%F1%9C%B8%8CP/o//;Fq%F3%B4%83%87(xuK-/P/.L-:D/cW%F3%8E%B5%80X*+Z'T\",\n      \"info\": \"N&2.GhX8bb\"\n    }\n  },\n  {\n    \"title\": \"block sample 1\",\n    \"value\": {\n      \"name\": \" R\",\n      \"ay\": 2026,\n      \"assign\": [\n        \"cBZ'\",\n        \"t(\",\n        \"wD$?TK\",\n        \"FPu|nL\"\n      ],\n      \"match\": [\n        {\n          \"or\": [\n            {\n              \"and\": [\n                \"OP73*8\"\n              ]\n            },\n            \"NP030A\",\n            \"FE1D\"\n          ]\n        }\n      ],\n      \"satisfy\": [\n        {\n          \"mc\": \">=29\"\n        },\n        {\n          \"and\": []\n        },\n        \"&_y\",\n        \"sQWrt+LK\"\n      ],\n      \"url\": \"http://age9v.c.v1f.ccer//cc7anej\",\n      \"info\": \"7+%\",\n      \"isSelectable\": true,\n      \"PhTtKq\": {\n        \"ay\": 2003,\n        \"match\": {\n          \"and\": [\n            {\n              \"or\": [\n                {\n                  \"pattern\": \"RUHx\",\n                  \"exclude\": [],\n                  \"info\": \"^6~f-\"\n                },\n                {\n                  \"pattern\": \"AJ908\",\n                  \"exclude\": \"ICI*3T\",\n                  \"info\": \"VGX|R\"\n                },\n                {\n                  \"or\": [\n                    \"MS4636\"\n                  ]\n                },\n                {\n                  \"and\": [\n                    {\n                      \"and\": [\n                        \"KXA7xL\",\n                        \"ZNZx96Z\",\n                        \"YL*18\",\n                        {\n                          \"or\": [\n                            \"KTC39H\",\n                            \"NV9863\",\n                            \"UVA702\"\n                          ]\n                        }\n                      ]\n                    },\n                    \"UUJ49x\",\n                    \"WO17*P\",\n                    \"SHI8\",\n                    {\n                      \"or\": []\n                    }\n                  ]\n                },\n                \"YA1676T\"\n              ]\n            }\n          ]\n        },\n        \"satisfy\": {\n          \"and\": [\n            {\n              \"mc\": \"<=186\"\n            }\n          ]\n        },\n        \"url\": \"http://q.zgd588jffngd8uk5thfkc9sfk7qux.jaevq/Lr$h$)+/bBup85N/@M@//HWbz/%F1%AB%A6%9EvGkbhsR3,/%F3%BF%99%BDRi%F4%89%89%A8%F3%B8%95%84qx\",\n        \"isSelectable\": true\n      }\n    }\n  },\n  {\n    \"title\": \"block sample 2\",\n    \"value\": {\n      \"name\": \"ce1lE'\",\n      \"ay\": 2030,\n      \"assign\": [\n        \"x&@\\\"~!#e\",\n        \"zf;JK\\\"n[^\"\n      ],\n      \"match\": {\n        \"and\": [\n          {\n            \"pattern\": \"MQ9030\",\n            \"exclude\": \"ND2x\",\n            \"info\": \"#:xxtJg\"\n          },\n          {\n            \"pattern\": \"SE3\",\n            \"exclude\": [\n              \"IY14\",\n              \"ZE7\",\n              \"CLH*26\",\n              \"QX67\",\n              \"IR7C\"\n            ]\n          }\n        ]\n      },\n      \"url\": \"https://ucf.uoqtyqews/baghlbj;c/*=kyU;)\",\n      \"info\": \"\",\n      \"isSelectable\": true,\n      \"h2urG<Eo9I\": {\n        \"name\": \"&y}}$\",\n        \"ay\": 2018,\n        \"assign\": [\n          \"}N3\\\"\\\"YB\"\n        ],\n        \"match\": {\n          \"pattern\": \"GI*461\",\n          \"exclude\": \"ICLx\",\n          \"info\": \"m\"\n        },\n        \"satisfy\": \"Ox$\",\n        \"url\": \"http://y1myorblcsidg9e2htjprve98f070239lzbj7l-x8qrf-3ss2vqzjyw0.0rj4git3rsqnn1gzg51r9r574z2uroai.wcvv/%F1%88%B3%80mo/2ce\",\n        \"info\": \"xO \",\n        \"isSelectable\": true\n      }\n    }\n  },\n  {\n    \"title\": \"block sample 3\",\n    \"value\": {\n      \"name\": \"\",\n      \"assign\": \"~\\\"*\",\n      \"match\": {\n        \"or\": [\n          {\n            \"or\": [\n              {\n                \"or\": [\n                  {\n                    \"or\": [\n                      \"MUK6334P\",\n                      \"YM509K\"\n                    ]\n                  },\n                  \"LE22\",\n                  \"OW50H\",\n                  \"IXY478W\"\n                ]\n              },\n              {\n                \"or\": [\n                  \"PEY8243L\",\n                  \"FI64\"\n                ]\n              }\n            ]\n          },\n          \"OW41K\",\n          {\n            \"and\": [\n              \"CF0x*\",\n              {\n                \"and\": []\n              },\n              \"LRL0841A\",\n              {\n                \"and\": [\n                  \"EX471x\",\n                  {\n                    \"or\": []\n                  },\n                  \"FWV69xW\"\n                ]\n              }\n            ]\n          },\n          {\n            \"or\": [\n              {\n                \"or\": [\n                  {\n                    \"pattern\": \"BRH027E\",\n                    \"exclude\": \"KEB207*\"\n                  },\n                  {\n                    \"pattern\": \"NZN6*81B\",\n                    \"exclude\": [],\n                    \"info\": \"fSdxm%%o|\"\n                  },\n                  \"NA3716\",\n                  \"MVK9O\"\n                ]\n              },\n              \"ZWD5x1xI\",\n              {\n                \"or\": [\n                  \"VEQ020T\"\n                ]\n              },\n              {\n                \"or\": []\n              }\n            ]\n          },\n          {\n            \"pattern\": \"MQK9x*x\",\n            \"info\": \"U5!3nwG_\"\n          }\n        ]\n      },\n      \"url\": \"https://dwk7ia00zmq3ebmxtipes0lvuvm8r0auxl2a5e7k34ngv32zjwnot6r.cy-1xc5.5.sxasacxw/HmF\",\n      \"info\": \"$Y#H\",\n      \"isSelectable\": true\n    }\n  },\n  {\n    \"title\": \"block sample 4\",\n    \"value\": {\n      \"name\": \"\",\n      \"ay\": 1981,\n      \"assign\": \";\",\n      \"match\": [\n        {\n          \"and\": [\n            {\n              \"pattern\": \"FYG587*\",\n              \"exclude\": \"JE095U\",\n              \"info\": \"aGL%\"\n            }\n          ]\n        },\n        \"XS1x9M\",\n        {\n          \"or\": [\n            {\n              \"or\": [\n                \"PFT6270O\"\n              ]\n            },\n            {\n              \"pattern\": \"IHW*6\",\n              \"info\": \":\"\n            },\n            \"TH2x*N\",\n            {\n              \"or\": [\n                {\n                  \"and\": [\n                    {\n                      \"or\": [\n                        \"HSZ3188I\",\n                        \"MN9\"\n                      ]\n                    },\n                    {\n                      \"or\": [\n                        {\n                          \"or\": []\n                        },\n                        \"KLBxL\",\n                        \"WQ*O\",\n                        \"ZR613*H\",\n                        {\n                          \"and\": [\n                            \"NO2x0L\",\n                            \"OS*M\",\n                            \"AOD*\",\n                            \"PSA7x8\"\n                          ]\n                        }\n                      ]\n                    },\n                    {\n                      \"or\": [\n                        \"CBN536xM\",\n                        \"VK12\",\n                        \"GLN4G\",\n                        \"PSN44*xO\",\n                        {\n                          \"pattern\": \"JW34\",\n                          \"exclude\": \"ND31\",\n                          \"info\": \"K<\"\n                        }\n                      ]\n                    }\n                  ]\n                },\n                {\n                  \"pattern\": \"KUM674S\",\n                  \"exclude\": \"CBN3F\",\n                  \"info\": \"g}X=R-E\"\n                }\n              ]\n            },\n            {\n              \"or\": [\n                {\n                  \"and\": [\n                    {\n                      \"and\": []\n                    },\n                    \"XJH*x91D\",\n                    {\n                      \"or\": [\n                        \"CQx53C\"\n                      ]\n                    },\n                    \"RTB868xX\",\n                    {\n                      \"pattern\": \"OG77x5\",\n                      \"info\": \"){p*Odg._\"\n                    }\n                  ]\n                },\n                {\n                  \"pattern\": \"RBN60\",\n                  \"exclude\": \"DJ819*I\",\n                  \"info\": \"vZX\\\\?*9\"\n                },\n                {\n                  \"or\": [\n                    {\n                      \"or\": [\n                        {\n                          \"and\": [\n                            \"LU9U\",\n                            \"AET2E\",\n                            \"QAH87\"\n                          ]\n                        },\n                        {\n                          \"and\": [\n                            {\n                              \"and\": [\n                                \"UM1\",\n                                \"NQ1\",\n                                \"DZB24\",\n                                \"PP5815\",\n                                \"RXX018B\"\n                              ]\n                            },\n                            \"MV38F\",\n                            \"HJ85N\"\n                          ]\n                        }\n                      ]\n                    },\n                    {\n                      \"pattern\": \"GPD8x78F\",\n                      \"exclude\": [\n                        \"ODx*\",\n                        \"TEC493*X\"\n                      ],\n                      \"info\": \"{H/S\"\n                    },\n                    \"TNG**xH\",\n                    \"LLK4471V\"\n                  ]\n                },\n                {\n                  \"and\": [\n                    {\n                      \"and\": [\n                        \"CC09N\",\n                        \"GRV7872\"\n                      ]\n                    },\n                    \"GBC*0H\"\n                  ]\n                },\n                {\n                  \"and\": [\n                    \"VQH9\",\n                    \"BSK773L\",\n                    \"ZJ*\",\n                    \"RV4xT\",\n                    {\n                      \"and\": [\n                        \"YC5*1D\",\n                        {\n                          \"and\": [\n                            \"AAE50G\",\n                            \"HLR7L\",\n                            \"EN5D\"\n                          ]\n                        },\n                        \"XE447N\",\n                        \"PBV8D\"\n                      ]\n                    }\n                  ]\n                }\n              ]\n            }\n          ]\n        }\n      ],\n      \"satisfy\": [\n        \"l@\\\\_OD~L\",\n        {\n          \"and\": [\n            {\n              \"mc\": \"<=164\"\n            },\n            {\n              \"and\": [\n                {\n                  \"and\": [\n                    \"3i+~<\",\n                    \"Ev|CH=O1!\"\n                  ]\n                },\n                \"^0I$){zSRB\",\n                \"F26C9RR9\"\n              ]\n            },\n            {\n              \"mc\": \">=46\"\n            }\n          ]\n        },\n        \"DB\",\n        \"8DXm>\",\n        {\n          \"and\": [\n            {\n              \"mc\": \"<=22\"\n            },\n            \"KcNyzga}@\",\n            {\n              \"and\": [\n                {\n                  \"mc\": \">=22\"\n                },\n                \"9bG'yNq@iG\",\n                {\n                  \"mc\": \">=174\"\n                },\n                \"}\\\\A\"\n              ]\n            },\n            \"R30,-{>Y{I\",\n            {\n              \"mc\": \"<=182\"\n            }\n          ]\n        }\n      ],\n      \"url\": \"https://fjap87.75uxhq4xgqqy5uuso68icgl3noooumylg8f70436ibiax54tmuw4sn1u2def.bvre\",\n      \"info\": \"x\",\n      \"isSelectable\": true,\n      \"\": {\n        \"name\": \"K}OCT\",\n        \"ay\": 1966,\n        \"assign\": [\n          \"p\",\n          \"0!^1tISG\",\n          \"\"\n        ],\n        \"match\": [\n          {\n            \"or\": [\n              {\n                \"and\": [\n                  \"NSM38Y\",\n                  \"TJF7\",\n                  {\n                    \"pattern\": \"GYD17G\",\n                    \"exclude\": \"HQ*x31\"\n                  },\n                  {\n                    \"and\": [\n                      \"SNNxC\",\n                      \"BM2880\",\n                      {\n                        \"or\": [\n                          \"JMK7663\",\n                          \"MBD01\",\n                          {\n                            \"pattern\": \"SZK6991\",\n                            \"exclude\": [\n                              \"JDOx8V\"\n                            ],\n                            \"info\": \"Il;wwEe+fH\"\n                          }\n                        ]\n                      }\n                    ]\n                  }\n                ]\n              }\n            ]\n          },\n          {\n            \"pattern\": \"WH678D\",\n            \"info\": \"kFD;+YMtI-\"\n          },\n          {\n            \"and\": [\n              {\n                \"pattern\": \"LKS3\",\n                \"exclude\": \"VU119X\",\n                \"info\": \"emCNNU\"\n              },\n              {\n                \"and\": [\n                  {\n                    \"or\": [\n                      \"PP85xH\",\n                      \"FB273\",\n                      {\n                        \"and\": [\n                          \"VGH7\",\n                          \"ZB8x0P\",\n                          \"FS432Q\"\n                        ]\n                      },\n                      {\n                        \"pattern\": \"WXB3*J\",\n                        \"exclude\": \"OWW9x10\",\n                        \"info\": \"-!wHsgdW(\"\n                      },\n                      {\n                        \"pattern\": \"VZxL\",\n                        \"exclude\": [\n                          \"YF6\",\n                          \"YV0x4x\",\n                          \"AYQ778\"\n                        ],\n                        \"info\": \"jmk4xz.\"\n                      }\n                    ]\n                  },\n                  \"MSJ1*9A\",\n                  \"ZE753\",\n                  {\n                    \"or\": [\n                      {\n                        \"pattern\": \"XT987\",\n                        \"exclude\": [\n                          \"FZ953X\"\n                        ]\n                      },\n                      \"RQ1186\"\n                    ]\n                  },\n                  {\n                    \"or\": []\n                  }\n                ]\n              }\n            ]\n          },\n          {\n            \"or\": [\n              {\n                \"or\": []\n              },\n              {\n                \"or\": [\n                  \"ZO9929\",\n                  {\n                    \"and\": [\n                      \"DTE119Y\",\n                      \"YRK76F\",\n                      {\n                        \"or\": []\n                      },\n                      {\n                        \"pattern\": \"IXC986N\"\n                      },\n                      \"NWQ53*\"\n                    ]\n                  },\n                  {\n                    \"and\": []\n                  },\n                  \"VAPx118\"\n                ]\n              },\n              {\n                \"and\": [\n                  \"HKL56x\",\n                  {\n                    \"pattern\": \"BJ9\",\n                    \"exclude\": \"IL6K\",\n                    \"info\": \"J|E-?(y=R\"\n                  },\n                  {\n                    \"and\": [\n                      \"PA1\"\n                    ]\n                  }\n                ]\n              }\n            ]\n          }\n        ],\n        \"url\": \"https://xd75193zfif8487bcqa1a8bgefzddc77c7nwekwzw.v-0b8fmormje9-zkbp05bg78kmvrshcbfijlb79c4suvlo1bw4ye.7x6h4t66oygqw3q.qedbz/SMn)l%F3%9F%85%90/,gW/eG%F3%9E%B4%88E/UmM%F2%A6%93%9FN//V@K~YTX/):JubM\",\n        \"info\": \"%,Vn\\\\}\",\n        \"isSelectable\": true\n      },\n      \"lvR?N8p\": {\n        \"ay\": 1956,\n        \"assign\": \"r\\\\[RudRy<\",\n        \"match\": {\n          \"and\": []\n        },\n        \"satisfy\": [\n          {\n            \"mc\": \"<=4\"\n          },\n          {\n            \"and\": [\n              \"0Nyu\",\n              {\n                \"or\": []\n              },\n              {\n                \"or\": [\n                  {\n                    \"mc\": \">=112\"\n                  },\n                  \"N\",\n                  {\n                    \"and\": [\n                      \"V\",\n                      {\n                        \"or\": [\n                          {\n                            \"mc\": \"<=150\"\n                          },\n                          \"6:a&,f^`\",\n                          \"v\"\n                        ]\n                      }\n                    ]\n                  }\n                ]\n              },\n              {\n                \"or\": [\n                  {\n                    \"and\": [\n                      {\n                        \"or\": []\n                      }\n                    ]\n                  },\n                  \"a|9ivb\",\n                  \".Xsf}M\"\n                ]\n              }\n            ]\n          },\n          {\n            \"or\": [\n              {\n                \"and\": [\n                  \"\",\n                  \"9T\",\n                  {\n                    \"mc\": \"<=40\"\n                  },\n                  {\n                    \"mc\": \"<=4\"\n                  },\n                  \"\"\n                ]\n              },\n              {\n                \"mc\": \"<=112\"\n              },\n              {\n                \"and\": [\n                  \"*9\"\n                ]\n              },\n              {\n                \"and\": [\n                  {\n                    \"and\": [\n                      \"\",\n                      {\n                        \"or\": [\n                          \"e>&Hkk>;f'\",\n                          {\n                            \"or\": [\n                              \"*5!FC?\"\n                            ]\n                          },\n                          \"98yLq6,n3\"\n                        ]\n                      },\n                      {\n                        \"and\": [\n                          \"s+#?s`^>e\",\n                          \"gz9,7Pa~,\",\n                          \"\\\"(=\",\n                          \"A;G\",\n                          \"'Dp`\"\n                        ]\n                      },\n                      {\n                        \"or\": [\n                          {\n                            \"and\": [\n                              {\n                                \"mc\": \"<=34\"\n                              }\n                            ]\n                          },\n                          \"R3fzN^U\",\n                          \"tnJ\",\n                          \"e\"\n                        ]\n                      }\n                    ]\n                  },\n                  {\n                    \"and\": []\n                  },\n                  {\n                    \"or\": [\n                      \"m\"\n                    ]\n                  },\n                  \"sj\"\n                ]\n              }\n            ]\n          }\n        ],\n        \"url\": \"http://2ag7c66trat6ffe-8ee8cfd86da4-zadcaqx-9a00wh2jp.d77rdee2747kcz6-cscnfbgaecfabbr9ke9u.geqyqnbw/$D_(5,MM/Q0)/ePb\",\n        \"info\": \"ze!\",\n        \"isSelectable\": true\n      }\n    }\n  },\n  {\n    \"title\": \"block sample 5\",\n    \"value\": {\n      \"name\": \"luR8D&@b1\",\n      \"ay\": 1955,\n      \"assign\": \"&$\",\n      \"match\": [\n        \"WZD83x\",\n        {\n          \"or\": [\n            {\n              \"or\": [\n                \"LFT2495\",\n                \"VBN59\"\n              ]\n            },\n            \"EZS87H\",\n            {\n              \"pattern\": \"SYX*087I\",\n              \"exclude\": [\n                \"PKC171G\",\n                \"MLR661J\"\n              ]\n            },\n            {\n              \"and\": [\n                {\n                  \"pattern\": \"RQ*14\",\n                  \"exclude\": \"IJT4\",\n                  \"info\": \"\\\\0A9\"\n                },\n                {\n                  \"or\": []\n                },\n                \"XR8\"\n              ]\n            },\n            \"GL14*\"\n          ]\n        },\n        {\n          \"or\": [\n            {\n              \"pattern\": \"FD1487J\",\n              \"info\": \"}-m &%y\"\n            },\n            {\n              \"and\": [\n                {\n                  \"and\": [\n                    \"ZNA3\"\n                  ]\n                },\n                \"SA3374G\",\n                {\n                  \"and\": [\n                    {\n                      \"or\": [\n                        \"DJ90*Z\",\n                        \"QWx2\",\n                        \"IC83\",\n                        \"YE3E\"\n                      ]\n                    },\n                    {\n                      \"pattern\": \"WRZ534N\"\n                    },\n                    {\n                      \"or\": [\n                        \"AM4143B\",\n                        \"PBK02\"\n                      ]\n                    },\n                    {\n                      \"pattern\": \"NUT0F\",\n                      \"exclude\": \"XKLx4\",\n                      \"info\": \"~{#BkK\"\n                    }\n                  ]\n                },\n                {\n                  \"or\": [\n                    \"JF48K\"\n                  ]\n                }\n              ]\n            },\n            \"DI027I\"\n          ]\n        }\n      ],\n      \"satisfy\": {\n        \"or\": [\n          \"({x\",\n          {\n            \"or\": [\n              \"fIDAm\",\n              \"2k&j)\",\n              \";?\"\n            ]\n          },\n          {\n            \"and\": [\n              {\n                \"mc\": \">=58\"\n              }\n            ]\n          },\n          \"zek\"\n        ]\n      },\n      \"url\": \"http://bbc.ecb/C%F0%A3%B1%A4tXNF/J\",\n      \"info\": \"!\",\n      \"isSelectable\": true,\n      \"lI>C2\": {\n        \"name\": \"\",\n        \"ay\": 1974,\n        \"match\": [\n          {\n            \"or\": [\n              \"KIM1A\",\n              {\n                \"pattern\": \"KN6B\",\n                \"exclude\": \"NL6\",\n                \"info\": \"1/]Dsh]V,\"\n              },\n              \"RTP70xQ\"\n            ]\n          },\n          \"GW1\",\n          {\n            \"pattern\": \"RLx5S\",\n            \"exclude\": \"JL5\",\n            \"info\": \"Yrh\"\n          },\n          {\n            \"pattern\": \"PDM3\",\n            \"exclude\": [],\n            \"info\": \"%d*mX2/1.L\"\n          },\n          \"YLN1\"\n        ],\n        \"satisfy\": [\n          {\n            \"or\": [\n              {\n                \"and\": [\n                  \"j$/\",\n                  \"HKN0B?1+L\",\n                  \"kw4n6c\",\n                  {\n                    \"and\": [\n                      \"Q\",\n                      {\n                        \"or\": [\n                          \"$hW\",\n                          {\n                            \"or\": [\n                              {\n                                \"or\": [\n                                  \"s':UK\",\n                                  \"@S0IN'N5%T\",\n                                  \"ONv3<5u`\",\n                                  \"t~&}\"\n                                ]\n                              }\n                            ]\n                          },\n                          \"$a ?/h:f3\",\n                          \"\"\n                        ]\n                      },\n                      {\n                        \"and\": [\n                          \"v\\\"X<r<\",\n                          \"Q5&)5N\",\n                          \"\"\n                        ]\n                      },\n                      \"Pm}{PR2!\\\"t\"\n                    ]\n                  },\n                  \"Gi\\\\\"\n                ]\n              },\n              {\n                \"and\": [\n                  {\n                    \"or\": [\n                      \"Jk*L~\",\n                      \"VFtzJP0-\"\n                    ]\n                  },\n                  {\n                    \"or\": [\n                      {\n                        \"mc\": \"<=26\"\n                      },\n                      \":uJq+8\\\"\\\")\"\n                    ]\n                  },\n                  \"\",\n                  {\n                    \"mc\": \"<=114\"\n                  },\n                  {\n                    \"and\": [\n                      \"A5.n-:\",\n                      {\n                        \"and\": [\n                          {\n                            \"mc\": \">=42\"\n                          },\n                          \"d~?<>5K\",\n                          \"M\"\n                        ]\n                      },\n                      {\n                        \"or\": []\n                      },\n                      \"tGCw>hR\",\n                      \"WUm?!B0\"\n                    ]\n                  }\n                ]\n              },\n              {\n                \"or\": [\n                  \"I{urXVM\",\n                  \"F@dEyK\",\n                  \"S+HNV\"\n                ]\n              }\n            ]\n          }\n        ],\n        \"url\": \"https://cfdqrssl4kdvms1zo-xzzo04jvks-xiqfk1ihrfeom4qc9p-zvo.nhzmlj/Pc%F2%B6%9D%99wgi%F2%91%96%96EbE/%F3%B8%A6%A7tJ$%F2%90%92%B16%F2%93%BA%A2VT/%F4%81%A9%B7_1q)&*/bx//g8UTijP/m$7d&s6SFo/\",\n        \"info\": \"\",\n        \"isSelectable\": true\n      },\n      \"re]wo3#;\": {\n        \"name\": \"8TL+tH(M.k\",\n        \"ay\": 2008,\n        \"assign\": \"\",\n        \"match\": {\n          \"and\": [\n            {\n              \"or\": []\n            }\n          ]\n        },\n        \"satisfy\": [\n          {\n            \"mc\": \"<=187\"\n          },\n          {\n            \"or\": []\n          }\n        ],\n        \"url\": \"http://eu3d6wu4oaae969a5xj.txiy/ji&:AYXvK/;0X%F2%90%9D%BAoDg%F1%80%85%BF/@aWpo0/oXs+\",\n        \"info\": \"j6zq\",\n        \"isSelectable\": true,\n        \"G(N\": {\n          \"name\": \"hPgWZ\",\n          \"ay\": 2010,\n          \"assign\": \"5rg\",\n          \"match\": \"FJ1\",\n          \"url\": \"https://ru1nd5-y6gwgholxw698.zam/X2/&4eYDG~-eE/8G\",\n          \"info\": \"$$+@/\",\n          \"isSelectable\": true\n        },\n        \"\": {\n          \"name\": \"n@)qN? %\",\n          \"assign\": [\n            \"mw \",\n            \"?s\\\\S\",\n            \"qqjSPl_\",\n            \"_LE@~Gg?(\"\n          ],\n          \"match\": [\n            \"YJJ186M\",\n            {\n              \"or\": [\n                \"WJZ85\",\n                {\n                  \"and\": [\n                    \"AK740Y\"\n                  ]\n                },\n                {\n                  \"pattern\": \"CO5\",\n                  \"exclude\": \"MB263N\",\n                  \"info\": \"\"\n                }\n              ]\n            },\n            {\n              \"and\": [\n                \"DZ6x02\",\n                {\n                  \"and\": []\n                },\n                {\n                  \"pattern\": \"IF0xM\",\n                  \"exclude\": [\n                    \"OR1042L\"\n                  ],\n                  \"info\": \"*t)',*,\"\n                },\n                {\n                  \"pattern\": \"IR67O\",\n                  \"exclude\": \"SV*65O\",\n                  \"info\": \"\"\n                }\n              ]\n            },\n            {\n              \"and\": [\n                {\n                  \"pattern\": \"QH*x\",\n                  \"exclude\": \"SLG1Z\"\n                },\n                {\n                  \"and\": []\n                },\n                \"CW464*\",\n                {\n                  \"and\": [\n                    \"OP*0P\",\n                    \"ZGC281Z\",\n                    {\n                      \"and\": [\n                        \"MXP7C\"\n                      ]\n                    }\n                  ]\n                }\n              ]\n            }\n          ],\n          \"satisfy\": [\n            \"\"\n          ],\n          \"info\": \"HC<Nhr{\",\n          \"isSelectable\": true\n        },\n        \"T\": {\n          \"name\": \"\",\n          \"ay\": 1959,\n          \"assign\": [],\n          \"match\": {\n            \"or\": [\n              {\n                \"or\": [\n                  \"FY961B\",\n                  {\n                    \"pattern\": \"KCM240\",\n                    \"info\": \"5.\"\n                  },\n                  {\n                    \"and\": [\n                      \"GTW6711F\"\n                    ]\n                  },\n                  \"PA3\"\n                ]\n              },\n              \"AAA*850\",\n              {\n                \"pattern\": \"KJY0\",\n                \"exclude\": \"BS92V\",\n                \"info\": \"CTx.^d/06\"\n              },\n              {\n                \"pattern\": \"EQ92\",\n                \"exclude\": [],\n                \"info\": \"n<_'XMOK\"\n              }\n            ]\n          },\n          \"satisfy\": {\n            \"or\": [\n              \"HQJj2Sw2\",\n              {\n                \"or\": []\n              }\n            ]\n          },\n          \"info\": \">%luX\",\n          \"isSelectable\": true\n        },\n        \"LG)ukC]-H\": {\n          \"name\": \"v5|=2}\",\n          \"assign\": [],\n          \"match\": {\n            \"pattern\": \"NLV45\",\n            \"exclude\": [\n              \"HNT3G\",\n              \"NMx00\",\n              \"EZ675L\"\n            ]\n          },\n          \"satisfy\": {\n            \"and\": [\n              \"CBIl>``[=X\"\n            ]\n          },\n          \"url\": \"http://jtmswdk22mj-6dskwr5ngbu.2cn4hy5lqs460zkho89hcx1qsv3j7jiv0tj0aedp-3g9u35s6s0g.dclutmrklxu1a1lbsy06vacjse6pbvd5asdauhmzhd5cdbxweuz1.usqo//ySVOJ/gJ0/eY5/ds/f8a8lX/M*m\",\n          \"info\": \"8dCN{\"\n        }\n      },\n      \"YxY/-\": {\n        \"name\": \"tJu|ebUAP\",\n        \"ay\": 2024,\n        \"assign\": \"\\\"r)*h/\",\n        \"match\": {\n          \"and\": [\n            \"VJI965\"\n          ]\n        },\n        \"satisfy\": \"j4~nC*=f\",\n        \"url\": \"http://86dhh3wnuxv4h8eewladoiab2fjax3owexwx0jgjvbxu-eyaythz6cptm.b69z56p.rxhqao/MwtPj//=PQV3%F0%A8%BA%BERz3/!AW/BlO//06X,.%F2%83%93%96Cj/ae*+T~hg/nd6S/y(MVq)\",\n        \"info\": \"&>?FR_1%\",\n        \"isSelectable\": true\n      },\n      \"R5 \": {\n        \"name\": \"Cs\",\n        \"assign\": \"\",\n        \"match\": {\n          \"and\": [\n            \"SJ56\",\n            \"JJQ224\",\n            {\n              \"and\": [\n                {\n                  \"pattern\": \"LXM4\",\n                  \"exclude\": [\n                    \"IK7x08S\",\n                    \"HZ508X\",\n                    \"NC*U\",\n                    \"ZC5261P\"\n                  ],\n                  \"info\": \"0q>B\\\"qi\"\n                },\n                {\n                  \"or\": [\n                    {\n                      \"and\": [\n                        \"BW9x9K\",\n                        {\n                          \"pattern\": \"SW8358R\",\n                          \"exclude\": [\n                            \"BW4\",\n                            \"JX**X\"\n                          ],\n                          \"info\": \"#;HC[19\"\n                        },\n                        {\n                          \"pattern\": \"BQV8\",\n                          \"exclude\": \"IW77\",\n                          \"info\": \"L1f\"\n                        },\n                        {\n                          \"or\": [\n                            \"MS449F\",\n                            {\n                              \"or\": [\n                                \"YDI336\",\n                                \"FS*\",\n                                \"PXL675U\"\n                              ]\n                            },\n                            \"HXT3Z\",\n                            \"ST2\"\n                          ]\n                        }\n                      ]\n                    }\n                  ]\n                }\n              ]\n            },\n            \"DT79\"\n          ]\n        },\n        \"url\": \"https://wbbfp1cta35nybu5-kokaqfw2dt-twk86pgkt54elzzk8.5.vtvzqleu8z2hplcn--c1bfc.jxm2-2d0pfjohrt-24o-dh5xyazs.nc7owmuc0bsob82zl5-8s7gyj2qbc4tdw.qsfjw/6%F0%A9%9B%AB.zW/ahSom*$/QCdE);2/,/j*$u%F1%B5%85%890J\",\n        \"info\": \"i/ed\",\n        \"isSelectable\": true\n      }\n    }\n  },\n  {\n    \"title\": \"block sample 6\",\n    \"value\": {\n      \"name\": \"5O\\\"\",\n      \"assign\": \"QDLY$\\\\s\",\n      \"match\": {\n        \"and\": [\n          {\n            \"or\": [\n              \"SLX780\",\n              {\n                \"and\": [\n                  \"BLD50x2\",\n                  {\n                    \"pattern\": \"HNx28\",\n                    \"exclude\": [\n                      \"ND61Z\",\n                      \"CJ85B\",\n                      \"DH294*\",\n                      \"XU5xS\",\n                      \"TJW13G\"\n                    ],\n                    \"info\": \"k]Lno9G\"\n                  },\n                  \"GUM7\"\n                ]\n              }\n            ]\n          },\n          \"CA96\",\n          {\n            \"and\": []\n          },\n          \"VD8x*H\"\n        ]\n      },\n      \"satisfy\": {\n        \"and\": []\n      },\n      \"url\": \"https://xbhlq1qe2.yun1zoi-t2n4zzqrxj6ryckucdozomvsgkmudbk0a19uwad2fulj4.ycjo90ng2v3j7pffw6orkvytd76nynw76gj1.gje6w5d4cozv4knz0mpmpb536ap75rav2k.ano/8jV/3sl&6Fm%F3%80%AF%986\",\n      \"info\": \"0MZ;wr9_b\",\n      \"isSelectable\": true\n    }\n  },\n  {\n    \"title\": \"block sample 7\",\n    \"value\": {\n      \"name\": \"-z|K#-t$|$\",\n      \"assign\": [\n        \"G=rBOrZ8\",\n        \"yzk)>#\"\n      ],\n      \"match\": [],\n      \"satisfy\": [],\n      \"url\": \"https://ds45u5ir.4b6ydppt72g9l3-gjk0wieot2y0400b1nuiyr.cn34wm.g8p31dpskz8.uyi7yhaiak1pmpu6rn0imkddus.suo/D/6af%F1%A3%98%83YQ/N/'_ko=aRwt/+_)Xj;mr/\",\n      \"info\": \"{LGE1\",\n      \"isSelectable\": true\n    }\n  },\n  {\n    \"title\": \"block sample 8\",\n    \"value\": {\n      \"name\": \"3p9\",\n      \"ay\": 1950,\n      \"assign\": [\n        \"h*1tF\",\n        \"\\\"!&~ \"\n      ],\n      \"match\": [\n        \"II80*5N\"\n      ],\n      \"url\": \"https://8m3e8nm86vgv19pp2mr7xic-f.79dxzjxkacj0i8mrucj3ixs96k3su2u1dzswd-ykzrc.jpam\",\n      \"info\": \"td *;-HWUg\",\n      \"isSelectable\": true\n    }\n  },\n  {\n    \"title\": \"block sample 9\",\n    \"value\": {\n      \"name\": \"%H_!\",\n      \"ay\": 1955,\n      \"assign\": [\n        \",)TE/Al\",\n        \"GILTd_\",\n        \"|_umZk:\",\n        \"`%IX\",\n        \"%^\"\n      ],\n      \"match\": {\n        \"and\": [\n          {\n            \"pattern\": \"RNA76\",\n            \"exclude\": \"FQ415\",\n            \"info\": \";=)0'F\"\n          },\n          \"YYX25\",\n          {\n            \"and\": [\n              \"YY4278D\"\n            ]\n          }\n        ]\n      },\n      \"satisfy\": [\n        {\n          \"and\": [\n            {\n              \"mc\": \"<=83\"\n            }\n          ]\n        },\n        \"G71\",\n        \"IdR@{'xm~T\",\n        \"sq%\"\n      ],\n      \"url\": \"http://njkftc.7w-ryzhwnwg6yny9dzn9770pdf-omdr08xzzdo7u9qewk1jc5t0.7qv0mc7o-jb7s70k8na7foq5ys5g2jusigwr5c7g8xg7hyblda7oihg3oi.ilbc/w6/dlidnBj93a/ig*\",\n      \"info\": \"\\\\an_El2\",\n      \"I6P;6\\\"\": {\n        \"name\": \"]aaF\",\n        \"assign\": \"d\",\n        \"match\": [\n          \"ZRG7J\",\n          {\n            \"pattern\": \"DDO82\",\n            \"info\": \"[\"\n          },\n          {\n            \"and\": [\n              {\n                \"pattern\": \"JJ*L\",\n                \"exclude\": [\n                  \"XK495O\",\n                  \"NI89A\"\n                ],\n                \"info\": \"vxr6p;5.O^\"\n              },\n              {\n                \"or\": [\n                  \"RUM834\"\n                ]\n              },\n              {\n                \"pattern\": \"OXO79\",\n                \"exclude\": [\n                  \"DCAx8\",\n                  \"XTQ923*\",\n                  \"BX5305\"\n                ],\n                \"info\": \"sTH3>\\\"\"\n              },\n              \"VW199C\"\n            ]\n          },\n          {\n            \"or\": [\n              {\n                \"and\": [\n                  \"JWV0355\",\n                  {\n                    \"and\": [\n                      \"DKR4L\",\n                      \"KAH1\"\n                    ]\n                  },\n                  {\n                    \"or\": [\n                      {\n                        \"or\": [\n                          \"FYT9O\",\n                          \"NG11G\",\n                          \"MEE867Z\",\n                          \"PX778x\"\n                        ]\n                      },\n                      \"UZZ0x0K\",\n                      \"UH0802\",\n                      \"WLT73\",\n                      {\n                        \"and\": [\n                          \"SE*\",\n                          \"KNY7\",\n                          \"RLKx920X\"\n                        ]\n                      }\n                    ]\n                  },\n                  \"VHE017\"\n                ]\n              },\n              {\n                \"or\": []\n              },\n              {\n                \"and\": [\n                  \"PE8\",\n                  \"AQX549\"\n                ]\n              },\n              {\n                \"or\": []\n              },\n              {\n                \"or\": [\n                  \"NQP626\",\n                  \"NG2720P\",\n                  \"NQE6O\",\n                  {\n                    \"and\": [\n                      {\n                        \"pattern\": \"US8843\",\n                        \"info\": \"\"\n                      },\n                      \"RH2402\",\n                      {\n                        \"and\": [\n                          \"EBZ1\"\n                        ]\n                      },\n                      {\n                        \"pattern\": \"QTJ7x3\",\n                        \"exclude\": [\n                          \"FC849U\",\n                          \"HFO9\",\n                          \"GLG8xxN\"\n                        ],\n                        \"info\": \"\\\\&0upU?<\"\n                      },\n                      \"WID3*8Y\"\n                    ]\n                  },\n                  {\n                    \"and\": [\n                      {\n                        \"and\": []\n                      },\n                      \"WEI*5\",\n                      {\n                        \"pattern\": \"GJ3*1I\",\n                        \"exclude\": \"HNR9774\",\n                        \"info\": \"mK+TZPKF\"\n                      },\n                      \"BMK8419K\"\n                    ]\n                  }\n                ]\n              }\n            ]\n          }\n        ],\n        \"satisfy\": {\n          \"mc\": \"<=28\"\n        },\n        \"url\": \"https://gfxs5o7hl07.egfpcvfk3dqsosrkl25jbdfd-jxbuhv97i3bob5lgklq-j81.llqvxc//8r/TNk/A/c@///z=c%F2%8F%BE%99/Tsz8un%F2%BE%98%9A/%F2%8D%A0%B1S\",\n        \"info\": \"\",\n        \"isSelectable\": true,\n        \"pZ\": {\n          \"name\": \"?5<cO\",\n          \"ay\": 1964,\n          \"assign\": \"u\",\n          \"match\": [\n            \"QF3x79G\",\n            {\n              \"pattern\": \"UG1*4\",\n              \"exclude\": \"BJV13\"\n            },\n            {\n              \"pattern\": \"YDV82\",\n              \"exclude\": \"BW36Y\",\n              \"info\": \"k+,)\"\n            }\n          ],\n          \"satisfy\": [\n            {\n              \"and\": [\n                {\n                  \"or\": [\n                    \"Po\",\n                    \"2}\"\n                  ]\n                },\n                \"!w*5;U\\\"\\\\{\",\n                {\n                  \"or\": [\n                    {\n                      \"and\": [\n                        \"\",\n                        {\n                          \"and\": [\n                            \"A@P/L8\\\\<PS\",\n                            \"Zh!:M\",\n                            \"l6S:Sj5\",\n                            {\n                              \"or\": []\n                            },\n                            \"M <oSS`s@\"\n                          ]\n                        },\n                        \"Tt;KCQ<M%\",\n                        {\n                          \"or\": [\n                            \"\",\n                            \".YpC\\\"?\",\n                            {\n                              \"mc\": \"<=115\"\n                            },\n                            {\n                              \"and\": [\n                                \"~mKp\\\"#9t\",\n                                \"[~# \",\n                                {\n                                  \"or\": [\n                                    \"p98$LH&!18\",\n                                    \"IY/6]l%B\",\n                                    \"\\\\S#J1+re)\"\n                                  ]\n                                },\n                                \"zag[<J[j\"\n                              ]\n                            },\n                            \"{KG|T`w\"\n                          ]\n                        }\n                      ]\n                    },\n                    \"!Go-Yd$\",\n                    {\n                      \"mc\": \"<=121\"\n                    },\n                    {\n                      \"mc\": \">=167\"\n                    },\n                    \"W~>ir\"\n                  ]\n                },\n                {\n                  \"or\": []\n                }\n              ]\n            },\n            {\n              \"mc\": \"<=48\"\n            },\n            {\n              \"and\": []\n            },\n            {\n              \"or\": []\n            }\n          ],\n          \"url\": \"http://10s2gf7k3uq.xuo2x25fe8qg4jv-r0r66wf0lb.v.jjgjt/j3nDOe=SW/%F1%AF%9B%B7k-$0;/_WJ074LI%F3%87%A0%A00/T/Xs-lpI=t2p//F/=/g6\",\n          \"info\": \")af0B2)).\"\n        },\n        \"C\": {\n          \"ay\": 1972,\n          \"assign\": \"`-+}\",\n          \"match\": [\n            \"PRL95I\",\n            {\n              \"pattern\": \"HX5639\",\n              \"exclude\": \"WFB5779\",\n              \"info\": \"$6,\"\n            }\n          ],\n          \"satisfy\": [\n            {\n              \"and\": [\n                \"ABjRN&d\"\n              ]\n            },\n            {\n              \"mc\": \"<=2\"\n            },\n            {\n              \"or\": [\n                {\n                  \"or\": [\n                    {\n                      \"and\": [\n                        \"\",\n                        {\n                          \"and\": [\n                            {\n                              \"or\": []\n                            }\n                          ]\n                        },\n                        \"9hDhm]^\",\n                        \"#0kS}\",\n                        \"x_og0\"\n                      ]\n                    },\n                    {\n                      \"and\": [\n                        {\n                          \"and\": [\n                            \"EAyYr(Tv>?\"\n                          ]\n                        },\n                        \"X*<iW\",\n                        \"KjYDV:rlC\"\n                      ]\n                    }\n                  ]\n                },\n                {\n                  \"or\": [\n                    \"Y7mNOz\",\n                    {\n                      \"and\": [\n                        \"2/:*FP0@A\",\n                        \"E\",\n                        \"YyY|Im5h{f\",\n                        {\n                          \"and\": [\n                            \"nd#\",\n                            \"+cp\",\n                            \"_\",\n                            \"}YHt{(bW\"\n                          ]\n                        },\n                        {\n                          \"or\": []\n                        }\n                      ]\n                    }\n                  ]\n                },\n                {\n                  \"or\": [\n                    \"!M\",\n                    {\n                      \"and\": [\n                        \"Em@?J#Ax!b\",\n                        \"3Z\",\n                        \"pvW7g\"\n                      ]\n                    }\n                  ]\n                },\n                {\n                  \"and\": [\n                    \"B]\"\n                  ]\n                },\n                \"I,|Z&D18\"\n              ]\n            }\n          ],\n          \"info\": \"E.<Zr|Gv\",\n          \"isSelectable\": true,\n          \"!RX7O\\\"Af:!\": {\n            \"match\": [\n              \"BWY3L\"\n            ],\n            \"satisfy\": [\n              {\n                \"or\": [\n                  {\n                    \"or\": [\n                      {\n                        \"mc\": \">=148\"\n                      },\n                      {\n                        \"and\": [\n                          {\n                            \"or\": [\n                              {\n                                \"or\": [\n                                  {\n                                    \"mc\": \"<=89\"\n                                  },\n                                  \"cSb\",\n                                  {\n                                    \"or\": []\n                                  },\n                                  \"{lrc@,pc\",\n                                  \"r\"\n                                ]\n                              },\n                              \")}3\",\n                              \"{\",\n                              {\n                                \"and\": [\n                                  {\n                                    \"and\": [\n                                      \"R`2@'KjHde\"\n                                    ]\n                                  },\n                                  \"kJk%s\",\n                                  \"\\\"D]\",\n                                  \"s\\\"kUYZ\",\n                                  \"Y#%U\"\n                                ]\n                              },\n                              {\n                                \"or\": [\n                                  \";_]..\",\n                                  \"0(<MB__ po\",\n                                  \"-\\\"CrCX\"\n                                ]\n                              }\n                            ]\n                          }\n                        ]\n                      }\n                    ]\n                  },\n                  {\n                    \"and\": [\n                      \"zu1d~}P\",\n                      {\n                        \"or\": [\n                          {\n                            \"and\": [\n                              \"K UY\",\n                              \".@'|fSa64\"\n                            ]\n                          }\n                        ]\n                      },\n                      \"N_c^+(\"\n                    ]\n                  }\n                ]\n              },\n              \"PR*\",\n              \"Z[p_\",\n              {\n                \"mc\": \">=152\"\n              }\n            ],\n            \"url\": \"https://vzw64zefuwnrgmi1gtxwro2i1cn1v7ez5puzy5hxrqb05zqhj7ehx08fdyg.pubipoudmtkg3r913u8lnjq43a1awwirt2vyv91c.8fx9t0hipee7z7gz7y4gfv883fbf6aapw91a8kj0jiso.lpozua/5WFLX%F4%84%BB%A4X\",\n            \"info\": \"\",\n            \"isSelectable\": true\n          },\n          \"bdmv>a}:XS\": {\n            \"name\": \")WTaM.\",\n            \"ay\": 1988,\n            \"satisfy\": [\n              {\n                \"mc\": \">=129\"\n              },\n              {\n                \"or\": [\n                  {\n                    \"or\": [\n                      \"?wBBL$?4g\"\n                    ]\n                  },\n                  {\n                    \"mc\": \">=147\"\n                  },\n                  \"4;)AE&\",\n                  {\n                    \"and\": [\n                      \")0(Q\",\n                      {\n                        \"mc\": \"<=75\"\n                      },\n                      {\n                        \"mc\": \">=3\"\n                      },\n                      {\n                        \"and\": [\n                          \"#W>MW?JtZn\",\n                          \"\",\n                          \" oac6+{v\",\n                          \"yM4B*Dw}\",\n                          {\n                            \"and\": [\n                              \"LR[t\",\n                              {\n                                \"mc\": \"<=181\"\n                              },\n                              \"ZALI_t$\",\n                              \",\",\n                              \"I_/orm0\\\"\"\n                            ]\n                          }\n                        ]\n                      },\n                      {\n                        \"and\": [\n                          \"AIq%(\",\n                          \"?)\",\n                          \"(7c1>vq$%\"\n                        ]\n                      }\n                    ]\n                  },\n                  {\n                    \"mc\": \"<=31\"\n                  }\n                ]\n              }\n            ],\n            \"url\": \"https://f.j2x2s6mmaa91dqg136lzu4.kl\",\n            \"isSelectable\": true\n          },\n          \"|'Az{L}x\": {\n            \"name\": \"{LM}~3:J\",\n            \"ay\": 2000,\n            \"assign\": \",u&%Dxy>\",\n            \"match\": [\n              {\n                \"or\": [\n                  {\n                    \"pattern\": \"LSF910*\",\n                    \"exclude\": \"PU1796T\",\n                    \"info\": \"RM&[\\\"AI@@q\"\n                  }\n                ]\n              },\n              {\n                \"or\": [\n                  {\n                    \"and\": [\n                      {\n                        \"and\": [\n                          {\n                            \"or\": [\n                              \"GPO*795O\"\n                            ]\n                          }\n                        ]\n                      }\n                    ]\n                  },\n                  {\n                    \"and\": []\n                  },\n                  {\n                    \"and\": []\n                  },\n                  {\n                    \"and\": []\n                  },\n                  {\n                    \"or\": [\n                      \"DS61O\"\n                    ]\n                  }\n                ]\n              },\n              \"YZWx6\",\n              \"KEA0932\",\n              {\n                \"pattern\": \"SZ9x*D\",\n                \"exclude\": \"IG*Z\",\n                \"info\": \"zXcKbm/\"\n              }\n            ],\n            \"satisfy\": [],\n            \"url\": \"https://05-nmstc.1-l3jecbuydr3vso.5fgcufyj9o15o74-0wz2c8ljcxyjj9hogqkew31c6qo7i6e3w6p.zbapdwq/smok5YU/j'XVXw%F0%AA%A9%8Dp\",\n            \"info\": \"H\",\n            \"isSelectable\": true\n          }\n        }\n      }\n    }\n  }\n]",
              "code": "(0, fast_check_1.sample)(index_test_2.block, 10).forEach((sample, i) => (0, addContext_1.default)(this, {\n    title: `block sample ${i}`,\n    value: sample,\n}));\nreturn (0, fast_check_1.assert)((0, fast_check_1.property)(index_test_2.block, ajvValidate));",
              "err": {},
              "uuid": "debfd2f2-b628-4442-b831-69ba5eebe696",
              "parentUUID": "47c73997-5470-4043-932c-94e946aac444",
              "isHook": false,
              "skipped": false
            },
            {
              "title": "should not validate non-object",
              "fullTitle": "blockSchema should not validate non-object",
              "timedOut": false,
              "duration": 1,
              "state": "passed",
              "speed": "fast",
              "pass": true,
              "fail": false,
              "pending": false,
              "context": null,
              "code": "const error = {\n    instancePath: \"\",\n    message: \"block should be an object\",\n};\nisInvalidBlock(null, error);\nisInvalidBlock(undefined, error);\nisInvalidBlock(10, error);\nisInvalidBlock([12, 24], error);\nisInvalidBlock(\"abc\", error);",
              "err": {},
              "uuid": "5b9536da-0015-47f0-bbb3-a088f1ccfd29",
              "parentUUID": "47c73997-5470-4043-932c-94e946aac444",
              "isHook": false,
              "skipped": false
            },
            {
              "title": "should not validate block with invalid properties",
              "fullTitle": "blockSchema should not validate block with invalid properties",
              "timedOut": false,
              "duration": 0,
              "state": "passed",
              "speed": "fast",
              "pass": true,
              "fail": false,
              "pending": false,
              "context": null,
              "code": "isInvalidBlock({\n        name: { foo: \"bar\" },\n        ay: -1000,\n        assign: {},\n        match: 1,\n        satisfy: 2,\n        url: { abc: \"def\" },\n        info: 42,\n        isSelectable: 32,\n    }, { instancePath: \"/name\", message: \"property 'name' should be a string\" }, {\n        instancePath: \"/ay\",\n        message: \"property 'ay' should be a positive integer\",\n    }, {\n        instancePath: \"/assign\",\n        message: \"property 'assign' should be either a block ID or an array of block IDs\",\n    }, {\n        instancePath: \"/match\",\n        message: \"property 'match' should be either a match rule or an array of match rules\",\n    }, {\n        instancePath: \"/satisfy\",\n        message: \"property 'satisfy' should be either a satisfy rule or an array of satisfy rules\",\n    }, { instancePath: \"/url\", message: \"property 'url' should be a string\" }, { instancePath: \"/info\", message: \"property 'info' should be a string\" }, {\n        instancePath: \"/isSelectable\",\n        message: \"property 'isSelectable' should be a boolean\",\n    })",
              "err": {},
              "uuid": "28426422-5d2a-4882-b743-e68b296853dc",
              "parentUUID": "47c73997-5470-4043-932c-94e946aac444",
              "isHook": false,
              "skipped": false
            }
          ],
          "suites": [],
          "passes": [
            "debfd2f2-b628-4442-b831-69ba5eebe696",
            "5b9536da-0015-47f0-bbb3-a088f1ccfd29",
            "28426422-5d2a-4882-b743-e68b296853dc"
          ],
          "failures": [],
          "pending": [],
          "skipped": [],
          "duration": 146,
          "root": false,
          "rootEmpty": false,
          "_timeout": 2000
        },
        {
          "uuid": "21b108b6-73bb-4ce3-bfbb-821866537acb",
          "title": "patternToRE",
          "fullFile": "/home/runner/work/planwithus-lib/planwithus-lib/src/matchRule/pattern/satisfiers.test.ts",
          "file": "/src/matchRule/pattern/satisfiers.test.ts",
          "beforeHooks": [],
          "afterHooks": [],
          "tests": [
            {
              "title": "should match valid modules with a single pattern",
              "fullTitle": "patternToRE should match valid modules with a single pattern",
              "timedOut": false,
              "duration": 10,
              "state": "passed",
              "speed": "fast",
              "pass": true,
              "fail": false,
              "pending": false,
              "context": "[\n  {\n    \"title\": \"patternExampleList sample 0\",\n    \"value\": [\n      \"ZRR9\",\n      [\n        \"ZRR9\"\n      ]\n    ]\n  },\n  {\n    \"title\": \"patternExampleList sample 1\",\n    \"value\": [\n      \"WK*2I\",\n      [\n        \"WKBK1SQLMF2I\",\n        \"WKD2I\",\n        \"WKH2I\",\n        \"WKFY4SKVT2I\",\n        \"WK18J8KYJV2I\",\n        \"WKFA2I\",\n        \"WKFJYQ2I\",\n        \"WK4R02I\",\n        \"WK12I\"\n      ]\n    ]\n  },\n  {\n    \"title\": \"patternExampleList sample 2\",\n    \"value\": [\n      \"AL0122\",\n      [\n        \"AL0122\"\n      ]\n    ]\n  },\n  {\n    \"title\": \"patternExampleList sample 3\",\n    \"value\": [\n      \"LA452\",\n      [\n        \"LA452\"\n      ]\n    ]\n  },\n  {\n    \"title\": \"patternExampleList sample 4\",\n    \"value\": [\n      \"PQ4xY\",\n      [\n        \"PQ44Y\",\n        \"PQ47Y\",\n        \"PQ43Y\",\n        \"PQ48Y\",\n        \"PQ40Y\",\n        \"PQ45Y\",\n        \"PQ42Y\",\n        \"PQ49Y\",\n        \"PQ46Y\",\n        \"PQ41Y\"\n      ]\n    ]\n  },\n  {\n    \"title\": \"patternExampleList sample 5\",\n    \"value\": [\n      \"MT7\",\n      [\n        \"MT7\"\n      ]\n    ]\n  },\n  {\n    \"title\": \"patternExampleList sample 6\",\n    \"value\": [\n      \"IG22\",\n      [\n        \"IG22\"\n      ]\n    ]\n  },\n  {\n    \"title\": \"patternExampleList sample 7\",\n    \"value\": [\n      \"RI2B\",\n      [\n        \"RI2B\"\n      ]\n    ]\n  },\n  {\n    \"title\": \"patternExampleList sample 8\",\n    \"value\": [\n      \"IS2\",\n      [\n        \"IS2\"\n      ]\n    ]\n  },\n  {\n    \"title\": \"patternExampleList sample 9\",\n    \"value\": [\n      \"YY648xW\",\n      [\n        \"YY6484W\",\n        \"YY6485W\"\n      ]\n    ]\n  }\n]",
              "code": "(0, fast_check_1.sample)(index_test_1.patternExampleList, 10).forEach((sample, i) => (0, addContext_1.default)(this, {\n    title: `patternExampleList sample ${i}`,\n    value: sample,\n}));\nreturn (0, fast_check_1.assert)((0, fast_check_1.property)(index_test_1.patternExampleList, ([patternStr, examples]) => {\n    const re = (0, _1.patternToRE)(patternStr);\n    return examples.every(re.test.bind(re));\n}));",
              "err": {},
              "uuid": "09edc5f7-6628-49cd-862b-1577e87983f5",
              "parentUUID": "21b108b6-73bb-4ce3-bfbb-821866537acb",
              "isHook": false,
              "skipped": false
            },
            {
              "title": "should match valid modules with multiple patterns",
              "fullTitle": "patternToRE should match valid modules with multiple patterns",
              "timedOut": false,
              "duration": 49,
              "state": "passed",
              "speed": "medium",
              "pass": true,
              "fail": false,
              "pending": false,
              "context": "[\n  {\n    \"title\": \"patternExampleListArray sample 0\",\n    \"value\": [\n      [\n        \"CZH93P\",\n        [\n          \"CZH93P\"\n        ]\n      ],\n      [\n        \"BA00L\",\n        [\n          \"BA00L\"\n        ]\n      ],\n      [\n        \"OJY871\",\n        [\n          \"OJY871\"\n        ]\n      ],\n      [\n        \"JJ*5\",\n        [\n          \"JJSWU5\",\n          \"JJN6YPB5\",\n          \"JJBV3VO8Z5\",\n          \"JJSMIN05\",\n          \"JJA5\",\n          \"JJMEYBD5\",\n          \"JJNLT5\",\n          \"JJ5\",\n          \"JJ75\",\n          \"JJTZB7YC55\"\n        ]\n      ],\n      [\n        \"TP50*8\",\n        [\n          \"TP50513BB4L8\",\n          \"TP50G8\",\n          \"TP508\",\n          \"TP50Y69M9E8\",\n          \"TP50378\",\n          \"TP50XK8\",\n          \"TP50TOBJ6C8\",\n          \"TP50O23AQN3X8\",\n          \"TP50XDW8\"\n        ]\n      ],\n      [\n        \"TAH3176\",\n        [\n          \"TAH3176\"\n        ]\n      ],\n      [\n        \"DMB57xJ\",\n        [\n          \"DMB571J\",\n          \"DMB570J\",\n          \"DMB575J\",\n          \"DMB579J\",\n          \"DMB572J\",\n          \"DMB573J\"\n        ]\n      ],\n      [\n        \"KJ0\",\n        [\n          \"KJ0\"\n        ]\n      ],\n      [\n        \"YHx31\",\n        [\n          \"YH631\",\n          \"YH531\",\n          \"YH031\"\n        ]\n      ]\n    ]\n  },\n  {\n    \"title\": \"patternExampleListArray sample 1\",\n    \"value\": [\n      [\n        \"WZB1\",\n        [\n          \"WZB1\"\n        ]\n      ],\n      [\n        \"FTx\",\n        [\n          \"FT2\",\n          \"FT1\",\n          \"FT5\",\n          \"FT0\",\n          \"FT4\"\n        ]\n      ],\n      [\n        \"AY42\",\n        [\n          \"AY42\"\n        ]\n      ],\n      [\n        \"ZW27\",\n        [\n          \"ZW27\"\n        ]\n      ]\n    ]\n  },\n  {\n    \"title\": \"patternExampleListArray sample 2\",\n    \"value\": [\n      [\n        \"ZI781Q\",\n        [\n          \"ZI781Q\"\n        ]\n      ],\n      [\n        \"GT8E\",\n        [\n          \"GT8E\"\n        ]\n      ],\n      [\n        \"HAY04\",\n        [\n          \"HAY04\"\n        ]\n      ],\n      [\n        \"BQ8Y\",\n        [\n          \"BQ8Y\"\n        ]\n      ]\n    ]\n  },\n  {\n    \"title\": \"patternExampleListArray sample 3\",\n    \"value\": [\n      [\n        \"BB5\",\n        [\n          \"BB5\"\n        ]\n      ],\n      [\n        \"DPT7\",\n        [\n          \"DPT7\"\n        ]\n      ]\n    ]\n  },\n  {\n    \"title\": \"patternExampleListArray sample 4\",\n    \"value\": [\n      [\n        \"EN2\",\n        [\n          \"EN2\"\n        ]\n      ]\n    ]\n  },\n  {\n    \"title\": \"patternExampleListArray sample 5\",\n    \"value\": [\n      [\n        \"FD2*\",\n        [\n          \"FD2WUS\"\n        ]\n      ],\n      [\n        \"LZ52\",\n        [\n          \"LZ52\"\n        ]\n      ],\n      [\n        \"YFFx\",\n        [\n          \"YFF9\"\n        ]\n      ],\n      [\n        \"CI5\",\n        [\n          \"CI5\"\n        ]\n      ],\n      [\n        \"WY80\",\n        [\n          \"WY80\"\n        ]\n      ],\n      [\n        \"BO42L\",\n        [\n          \"BO42L\"\n        ]\n      ],\n      [\n        \"MJMx54I\",\n        [\n          \"MJM954I\",\n          \"MJM054I\",\n          \"MJM154I\",\n          \"MJM454I\",\n          \"MJM854I\",\n          \"MJM354I\"\n        ]\n      ],\n      [\n        \"OM1x\",\n        [\n          \"OM12\",\n          \"OM18\",\n          \"OM19\",\n          \"OM10\"\n        ]\n      ],\n      [\n        \"CJ4\",\n        [\n          \"CJ4\"\n        ]\n      ],\n      [\n        \"RFI1A\",\n        [\n          \"RFI1A\"\n        ]\n      ],\n      [\n        \"KXF15x*\",\n        [\n          \"KXF156H\",\n          \"KXF150\",\n          \"KXF157F5K\",\n          \"KXF150S\",\n          \"KXF1548S2PRRR\",\n          \"KXF158U\",\n          \"KXF154Q\"\n        ]\n      ]\n    ]\n  },\n  {\n    \"title\": \"patternExampleListArray sample 6\",\n    \"value\": [\n      [\n        \"XQ**\",\n        [\n          \"XQ0KF5PQNRW1C8L\"\n        ]\n      ],\n      [\n        \"LF7\",\n        [\n          \"LF7\"\n        ]\n      ],\n      [\n        \"YJZ8x4M\",\n        [\n          \"YJZ834M\",\n          \"YJZ854M\",\n          \"YJZ804M\"\n        ]\n      ],\n      [\n        \"UR99\",\n        [\n          \"UR99\"\n        ]\n      ]\n    ]\n  },\n  {\n    \"title\": \"patternExampleListArray sample 7\",\n    \"value\": [\n      [\n        \"UO774Z\",\n        [\n          \"UO774Z\"\n        ]\n      ],\n      [\n        \"VPP*993Y\",\n        [\n          \"VPPI2VBD993Y\",\n          \"VPP0XPRJH5993Y\",\n          \"VPPHSF7VT993Y\",\n          \"VPPWOZBO3IM993Y\",\n          \"VPPJPTNTYD993Y\",\n          \"VPP7IC993Y\",\n          \"VPPAMN993Y\",\n          \"VPP9ZCQ0993Y\",\n          \"VPP0K993Y\",\n          \"VPP9993Y\",\n          \"VPPPSPUCYN3993Y\",\n          \"VPP993Y\"\n        ]\n      ],\n      [\n        \"RGV396\",\n        [\n          \"RGV396\"\n        ]\n      ],\n      [\n        \"ASN0829\",\n        [\n          \"ASN0829\"\n        ]\n      ],\n      [\n        \"QVI4\",\n        [\n          \"QVI4\"\n        ]\n      ],\n      [\n        \"KWO82K\",\n        [\n          \"KWO82K\"\n        ]\n      ],\n      [\n        \"PZ972\",\n        [\n          \"PZ972\"\n        ]\n      ],\n      [\n        \"ZBXx7L\",\n        [\n          \"ZBX57L\",\n          \"ZBX27L\",\n          \"ZBX47L\",\n          \"ZBX97L\",\n          \"ZBX77L\"\n        ]\n      ]\n    ]\n  },\n  {\n    \"title\": \"patternExampleListArray sample 8\",\n    \"value\": [\n      [\n        \"TBY98*F\",\n        [\n          \"TBY989BLMZPF\",\n          \"TBY987CMEBCNF\"\n        ]\n      ],\n      [\n        \"PQH2666Q\",\n        [\n          \"PQH2666Q\"\n        ]\n      ],\n      [\n        \"QU7\",\n        [\n          \"QU7\"\n        ]\n      ],\n      [\n        \"TNS2092\",\n        [\n          \"TNS2092\"\n        ]\n      ],\n      [\n        \"SZ53\",\n        [\n          \"SZ53\"\n        ]\n      ],\n      [\n        \"COD966T\",\n        [\n          \"COD966T\"\n        ]\n      ]\n    ]\n  },\n  {\n    \"title\": \"patternExampleListArray sample 9\",\n    \"value\": [\n      [\n        \"XVM1U\",\n        [\n          \"XVM1U\"\n        ]\n      ],\n      [\n        \"JV2H\",\n        [\n          \"JV2H\"\n        ]\n      ],\n      [\n        \"CDD7*Z\",\n        [\n          \"CDD7HZ\",\n          \"CDD788VAZ\",\n          \"CDD7GKBZIZ\",\n          \"CDD7RI3BNQ8Z\",\n          \"CDD70N614DCZ\",\n          \"CDD7E004T96RZ\",\n          \"CDD70L0PRZ\",\n          \"CDD795KBVZ\",\n          \"CDD7UUEVZ\",\n          \"CDD75NSAAOZ\"\n        ]\n      ],\n      [\n        \"SU62x\",\n        [\n          \"SU628\",\n          \"SU620\",\n          \"SU627\",\n          \"SU626\",\n          \"SU621\",\n          \"SU624\",\n          \"SU629\"\n        ]\n      ],\n      [\n        \"KE61*X\",\n        [\n          \"KE61FX3X\",\n          \"KE61DX\",\n          \"KE61U6EMPLUX\",\n          \"KE61JFX\",\n          \"KE61E7X\",\n          \"KE614W31ZGDDX\",\n          \"KE61M2ID81IX\"\n        ]\n      ]\n    ]\n  }\n]",
              "code": "const patternExampleListArray = (0, fast_check_1.array)(index_test_1.patternExampleList, { minLength: 1 });\n(0, fast_check_1.sample)(patternExampleListArray, 10).forEach((sample, i) => (0, addContext_1.default)(this, {\n    title: `patternExampleListArray sample ${i}`,\n    value: sample,\n}));\nreturn (0, fast_check_1.assert)((0, fast_check_1.property)(patternExampleListArray, (ts) => {\n    const re = (0, _1.patternToRE)(...ts.map(([patternStr]) => patternStr));\n    return ts\n        .map(([, examples]) => examples)\n        .flat()\n        .every(re.test.bind(re));\n}));",
              "err": {},
              "uuid": "d47d7f82-8ecc-4dc1-8d89-79e826ffb61d",
              "parentUUID": "21b108b6-73bb-4ce3-bfbb-821866537acb",
              "isHook": false,
              "skipped": false
            },
            {
              "title": "should not match x to non-number",
              "fullTitle": "patternToRE should not match x to non-number",
              "timedOut": false,
              "duration": 0,
              "state": "passed",
              "speed": "fast",
              "pass": true,
              "fail": false,
              "pending": false,
              "context": null,
              "code": "const re = (0, _1.patternToRE)(\"x\");\n[\"A\", \"Z\", \"c\", \"#\"].forEach((example) => isInvalidExample(re, example));",
              "err": {},
              "uuid": "3be9484a-6c8c-4d5e-a5a1-9d805bc8c9f0",
              "parentUUID": "21b108b6-73bb-4ce3-bfbb-821866537acb",
              "isHook": false,
              "skipped": false
            },
            {
              "title": "should not match * to a substring composed of characters other than A-Z and 0-9",
              "fullTitle": "patternToRE should not match * to a substring composed of characters other than A-Z and 0-9",
              "timedOut": false,
              "duration": 0,
              "state": "passed",
              "speed": "fast",
              "pass": true,
              "fail": false,
              "pending": false,
              "context": null,
              "code": "const re = (0, _1.patternToRE)(\"*\");\n[\"c\", \"Ac\", \"cA\", \"0Ax\", \"x0A\", \"BA#\", \"#AB\"].forEach((example) => isInvalidExample(re, example));",
              "err": {},
              "uuid": "7f6a8a44-5ed2-447b-8d33-ea67d508187a",
              "parentUUID": "21b108b6-73bb-4ce3-bfbb-821866537acb",
              "isHook": false,
              "skipped": false
            },
            {
              "title": "should not match substrings",
              "fullTitle": "patternToRE should not match substrings",
              "timedOut": false,
              "duration": 0,
              "state": "passed",
              "speed": "fast",
              "pass": true,
              "fail": false,
              "pending": false,
              "context": null,
              "code": "const re = (0, _1.patternToRE)(\"A*xC\");\n[\"A1CZ\", \"AC1CZ\", \"ZA1C\", \"ZAC1C\", \"ZA1CZ\", \"ZAC1CZ\"].forEach((example) => isInvalidExample(re, example));",
              "err": {},
              "uuid": "a0bd43a1-f0b3-42cc-8b5c-06f6dfb628ba",
              "parentUUID": "21b108b6-73bb-4ce3-bfbb-821866537acb",
              "isHook": false,
              "skipped": false
            }
          ],
          "suites": [],
          "passes": [
            "09edc5f7-6628-49cd-862b-1577e87983f5",
            "d47d7f82-8ecc-4dc1-8d89-79e826ffb61d",
            "3be9484a-6c8c-4d5e-a5a1-9d805bc8c9f0",
            "7f6a8a44-5ed2-447b-8d33-ea67d508187a",
            "a0bd43a1-f0b3-42cc-8b5c-06f6dfb628ba"
          ],
          "failures": [],
          "pending": [],
          "skipped": [],
          "duration": 59,
          "root": false,
          "rootEmpty": false,
          "_timeout": 2000
        },
        {
          "uuid": "90ac2f65-0cb1-408d-bb4d-285af3ec45e2",
          "title": "patternSatisfier",
          "fullFile": "/home/runner/work/planwithus-lib/planwithus-lib/src/matchRule/pattern/satisfiers.test.ts",
          "file": "/src/matchRule/pattern/satisfiers.test.ts",
          "beforeHooks": [],
          "afterHooks": [],
          "tests": [
            {
              "title": "should assign all modules with *",
              "fullTitle": "patternSatisfier should assign all modules with *",
              "timedOut": false,
              "duration": 1,
              "state": "passed",
              "speed": "fast",
              "pass": true,
              "fail": false,
              "pending": false,
              "context": null,
              "code": "const { assign } = (0, satisfiers_1.patternSatisfier)(ref, \"*\");\nisCorrectAssign(assign, modulesList1, modulesList1.map(([moduleStr]) => moduleStr));",
              "err": {},
              "uuid": "cd1aa29a-690c-48c2-a41b-61f82a3cba56",
              "parentUUID": "90ac2f65-0cb1-408d-bb4d-285af3ec45e2",
              "isHook": false,
              "skipped": false
            },
            {
              "title": "should assign only valid modules with pattern containing *",
              "fullTitle": "patternSatisfier should assign only valid modules with pattern containing *",
              "timedOut": false,
              "duration": 1,
              "state": "passed",
              "speed": "fast",
              "pass": true,
              "fail": false,
              "pending": false,
              "context": null,
              "code": "const { assign } = (0, satisfiers_1.patternSatisfier)(ref, \"CS2*\");\nisCorrectAssign(assign, modulesList1, [\"CS2100\", \"CS2040S\", \"CS2030\"]);",
              "err": {},
              "uuid": "3f779d6b-fb15-44bc-9a64-6648fe4af417",
              "parentUUID": "90ac2f65-0cb1-408d-bb4d-285af3ec45e2",
              "isHook": false,
              "skipped": false
            },
            {
              "title": "should assign only valid modules with pattern containing x",
              "fullTitle": "patternSatisfier should assign only valid modules with pattern containing x",
              "timedOut": false,
              "duration": 0,
              "state": "passed",
              "speed": "fast",
              "pass": true,
              "fail": false,
              "pending": false,
              "context": null,
              "code": "const { assign } = (0, satisfiers_1.patternSatisfier)(ref, \"CS20xx\");\nisCorrectAssign(assign, modulesList1, [\"CS2030\"]);",
              "err": {},
              "uuid": "e5f1eb9c-d2c6-4ad0-ba29-f7018bca1559",
              "parentUUID": "90ac2f65-0cb1-408d-bb4d-285af3ec45e2",
              "isHook": false,
              "skipped": false
            },
            {
              "title": "should assign only valid modules with pattern containing x and *",
              "fullTitle": "patternSatisfier should assign only valid modules with pattern containing x and *",
              "timedOut": false,
              "duration": 0,
              "state": "passed",
              "speed": "fast",
              "pass": true,
              "fail": false,
              "pending": false,
              "context": null,
              "code": "const { assign } = (0, satisfiers_1.patternSatisfier)(ref, \"CS20xx*\");\nisCorrectAssign(assign, modulesList1, [\"CS2040S\", \"CS2030\"]);",
              "err": {},
              "uuid": "d178bf27-594e-4a6e-8d75-6a820c7c031f",
              "parentUUID": "90ac2f65-0cb1-408d-bb4d-285af3ec45e2",
              "isHook": false,
              "skipped": false
            }
          ],
          "suites": [],
          "passes": [
            "cd1aa29a-690c-48c2-a41b-61f82a3cba56",
[...]
              "parentUUID": "1705de97-3db0-4008-b347-612ef8153a6f",
              "isHook": false,
              "skipped": false
            },
            {
              "title": "should preserve list of modules with upper bound of MCs if total MC count is equal",
              "fullTitle": "inequalitySatisfier should preserve list of modules with upper bound of MCs if total MC count is equal",
              "timedOut": false,
              "duration": 1,
              "state": "passed",
              "speed": "fast",
              "pass": true,
              "fail": false,
              "pending": false,
              "context": null,
              "code": "const satisfier = (0, satisfiers_1.inequalitySatisfier)(ref, \"<=28\");\nsatisfier.should.have.property(\"filter\");\nconst { filter } = satisfier;\nisCorrectFilter(filter, modulesList1, modulesList1.map(([moduleStr]) => moduleStr));",
              "err": {},
              "uuid": "d7d2a46e-3c2d-44c6-ae37-6a98ce42822b",
              "parentUUID": "1705de97-3db0-4008-b347-612ef8153a6f",
              "isHook": false,
              "skipped": false
            },
            {
              "title": "should preserve list of modules with upper bound of MCs if total MC count is lower",
              "fullTitle": "inequalitySatisfier should preserve list of modules with upper bound of MCs if total MC count is lower",
              "timedOut": false,
              "duration": 0,
              "state": "passed",
              "speed": "fast",
              "pass": true,
              "fail": false,
              "pending": false,
              "context": null,
              "code": "const satisfier = (0, satisfiers_1.inequalitySatisfier)(ref, \"<=32\");\nsatisfier.should.have.property(\"filter\");\nconst { filter } = satisfier;\nisCorrectFilter(filter, modulesList1, modulesList1.map(([moduleStr]) => moduleStr));",
              "err": {},
              "uuid": "13917643-66a4-4dc9-93c0-900e84fa7e94",
              "parentUUID": "1705de97-3db0-4008-b347-612ef8153a6f",
              "isHook": false,
              "skipped": false
            },
            {
              "title": "should truncate list of modules with upper bound of MCs at exact cutoff if total MC count is higher and there exists some starting sequence with exact MC count",
              "fullTitle": "inequalitySatisfier should truncate list of modules with upper bound of MCs at exact cutoff if total MC count is higher and there exists some starting sequence with exact MC count",
              "timedOut": false,
              "duration": 0,
              "state": "passed",
              "speed": "fast",
              "pass": true,
              "fail": false,
              "pending": false,
              "context": null,
              "code": "const satisfier = (0, satisfiers_1.inequalitySatisfier)(ref, \"<=16\");\nsatisfier.should.have.property(\"filter\");\nconst { filter } = satisfier;\nisCorrectFilter(filter, modulesList1, [\n    \"CS2100\",\n    \"GER1000\",\n    \"CS2040S\",\n    \"ST2131\",\n]);",
              "err": {},
              "uuid": "49a6789c-1d80-43bb-b0d7-836dee2672b9",
              "parentUUID": "1705de97-3db0-4008-b347-612ef8153a6f",
              "isHook": false,
              "skipped": false
            },
            {
              "title": "should truncate list of modules with upper bound of MCs, cutting off at the minimum starting sequence that exceeds upper bound, if total MC count is higher and there exists no starting sequence with exact MC count",
              "fullTitle": "inequalitySatisfier should truncate list of modules with upper bound of MCs, cutting off at the minimum starting sequence that exceeds upper bound, if total MC count is higher and there exists no starting sequence with exact MC count",
              "timedOut": false,
              "duration": 0,
              "state": "passed",
              "speed": "fast",
              "pass": true,
              "fail": false,
              "pending": false,
              "context": null,
              "code": "const satisfier = (0, satisfiers_1.inequalitySatisfier)(ref, \"<=17\");\nsatisfier.should.have.property(\"filter\");\nconst { filter } = satisfier;\nisCorrectFilter(filter, modulesList1, [\n    \"CS2100\",\n    \"GER1000\",\n    \"CS2040S\",\n    \"ST2131\",\n    \"MA1521\",\n]);",
              "err": {},
              "uuid": "9629e2d3-ad2f-4e43-a3e6-53a789e41e9e",
              "parentUUID": "1705de97-3db0-4008-b347-612ef8153a6f",
              "isHook": false,
              "skipped": false
            }
          ],
          "suites": [],
          "passes": [
            "65d5c90e-598e-4cbf-88b7-c68365b55309",
            "99bec86f-9d4f-4a63-9a8c-ede78424bf4a",
            "9376d147-be00-446e-80be-e9203f9234a9",
            "d7d2a46e-3c2d-44c6-ae37-6a98ce42822b",
            "13917643-66a4-4dc9-93c0-900e84fa7e94",
            "49a6789c-1d80-43bb-b0d7-836dee2672b9",
            "9629e2d3-ad2f-4e43-a3e6-53a789e41e9e"
          ],
          "failures": [],
          "pending": [],
          "skipped": [],
          "duration": 1,
          "root": false,
          "rootEmpty": false,
          "_timeout": 2000
        },
        {
          "uuid": "c4cd8bbd-20df-4b12-8518-3bc4cdafacaa",
          "title": "inequalitySchema",
          "fullFile": "/home/runner/work/planwithus-lib/planwithus-lib/src/satisfyRule/inequality/schemas.test.ts",
          "file": "/src/satisfyRule/inequality/schemas.test.ts",
          "beforeHooks": [],
          "afterHooks": [],
          "tests": [
            {
              "title": "should validate inequality in the form <=n or >=n",
              "fullTitle": "inequalitySchema should validate inequality in the form <=n or >=n",
              "timedOut": false,
              "duration": 1,
              "state": "passed",
              "speed": "fast",
              "pass": true,
              "fail": false,
              "pending": false,
              "context": "[\n  {\n    \"title\": \"inequality sample 0\",\n    \"value\": \">=198\"\n  },\n  {\n    \"title\": \"inequality sample 1\",\n    \"value\": \"<=133\"\n  },\n  {\n    \"title\": \"inequality sample 2\",\n    \"value\": \"<=69\"\n  },\n  {\n    \"title\": \"inequality sample 3\",\n    \"value\": \"<=193\"\n  },\n  {\n    \"title\": \"inequality sample 4\",\n    \"value\": \">=140\"\n  },\n  {\n    \"title\": \"inequality sample 5\",\n    \"value\": \"<=102\"\n  },\n  {\n    \"title\": \"inequality sample 6\",\n    \"value\": \">=3\"\n  },\n  {\n    \"title\": \"inequality sample 7\",\n    \"value\": \">=197\"\n  },\n  {\n    \"title\": \"inequality sample 8\",\n    \"value\": \"<=196\"\n  },\n  {\n    \"title\": \"inequality sample 9\",\n    \"value\": \"<=195\"\n  }\n]",
              "code": "(0, fast_check_1.sample)(index_test_2.inequality, 10).forEach((sample, i) => (0, addContext_1.default)(this, {\n    title: `inequality sample ${i}`,\n    value: sample,\n}));\nreturn (0, fast_check_1.assert)((0, fast_check_1.property)(index_test_2.inequality, ajvValidate));",
              "err": {},
              "uuid": "7dfc7815-18f2-4647-83f3-9f8a896a4b00",
              "parentUUID": "c4cd8bbd-20df-4b12-8518-3bc4cdafacaa",
              "isHook": false,
              "skipped": false
            },
            {
              "title": "should not validate inequality of invalid form",
              "fullTitle": "inequalitySchema should not validate inequality of invalid form",
              "timedOut": false,
              "duration": 1,
              "state": "passed",
              "speed": "fast",
              "pass": true,
              "fail": false,
              "pending": false,
              "context": null,
              "code": "[\n        \"\",\n        \"==23\",\n        \"23\",\n        \"<23\",\n        \">23\",\n        \"<=-1\",\n        \">=-1\",\n        \"<= 2\",\n        \">= 1\",\n        \"> 3\",\n        \"< 3\",\n        \"<=3a\",\n        \">=3a\",\n        \"a<=3\",\n        \"a>=3\",\n    ].forEach(isInvalidInequality)",
              "err": {},
              "uuid": "501f496f-005f-4e97-934b-6fb5732e67ba",
              "parentUUID": "c4cd8bbd-20df-4b12-8518-3bc4cdafacaa",
              "isHook": false,
              "skipped": false
            }
          ],
          "suites": [],
          "passes": [
            "7dfc7815-18f2-4647-83f3-9f8a896a4b00",
            "501f496f-005f-4e97-934b-6fb5732e67ba"
          ],
          "failures": [],
          "pending": [],
          "skipped": [],
          "duration": 2,
          "root": false,
          "rootEmpty": false,
          "_timeout": 2000
        },
        {
          "uuid": "3ec91682-2f46-4f17-bbf3-8ac11a312706",
          "title": "satisfyRuleSchema",
          "fullFile": "/home/runner/work/planwithus-lib/planwithus-lib/src/satisfyRule/schemas.test.ts",
          "file": "/src/satisfyRule/schemas.test.ts",
          "beforeHooks": [],
          "afterHooks": [],
          "tests": [
            {
              "title": "should validate satisfy rule with valid block id",
              "fullTitle": "satisfyRuleSchema should validate satisfy rule with valid block id",
              "timedOut": false,
              "duration": 1,
              "state": "passed",
              "speed": "fast",
              "pass": true,
              "fail": false,
              "pending": false,
              "context": null,
              "code": "0, fast_check_1.assert)((0, fast_check_1.property)((0, fast_check_1.string)(), ajvValidate)",
              "err": {},
              "uuid": "173d9da9-d1bd-4d30-a991-5818801411bd",
              "parentUUID": "3ec91682-2f46-4f17-bbf3-8ac11a312706",
              "isHook": false,
              "skipped": false
            },
            {
              "title": "should validate satisfy rules with valid mc",
              "fullTitle": "satisfyRuleSchema should validate satisfy rules with valid mc",
              "timedOut": false,
              "duration": 1,
              "state": "passed",
              "speed": "fast",
              "pass": true,
              "fail": false,
              "pending": false,
              "context": "[\n  {\n    \"title\": \"mcSatisfyRule sample 0\",\n    \"value\": {\n      \"mc\": \"<=199\"\n    }\n  },\n  {\n    \"title\": \"mcSatisfyRule sample 1\",\n    \"value\": {\n      \"mc\": \"<=74\"\n    }\n  },\n  {\n    \"title\": \"mcSatisfyRule sample 2\",\n    \"value\": {\n      \"mc\": \"<=135\"\n    }\n  },\n  {\n    \"title\": \"mcSatisfyRule sample 3\",\n    \"value\": {\n      \"mc\": \"<=6\"\n    }\n  },\n  {\n    \"title\": \"mcSatisfyRule sample 4\",\n    \"value\": {\n      \"mc\": \"<=194\"\n    }\n  },\n  {\n    \"title\": \"mcSatisfyRule sample 5\",\n    \"value\": {\n      \"mc\": \">=177\"\n    }\n  },\n  {\n    \"title\": \"mcSatisfyRule sample 6\",\n    \"value\": {\n      \"mc\": \"<=41\"\n    }\n  },\n  {\n    \"title\": \"mcSatisfyRule sample 7\",\n    \"value\": {\n      \"mc\": \">=1\"\n    }\n  },\n  {\n    \"title\": \"mcSatisfyRule sample 8\",\n    \"value\": {\n      \"mc\": \">=1\"\n    }\n  },\n  {\n    \"title\": \"mcSatisfyRule sample 9\",\n    \"value\": {\n      \"mc\": \"<=4\"\n    }\n  }\n]",
              "code": "(0, fast_check_1.sample)(index_test_2.mcSatisfyRule, 10).forEach((sample, i) => (0, addContext_1.default)(this, {\n    title: `mcSatisfyRule sample ${i}`,\n    value: sample,\n}));\nreturn (0, fast_check_1.assert)((0, fast_check_1.property)(index_test_2.mcSatisfyRule, ajvValidate));",
              "err": {},
              "uuid": "d23f81a4-adb8-4ff0-a3e4-7a2b5136c671",
              "parentUUID": "3ec91682-2f46-4f17-bbf3-8ac11a312706",
              "isHook": false,
              "skipped": false
            },
            {
              "title": "should validate valid recursive satisfy rules",
              "fullTitle": "satisfyRuleSchema should validate valid recursive satisfy rules",
              "timedOut": false,
              "duration": 2,
              "state": "passed",
              "speed": "fast",
              "pass": true,
              "fail": false,
              "pending": false,
              "context": "[\n  {\n    \"title\": \"satisfyRule sample 0\",\n    \"value\": {\n      \"and\": []\n    }\n  },\n  {\n    \"title\": \"satisfyRule sample 1\",\n    \"value\": \"*]]<KrdHm:\"\n  },\n  {\n    \"title\": \"satisfyRule sample 2\",\n    \"value\": {\n      \"mc\": \">=5\"\n    }\n  },\n  {\n    \"title\": \"satisfyRule sample 3\",\n    \"value\": {\n      \"or\": []\n    }\n  },\n  {\n    \"title\": \"satisfyRule sample 4\",\n    \"value\": \"i\"\n  },\n  {\n    \"title\": \"satisfyRule sample 5\",\n    \"value\": {\n      \"mc\": \"<=199\"\n    }\n  },\n  {\n    \"title\": \"satisfyRule sample 6\",\n    \"value\": {\n      \"mc\": \"<=8\"\n    }\n  },\n  {\n    \"title\": \"satisfyRule sample 7\",\n    \"value\": \"Z#ycakLk\"\n  },\n  {\n    \"title\": \"satisfyRule sample 8\",\n    \"value\": \"z.\\\"`hx\"\n  },\n  {\n    \"title\": \"satisfyRule sample 9\",\n    \"value\": \"x\"\n  }\n]",
              "code": "(0, fast_check_1.sample)(index_test_2.satisfyRule, 10).forEach((sample, i) => (0, addContext_1.default)(this, {\n    title: `satisfyRule sample ${i}`,\n    value: sample,\n}));\nreturn (0, fast_check_1.assert)((0, fast_check_1.property)(index_test_2.satisfyRule, ajvValidate));",
              "err": {},
              "uuid": "b9de9978-5036-4728-8227-1614f7cc9f6d",
              "parentUUID": "3ec91682-2f46-4f17-bbf3-8ac11a312706",
              "isHook": false,
              "skipped": false
            },
            {
              "title": "should not validate non-string/object",
              "fullTitle": "satisfyRuleSchema should not validate non-string/object",
              "timedOut": false,
              "duration": 1,
              "state": "passed",
              "speed": "fast",
              "pass": true,
              "fail": false,
              "pending": false,
              "context": null,
              "code": "const error = {\n    instancePath: \"\",\n    message: \"satisfy rule should be either a string or an object\",\n};\nisInvalidRule(null, error);\nisInvalidRule(undefined, error);\nisInvalidRule(10, error);\nisInvalidRule([12, 24], error);",
              "err": {},
              "uuid": "f4750726-a43d-45fa-9e05-5ddb01abca48",
              "parentUUID": "3ec91682-2f46-4f17-bbf3-8ac11a312706",
              "isHook": false,
              "skipped": false
            },
            {
              "title": "should not validate satisfy rules with extra properties",
              "fullTitle": "satisfyRuleSchema should not validate satisfy rules with extra properties",
              "timedOut": false,
              "duration": 0,
              "state": "passed",
              "speed": "fast",
              "pass": true,
              "fail": false,
              "pending": false,
              "context": null,
              "code": "isInvalidRule({\n        and: [\n            { or: [\"2k\"], abc: \"def\" },\n            { mc: 8, ghi: \"jkl\" },\n        ],\n        mno: \"pqr\",\n    }, {\n        instancePath: \"/and/0\",\n        message: \"or satisfy rule should have property 'or' only\",\n    }, {\n        instancePath: \"/and/1\",\n        message: \"MC satisfy rule should have property 'mc' only\",\n    }, {\n        instancePath: \"\",\n        message: \"and satisfy rule should have property 'and' only\",\n    })",
              "err": {},
              "uuid": "d82e7b36-86aa-4db3-846e-d7c3b2be6288",
              "parentUUID": "3ec91682-2f46-4f17-bbf3-8ac11a312706",
              "isHook": false,
              "skipped": false
            },
            {
              "title": "should not validate ambiguous satisfy rules",
              "fullTitle": "satisfyRuleSchema should not validate ambiguous satisfy rules",
              "timedOut": false,
              "duration": 1,
              "state": "passed",
              "speed": "fast",
              "pass": true,
              "fail": false,
              "pending": false,
              "context": null,
              "code": "const message = \"satisfy rule should have only one of properties 'mc', 'and', 'or'\";\nisInvalidRule({\n    or: [\n        { mc: 5, and: [\"CS2040\"] },\n        { and: [{ and: [\"abc\"], or: [\"def\"] }] },\n    ],\n}, { instancePath: \"/or/0\", message }, { instancePath: \"/or/1/and/0\", message });",
              "err": {},
              "uuid": "2072c3fc-308b-4132-9825-04e002b339a0",
              "parentUUID": "3ec91682-2f46-4f17-bbf3-8ac11a312706",
              "isHook": false,
              "skipped": false
            },
            {
              "title": "should not validate and satisfy rules with non-array property",
              "fullTitle": "satisfyRuleSchema should not validate and satisfy rules with non-array property",
              "timedOut": false,
              "duration": 0,
              "state": "passed",
              "speed": "fast",
              "pass": true,
              "fail": false,
              "pending": false,
              "context": null,
              "code": "const message = \"property 'and' should be an array of satisfy rules\";\nisInvalidRule({ or: [{ and: {} }, { or: [{ and: 3 }] }] }, { instancePath: \"/or/0/and\", message }, { instancePath: \"/or/1/or/0/and\", message });",
              "err": {},
              "uuid": "4e8b02d5-169c-4eab-8d7e-25dd39aee0d1",
              "parentUUID": "3ec91682-2f46-4f17-bbf3-8ac11a312706",
              "isHook": false,
              "skipped": false
            },
            {
              "title": "should not validate or satisfy rules with non-array property",
              "fullTitle": "satisfyRuleSchema should not validate or satisfy rules with non-array property",
              "timedOut": false,
              "duration": 0,
              "state": "passed",
              "speed": "fast",
              "pass": true,
              "fail": false,
              "pending": false,
              "context": null,
              "code": "const message = \"property 'or' should be an array of satisfy rules\";\nisInvalidRule({ and: [{ or: {} }, { and: [{ or: 3 }] }] }, { instancePath: \"/and/0/or\", message }, { instancePath: \"/and/1/and/0/or\", message });",
              "err": {},
              "uuid": "91e14ace-8e87-468b-964a-df39998e6653",
              "parentUUID": "3ec91682-2f46-4f17-bbf3-8ac11a312706",
              "isHook": false,
              "skipped": false
            }
          ],
          "suites": [],
          "passes": [
            "173d9da9-d1bd-4d30-a991-5818801411bd",
            "d23f81a4-adb8-4ff0-a3e4-7a2b5136c671",
            "b9de9978-5036-4728-8227-1614f7cc9f6d",
            "f4750726-a43d-45fa-9e05-5ddb01abca48",
            "d82e7b36-86aa-4db3-846e-d7c3b2be6288",
            "2072c3fc-308b-4132-9825-04e002b339a0",
            "4e8b02d5-169c-4eab-8d7e-25dd39aee0d1",
            "91e14ace-8e87-468b-964a-df39998e6653"
          ],
          "failures": [],
          "pending": [],
          "skipped": [],
          "duration": 6,
          "root": false,
          "rootEmpty": false,
          "_timeout": 2000
        }
      ],
      "passes": [],
      "failures": [],
      "pending": [],
      "skipped": [],
      "duration": 0,
      "root": true,
      "rootEmpty": true,
      "_timeout": 2000
    }
  ],
  "meta": {
    "mocha": {
      "version": "9.1.2"
    },
    "mochawesome": {
      "options": {
        "quiet": false,
        "reportFilename": "mochawesome",
        "saveHtml": true,
        "saveJson": true,
        "consoleReporter": "spec",
        "useInlineDiffs": false,
        "code": true
      },
      "version": "6.3.0"
    },
    "marge": {
      "options": {
        "reportDir": "docs"
      },
      "version": "5.2.0"
    }
  }
}